[INFO] Scanning for projects...
[INFO]                                                                         
[INFO] ------------------------------------------------------------------------
[INFO] Building Actors 1.0-SNAPSHOT
[INFO] ------------------------------------------------------------------------
[INFO] 
[INFO] --- maven-clean-plugin:2.5:clean (default-clean) @ actors ---
[INFO] Deleting /home/andriy/Projects/com/github/plokhotnyuk/actors/target
[INFO] 
[INFO] --- maven-resources-plugin:2.6:resources (default-resources) @ actors ---
[INFO] Using 'UTF-8' encoding to copy filtered resources.
[INFO] skip non existing resourceDirectory /home/andriy/Projects/com/github/plokhotnyuk/actors/src/main/resources
[INFO] 
[INFO] --- maven-resources-plugin:2.6:testResources (default-testResources) @ actors ---
[INFO] Using 'UTF-8' encoding to copy filtered resources.
[INFO] skip non existing resourceDirectory /home/andriy/Projects/com/github/plokhotnyuk/actors/src/test/resources
[INFO] 
[INFO] --- scala-maven-plugin:3.2.2:testCompile (testCompile) @ actors ---
[WARNING]  Expected all dependencies to require Scala version: 2.11.8
[WARNING]  com.github.plokhotnyuk.actors:actors:1.0-SNAPSHOT requires scala version: 2.11.8
[WARNING]  com.typesafe.akka:akka-actor_2.11:2.4.12 requires scala version: 2.11.8
[WARNING]  org.scala-lang.modules:scala-java8-compat_2.11:0.7.0 requires scala version: 2.11.7
[WARNING] Multiple versions of scala libraries detected!
[INFO] /home/andriy/Projects/com/github/plokhotnyuk/actors/src/test/scala:-1: info: compiling
[INFO] Compiling 16 source files to /home/andriy/Projects/com/github/plokhotnyuk/actors/target/test-classes at 1477833736147
[WARNING] /home/andriy/Projects/com/github/plokhotnyuk/actors/src/test/scala/com/github/plokhotnyuk/actors/ScalaActorSpec.scala:9: warning: trait SchedulerAdapter in package actors is deprecated: Use the akka.actor package instead. For migration from the scala.actors package refer to the Actors Migration Guide.
[WARNING]   val customScheduler = new SchedulerAdapter {
[WARNING]                             ^
[WARNING] /home/andriy/Projects/com/github/plokhotnyuk/actors/src/test/scala/com/github/plokhotnyuk/actors/ScalaActorSpec.scala:66: warning: trait Actor in package actors is deprecated: Use the akka.actor package instead. For migration from the scala.actors package refer to the Actors Migration Guide.
[WARNING]     footprintedAndTimedCollect(600000)(() => new Actor {
[WARNING]                                                  ^
[WARNING] /home/andriy/Projects/com/github/plokhotnyuk/actors/src/test/scala/com/github/plokhotnyuk/actors/ScalaActorSpec.scala:139: warning: trait Actor in package actors is deprecated: Use the akka.actor package instead. For migration from the scala.actors package refer to the Actors Migration Guide.
[WARNING]   private def pingLatencyActor(l: CountDownLatch, n: Int, h: LatencyHistogram): Actor =
[WARNING]                                                                                 ^
[WARNING] /home/andriy/Projects/com/github/plokhotnyuk/actors/src/test/scala/com/github/plokhotnyuk/actors/ScalaActorSpec.scala:140: warning: trait Actor in package actors is deprecated: Use the akka.actor package instead. For migration from the scala.actors package refer to the Actors Migration Guide.
[WARNING]     new Actor {
[WARNING]         ^
[WARNING] /home/andriy/Projects/com/github/plokhotnyuk/actors/src/test/scala/com/github/plokhotnyuk/actors/ScalaActorSpec.scala:155: warning: trait IScheduler in package actors is deprecated: Use the akka.actor package instead. For migration from the scala.actors package refer to the Actors Migration Guide.
[WARNING]       override def scheduler: IScheduler = customScheduler
[WARNING]                               ^
[WARNING] /home/andriy/Projects/com/github/plokhotnyuk/actors/src/test/scala/com/github/plokhotnyuk/actors/ScalaActorSpec.scala:169: warning: trait Actor in package actors is deprecated: Use the akka.actor package instead. For migration from the scala.actors package refer to the Actors Migration Guide.
[WARNING]   private def pingThroughputActor(l: CountDownLatch, n: Int): Actor =
[WARNING]                                                               ^
[WARNING] /home/andriy/Projects/com/github/plokhotnyuk/actors/src/test/scala/com/github/plokhotnyuk/actors/ScalaActorSpec.scala:170: warning: trait Actor in package actors is deprecated: Use the akka.actor package instead. For migration from the scala.actors package refer to the Actors Migration Guide.
[WARNING]     new Actor {
[WARNING]         ^
[WARNING] /home/andriy/Projects/com/github/plokhotnyuk/actors/src/test/scala/com/github/plokhotnyuk/actors/ScalaActorSpec.scala:184: warning: trait IScheduler in package actors is deprecated: Use the akka.actor package instead. For migration from the scala.actors package refer to the Actors Migration Guide.
[WARNING]       override def scheduler: IScheduler = customScheduler
[WARNING]                               ^
[WARNING] /home/andriy/Projects/com/github/plokhotnyuk/actors/src/test/scala/com/github/plokhotnyuk/actors/ScalaActorSpec.scala:187: warning: trait Actor in package actors is deprecated: Use the akka.actor package instead. For migration from the scala.actors package refer to the Actors Migration Guide.
[WARNING]   private def blockableCountActor(l1: CountDownLatch, l2: CountDownLatch, n: Int): Actor =
[WARNING]                                                                                    ^
[WARNING] /home/andriy/Projects/com/github/plokhotnyuk/actors/src/test/scala/com/github/plokhotnyuk/actors/ScalaActorSpec.scala:188: warning: trait Actor in package actors is deprecated: Use the akka.actor package instead. For migration from the scala.actors package refer to the Actors Migration Guide.
[WARNING]     new Actor {
[WARNING]         ^
[WARNING] /home/andriy/Projects/com/github/plokhotnyuk/actors/src/test/scala/com/github/plokhotnyuk/actors/ScalaActorSpec.scala:207: warning: trait IScheduler in package actors is deprecated: Use the akka.actor package instead. For migration from the scala.actors package refer to the Actors Migration Guide.
[WARNING]       override def scheduler: IScheduler = customScheduler
[WARNING]                               ^
[WARNING] /home/andriy/Projects/com/github/plokhotnyuk/actors/src/test/scala/com/github/plokhotnyuk/actors/ScalaActorSpec.scala:210: warning: trait Actor in package actors is deprecated: Use the akka.actor package instead. For migration from the scala.actors package refer to the Actors Migration Guide.
[WARNING]   private def countActor(l: CountDownLatch, n: Int): Actor =
[WARNING]                                                      ^
[WARNING] /home/andriy/Projects/com/github/plokhotnyuk/actors/src/test/scala/com/github/plokhotnyuk/actors/ScalaActorSpec.scala:211: warning: trait Actor in package actors is deprecated: Use the akka.actor package instead. For migration from the scala.actors package refer to the Actors Migration Guide.
[WARNING]     new Actor {
[WARNING]         ^
[WARNING] /home/andriy/Projects/com/github/plokhotnyuk/actors/src/test/scala/com/github/plokhotnyuk/actors/ScalaActorSpec.scala:224: warning: trait IScheduler in package actors is deprecated: Use the akka.actor package instead. For migration from the scala.actors package refer to the Actors Migration Guide.
[WARNING]       override def scheduler: IScheduler = customScheduler
[WARNING]                               ^
[WARNING] /home/andriy/Projects/com/github/plokhotnyuk/actors/src/test/scala/com/github/plokhotnyuk/actors/ScalaActorSpec.scala:227: warning: trait Actor in package actors is deprecated: Use the akka.actor package instead. For migration from the scala.actors package refer to the Actors Migration Guide.
[WARNING]   private def sendMessages(a: Actor, n: Int): Unit = {
[WARNING]                               ^
[WARNING] 15 warnings found
[INFO] prepare-compile in 0 s
[INFO] compile in 11 s
[INFO] ------------------------------------------------------------------------
[INFO] BUILD SUCCESS
[INFO] ------------------------------------------------------------------------
[INFO] Total time: 12.766 s
[INFO] Finished at: 2016-10-30T14:22:27+01:00
[INFO] Final Memory: 18M/2048M
[INFO] ------------------------------------------------------------------------
[INFO] Scanning for projects...
[INFO]                                                                         
[INFO] ------------------------------------------------------------------------
[INFO] Building Actors 1.0-SNAPSHOT
[INFO] ------------------------------------------------------------------------
[INFO] 
[INFO] --- maven-resources-plugin:2.6:resources (default-resources) @ actors ---
[INFO] Using 'UTF-8' encoding to copy filtered resources.
[INFO] skip non existing resourceDirectory /home/andriy/Projects/com/github/plokhotnyuk/actors/src/main/resources
[INFO] 
[INFO] --- maven-resources-plugin:2.6:testResources (default-testResources) @ actors ---
[INFO] Using 'UTF-8' encoding to copy filtered resources.
[INFO] skip non existing resourceDirectory /home/andriy/Projects/com/github/plokhotnyuk/actors/src/test/resources
[INFO] 
[INFO] --- scala-maven-plugin:3.2.2:testCompile (testCompile) @ actors ---
[WARNING]  Expected all dependencies to require Scala version: 2.11.8
[WARNING]  com.github.plokhotnyuk.actors:actors:1.0-SNAPSHOT requires scala version: 2.11.8
[WARNING]  com.typesafe.akka:akka-actor_2.11:2.4.12 requires scala version: 2.11.8
[WARNING]  org.scala-lang.modules:scala-java8-compat_2.11:0.7.0 requires scala version: 2.11.7
[WARNING] Multiple versions of scala libraries detected!
[INFO] Nothing to compile - all classes are up to date
[INFO] 
[INFO] --- maven-surefire-plugin:2.19.1:test (default-test) @ actors ---

-------------------------------------------------------
 T E S T S
-------------------------------------------------------
Running com.github.plokhotnyuk.actors.AkkaBoundedActorSpec
Executor service type: akka-forkjoin-pool

Enqueueing:
10,000,000 ops
617,720,965 ns
16,188,539 ops/s
28.7 % of CPU usage
48 bytes per instance

Dequeueing:
10,000,000 ops
962,533,799 ns
10,389,245 ops/s
30.4 % of CPU usage

Initiation:
100,000 ops
778,696,976 ns
7,786 ns/op
67.4 % of CPU usage
573 bytes per instance

Single-producer sending:
6,000,000 ops
1,172,148,160 ns
5,118,806 ops/s
51.6 % of CPU usage

Multi-producer sending:
6,000,000 ops
1,095,568,051 ns
5,476,610 ops/s
53.4 % of CPU usage

Max throughput:
12,000,000 ops
1,339,933,086 ns
8,955,671 ops/s
42.4 % of CPU usage

Ping latency:
1,500,000 ops
429,894,312 ns
p(0.00000) =      254 ns/op
p(0.50000) =      269 ns/op
p(0.90000) =      281 ns/op
p(0.99000) =      627 ns/op
p(0.99900) =     1567 ns/op
p(0.99990) =     7775 ns/op
p(0.99999) =    30463 ns/op
p(1.00000) =   241663 ns/op
28.5 % of CPU usage

Ping throughput 10K:
2,000,000 ops
1,855,768,129 ns
1,077,720 ops/s
38.3 % of CPU usage

Overflow throughput:
5,000,000 ops
949,675,173 ns
5,264,958 ops/s
35.3 % of CPU usage
Tests run: 9, Failures: 0, Errors: 0, Skipped: 0, Time elapsed: 20.296 sec - in com.github.plokhotnyuk.actors.AkkaBoundedActorSpec
Running com.github.plokhotnyuk.actors.AkkaMCNonBlockingBoundedActorSpec
Executor service type: akka-forkjoin-pool

Enqueueing:
10,000,000 ops
321,669,952 ns
31,087,765 ops/s
31.9 % of CPU usage
48 bytes per instance

Dequeueing:
10,000,000 ops
767,308,899 ns
13,032,560 ops/s
30.0 % of CPU usage

Initiation:
100,000 ops
680,256,016 ns
6,802 ns/op
64.7 % of CPU usage
389 bytes per instance

Single-producer sending:
6,000,000 ops
848,298,139 ns
7,072,984 ops/s
47.4 % of CPU usage

Multi-producer sending:
6,000,000 ops
997,061,780 ns
6,017,681 ops/s
71.2 % of CPU usage

Max throughput:
12,000,000 ops
1,064,035,951 ns
11,277,814 ops/s
39.9 % of CPU usage

Ping latency:
1,500,000 ops
363,873,924 ns
p(0.00000) =      213 ns/op
p(0.50000) =      227 ns/op
p(0.90000) =      237 ns/op
p(0.99000) =      497 ns/op
p(0.99900) =     2911 ns/op
p(0.99990) =     7679 ns/op
p(0.99999) =    36095 ns/op
p(1.00000) =   266239 ns/op
28.2 % of CPU usage

Ping throughput 10K:
2,000,000 ops
1,571,396,573 ns
1,272,753 ops/s
45.0 % of CPU usage

Overflow throughput:
5,000,000 ops
498,112,989 ns
10,037,883 ops/s
32.1 % of CPU usage
Tests run: 9, Failures: 0, Errors: 0, Skipped: 0, Time elapsed: 17.37 sec - in com.github.plokhotnyuk.actors.AkkaMCNonBlockingBoundedActorSpec
Running com.github.plokhotnyuk.actors.AkkaMCUnboundedActorSpec
Executor service type: akka-forkjoin-pool

Enqueueing:
10,000,000 ops
286,094,629 ns
34,953,469 ops/s
29.7 % of CPU usage
48 bytes per instance

Dequeueing:
10,000,000 ops
789,456,203 ns
12,666,947 ops/s
29.8 % of CPU usage

Initiation:
100,000 ops
650,833,795 ns
6,508 ns/op
65.3 % of CPU usage
389 bytes per instance

Single-producer sending:
6,000,000 ops
584,510,970 ns
10,264,991 ops/s
43.6 % of CPU usage

Multi-producer sending:
6,000,000 ops
668,033,148 ns
8,981,590 ops/s
50.9 % of CPU usage

Max throughput:
12,000,000 ops
1,079,697,857 ns
11,114,220 ops/s
37.0 % of CPU usage

Ping latency:
1,500,000 ops
363,551,307 ns
p(0.00000) =      212 ns/op
p(0.50000) =      229 ns/op
p(0.90000) =      240 ns/op
p(0.99000) =      331 ns/op
p(0.99900) =     1647 ns/op
p(0.99990) =     7647 ns/op
p(0.99999) =    30719 ns/op
p(1.00000) =   638975 ns/op
28.9 % of CPU usage

Ping throughput 10K:
2,000,000 ops
1,634,152,493 ns
1,223,875 ops/s
38.9 % of CPU usage
Tests run: 8, Failures: 0, Errors: 0, Skipped: 0, Time elapsed: 15.835 sec - in com.github.plokhotnyuk.actors.AkkaMCUnboundedActorSpec
Running com.github.plokhotnyuk.actors.AkkaSCONonBlockingBoundedActorSpec
Executor service type: akka-forkjoin-pool

Enqueueing:
10,000,000 ops
346,107,691 ns
28,892,741 ops/s
31.1 % of CPU usage
48 bytes per instance

Dequeueing:
10,000,000 ops
793,799,107 ns
12,597,645 ops/s
29.6 % of CPU usage

Initiation:
100,000 ops
668,781,400 ns
6,687 ns/op
63.5 % of CPU usage
389 bytes per instance

Single-producer sending:
6,000,000 ops
835,969,498 ns
7,177,295 ops/s
47.8 % of CPU usage

Multi-producer sending:
6,000,000 ops
962,217,337 ns
6,235,597 ops/s
73.3 % of CPU usage

Max throughput:
12,000,000 ops
1,064,296,133 ns
11,275,057 ops/s
39.5 % of CPU usage

Ping latency:
1,500,000 ops
364,780,182 ns
p(0.00000) =      212 ns/op
p(0.50000) =      227 ns/op
p(0.90000) =      239 ns/op
p(0.99000) =      431 ns/op
p(0.99900) =     1967 ns/op
p(0.99990) =     7647 ns/op
p(0.99999) =    29695 ns/op
p(1.00000) =   274431 ns/op
28.1 % of CPU usage

Ping throughput 10K:
2,000,000 ops
1,595,081,310 ns
1,253,854 ops/s
41.8 % of CPU usage

Overflow throughput:
5,000,000 ops
494,023,033 ns
10,120,985 ops/s
32.9 % of CPU usage
Tests run: 9, Failures: 0, Errors: 0, Skipped: 0, Time elapsed: 17.536 sec - in com.github.plokhotnyuk.actors.AkkaSCONonBlockingBoundedActorSpec
Running com.github.plokhotnyuk.actors.AkkaSCOUnboundedActorSpec
Executor service type: akka-forkjoin-pool

Enqueueing:
10,000,000 ops
321,168,677 ns
31,136,286 ops/s
30.4 % of CPU usage
48 bytes per instance

Dequeueing:
10,000,000 ops
771,810,530 ns
12,956,547 ops/s
29.8 % of CPU usage

Initiation:
100,000 ops
638,350,536 ns
6,383 ns/op
61.9 % of CPU usage
389 bytes per instance

Single-producer sending:
6,000,000 ops
700,769,231 ns
8,562,019 ops/s
52.8 % of CPU usage

Multi-producer sending:
6,000,000 ops
666,626,300 ns
9,000,544 ops/s
54.0 % of CPU usage

Max throughput:
12,000,000 ops
1,040,511,059 ns
11,532,794 ops/s
37.2 % of CPU usage

Ping latency:
1,500,000 ops
352,674,981 ns
p(0.00000) =      206 ns/op
p(0.50000) =      219 ns/op
p(0.90000) =      229 ns/op
p(0.99000) =      469 ns/op
p(0.99900) =     1735 ns/op
p(0.99990) =     7711 ns/op
p(0.99999) =    34303 ns/op
p(1.00000) =   268287 ns/op
27.6 % of CPU usage

Ping throughput 10K:
2,000,000 ops
1,635,772,220 ns
1,222,664 ops/s
43.3 % of CPU usage
Tests run: 8, Failures: 0, Errors: 0, Skipped: 0, Time elapsed: 15.901 sec - in com.github.plokhotnyuk.actors.AkkaSCOUnboundedActorSpec
Running com.github.plokhotnyuk.actors.AkkaUnboundedActorSpec
Executor service type: akka-forkjoin-pool

Enqueueing:
10,000,000 ops
294,010,972 ns
34,012,336 ops/s
31.5 % of CPU usage
48 bytes per instance

Dequeueing:
10,000,000 ops
922,941,719 ns
10,834,920 ops/s
30.1 % of CPU usage

Initiation:
100,000 ops
644,357,637 ns
6,443 ns/op
61.7 % of CPU usage
410 bytes per instance

Single-producer sending:
6,000,000 ops
762,416,587 ns
7,869,713 ops/s
44.6 % of CPU usage

Multi-producer sending:
6,000,000 ops
899,811,673 ns
6,668,061 ops/s
68.1 % of CPU usage

Max throughput:
12,000,000 ops
1,211,353,126 ns
9,906,277 ops/s
38.2 % of CPU usage

Ping latency:
1,500,000 ops
400,147,638 ns
p(0.00000) =      222 ns/op
p(0.50000) =      250 ns/op
p(0.90000) =      267 ns/op
p(0.99000) =      535 ns/op
p(0.99900) =     1951 ns/op
p(0.99990) =     7743 ns/op
p(0.99999) =    25471 ns/op
p(1.00000) =   259071 ns/op
27.5 % of CPU usage

Ping throughput 10K:
2,000,000 ops
1,861,242,226 ns
1,074,551 ops/s
40.0 % of CPU usage
Tests run: 8, Failures: 0, Errors: 0, Skipped: 0, Time elapsed: 16.951 sec - in com.github.plokhotnyuk.actors.AkkaUnboundedActorSpec
Running com.github.plokhotnyuk.actors.LiftActorSpec
Executor service type: akka-forkjoin-pool

Enqueueing:
10,000,000 ops
380,365,163 ns
26,290,525 ops/s
26.3 % of CPU usage
24 bytes per instance

Dequeueing:
10,000,000 ops
502,742,254 ns
19,890,908 ops/s
29.8 % of CPU usage

Initiation:
10,000,000 ops
764,773,645 ns
76 ns/op
32.7 % of CPU usage
72 bytes per instance

Single-producer sending:
6,000,000 ops
813,669,752 ns
7,373,999 ops/s
57.1 % of CPU usage

Multi-producer sending:
6,000,000 ops
637,207,652 ns
9,416,082 ops/s
56.1 % of CPU usage

Max throughput:
12,000,000 ops
735,271,756 ns
16,320,496 ops/s
51.3 % of CPU usage

Ping latency:
1,500,000 ops
792,557,841 ns
p(0.00000) =      426 ns/op
p(0.50000) =      467 ns/op
p(0.90000) =      493 ns/op
p(0.99000) =     2687 ns/op
p(0.99900) =     6079 ns/op
p(0.99990) =    24447 ns/op
p(0.99999) =    83455 ns/op
p(1.00000) =   667647 ns/op
31.2 % of CPU usage

Ping throughput 10K:
2,000,000 ops
931,461,528 ns
2,147,163 ops/s
31.1 % of CPU usage
Tests run: 8, Failures: 0, Errors: 0, Skipped: 0, Time elapsed: 15.206 sec - in com.github.plokhotnyuk.actors.LiftActorSpec
Running com.github.plokhotnyuk.actors.MinimalistActorSpec
Executor service type: akka-forkjoin-pool

Enqueueing:
40,000,000 ops
633,015,397 ns
63,189,616 ops/s
25.3 % of CPU usage
24 bytes per instance

Dequeueing:
40,000,000 ops
125,954,993 ns
317,573,754 ops/s
31.8 % of CPU usage

Initiation:
2,000,000 ops
317,718,287 ns
158 ns/op
79.5 % of CPU usage
37 bytes per instance

Single-producer sending:
15,000,000 ops
252,008,806 ns
59,521,729 ops/s
61.5 % of CPU usage

Multi-producer sending:
15,000,000 ops
424,124,882 ns
35,366,941 ops/s
97.3 % of CPU usage

Max throughput:
30,000,000 ops
360,652,691 ns
83,182,520 ops/s
63.1 % of CPU usage

Ping latency:
3,000,000 ops
426,028,836 ns
p(0.00000) =      114 ns/op
p(0.50000) =      134 ns/op
p(0.90000) =      144 ns/op
p(0.99000) =      215 ns/op
p(0.99900) =      739 ns/op
p(0.99990) =     3727 ns/op
p(0.99999) =    12223 ns/op
p(1.00000) =   156671 ns/op
30.5 % of CPU usage

Ping throughput 10K:
6,000,000 ops
874,935,753 ns
6,857,646 ops/s
29.1 % of CPU usage
Tests run: 8, Failures: 0, Errors: 0, Skipped: 0, Time elapsed: 11.665 sec - in com.github.plokhotnyuk.actors.MinimalistActorSpec
Running com.github.plokhotnyuk.actors.ScalaActorSpec
Executor service type: akka-forkjoin-pool

Enqueueing:
20,000,000 ops
697,948,066 ns
28,655,427 ops/s
26.5 % of CPU usage
24 bytes per instance

Dequeueing:
300,000 ops
566,034,811 ns
530,002 ops/s
46.4 % of CPU usage

Initiation:
600,000 ops
474,054,532 ns
790 ns/op
80.7 % of CPU usage
266 bytes per instance

Single-producer sending:
300,000 ops
626,932,061 ns
478,520 ops/s
41.9 % of CPU usage

Multi-producer sending:
300,000 ops
496,515,947 ns
604,210 ops/s
29.7 % of CPU usage

Max throughput:
600,000 ops
896,568,694 ns
669,218 ops/s
26.8 % of CPU usage

Ping latency:
250,000 ops
782,872,546 ns
p(0.00000) =      852 ns/op
p(0.50000) =     4223 ns/op
p(0.90000) =     4351 ns/op
p(0.99000) =    18559 ns/op
p(0.99900) =    37631 ns/op
p(0.99990) =    80895 ns/op
p(0.99999) =   638975 ns/op
p(1.00000) =  2277375 ns/op
34.8 % of CPU usage

Ping throughput 10K:
400,000 ops
1,191,812,338 ns
335,623 ops/s
30.4 % of CPU usage
Tests run: 8, Failures: 0, Errors: 0, Skipped: 0, Time elapsed: 11.841 sec - in com.github.plokhotnyuk.actors.ScalaActorSpec
Running com.github.plokhotnyuk.actors.ScalazActorSpec
Executor service type: akka-forkjoin-pool

Enqueueing:
40,000,000 ops
631,378,163 ns
63,353,473 ops/s
25.3 % of CPU usage
24 bytes per instance

Dequeueing:
40,000,000 ops
138,076,991 ns
289,693,450 ops/s
38.0 % of CPU usage

Initiation:
10,000,000 ops
292,462,398 ns
29 ns/op
42.7 % of CPU usage
88 bytes per instance

Single-producer sending:
15,000,000 ops
269,663,126 ns
55,624,957 ops/s
71.4 % of CPU usage

Multi-producer sending:
15,000,000 ops
466,781,520 ns
32,134,948 ops/s
96.9 % of CPU usage

Max throughput:
30,000,000 ops
311,704,749 ns
96,244,924 ops/s
73.8 % of CPU usage

Ping latency:
3,000,000 ops
407,711,443 ns
p(0.00000) =      113 ns/op
p(0.50000) =      125 ns/op
p(0.90000) =      139 ns/op
p(0.99000) =      289 ns/op
p(0.99900) =      903 ns/op
p(0.99990) =     2991 ns/op
p(0.99999) =    17407 ns/op
p(1.00000) =   113663 ns/op
30.7 % of CPU usage

Ping throughput 10K:
6,000,000 ops
866,225,539 ns
6,926,602 ops/s
29.1 % of CPU usage
Tests run: 8, Failures: 0, Errors: 0, Skipped: 0, Time elapsed: 14.938 sec - in com.github.plokhotnyuk.actors.ScalazActorSpec

Results :

Tests run: 83, Failures: 0, Errors: 0, Skipped: 0

[INFO] ------------------------------------------------------------------------
[INFO] BUILD SUCCESS
[INFO] ------------------------------------------------------------------------
[INFO] Total time: 02:48 min
[INFO] Finished at: 2016-10-30T14:25:17+01:00
[INFO] Final Memory: 10M/2048M
[INFO] ------------------------------------------------------------------------
[INFO] Scanning for projects...
[INFO]                                                                         
[INFO] ------------------------------------------------------------------------
[INFO] Building Actors 1.0-SNAPSHOT
[INFO] ------------------------------------------------------------------------
[INFO] 
[INFO] --- maven-resources-plugin:2.6:resources (default-resources) @ actors ---
[INFO] Using 'UTF-8' encoding to copy filtered resources.
[INFO] skip non existing resourceDirectory /home/andriy/Projects/com/github/plokhotnyuk/actors/src/main/resources
[INFO] 
[INFO] --- maven-resources-plugin:2.6:testResources (default-testResources) @ actors ---
[INFO] Using 'UTF-8' encoding to copy filtered resources.
[INFO] skip non existing resourceDirectory /home/andriy/Projects/com/github/plokhotnyuk/actors/src/test/resources
[INFO] 
[INFO] --- scala-maven-plugin:3.2.2:testCompile (testCompile) @ actors ---
[WARNING]  Expected all dependencies to require Scala version: 2.11.8
[WARNING]  com.github.plokhotnyuk.actors:actors:1.0-SNAPSHOT requires scala version: 2.11.8
[WARNING]  com.typesafe.akka:akka-actor_2.11:2.4.12 requires scala version: 2.11.8
[WARNING]  org.scala-lang.modules:scala-java8-compat_2.11:0.7.0 requires scala version: 2.11.7
[WARNING] Multiple versions of scala libraries detected!
[INFO] Nothing to compile - all classes are up to date
[INFO] 
[INFO] --- maven-surefire-plugin:2.19.1:test (default-test) @ actors ---

-------------------------------------------------------
 T E S T S
-------------------------------------------------------
Running com.github.plokhotnyuk.actors.AkkaBoundedActorSpec
Executor service type: scala-forkjoin-pool

Enqueueing:
10,000,000 ops
467,526,448 ns
21,389,164 ops/s
30.5 % of CPU usage
48 bytes per instance

Dequeueing:
10,000,000 ops
958,420,537 ns
10,433,833 ops/s
29.0 % of CPU usage

Initiation:
100,000 ops
646,370,167 ns
6,463 ns/op
67.3 % of CPU usage
573 bytes per instance

Single-producer sending:
6,000,000 ops
1,161,409,291 ns
5,166,137 ops/s
48.9 % of CPU usage

Multi-producer sending:
6,000,000 ops
1,055,110,008 ns
5,686,610 ops/s
55.7 % of CPU usage

Max throughput:
12,000,000 ops
1,354,228,624 ns
8,861,133 ops/s
38.6 % of CPU usage

Ping latency:
1,500,000 ops
444,778,092 ns
p(0.00000) =      256 ns/op
p(0.50000) =      279 ns/op
p(0.90000) =      291 ns/op
p(0.99000) =      639 ns/op
p(0.99900) =     3295 ns/op
p(0.99990) =     7807 ns/op
p(0.99999) =    29951 ns/op
p(1.00000) =   364543 ns/op
28.1 % of CPU usage

Ping throughput 10K:
2,000,000 ops
1,778,236,581 ns
1,124,709 ops/s
39.4 % of CPU usage

Overflow throughput:
5,000,000 ops
862,480,599 ns
5,797,231 ops/s
40.6 % of CPU usage
Tests run: 9, Failures: 0, Errors: 0, Skipped: 0, Time elapsed: 19.772 sec - in com.github.plokhotnyuk.actors.AkkaBoundedActorSpec
Running com.github.plokhotnyuk.actors.AkkaMCNonBlockingBoundedActorSpec
Executor service type: scala-forkjoin-pool

Enqueueing:
10,000,000 ops
291,054,979 ns
34,357,769 ops/s
30.9 % of CPU usage
48 bytes per instance

Dequeueing:
10,000,000 ops
765,748,030 ns
13,059,125 ops/s
29.4 % of CPU usage

Initiation:
100,000 ops
653,057,554 ns
6,530 ns/op
62.0 % of CPU usage
389 bytes per instance

Single-producer sending:
6,000,000 ops
604,596,933 ns
9,923,966 ops/s
43.8 % of CPU usage

Multi-producer sending:
6,000,000 ops
954,835,274 ns
6,283,806 ops/s
70.4 % of CPU usage

Max throughput:
12,000,000 ops
1,036,525,015 ns
11,577,144 ops/s
39.3 % of CPU usage

Ping latency:
1,500,000 ops
368,064,697 ns
p(0.00000) =      215 ns/op
p(0.50000) =      231 ns/op
p(0.90000) =      242 ns/op
p(0.99000) =      425 ns/op
p(0.99900) =     1695 ns/op
p(0.99990) =     7647 ns/op
p(0.99999) =    35583 ns/op
p(1.00000) =   458751 ns/op
27.8 % of CPU usage

Ping throughput 10K:
2,000,000 ops
1,657,154,954 ns
1,206,887 ops/s
40.6 % of CPU usage

Overflow throughput:
5,000,000 ops
696,084,015 ns
7,183,040 ops/s
36.3 % of CPU usage
Tests run: 9, Failures: 0, Errors: 0, Skipped: 0, Time elapsed: 17.491 sec - in com.github.plokhotnyuk.actors.AkkaMCNonBlockingBoundedActorSpec
Running com.github.plokhotnyuk.actors.AkkaMCUnboundedActorSpec
Executor service type: scala-forkjoin-pool

Enqueueing:
10,000,000 ops
323,727,986 ns
30,890,131 ops/s
29.3 % of CPU usage
48 bytes per instance

Dequeueing:
10,000,000 ops
955,494,164 ns
10,465,788 ops/s
29.6 % of CPU usage

Initiation:
100,000 ops
653,358,323 ns
6,533 ns/op
62.4 % of CPU usage
389 bytes per instance

Single-producer sending:
6,000,000 ops
734,996,412 ns
8,163,305 ops/s
44.2 % of CPU usage

Multi-producer sending:
6,000,000 ops
691,488,596 ns
8,676,932 ops/s
58.2 % of CPU usage

Max throughput:
12,000,000 ops
1,063,808,255 ns
11,280,228 ops/s
36.9 % of CPU usage

Ping latency:
1,500,000 ops
361,005,154 ns
p(0.00000) =      208 ns/op
p(0.50000) =      225 ns/op
p(0.90000) =      235 ns/op
p(0.99000) =      485 ns/op
p(0.99900) =     2127 ns/op
p(0.99990) =     7679 ns/op
p(0.99999) =    35583 ns/op
p(1.00000) =   272383 ns/op
28.4 % of CPU usage

Ping throughput 10K:
2,000,000 ops
1,623,727,316 ns
1,231,733 ops/s
39.0 % of CPU usage
Tests run: 8, Failures: 0, Errors: 0, Skipped: 0, Time elapsed: 16.914 sec - in com.github.plokhotnyuk.actors.AkkaMCUnboundedActorSpec
Running com.github.plokhotnyuk.actors.AkkaSCONonBlockingBoundedActorSpec
Executor service type: scala-forkjoin-pool

Enqueueing:
10,000,000 ops
351,167,611 ns
28,476,430 ops/s
29.9 % of CPU usage
48 bytes per instance

Dequeueing:
10,000,000 ops
765,964,013 ns
13,055,443 ops/s
31.0 % of CPU usage

Initiation:
100,000 ops
662,257,852 ns
6,622 ns/op
62.7 % of CPU usage
389 bytes per instance

Single-producer sending:
6,000,000 ops
783,417,979 ns
7,658,746 ops/s
45.3 % of CPU usage

Multi-producer sending:
6,000,000 ops
997,833,691 ns
6,013,026 ops/s
75.7 % of CPU usage

Max throughput:
12,000,000 ops
1,045,616,253 ns
11,476,485 ops/s
39.5 % of CPU usage

Ping latency:
1,500,000 ops
363,261,153 ns
p(0.00000) =      211 ns/op
p(0.50000) =      227 ns/op
p(0.90000) =      242 ns/op
p(0.99000) =      479 ns/op
p(0.99900) =     1879 ns/op
p(0.99990) =     7391 ns/op
p(0.99999) =    27135 ns/op
p(1.00000) =   284671 ns/op
27.5 % of CPU usage

Ping throughput 10K:
2,000,000 ops
1,641,295,211 ns
1,218,549 ops/s
42.5 % of CPU usage

Overflow throughput:
5,000,000 ops
482,660,133 ns
10,359,256 ops/s
33.7 % of CPU usage
Tests run: 9, Failures: 0, Errors: 0, Skipped: 0, Time elapsed: 17.383 sec - in com.github.plokhotnyuk.actors.AkkaSCONonBlockingBoundedActorSpec
Running com.github.plokhotnyuk.actors.AkkaSCOUnboundedActorSpec
Executor service type: scala-forkjoin-pool

Enqueueing:
10,000,000 ops
291,184,447 ns
34,342,493 ops/s
34.3 % of CPU usage
48 bytes per instance

Dequeueing:
10,000,000 ops
771,307,172 ns
12,965,003 ops/s
29.8 % of CPU usage

Initiation:
100,000 ops
625,288,871 ns
6,252 ns/op
67.6 % of CPU usage
389 bytes per instance

Single-producer sending:
6,000,000 ops
723,342,947 ns
8,294,820 ops/s
51.8 % of CPU usage

Multi-producer sending:
6,000,000 ops
697,397,550 ns
8,603,414 ops/s
58.8 % of CPU usage

Max throughput:
12,000,000 ops
1,061,692,774 ns
11,302,704 ops/s
38.1 % of CPU usage

Ping latency:
1,500,000 ops
351,529,651 ns
p(0.00000) =      201 ns/op
p(0.50000) =      216 ns/op
p(0.90000) =      238 ns/op
p(0.99000) =      425 ns/op
p(0.99900) =     2383 ns/op
p(0.99990) =     7711 ns/op
p(0.99999) =    34047 ns/op
p(1.00000) =   268287 ns/op
29.2 % of CPU usage

Ping throughput 10K:
2,000,000 ops
1,546,596,704 ns
1,293,161 ops/s
42.0 % of CPU usage
Tests run: 8, Failures: 0, Errors: 0, Skipped: 0, Time elapsed: 15.956 sec - in com.github.plokhotnyuk.actors.AkkaSCOUnboundedActorSpec
Running com.github.plokhotnyuk.actors.AkkaUnboundedActorSpec
Executor service type: scala-forkjoin-pool

Enqueueing:
10,000,000 ops
299,713,556 ns
33,365,190 ops/s
32.5 % of CPU usage
48 bytes per instance

Dequeueing:
10,000,000 ops
931,111,040 ns
10,739,857 ops/s
31.7 % of CPU usage

Initiation:
100,000 ops
644,739,424 ns
6,447 ns/op
62.8 % of CPU usage
389 bytes per instance

Single-producer sending:
6,000,000 ops
778,282,283 ns
7,709,285 ops/s
45.9 % of CPU usage

Multi-producer sending:
6,000,000 ops
842,981,606 ns
7,117,593 ops/s
70.0 % of CPU usage

Max throughput:
12,000,000 ops
1,214,377,695 ns
9,881,604 ops/s
37.3 % of CPU usage

Ping latency:
1,500,000 ops
385,094,081 ns
p(0.00000) =      219 ns/op
p(0.50000) =      244 ns/op
p(0.90000) =      261 ns/op
p(0.99000) =      353 ns/op
p(0.99900) =     1455 ns/op
p(0.99990) =     7519 ns/op
p(0.99999) =    38655 ns/op
p(1.00000) =   405503 ns/op
27.3 % of CPU usage

Ping throughput 10K:
2,000,000 ops
1,745,699,950 ns
1,145,672 ops/s
38.8 % of CPU usage
Tests run: 8, Failures: 0, Errors: 0, Skipped: 0, Time elapsed: 16.884 sec - in com.github.plokhotnyuk.actors.AkkaUnboundedActorSpec
Running com.github.plokhotnyuk.actors.LiftActorSpec
Executor service type: scala-forkjoin-pool

Enqueueing:
10,000,000 ops
380,547,219 ns
26,277,947 ops/s
26.3 % of CPU usage
24 bytes per instance

Dequeueing:
10,000,000 ops
425,037,544 ns
23,527,333 ops/s
29.4 % of CPU usage

Initiation:
10,000,000 ops
673,831,095 ns
67 ns/op
32.6 % of CPU usage
72 bytes per instance

Single-producer sending:
6,000,000 ops
748,712,177 ns
8,013,760 ops/s
57.1 % of CPU usage

Multi-producer sending:
6,000,000 ops
613,095,303 ns
9,786,406 ops/s
62.4 % of CPU usage

Max throughput:
12,000,000 ops
667,990,507 ns
17,964,327 ops/s
49.0 % of CPU usage

Ping latency:
1,500,000 ops
859,055,472 ns
p(0.00000) =      460 ns/op
p(0.50000) =      505 ns/op
p(0.90000) =      539 ns/op
p(0.99000) =     2039 ns/op
p(0.99900) =     7263 ns/op
p(0.99990) =    18943 ns/op
p(0.99999) =    81407 ns/op
p(1.00000) =  2260991 ns/op
32.0 % of CPU usage

Ping throughput 10K:
2,000,000 ops
952,804,522 ns
2,099,066 ops/s
30.4 % of CPU usage
Tests run: 8, Failures: 0, Errors: 0, Skipped: 0, Time elapsed: 14.485 sec - in com.github.plokhotnyuk.actors.LiftActorSpec
Running com.github.plokhotnyuk.actors.MinimalistActorSpec
Executor service type: scala-forkjoin-pool

Enqueueing:
40,000,000 ops
631,089,306 ns
63,382,471 ops/s
25.0 % of CPU usage
24 bytes per instance

Dequeueing:
40,000,000 ops
127,167,693 ns
314,545,298 ops/s
33.4 % of CPU usage

Initiation:
2,000,000 ops
351,094,433 ns
175 ns/op
79.8 % of CPU usage
44 bytes per instance

Single-producer sending:
15,000,000 ops
260,968,159 ns
57,478,276 ops/s
57.5 % of CPU usage

Multi-producer sending:
15,000,000 ops
372,271,502 ns
40,293,172 ops/s
95.4 % of CPU usage

Max throughput:
30,000,000 ops
350,851,259 ns
85,506,319 ops/s
65.6 % of CPU usage

Ping latency:
3,000,000 ops
393,153,379 ns
p(0.00000) =      108 ns/op
p(0.50000) =      124 ns/op
p(0.90000) =      135 ns/op
p(0.99000) =      195 ns/op
p(0.99900) =     1019 ns/op
p(0.99990) =     2895 ns/op
p(0.99999) =    15551 ns/op
p(1.00000) =    72191 ns/op
29.3 % of CPU usage

Ping throughput 10K:
6,000,000 ops
1,299,737,190 ns
4,616,317 ops/s
27.9 % of CPU usage
Tests run: 8, Failures: 0, Errors: 0, Skipped: 0, Time elapsed: 12.098 sec - in com.github.plokhotnyuk.actors.MinimalistActorSpec
Running com.github.plokhotnyuk.actors.ScalaActorSpec
Executor service type: scala-forkjoin-pool

Enqueueing:
20,000,000 ops
697,473,008 ns
28,674,944 ops/s
26.5 % of CPU usage
24 bytes per instance

Dequeueing:
300,000 ops
511,220,534 ns
586,830 ops/s
55.3 % of CPU usage

Initiation:
600,000 ops
565,857,627 ns
943 ns/op
75.5 % of CPU usage
266 bytes per instance

Single-producer sending:
300,000 ops
643,120,840 ns
466,475 ops/s
50.5 % of CPU usage

Multi-producer sending:
300,000 ops
460,131,744 ns
651,987 ops/s
31.5 % of CPU usage

Max throughput:
600,000 ops
860,517,321 ns
697,254 ops/s
26.1 % of CPU usage

Ping latency:
250,000 ops
768,550,942 ns
p(0.00000) =      816 ns/op
p(0.50000) =     4287 ns/op
p(0.90000) =     4383 ns/op
p(0.99000) =    17407 ns/op
p(0.99900) =    46335 ns/op
p(0.99990) =    82943 ns/op
p(0.99999) =   194559 ns/op
p(1.00000) =  1155071 ns/op
33.5 % of CPU usage

Ping throughput 10K:
400,000 ops
1,269,968,514 ns
314,968 ops/s
31.5 % of CPU usage
Tests run: 8, Failures: 0, Errors: 0, Skipped: 0, Time elapsed: 11.879 sec - in com.github.plokhotnyuk.actors.ScalaActorSpec
Running com.github.plokhotnyuk.actors.ScalazActorSpec
Executor service type: scala-forkjoin-pool

Enqueueing:
40,000,000 ops
631,272,886 ns
63,364,039 ops/s
25.3 % of CPU usage
24 bytes per instance

Dequeueing:
40,000,000 ops
147,493,596 ns
271,198,215 ops/s
35.6 % of CPU usage

Initiation:
10,000,000 ops
258,111,453 ns
25 ns/op
46.5 % of CPU usage
88 bytes per instance

Single-producer sending:
15,000,000 ops
369,188,691 ns
40,629,630 ops/s
60.3 % of CPU usage

Multi-producer sending:
15,000,000 ops
479,050,040 ns
31,311,968 ops/s
94.5 % of CPU usage

Max throughput:
30,000,000 ops
301,492,509 ns
99,504,959 ops/s
79.6 % of CPU usage

Ping latency:
3,000,000 ops
421,790,422 ns
p(0.00000) =      112 ns/op
p(0.50000) =      126 ns/op
p(0.90000) =      143 ns/op
p(0.99000) =      369 ns/op
p(0.99900) =     1103 ns/op
p(0.99990) =     3967 ns/op
p(0.99999) =    18815 ns/op
p(1.00000) =  1073151 ns/op
30.2 % of CPU usage

Ping throughput 10K:
6,000,000 ops
843,682,306 ns
7,111,681 ops/s
32.6 % of CPU usage
Tests run: 8, Failures: 0, Errors: 0, Skipped: 0, Time elapsed: 15.011 sec - in com.github.plokhotnyuk.actors.ScalazActorSpec

Results :

Tests run: 83, Failures: 0, Errors: 0, Skipped: 0

[INFO] ------------------------------------------------------------------------
[INFO] BUILD SUCCESS
[INFO] ------------------------------------------------------------------------
[INFO] Total time: 02:49 min
[INFO] Finished at: 2016-10-30T14:28:08+01:00
[INFO] Final Memory: 10M/2048M
[INFO] ------------------------------------------------------------------------
[INFO] Scanning for projects...
[INFO]                                                                         
[INFO] ------------------------------------------------------------------------
[INFO] Building Actors 1.0-SNAPSHOT
[INFO] ------------------------------------------------------------------------
[INFO] 
[INFO] --- maven-resources-plugin:2.6:resources (default-resources) @ actors ---
[INFO] Using 'UTF-8' encoding to copy filtered resources.
[INFO] skip non existing resourceDirectory /home/andriy/Projects/com/github/plokhotnyuk/actors/src/main/resources
[INFO] 
[INFO] --- maven-resources-plugin:2.6:testResources (default-testResources) @ actors ---
[INFO] Using 'UTF-8' encoding to copy filtered resources.
[INFO] skip non existing resourceDirectory /home/andriy/Projects/com/github/plokhotnyuk/actors/src/test/resources
[INFO] 
[INFO] --- scala-maven-plugin:3.2.2:testCompile (testCompile) @ actors ---
[WARNING]  Expected all dependencies to require Scala version: 2.11.8
[WARNING]  com.github.plokhotnyuk.actors:actors:1.0-SNAPSHOT requires scala version: 2.11.8
[WARNING]  com.typesafe.akka:akka-actor_2.11:2.4.12 requires scala version: 2.11.8
[WARNING]  org.scala-lang.modules:scala-java8-compat_2.11:0.7.0 requires scala version: 2.11.7
[WARNING] Multiple versions of scala libraries detected!
[INFO] Nothing to compile - all classes are up to date
[INFO] 
[INFO] --- maven-surefire-plugin:2.19.1:test (default-test) @ actors ---

-------------------------------------------------------
 T E S T S
-------------------------------------------------------
Running com.github.plokhotnyuk.actors.AkkaBoundedActorSpec
Executor service type: java-forkjoin-pool

Enqueueing:
10,000,000 ops
634,413,795 ns
15,762,582 ops/s
28.4 % of CPU usage
48 bytes per instance

Dequeueing:
10,000,000 ops
958,810,893 ns
10,429,585 ops/s
28.7 % of CPU usage

Initiation:
100,000 ops
748,188,622 ns
7,481 ns/op
69.5 % of CPU usage
597 bytes per instance

Single-producer sending:
6,000,000 ops
1,356,576,500 ns
4,422,898 ops/s
51.4 % of CPU usage

Multi-producer sending:
6,000,000 ops
1,169,855,101 ns
5,128,840 ops/s
56.2 % of CPU usage

Max throughput:
12,000,000 ops
1,378,119,495 ns
8,707,517 ops/s
44.1 % of CPU usage

Ping latency:
1,500,000 ops
510,552,649 ns
p(0.00000) =      294 ns/op
p(0.50000) =      333 ns/op
p(0.90000) =      341 ns/op
p(0.99000) =      459 ns/op
p(0.99900) =     2207 ns/op
p(0.99990) =     7743 ns/op
p(0.99999) =    35583 ns/op
p(1.00000) =   301055 ns/op
27.4 % of CPU usage

Ping throughput 10K:
2,000,000 ops
2,028,695,189 ns
985,855 ops/s
42.1 % of CPU usage

Overflow throughput:
5,000,000 ops
617,329,393 ns
8,099,403 ops/s
33.6 % of CPU usage
Tests run: 9, Failures: 0, Errors: 0, Skipped: 0, Time elapsed: 20.586 sec - in com.github.plokhotnyuk.actors.AkkaBoundedActorSpec
Running com.github.plokhotnyuk.actors.AkkaMCNonBlockingBoundedActorSpec
Executor service type: java-forkjoin-pool

Enqueueing:
10,000,000 ops
326,221,205 ns
30,654,046 ops/s
29.9 % of CPU usage
48 bytes per instance

Dequeueing:
10,000,000 ops
749,992,861 ns
13,333,460 ops/s
30.0 % of CPU usage

Initiation:
100,000 ops
667,718,526 ns
6,677 ns/op
62.9 % of CPU usage
413 bytes per instance

Single-producer sending:
6,000,000 ops
764,062,653 ns
7,852,759 ops/s
48.8 % of CPU usage

Multi-producer sending:
6,000,000 ops
926,391,888 ns
6,476,740 ops/s
72.9 % of CPU usage

Max throughput:
12,000,000 ops
1,028,397,531 ns
11,668,639 ops/s
39.1 % of CPU usage

Ping latency:
1,500,000 ops
426,220,693 ns
p(0.00000) =      250 ns/op
p(0.50000) =      269 ns/op
p(0.90000) =      285 ns/op
p(0.99000) =      471 ns/op
p(0.99900) =     2623 ns/op
p(0.99990) =     7711 ns/op
p(0.99999) =    26879 ns/op
p(1.00000) =   299007 ns/op
27.6 % of CPU usage

Ping throughput 10K:
2,000,000 ops
1,844,503,018 ns
1,084,302 ops/s
41.3 % of CPU usage

Overflow throughput:
5,000,000 ops
446,629,302 ns
11,194,966 ops/s
33.0 % of CPU usage
Tests run: 9, Failures: 0, Errors: 0, Skipped: 0, Time elapsed: 17.575 sec - in com.github.plokhotnyuk.actors.AkkaMCNonBlockingBoundedActorSpec
Running com.github.plokhotnyuk.actors.AkkaMCUnboundedActorSpec
Executor service type: java-forkjoin-pool

Enqueueing:
10,000,000 ops
282,579,754 ns
35,388,239 ops/s
30.1 % of CPU usage
48 bytes per instance

Dequeueing:
10,000,000 ops
771,095,531 ns
12,968,561 ops/s
29.8 % of CPU usage

Initiation:
100,000 ops
628,576,140 ns
6,285 ns/op
68.0 % of CPU usage
413 bytes per instance

Single-producer sending:
6,000,000 ops
583,914,643 ns
10,275,474 ops/s
42.0 % of CPU usage

Multi-producer sending:
6,000,000 ops
699,299,973 ns
8,580,008 ops/s
55.4 % of CPU usage

Max throughput:
12,000,000 ops
1,060,814,189 ns
11,312,065 ops/s
39.6 % of CPU usage

Ping latency:
1,500,000 ops
398,857,835 ns
p(0.00000) =      229 ns/op
p(0.50000) =      244 ns/op
p(0.90000) =      279 ns/op
p(0.99000) =      461 ns/op
p(0.99900) =     2223 ns/op
p(0.99990) =     7711 ns/op
p(0.99999) =    32511 ns/op
p(1.00000) =   901119 ns/op
28.8 % of CPU usage

Ping throughput 10K:
2,000,000 ops
1,685,618,116 ns
1,186,508 ops/s
39.3 % of CPU usage
Tests run: 8, Failures: 0, Errors: 0, Skipped: 0, Time elapsed: 15.962 sec - in com.github.plokhotnyuk.actors.AkkaMCUnboundedActorSpec
Running com.github.plokhotnyuk.actors.AkkaSCONonBlockingBoundedActorSpec
Executor service type: java-forkjoin-pool

Enqueueing:
10,000,000 ops
297,889,901 ns
33,569,449 ops/s
31.1 % of CPU usage
48 bytes per instance

Dequeueing:
10,000,000 ops
802,553,444 ns
12,460,229 ops/s
31.2 % of CPU usage

Initiation:
100,000 ops
709,398,226 ns
7,093 ns/op
66.3 % of CPU usage
413 bytes per instance

Single-producer sending:
6,000,000 ops
772,115,521 ns
7,770,857 ops/s
50.8 % of CPU usage

Multi-producer sending:
6,000,000 ops
954,452,821 ns
6,286,324 ops/s
74.4 % of CPU usage

Max throughput:
12,000,000 ops
1,084,950,431 ns
11,060,413 ops/s
38.3 % of CPU usage

Ping latency:
1,500,000 ops
403,961,316 ns
p(0.00000) =      241 ns/op
p(0.50000) =      257 ns/op
p(0.90000) =      271 ns/op
p(0.99000) =      363 ns/op
p(0.99900) =     1615 ns/op
p(0.99990) =     7487 ns/op
p(0.99999) =    31359 ns/op
p(1.00000) =  1056767 ns/op
27.8 % of CPU usage

Ping throughput 10K:
2,000,000 ops
1,650,879,234 ns
1,211,475 ops/s
39.5 % of CPU usage

Overflow throughput:
5,000,000 ops
455,217,185 ns
10,983,768 ops/s
39.0 % of CPU usage
Tests run: 9, Failures: 0, Errors: 0, Skipped: 0, Time elapsed: 17.361 sec - in com.github.plokhotnyuk.actors.AkkaSCONonBlockingBoundedActorSpec
Running com.github.plokhotnyuk.actors.AkkaSCOUnboundedActorSpec
Executor service type: java-forkjoin-pool

Enqueueing:
10,000,000 ops
288,279,951 ns
34,688,503 ops/s
29.5 % of CPU usage
48 bytes per instance

Dequeueing:
10,000,000 ops
778,342,305 ns
12,847,817 ops/s
29.2 % of CPU usage

Initiation:
100,000 ops
653,994,891 ns
6,539 ns/op
64.6 % of CPU usage
413 bytes per instance

Single-producer sending:
6,000,000 ops
673,928,460 ns
8,903,022 ops/s
46.0 % of CPU usage

Multi-producer sending:
6,000,000 ops
699,521,353 ns
8,577,293 ops/s
52.9 % of CPU usage

Max throughput:
12,000,000 ops
1,061,445,172 ns
11,305,341 ops/s
37.0 % of CPU usage

Ping latency:
1,500,000 ops
404,314,831 ns
p(0.00000) =      231 ns/op
p(0.50000) =      259 ns/op
p(0.90000) =      275 ns/op
p(0.99000) =      363 ns/op
p(0.99900) =     1663 ns/op
p(0.99990) =     7423 ns/op
p(0.99999) =    37119 ns/op
p(1.00000) =   313343 ns/op
28.4 % of CPU usage

Ping throughput 10K:
2,000,000 ops
1,783,011,012 ns
1,121,698 ops/s
41.4 % of CPU usage
Tests run: 8, Failures: 0, Errors: 0, Skipped: 0, Time elapsed: 16.457 sec - in com.github.plokhotnyuk.actors.AkkaSCOUnboundedActorSpec
Running com.github.plokhotnyuk.actors.AkkaUnboundedActorSpec
Executor service type: java-forkjoin-pool

Enqueueing:
10,000,000 ops
301,995,245 ns
33,113,104 ops/s
34.8 % of CPU usage
48 bytes per instance

Dequeueing:
10,000,000 ops
919,908,927 ns
10,870,641 ops/s
29.6 % of CPU usage

Initiation:
100,000 ops
664,719,398 ns
6,647 ns/op
63.2 % of CPU usage
392 bytes per instance

Single-producer sending:
6,000,000 ops
780,322,638 ns
7,689,127 ops/s
45.8 % of CPU usage

Multi-producer sending:
6,000,000 ops
927,046,564 ns
6,472,166 ops/s
66.6 % of CPU usage

Max throughput:
12,000,000 ops
1,216,043,426 ns
9,868,068 ops/s
37.4 % of CPU usage

Ping latency:
1,500,000 ops
442,607,134 ns
p(0.00000) =      244 ns/op
p(0.50000) =      287 ns/op
p(0.90000) =      305 ns/op
p(0.99000) =      385 ns/op
p(0.99900) =     2207 ns/op
p(0.99990) =     7679 ns/op
p(0.99999) =    39679 ns/op
p(1.00000) =   354303 ns/op
28.2 % of CPU usage

Ping throughput 10K:
2,000,000 ops
1,873,863,872 ns
1,067,313 ops/s
39.8 % of CPU usage
Tests run: 8, Failures: 0, Errors: 0, Skipped: 0, Time elapsed: 17.258 sec - in com.github.plokhotnyuk.actors.AkkaUnboundedActorSpec
Running com.github.plokhotnyuk.actors.LiftActorSpec
Executor service type: java-forkjoin-pool

Enqueueing:
10,000,000 ops
378,453,746 ns
26,423,308 ops/s
26.4 % of CPU usage
24 bytes per instance

Dequeueing:
10,000,000 ops
423,517,845 ns
23,611,755 ops/s
30.1 % of CPU usage

Initiation:
10,000,000 ops
673,686,074 ns
67 ns/op
33.0 % of CPU usage
72 bytes per instance

Single-producer sending:
6,000,000 ops
821,791,547 ns
7,301,121 ops/s
58.1 % of CPU usage

Multi-producer sending:
6,000,000 ops
635,377,938 ns
9,443,198 ops/s
54.3 % of CPU usage

Max throughput:
12,000,000 ops
715,478,687 ns
16,771,988 ops/s
51.0 % of CPU usage

Ping latency:
1,500,000 ops
850,409,580 ns
p(0.00000) =      444 ns/op
p(0.50000) =      505 ns/op
p(0.90000) =      531 ns/op
p(0.99000) =     2175 ns/op
p(0.99900) =     8383 ns/op
p(0.99990) =    21759 ns/op
p(0.99999) =    75263 ns/op
p(1.00000) =  3768319 ns/op
33.2 % of CPU usage

Ping throughput 10K:
2,000,000 ops
1,021,975,575 ns
1,956,993 ops/s
30.8 % of CPU usage
Tests run: 8, Failures: 0, Errors: 0, Skipped: 0, Time elapsed: 14.734 sec - in com.github.plokhotnyuk.actors.LiftActorSpec
Running com.github.plokhotnyuk.actors.MinimalistActorSpec
Executor service type: java-forkjoin-pool

Enqueueing:
40,000,000 ops
634,138,805 ns
63,077,672 ops/s
25.2 % of CPU usage
24 bytes per instance

Dequeueing:
40,000,000 ops
126,017,274 ns
317,416,801 ops/s
31.7 % of CPU usage

Initiation:
2,000,000 ops
338,752,982 ns
169 ns/op
81.2 % of CPU usage
37 bytes per instance

Single-producer sending:
15,000,000 ops
227,042,297 ns
66,066,984 ops/s
57.3 % of CPU usage

Multi-producer sending:
15,000,000 ops
365,042,946 ns
41,091,055 ops/s
91.8 % of CPU usage

Max throughput:
30,000,000 ops
360,158,440 ns
83,296,673 ops/s
65.2 % of CPU usage

Ping latency:
3,000,000 ops
472,008,430 ns
p(0.00000) =      129 ns/op
p(0.50000) =      148 ns/op
p(0.90000) =      164 ns/op
p(0.99000) =      228 ns/op
p(0.99900) =      899 ns/op
p(0.99990) =     3775 ns/op
p(0.99999) =    16191 ns/op
p(1.00000) =  2654207 ns/op
28.6 % of CPU usage

Ping throughput 10K:
6,000,000 ops
869,153,517 ns
6,903,268 ops/s
29.9 % of CPU usage
Tests run: 8, Failures: 0, Errors: 0, Skipped: 0, Time elapsed: 11.614 sec - in com.github.plokhotnyuk.actors.MinimalistActorSpec
Running com.github.plokhotnyuk.actors.ScalaActorSpec
Executor service type: java-forkjoin-pool

Enqueueing:
20,000,000 ops
594,874,634 ns
33,620,529 ops/s
26.9 % of CPU usage
24 bytes per instance

Dequeueing:
300,000 ops
523,768,013 ns
572,772 ops/s
51.1 % of CPU usage

Initiation:
600,000 ops
598,823,343 ns
998 ns/op
75.6 % of CPU usage
251 bytes per instance

Single-producer sending:
300,000 ops
598,803,501 ns
500,999 ops/s
44.3 % of CPU usage

Multi-producer sending:
300,000 ops
450,791,184 ns
665,496 ops/s
30.5 % of CPU usage

Max throughput:
600,000 ops
816,321,461 ns
735,004 ops/s
26.3 % of CPU usage

Ping latency:
250,000 ops
732,853,735 ns
p(0.00000) =      712 ns/op
p(0.50000) =     4223 ns/op
p(0.90000) =     4319 ns/op
p(0.99000) =    13439 ns/op
p(0.99900) =    43263 ns/op
p(0.99990) =    80895 ns/op
p(0.99999) =   180223 ns/op
p(1.00000) =   194559 ns/op
35.8 % of CPU usage

Ping throughput 10K:
400,000 ops
1,283,351,577 ns
311,683 ops/s
29.6 % of CPU usage
Tests run: 8, Failures: 0, Errors: 0, Skipped: 0, Time elapsed: 11.623 sec - in com.github.plokhotnyuk.actors.ScalaActorSpec
Running com.github.plokhotnyuk.actors.ScalazActorSpec
Executor service type: java-forkjoin-pool

Enqueueing:
40,000,000 ops
631,558,970 ns
63,335,336 ops/s
25.3 % of CPU usage
24 bytes per instance

Dequeueing:
40,000,000 ops
138,783,275 ns
288,219,167 ops/s
30.6 % of CPU usage

Initiation:
10,000,000 ops
298,031,356 ns
29 ns/op
43.6 % of CPU usage
88 bytes per instance

Single-producer sending:
15,000,000 ops
383,412,967 ns
39,122,307 ops/s
58.0 % of CPU usage

Multi-producer sending:
15,000,000 ops
506,928,425 ns
29,589,976 ops/s
88.8 % of CPU usage

Max throughput:
30,000,000 ops
344,245,046 ns
87,147,223 ops/s
73.3 % of CPU usage

Ping latency:
3,000,000 ops
513,024,433 ns
p(0.00000) =      141 ns/op
p(0.50000) =      159 ns/op
p(0.90000) =      175 ns/op
p(0.99000) =      379 ns/op
p(0.99900) =      987 ns/op
p(0.99990) =     3775 ns/op
p(0.99999) =    23039 ns/op
p(1.00000) =  3964927 ns/op
29.2 % of CPU usage

Ping throughput 10K:
6,000,000 ops
954,783,764 ns
6,284,145 ops/s
29.1 % of CPU usage
Tests run: 8, Failures: 0, Errors: 0, Skipped: 0, Time elapsed: 15.261 sec - in com.github.plokhotnyuk.actors.ScalazActorSpec

Results :

Tests run: 83, Failures: 0, Errors: 0, Skipped: 0

[INFO] ------------------------------------------------------------------------
[INFO] BUILD SUCCESS
[INFO] ------------------------------------------------------------------------
[INFO] Total time: 02:49 min
[INFO] Finished at: 2016-10-30T14:30:59+01:00
[INFO] Final Memory: 10M/2048M
[INFO] ------------------------------------------------------------------------
[INFO] Scanning for projects...
[INFO]                                                                         
[INFO] ------------------------------------------------------------------------
[INFO] Building Actors 1.0-SNAPSHOT
[INFO] ------------------------------------------------------------------------
[INFO] 
[INFO] --- maven-resources-plugin:2.6:resources (default-resources) @ actors ---
[INFO] Using 'UTF-8' encoding to copy filtered resources.
[INFO] skip non existing resourceDirectory /home/andriy/Projects/com/github/plokhotnyuk/actors/src/main/resources
[INFO] 
[INFO] --- maven-resources-plugin:2.6:testResources (default-testResources) @ actors ---
[INFO] Using 'UTF-8' encoding to copy filtered resources.
[INFO] skip non existing resourceDirectory /home/andriy/Projects/com/github/plokhotnyuk/actors/src/test/resources
[INFO] 
[INFO] --- scala-maven-plugin:3.2.2:testCompile (testCompile) @ actors ---
[WARNING]  Expected all dependencies to require Scala version: 2.11.8
[WARNING]  com.github.plokhotnyuk.actors:actors:1.0-SNAPSHOT requires scala version: 2.11.8
[WARNING]  com.typesafe.akka:akka-actor_2.11:2.4.12 requires scala version: 2.11.8
[WARNING]  org.scala-lang.modules:scala-java8-compat_2.11:0.7.0 requires scala version: 2.11.7
[WARNING] Multiple versions of scala libraries detected!
[INFO] Nothing to compile - all classes are up to date
[INFO] 
[INFO] --- maven-surefire-plugin:2.19.1:test (default-test) @ actors ---

-------------------------------------------------------
 T E S T S
-------------------------------------------------------
Running com.github.plokhotnyuk.actors.AkkaBoundedActorSpec
Executor service type: abq-thread-pool

Enqueueing:
10,000,000 ops
523,135,750 ns
19,115,497 ops/s
29.6 % of CPU usage
48 bytes per instance

Dequeueing:
10,000,000 ops
955,261,275 ns
10,468,340 ops/s
28.8 % of CPU usage

Initiation:
100,000 ops
673,031,020 ns
6,730 ns/op
66.5 % of CPU usage
568 bytes per instance

Single-producer sending:
6,000,000 ops
1,272,053,385 ns
4,716,783 ops/s
50.5 % of CPU usage

Multi-producer sending:
6,000,000 ops
1,113,237,813 ns
5,389,683 ops/s
52.1 % of CPU usage

Max throughput:
12,000,000 ops
1,430,985,344 ns
8,385,830 ops/s
42.5 % of CPU usage

Ping latency:
1,500,000 ops
515,107,182 ns
p(0.00000) =      312 ns/op
p(0.50000) =      323 ns/op
p(0.90000) =      329 ns/op
p(0.99000) =      695 ns/op
p(0.99900) =     1783 ns/op
p(0.99990) =     7775 ns/op
p(0.99999) =    35327 ns/op
p(1.00000) =  1662975 ns/op
29.1 % of CPU usage

Ping throughput 10K:
2,000,000 ops
1,975,940,357 ns
1,012,176 ops/s
40.1 % of CPU usage

Overflow throughput:
5,000,000 ops
520,931,538 ns
9,598,190 ops/s
34.1 % of CPU usage
Tests run: 9, Failures: 0, Errors: 0, Skipped: 0, Time elapsed: 20.233 sec - in com.github.plokhotnyuk.actors.AkkaBoundedActorSpec
Running com.github.plokhotnyuk.actors.AkkaMCNonBlockingBoundedActorSpec
Executor service type: abq-thread-pool

Enqueueing:
10,000,000 ops
289,538,237 ns
34,537,752 ops/s
29.4 % of CPU usage
48 bytes per instance

Dequeueing:
10,000,000 ops
761,624,642 ns
13,129,827 ops/s
29.2 % of CPU usage

Initiation:
100,000 ops
652,691,777 ns
6,526 ns/op
75.8 % of CPU usage
384 bytes per instance

Single-producer sending:
6,000,000 ops
604,328,213 ns
9,928,379 ops/s
43.9 % of CPU usage

Multi-producer sending:
6,000,000 ops
968,989,672 ns
6,192,016 ops/s
67.9 % of CPU usage

Max throughput:
12,000,000 ops
1,062,911,711 ns
11,289,742 ops/s
40.0 % of CPU usage

Ping latency:
1,500,000 ops
418,930,907 ns
p(0.00000) =      249 ns/op
p(0.50000) =      259 ns/op
p(0.90000) =      277 ns/op
p(0.99000) =      385 ns/op
p(0.99900) =     2607 ns/op
p(0.99990) =     7839 ns/op
p(0.99999) =    36607 ns/op
p(1.00000) =   290815 ns/op
31.6 % of CPU usage

Ping throughput 10K:
2,000,000 ops
1,637,958,069 ns
1,221,032 ops/s
39.5 % of CPU usage

Overflow throughput:
5,000,000 ops
869,738,000 ns
5,748,857 ops/s
36.8 % of CPU usage
Tests run: 9, Failures: 0, Errors: 0, Skipped: 0, Time elapsed: 17.834 sec - in com.github.plokhotnyuk.actors.AkkaMCNonBlockingBoundedActorSpec
Running com.github.plokhotnyuk.actors.AkkaMCUnboundedActorSpec
Executor service type: abq-thread-pool

Enqueueing:
10,000,000 ops
279,091,225 ns
35,830,578 ops/s
29.6 % of CPU usage
48 bytes per instance

Dequeueing:
10,000,000 ops
790,904,733 ns
12,643,747 ops/s
30.7 % of CPU usage

Initiation:
100,000 ops
631,249,705 ns
6,312 ns/op
64.6 % of CPU usage
384 bytes per instance

Single-producer sending:
6,000,000 ops
736,868,825 ns
8,142,561 ops/s
45.8 % of CPU usage

Multi-producer sending:
6,000,000 ops
657,156,758 ns
9,130,241 ops/s
55.9 % of CPU usage

Max throughput:
12,000,000 ops
1,033,004,180 ns
11,616,603 ops/s
39.7 % of CPU usage

Ping latency:
1,500,000 ops
371,694,436 ns
p(0.00000) =      216 ns/op
p(0.50000) =      230 ns/op
p(0.90000) =      242 ns/op
p(0.99000) =      497 ns/op
p(0.99900) =     2111 ns/op
p(0.99990) =     7647 ns/op
p(0.99999) =    23807 ns/op
p(1.00000) =   270335 ns/op
30.3 % of CPU usage

Ping throughput 10K:
2,000,000 ops
1,566,018,413 ns
1,277,124 ops/s
41.7 % of CPU usage
Tests run: 8, Failures: 0, Errors: 0, Skipped: 0, Time elapsed: 16.243 sec - in com.github.plokhotnyuk.actors.AkkaMCUnboundedActorSpec
Running com.github.plokhotnyuk.actors.AkkaSCONonBlockingBoundedActorSpec
Executor service type: abq-thread-pool

Enqueueing:
10,000,000 ops
309,673,419 ns
32,292,083 ops/s
30.7 % of CPU usage
48 bytes per instance

Dequeueing:
10,000,000 ops
796,102,268 ns
12,561,200 ops/s
29.2 % of CPU usage

Initiation:
100,000 ops
601,560,181 ns
6,015 ns/op
62.8 % of CPU usage
384 bytes per instance

Single-producer sending:
6,000,000 ops
777,517,427 ns
7,716,868 ops/s
44.7 % of CPU usage

Multi-producer sending:
6,000,000 ops
989,106,102 ns
6,066,083 ops/s
76.1 % of CPU usage

Max throughput:
12,000,000 ops
1,091,858,924 ns
10,990,430 ops/s
39.8 % of CPU usage

Ping latency:
1,500,000 ops
401,673,783 ns
p(0.00000) =      232 ns/op
p(0.50000) =      244 ns/op
p(0.90000) =      263 ns/op
p(0.99000) =      595 ns/op
p(0.99900) =     1655 ns/op
p(0.99990) =     7775 ns/op
p(0.99999) =    39935 ns/op
p(1.00000) =   272383 ns/op
31.1 % of CPU usage

Ping throughput 10K:
2,000,000 ops
1,703,079,430 ns
1,174,343 ops/s
41.1 % of CPU usage

Overflow throughput:
5,000,000 ops
456,535,206 ns
10,952,057 ops/s
38.9 % of CPU usage
Tests run: 9, Failures: 0, Errors: 0, Skipped: 0, Time elapsed: 17.663 sec - in com.github.plokhotnyuk.actors.AkkaSCONonBlockingBoundedActorSpec
Running com.github.plokhotnyuk.actors.AkkaSCOUnboundedActorSpec
Executor service type: abq-thread-pool

Enqueueing:
10,000,000 ops
316,896,950 ns
31,555,999 ops/s
30.0 % of CPU usage
48 bytes per instance

Dequeueing:
10,000,000 ops
781,973,898 ns
12,788,150 ops/s
29.4 % of CPU usage

Initiation:
100,000 ops
638,936,545 ns
6,389 ns/op
64.2 % of CPU usage
384 bytes per instance

Single-producer sending:
6,000,000 ops
773,248,140 ns
7,759,475 ops/s
44.3 % of CPU usage

Multi-producer sending:
6,000,000 ops
707,934,707 ns
8,475,357 ops/s
49.4 % of CPU usage

Max throughput:
12,000,000 ops
1,077,056,774 ns
11,141,473 ops/s
36.7 % of CPU usage

Ping latency:
1,500,000 ops
369,855,171 ns
p(0.00000) =      215 ns/op
p(0.50000) =      224 ns/op
p(0.90000) =      239 ns/op
p(0.99000) =      491 ns/op
p(0.99900) =     1703 ns/op
p(0.99990) =     7743 ns/op
p(0.99999) =    38655 ns/op
p(1.00000) =   270335 ns/op
30.4 % of CPU usage

Ping throughput 10K:
2,000,000 ops
1,720,304,999 ns
1,162,584 ops/s
41.3 % of CPU usage
Tests run: 8, Failures: 0, Errors: 0, Skipped: 0, Time elapsed: 16.343 sec - in com.github.plokhotnyuk.actors.AkkaSCOUnboundedActorSpec
Running com.github.plokhotnyuk.actors.AkkaUnboundedActorSpec
Executor service type: abq-thread-pool

Enqueueing:
10,000,000 ops
307,908,492 ns
32,477,181 ops/s
31.7 % of CPU usage
48 bytes per instance

Dequeueing:
10,000,000 ops
879,673,412 ns
11,367,855 ops/s
30.1 % of CPU usage

Initiation:
100,000 ops
704,786,137 ns
7,047 ns/op
70.9 % of CPU usage
384 bytes per instance

Single-producer sending:
6,000,000 ops
734,953,241 ns
8,163,784 ops/s
44.9 % of CPU usage

Multi-producer sending:
6,000,000 ops
903,391,571 ns
6,641,638 ops/s
67.0 % of CPU usage

Max throughput:
12,000,000 ops
1,188,148,253 ns
10,099,749 ops/s
38.5 % of CPU usage

Ping latency:
1,500,000 ops
454,792,158 ns
p(0.00000) =      256 ns/op
p(0.50000) =      277 ns/op
p(0.90000) =      289 ns/op
p(0.99000) =      775 ns/op
p(0.99900) =     2415 ns/op
p(0.99990) =     7775 ns/op
p(0.99999) =    29439 ns/op
p(1.00000) =   274431 ns/op
30.8 % of CPU usage

Ping throughput 10K:
2,000,000 ops
1,682,089,462 ns
1,188,997 ops/s
38.8 % of CPU usage
Tests run: 8, Failures: 0, Errors: 0, Skipped: 0, Time elapsed: 17.041 sec - in com.github.plokhotnyuk.actors.AkkaUnboundedActorSpec
Running com.github.plokhotnyuk.actors.LiftActorSpec
Executor service type: abq-thread-pool

Enqueueing:
10,000,000 ops
376,326,295 ns
26,572,684 ops/s
27.2 % of CPU usage
24 bytes per instance

Dequeueing:
10,000,000 ops
434,913,464 ns
22,993,079 ops/s
29.9 % of CPU usage

Initiation:
10,000,000 ops
667,613,700 ns
66 ns/op
32.6 % of CPU usage
72 bytes per instance

Single-producer sending:
6,000,000 ops
514,239,064 ns
11,667,725 ops/s
54.9 % of CPU usage

Multi-producer sending:
6,000,000 ops
597,864,201 ns
10,035,723 ops/s
49.8 % of CPU usage

Max throughput:
12,000,000 ops
761,128,484 ns
15,766,063 ops/s
52.2 % of CPU usage

Ping latency:
1,500,000 ops
815,485,896 ns
p(0.00000) =      414 ns/op
p(0.50000) =      445 ns/op
p(0.90000) =      507 ns/op
p(0.99000) =     2223 ns/op
p(0.99900) =    11903 ns/op
p(0.99990) =    36863 ns/op
p(0.99999) =    98303 ns/op
p(1.00000) =   843775 ns/op
34.9 % of CPU usage

Ping throughput 10K:
2,000,000 ops
962,706,958 ns
2,077,475 ops/s
33.2 % of CPU usage
Tests run: 8, Failures: 0, Errors: 0, Skipped: 0, Time elapsed: 14.369 sec - in com.github.plokhotnyuk.actors.LiftActorSpec
Running com.github.plokhotnyuk.actors.MinimalistActorSpec
Executor service type: abq-thread-pool

Enqueueing:
40,000,000 ops
630,847,969 ns
63,406,719 ops/s
25.4 % of CPU usage
24 bytes per instance

Dequeueing:
40,000,000 ops
196,402,505 ns
203,663,390 ops/s
33.1 % of CPU usage

Initiation:
2,000,000 ops
959,707,089 ns
479 ns/op
71.6 % of CPU usage
43 bytes per instance

Single-producer sending:
15,000,000 ops
208,429,176 ns
71,966,892 ops/s
56.4 % of CPU usage

Multi-producer sending:
15,000,000 ops
393,113,127 ns
38,156,955 ops/s
97.3 % of CPU usage

Max throughput:
30,000,000 ops
407,569,526 ns
73,607,073 ops/s
59.5 % of CPU usage

Ping latency:
3,000,000 ops
541,008,440 ns
p(0.00000) =      160 ns/op
p(0.50000) =      172 ns/op
p(0.90000) =      179 ns/op
p(0.99000) =      327 ns/op
p(0.99900) =      551 ns/op
p(0.99990) =     3695 ns/op
p(0.99999) =    23423 ns/op
p(1.00000) =   679935 ns/op
28.2 % of CPU usage

Ping throughput 10K:
6,000,000 ops
1,020,491,997 ns
5,879,516 ops/s
27.2 % of CPU usage
Tests run: 8, Failures: 0, Errors: 0, Skipped: 0, Time elapsed: 12.828 sec - in com.github.plokhotnyuk.actors.MinimalistActorSpec
Running com.github.plokhotnyuk.actors.ScalaActorSpec
Executor service type: abq-thread-pool

Enqueueing:
20,000,000 ops
696,987,366 ns
28,694,924 ops/s
26.5 % of CPU usage
24 bytes per instance

Dequeueing:
300,000 ops
601,860,572 ns
498,454 ops/s
49.4 % of CPU usage

Initiation:
600,000 ops
483,650,846 ns
806 ns/op
84.3 % of CPU usage
273 bytes per instance

Single-producer sending:
300,000 ops
628,713,065 ns
477,165 ops/s
43.3 % of CPU usage

Multi-producer sending:
300,000 ops
460,197,273 ns
651,894 ops/s
29.3 % of CPU usage

Max throughput:
600,000 ops
880,496,875 ns
681,433 ops/s
27.5 % of CPU usage

Ping latency:
250,000 ops
793,429,686 ns
p(0.00000) =      852 ns/op
p(0.50000) =     4255 ns/op
p(0.90000) =     4351 ns/op
p(0.99000) =    16639 ns/op
p(0.99900) =    47871 ns/op
p(0.99990) =    81919 ns/op
p(0.99999) =   305151 ns/op
p(1.00000) =   974847 ns/op
35.9 % of CPU usage

Ping throughput 10K:
400,000 ops
1,224,594,695 ns
326,638 ops/s
30.6 % of CPU usage
Tests run: 8, Failures: 0, Errors: 0, Skipped: 0, Time elapsed: 11.873 sec - in com.github.plokhotnyuk.actors.ScalaActorSpec
Running com.github.plokhotnyuk.actors.ScalazActorSpec
Executor service type: abq-thread-pool

Enqueueing:
40,000,000 ops
630,521,518 ns
63,439,547 ops/s
25.4 % of CPU usage
24 bytes per instance

Dequeueing:
40,000,000 ops
159,357,457 ns
251,008,021 ops/s
36.1 % of CPU usage

Initiation:
10,000,000 ops
274,645,482 ns
27 ns/op
43.7 % of CPU usage
88 bytes per instance

Single-producer sending:
15,000,000 ops
327,017,727 ns
45,869,073 ops/s
76.4 % of CPU usage

Multi-producer sending:
15,000,000 ops
449,210,369 ns
33,391,927 ops/s
95.7 % of CPU usage

Max throughput:
30,000,000 ops
337,661,913 ns
88,846,265 ops/s
80.0 % of CPU usage

Ping latency:
3,000,000 ops
529,203,960 ns
p(0.00000) =      144 ns/op
p(0.50000) =      166 ns/op
p(0.90000) =      186 ns/op
p(0.99000) =      379 ns/op
p(0.99900) =     1047 ns/op
p(0.99990) =     7391 ns/op
p(0.99999) =    29439 ns/op
p(1.00000) =   184319 ns/op
31.2 % of CPU usage

Ping throughput 10K:
6,000,000 ops
994,745,591 ns
6,031,692 ops/s
32.4 % of CPU usage
Tests run: 8, Failures: 0, Errors: 0, Skipped: 0, Time elapsed: 15.39 sec - in com.github.plokhotnyuk.actors.ScalazActorSpec

Results :

Tests run: 83, Failures: 0, Errors: 0, Skipped: 0

[INFO] ------------------------------------------------------------------------
[INFO] BUILD SUCCESS
[INFO] ------------------------------------------------------------------------
[INFO] Total time: 02:50 min
[INFO] Finished at: 2016-10-30T14:33:51+01:00
[INFO] Final Memory: 10M/2048M
[INFO] ------------------------------------------------------------------------
[INFO] Scanning for projects...
[INFO]                                                                         
[INFO] ------------------------------------------------------------------------
[INFO] Building Actors 1.0-SNAPSHOT
[INFO] ------------------------------------------------------------------------
[INFO] 
[INFO] --- maven-resources-plugin:2.6:resources (default-resources) @ actors ---
[INFO] Using 'UTF-8' encoding to copy filtered resources.
[INFO] skip non existing resourceDirectory /home/andriy/Projects/com/github/plokhotnyuk/actors/src/main/resources
[INFO] 
[INFO] --- maven-resources-plugin:2.6:testResources (default-testResources) @ actors ---
[INFO] Using 'UTF-8' encoding to copy filtered resources.
[INFO] skip non existing resourceDirectory /home/andriy/Projects/com/github/plokhotnyuk/actors/src/test/resources
[INFO] 
[INFO] --- scala-maven-plugin:3.2.2:testCompile (testCompile) @ actors ---
[WARNING]  Expected all dependencies to require Scala version: 2.11.8
[WARNING]  com.github.plokhotnyuk.actors:actors:1.0-SNAPSHOT requires scala version: 2.11.8
[WARNING]  com.typesafe.akka:akka-actor_2.11:2.4.12 requires scala version: 2.11.8
[WARNING]  org.scala-lang.modules:scala-java8-compat_2.11:0.7.0 requires scala version: 2.11.7
[WARNING] Multiple versions of scala libraries detected!
[INFO] Nothing to compile - all classes are up to date
[INFO] 
[INFO] --- maven-surefire-plugin:2.19.1:test (default-test) @ actors ---

-------------------------------------------------------
 T E S T S
-------------------------------------------------------
Running com.github.plokhotnyuk.actors.AkkaBoundedActorSpec
Executor service type: lbq-thread-pool

Enqueueing:
10,000,000 ops
528,748,561 ns
18,912,581 ops/s
30.3 % of CPU usage
48 bytes per instance

Dequeueing:
10,000,000 ops
935,245,264 ns
10,692,382 ops/s
28.1 % of CPU usage

Initiation:
100,000 ops
643,454,458 ns
6,434 ns/op
63.7 % of CPU usage
592 bytes per instance

Single-producer sending:
6,000,000 ops
1,328,697,035 ns
4,515,702 ops/s
53.6 % of CPU usage

Multi-producer sending:
6,000,000 ops
1,192,584,460 ns
5,031,090 ops/s
55.1 % of CPU usage

Max throughput:
12,000,000 ops
1,418,231,843 ns
8,461,240 ops/s
43.9 % of CPU usage

Ping latency:
1,500,000 ops
539,057,454 ns
p(0.00000) =      332 ns/op
p(0.50000) =      343 ns/op
p(0.90000) =      349 ns/op
p(0.99000) =      683 ns/op
p(0.99900) =     2303 ns/op
p(0.99990) =     7807 ns/op
p(0.99999) =    39679 ns/op
p(1.00000) =   864255 ns/op
27.4 % of CPU usage

Ping throughput 10K:
2,000,000 ops
1,758,603,991 ns
1,137,265 ops/s
37.5 % of CPU usage

Overflow throughput:
5,000,000 ops
568,236,137 ns
8,799,158 ops/s
44.9 % of CPU usage
Tests run: 9, Failures: 0, Errors: 0, Skipped: 0, Time elapsed: 20.395 sec - in com.github.plokhotnyuk.actors.AkkaBoundedActorSpec
Running com.github.plokhotnyuk.actors.AkkaMCNonBlockingBoundedActorSpec
Executor service type: lbq-thread-pool

Enqueueing:
10,000,000 ops
329,498,902 ns
30,349,114 ops/s
30.3 % of CPU usage
48 bytes per instance

Dequeueing:
10,000,000 ops
767,816,279 ns
13,023,948 ops/s
30.0 % of CPU usage

Initiation:
100,000 ops
669,594,609 ns
6,695 ns/op
65.0 % of CPU usage
408 bytes per instance

Single-producer sending:
6,000,000 ops
792,376,905 ns
7,572,154 ops/s
51.1 % of CPU usage

Multi-producer sending:
6,000,000 ops
940,708,876 ns
6,378,168 ops/s
72.3 % of CPU usage

Max throughput:
12,000,000 ops
1,034,305,925 ns
11,601,983 ops/s
39.6 % of CPU usage

Ping latency:
1,500,000 ops
459,398,328 ns
p(0.00000) =      284 ns/op
p(0.50000) =      295 ns/op
p(0.90000) =      303 ns/op
p(0.99000) =      379 ns/op
p(0.99900) =     2015 ns/op
p(0.99990) =     7711 ns/op
p(0.99999) =    20735 ns/op
p(1.00000) =   479231 ns/op
26.7 % of CPU usage

Ping throughput 10K:
2,000,000 ops
1,786,847,438 ns
1,119,289 ops/s
41.0 % of CPU usage

Overflow throughput:
5,000,000 ops
594,486,276 ns
8,410,623 ops/s
44.6 % of CPU usage
Tests run: 9, Failures: 0, Errors: 0, Skipped: 0, Time elapsed: 18.027 sec - in com.github.plokhotnyuk.actors.AkkaMCNonBlockingBoundedActorSpec
Running com.github.plokhotnyuk.actors.AkkaMCUnboundedActorSpec
Executor service type: lbq-thread-pool

Enqueueing:
10,000,000 ops
276,809,315 ns
36,125,951 ops/s
29.8 % of CPU usage
48 bytes per instance

Dequeueing:
10,000,000 ops
777,586,898 ns
12,860,298 ops/s
29.6 % of CPU usage

Initiation:
100,000 ops
673,422,903 ns
6,734 ns/op
65.7 % of CPU usage
408 bytes per instance

Single-producer sending:
6,000,000 ops
643,062,446 ns
9,330,353 ops/s
47.4 % of CPU usage

Multi-producer sending:
6,000,000 ops
652,707,921 ns
9,192,473 ops/s
52.1 % of CPU usage

Max throughput:
12,000,000 ops
1,040,628,968 ns
11,531,487 ops/s
37.0 % of CPU usage

Ping latency:
1,500,000 ops
496,113,002 ns
p(0.00000) =      300 ns/op
p(0.50000) =      311 ns/op
p(0.90000) =      317 ns/op
p(0.99000) =      783 ns/op
p(0.99900) =     2111 ns/op
p(0.99990) =     7743 ns/op
p(0.99999) =    34815 ns/op
p(1.00000) =   663551 ns/op
28.2 % of CPU usage

Ping throughput 10K:
2,000,000 ops
1,701,586,329 ns
1,175,373 ops/s
40.0 % of CPU usage
Tests run: 8, Failures: 0, Errors: 0, Skipped: 0, Time elapsed: 16.281 sec - in com.github.plokhotnyuk.actors.AkkaMCUnboundedActorSpec
Running com.github.plokhotnyuk.actors.AkkaSCONonBlockingBoundedActorSpec
Executor service type: lbq-thread-pool

Enqueueing:
10,000,000 ops
344,086,746 ns
29,062,438 ops/s
31.2 % of CPU usage
48 bytes per instance

Dequeueing:
10,000,000 ops
766,961,641 ns
13,038,461 ops/s
29.3 % of CPU usage

Initiation:
100,000 ops
697,909,039 ns
6,979 ns/op
65.6 % of CPU usage
408 bytes per instance

Single-producer sending:
6,000,000 ops
591,058,460 ns
10,151,280 ops/s
46.9 % of CPU usage

Multi-producer sending:
6,000,000 ops
987,127,484 ns
6,078,242 ops/s
75.2 % of CPU usage

Max throughput:
12,000,000 ops
1,064,532,965 ns
11,272,548 ops/s
39.7 % of CPU usage

Ping latency:
1,500,000 ops
432,155,829 ns
p(0.00000) =      266 ns/op
p(0.50000) =      277 ns/op
p(0.90000) =      283 ns/op
p(0.99000) =      463 ns/op
p(0.99900) =     2191 ns/op
p(0.99990) =     7711 ns/op
p(0.99999) =    23039 ns/op
p(1.00000) =   278527 ns/op
26.6 % of CPU usage

Ping throughput 10K:
2,000,000 ops
1,741,882,666 ns
1,148,182 ops/s
40.3 % of CPU usage

Overflow throughput:
5,000,000 ops
527,987,924 ns
9,469,913 ops/s
40.2 % of CPU usage
Tests run: 9, Failures: 0, Errors: 0, Skipped: 0, Time elapsed: 17.774 sec - in com.github.plokhotnyuk.actors.AkkaSCONonBlockingBoundedActorSpec
Running com.github.plokhotnyuk.actors.AkkaSCOUnboundedActorSpec
Executor service type: lbq-thread-pool

Enqueueing:
10,000,000 ops
279,060,348 ns
35,834,542 ops/s
29.6 % of CPU usage
48 bytes per instance

Dequeueing:
10,000,000 ops
763,575,827 ns
13,096,276 ops/s
29.1 % of CPU usage

Initiation:
100,000 ops
619,921,807 ns
6,199 ns/op
62.9 % of CPU usage
408 bytes per instance

Single-producer sending:
6,000,000 ops
752,815,956 ns
7,970,075 ops/s
53.1 % of CPU usage

Multi-producer sending:
6,000,000 ops
665,588,657 ns
9,014,576 ops/s
55.2 % of CPU usage

Max throughput:
12,000,000 ops
1,031,415,863 ns
11,634,492 ops/s
38.1 % of CPU usage

Ping latency:
1,500,000 ops
434,102,889 ns
p(0.00000) =      266 ns/op
p(0.50000) =      279 ns/op
p(0.90000) =      283 ns/op
p(0.99000) =      369 ns/op
p(0.99900) =     2367 ns/op
p(0.99990) =     7711 ns/op
p(0.99999) =    20863 ns/op
p(1.00000) =   313343 ns/op
25.9 % of CPU usage

Ping throughput 10K:
2,000,000 ops
1,741,052,968 ns
1,148,730 ops/s
40.6 % of CPU usage
Tests run: 8, Failures: 0, Errors: 0, Skipped: 0, Time elapsed: 16.421 sec - in com.github.plokhotnyuk.actors.AkkaSCOUnboundedActorSpec
Running com.github.plokhotnyuk.actors.AkkaUnboundedActorSpec
Executor service type: lbq-thread-pool

Enqueueing:
10,000,000 ops
296,538,928 ns
33,722,385 ops/s
32.9 % of CPU usage
48 bytes per instance

Dequeueing:
10,000,000 ops
918,377,779 ns
10,888,765 ops/s
30.2 % of CPU usage

Initiation:
100,000 ops
776,923,222 ns
7,769 ns/op
67.9 % of CPU usage
408 bytes per instance

Single-producer sending:
6,000,000 ops
649,969,430 ns
9,231,203 ops/s
38.5 % of CPU usage

Multi-producer sending:
6,000,000 ops
932,561,419 ns
6,433,892 ops/s
63.3 % of CPU usage

Max throughput:
12,000,000 ops
1,177,631,063 ns
10,189,948 ops/s
38.0 % of CPU usage

Ping latency:
1,500,000 ops
477,789,251 ns
p(0.00000) =      292 ns/op
p(0.50000) =      309 ns/op
p(0.90000) =      321 ns/op
p(0.99000) =      403 ns/op
p(0.99900) =     1647 ns/op
p(0.99990) =     7359 ns/op
p(0.99999) =    22911 ns/op
p(1.00000) =   274431 ns/op
26.2 % of CPU usage

Ping throughput 10K:
2,000,000 ops
1,845,523,634 ns
1,083,703 ops/s
38.9 % of CPU usage
Tests run: 8, Failures: 0, Errors: 0, Skipped: 0, Time elapsed: 17.243 sec - in com.github.plokhotnyuk.actors.AkkaUnboundedActorSpec
Running com.github.plokhotnyuk.actors.LiftActorSpec
Executor service type: lbq-thread-pool

Enqueueing:
10,000,000 ops
377,321,914 ns
26,502,568 ops/s
26.5 % of CPU usage
24 bytes per instance

Dequeueing:
10,000,000 ops
452,854,875 ns
22,082,129 ops/s
31.5 % of CPU usage

Initiation:
10,000,000 ops
662,870,297 ns
66 ns/op
33.2 % of CPU usage
72 bytes per instance

Single-producer sending:
6,000,000 ops
533,776,702 ns
11,240,655 ops/s
52.9 % of CPU usage

Multi-producer sending:
6,000,000 ops
630,349,580 ns
9,518,527 ops/s
50.8 % of CPU usage

Max throughput:
12,000,000 ops
839,273,773 ns
14,298,075 ops/s
45.6 % of CPU usage

Ping latency:
1,500,000 ops
914,451,218 ns
p(0.00000) =      464 ns/op
p(0.50000) =      495 ns/op
p(0.90000) =      535 ns/op
p(0.99000) =     2367 ns/op
p(0.99900) =    14207 ns/op
p(0.99990) =    40703 ns/op
p(0.99999) =    88575 ns/op
p(1.00000) =   606207 ns/op
35.0 % of CPU usage

Ping throughput 10K:
2,000,000 ops
1,034,105,098 ns
1,934,039 ops/s
31.7 % of CPU usage
Tests run: 8, Failures: 0, Errors: 0, Skipped: 0, Time elapsed: 14.888 sec - in com.github.plokhotnyuk.actors.LiftActorSpec
Running com.github.plokhotnyuk.actors.MinimalistActorSpec
Executor service type: lbq-thread-pool

Enqueueing:
40,000,000 ops
631,560,598 ns
63,335,173 ops/s
25.3 % of CPU usage
24 bytes per instance

Dequeueing:
40,000,000 ops
198,986,417 ns
201,018,745 ops/s
33.9 % of CPU usage

Initiation:
2,000,000 ops
968,051,802 ns
484 ns/op
87.0 % of CPU usage
43 bytes per instance

Single-producer sending:
15,000,000 ops
265,389,862 ns
56,520,621 ops/s
53.7 % of CPU usage

Multi-producer sending:
15,000,000 ops
362,135,255 ns
41,420,987 ops/s
96.0 % of CPU usage

Max throughput:
30,000,000 ops
370,305,017 ns
81,014,295 ops/s
66.2 % of CPU usage

Ping latency:
3,000,000 ops
552,680,116 ns
p(0.00000) =      167 ns/op
p(0.50000) =      174 ns/op
p(0.90000) =      186 ns/op
p(0.99000) =      353 ns/op
p(0.99900) =      719 ns/op
p(0.99990) =     5023 ns/op
p(0.99999) =    18559 ns/op
p(1.00000) =  1179647 ns/op
27.6 % of CPU usage

Ping throughput 10K:
6,000,000 ops
1,108,192,983 ns
5,414,219 ops/s
26.4 % of CPU usage
Tests run: 8, Failures: 0, Errors: 0, Skipped: 0, Time elapsed: 12.97 sec - in com.github.plokhotnyuk.actors.MinimalistActorSpec
Running com.github.plokhotnyuk.actors.ScalaActorSpec
Executor service type: lbq-thread-pool

Enqueueing:
20,000,000 ops
698,480,881 ns
28,633,568 ops/s
26.1 % of CPU usage
24 bytes per instance

Dequeueing:
300,000 ops
598,756,050 ns
501,038 ops/s
48.0 % of CPU usage

Initiation:
600,000 ops
505,898,752 ns
843 ns/op
78.6 % of CPU usage
269 bytes per instance

Single-producer sending:
300,000 ops
659,802,173 ns
454,681 ops/s
41.7 % of CPU usage

Multi-producer sending:
300,000 ops
552,298,456 ns
543,184 ops/s
30.8 % of CPU usage

Max throughput:
600,000 ops
1,019,640,844 ns
588,442 ops/s
26.0 % of CPU usage

Ping latency:
250,000 ops
797,657,222 ns
p(0.00000) =      920 ns/op
p(0.50000) =     4287 ns/op
p(0.90000) =     4383 ns/op
p(0.99000) =    17151 ns/op
p(0.99900) =    47615 ns/op
p(0.99990) =    95743 ns/op
p(0.99999) =   745471 ns/op
p(1.00000) =  2162687 ns/op
35.4 % of CPU usage

Ping throughput 10K:
400,000 ops
1,278,213,220 ns
312,936 ops/s
31.3 % of CPU usage
Tests run: 8, Failures: 0, Errors: 0, Skipped: 0, Time elapsed: 12.263 sec - in com.github.plokhotnyuk.actors.ScalaActorSpec
Running com.github.plokhotnyuk.actors.ScalazActorSpec
Executor service type: lbq-thread-pool

Enqueueing:
40,000,000 ops
630,567,202 ns
63,434,951 ops/s
25.4 % of CPU usage
24 bytes per instance

Dequeueing:
40,000,000 ops
151,075,319 ns
264,768,595 ops/s
38.1 % of CPU usage

Initiation:
10,000,000 ops
278,039,206 ns
27 ns/op
44.1 % of CPU usage
88 bytes per instance

Single-producer sending:
15,000,000 ops
300,916,558 ns
49,847,705 ops/s
69.0 % of CPU usage

Multi-producer sending:
15,000,000 ops
470,077,817 ns
31,909,610 ops/s
92.0 % of CPU usage

Max throughput:
30,000,000 ops
296,185,116 ns
101,288,006 ops/s
81.0 % of CPU usage

Ping latency:
3,000,000 ops
596,973,791 ns
p(0.00000) =      172 ns/op
p(0.50000) =      184 ns/op
p(0.90000) =      203 ns/op
p(0.99000) =      439 ns/op
p(0.99900) =     1375 ns/op
p(0.99990) =     4319 ns/op
p(0.99999) =    24959 ns/op
p(1.00000) =   260095 ns/op
32.7 % of CPU usage

Ping throughput 10K:
6,000,000 ops
1,165,397,978 ns
5,148,455 ops/s
29.0 % of CPU usage
Tests run: 8, Failures: 0, Errors: 0, Skipped: 0, Time elapsed: 15.687 sec - in com.github.plokhotnyuk.actors.ScalazActorSpec

Results :

Tests run: 83, Failures: 0, Errors: 0, Skipped: 0

[INFO] ------------------------------------------------------------------------
[INFO] BUILD SUCCESS
[INFO] ------------------------------------------------------------------------
[INFO] Total time: 02:52 min
[INFO] Finished at: 2016-10-30T14:36:45+01:00
[INFO] Final Memory: 10M/2048M
[INFO] ------------------------------------------------------------------------
