[INFO] Scanning for projects...
[INFO]                                                                         
[INFO] ------------------------------------------------------------------------
[INFO] Building Actors 1.0-SNAPSHOT
[INFO] ------------------------------------------------------------------------
[INFO] 
[INFO] --- maven-clean-plugin:2.5:clean (default-clean) @ actors ---
[INFO] Deleting /home/andriy/Projects/com/github/plokhotnyuk/actors/target
[INFO] 
[INFO] --- maven-resources-plugin:2.6:resources (default-resources) @ actors ---
[INFO] Using 'UTF-8' encoding to copy filtered resources.
[INFO] skip non existing resourceDirectory /home/andriy/Projects/com/github/plokhotnyuk/actors/src/main/resources
[INFO] 
[INFO] --- maven-resources-plugin:2.6:testResources (default-testResources) @ actors ---
[INFO] Using 'UTF-8' encoding to copy filtered resources.
[INFO] skip non existing resourceDirectory /home/andriy/Projects/com/github/plokhotnyuk/actors/src/test/resources
[INFO] 
[INFO] --- scala-maven-plugin:3.2.2:testCompile (testCompile) @ actors ---
[WARNING]  Expected all dependencies to require Scala version: 2.11.7
[WARNING]  com.github.plokhotnyuk.actors:actors:1.0-SNAPSHOT requires scala version: 2.11.7
[WARNING]  com.typesafe.akka:akka-actor_2.11:2.4.2 requires scala version: 2.11.7
[WARNING]  org.scala-lang.modules:scala-java8-compat_2.11:0.7.0 requires scala version: 2.11.7
[WARNING]  net.liftweb:lift-actor_2.11:3.0-M8 requires scala version: 2.11.4
[WARNING] Multiple versions of scala libraries detected!
[INFO] /home/andriy/Projects/com/github/plokhotnyuk/actors/src/test/scala:-1: info: compiling
[INFO] Compiling 16 source files to /home/andriy/Projects/com/github/plokhotnyuk/actors/target/test-classes at 1455903695387
[WARNING] /home/andriy/Projects/com/github/plokhotnyuk/actors/src/test/scala/com/github/plokhotnyuk/actors/ScalaActorSpec.scala:9: warning: trait SchedulerAdapter in package actors is deprecated: Use the akka.actor package instead. For migration from the scala.actors package refer to the Actors Migration Guide.
[WARNING]   val customScheduler = new SchedulerAdapter {
[WARNING]                             ^
[WARNING] /home/andriy/Projects/com/github/plokhotnyuk/actors/src/test/scala/com/github/plokhotnyuk/actors/ScalaActorSpec.scala:66: warning: trait Actor in package actors is deprecated: Use the akka.actor package instead. For migration from the scala.actors package refer to the Actors Migration Guide.
[WARNING]     footprintedAndTimedCollect(600000)(() => new Actor {
[WARNING]                                                  ^
[WARNING] /home/andriy/Projects/com/github/plokhotnyuk/actors/src/test/scala/com/github/plokhotnyuk/actors/ScalaActorSpec.scala:139: warning: trait Actor in package actors is deprecated: Use the akka.actor package instead. For migration from the scala.actors package refer to the Actors Migration Guide.
[WARNING]   private def pingLatencyActor(l: CountDownLatch, n: Int, h: LatencyHistogram): Actor =
[WARNING]                                                                                 ^
[WARNING] /home/andriy/Projects/com/github/plokhotnyuk/actors/src/test/scala/com/github/plokhotnyuk/actors/ScalaActorSpec.scala:140: warning: trait Actor in package actors is deprecated: Use the akka.actor package instead. For migration from the scala.actors package refer to the Actors Migration Guide.
[WARNING]     new Actor {
[WARNING]         ^
[WARNING] /home/andriy/Projects/com/github/plokhotnyuk/actors/src/test/scala/com/github/plokhotnyuk/actors/ScalaActorSpec.scala:155: warning: trait IScheduler in package actors is deprecated: Use the akka.actor package instead. For migration from the scala.actors package refer to the Actors Migration Guide.
[WARNING]       override def scheduler: IScheduler = customScheduler
[WARNING]                               ^
[WARNING] /home/andriy/Projects/com/github/plokhotnyuk/actors/src/test/scala/com/github/plokhotnyuk/actors/ScalaActorSpec.scala:169: warning: trait Actor in package actors is deprecated: Use the akka.actor package instead. For migration from the scala.actors package refer to the Actors Migration Guide.
[WARNING]   private def pingThroughputActor(l: CountDownLatch, n: Int): Actor =
[WARNING]                                                               ^
[WARNING] /home/andriy/Projects/com/github/plokhotnyuk/actors/src/test/scala/com/github/plokhotnyuk/actors/ScalaActorSpec.scala:170: warning: trait Actor in package actors is deprecated: Use the akka.actor package instead. For migration from the scala.actors package refer to the Actors Migration Guide.
[WARNING]     new Actor {
[WARNING]         ^
[WARNING] /home/andriy/Projects/com/github/plokhotnyuk/actors/src/test/scala/com/github/plokhotnyuk/actors/ScalaActorSpec.scala:184: warning: trait IScheduler in package actors is deprecated: Use the akka.actor package instead. For migration from the scala.actors package refer to the Actors Migration Guide.
[WARNING]       override def scheduler: IScheduler = customScheduler
[WARNING]                               ^
[WARNING] /home/andriy/Projects/com/github/plokhotnyuk/actors/src/test/scala/com/github/plokhotnyuk/actors/ScalaActorSpec.scala:187: warning: trait Actor in package actors is deprecated: Use the akka.actor package instead. For migration from the scala.actors package refer to the Actors Migration Guide.
[WARNING]   private def blockableCountActor(l1: CountDownLatch, l2: CountDownLatch, n: Int): Actor =
[WARNING]                                                                                    ^
[WARNING] /home/andriy/Projects/com/github/plokhotnyuk/actors/src/test/scala/com/github/plokhotnyuk/actors/ScalaActorSpec.scala:188: warning: trait Actor in package actors is deprecated: Use the akka.actor package instead. For migration from the scala.actors package refer to the Actors Migration Guide.
[WARNING]     new Actor {
[WARNING]         ^
[WARNING] /home/andriy/Projects/com/github/plokhotnyuk/actors/src/test/scala/com/github/plokhotnyuk/actors/ScalaActorSpec.scala:207: warning: trait IScheduler in package actors is deprecated: Use the akka.actor package instead. For migration from the scala.actors package refer to the Actors Migration Guide.
[WARNING]       override def scheduler: IScheduler = customScheduler
[WARNING]                               ^
[WARNING] /home/andriy/Projects/com/github/plokhotnyuk/actors/src/test/scala/com/github/plokhotnyuk/actors/ScalaActorSpec.scala:210: warning: trait Actor in package actors is deprecated: Use the akka.actor package instead. For migration from the scala.actors package refer to the Actors Migration Guide.
[WARNING]   private def countActor(l: CountDownLatch, n: Int): Actor =
[WARNING]                                                      ^
[WARNING] /home/andriy/Projects/com/github/plokhotnyuk/actors/src/test/scala/com/github/plokhotnyuk/actors/ScalaActorSpec.scala:211: warning: trait Actor in package actors is deprecated: Use the akka.actor package instead. For migration from the scala.actors package refer to the Actors Migration Guide.
[WARNING]     new Actor {
[WARNING]         ^
[WARNING] /home/andriy/Projects/com/github/plokhotnyuk/actors/src/test/scala/com/github/plokhotnyuk/actors/ScalaActorSpec.scala:224: warning: trait IScheduler in package actors is deprecated: Use the akka.actor package instead. For migration from the scala.actors package refer to the Actors Migration Guide.
[WARNING]       override def scheduler: IScheduler = customScheduler
[WARNING]                               ^
[WARNING] /home/andriy/Projects/com/github/plokhotnyuk/actors/src/test/scala/com/github/plokhotnyuk/actors/ScalaActorSpec.scala:227: warning: trait Actor in package actors is deprecated: Use the akka.actor package instead. For migration from the scala.actors package refer to the Actors Migration Guide.
[WARNING]   private def sendMessages(a: Actor, n: Int): Unit = {
[WARNING]                               ^
[WARNING] 15 warnings found
[INFO] prepare-compile in 0 s
[INFO] compile in 13 s
[INFO] ------------------------------------------------------------------------
[INFO] BUILD SUCCESS
[INFO] ------------------------------------------------------------------------
[INFO] Total time: 15.076 s
[INFO] Finished at: 2016-02-19T18:41:49+01:00
[INFO] Final Memory: 8M/1024M
[INFO] ------------------------------------------------------------------------
[INFO] Scanning for projects...
[INFO]                                                                         
[INFO] ------------------------------------------------------------------------
[INFO] Building Actors 1.0-SNAPSHOT
[INFO] ------------------------------------------------------------------------
[INFO] 
[INFO] --- maven-resources-plugin:2.6:resources (default-resources) @ actors ---
[INFO] Using 'UTF-8' encoding to copy filtered resources.
[INFO] skip non existing resourceDirectory /home/andriy/Projects/com/github/plokhotnyuk/actors/src/main/resources
[INFO] 
[INFO] --- maven-resources-plugin:2.6:testResources (default-testResources) @ actors ---
[INFO] Using 'UTF-8' encoding to copy filtered resources.
[INFO] skip non existing resourceDirectory /home/andriy/Projects/com/github/plokhotnyuk/actors/src/test/resources
[INFO] 
[INFO] --- scala-maven-plugin:3.2.2:testCompile (testCompile) @ actors ---
[WARNING]  Expected all dependencies to require Scala version: 2.11.7
[WARNING]  com.github.plokhotnyuk.actors:actors:1.0-SNAPSHOT requires scala version: 2.11.7
[WARNING]  com.typesafe.akka:akka-actor_2.11:2.4.2 requires scala version: 2.11.7
[WARNING]  org.scala-lang.modules:scala-java8-compat_2.11:0.7.0 requires scala version: 2.11.7
[WARNING]  net.liftweb:lift-actor_2.11:3.0-M8 requires scala version: 2.11.4
[WARNING] Multiple versions of scala libraries detected!
[INFO] Nothing to compile - all classes are up to date
[INFO] 
[INFO] --- maven-surefire-plugin:2.18.1:test (default-test) @ actors ---
[INFO] Surefire report directory: /home/andriy/Projects/com/github/plokhotnyuk/actors/target/surefire-reports

-------------------------------------------------------
 T E S T S
-------------------------------------------------------
Running com.github.plokhotnyuk.actors.AkkaBoundedActorSpec
Executor service type: akka-forkjoin-pool

Enqueueing:
10,000,000 ops
679,415,350 ns
14,718,537 ops/s
37.2 % of CPU usage
48 bytes per instance

Dequeueing:
10,000,000 ops
1,019,634,235 ns
9,807,438 ops/s
29.4 % of CPU usage

Initiation:
100,000 ops
996,296,927 ns
9,962 ns/op
87.8 % of CPU usage
610 bytes per instance

Single-producer sending:
6,000,000 ops
1,270,079,392 ns
4,724,114 ops/s
50.4 % of CPU usage

Multi-producer sending:
6,000,000 ops
1,280,851,819 ns
4,684,382 ops/s
53.1 % of CPU usage

Max throughput:
12,000,000 ops
839,082,042 ns
14,301,342 ops/s
94.2 % of CPU usage

Ping latency:
1,500,000 ops
906,011,190 ns
249 ns/op at 0.0%'ile
551 ns/op at 50.0%'ile
699 ns/op at 90.0%'ile
1,031 ns/op at 99.0%'ile
3,567 ns/op at 99.9%'ile
16,639 ns/op at 99.99%'ile
94,207 ns/op at 99.999%'ile
16,056,319 ns/op at 100.0%'ile
98.8 % of CPU usage

Ping throughput 10K:
2,000,000 ops
812,632,367 ns
2,461,137 ops/s
99.7 % of CPU usage

Overflow throughput:
5,000,000 ops
734,900,730 ns
6,803,639 ops/s
37.4 % of CPU usage
Tests run: 9, Failures: 0, Errors: 0, Skipped: 0, Time elapsed: 17.548 sec - in com.github.plokhotnyuk.actors.AkkaBoundedActorSpec
Running com.github.plokhotnyuk.actors.AkkaMCNonBlockingBoundedActorSpec
Executor service type: akka-forkjoin-pool

Enqueueing:
10,000,000 ops
327,049,719 ns
30,576,390 ops/s
29.8 % of CPU usage
48 bytes per instance

Dequeueing:
10,000,000 ops
800,366,989 ns
12,494,268 ops/s
29.7 % of CPU usage

Initiation:
100,000 ops
940,819,021 ns
9,408 ns/op
86.1 % of CPU usage
426 bytes per instance

Single-producer sending:
6,000,000 ops
689,338,946 ns
8,703,991 ops/s
45.0 % of CPU usage

Multi-producer sending:
6,000,000 ops
907,066,109 ns
6,614,732 ops/s
73.0 % of CPU usage

Max throughput:
12,000,000 ops
634,133,539 ns
18,923,458 ops/s
93.8 % of CPU usage

Ping latency:
1,500,000 ops
767,600,563 ns
221 ns/op at 0.0%'ile
465 ns/op at 50.0%'ile
595 ns/op at 90.0%'ile
763 ns/op at 99.0%'ile
2,991 ns/op at 99.9%'ile
14,335 ns/op at 99.99%'ile
58,623 ns/op at 99.999%'ile
21,495,807 ns/op at 100.0%'ile
99.0 % of CPU usage

Ping throughput 10K:
2,000,000 ops
708,637,787 ns
2,822,316 ops/s
99.1 % of CPU usage

Overflow throughput:
5,000,000 ops
589,426,010 ns
8,482,828 ops/s
44.1 % of CPU usage
Tests run: 9, Failures: 0, Errors: 0, Skipped: 0, Time elapsed: 14.4 sec - in com.github.plokhotnyuk.actors.AkkaMCNonBlockingBoundedActorSpec
Running com.github.plokhotnyuk.actors.AkkaMCUnboundedActorSpec
Executor service type: akka-forkjoin-pool

Enqueueing:
10,000,000 ops
354,518,161 ns
28,207,299 ops/s
46.5 % of CPU usage
48 bytes per instance

Dequeueing:
10,000,000 ops
797,854,706 ns
12,533,610 ops/s
30.1 % of CPU usage

Initiation:
100,000 ops
1,025,964,338 ns
10,259 ns/op
95.8 % of CPU usage
426 bytes per instance

Single-producer sending:
6,000,000 ops
695,264,230 ns
8,629,812 ops/s
43.1 % of CPU usage

Multi-producer sending:
6,000,000 ops
680,795,010 ns
8,813,225 ops/s
47.0 % of CPU usage

Max throughput:
12,000,000 ops
604,360,504 ns
19,855,698 ops/s
93.5 % of CPU usage

Ping latency:
1,500,000 ops
739,148,683 ns
217 ns/op at 0.0%'ile
425 ns/op at 50.0%'ile
555 ns/op at 90.0%'ile
811 ns/op at 99.0%'ile
2,671 ns/op at 99.9%'ile
12,095 ns/op at 99.99%'ile
42,495 ns/op at 99.999%'ile
24,510,463 ns/op at 100.0%'ile
99.4 % of CPU usage

Ping throughput 10K:
2,000,000 ops
701,132,830 ns
2,852,526 ops/s
98.4 % of CPU usage
Tests run: 8, Failures: 0, Errors: 0, Skipped: 0, Time elapsed: 13.274 sec - in com.github.plokhotnyuk.actors.AkkaMCUnboundedActorSpec
Running com.github.plokhotnyuk.actors.AkkaSCONonBlockingBoundedActorSpec
Executor service type: akka-forkjoin-pool

Enqueueing:
10,000,000 ops
472,702,257 ns
21,154,965 ops/s
46.0 % of CPU usage
48 bytes per instance

Dequeueing:
10,000,000 ops
826,290,277 ns
12,102,284 ops/s
30.3 % of CPU usage

Initiation:
100,000 ops
935,810,582 ns
9,358 ns/op
91.9 % of CPU usage
427 bytes per instance

Single-producer sending:
6,000,000 ops
792,794,238 ns
7,568,168 ops/s
47.6 % of CPU usage

Multi-producer sending:
6,000,000 ops
1,042,819,834 ns
5,753,630 ops/s
72.9 % of CPU usage

Max throughput:
12,000,000 ops
678,026,335 ns
17,698,427 ops/s
96.2 % of CPU usage

Ping latency:
1,500,000 ops
778,069,039 ns
199 ns/op at 0.0%'ile
447 ns/op at 50.0%'ile
583 ns/op at 90.0%'ile
751 ns/op at 99.0%'ile
3,647 ns/op at 99.9%'ile
13,119 ns/op at 99.99%'ile
60,415 ns/op at 99.999%'ile
16,515,071 ns/op at 100.0%'ile
99.3 % of CPU usage

Ping throughput 10K:
2,000,000 ops
735,397,707 ns
2,719,616 ops/s
98.9 % of CPU usage

Overflow throughput:
5,000,000 ops
543,903,382 ns
9,192,809 ops/s
36.8 % of CPU usage
Tests run: 9, Failures: 0, Errors: 0, Skipped: 0, Time elapsed: 14.997 sec - in com.github.plokhotnyuk.actors.AkkaSCONonBlockingBoundedActorSpec
Running com.github.plokhotnyuk.actors.AkkaSCOUnboundedActorSpec
Executor service type: akka-forkjoin-pool

Enqueueing:
10,000,000 ops
353,155,414 ns
28,316,145 ops/s
46.0 % of CPU usage
48 bytes per instance

Dequeueing:
10,000,000 ops
822,281,933 ns
12,161,278 ops/s
29.5 % of CPU usage

Initiation:
100,000 ops
927,906,204 ns
9,279 ns/op
84.9 % of CPU usage
426 bytes per instance

Single-producer sending:
6,000,000 ops
623,782,025 ns
9,618,744 ops/s
42.9 % of CPU usage

Multi-producer sending:
6,000,000 ops
671,228,014 ns
8,938,840 ops/s
54.0 % of CPU usage

Max throughput:
12,000,000 ops
626,421,409 ns
19,156,433 ops/s
95.4 % of CPU usage

Ping latency:
1,500,000 ops
774,602,047 ns
211 ns/op at 0.0%'ile
451 ns/op at 50.0%'ile
599 ns/op at 90.0%'ile
963 ns/op at 99.0%'ile
4,319 ns/op at 99.9%'ile
14,847 ns/op at 99.99%'ile
42,495 ns/op at 99.999%'ile
16,056,319 ns/op at 100.0%'ile
99.1 % of CPU usage

Ping throughput 10K:
2,000,000 ops
760,963,796 ns
2,628,245 ops/s
99.2 % of CPU usage
Tests run: 8, Failures: 0, Errors: 0, Skipped: 0, Time elapsed: 13.188 sec - in com.github.plokhotnyuk.actors.AkkaSCOUnboundedActorSpec
Running com.github.plokhotnyuk.actors.AkkaUnboundedActorSpec
Executor service type: akka-forkjoin-pool

Enqueueing:
10,000,000 ops
367,807,715 ns
27,188,119 ops/s
44.2 % of CPU usage
48 bytes per instance

Dequeueing:
10,000,000 ops
935,229,100 ns
10,692,567 ops/s
30.2 % of CPU usage

Initiation:
100,000 ops
981,228,426 ns
9,812 ns/op
90.7 % of CPU usage
426 bytes per instance

Single-producer sending:
6,000,000 ops
695,193,217 ns
8,630,694 ops/s
47.5 % of CPU usage

Multi-producer sending:
6,000,000 ops
955,348,467 ns
6,280,430 ops/s
63.1 % of CPU usage

Max throughput:
12,000,000 ops
677,701,839 ns
17,706,901 ops/s
95.9 % of CPU usage

Ping latency:
1,500,000 ops
781,921,301 ns
228 ns/op at 0.0%'ile
479 ns/op at 50.0%'ile
627 ns/op at 90.0%'ile
1,255 ns/op at 99.0%'ile
3,407 ns/op at 99.9%'ile
15,231 ns/op at 99.99%'ile
54,527 ns/op at 99.999%'ile
888,831 ns/op at 100.0%'ile
99.1 % of CPU usage

Ping throughput 10K:
2,000,000 ops
787,463,455 ns
2,539,800 ops/s
99.7 % of CPU usage
Tests run: 8, Failures: 0, Errors: 0, Skipped: 0, Time elapsed: 14.063 sec - in com.github.plokhotnyuk.actors.AkkaUnboundedActorSpec
Running com.github.plokhotnyuk.actors.LiftActorSpec
Executor service type: akka-forkjoin-pool

Enqueueing:
10,000,000 ops
380,362,029 ns
26,290,742 ops/s
26.9 % of CPU usage
24 bytes per instance

Dequeueing:
10,000,000 ops
423,992,817 ns
23,585,305 ops/s
29.5 % of CPU usage

Initiation:
10,000,000 ops
645,235,965 ns
64 ns/op
32.9 % of CPU usage
72 bytes per instance

Single-producer sending:
6,000,000 ops
812,721,324 ns
7,382,604 ops/s
57.5 % of CPU usage

Multi-producer sending:
6,000,000 ops
617,511,318 ns
9,716,421 ops/s
52.6 % of CPU usage

Max throughput:
12,000,000 ops
516,443,549 ns
23,235,840 ops/s
95.4 % of CPU usage

Ping latency:
1,500,000 ops
1,279,115,059 ns
368 ns/op at 0.0%'ile
711 ns/op at 50.0%'ile
847 ns/op at 90.0%'ile
3,119 ns/op at 99.0%'ile
18,431 ns/op at 99.9%'ile
40,447 ns/op at 99.99%'ile
181,247 ns/op at 99.999%'ile
20,054,015 ns/op at 100.0%'ile
98.5 % of CPU usage

Ping throughput 10K:
2,000,000 ops
683,902,269 ns
2,924,394 ops/s
97.2 % of CPU usage
Tests run: 8, Failures: 0, Errors: 0, Skipped: 0, Time elapsed: 12.344 sec - in com.github.plokhotnyuk.actors.LiftActorSpec
Running com.github.plokhotnyuk.actors.MinimalistActorSpec
Executor service type: akka-forkjoin-pool

Enqueueing:
40,000,000 ops
627,831,599 ns
63,711,351 ops/s
25.5 % of CPU usage
24 bytes per instance

Dequeueing:
40,000,000 ops
295,449,816 ns
135,386,782 ops/s
53.3 % of CPU usage

Initiation:
2,000,000 ops
456,151,366 ns
228 ns/op
98.7 % of CPU usage
43 bytes per instance

Single-producer sending:
15,000,000 ops
225,339,732 ns
66,566,157 ops/s
66.6 % of CPU usage

Multi-producer sending:
15,000,000 ops
382,290,484 ns
39,237,178 ops/s
94.8 % of CPU usage

Max throughput:
30,000,000 ops
261,340,538 ns
114,792,753 ops/s
93.7 % of CPU usage

Ping latency:
3,000,000 ops
850,557,502 ns
72 ns/op at 0.0%'ile
211 ns/op at 50.0%'ile
371 ns/op at 90.0%'ile
479 ns/op at 99.0%'ile
859 ns/op at 99.9%'ile
9,727 ns/op at 99.99%'ile
36,095 ns/op at 99.999%'ile
24,117,247 ns/op at 100.0%'ile
99.1 % of CPU usage

Ping throughput 10K:
6,000,000 ops
776,488,925 ns
7,727,090 ops/s
98.8 % of CPU usage
Tests run: 8, Failures: 0, Errors: 0, Skipped: 0, Time elapsed: 10.126 sec - in com.github.plokhotnyuk.actors.MinimalistActorSpec
Running com.github.plokhotnyuk.actors.ScalaActorSpec
Executor service type: akka-forkjoin-pool

Enqueueing:
20,000,000 ops
430,679,759 ns
46,438,216 ops/s
29.0 % of CPU usage
23 bytes per instance

Dequeueing:
300,000 ops
756,707,122 ns
396,454 ops/s
97.8 % of CPU usage

Initiation:
600,000 ops
769,896,559 ns
1,283 ns/op
98.7 % of CPU usage
224 bytes per instance

Single-producer sending:
300,000 ops
654,168,220 ns
458,597 ops/s
99.0 % of CPU usage

Multi-producer sending:
300,000 ops
513,780,312 ns
583,907 ops/s
99.3 % of CPU usage

Max throughput:
600,000 ops
515,031,142 ns
1,164,978 ops/s
99.5 % of CPU usage

Ping latency:
250,000 ops
658,731,135 ns
1,376 ns/op at 0.0%'ile
1,839 ns/op at 50.0%'ile
3,855 ns/op at 90.0%'ile
14,911 ns/op at 99.0%'ile
40,191 ns/op at 99.9%'ile
91,135 ns/op at 99.99%'ile
1,761,279 ns/op at 99.999%'ile
25,559,039 ns/op at 100.0%'ile
98.3 % of CPU usage

Ping throughput 10K:
400,000 ops
818,485,723 ns
488,707 ops/s
99.0 % of CPU usage
Tests run: 8, Failures: 0, Errors: 0, Skipped: 0, Time elapsed: 8.95 sec - in com.github.plokhotnyuk.actors.ScalaActorSpec
Running com.github.plokhotnyuk.actors.ScalazActorSpec
Executor service type: akka-forkjoin-pool

Enqueueing:
40,000,000 ops
630,136,757 ns
63,478,283 ops/s
25.4 % of CPU usage
24 bytes per instance

Dequeueing:
40,000,000 ops
231,454,852 ns
172,819,881 ops/s
48.6 % of CPU usage

Initiation:
10,000,000 ops
291,945,751 ns
29 ns/op
42.0 % of CPU usage
104 bytes per instance

Single-producer sending:
15,000,000 ops
301,677,007 ns
49,722,052 ops/s
88.7 % of CPU usage

Multi-producer sending:
15,000,000 ops
456,751,604 ns
32,840,607 ops/s
91.4 % of CPU usage

Max throughput:
30,000,000 ops
413,655,287 ns
72,524,154 ops/s
97.3 % of CPU usage

Ping latency:
3,000,000 ops
1,029,770,511 ns
71 ns/op at 0.0%'ile
242 ns/op at 50.0%'ile
465 ns/op at 90.0%'ile
1,223 ns/op at 99.0%'ile
3,151 ns/op at 99.9%'ile
12,031 ns/op at 99.99%'ile
118,783 ns/op at 99.999%'ile
16,908,287 ns/op at 100.0%'ile
98.3 % of CPU usage

Ping throughput 10K:
6,000,000 ops
1,218,681,011 ns
4,923,355 ops/s
99.9 % of CPU usage
Tests run: 8, Failures: 0, Errors: 0, Skipped: 0, Time elapsed: 14.727 sec - in com.github.plokhotnyuk.actors.ScalazActorSpec

Results :

Tests run: 83, Failures: 0, Errors: 0, Skipped: 0

[INFO] ------------------------------------------------------------------------
[INFO] BUILD SUCCESS
[INFO] ------------------------------------------------------------------------
[INFO] Total time: 02:29 min
[INFO] Finished at: 2016-02-19T18:44:20+01:00
[INFO] Final Memory: 9M/1024M
[INFO] ------------------------------------------------------------------------
[INFO] Scanning for projects...
[INFO]                                                                         
[INFO] ------------------------------------------------------------------------
[INFO] Building Actors 1.0-SNAPSHOT
[INFO] ------------------------------------------------------------------------
[INFO] 
[INFO] --- maven-resources-plugin:2.6:resources (default-resources) @ actors ---
[INFO] Using 'UTF-8' encoding to copy filtered resources.
[INFO] skip non existing resourceDirectory /home/andriy/Projects/com/github/plokhotnyuk/actors/src/main/resources
[INFO] 
[INFO] --- maven-resources-plugin:2.6:testResources (default-testResources) @ actors ---
[INFO] Using 'UTF-8' encoding to copy filtered resources.
[INFO] skip non existing resourceDirectory /home/andriy/Projects/com/github/plokhotnyuk/actors/src/test/resources
[INFO] 
[INFO] --- scala-maven-plugin:3.2.2:testCompile (testCompile) @ actors ---
[WARNING]  Expected all dependencies to require Scala version: 2.11.7
[WARNING]  com.github.plokhotnyuk.actors:actors:1.0-SNAPSHOT requires scala version: 2.11.7
[WARNING]  com.typesafe.akka:akka-actor_2.11:2.4.2 requires scala version: 2.11.7
[WARNING]  org.scala-lang.modules:scala-java8-compat_2.11:0.7.0 requires scala version: 2.11.7
[WARNING]  net.liftweb:lift-actor_2.11:3.0-M8 requires scala version: 2.11.4
[WARNING] Multiple versions of scala libraries detected!
[INFO] Nothing to compile - all classes are up to date
[INFO] 
[INFO] --- maven-surefire-plugin:2.18.1:test (default-test) @ actors ---
[INFO] Surefire report directory: /home/andriy/Projects/com/github/plokhotnyuk/actors/target/surefire-reports

-------------------------------------------------------
 T E S T S
-------------------------------------------------------
Running com.github.plokhotnyuk.actors.AkkaBoundedActorSpec
Executor service type: scala-forkjoin-pool

Enqueueing:
10,000,000 ops
548,390,845 ns
18,235,169 ops/s
38.7 % of CPU usage
48 bytes per instance

Dequeueing:
10,000,000 ops
1,019,611,129 ns
9,807,660 ops/s
29.4 % of CPU usage

Initiation:
100,000 ops
965,091,058 ns
9,650 ns/op
96.4 % of CPU usage
610 bytes per instance

Single-producer sending:
6,000,000 ops
1,313,359,088 ns
4,568,438 ops/s
48.2 % of CPU usage

Multi-producer sending:
6,000,000 ops
1,122,897,399 ns
5,343,319 ops/s
49.6 % of CPU usage

Max throughput:
12,000,000 ops
884,604,082 ns
13,565,390 ops/s
95.0 % of CPU usage

Ping latency:
1,500,000 ops
973,187,327 ns
224 ns/op at 0.0%'ile
535 ns/op at 50.0%'ile
715 ns/op at 90.0%'ile
1,247 ns/op at 99.0%'ile
4,703 ns/op at 99.9%'ile
14,847 ns/op at 99.99%'ile
67,071 ns/op at 99.999%'ile
32,112,639 ns/op at 100.0%'ile
99.2 % of CPU usage

Ping throughput 10K:
2,000,000 ops
809,707,860 ns
2,470,026 ops/s
99.1 % of CPU usage

Overflow throughput:
5,000,000 ops
688,313,111 ns
7,264,135 ops/s
45.0 % of CPU usage
Tests run: 9, Failures: 0, Errors: 0, Skipped: 0, Time elapsed: 17.131 sec - in com.github.plokhotnyuk.actors.AkkaBoundedActorSpec
Running com.github.plokhotnyuk.actors.AkkaMCNonBlockingBoundedActorSpec
Executor service type: scala-forkjoin-pool

Enqueueing:
10,000,000 ops
318,272,218 ns
31,419,644 ops/s
43.2 % of CPU usage
48 bytes per instance

Dequeueing:
10,000,000 ops
822,032,044 ns
12,164,975 ops/s
29.8 % of CPU usage

Initiation:
100,000 ops
910,952,759 ns
9,109 ns/op
88.4 % of CPU usage
425 bytes per instance

Single-producer sending:
6,000,000 ops
776,369,565 ns
7,728,278 ops/s
45.7 % of CPU usage

Multi-producer sending:
6,000,000 ops
930,909,892 ns
6,445,306 ops/s
68.5 % of CPU usage

Max throughput:
12,000,000 ops
607,679,401 ns
19,747,254 ops/s
93.8 % of CPU usage

Ping latency:
1,500,000 ops
762,755,712 ns
191 ns/op at 0.0%'ile
459 ns/op at 50.0%'ile
603 ns/op at 90.0%'ile
983 ns/op at 99.0%'ile
2,959 ns/op at 99.9%'ile
14,847 ns/op at 99.99%'ile
63,743 ns/op at 99.999%'ile
12,386,303 ns/op at 100.0%'ile
98.7 % of CPU usage

Ping throughput 10K:
2,000,000 ops
747,461,785 ns
2,675,722 ops/s
99.0 % of CPU usage

Overflow throughput:
5,000,000 ops
812,195,466 ns
6,156,153 ops/s
36.9 % of CPU usage
Tests run: 9, Failures: 0, Errors: 0, Skipped: 0, Time elapsed: 14.819 sec - in com.github.plokhotnyuk.actors.AkkaMCNonBlockingBoundedActorSpec
Running com.github.plokhotnyuk.actors.AkkaMCUnboundedActorSpec
Executor service type: scala-forkjoin-pool

Enqueueing:
10,000,000 ops
368,136,857 ns
27,163,810 ops/s
46.2 % of CPU usage
48 bytes per instance

Dequeueing:
10,000,000 ops
789,713,410 ns
12,662,821 ops/s
29.8 % of CPU usage

Initiation:
100,000 ops
1,028,184,088 ns
10,281 ns/op
91.4 % of CPU usage
426 bytes per instance

Single-producer sending:
6,000,000 ops
605,013,397 ns
9,917,135 ops/s
43.4 % of CPU usage

Multi-producer sending:
6,000,000 ops
689,929,593 ns
8,696,539 ops/s
51.8 % of CPU usage

Max throughput:
12,000,000 ops
592,143,699 ns
20,265,351 ops/s
95.0 % of CPU usage

Ping latency:
1,500,000 ops
756,640,680 ns
194 ns/op at 0.0%'ile
431 ns/op at 50.0%'ile
563 ns/op at 90.0%'ile
751 ns/op at 99.0%'ile
6,463 ns/op at 99.9%'ile
13,247 ns/op at 99.99%'ile
58,367 ns/op at 99.999%'ile
12,451,839 ns/op at 100.0%'ile
97.5 % of CPU usage

Ping throughput 10K:
2,000,000 ops
705,705,844 ns
2,834,041 ops/s
99.9 % of CPU usage
Tests run: 8, Failures: 0, Errors: 0, Skipped: 0, Time elapsed: 13.03 sec - in com.github.plokhotnyuk.actors.AkkaMCUnboundedActorSpec
Running com.github.plokhotnyuk.actors.AkkaSCONonBlockingBoundedActorSpec
Executor service type: scala-forkjoin-pool

Enqueueing:
10,000,000 ops
297,026,093 ns
33,667,075 ops/s
30.3 % of CPU usage
48 bytes per instance

Dequeueing:
10,000,000 ops
826,765,864 ns
12,095,322 ops/s
29.3 % of CPU usage

Initiation:
100,000 ops
923,270,824 ns
9,232 ns/op
84.5 % of CPU usage
425 bytes per instance

Single-producer sending:
6,000,000 ops
645,922,907 ns
9,289,034 ops/s
41.0 % of CPU usage

Multi-producer sending:
6,000,000 ops
998,576,037 ns
6,008,555 ops/s
70.1 % of CPU usage

Max throughput:
12,000,000 ops
664,431,445 ns
18,060,554 ops/s
95.2 % of CPU usage

Ping latency:
1,500,000 ops
767,351,405 ns
181 ns/op at 0.0%'ile
459 ns/op at 50.0%'ile
599 ns/op at 90.0%'ile
847 ns/op at 99.0%'ile
8,447 ns/op at 99.9%'ile
16,639 ns/op at 99.99%'ile
74,239 ns/op at 99.999%'ile
9,633,791 ns/op at 100.0%'ile
97.7 % of CPU usage

Ping throughput 10K:
2,000,000 ops
692,721,307 ns
2,887,163 ops/s
99.6 % of CPU usage

Overflow throughput:
5,000,000 ops
629,967,122 ns
7,936,922 ops/s
46.0 % of CPU usage
Tests run: 9, Failures: 0, Errors: 0, Skipped: 0, Time elapsed: 14.444 sec - in com.github.plokhotnyuk.actors.AkkaSCONonBlockingBoundedActorSpec
Running com.github.plokhotnyuk.actors.AkkaSCOUnboundedActorSpec
Executor service type: scala-forkjoin-pool

Enqueueing:
10,000,000 ops
366,231,090 ns
27,305,164 ops/s
47.1 % of CPU usage
48 bytes per instance

Dequeueing:
10,000,000 ops
821,068,382 ns
12,179,253 ops/s
29.5 % of CPU usage

Initiation:
100,000 ops
1,005,942,092 ns
10,059 ns/op
92.0 % of CPU usage
426 bytes per instance

Single-producer sending:
6,000,000 ops
719,587,056 ns
8,338,115 ops/s
47.6 % of CPU usage

Multi-producer sending:
6,000,000 ops
700,703,465 ns
8,562,823 ops/s
54.2 % of CPU usage

Max throughput:
12,000,000 ops
594,745,827 ns
20,176,686 ops/s
92.5 % of CPU usage

Ping latency:
1,500,000 ops
724,976,458 ns
207 ns/op at 0.0%'ile
437 ns/op at 50.0%'ile
563 ns/op at 90.0%'ile
783 ns/op at 99.0%'ile
3,407 ns/op at 99.9%'ile
14,655 ns/op at 99.99%'ile
50,175 ns/op at 99.999%'ile
11,730,943 ns/op at 100.0%'ile
99.0 % of CPU usage

Ping throughput 10K:
2,000,000 ops
720,623,664 ns
2,775,373 ops/s
99.2 % of CPU usage
Tests run: 8, Failures: 0, Errors: 0, Skipped: 0, Time elapsed: 13.32 sec - in com.github.plokhotnyuk.actors.AkkaSCOUnboundedActorSpec
Running com.github.plokhotnyuk.actors.AkkaUnboundedActorSpec
Executor service type: scala-forkjoin-pool

Enqueueing:
10,000,000 ops
336,664,903 ns
29,703,125 ops/s
49.8 % of CPU usage
48 bytes per instance

Dequeueing:
10,000,000 ops
942,538,192 ns
10,609,649 ops/s
30.5 % of CPU usage

Initiation:
100,000 ops
1,046,742,212 ns
10,467 ns/op
88.1 % of CPU usage
425 bytes per instance

Single-producer sending:
6,000,000 ops
811,021,866 ns
7,398,074 ops/s
51.2 % of CPU usage

Multi-producer sending:
6,000,000 ops
985,069,564 ns
6,090,940 ops/s
67.0 % of CPU usage

Max throughput:
12,000,000 ops
667,868,894 ns
17,967,598 ops/s
97.3 % of CPU usage

Ping latency:
1,500,000 ops
832,818,633 ns
217 ns/op at 0.0%'ile
475 ns/op at 50.0%'ile
631 ns/op at 90.0%'ile
1,135 ns/op at 99.0%'ile
5,343 ns/op at 99.9%'ile
15,487 ns/op at 99.99%'ile
54,271 ns/op at 99.999%'ile
32,112,639 ns/op at 100.0%'ile
98.8 % of CPU usage

Ping throughput 10K:
2,000,000 ops
794,451,742 ns
2,517,459 ops/s
99.4 % of CPU usage
Tests run: 8, Failures: 0, Errors: 0, Skipped: 0, Time elapsed: 14.524 sec - in com.github.plokhotnyuk.actors.AkkaUnboundedActorSpec
Running com.github.plokhotnyuk.actors.LiftActorSpec
Executor service type: scala-forkjoin-pool

Enqueueing:
10,000,000 ops
381,950,722 ns
26,181,387 ops/s
26.8 % of CPU usage
24 bytes per instance

Dequeueing:
10,000,000 ops
414,818,471 ns
24,106,930 ops/s
29.5 % of CPU usage

Initiation:
10,000,000 ops
638,228,681 ns
63 ns/op
32.9 % of CPU usage
72 bytes per instance

Single-producer sending:
6,000,000 ops
481,340,164 ns
12,465,197 ops/s
55.6 % of CPU usage

Multi-producer sending:
6,000,000 ops
549,735,501 ns
10,914,339 ops/s
55.5 % of CPU usage

Max throughput:
12,000,000 ops
505,107,657 ns
23,757,311 ops/s
92.6 % of CPU usage

Ping latency:
1,500,000 ops
1,291,229,116 ns
348 ns/op at 0.0%'ile
667 ns/op at 50.0%'ile
835 ns/op at 90.0%'ile
3,791 ns/op at 99.0%'ile
13,567 ns/op at 99.9%'ile
64,767 ns/op at 99.99%'ile
236,543 ns/op at 99.999%'ile
23,986,175 ns/op at 100.0%'ile
97.2 % of CPU usage

Ping throughput 10K:
2,000,000 ops
630,033,829 ns
3,174,432 ops/s
97.6 % of CPU usage
Tests run: 8, Failures: 0, Errors: 0, Skipped: 0, Time elapsed: 11.926 sec - in com.github.plokhotnyuk.actors.LiftActorSpec
Running com.github.plokhotnyuk.actors.MinimalistActorSpec
Executor service type: scala-forkjoin-pool

Enqueueing:
40,000,000 ops
627,740,076 ns
63,720,640 ops/s
25.1 % of CPU usage
24 bytes per instance

Dequeueing:
40,000,000 ops
187,546,509 ns
213,280,429 ops/s
80.0 % of CPU usage

Initiation:
2,000,000 ops
574,951,888 ns
287 ns/op
99.1 % of CPU usage
41 bytes per instance

Single-producer sending:
15,000,000 ops
224,018,004 ns
66,958,903 ops/s
63.6 % of CPU usage

Multi-producer sending:
15,000,000 ops
380,014,679 ns
39,472,159 ops/s
96.7 % of CPU usage

Max throughput:
30,000,000 ops
267,602,300 ns
112,106,659 ops/s
96.2 % of CPU usage

Ping latency:
3,000,000 ops
818,895,727 ns
75 ns/op at 0.0%'ile
212 ns/op at 50.0%'ile
371 ns/op at 90.0%'ile
639 ns/op at 99.0%'ile
1,647 ns/op at 99.9%'ile
13,119 ns/op at 99.99%'ile
31,999 ns/op at 99.999%'ile
20,054,015 ns/op at 100.0%'ile
99.2 % of CPU usage

Ping throughput 10K:
6,000,000 ops
779,385,264 ns
7,698,374 ops/s
99.1 % of CPU usage
Tests run: 8, Failures: 0, Errors: 0, Skipped: 0, Time elapsed: 10.151 sec - in com.github.plokhotnyuk.actors.MinimalistActorSpec
Running com.github.plokhotnyuk.actors.ScalaActorSpec
Executor service type: scala-forkjoin-pool

Enqueueing:
20,000,000 ops
430,668,313 ns
46,439,450 ops/s
29.0 % of CPU usage
23 bytes per instance

Dequeueing:
300,000 ops
679,416,549 ns
441,555 ops/s
97.5 % of CPU usage

Initiation:
600,000 ops
822,028,264 ns
1,370 ns/op
98.2 % of CPU usage
224 bytes per instance

Single-producer sending:
300,000 ops
661,200,158 ns
453,720 ops/s
98.7 % of CPU usage

Multi-producer sending:
300,000 ops
546,302,761 ns
549,146 ops/s
98.8 % of CPU usage

Max throughput:
600,000 ops
740,942,105 ns
809,779 ops/s
99.5 % of CPU usage

Ping latency:
250,000 ops
699,014,231 ns
1,352 ns/op at 0.0%'ile
1,903 ns/op at 50.0%'ile
3,631 ns/op at 90.0%'ile
9,599 ns/op at 99.0%'ile
31,871 ns/op at 99.9%'ile
127,487 ns/op at 99.99%'ile
7,045,119 ns/op at 99.999%'ile
24,117,247 ns/op at 100.0%'ile
98.0 % of CPU usage

Ping throughput 10K:
400,000 ops
675,010,462 ns
592,583 ops/s
99.6 % of CPU usage
Tests run: 8, Failures: 0, Errors: 0, Skipped: 0, Time elapsed: 9.13 sec - in com.github.plokhotnyuk.actors.ScalaActorSpec
Running com.github.plokhotnyuk.actors.ScalazActorSpec
Executor service type: scala-forkjoin-pool

Enqueueing:
40,000,000 ops
630,929,174 ns
63,398,558 ops/s
25.4 % of CPU usage
24 bytes per instance

Dequeueing:
40,000,000 ops
235,425,657 ns
169,905,015 ops/s
56.3 % of CPU usage

Initiation:
10,000,000 ops
277,815,626 ns
27 ns/op
43.2 % of CPU usage
104 bytes per instance

Single-producer sending:
15,000,000 ops
432,857,395 ns
34,653,445 ops/s
86.1 % of CPU usage

Multi-producer sending:
15,000,000 ops
450,600,479 ns
33,288,912 ops/s
94.9 % of CPU usage

Max throughput:
30,000,000 ops
344,978,027 ns
86,962,060 ops/s
99.3 % of CPU usage

Ping latency:
3,000,000 ops
925,132,935 ns
61 ns/op at 0.0%'ile
237 ns/op at 50.0%'ile
419 ns/op at 90.0%'ile
971 ns/op at 99.0%'ile
1,991 ns/op at 99.9%'ile
11,775 ns/op at 99.99%'ile
43,775 ns/op at 99.999%'ile
20,054,015 ns/op at 100.0%'ile
98.9 % of CPU usage

Ping throughput 10K:
6,000,000 ops
868,563,990 ns
6,907,953 ops/s
99.6 % of CPU usage
Tests run: 8, Failures: 0, Errors: 0, Skipped: 0, Time elapsed: 14.298 sec - in com.github.plokhotnyuk.actors.ScalazActorSpec

Results :

Tests run: 83, Failures: 0, Errors: 0, Skipped: 0

[INFO] ------------------------------------------------------------------------
[INFO] BUILD SUCCESS
[INFO] ------------------------------------------------------------------------
[INFO] Total time: 02:28 min
[INFO] Finished at: 2016-02-19T18:46:50+01:00
[INFO] Final Memory: 9M/1024M
[INFO] ------------------------------------------------------------------------
[INFO] Scanning for projects...
[INFO]                                                                         
[INFO] ------------------------------------------------------------------------
[INFO] Building Actors 1.0-SNAPSHOT
[INFO] ------------------------------------------------------------------------
[INFO] 
[INFO] --- maven-resources-plugin:2.6:resources (default-resources) @ actors ---
[INFO] Using 'UTF-8' encoding to copy filtered resources.
[INFO] skip non existing resourceDirectory /home/andriy/Projects/com/github/plokhotnyuk/actors/src/main/resources
[INFO] 
[INFO] --- maven-resources-plugin:2.6:testResources (default-testResources) @ actors ---
[INFO] Using 'UTF-8' encoding to copy filtered resources.
[INFO] skip non existing resourceDirectory /home/andriy/Projects/com/github/plokhotnyuk/actors/src/test/resources
[INFO] 
[INFO] --- scala-maven-plugin:3.2.2:testCompile (testCompile) @ actors ---
[WARNING]  Expected all dependencies to require Scala version: 2.11.7
[WARNING]  com.github.plokhotnyuk.actors:actors:1.0-SNAPSHOT requires scala version: 2.11.7
[WARNING]  com.typesafe.akka:akka-actor_2.11:2.4.2 requires scala version: 2.11.7
[WARNING]  org.scala-lang.modules:scala-java8-compat_2.11:0.7.0 requires scala version: 2.11.7
[WARNING]  net.liftweb:lift-actor_2.11:3.0-M8 requires scala version: 2.11.4
[WARNING] Multiple versions of scala libraries detected!
[INFO] Nothing to compile - all classes are up to date
[INFO] 
[INFO] --- maven-surefire-plugin:2.18.1:test (default-test) @ actors ---
[INFO] Surefire report directory: /home/andriy/Projects/com/github/plokhotnyuk/actors/target/surefire-reports

-------------------------------------------------------
 T E S T S
-------------------------------------------------------
Running com.github.plokhotnyuk.actors.AkkaBoundedActorSpec
Executor service type: java-forkjoin-pool

Enqueueing:
10,000,000 ops
558,727,068 ns
17,897,826 ops/s
40.3 % of CPU usage
48 bytes per instance

Dequeueing:
10,000,000 ops
1,068,021,971 ns
9,363,103 ops/s
28.6 % of CPU usage

Initiation:
100,000 ops
916,524,423 ns
9,165 ns/op
78.6 % of CPU usage
610 bytes per instance

Single-producer sending:
6,000,000 ops
902,401,327 ns
6,648,926 ops/s
44.3 % of CPU usage

Multi-producer sending:
6,000,000 ops
1,126,543,353 ns
5,326,026 ops/s
46.8 % of CPU usage

Max throughput:
12,000,000 ops
823,212,151 ns
14,577,044 ops/s
96.6 % of CPU usage

Ping latency:
1,500,000 ops
1,603,976,138 ns
233 ns/op at 0.0%'ile
823 ns/op at 50.0%'ile
2,015 ns/op at 90.0%'ile
3,039 ns/op at 99.0%'ile
6,143 ns/op at 99.9%'ile
11,519 ns/op at 99.99%'ile
43,775 ns/op at 99.999%'ile
11,534,335 ns/op at 100.0%'ile
64.5 % of CPU usage

Ping throughput 10K:
2,000,000 ops
811,527,435 ns
2,464,488 ops/s
100.1 % of CPU usage

Overflow throughput:
5,000,000 ops
570,426,365 ns
8,765,373 ops/s
34.2 % of CPU usage
Tests run: 9, Failures: 0, Errors: 0, Skipped: 0, Time elapsed: 17.391 sec - in com.github.plokhotnyuk.actors.AkkaBoundedActorSpec
Running com.github.plokhotnyuk.actors.AkkaMCNonBlockingBoundedActorSpec
Executor service type: java-forkjoin-pool

Enqueueing:
10,000,000 ops
347,861,226 ns
28,747,095 ops/s
50.3 % of CPU usage
48 bytes per instance

Dequeueing:
10,000,000 ops
802,041,769 ns
12,468,178 ops/s
32.4 % of CPU usage

Initiation:
100,000 ops
897,431,877 ns
8,974 ns/op
75.2 % of CPU usage
426 bytes per instance

Single-producer sending:
6,000,000 ops
795,290,935 ns
7,544,408 ops/s
45.3 % of CPU usage

Multi-producer sending:
6,000,000 ops
932,345,228 ns
6,435,384 ops/s
71.9 % of CPU usage

Max throughput:
12,000,000 ops
598,991,146 ns
20,033,685 ops/s
96.8 % of CPU usage

Ping latency:
1,500,000 ops
1,363,830,746 ns
193 ns/op at 0.0%'ile
595 ns/op at 50.0%'ile
1,807 ns/op at 90.0%'ile
2,815 ns/op at 99.0%'ile
5,471 ns/op at 99.9%'ile
10,687 ns/op at 99.99%'ile
46,591 ns/op at 99.999%'ile
11,993,087 ns/op at 100.0%'ile
65.3 % of CPU usage

Ping throughput 10K:
2,000,000 ops
766,798,395 ns
2,608,247 ops/s
99.1 % of CPU usage

Overflow throughput:
5,000,000 ops
508,777,089 ns
9,827,486 ops/s
43.2 % of CPU usage
Tests run: 9, Failures: 0, Errors: 0, Skipped: 0, Time elapsed: 15.07 sec - in com.github.plokhotnyuk.actors.AkkaMCNonBlockingBoundedActorSpec
Running com.github.plokhotnyuk.actors.AkkaMCUnboundedActorSpec
Executor service type: java-forkjoin-pool

Enqueueing:
10,000,000 ops
343,990,530 ns
29,070,567 ops/s
49.4 % of CPU usage
48 bytes per instance

Dequeueing:
10,000,000 ops
808,354,320 ns
12,370,812 ops/s
29.7 % of CPU usage

Initiation:
100,000 ops
921,219,896 ns
9,212 ns/op
74.4 % of CPU usage
426 bytes per instance

Single-producer sending:
6,000,000 ops
759,813,107 ns
7,896,678 ops/s
45.4 % of CPU usage

Multi-producer sending:
6,000,000 ops
703,786,581 ns
8,525,311 ops/s
48.0 % of CPU usage

Max throughput:
12,000,000 ops
597,402,644 ns
20,086,954 ops/s
97.1 % of CPU usage

Ping latency:
1,500,000 ops
1,429,349,799 ns
182 ns/op at 0.0%'ile
683 ns/op at 50.0%'ile
1,775 ns/op at 90.0%'ile
2,847 ns/op at 99.0%'ile
5,343 ns/op at 99.9%'ile
11,583 ns/op at 99.99%'ile
45,311 ns/op at 99.999%'ile
15,400,959 ns/op at 100.0%'ile
72.6 % of CPU usage

Ping throughput 10K:
2,000,000 ops
718,812,758 ns
2,782,365 ops/s
99.5 % of CPU usage
Tests run: 8, Failures: 0, Errors: 0, Skipped: 0, Time elapsed: 13.953 sec - in com.github.plokhotnyuk.actors.AkkaMCUnboundedActorSpec
Running com.github.plokhotnyuk.actors.AkkaSCONonBlockingBoundedActorSpec
Executor service type: java-forkjoin-pool

Enqueueing:
10,000,000 ops
356,994,751 ns
28,011,616 ops/s
44.1 % of CPU usage
48 bytes per instance

Dequeueing:
10,000,000 ops
828,701,104 ns
12,067,076 ops/s
31.4 % of CPU usage

Initiation:
100,000 ops
956,258,867 ns
9,562 ns/op
79.7 % of CPU usage
426 bytes per instance

Single-producer sending:
6,000,000 ops
812,421,121 ns
7,385,332 ops/s
48.6 % of CPU usage

Multi-producer sending:
6,000,000 ops
1,062,106,118 ns
5,649,153 ops/s
71.3 % of CPU usage

Max throughput:
12,000,000 ops
618,189,549 ns
19,411,521 ops/s
93.8 % of CPU usage

Ping latency:
1,500,000 ops
1,442,960,213 ns
192 ns/op at 0.0%'ile
735 ns/op at 50.0%'ile
1,863 ns/op at 90.0%'ile
2,895 ns/op at 99.0%'ile
5,439 ns/op at 99.9%'ile
10,751 ns/op at 99.99%'ile
40,447 ns/op at 99.999%'ile
2,932,735 ns/op at 100.0%'ile
67.2 % of CPU usage

Ping throughput 10K:
2,000,000 ops
710,885,949 ns
2,813,390 ops/s
99.5 % of CPU usage

Overflow throughput:
5,000,000 ops
534,883,874 ns
9,347,823 ops/s
41.1 % of CPU usage
Tests run: 9, Failures: 0, Errors: 0, Skipped: 0, Time elapsed: 15.609 sec - in com.github.plokhotnyuk.actors.AkkaSCONonBlockingBoundedActorSpec
Running com.github.plokhotnyuk.actors.AkkaSCOUnboundedActorSpec
Executor service type: java-forkjoin-pool

Enqueueing:
10,000,000 ops
340,457,679 ns
29,372,226 ops/s
41.9 % of CPU usage
48 bytes per instance

Dequeueing:
10,000,000 ops
827,263,198 ns
12,088,051 ops/s
29.0 % of CPU usage

Initiation:
100,000 ops
904,667,148 ns
9,046 ns/op
76.0 % of CPU usage
427 bytes per instance

Single-producer sending:
6,000,000 ops
740,568,790 ns
8,101,880 ops/s
42.2 % of CPU usage

Multi-producer sending:
6,000,000 ops
728,555,468 ns
8,235,474 ops/s
52.8 % of CPU usage

Max throughput:
12,000,000 ops
588,797,695 ns
20,380,514 ops/s
93.4 % of CPU usage

Ping latency:
1,500,000 ops
1,453,753,438 ns
184 ns/op at 0.0%'ile
723 ns/op at 50.0%'ile
1,855 ns/op at 90.0%'ile
2,815 ns/op at 99.0%'ile
5,631 ns/op at 99.9%'ile
10,943 ns/op at 99.99%'ile
54,783 ns/op at 99.999%'ile
10,354,687 ns/op at 100.0%'ile
68.3 % of CPU usage

Ping throughput 10K:
2,000,000 ops
808,615,842 ns
2,473,362 ops/s
99.6 % of CPU usage
Tests run: 8, Failures: 0, Errors: 0, Skipped: 0, Time elapsed: 14.225 sec - in com.github.plokhotnyuk.actors.AkkaSCOUnboundedActorSpec
Running com.github.plokhotnyuk.actors.AkkaUnboundedActorSpec
Executor service type: java-forkjoin-pool

Enqueueing:
10,000,000 ops
329,398,678 ns
30,358,348 ops/s
52.4 % of CPU usage
48 bytes per instance

Dequeueing:
10,000,000 ops
971,494,856 ns
10,293,415 ops/s
30.6 % of CPU usage

Initiation:
100,000 ops
943,837,378 ns
9,438 ns/op
75.8 % of CPU usage
426 bytes per instance

Single-producer sending:
6,000,000 ops
754,082,565 ns
7,956,688 ops/s
46.1 % of CPU usage

Multi-producer sending:
6,000,000 ops
1,009,007,357 ns
5,946,438 ops/s
64.9 % of CPU usage

Max throughput:
12,000,000 ops
724,664,954 ns
16,559,376 ops/s
93.8 % of CPU usage

Ping latency:
1,500,000 ops
1,581,774,560 ns
210 ns/op at 0.0%'ile
775 ns/op at 50.0%'ile
1,999 ns/op at 90.0%'ile
2,991 ns/op at 99.0%'ile
5,631 ns/op at 99.9%'ile
11,583 ns/op at 99.99%'ile
64,767 ns/op at 99.999%'ile
14,876,671 ns/op at 100.0%'ile
66.5 % of CPU usage

Ping throughput 10K:
2,000,000 ops
791,747,658 ns
2,526,057 ops/s
100.1 % of CPU usage
Tests run: 8, Failures: 0, Errors: 0, Skipped: 0, Time elapsed: 14.941 sec - in com.github.plokhotnyuk.actors.AkkaUnboundedActorSpec
Running com.github.plokhotnyuk.actors.LiftActorSpec
Executor service type: java-forkjoin-pool

Enqueueing:
10,000,000 ops
376,808,114 ns
26,538,706 ops/s
25.9 % of CPU usage
24 bytes per instance

Dequeueing:
10,000,000 ops
455,597,208 ns
21,949,212 ops/s
31.3 % of CPU usage

Initiation:
10,000,000 ops
643,091,667 ns
64 ns/op
33.0 % of CPU usage
72 bytes per instance

Single-producer sending:
6,000,000 ops
491,812,111 ns
12,199,780 ops/s
53.4 % of CPU usage

Multi-producer sending:
6,000,000 ops
609,669,877 ns
9,841,391 ops/s
53.3 % of CPU usage

Max throughput:
12,000,000 ops
486,393,496 ns
24,671,382 ops/s
97.1 % of CPU usage

Ping latency:
1,500,000 ops
2,854,187,567 ns
390 ns/op at 0.0%'ile
1,623 ns/op at 50.0%'ile
3,183 ns/op at 90.0%'ile
4,575 ns/op at 99.0%'ile
9,087 ns/op at 99.9%'ile
22,015 ns/op at 99.99%'ile
82,943 ns/op at 99.999%'ile
6,127,615 ns/op at 100.0%'ile
61.1 % of CPU usage

Ping throughput 10K:
2,000,000 ops
650,655,148 ns
3,073,824 ops/s
97.6 % of CPU usage
Tests run: 8, Failures: 0, Errors: 0, Skipped: 0, Time elapsed: 13.324 sec - in com.github.plokhotnyuk.actors.LiftActorSpec
Running com.github.plokhotnyuk.actors.MinimalistActorSpec
Executor service type: java-forkjoin-pool

Enqueueing:
40,000,000 ops
630,106,550 ns
63,481,327 ops/s
25.4 % of CPU usage
24 bytes per instance

Dequeueing:
40,000,000 ops
313,812,920 ns
127,464,477 ops/s
39.8 % of CPU usage

Initiation:
2,000,000 ops
515,220,900 ns
257 ns/op
97.0 % of CPU usage
41 bytes per instance

Single-producer sending:
15,000,000 ops
219,032,998 ns
68,482,831 ops/s
63.9 % of CPU usage

Multi-producer sending:
15,000,000 ops
341,182,044 ns
43,964,799 ops/s
92.3 % of CPU usage

Max throughput:
30,000,000 ops
320,178,949 ns
93,697,602 ops/s
96.8 % of CPU usage

Ping latency:
3,000,000 ops
813,282,017 ns
79 ns/op at 0.0%'ile
215 ns/op at 50.0%'ile
411 ns/op at 90.0%'ile
715 ns/op at 99.0%'ile
2,735 ns/op at 99.9%'ile
6,623 ns/op at 99.99%'ile
24,959 ns/op at 99.999%'ile
12,910,591 ns/op at 100.0%'ile
99.0 % of CPU usage

Ping throughput 10K:
6,000,000 ops
827,804,342 ns
7,248,089 ops/s
99.7 % of CPU usage
Tests run: 8, Failures: 0, Errors: 0, Skipped: 0, Time elapsed: 10.162 sec - in com.github.plokhotnyuk.actors.MinimalistActorSpec
Running com.github.plokhotnyuk.actors.ScalaActorSpec
Executor service type: java-forkjoin-pool

Enqueueing:
20,000,000 ops
595,204,977 ns
33,601,869 ops/s
28.1 % of CPU usage
24 bytes per instance

Dequeueing:
300,000 ops
1,077,183,998 ns
278,503 ops/s
88.2 % of CPU usage

Initiation:
600,000 ops
1,148,356,674 ns
1,913 ns/op
89.9 % of CPU usage
224 bytes per instance

Single-producer sending:
300,000 ops
1,267,027,832 ns
236,774 ops/s
83.1 % of CPU usage

Multi-producer sending:
300,000 ops
1,114,196,993 ns
269,252 ops/s
82.8 % of CPU usage

Max throughput:
600,000 ops
721,123,810 ns
832,034 ops/s
99.5 % of CPU usage

Ping latency:
250,000 ops
1,021,814,399 ns
1,312 ns/op at 0.0%'ile
3,503 ns/op at 50.0%'ile
5,663 ns/op at 90.0%'ile
11,839 ns/op at 99.0%'ile
35,071 ns/op at 99.9%'ile
83,455 ns/op at 99.99%'ile
268,287 ns/op at 99.999%'ile
382,975 ns/op at 100.0%'ile
93.5 % of CPU usage

Ping throughput 10K:
400,000 ops
776,368,150 ns
515,219 ops/s
99.5 % of CPU usage
Tests run: 8, Failures: 0, Errors: 0, Skipped: 0, Time elapsed: 11.734 sec - in com.github.plokhotnyuk.actors.ScalaActorSpec
Running com.github.plokhotnyuk.actors.ScalazActorSpec
Executor service type: java-forkjoin-pool

Enqueueing:
40,000,000 ops
630,318,701 ns
63,459,960 ops/s
25.4 % of CPU usage
24 bytes per instance

Dequeueing:
40,000,000 ops
210,135,102 ns
190,353,727 ops/s
44.0 % of CPU usage

Initiation:
10,000,000 ops
277,404,210 ns
27 ns/op
43.3 % of CPU usage
104 bytes per instance

Single-producer sending:
15,000,000 ops
280,344,537 ns
53,505,590 ops/s
76.7 % of CPU usage

Multi-producer sending:
15,000,000 ops
460,522,957 ns
32,571,666 ops/s
90.7 % of CPU usage

Max throughput:
30,000,000 ops
290,557,148 ns
103,249,912 ops/s
93.8 % of CPU usage

Ping latency:
3,000,000 ops
976,582,544 ns
65 ns/op at 0.0%'ile
254 ns/op at 50.0%'ile
469 ns/op at 90.0%'ile
891 ns/op at 99.0%'ile
3,359 ns/op at 99.9%'ile
11,711 ns/op at 99.99%'ile
43,519 ns/op at 99.999%'ile
16,056,319 ns/op at 100.0%'ile
98.8 % of CPU usage

Ping throughput 10K:
6,000,000 ops
1,218,842,847 ns
4,922,701 ops/s
99.7 % of CPU usage
Tests run: 8, Failures: 0, Errors: 0, Skipped: 0, Time elapsed: 14.444 sec - in com.github.plokhotnyuk.actors.ScalazActorSpec

Results :

Tests run: 83, Failures: 0, Errors: 0, Skipped: 0

[INFO] ------------------------------------------------------------------------
[INFO] BUILD SUCCESS
[INFO] ------------------------------------------------------------------------
[INFO] Total time: 02:36 min
[INFO] Finished at: 2016-02-19T18:49:28+01:00
[INFO] Final Memory: 9M/1024M
[INFO] ------------------------------------------------------------------------
[INFO] Scanning for projects...
[INFO]                                                                         
[INFO] ------------------------------------------------------------------------
[INFO] Building Actors 1.0-SNAPSHOT
[INFO] ------------------------------------------------------------------------
[INFO] 
[INFO] --- maven-resources-plugin:2.6:resources (default-resources) @ actors ---
[INFO] Using 'UTF-8' encoding to copy filtered resources.
[INFO] skip non existing resourceDirectory /home/andriy/Projects/com/github/plokhotnyuk/actors/src/main/resources
[INFO] 
[INFO] --- maven-resources-plugin:2.6:testResources (default-testResources) @ actors ---
[INFO] Using 'UTF-8' encoding to copy filtered resources.
[INFO] skip non existing resourceDirectory /home/andriy/Projects/com/github/plokhotnyuk/actors/src/test/resources
[INFO] 
[INFO] --- scala-maven-plugin:3.2.2:testCompile (testCompile) @ actors ---
[WARNING]  Expected all dependencies to require Scala version: 2.11.7
[WARNING]  com.github.plokhotnyuk.actors:actors:1.0-SNAPSHOT requires scala version: 2.11.7
[WARNING]  com.typesafe.akka:akka-actor_2.11:2.4.2 requires scala version: 2.11.7
[WARNING]  org.scala-lang.modules:scala-java8-compat_2.11:0.7.0 requires scala version: 2.11.7
[WARNING]  net.liftweb:lift-actor_2.11:3.0-M8 requires scala version: 2.11.4
[WARNING] Multiple versions of scala libraries detected!
[INFO] Nothing to compile - all classes are up to date
[INFO] 
[INFO] --- maven-surefire-plugin:2.18.1:test (default-test) @ actors ---
[INFO] Surefire report directory: /home/andriy/Projects/com/github/plokhotnyuk/actors/target/surefire-reports

-------------------------------------------------------
 T E S T S
-------------------------------------------------------
Running com.github.plokhotnyuk.actors.AkkaBoundedActorSpec
Executor service type: abq-thread-pool

Enqueueing:
10,000,000 ops
596,388,490 ns
16,767,593 ops/s
39.4 % of CPU usage
48 bytes per instance

Dequeueing:
10,000,000 ops
1,058,132,604 ns
9,450,611 ops/s
30.2 % of CPU usage

Initiation:
100,000 ops
1,013,520,269 ns
10,135 ns/op
82.9 % of CPU usage
608 bytes per instance

Single-producer sending:
6,000,000 ops
1,228,334,228 ns
4,884,664 ops/s
51.9 % of CPU usage

Multi-producer sending:
6,000,000 ops
1,227,829,894 ns
4,886,670 ops/s
50.5 % of CPU usage

Max throughput:
12,000,000 ops
829,928,297 ns
14,459,080 ops/s
94.3 % of CPU usage

Ping latency:
1,500,000 ops
3,094,919,681 ns
314 ns/op at 0.0%'ile
421 ns/op at 50.0%'ile
2,255 ns/op at 90.0%'ile
33,279 ns/op at 99.0%'ile
34,559 ns/op at 99.9%'ile
38,399 ns/op at 99.99%'ile
106,495 ns/op at 99.999%'ile
4,259,839 ns/op at 100.0%'ile
37.2 % of CPU usage

Ping throughput 10K:
2,000,000 ops
1,901,917,462 ns
1,051,570 ops/s
44.2 % of CPU usage

Overflow throughput:
5,000,000 ops
709,972,078 ns
7,042,530 ops/s
44.0 % of CPU usage
Tests run: 9, Failures: 0, Errors: 0, Skipped: 0, Time elapsed: 20.544 sec - in com.github.plokhotnyuk.actors.AkkaBoundedActorSpec
Running com.github.plokhotnyuk.actors.AkkaMCNonBlockingBoundedActorSpec
Executor service type: abq-thread-pool

Enqueueing:
10,000,000 ops
323,599,111 ns
30,902,433 ops/s
49.4 % of CPU usage
48 bytes per instance

Dequeueing:
10,000,000 ops
836,480,881 ns
11,954,845 ops/s
29.9 % of CPU usage

Initiation:
100,000 ops
947,498,532 ns
9,474 ns/op
76.0 % of CPU usage
424 bytes per instance

Single-producer sending:
6,000,000 ops
795,835,764 ns
7,539,243 ops/s
45.9 % of CPU usage

Multi-producer sending:
6,000,000 ops
932,048,324 ns
6,437,434 ops/s
70.3 % of CPU usage

Max throughput:
12,000,000 ops
564,616,872 ns
21,253,350 ops/s
92.5 % of CPU usage

Ping latency:
1,500,000 ops
2,661,985,999 ns
239 ns/op at 0.0%'ile
311 ns/op at 50.0%'ile
879 ns/op at 90.0%'ile
33,279 ns/op at 99.0%'ile
34,559 ns/op at 99.9%'ile
39,679 ns/op at 99.99%'ile
96,767 ns/op at 99.999%'ile
6,815,743 ns/op at 100.0%'ile
36.6 % of CPU usage

Ping throughput 10K:
2,000,000 ops
1,677,332,454 ns
1,192,369 ops/s
41.6 % of CPU usage

Overflow throughput:
5,000,000 ops
505,442,578 ns
9,892,320 ops/s
38.6 % of CPU usage
Tests run: 9, Failures: 0, Errors: 0, Skipped: 0, Time elapsed: 17.27 sec - in com.github.plokhotnyuk.actors.AkkaMCNonBlockingBoundedActorSpec
Running com.github.plokhotnyuk.actors.AkkaMCUnboundedActorSpec
Executor service type: abq-thread-pool

Enqueueing:
10,000,000 ops
308,618,687 ns
32,402,444 ops/s
45.4 % of CPU usage
48 bytes per instance

Dequeueing:
10,000,000 ops
818,564,847 ns
12,216,503 ops/s
29.6 % of CPU usage

Initiation:
100,000 ops
981,528,752 ns
9,815 ns/op
79.0 % of CPU usage
466 bytes per instance

Single-producer sending:
6,000,000 ops
712,588,083 ns
8,420,011 ops/s
44.9 % of CPU usage

Multi-producer sending:
6,000,000 ops
692,719,428 ns
8,661,515 ops/s
50.2 % of CPU usage

Max throughput:
12,000,000 ops
570,584,888 ns
21,031,051 ops/s
93.8 % of CPU usage

Ping latency:
1,500,000 ops
2,382,596,843 ns
241 ns/op at 0.0%'ile
283 ns/op at 50.0%'ile
815 ns/op at 90.0%'ile
32,639 ns/op at 99.0%'ile
34,047 ns/op at 99.9%'ile
39,679 ns/op at 99.99%'ile
88,063 ns/op at 99.999%'ile
5,210,111 ns/op at 100.0%'ile
36.2 % of CPU usage

Ping throughput 10K:
2,000,000 ops
1,531,819,087 ns
1,305,637 ops/s
42.1 % of CPU usage
Tests run: 8, Failures: 0, Errors: 0, Skipped: 0, Time elapsed: 15.862 sec - in com.github.plokhotnyuk.actors.AkkaMCUnboundedActorSpec
Running com.github.plokhotnyuk.actors.AkkaSCONonBlockingBoundedActorSpec
Executor service type: abq-thread-pool

Enqueueing:
10,000,000 ops
381,910,718 ns
26,184,130 ops/s
41.9 % of CPU usage
48 bytes per instance

Dequeueing:
10,000,000 ops
840,774,124 ns
11,893,800 ops/s
30.0 % of CPU usage

Initiation:
100,000 ops
939,272,429 ns
9,392 ns/op
78.0 % of CPU usage
424 bytes per instance

Single-producer sending:
6,000,000 ops
781,813,918 ns
7,674,460 ops/s
46.7 % of CPU usage

Multi-producer sending:
6,000,000 ops
1,017,645,590 ns
5,895,962 ops/s
70.8 % of CPU usage

Max throughput:
12,000,000 ops
573,990,030 ns
20,906,286 ops/s
95.8 % of CPU usage

Ping latency:
1,500,000 ops
2,606,936,306 ns
244 ns/op at 0.0%'ile
301 ns/op at 50.0%'ile
867 ns/op at 90.0%'ile
32,511 ns/op at 99.0%'ile
33,791 ns/op at 99.9%'ile
38,655 ns/op at 99.99%'ile
89,599 ns/op at 99.999%'ile
4,521,983 ns/op at 100.0%'ile
36.2 % of CPU usage

Ping throughput 10K:
2,000,000 ops
1,636,282,881 ns
1,222,282 ops/s
47.1 % of CPU usage

Overflow throughput:
5,000,000 ops
542,896,485 ns
9,209,858 ops/s
54.3 % of CPU usage
Tests run: 9, Failures: 0, Errors: 0, Skipped: 0, Time elapsed: 17.354 sec - in com.github.plokhotnyuk.actors.AkkaSCONonBlockingBoundedActorSpec
Running com.github.plokhotnyuk.actors.AkkaSCOUnboundedActorSpec
Executor service type: abq-thread-pool

Enqueueing:
10,000,000 ops
342,634,927 ns
29,185,582 ops/s
48.2 % of CPU usage
48 bytes per instance

Dequeueing:
10,000,000 ops
831,594,285 ns
12,025,094 ops/s
29.2 % of CPU usage

Initiation:
100,000 ops
1,049,572,322 ns
10,495 ns/op
75.5 % of CPU usage
424 bytes per instance

Single-producer sending:
6,000,000 ops
791,636,317 ns
7,579,237 ops/s
45.2 % of CPU usage

Multi-producer sending:
6,000,000 ops
721,485,760 ns
8,316,172 ops/s
52.3 % of CPU usage

Max throughput:
12,000,000 ops
558,199,656 ns
21,497,684 ops/s
91.4 % of CPU usage

Ping latency:
1,500,000 ops
3,084,959,994 ns
233 ns/op at 0.0%'ile
335 ns/op at 50.0%'ile
2,095 ns/op at 90.0%'ile
33,023 ns/op at 99.0%'ile
34,559 ns/op at 99.9%'ile
40,703 ns/op at 99.99%'ile
191,487 ns/op at 99.999%'ile
5,144,575 ns/op at 100.0%'ile
36.1 % of CPU usage

Ping throughput 10K:
2,000,000 ops
1,667,246,516 ns
1,199,582 ops/s
50.7 % of CPU usage
Tests run: 8, Failures: 0, Errors: 0, Skipped: 0, Time elapsed: 17.03 sec - in com.github.plokhotnyuk.actors.AkkaSCOUnboundedActorSpec
Running com.github.plokhotnyuk.actors.AkkaUnboundedActorSpec
Executor service type: abq-thread-pool

Enqueueing:
10,000,000 ops
316,124,557 ns
31,633,100 ops/s
53.8 % of CPU usage
48 bytes per instance

Dequeueing:
10,000,000 ops
965,560,244 ns
10,356,681 ops/s
30.0 % of CPU usage

Initiation:
100,000 ops
974,058,757 ns
9,740 ns/op
80.6 % of CPU usage
424 bytes per instance

Single-producer sending:
6,000,000 ops
770,309,534 ns
7,789,076 ops/s
40.6 % of CPU usage

Multi-producer sending:
6,000,000 ops
948,958,280 ns
6,322,722 ops/s
66.7 % of CPU usage

Max throughput:
12,000,000 ops
639,069,016 ns
18,777,314 ops/s
93.5 % of CPU usage

Ping latency:
1,500,000 ops
2,490,738,910 ns
258 ns/op at 0.0%'ile
307 ns/op at 50.0%'ile
935 ns/op at 90.0%'ile
32,767 ns/op at 99.0%'ile
34,303 ns/op at 99.9%'ile
38,911 ns/op at 99.99%'ile
93,695 ns/op at 99.999%'ile
4,358,143 ns/op at 100.0%'ile
36.5 % of CPU usage

Ping throughput 10K:
2,000,000 ops
1,600,765,981 ns
1,249,401 ops/s
46.2 % of CPU usage
Tests run: 8, Failures: 0, Errors: 0, Skipped: 0, Time elapsed: 16.768 sec - in com.github.plokhotnyuk.actors.AkkaUnboundedActorSpec
Running com.github.plokhotnyuk.actors.LiftActorSpec
Executor service type: abq-thread-pool

Enqueueing:
10,000,000 ops
377,807,028 ns
26,468,538 ops/s
26.5 % of CPU usage
24 bytes per instance

Dequeueing:
10,000,000 ops
419,485,546 ns
23,838,723 ops/s
29.2 % of CPU usage

Initiation:
10,000,000 ops
632,587,160 ns
63 ns/op
33.2 % of CPU usage
72 bytes per instance

Single-producer sending:
6,000,000 ops
652,505,885 ns
9,195,319 ops/s
57.1 % of CPU usage

Multi-producer sending:
6,000,000 ops
581,081,750 ns
10,325,569 ops/s
56.4 % of CPU usage

Max throughput:
12,000,000 ops
489,672,718 ns
24,506,164 ops/s
93.4 % of CPU usage

Ping latency:
1,500,000 ops
2,666,921,161 ns
434 ns/op at 0.0%'ile
547 ns/op at 50.0%'ile
3,247 ns/op at 90.0%'ile
34,047 ns/op at 99.0%'ile
35,839 ns/op at 99.9%'ile
46,079 ns/op at 99.99%'ile
152,575 ns/op at 99.999%'ile
552,959 ns/op at 100.0%'ile
42.5 % of CPU usage

Ping throughput 10K:
2,000,000 ops
933,316,813 ns
2,142,895 ops/s
60.8 % of CPU usage
Tests run: 8, Failures: 0, Errors: 0, Skipped: 0, Time elapsed: 13.858 sec - in com.github.plokhotnyuk.actors.LiftActorSpec
Running com.github.plokhotnyuk.actors.MinimalistActorSpec
Executor service type: abq-thread-pool

Enqueueing:
40,000,000 ops
629,425,782 ns
63,549,986 ops/s
25.4 % of CPU usage
24 bytes per instance

Dequeueing:
40,000,000 ops
358,635,080 ns
111,533,986 ops/s
34.2 % of CPU usage

Initiation:
2,000,000 ops
3,373,236,163 ns
1,686 ns/op
39.5 % of CPU usage
40 bytes per instance

Single-producer sending:
15,000,000 ops
239,397,318 ns
62,657,343 ops/s
59.5 % of CPU usage

Multi-producer sending:
15,000,000 ops
391,622,542 ns
38,302,187 ops/s
91.9 % of CPU usage

Max throughput:
30,000,000 ops
338,552,587 ns
88,612,526 ops/s
76.8 % of CPU usage

Ping latency:
3,000,000 ops
7,358,251,348 ns
104 ns/op at 0.0%'ile
283 ns/op at 50.0%'ile
2,039 ns/op at 90.0%'ile
30,719 ns/op at 99.0%'ile
31,743 ns/op at 99.9%'ile
36,351 ns/op at 99.99%'ile
112,127 ns/op at 99.999%'ile
3,997,695 ns/op at 100.0%'ile
35.9 % of CPU usage

Ping throughput 10K:
6,000,000 ops
1,930,345,018 ns
3,108,252 ops/s
36.0 % of CPU usage
Tests run: 8, Failures: 0, Errors: 0, Skipped: 0, Time elapsed: 21.079 sec - in com.github.plokhotnyuk.actors.MinimalistActorSpec
Running com.github.plokhotnyuk.actors.ScalaActorSpec
Executor service type: abq-thread-pool

Enqueueing:
20,000,000 ops
705,435,261 ns
28,351,290 ops/s
27.6 % of CPU usage
24 bytes per instance

Dequeueing:
300,000 ops
1,202,098,267 ns
249,563 ops/s
48.9 % of CPU usage

Initiation:
600,000 ops
818,912,137 ns
1,364 ns/op
45.8 % of CPU usage
234 bytes per instance

Single-producer sending:
300,000 ops
975,252,913 ns
307,612 ops/s
50.5 % of CPU usage

Multi-producer sending:
300,000 ops
868,641,283 ns
345,366 ops/s
46.3 % of CPU usage

Max throughput:
600,000 ops
974,582,559 ns
615,648 ops/s
31.8 % of CPU usage

Ping latency:
250,000 ops
873,362,951 ns
864 ns/op at 0.0%'ile
4,383 ns/op at 50.0%'ile
4,703 ns/op at 90.0%'ile
16,767 ns/op at 99.0%'ile
53,247 ns/op at 99.9%'ile
92,671 ns/op at 99.99%'ile
231,423 ns/op at 99.999%'ile
272,383 ns/op at 100.0%'ile
37.5 % of CPU usage

Ping throughput 10K:
400,000 ops
1,342,635,032 ns
297,921 ops/s
33.7 % of CPU usage
Tests run: 8, Failures: 0, Errors: 0, Skipped: 0, Time elapsed: 11.688 sec - in com.github.plokhotnyuk.actors.ScalaActorSpec
Running com.github.plokhotnyuk.actors.ScalazActorSpec
Executor service type: abq-thread-pool

Enqueueing:
40,000,000 ops
627,610,214 ns
63,733,825 ops/s
25.1 % of CPU usage
24 bytes per instance

Dequeueing:
40,000,000 ops
224,583,505 ns
178,107,470 ops/s
42.3 % of CPU usage

Initiation:
10,000,000 ops
333,073,035 ns
33 ns/op
42.0 % of CPU usage
104 bytes per instance

Single-producer sending:
15,000,000 ops
318,649,226 ns
47,073,706 ops/s
58.1 % of CPU usage

Multi-producer sending:
15,000,000 ops
468,188,689 ns
32,038,364 ops/s
94.5 % of CPU usage

Max throughput:
30,000,000 ops
233,653,453 ns
128,395,277 ops/s
86.7 % of CPU usage

Ping latency:
3,000,000 ops
5,684,687,327 ns
115 ns/op at 0.0%'ile
269 ns/op at 50.0%'ile
1,823 ns/op at 90.0%'ile
30,975 ns/op at 99.0%'ile
32,127 ns/op at 99.9%'ile
36,607 ns/op at 99.99%'ile
94,719 ns/op at 99.999%'ile
7,143,423 ns/op at 100.0%'ile
36.5 % of CPU usage

Ping throughput 10K:
6,000,000 ops
1,764,783,842 ns
3,399,849 ops/s
37.3 % of CPU usage
Tests run: 8, Failures: 0, Errors: 0, Skipped: 0, Time elapsed: 19.997 sec - in com.github.plokhotnyuk.actors.ScalazActorSpec

Results :

Tests run: 83, Failures: 0, Errors: 0, Skipped: 0

[INFO] ------------------------------------------------------------------------
[INFO] BUILD SUCCESS
[INFO] ------------------------------------------------------------------------
[INFO] Total time: 03:07 min
[INFO] Finished at: 2016-02-19T18:52:37+01:00
[INFO] Final Memory: 9M/1024M
[INFO] ------------------------------------------------------------------------
[INFO] Scanning for projects...
[INFO]                                                                         
[INFO] ------------------------------------------------------------------------
[INFO] Building Actors 1.0-SNAPSHOT
[INFO] ------------------------------------------------------------------------
[INFO] 
[INFO] --- maven-resources-plugin:2.6:resources (default-resources) @ actors ---
[INFO] Using 'UTF-8' encoding to copy filtered resources.
[INFO] skip non existing resourceDirectory /home/andriy/Projects/com/github/plokhotnyuk/actors/src/main/resources
[INFO] 
[INFO] --- maven-resources-plugin:2.6:testResources (default-testResources) @ actors ---
[INFO] Using 'UTF-8' encoding to copy filtered resources.
[INFO] skip non existing resourceDirectory /home/andriy/Projects/com/github/plokhotnyuk/actors/src/test/resources
[INFO] 
[INFO] --- scala-maven-plugin:3.2.2:testCompile (testCompile) @ actors ---
[WARNING]  Expected all dependencies to require Scala version: 2.11.7
[WARNING]  com.github.plokhotnyuk.actors:actors:1.0-SNAPSHOT requires scala version: 2.11.7
[WARNING]  com.typesafe.akka:akka-actor_2.11:2.4.2 requires scala version: 2.11.7
[WARNING]  org.scala-lang.modules:scala-java8-compat_2.11:0.7.0 requires scala version: 2.11.7
[WARNING]  net.liftweb:lift-actor_2.11:3.0-M8 requires scala version: 2.11.4
[WARNING] Multiple versions of scala libraries detected!
[INFO] Nothing to compile - all classes are up to date
[INFO] 
[INFO] --- maven-surefire-plugin:2.18.1:test (default-test) @ actors ---
[INFO] Surefire report directory: /home/andriy/Projects/com/github/plokhotnyuk/actors/target/surefire-reports

-------------------------------------------------------
 T E S T S
-------------------------------------------------------
Running com.github.plokhotnyuk.actors.AkkaBoundedActorSpec
Executor service type: lbq-thread-pool

Enqueueing:
10,000,000 ops
586,858,342 ns
17,039,887 ops/s
40.0 % of CPU usage
48 bytes per instance

Dequeueing:
10,000,000 ops
1,023,984,267 ns
9,765,775 ops/s
28.6 % of CPU usage

Initiation:
100,000 ops
1,083,527,703 ns
10,835 ns/op
84.7 % of CPU usage
608 bytes per instance

Single-producer sending:
6,000,000 ops
1,166,637,048 ns
5,142,987 ops/s
52.1 % of CPU usage

Multi-producer sending:
6,000,000 ops
1,145,178,699 ns
5,239,356 ops/s
48.2 % of CPU usage

Max throughput:
12,000,000 ops
806,945,065 ns
14,870,900 ops/s
96.7 % of CPU usage

Ping latency:
1,500,000 ops
2,292,886,241 ns
310 ns/op at 0.0%'ile
441 ns/op at 50.0%'ile
2,127 ns/op at 90.0%'ile
29,055 ns/op at 99.0%'ile
31,743 ns/op at 99.9%'ile
36,095 ns/op at 99.99%'ile
76,287 ns/op at 99.999%'ile
3,538,943 ns/op at 100.0%'ile
39.6 % of CPU usage

Ping throughput 10K:
2,000,000 ops
1,854,120,859 ns
1,078,678 ops/s
36.5 % of CPU usage

Overflow throughput:
5,000,000 ops
672,825,172 ns
7,431,350 ops/s
42.0 % of CPU usage
Tests run: 9, Failures: 0, Errors: 0, Skipped: 0, Time elapsed: 19.646 sec - in com.github.plokhotnyuk.actors.AkkaBoundedActorSpec
Running com.github.plokhotnyuk.actors.AkkaMCNonBlockingBoundedActorSpec
Executor service type: lbq-thread-pool

Enqueueing:
10,000,000 ops
361,978,359 ns
27,625,960 ops/s
42.8 % of CPU usage
48 bytes per instance

Dequeueing:
10,000,000 ops
840,599,048 ns
11,896,278 ops/s
29.1 % of CPU usage

Initiation:
100,000 ops
1,026,172,039 ns
10,261 ns/op
81.4 % of CPU usage
424 bytes per instance

Single-producer sending:
6,000,000 ops
768,848,105 ns
7,803,882 ops/s
45.5 % of CPU usage

Multi-producer sending:
6,000,000 ops
968,460,036 ns
6,195,402 ops/s
74.1 % of CPU usage

Max throughput:
12,000,000 ops
560,770,688 ns
21,399,121 ops/s
94.1 % of CPU usage

Ping latency:
1,500,000 ops
2,340,682,948 ns
292 ns/op at 0.0%'ile
369 ns/op at 50.0%'ile
2,271 ns/op at 90.0%'ile
28,927 ns/op at 99.0%'ile
31,359 ns/op at 99.9%'ile
35,327 ns/op at 99.99%'ile
70,143 ns/op at 99.999%'ile
6,848,511 ns/op at 100.0%'ile
38.2 % of CPU usage

Ping throughput 10K:
2,000,000 ops
1,732,891,797 ns
1,154,140 ops/s
39.1 % of CPU usage

Overflow throughput:
5,000,000 ops
583,526,852 ns
8,568,585 ops/s
48.0 % of CPU usage
Tests run: 9, Failures: 0, Errors: 0, Skipped: 0, Time elapsed: 17.144 sec - in com.github.plokhotnyuk.actors.AkkaMCNonBlockingBoundedActorSpec
Running com.github.plokhotnyuk.actors.AkkaMCUnboundedActorSpec
Executor service type: lbq-thread-pool

Enqueueing:
10,000,000 ops
309,311,612 ns
32,329,856 ops/s
46.1 % of CPU usage
48 bytes per instance

Dequeueing:
10,000,000 ops
862,530,864 ns
11,593,788 ops/s
34.2 % of CPU usage

Initiation:
100,000 ops
978,139,576 ns
9,781 ns/op
80.0 % of CPU usage
424 bytes per instance

Single-producer sending:
6,000,000 ops
739,086,850 ns
8,118,125 ops/s
44.6 % of CPU usage

Multi-producer sending:
6,000,000 ops
712,467,866 ns
8,421,432 ops/s
48.8 % of CPU usage

Max throughput:
12,000,000 ops
535,990,433 ns
22,388,459 ops/s
95.6 % of CPU usage

Ping latency:
1,500,000 ops
2,526,153,496 ns
270 ns/op at 0.0%'ile
395 ns/op at 50.0%'ile
2,239 ns/op at 90.0%'ile
30,079 ns/op at 99.0%'ile
31,743 ns/op at 99.9%'ile
36,351 ns/op at 99.99%'ile
117,759 ns/op at 99.999%'ile
3,964,927 ns/op at 100.0%'ile
38.1 % of CPU usage

Ping throughput 10K:
2,000,000 ops
1,729,810,832 ns
1,156,195 ops/s
38.7 % of CPU usage
Tests run: 8, Failures: 0, Errors: 0, Skipped: 0, Time elapsed: 15.55 sec - in com.github.plokhotnyuk.actors.AkkaMCUnboundedActorSpec
Running com.github.plokhotnyuk.actors.AkkaSCONonBlockingBoundedActorSpec
Executor service type: lbq-thread-pool

Enqueueing:
10,000,000 ops
386,027,693 ns
25,904,877 ops/s
46.0 % of CPU usage
48 bytes per instance

Dequeueing:
10,000,000 ops
831,588,216 ns
12,025,182 ops/s
29.5 % of CPU usage

Initiation:
100,000 ops
1,042,732,027 ns
10,427 ns/op
87.0 % of CPU usage
424 bytes per instance

Single-producer sending:
6,000,000 ops
767,709,346 ns
7,815,457 ops/s
42.3 % of CPU usage

Multi-producer sending:
6,000,000 ops
958,179,544 ns
6,261,874 ops/s
69.1 % of CPU usage

Max throughput:
12,000,000 ops
562,477,844 ns
21,334,173 ops/s
95.1 % of CPU usage

Ping latency:
1,500,000 ops
2,232,461,432 ns
292 ns/op at 0.0%'ile
375 ns/op at 50.0%'ile
2,015 ns/op at 90.0%'ile
29,695 ns/op at 99.0%'ile
31,615 ns/op at 99.9%'ile
35,071 ns/op at 99.99%'ile
72,191 ns/op at 99.999%'ile
4,521,983 ns/op at 100.0%'ile
38.2 % of CPU usage

Ping throughput 10K:
2,000,000 ops
1,743,243,457 ns
1,147,286 ops/s
44.6 % of CPU usage

Overflow throughput:
5,000,000 ops
555,057,522 ns
9,008,075 ops/s
41.9 % of CPU usage
Tests run: 9, Failures: 0, Errors: 0, Skipped: 0, Time elapsed: 16.743 sec - in com.github.plokhotnyuk.actors.AkkaSCONonBlockingBoundedActorSpec
Running com.github.plokhotnyuk.actors.AkkaSCOUnboundedActorSpec
Executor service type: lbq-thread-pool

Enqueueing:
10,000,000 ops
361,780,681 ns
27,641,055 ops/s
47.7 % of CPU usage
48 bytes per instance

Dequeueing:
10,000,000 ops
832,808,187 ns
12,007,566 ops/s
32.1 % of CPU usage

Initiation:
100,000 ops
940,918,073 ns
9,409 ns/op
80.8 % of CPU usage
424 bytes per instance

Single-producer sending:
6,000,000 ops
719,384,795 ns
8,340,459 ops/s
45.5 % of CPU usage

Multi-producer sending:
6,000,000 ops
704,894,621 ns
8,511,910 ops/s
47.5 % of CPU usage

Max throughput:
12,000,000 ops
524,927,131 ns
22,860,315 ops/s
93.3 % of CPU usage

Ping latency:
1,500,000 ops
2,772,420,893 ns
278 ns/op at 0.0%'ile
437 ns/op at 50.0%'ile
2,399 ns/op at 90.0%'ile
30,207 ns/op at 99.0%'ile
31,615 ns/op at 99.9%'ile
36,095 ns/op at 99.99%'ile
69,631 ns/op at 99.999%'ile
3,948,543 ns/op at 100.0%'ile
37.9 % of CPU usage

Ping throughput 10K:
2,000,000 ops
1,723,825,013 ns
1,160,210 ops/s
43.1 % of CPU usage
Tests run: 8, Failures: 0, Errors: 0, Skipped: 0, Time elapsed: 15.991 sec - in com.github.plokhotnyuk.actors.AkkaSCOUnboundedActorSpec
Running com.github.plokhotnyuk.actors.AkkaUnboundedActorSpec
Executor service type: lbq-thread-pool

Enqueueing:
10,000,000 ops
319,942,370 ns
31,255,628 ops/s
56.3 % of CPU usage
48 bytes per instance

Dequeueing:
10,000,000 ops
954,788,750 ns
10,473,520 ops/s
29.8 % of CPU usage

Initiation:
100,000 ops
968,276,863 ns
9,682 ns/op
77.7 % of CPU usage
424 bytes per instance

Single-producer sending:
6,000,000 ops
777,171,108 ns
7,720,307 ops/s
41.2 % of CPU usage

Multi-producer sending:
6,000,000 ops
967,235,326 ns
6,203,247 ops/s
63.6 % of CPU usage

Max throughput:
12,000,000 ops
593,555,437 ns
20,217,151 ops/s
95.6 % of CPU usage

Ping latency:
1,500,000 ops
2,443,654,789 ns
292 ns/op at 0.0%'ile
427 ns/op at 50.0%'ile
2,239 ns/op at 90.0%'ile
29,951 ns/op at 99.0%'ile
31,615 ns/op at 99.9%'ile
36,095 ns/op at 99.99%'ile
68,095 ns/op at 99.999%'ile
4,030,463 ns/op at 100.0%'ile
38.3 % of CPU usage

Ping throughput 10K:
2,000,000 ops
1,834,997,305 ns
1,089,919 ops/s
42.2 % of CPU usage
Tests run: 8, Failures: 0, Errors: 0, Skipped: 0, Time elapsed: 16.434 sec - in com.github.plokhotnyuk.actors.AkkaUnboundedActorSpec
Running com.github.plokhotnyuk.actors.LiftActorSpec
Executor service type: lbq-thread-pool

Enqueueing:
10,000,000 ops
385,687,859 ns
25,927,702 ops/s
26.6 % of CPU usage
24 bytes per instance

Dequeueing:
10,000,000 ops
456,657,033 ns
21,898,272 ops/s
30.7 % of CPU usage

Initiation:
10,000,000 ops
639,718,876 ns
63 ns/op
33.2 % of CPU usage
72 bytes per instance

Single-producer sending:
6,000,000 ops
884,715,019 ns
6,781,844 ops/s
56.0 % of CPU usage

Multi-producer sending:
6,000,000 ops
649,555,319 ns
9,237,088 ops/s
54.7 % of CPU usage

Max throughput:
12,000,000 ops
524,321,312 ns
22,886,729 ops/s
94.4 % of CPU usage

Ping latency:
1,500,000 ops
3,019,042,623 ns
492 ns/op at 0.0%'ile
815 ns/op at 50.0%'ile
3,423 ns/op at 90.0%'ile
29,823 ns/op at 99.0%'ile
31,743 ns/op at 99.9%'ile
41,983 ns/op at 99.99%'ile
173,055 ns/op at 99.999%'ile
11,993,087 ns/op at 100.0%'ile
45.5 % of CPU usage

Ping throughput 10K:
2,000,000 ops
1,055,033,850 ns
1,895,673 ops/s
32.7 % of CPU usage
Tests run: 8, Failures: 0, Errors: 0, Skipped: 0, Time elapsed: 14.675 sec - in com.github.plokhotnyuk.actors.LiftActorSpec
Running com.github.plokhotnyuk.actors.MinimalistActorSpec
Executor service type: lbq-thread-pool

Enqueueing:
40,000,000 ops
628,614,392 ns
63,632,014 ops/s
25.5 % of CPU usage
24 bytes per instance

Dequeueing:
40,000,000 ops
364,035,418 ns
109,879,418 ops/s
37.8 % of CPU usage

Initiation:
2,000,000 ops
733,285,081 ns
366 ns/op
57.3 % of CPU usage
44 bytes per instance

Single-producer sending:
15,000,000 ops
231,238,526 ns
64,868,083 ops/s
57.3 % of CPU usage

Multi-producer sending:
15,000,000 ops
417,470,598 ns
35,930,674 ops/s
89.8 % of CPU usage

Max throughput:
30,000,000 ops
276,566,876 ns
108,472,859 ops/s
90.4 % of CPU usage

Ping latency:
3,000,000 ops
1,406,068,385 ns
119 ns/op at 0.0%'ile
246 ns/op at 50.0%'ile
1,559 ns/op at 90.0%'ile
2,063 ns/op at 99.0%'ile
2,623 ns/op at 99.9%'ile
6,463 ns/op at 99.99%'ile
31,743 ns/op at 99.999%'ile
909,311 ns/op at 100.0%'ile
49.8 % of CPU usage

Ping throughput 10K:
6,000,000 ops
1,398,516,342 ns
4,290,260 ops/s
27.4 % of CPU usage
Tests run: 8, Failures: 0, Errors: 0, Skipped: 0, Time elapsed: 11.889 sec - in com.github.plokhotnyuk.actors.MinimalistActorSpec
Running com.github.plokhotnyuk.actors.ScalaActorSpec
Executor service type: lbq-thread-pool

Enqueueing:
20,000,000 ops
429,657,377 ns
46,548,717 ops/s
28.5 % of CPU usage
23 bytes per instance

Dequeueing:
300,000 ops
808,558,168 ns
371,030 ops/s
47.9 % of CPU usage

Initiation:
600,000 ops
547,701,620 ns
912 ns/op
80.8 % of CPU usage
243 bytes per instance

Single-producer sending:
300,000 ops
862,583,218 ns
347,792 ops/s
42.6 % of CPU usage

Multi-producer sending:
300,000 ops
673,670,470 ns
445,321 ops/s
34.5 % of CPU usage

Max throughput:
600,000 ops
1,164,874,474 ns
515,076 ops/s
34.1 % of CPU usage

Ping latency:
250,000 ops
940,522,659 ns
968 ns/op at 0.0%'ile
4,735 ns/op at 50.0%'ile
5,087 ns/op at 90.0%'ile
19,071 ns/op at 99.0%'ile
46,591 ns/op at 99.9%'ile
97,279 ns/op at 99.99%'ile
1,384,447 ns/op at 99.999%'ile
2,359,295 ns/op at 100.0%'ile
37.5 % of CPU usage

Ping throughput 10K:
400,000 ops
1,178,955,648 ns
339,283 ops/s
35.8 % of CPU usage
Tests run: 8, Failures: 0, Errors: 0, Skipped: 0, Time elapsed: 10.454 sec - in com.github.plokhotnyuk.actors.ScalaActorSpec
Running com.github.plokhotnyuk.actors.ScalazActorSpec
Executor service type: lbq-thread-pool

Enqueueing:
40,000,000 ops
628,621,606 ns
63,631,284 ops/s
25.5 % of CPU usage
24 bytes per instance

Dequeueing:
40,000,000 ops
213,235,872 ns
187,585,698 ops/s
39.9 % of CPU usage

Initiation:
10,000,000 ops
276,810,812 ns
27 ns/op
44.3 % of CPU usage
104 bytes per instance

Single-producer sending:
15,000,000 ops
305,459,732 ns
49,106,309 ops/s
56.5 % of CPU usage

Multi-producer sending:
15,000,000 ops
482,777,598 ns
31,070,207 ops/s
90.1 % of CPU usage

Max throughput:
30,000,000 ops
353,768,516 ns
84,801,215 ops/s
86.9 % of CPU usage

Ping latency:
3,000,000 ops
1,270,766,684 ns
106 ns/op at 0.0%'ile
237 ns/op at 50.0%'ile
1,247 ns/op at 90.0%'ile
2,007 ns/op at 99.0%'ile
2,287 ns/op at 99.9%'ile
7,007 ns/op at 99.99%'ile
40,703 ns/op at 99.999%'ile
1,302,527 ns/op at 100.0%'ile
49.6 % of CPU usage

Ping throughput 10K:
6,000,000 ops
1,295,010,091 ns
4,633,168 ops/s
29.3 % of CPU usage
Tests run: 8, Failures: 0, Errors: 0, Skipped: 0, Time elapsed: 15.112 sec - in com.github.plokhotnyuk.actors.ScalazActorSpec

Results :

Tests run: 83, Failures: 0, Errors: 0, Skipped: 0

[INFO] ------------------------------------------------------------------------
[INFO] BUILD SUCCESS
[INFO] ------------------------------------------------------------------------
[INFO] Total time: 02:49 min
[INFO] Finished at: 2016-02-19T18:55:28+01:00
[INFO] Final Memory: 9M/1024M
[INFO] ------------------------------------------------------------------------
