[INFO] Scanning for projects...
[INFO]                                                                         
[INFO] ------------------------------------------------------------------------
[INFO] Building Actors 1.0-SNAPSHOT
[INFO] ------------------------------------------------------------------------
[INFO] 
[INFO] --- maven-clean-plugin:2.5:clean (default-clean) @ actors ---
[INFO] Deleting /home/andriy/Projects/com/github/plokhotnyuk/actors/target
[INFO] 
[INFO] --- maven-resources-plugin:2.6:resources (default-resources) @ actors ---
[INFO] Using 'UTF-8' encoding to copy filtered resources.
[INFO] skip non existing resourceDirectory /home/andriy/Projects/com/github/plokhotnyuk/actors/src/main/resources
[INFO] 
[INFO] --- maven-resources-plugin:2.6:testResources (default-testResources) @ actors ---
[INFO] Using 'UTF-8' encoding to copy filtered resources.
[INFO] skip non existing resourceDirectory /home/andriy/Projects/com/github/plokhotnyuk/actors/src/test/resources
[INFO] 
[INFO] --- scala-maven-plugin:3.2.2:testCompile (testCompile) @ actors ---
[WARNING]  Expected all dependencies to require Scala version: 2.11.7
[WARNING]  com.github.plokhotnyuk.actors:actors:1.0-SNAPSHOT requires scala version: 2.11.7
[WARNING]  com.typesafe.akka:akka-actor_2.11:2.4.2 requires scala version: 2.11.7
[WARNING]  org.scala-lang.modules:scala-java8-compat_2.11:0.7.0 requires scala version: 2.11.7
[WARNING]  net.liftweb:lift-actor_2.11:3.0-M8 requires scala version: 2.11.4
[WARNING] Multiple versions of scala libraries detected!
[INFO] /home/andriy/Projects/com/github/plokhotnyuk/actors/src/test/scala:-1: info: compiling
[INFO] Compiling 16 source files to /home/andriy/Projects/com/github/plokhotnyuk/actors/target/test-classes at 1455902057482
[WARNING] /home/andriy/Projects/com/github/plokhotnyuk/actors/src/test/scala/com/github/plokhotnyuk/actors/ScalaActorSpec.scala:9: warning: trait SchedulerAdapter in package actors is deprecated: Use the akka.actor package instead. For migration from the scala.actors package refer to the Actors Migration Guide.
[WARNING]   val customScheduler = new SchedulerAdapter {
[WARNING]                             ^
[WARNING] /home/andriy/Projects/com/github/plokhotnyuk/actors/src/test/scala/com/github/plokhotnyuk/actors/ScalaActorSpec.scala:66: warning: trait Actor in package actors is deprecated: Use the akka.actor package instead. For migration from the scala.actors package refer to the Actors Migration Guide.
[WARNING]     footprintedAndTimedCollect(600000)(() => new Actor {
[WARNING]                                                  ^
[WARNING] /home/andriy/Projects/com/github/plokhotnyuk/actors/src/test/scala/com/github/plokhotnyuk/actors/ScalaActorSpec.scala:139: warning: trait Actor in package actors is deprecated: Use the akka.actor package instead. For migration from the scala.actors package refer to the Actors Migration Guide.
[WARNING]   private def pingLatencyActor(l: CountDownLatch, n: Int, h: LatencyHistogram): Actor =
[WARNING]                                                                                 ^
[WARNING] /home/andriy/Projects/com/github/plokhotnyuk/actors/src/test/scala/com/github/plokhotnyuk/actors/ScalaActorSpec.scala:140: warning: trait Actor in package actors is deprecated: Use the akka.actor package instead. For migration from the scala.actors package refer to the Actors Migration Guide.
[WARNING]     new Actor {
[WARNING]         ^
[WARNING] /home/andriy/Projects/com/github/plokhotnyuk/actors/src/test/scala/com/github/plokhotnyuk/actors/ScalaActorSpec.scala:155: warning: trait IScheduler in package actors is deprecated: Use the akka.actor package instead. For migration from the scala.actors package refer to the Actors Migration Guide.
[WARNING]       override def scheduler: IScheduler = customScheduler
[WARNING]                               ^
[WARNING] /home/andriy/Projects/com/github/plokhotnyuk/actors/src/test/scala/com/github/plokhotnyuk/actors/ScalaActorSpec.scala:169: warning: trait Actor in package actors is deprecated: Use the akka.actor package instead. For migration from the scala.actors package refer to the Actors Migration Guide.
[WARNING]   private def pingThroughputActor(l: CountDownLatch, n: Int): Actor =
[WARNING]                                                               ^
[WARNING] /home/andriy/Projects/com/github/plokhotnyuk/actors/src/test/scala/com/github/plokhotnyuk/actors/ScalaActorSpec.scala:170: warning: trait Actor in package actors is deprecated: Use the akka.actor package instead. For migration from the scala.actors package refer to the Actors Migration Guide.
[WARNING]     new Actor {
[WARNING]         ^
[WARNING] /home/andriy/Projects/com/github/plokhotnyuk/actors/src/test/scala/com/github/plokhotnyuk/actors/ScalaActorSpec.scala:184: warning: trait IScheduler in package actors is deprecated: Use the akka.actor package instead. For migration from the scala.actors package refer to the Actors Migration Guide.
[WARNING]       override def scheduler: IScheduler = customScheduler
[WARNING]                               ^
[WARNING] /home/andriy/Projects/com/github/plokhotnyuk/actors/src/test/scala/com/github/plokhotnyuk/actors/ScalaActorSpec.scala:187: warning: trait Actor in package actors is deprecated: Use the akka.actor package instead. For migration from the scala.actors package refer to the Actors Migration Guide.
[WARNING]   private def blockableCountActor(l1: CountDownLatch, l2: CountDownLatch, n: Int): Actor =
[WARNING]                                                                                    ^
[WARNING] /home/andriy/Projects/com/github/plokhotnyuk/actors/src/test/scala/com/github/plokhotnyuk/actors/ScalaActorSpec.scala:188: warning: trait Actor in package actors is deprecated: Use the akka.actor package instead. For migration from the scala.actors package refer to the Actors Migration Guide.
[WARNING]     new Actor {
[WARNING]         ^
[WARNING] /home/andriy/Projects/com/github/plokhotnyuk/actors/src/test/scala/com/github/plokhotnyuk/actors/ScalaActorSpec.scala:207: warning: trait IScheduler in package actors is deprecated: Use the akka.actor package instead. For migration from the scala.actors package refer to the Actors Migration Guide.
[WARNING]       override def scheduler: IScheduler = customScheduler
[WARNING]                               ^
[WARNING] /home/andriy/Projects/com/github/plokhotnyuk/actors/src/test/scala/com/github/plokhotnyuk/actors/ScalaActorSpec.scala:210: warning: trait Actor in package actors is deprecated: Use the akka.actor package instead. For migration from the scala.actors package refer to the Actors Migration Guide.
[WARNING]   private def countActor(l: CountDownLatch, n: Int): Actor =
[WARNING]                                                      ^
[WARNING] /home/andriy/Projects/com/github/plokhotnyuk/actors/src/test/scala/com/github/plokhotnyuk/actors/ScalaActorSpec.scala:211: warning: trait Actor in package actors is deprecated: Use the akka.actor package instead. For migration from the scala.actors package refer to the Actors Migration Guide.
[WARNING]     new Actor {
[WARNING]         ^
[WARNING] /home/andriy/Projects/com/github/plokhotnyuk/actors/src/test/scala/com/github/plokhotnyuk/actors/ScalaActorSpec.scala:224: warning: trait IScheduler in package actors is deprecated: Use the akka.actor package instead. For migration from the scala.actors package refer to the Actors Migration Guide.
[WARNING]       override def scheduler: IScheduler = customScheduler
[WARNING]                               ^
[WARNING] /home/andriy/Projects/com/github/plokhotnyuk/actors/src/test/scala/com/github/plokhotnyuk/actors/ScalaActorSpec.scala:227: warning: trait Actor in package actors is deprecated: Use the akka.actor package instead. For migration from the scala.actors package refer to the Actors Migration Guide.
[WARNING]   private def sendMessages(a: Actor, n: Int): Unit = {
[WARNING]                               ^
[WARNING] 15 warnings found
[INFO] prepare-compile in 0 s
[INFO] compile in 14 s
[INFO] ------------------------------------------------------------------------
[INFO] BUILD SUCCESS
[INFO] ------------------------------------------------------------------------
[INFO] Total time: 15.220 s
[INFO] Finished at: 2016-02-19T18:14:31+01:00
[INFO] Final Memory: 8M/1024M
[INFO] ------------------------------------------------------------------------
[INFO] Scanning for projects...
[INFO]                                                                         
[INFO] ------------------------------------------------------------------------
[INFO] Building Actors 1.0-SNAPSHOT
[INFO] ------------------------------------------------------------------------
[INFO] 
[INFO] --- maven-resources-plugin:2.6:resources (default-resources) @ actors ---
[INFO] Using 'UTF-8' encoding to copy filtered resources.
[INFO] skip non existing resourceDirectory /home/andriy/Projects/com/github/plokhotnyuk/actors/src/main/resources
[INFO] 
[INFO] --- maven-resources-plugin:2.6:testResources (default-testResources) @ actors ---
[INFO] Using 'UTF-8' encoding to copy filtered resources.
[INFO] skip non existing resourceDirectory /home/andriy/Projects/com/github/plokhotnyuk/actors/src/test/resources
[INFO] 
[INFO] --- scala-maven-plugin:3.2.2:testCompile (testCompile) @ actors ---
[WARNING]  Expected all dependencies to require Scala version: 2.11.7
[WARNING]  com.github.plokhotnyuk.actors:actors:1.0-SNAPSHOT requires scala version: 2.11.7
[WARNING]  com.typesafe.akka:akka-actor_2.11:2.4.2 requires scala version: 2.11.7
[WARNING]  org.scala-lang.modules:scala-java8-compat_2.11:0.7.0 requires scala version: 2.11.7
[WARNING]  net.liftweb:lift-actor_2.11:3.0-M8 requires scala version: 2.11.4
[WARNING] Multiple versions of scala libraries detected!
[INFO] Nothing to compile - all classes are up to date
[INFO] 
[INFO] --- maven-surefire-plugin:2.18.1:test (default-test) @ actors ---
[INFO] Surefire report directory: /home/andriy/Projects/com/github/plokhotnyuk/actors/target/surefire-reports

-------------------------------------------------------
 T E S T S
-------------------------------------------------------
Running com.github.plokhotnyuk.actors.AkkaBoundedActorSpec
Executor service type: akka-forkjoin-pool

Enqueueing:
10,000,000 ops
544,604,630 ns
18,361,944 ops/s
44.1 % of CPU usage
48 bytes per instance

Dequeueing:
10,000,000 ops
1,021,825,738 ns
9,786,404 ops/s
28.6 % of CPU usage

Initiation:
100,000 ops
884,113,899 ns
8,841 ns/op
87.1 % of CPU usage
608 bytes per instance

Single-producer sending:
6,000,000 ops
1,151,839,119 ns
5,209,060 ops/s
48.6 % of CPU usage

Multi-producer sending:
6,000,000 ops
1,186,245,990 ns
5,057,972 ops/s
50.4 % of CPU usage

Max throughput:
12,000,000 ops
852,685,435 ns
14,073,185 ops/s
96.2 % of CPU usage

Ping latency:
1,500,000 ops
721,026,077 ns
298 ns/op at 0.0%'ile
445 ns/op at 50.0%'ile
477 ns/op at 90.0%'ile
1,423 ns/op at 99.0%'ile
3,471 ns/op at 99.9%'ile
19,071 ns/op at 99.99%'ile
56,575 ns/op at 99.999%'ile
274,431 ns/op at 100.0%'ile
98.8 % of CPU usage

Ping throughput 10K:
2,000,000 ops
872,788,757 ns
2,291,505 ops/s
99.1 % of CPU usage

Overflow throughput:
5,000,000 ops
856,033,389 ns
5,840,893 ops/s
43.5 % of CPU usage
Tests run: 9, Failures: 0, Errors: 0, Skipped: 0, Time elapsed: 16.714 sec - in com.github.plokhotnyuk.actors.AkkaBoundedActorSpec
Running com.github.plokhotnyuk.actors.AkkaMCNonBlockingBoundedActorSpec
Executor service type: akka-forkjoin-pool

Enqueueing:
10,000,000 ops
317,841,286 ns
31,462,243 ops/s
41.7 % of CPU usage
48 bytes per instance

Dequeueing:
10,000,000 ops
795,335,166 ns
12,573,315 ops/s
30.5 % of CPU usage

Initiation:
100,000 ops
901,037,131 ns
9,010 ns/op
89.6 % of CPU usage
424 bytes per instance

Single-producer sending:
6,000,000 ops
666,465,174 ns
9,002,720 ops/s
47.6 % of CPU usage

Multi-producer sending:
6,000,000 ops
867,287,325 ns
6,918,122 ops/s
74.4 % of CPU usage

Max throughput:
12,000,000 ops
623,191,645 ns
19,255,713 ops/s
89.9 % of CPU usage

Ping latency:
1,500,000 ops
592,859,999 ns
180 ns/op at 0.0%'ile
379 ns/op at 50.0%'ile
411 ns/op at 90.0%'ile
715 ns/op at 99.0%'ile
1,943 ns/op at 99.9%'ile
9,407 ns/op at 99.99%'ile
31,743 ns/op at 99.999%'ile
1,597,439 ns/op at 100.0%'ile
98.7 % of CPU usage

Ping throughput 10K:
2,000,000 ops
835,720,799 ns
2,393,143 ops/s
99.0 % of CPU usage

Overflow throughput:
5,000,000 ops
498,010,842 ns
10,039,942 ops/s
41.2 % of CPU usage
Tests run: 9, Failures: 0, Errors: 0, Skipped: 0, Time elapsed: 14.13 sec - in com.github.plokhotnyuk.actors.AkkaMCNonBlockingBoundedActorSpec
Running com.github.plokhotnyuk.actors.AkkaMCUnboundedActorSpec
Executor service type: akka-forkjoin-pool

Enqueueing:
10,000,000 ops
302,535,978 ns
33,053,919 ops/s
43.8 % of CPU usage
48 bytes per instance

Dequeueing:
10,000,000 ops
816,528,313 ns
12,246,972 ops/s
29.4 % of CPU usage

Initiation:
100,000 ops
972,271,871 ns
9,722 ns/op
83.6 % of CPU usage
424 bytes per instance

Single-producer sending:
6,000,000 ops
748,381,590 ns
8,017,300 ops/s
46.1 % of CPU usage

Multi-producer sending:
6,000,000 ops
697,666,056 ns
8,600,103 ops/s
48.7 % of CPU usage

Max throughput:
12,000,000 ops
540,205,531 ns
22,213,767 ops/s
96.7 % of CPU usage

Ping latency:
1,500,000 ops
570,076,514 ns
162 ns/op at 0.0%'ile
359 ns/op at 50.0%'ile
393 ns/op at 90.0%'ile
795 ns/op at 99.0%'ile
2,879 ns/op at 99.9%'ile
12,159 ns/op at 99.99%'ile
50,175 ns/op at 99.999%'ile
272,383 ns/op at 100.0%'ile
98.2 % of CPU usage

Ping throughput 10K:
2,000,000 ops
830,554,284 ns
2,408,030 ops/s
99.0 % of CPU usage
Tests run: 8, Failures: 0, Errors: 0, Skipped: 0, Time elapsed: 13.078 sec - in com.github.plokhotnyuk.actors.AkkaMCUnboundedActorSpec
Running com.github.plokhotnyuk.actors.AkkaSCONonBlockingBoundedActorSpec
Executor service type: akka-forkjoin-pool

Enqueueing:
10,000,000 ops
385,416,044 ns
25,945,987 ops/s
45.4 % of CPU usage
48 bytes per instance

Dequeueing:
10,000,000 ops
832,081,644 ns
12,018,051 ops/s
30.6 % of CPU usage

Initiation:
100,000 ops
934,061,322 ns
9,340 ns/op
90.5 % of CPU usage
424 bytes per instance

Single-producer sending:
6,000,000 ops
744,038,192 ns
8,064,102 ops/s
48.4 % of CPU usage

Multi-producer sending:
6,000,000 ops
1,003,792,184 ns
5,977,332 ops/s
71.2 % of CPU usage

Max throughput:
12,000,000 ops
614,483,901 ns
19,528,583 ops/s
96.4 % of CPU usage

Ping latency:
1,500,000 ops
587,434,981 ns
183 ns/op at 0.0%'ile
373 ns/op at 50.0%'ile
405 ns/op at 90.0%'ile
551 ns/op at 99.0%'ile
2,319 ns/op at 99.9%'ile
8,895 ns/op at 99.99%'ile
38,911 ns/op at 99.999%'ile
2,129,919 ns/op at 100.0%'ile
98.7 % of CPU usage

Ping throughput 10K:
2,000,000 ops
815,412,070 ns
2,452,747 ops/s
98.7 % of CPU usage

Overflow throughput:
5,000,000 ops
575,269,002 ns
8,691,585 ops/s
48.7 % of CPU usage
Tests run: 9, Failures: 0, Errors: 0, Skipped: 0, Time elapsed: 14.242 sec - in com.github.plokhotnyuk.actors.AkkaSCONonBlockingBoundedActorSpec
Running com.github.plokhotnyuk.actors.AkkaSCOUnboundedActorSpec
Executor service type: akka-forkjoin-pool

Enqueueing:
10,000,000 ops
345,370,597 ns
28,954,404 ops/s
47.8 % of CPU usage
48 bytes per instance

Dequeueing:
10,000,000 ops
806,692,231 ns
12,396,301 ops/s
30.4 % of CPU usage

Initiation:
100,000 ops
880,181,668 ns
8,801 ns/op
89.5 % of CPU usage
424 bytes per instance

Single-producer sending:
6,000,000 ops
742,982,762 ns
8,075,557 ops/s
49.1 % of CPU usage

Multi-producer sending:
6,000,000 ops
693,422,953 ns
8,652,727 ops/s
51.9 % of CPU usage

Max throughput:
12,000,000 ops
573,194,151 ns
20,935,314 ops/s
96.0 % of CPU usage

Ping latency:
1,500,000 ops
570,537,448 ns
246 ns/op at 0.0%'ile
365 ns/op at 50.0%'ile
391 ns/op at 90.0%'ile
603 ns/op at 99.0%'ile
2,335 ns/op at 99.9%'ile
10,047 ns/op at 99.99%'ile
39,167 ns/op at 99.999%'ile
294,911 ns/op at 100.0%'ile
99.0 % of CPU usage

Ping throughput 10K:
2,000,000 ops
796,693,441 ns
2,510,375 ops/s
99.8 % of CPU usage
Tests run: 8, Failures: 0, Errors: 0, Skipped: 0, Time elapsed: 12.914 sec - in com.github.plokhotnyuk.actors.AkkaSCOUnboundedActorSpec
Running com.github.plokhotnyuk.actors.AkkaUnboundedActorSpec
Executor service type: akka-forkjoin-pool

Enqueueing:
10,000,000 ops
648,659,928 ns
15,416,398 ops/s
70.5 % of CPU usage
48 bytes per instance

Dequeueing:
10,000,000 ops
942,008,581 ns
10,615,614 ops/s
30.5 % of CPU usage

Initiation:
100,000 ops
969,737,817 ns
9,697 ns/op
83.5 % of CPU usage
424 bytes per instance

Single-producer sending:
6,000,000 ops
780,806,177 ns
7,684,365 ops/s
45.5 % of CPU usage

Multi-producer sending:
6,000,000 ops
935,250,822 ns
6,415,391 ops/s
64.2 % of CPU usage

Max throughput:
12,000,000 ops
617,014,365 ns
19,448,493 ops/s
99.3 % of CPU usage

Ping latency:
1,500,000 ops
630,885,498 ns
282 ns/op at 0.0%'ile
401 ns/op at 50.0%'ile
435 ns/op at 90.0%'ile
915 ns/op at 99.0%'ile
2,575 ns/op at 99.9%'ile
10,367 ns/op at 99.99%'ile
39,167 ns/op at 99.999%'ile
1,245,183 ns/op at 100.0%'ile
99.1 % of CPU usage

Ping throughput 10K:
2,000,000 ops
773,378,366 ns
2,586,056 ops/s
99.6 % of CPU usage
Tests run: 8, Failures: 0, Errors: 0, Skipped: 0, Time elapsed: 13.916 sec - in com.github.plokhotnyuk.actors.AkkaUnboundedActorSpec
Running com.github.plokhotnyuk.actors.LiftActorSpec
Executor service type: akka-forkjoin-pool

Enqueueing:
10,000,000 ops
381,587,745 ns
26,206,292 ops/s
26.9 % of CPU usage
24 bytes per instance

Dequeueing:
10,000,000 ops
449,091,970 ns
22,267,153 ops/s
31.2 % of CPU usage

Initiation:
10,000,000 ops
639,161,579 ns
63 ns/op
32.5 % of CPU usage
72 bytes per instance

Single-producer sending:
6,000,000 ops
859,812,523 ns
6,978,265 ops/s
55.2 % of CPU usage

Multi-producer sending:
6,000,000 ops
601,333,554 ns
9,977,823 ops/s
54.9 % of CPU usage

Max throughput:
12,000,000 ops
482,990,317 ns
24,845,218 ops/s
95.8 % of CPU usage

Ping latency:
1,500,000 ops
1,077,489,001 ns
374 ns/op at 0.0%'ile
619 ns/op at 50.0%'ile
663 ns/op at 90.0%'ile
2,223 ns/op at 99.0%'ile
14,143 ns/op at 99.9%'ile
47,871 ns/op at 99.99%'ile
135,167 ns/op at 99.999%'ile
4,587,519 ns/op at 100.0%'ile
98.1 % of CPU usage

Ping throughput 10K:
2,000,000 ops
631,028,071 ns
3,169,431 ops/s
97.1 % of CPU usage
Tests run: 8, Failures: 0, Errors: 0, Skipped: 0, Time elapsed: 12.003 sec - in com.github.plokhotnyuk.actors.LiftActorSpec
Running com.github.plokhotnyuk.actors.MinimalistActorSpec
Executor service type: akka-forkjoin-pool

Enqueueing:
40,000,000 ops
628,440,030 ns
63,649,669 ops/s
25.5 % of CPU usage
24 bytes per instance

Dequeueing:
40,000,000 ops
437,499,341 ns
91,428,709 ops/s
45.7 % of CPU usage

Initiation:
2,000,000 ops
416,477,108 ns
208 ns/op
99.0 % of CPU usage
43 bytes per instance

Single-producer sending:
15,000,000 ops
260,599,389 ns
57,559,613 ops/s
57.6 % of CPU usage

Multi-producer sending:
15,000,000 ops
361,018,399 ns
41,549,128 ops/s
92.1 % of CPU usage

Max throughput:
30,000,000 ops
363,511,106 ns
82,528,427 ops/s
92.8 % of CPU usage

Ping latency:
3,000,000 ops
635,114,382 ns
71 ns/op at 0.0%'ile
190 ns/op at 50.0%'ile
315 ns/op at 90.0%'ile
439 ns/op at 99.0%'ile
715 ns/op at 99.9%'ile
3,743 ns/op at 99.99%'ile
28,927 ns/op at 99.999%'ile
1,679,359 ns/op at 100.0%'ile
99.2 % of CPU usage

Ping throughput 10K:
6,000,000 ops
674,663,936 ns
8,893,316 ops/s
98.9 % of CPU usage
Tests run: 8, Failures: 0, Errors: 0, Skipped: 0, Time elapsed: 9.944 sec - in com.github.plokhotnyuk.actors.MinimalistActorSpec
Running com.github.plokhotnyuk.actors.ScalaActorSpec
Executor service type: akka-forkjoin-pool

Enqueueing:
20,000,000 ops
438,183,992 ns
45,642,927 ops/s
29.7 % of CPU usage
23 bytes per instance

Dequeueing:
300,000 ops
590,237,072 ns
508,270 ops/s
97.8 % of CPU usage

Initiation:
600,000 ops
754,075,210 ns
1,256 ns/op
98.8 % of CPU usage
224 bytes per instance

Single-producer sending:
300,000 ops
616,811,031 ns
486,372 ops/s
98.9 % of CPU usage

Multi-producer sending:
300,000 ops
491,027,660 ns
610,963 ops/s
97.8 % of CPU usage

Max throughput:
600,000 ops
596,926,568 ns
1,005,148 ops/s
98.8 % of CPU usage

Ping latency:
250,000 ops
632,692,828 ns
1,112 ns/op at 0.0%'ile
1,879 ns/op at 50.0%'ile
4,287 ns/op at 90.0%'ile
11,135 ns/op at 99.0%'ile
33,535 ns/op at 99.9%'ile
76,287 ns/op at 99.99%'ile
522,239 ns/op at 99.999%'ile
6,356,991 ns/op at 100.0%'ile
98.4 % of CPU usage

Ping throughput 10K:
400,000 ops
680,151,801 ns
588,104 ops/s
99.2 % of CPU usage
Tests run: 8, Failures: 0, Errors: 0, Skipped: 0, Time elapsed: 8.58 sec - in com.github.plokhotnyuk.actors.ScalaActorSpec
Running com.github.plokhotnyuk.actors.ScalazActorSpec
Executor service type: akka-forkjoin-pool

Enqueueing:
40,000,000 ops
630,852,023 ns
63,406,311 ops/s
25.4 % of CPU usage
24 bytes per instance

Dequeueing:
40,000,000 ops
236,857,599 ns
168,877,841 ops/s
50.7 % of CPU usage

Initiation:
10,000,000 ops
310,525,179 ns
31 ns/op
41.1 % of CPU usage
104 bytes per instance

Single-producer sending:
15,000,000 ops
346,139,362 ns
43,335,146 ops/s
96.8 % of CPU usage

Multi-producer sending:
15,000,000 ops
457,710,958 ns
32,771,773 ops/s
93.9 % of CPU usage

Max throughput:
30,000,000 ops
315,250,214 ns
95,162,504 ops/s
96.0 % of CPU usage

Ping latency:
3,000,000 ops
764,233,939 ns
85 ns/op at 0.0%'ile
218 ns/op at 50.0%'ile
345 ns/op at 90.0%'ile
727 ns/op at 99.0%'ile
999 ns/op at 99.9%'ile
13,119 ns/op at 99.99%'ile
34,815 ns/op at 99.999%'ile
4,554,751 ns/op at 100.0%'ile
98.5 % of CPU usage

Ping throughput 10K:
6,000,000 ops
2,068,380,903 ns
2,900,819 ops/s
99.6 % of CPU usage
Tests run: 8, Failures: 0, Errors: 0, Skipped: 0, Time elapsed: 15.227 sec - in com.github.plokhotnyuk.actors.ScalazActorSpec

Results :

Tests run: 83, Failures: 0, Errors: 0, Skipped: 0

[INFO] ------------------------------------------------------------------------
[INFO] BUILD SUCCESS
[INFO] ------------------------------------------------------------------------
[INFO] Total time: 02:26 min
[INFO] Finished at: 2016-02-19T18:16:59+01:00
[INFO] Final Memory: 9M/1024M
[INFO] ------------------------------------------------------------------------
[INFO] Scanning for projects...
[INFO]                                                                         
[INFO] ------------------------------------------------------------------------
[INFO] Building Actors 1.0-SNAPSHOT
[INFO] ------------------------------------------------------------------------
[INFO] 
[INFO] --- maven-resources-plugin:2.6:resources (default-resources) @ actors ---
[INFO] Using 'UTF-8' encoding to copy filtered resources.
[INFO] skip non existing resourceDirectory /home/andriy/Projects/com/github/plokhotnyuk/actors/src/main/resources
[INFO] 
[INFO] --- maven-resources-plugin:2.6:testResources (default-testResources) @ actors ---
[INFO] Using 'UTF-8' encoding to copy filtered resources.
[INFO] skip non existing resourceDirectory /home/andriy/Projects/com/github/plokhotnyuk/actors/src/test/resources
[INFO] 
[INFO] --- scala-maven-plugin:3.2.2:testCompile (testCompile) @ actors ---
[WARNING]  Expected all dependencies to require Scala version: 2.11.7
[WARNING]  com.github.plokhotnyuk.actors:actors:1.0-SNAPSHOT requires scala version: 2.11.7
[WARNING]  com.typesafe.akka:akka-actor_2.11:2.4.2 requires scala version: 2.11.7
[WARNING]  org.scala-lang.modules:scala-java8-compat_2.11:0.7.0 requires scala version: 2.11.7
[WARNING]  net.liftweb:lift-actor_2.11:3.0-M8 requires scala version: 2.11.4
[WARNING] Multiple versions of scala libraries detected!
[INFO] Nothing to compile - all classes are up to date
[INFO] 
[INFO] --- maven-surefire-plugin:2.18.1:test (default-test) @ actors ---
[INFO] Surefire report directory: /home/andriy/Projects/com/github/plokhotnyuk/actors/target/surefire-reports

-------------------------------------------------------
 T E S T S
-------------------------------------------------------
Running com.github.plokhotnyuk.actors.AkkaBoundedActorSpec
Executor service type: scala-forkjoin-pool

Enqueueing:
10,000,000 ops
505,139,785 ns
19,796,500 ops/s
41.6 % of CPU usage
48 bytes per instance

Dequeueing:
10,000,000 ops
1,020,468,687 ns
9,799,418 ops/s
30.1 % of CPU usage

Initiation:
100,000 ops
934,398,804 ns
9,343 ns/op
88.6 % of CPU usage
608 bytes per instance

Single-producer sending:
6,000,000 ops
1,329,797,733 ns
4,511,964 ops/s
48.3 % of CPU usage

Multi-producer sending:
6,000,000 ops
1,125,140,796 ns
5,332,665 ops/s
51.1 % of CPU usage

Max throughput:
12,000,000 ops
881,243,915 ns
13,617,115 ops/s
92.5 % of CPU usage

Ping latency:
1,500,000 ops
678,327,820 ns
318 ns/op at 0.0%'ile
437 ns/op at 50.0%'ile
463 ns/op at 90.0%'ile
775 ns/op at 99.0%'ile
2,143 ns/op at 99.9%'ile
10,687 ns/op at 99.99%'ile
32,383 ns/op at 99.999%'ile
284,671 ns/op at 100.0%'ile
99.1 % of CPU usage

Ping throughput 10K:
2,000,000 ops
840,259,262 ns
2,380,217 ops/s
98.5 % of CPU usage

Overflow throughput:
5,000,000 ops
576,884,512 ns
8,667,246 ops/s
36.0 % of CPU usage
Tests run: 9, Failures: 0, Errors: 0, Skipped: 0, Time elapsed: 16.768 sec - in com.github.plokhotnyuk.actors.AkkaBoundedActorSpec
Running com.github.plokhotnyuk.actors.AkkaMCNonBlockingBoundedActorSpec
Executor service type: scala-forkjoin-pool

Enqueueing:
10,000,000 ops
346,856,506 ns
28,830,365 ops/s
44.0 % of CPU usage
48 bytes per instance

Dequeueing:
10,000,000 ops
799,590,828 ns
12,506,396 ops/s
29.4 % of CPU usage

Initiation:
100,000 ops
968,898,031 ns
9,688 ns/op
95.7 % of CPU usage
424 bytes per instance

Single-producer sending:
6,000,000 ops
632,264,845 ns
9,489,694 ops/s
45.9 % of CPU usage

Multi-producer sending:
6,000,000 ops
964,874,805 ns
6,218,423 ops/s
69.4 % of CPU usage

Max throughput:
12,000,000 ops
620,226,837 ns
19,347,760 ops/s
91.9 % of CPU usage

Ping latency:
1,500,000 ops
609,881,054 ns
245 ns/op at 0.0%'ile
377 ns/op at 50.0%'ile
411 ns/op at 90.0%'ile
879 ns/op at 99.0%'ile
2,751 ns/op at 99.9%'ile
10,175 ns/op at 99.99%'ile
43,775 ns/op at 99.999%'ile
4,030,463 ns/op at 100.0%'ile
98.4 % of CPU usage

Ping throughput 10K:
2,000,000 ops
675,944,909 ns
2,958,821 ops/s
99.5 % of CPU usage

Overflow throughput:
5,000,000 ops
565,779,200 ns
8,837,369 ops/s
37.6 % of CPU usage
Tests run: 9, Failures: 0, Errors: 0, Skipped: 0, Time elapsed: 14.325 sec - in com.github.plokhotnyuk.actors.AkkaMCNonBlockingBoundedActorSpec
Running com.github.plokhotnyuk.actors.AkkaMCUnboundedActorSpec
Executor service type: scala-forkjoin-pool

Enqueueing:
10,000,000 ops
574,988,626 ns
17,391,648 ops/s
62.2 % of CPU usage
48 bytes per instance

Dequeueing:
10,000,000 ops
800,721,527 ns
12,488,736 ops/s
29.0 % of CPU usage

Initiation:
100,000 ops
1,008,568,931 ns
10,085 ns/op
89.5 % of CPU usage
424 bytes per instance

Single-producer sending:
6,000,000 ops
610,650,119 ns
9,825,593 ops/s
42.6 % of CPU usage

Multi-producer sending:
6,000,000 ops
688,598,280 ns
8,713,353 ops/s
49.7 % of CPU usage

Max throughput:
12,000,000 ops
571,099,616 ns
21,012,096 ops/s
98.1 % of CPU usage

Ping latency:
1,500,000 ops
609,378,401 ns
197 ns/op at 0.0%'ile
371 ns/op at 50.0%'ile
413 ns/op at 90.0%'ile
1,199 ns/op at 99.0%'ile
2,783 ns/op at 99.9%'ile
10,431 ns/op at 99.99%'ile
37,119 ns/op at 99.999%'ile
3,522,559 ns/op at 100.0%'ile
98.9 % of CPU usage

Ping throughput 10K:
2,000,000 ops
727,759,643 ns
2,748,160 ops/s
98.9 % of CPU usage
Tests run: 8, Failures: 0, Errors: 0, Skipped: 0, Time elapsed: 13.221 sec - in com.github.plokhotnyuk.actors.AkkaMCUnboundedActorSpec
Running com.github.plokhotnyuk.actors.AkkaSCONonBlockingBoundedActorSpec
Executor service type: scala-forkjoin-pool

Enqueueing:
10,000,000 ops
371,932,264 ns
26,886,616 ops/s
51.8 % of CPU usage
48 bytes per instance

Dequeueing:
10,000,000 ops
829,795,360 ns
12,051,164 ops/s
30.1 % of CPU usage

Initiation:
100,000 ops
894,484,374 ns
8,944 ns/op
85.8 % of CPU usage
424 bytes per instance

Single-producer sending:
6,000,000 ops
634,328,268 ns
9,458,824 ops/s
44.5 % of CPU usage

Multi-producer sending:
6,000,000 ops
951,743,598 ns
6,304,218 ops/s
73.0 % of CPU usage

Max throughput:
12,000,000 ops
595,409,506 ns
20,154,196 ops/s
95.7 % of CPU usage

Ping latency:
1,500,000 ops
577,174,072 ns
171 ns/op at 0.0%'ile
367 ns/op at 50.0%'ile
399 ns/op at 90.0%'ile
603 ns/op at 99.0%'ile
2,383 ns/op at 99.9%'ile
9,791 ns/op at 99.99%'ile
38,143 ns/op at 99.999%'ile
1,531,903 ns/op at 100.0%'ile
97.9 % of CPU usage

Ping throughput 10K:
2,000,000 ops
909,809,024 ns
2,198,263 ops/s
99.2 % of CPU usage

Overflow throughput:
5,000,000 ops
513,210,488 ns
9,742,591 ops/s
46.8 % of CPU usage
Tests run: 9, Failures: 0, Errors: 0, Skipped: 0, Time elapsed: 14.179 sec - in com.github.plokhotnyuk.actors.AkkaSCONonBlockingBoundedActorSpec
Running com.github.plokhotnyuk.actors.AkkaSCOUnboundedActorSpec
Executor service type: scala-forkjoin-pool

Enqueueing:
10,000,000 ops
360,184,538 ns
27,763,546 ops/s
47.2 % of CPU usage
48 bytes per instance

Dequeueing:
10,000,000 ops
814,670,115 ns
12,274,907 ops/s
29.5 % of CPU usage

Initiation:
100,000 ops
923,684,443 ns
9,236 ns/op
93.9 % of CPU usage
424 bytes per instance

Single-producer sending:
6,000,000 ops
628,300,538 ns
9,549,570 ops/s
43.4 % of CPU usage

Multi-producer sending:
6,000,000 ops
762,516,851 ns
7,868,678 ops/s
54.8 % of CPU usage

Max throughput:
12,000,000 ops
545,058,782 ns
22,015,974 ops/s
97.2 % of CPU usage

Ping latency:
1,500,000 ops
562,891,825 ns
189 ns/op at 0.0%'ile
363 ns/op at 50.0%'ile
391 ns/op at 90.0%'ile
445 ns/op at 99.0%'ile
1,959 ns/op at 99.9%'ile
9,535 ns/op at 99.99%'ile
30,847 ns/op at 99.999%'ile
417,791 ns/op at 100.0%'ile
98.2 % of CPU usage

Ping throughput 10K:
2,000,000 ops
763,509,517 ns
2,619,482 ops/s
98.9 % of CPU usage
Tests run: 8, Failures: 0, Errors: 0, Skipped: 0, Time elapsed: 13.063 sec - in com.github.plokhotnyuk.actors.AkkaSCOUnboundedActorSpec
Running com.github.plokhotnyuk.actors.AkkaUnboundedActorSpec
Executor service type: scala-forkjoin-pool

Enqueueing:
10,000,000 ops
324,213,041 ns
30,843,916 ops/s
47.8 % of CPU usage
48 bytes per instance

Dequeueing:
10,000,000 ops
955,018,355 ns
10,471,002 ops/s
30.1 % of CPU usage

Initiation:
100,000 ops
896,065,795 ns
8,960 ns/op
94.0 % of CPU usage
424 bytes per instance

Single-producer sending:
6,000,000 ops
729,802,145 ns
8,221,406 ops/s
45.6 % of CPU usage

Multi-producer sending:
6,000,000 ops
949,003,829 ns
6,322,419 ops/s
66.1 % of CPU usage

Max throughput:
12,000,000 ops
599,789,183 ns
20,007,029 ops/s
98.0 % of CPU usage

Ping latency:
1,500,000 ops
629,352,088 ns
196 ns/op at 0.0%'ile
405 ns/op at 50.0%'ile
435 ns/op at 90.0%'ile
551 ns/op at 99.0%'ile
2,015 ns/op at 99.9%'ile
10,303 ns/op at 99.99%'ile
34,303 ns/op at 99.999%'ile
651,263 ns/op at 100.0%'ile
98.9 % of CPU usage

Ping throughput 10K:
2,000,000 ops
786,875,112 ns
2,541,699 ops/s
98.8 % of CPU usage
Tests run: 8, Failures: 0, Errors: 0, Skipped: 0, Time elapsed: 13.593 sec - in com.github.plokhotnyuk.actors.AkkaUnboundedActorSpec
Running com.github.plokhotnyuk.actors.LiftActorSpec
Executor service type: scala-forkjoin-pool

Enqueueing:
10,000,000 ops
405,435,707 ns
24,664,823 ops/s
27.1 % of CPU usage
24 bytes per instance

Dequeueing:
10,000,000 ops
465,133,965 ns
21,499,182 ops/s
31.2 % of CPU usage

Initiation:
10,000,000 ops
639,781,224 ns
63 ns/op
32.8 % of CPU usage
72 bytes per instance

Single-producer sending:
6,000,000 ops
805,493,600 ns
7,448,848 ops/s
57.1 % of CPU usage

Multi-producer sending:
6,000,000 ops
615,816,186 ns
9,743,167 ops/s
54.0 % of CPU usage

Max throughput:
12,000,000 ops
559,581,794 ns
21,444,586 ops/s
91.6 % of CPU usage

Ping latency:
1,500,000 ops
1,185,190,046 ns
472 ns/op at 0.0%'ile
687 ns/op at 50.0%'ile
751 ns/op at 90.0%'ile
3,263 ns/op at 99.0%'ile
11,967 ns/op at 99.9%'ile
61,439 ns/op at 99.99%'ile
147,455 ns/op at 99.999%'ile
1,916,927 ns/op at 100.0%'ile
98.5 % of CPU usage

Ping throughput 10K:
2,000,000 ops
671,924,062 ns
2,976,526 ops/s
99.0 % of CPU usage
Tests run: 8, Failures: 0, Errors: 0, Skipped: 0, Time elapsed: 12.506 sec - in com.github.plokhotnyuk.actors.LiftActorSpec
Running com.github.plokhotnyuk.actors.MinimalistActorSpec
Executor service type: scala-forkjoin-pool

Enqueueing:
40,000,000 ops
627,163,981 ns
63,779,172 ops/s
25.5 % of CPU usage
24 bytes per instance

Dequeueing:
40,000,000 ops
412,378,913 ns
96,998,170 ops/s
46.1 % of CPU usage

Initiation:
2,000,000 ops
383,507,514 ns
191 ns/op
99.7 % of CPU usage
41 bytes per instance

Single-producer sending:
15,000,000 ops
859,874,631 ns
17,444,403 ops/s
33.4 % of CPU usage

Multi-producer sending:
15,000,000 ops
1,160,857,078 ns
12,921,487 ops/s
49.1 % of CPU usage

Max throughput:
30,000,000 ops
332,923,169 ns
90,110,880 ops/s
97.6 % of CPU usage

Ping latency:
3,000,000 ops
642,419,939 ns
73 ns/op at 0.0%'ile
193 ns/op at 50.0%'ile
319 ns/op at 90.0%'ile
411 ns/op at 99.0%'ile
879 ns/op at 99.9%'ile
4,063 ns/op at 99.99%'ile
27,391 ns/op at 99.999%'ile
507,903 ns/op at 100.0%'ile
99.2 % of CPU usage

Ping throughput 10K:
6,000,000 ops
681,752,231 ns
8,800,851 ops/s
98.6 % of CPU usage
Tests run: 8, Failures: 0, Errors: 0, Skipped: 0, Time elapsed: 11.283 sec - in com.github.plokhotnyuk.actors.MinimalistActorSpec
Running com.github.plokhotnyuk.actors.ScalaActorSpec
Executor service type: scala-forkjoin-pool

Enqueueing:
20,000,000 ops
595,753,734 ns
33,570,918 ops/s
27.7 % of CPU usage
24 bytes per instance

Dequeueing:
300,000 ops
586,386,952 ns
511,607 ops/s
98.5 % of CPU usage

Initiation:
600,000 ops
650,066,202 ns
1,083 ns/op
99.2 % of CPU usage
224 bytes per instance

Single-producer sending:
300,000 ops
651,894,925 ns
460,196 ops/s
98.6 % of CPU usage

Multi-producer sending:
300,000 ops
564,070,410 ns
531,848 ops/s
97.9 % of CPU usage

Max throughput:
600,000 ops
639,223,141 ns
938,639 ops/s
98.9 % of CPU usage

Ping latency:
250,000 ops
629,802,839 ns
1,232 ns/op at 0.0%'ile
1,687 ns/op at 50.0%'ile
4,543 ns/op at 90.0%'ile
11,903 ns/op at 99.0%'ile
29,055 ns/op at 99.9%'ile
75,775 ns/op at 99.99%'ile
2,981,887 ns/op at 99.999%'ile
10,223,615 ns/op at 100.0%'ile
97.6 % of CPU usage

Ping throughput 10K:
400,000 ops
698,420,081 ns
572,721 ops/s
99.2 % of CPU usage
Tests run: 8, Failures: 0, Errors: 0, Skipped: 0, Time elapsed: 8.857 sec - in com.github.plokhotnyuk.actors.ScalaActorSpec
Running com.github.plokhotnyuk.actors.ScalazActorSpec
Executor service type: scala-forkjoin-pool

Enqueueing:
40,000,000 ops
630,279,824 ns
63,463,875 ops/s
25.4 % of CPU usage
24 bytes per instance

Dequeueing:
40,000,000 ops
293,060,395 ns
136,490,637 ops/s
75.1 % of CPU usage

Initiation:
10,000,000 ops
415,349,849 ns
41 ns/op
40.9 % of CPU usage
104 bytes per instance

Single-producer sending:
15,000,000 ops
274,932,687 ns
54,558,809 ops/s
90.9 % of CPU usage

Multi-producer sending:
15,000,000 ops
458,339,255 ns
32,726,849 ops/s
94.4 % of CPU usage

Max throughput:
30,000,000 ops
347,472,866 ns
86,337,676 ops/s
98.6 % of CPU usage

Ping latency:
3,000,000 ops
764,170,933 ns
80 ns/op at 0.0%'ile
223 ns/op at 50.0%'ile
343 ns/op at 90.0%'ile
603 ns/op at 99.0%'ile
971 ns/op at 99.9%'ile
5,663 ns/op at 99.99%'ile
38,911 ns/op at 99.999%'ile
12,582,911 ns/op at 100.0%'ile
98.8 % of CPU usage

Ping throughput 10K:
6,000,000 ops
1,173,241,422 ns
5,114,036 ops/s
99.5 % of CPU usage
Tests run: 8, Failures: 0, Errors: 0, Skipped: 0, Time elapsed: 14.775 sec - in com.github.plokhotnyuk.actors.ScalazActorSpec

Results :

Tests run: 83, Failures: 0, Errors: 0, Skipped: 0

[INFO] ------------------------------------------------------------------------
[INFO] BUILD SUCCESS
[INFO] ------------------------------------------------------------------------
[INFO] Total time: 02:28 min
[INFO] Finished at: 2016-02-19T18:19:29+01:00
[INFO] Final Memory: 9M/1024M
[INFO] ------------------------------------------------------------------------
[INFO] Scanning for projects...
[INFO]                                                                         
[INFO] ------------------------------------------------------------------------
[INFO] Building Actors 1.0-SNAPSHOT
[INFO] ------------------------------------------------------------------------
[INFO] 
[INFO] --- maven-resources-plugin:2.6:resources (default-resources) @ actors ---
[INFO] Using 'UTF-8' encoding to copy filtered resources.
[INFO] skip non existing resourceDirectory /home/andriy/Projects/com/github/plokhotnyuk/actors/src/main/resources
[INFO] 
[INFO] --- maven-resources-plugin:2.6:testResources (default-testResources) @ actors ---
[INFO] Using 'UTF-8' encoding to copy filtered resources.
[INFO] skip non existing resourceDirectory /home/andriy/Projects/com/github/plokhotnyuk/actors/src/test/resources
[INFO] 
[INFO] --- scala-maven-plugin:3.2.2:testCompile (testCompile) @ actors ---
[WARNING]  Expected all dependencies to require Scala version: 2.11.7
[WARNING]  com.github.plokhotnyuk.actors:actors:1.0-SNAPSHOT requires scala version: 2.11.7
[WARNING]  com.typesafe.akka:akka-actor_2.11:2.4.2 requires scala version: 2.11.7
[WARNING]  org.scala-lang.modules:scala-java8-compat_2.11:0.7.0 requires scala version: 2.11.7
[WARNING]  net.liftweb:lift-actor_2.11:3.0-M8 requires scala version: 2.11.4
[WARNING] Multiple versions of scala libraries detected!
[INFO] Nothing to compile - all classes are up to date
[INFO] 
[INFO] --- maven-surefire-plugin:2.18.1:test (default-test) @ actors ---
[INFO] Surefire report directory: /home/andriy/Projects/com/github/plokhotnyuk/actors/target/surefire-reports

-------------------------------------------------------
 T E S T S
-------------------------------------------------------
Running com.github.plokhotnyuk.actors.AkkaBoundedActorSpec
Executor service type: java-forkjoin-pool

Enqueueing:
10,000,000 ops
557,323,670 ns
17,942,894 ops/s
41.7 % of CPU usage
48 bytes per instance

Dequeueing:
10,000,000 ops
1,045,195,586 ns
9,567,587 ops/s
28.7 % of CPU usage

Initiation:
100,000 ops
899,304,784 ns
8,993 ns/op
74.5 % of CPU usage
608 bytes per instance

Single-producer sending:
6,000,000 ops
1,053,872,757 ns
5,693,286 ops/s
43.6 % of CPU usage

Multi-producer sending:
6,000,000 ops
1,207,271,709 ns
4,969,883 ops/s
48.5 % of CPU usage

Max throughput:
12,000,000 ops
842,602,751 ns
14,241,586 ops/s
94.6 % of CPU usage

Ping latency:
1,500,000 ops
1,980,315,846 ns
213 ns/op at 0.0%'ile
1,207 ns/op at 50.0%'ile
2,191 ns/op at 90.0%'ile
2,895 ns/op at 99.0%'ile
5,055 ns/op at 99.9%'ile
12,031 ns/op at 99.99%'ile
46,079 ns/op at 99.999%'ile
1,343,487 ns/op at 100.0%'ile
65.9 % of CPU usage

Ping throughput 10K:
2,000,000 ops
817,428,321 ns
2,446,697 ops/s
99.4 % of CPU usage

Overflow throughput:
5,000,000 ops
584,724,431 ns
8,551,036 ops/s
41.9 % of CPU usage
Tests run: 9, Failures: 0, Errors: 0, Skipped: 0, Time elapsed: 17.783 sec - in com.github.plokhotnyuk.actors.AkkaBoundedActorSpec
Running com.github.plokhotnyuk.actors.AkkaMCNonBlockingBoundedActorSpec
Executor service type: java-forkjoin-pool

Enqueueing:
10,000,000 ops
368,959,900 ns
27,103,216 ops/s
47.4 % of CPU usage
48 bytes per instance

Dequeueing:
10,000,000 ops
810,108,049 ns
12,344,032 ops/s
31.5 % of CPU usage

Initiation:
100,000 ops
852,175,463 ns
8,521 ns/op
77.4 % of CPU usage
424 bytes per instance

Single-producer sending:
6,000,000 ops
649,209,125 ns
9,242,014 ops/s
45.4 % of CPU usage

Multi-producer sending:
6,000,000 ops
944,782,527 ns
6,350,667 ops/s
71.2 % of CPU usage

Max throughput:
12,000,000 ops
563,693,222 ns
21,288,175 ops/s
96.7 % of CPU usage

Ping latency:
1,500,000 ops
1,840,165,499 ns
191 ns/op at 0.0%'ile
1,135 ns/op at 50.0%'ile
2,063 ns/op at 90.0%'ile
2,703 ns/op at 99.0%'ile
4,767 ns/op at 99.9%'ile
10,815 ns/op at 99.99%'ile
43,007 ns/op at 99.999%'ile
4,063,231 ns/op at 100.0%'ile
66.6 % of CPU usage

Ping throughput 10K:
2,000,000 ops
886,289,420 ns
2,256,599 ops/s
98.7 % of CPU usage

Overflow throughput:
5,000,000 ops
523,930,945 ns
9,543,242 ops/s
37.2 % of CPU usage
Tests run: 9, Failures: 0, Errors: 0, Skipped: 0, Time elapsed: 15.158 sec - in com.github.plokhotnyuk.actors.AkkaMCNonBlockingBoundedActorSpec
Running com.github.plokhotnyuk.actors.AkkaMCUnboundedActorSpec
Executor service type: java-forkjoin-pool

Enqueueing:
10,000,000 ops
300,137,267 ns
33,318,088 ops/s
48.3 % of CPU usage
48 bytes per instance

Dequeueing:
10,000,000 ops
806,876,488 ns
12,393,470 ops/s
30.1 % of CPU usage

Initiation:
100,000 ops
1,029,131,270 ns
10,291 ns/op
69.7 % of CPU usage
424 bytes per instance

Single-producer sending:
6,000,000 ops
753,567,416 ns
7,962,127 ops/s
47.1 % of CPU usage

Multi-producer sending:
6,000,000 ops
703,694,337 ns
8,526,429 ops/s
50.1 % of CPU usage

Max throughput:
12,000,000 ops
559,163,586 ns
21,460,624 ops/s
97.9 % of CPU usage

Ping latency:
1,500,000 ops
1,790,278,202 ns
193 ns/op at 0.0%'ile
1,063 ns/op at 50.0%'ile
2,095 ns/op at 90.0%'ile
2,799 ns/op at 99.0%'ile
5,439 ns/op at 99.9%'ile
11,327 ns/op at 99.99%'ile
43,519 ns/op at 99.999%'ile
1,859,583 ns/op at 100.0%'ile
67.9 % of CPU usage

Ping throughput 10K:
2,000,000 ops
853,181,371 ns
2,344,167 ops/s
99.3 % of CPU usage
Tests run: 8, Failures: 0, Errors: 0, Skipped: 0, Time elapsed: 14.232 sec - in com.github.plokhotnyuk.actors.AkkaMCUnboundedActorSpec
Running com.github.plokhotnyuk.actors.AkkaSCONonBlockingBoundedActorSpec
Executor service type: java-forkjoin-pool

Enqueueing:
10,000,000 ops
369,694,146 ns
27,049,386 ops/s
49.4 % of CPU usage
48 bytes per instance

Dequeueing:
10,000,000 ops
820,554,597 ns
12,186,879 ops/s
30.8 % of CPU usage

Initiation:
100,000 ops
914,002,315 ns
9,140 ns/op
76.3 % of CPU usage
425 bytes per instance

Single-producer sending:
6,000,000 ops
630,939,526 ns
9,509,627 ops/s
42.8 % of CPU usage

Multi-producer sending:
6,000,000 ops
1,046,481,826 ns
5,733,496 ops/s
75.0 % of CPU usage

Max throughput:
12,000,000 ops
584,454,415 ns
20,531,969 ops/s
96.2 % of CPU usage

Ping latency:
1,500,000 ops
1,889,478,456 ns
217 ns/op at 0.0%'ile
1,135 ns/op at 50.0%'ile
2,159 ns/op at 90.0%'ile
2,831 ns/op at 99.0%'ile
5,887 ns/op at 99.9%'ile
10,559 ns/op at 99.99%'ile
36,863 ns/op at 99.999%'ile
5,111,807 ns/op at 100.0%'ile
66.4 % of CPU usage

Ping throughput 10K:
2,000,000 ops
760,558,633 ns
2,629,646 ops/s
98.6 % of CPU usage

Overflow throughput:
5,000,000 ops
563,056,282 ns
8,880,106 ops/s
56.4 % of CPU usage
Tests run: 9, Failures: 0, Errors: 0, Skipped: 0, Time elapsed: 15.566 sec - in com.github.plokhotnyuk.actors.AkkaSCONonBlockingBoundedActorSpec
Running com.github.plokhotnyuk.actors.AkkaSCOUnboundedActorSpec
Executor service type: java-forkjoin-pool

Enqueueing:
10,000,000 ops
299,047,525 ns
33,439,500 ops/s
51.8 % of CPU usage
48 bytes per instance

Dequeueing:
10,000,000 ops
826,745,341 ns
12,095,623 ops/s
31.1 % of CPU usage

Initiation:
100,000 ops
866,895,626 ns
8,668 ns/op
72.4 % of CPU usage
424 bytes per instance

Single-producer sending:
6,000,000 ops
696,072,234 ns
8,619,795 ops/s
49.2 % of CPU usage

Multi-producer sending:
6,000,000 ops
695,985,223 ns
8,620,872 ops/s
48.1 % of CPU usage

Max throughput:
12,000,000 ops
540,149,471 ns
22,216,072 ops/s
97.2 % of CPU usage

Ping latency:
1,500,000 ops
1,838,324,293 ns
187 ns/op at 0.0%'ile
1,127 ns/op at 50.0%'ile
2,063 ns/op at 90.0%'ile
2,735 ns/op at 99.0%'ile
4,287 ns/op at 99.9%'ile
10,239 ns/op at 99.99%'ile
30,847 ns/op at 99.999%'ile
5,111,807 ns/op at 100.0%'ile
65.7 % of CPU usage

Ping throughput 10K:
2,000,000 ops
888,565,511 ns
2,250,818 ops/s
99.3 % of CPU usage
Tests run: 8, Failures: 0, Errors: 0, Skipped: 0, Time elapsed: 14.257 sec - in com.github.plokhotnyuk.actors.AkkaSCOUnboundedActorSpec
Running com.github.plokhotnyuk.actors.AkkaUnboundedActorSpec
Executor service type: java-forkjoin-pool

Enqueueing:
10,000,000 ops
312,235,321 ns
32,027,126 ops/s
54.4 % of CPU usage
48 bytes per instance

Dequeueing:
10,000,000 ops
922,036,616 ns
10,845,556 ops/s
30.1 % of CPU usage

Initiation:
100,000 ops
946,642,515 ns
9,466 ns/op
74.7 % of CPU usage
424 bytes per instance

Single-producer sending:
6,000,000 ops
725,682,426 ns
8,268,079 ops/s
44.4 % of CPU usage

Multi-producer sending:
6,000,000 ops
906,562,375 ns
6,618,408 ops/s
67.0 % of CPU usage

Max throughput:
12,000,000 ops
656,941,910 ns
18,266,455 ops/s
95.1 % of CPU usage

Ping latency:
1,500,000 ops
1,784,913,577 ns
200 ns/op at 0.0%'ile
1,047 ns/op at 50.0%'ile
2,127 ns/op at 90.0%'ile
2,783 ns/op at 99.0%'ile
5,311 ns/op at 99.9%'ile
10,175 ns/op at 99.99%'ile
31,231 ns/op at 99.999%'ile
667,647 ns/op at 100.0%'ile
67.2 % of CPU usage

Ping throughput 10K:
2,000,000 ops
817,121,068 ns
2,447,617 ops/s
99.4 % of CPU usage
Tests run: 8, Failures: 0, Errors: 0, Skipped: 0, Time elapsed: 14.726 sec - in com.github.plokhotnyuk.actors.AkkaUnboundedActorSpec
Running com.github.plokhotnyuk.actors.LiftActorSpec
Executor service type: java-forkjoin-pool

Enqueueing:
10,000,000 ops
379,457,900 ns
26,353,384 ops/s
27.0 % of CPU usage
24 bytes per instance

Dequeueing:
10,000,000 ops
413,630,652 ns
24,176,158 ops/s
29.6 % of CPU usage

Initiation:
10,000,000 ops
627,747,517 ns
62 ns/op
33.1 % of CPU usage
72 bytes per instance

Single-producer sending:
6,000,000 ops
463,822,332 ns
12,935,987 ops/s
55.0 % of CPU usage

Multi-producer sending:
6,000,000 ops
596,514,280 ns
10,058,434 ops/s
56.6 % of CPU usage

Max throughput:
12,000,000 ops
467,868,150 ns
25,648,251 ops/s
95.6 % of CPU usage

Ping latency:
1,500,000 ops
2,770,164,081 ns
374 ns/op at 0.0%'ile
1,679 ns/op at 50.0%'ile
2,975 ns/op at 90.0%'ile
3,983 ns/op at 99.0%'ile
10,815 ns/op at 99.9%'ile
28,287 ns/op at 99.99%'ile
77,311 ns/op at 99.999%'ile
4,358,143 ns/op at 100.0%'ile
60.9 % of CPU usage

Ping throughput 10K:
2,000,000 ops
632,821,121 ns
3,160,450 ops/s
98.8 % of CPU usage
Tests run: 8, Failures: 0, Errors: 0, Skipped: 0, Time elapsed: 13.479 sec - in com.github.plokhotnyuk.actors.LiftActorSpec
Running com.github.plokhotnyuk.actors.MinimalistActorSpec
Executor service type: java-forkjoin-pool

Enqueueing:
40,000,000 ops
628,677,275 ns
63,625,649 ops/s
25.5 % of CPU usage
24 bytes per instance

Dequeueing:
40,000,000 ops
328,375,056 ns
121,811,932 ops/s
38.1 % of CPU usage

Initiation:
2,000,000 ops
388,427,235 ns
194 ns/op
99.8 % of CPU usage
42 bytes per instance

Single-producer sending:
15,000,000 ops
257,897,939 ns
58,162,543 ops/s
63.0 % of CPU usage

Multi-producer sending:
15,000,000 ops
451,469,895 ns
33,224,806 ops/s
97.5 % of CPU usage

Max throughput:
30,000,000 ops
368,826,460 ns
81,339,066 ops/s
98.3 % of CPU usage

Ping latency:
3,000,000 ops
2,799,675,773 ns
149 ns/op at 0.0%'ile
883 ns/op at 50.0%'ile
1,327 ns/op at 90.0%'ile
2,063 ns/op at 99.0%'ile
3,199 ns/op at 99.9%'ile
8,319 ns/op at 99.99%'ile
29,823 ns/op at 99.999%'ile
473,087 ns/op at 100.0%'ile
99.7 % of CPU usage

Ping throughput 10K:
6,000,000 ops
3,041,851,839 ns
1,972,482 ops/s
99.8 % of CPU usage
Tests run: 8, Failures: 0, Errors: 0, Skipped: 0, Time elapsed: 14.422 sec - in com.github.plokhotnyuk.actors.MinimalistActorSpec
Running com.github.plokhotnyuk.actors.ScalaActorSpec
Executor service type: java-forkjoin-pool

Enqueueing:
20,000,000 ops
600,215,942 ns
33,321,340 ops/s
28.3 % of CPU usage
24 bytes per instance

Dequeueing:
300,000 ops
1,333,088,098 ns
225,041 ops/s
78.6 % of CPU usage

Initiation:
600,000 ops
1,100,438,562 ns
1,834 ns/op
87.7 % of CPU usage
224 bytes per instance

Single-producer sending:
300,000 ops
1,397,336,794 ns
214,694 ops/s
76.9 % of CPU usage

Multi-producer sending:
300,000 ops
1,288,245,721 ns
232,874 ops/s
75.1 % of CPU usage

Max throughput:
600,000 ops
759,826,737 ns
789,653 ops/s
100.0 % of CPU usage

Ping latency:
250,000 ops
1,786,139,757 ns
1,312 ns/op at 0.0%'ile
8,447 ns/op at 50.0%'ile
9,023 ns/op at 90.0%'ile
12,159 ns/op at 99.0%'ile
38,399 ns/op at 99.9%'ile
84,479 ns/op at 99.99%'ile
1,327,103 ns/op at 99.999%'ile
8,191,999 ns/op at 100.0%'ile
73.6 % of CPU usage

Ping throughput 10K:
400,000 ops
698,932,995 ns
572,300 ops/s
99.1 % of CPU usage
Tests run: 8, Failures: 0, Errors: 0, Skipped: 0, Time elapsed: 12.947 sec - in com.github.plokhotnyuk.actors.ScalaActorSpec
Running com.github.plokhotnyuk.actors.ScalazActorSpec
Executor service type: java-forkjoin-pool

Enqueueing:
40,000,000 ops
629,348,512 ns
63,557,789 ops/s
25.4 % of CPU usage
24 bytes per instance

Dequeueing:
40,000,000 ops
208,058,174 ns
192,253,922 ops/s
43.3 % of CPU usage

Initiation:
10,000,000 ops
317,376,880 ns
31 ns/op
43.3 % of CPU usage
104 bytes per instance

Single-producer sending:
15,000,000 ops
263,976,702 ns
56,823,196 ops/s
74.8 % of CPU usage

Multi-producer sending:
15,000,000 ops
473,560,905 ns
31,674,912 ops/s
93.4 % of CPU usage

Max throughput:
30,000,000 ops
382,784,840 ns
78,373,009 ops/s
84.9 % of CPU usage

Ping latency:
3,000,000 ops
2,743,206,967 ns
69 ns/op at 0.0%'ile
643 ns/op at 50.0%'ile
1,743 ns/op at 90.0%'ile
5,471 ns/op at 99.0%'ile
6,623 ns/op at 99.9%'ile
10,559 ns/op at 99.99%'ile
38,655 ns/op at 99.999%'ile
10,420,223 ns/op at 100.0%'ile
85.7 % of CPU usage

Ping throughput 10K:
6,000,000 ops
1,087,782,449 ns
5,515,808 ops/s
99.7 % of CPU usage
Tests run: 8, Failures: 0, Errors: 0, Skipped: 0, Time elapsed: 16.242 sec - in com.github.plokhotnyuk.actors.ScalazActorSpec

Results :

Tests run: 83, Failures: 0, Errors: 0, Skipped: 0

[INFO] ------------------------------------------------------------------------
[INFO] BUILD SUCCESS
[INFO] ------------------------------------------------------------------------
[INFO] Total time: 02:45 min
[INFO] Finished at: 2016-02-19T18:22:15+01:00
[INFO] Final Memory: 9M/1024M
[INFO] ------------------------------------------------------------------------
[INFO] Scanning for projects...
[INFO]                                                                         
[INFO] ------------------------------------------------------------------------
[INFO] Building Actors 1.0-SNAPSHOT
[INFO] ------------------------------------------------------------------------
[INFO] 
[INFO] --- maven-resources-plugin:2.6:resources (default-resources) @ actors ---
[INFO] Using 'UTF-8' encoding to copy filtered resources.
[INFO] skip non existing resourceDirectory /home/andriy/Projects/com/github/plokhotnyuk/actors/src/main/resources
[INFO] 
[INFO] --- maven-resources-plugin:2.6:testResources (default-testResources) @ actors ---
[INFO] Using 'UTF-8' encoding to copy filtered resources.
[INFO] skip non existing resourceDirectory /home/andriy/Projects/com/github/plokhotnyuk/actors/src/test/resources
[INFO] 
[INFO] --- scala-maven-plugin:3.2.2:testCompile (testCompile) @ actors ---
[WARNING]  Expected all dependencies to require Scala version: 2.11.7
[WARNING]  com.github.plokhotnyuk.actors:actors:1.0-SNAPSHOT requires scala version: 2.11.7
[WARNING]  com.typesafe.akka:akka-actor_2.11:2.4.2 requires scala version: 2.11.7
[WARNING]  org.scala-lang.modules:scala-java8-compat_2.11:0.7.0 requires scala version: 2.11.7
[WARNING]  net.liftweb:lift-actor_2.11:3.0-M8 requires scala version: 2.11.4
[WARNING] Multiple versions of scala libraries detected!
[INFO] Nothing to compile - all classes are up to date
[INFO] 
[INFO] --- maven-surefire-plugin:2.18.1:test (default-test) @ actors ---
[INFO] Surefire report directory: /home/andriy/Projects/com/github/plokhotnyuk/actors/target/surefire-reports

-------------------------------------------------------
 T E S T S
-------------------------------------------------------
Running com.github.plokhotnyuk.actors.AkkaBoundedActorSpec
Executor service type: abq-thread-pool

Enqueueing:
10,000,000 ops
570,295,781 ns
17,534,760 ops/s
35.1 % of CPU usage
48 bytes per instance

Dequeueing:
10,000,000 ops
1,019,854,869 ns
9,805,316 ops/s
28.9 % of CPU usage

Initiation:
100,000 ops
1,034,040,926 ns
10,340 ns/op
78.6 % of CPU usage
608 bytes per instance

Single-producer sending:
6,000,000 ops
1,189,438,272 ns
5,044,397 ops/s
46.2 % of CPU usage

Multi-producer sending:
6,000,000 ops
1,116,330,189 ns
5,374,753 ops/s
46.6 % of CPU usage

Max throughput:
12,000,000 ops
796,852,809 ns
15,059,242 ops/s
94.7 % of CPU usage

Ping latency:
1,500,000 ops
3,676,746,757 ns
292 ns/op at 0.0%'ile
407 ns/op at 50.0%'ile
12,479 ns/op at 90.0%'ile
12,863 ns/op at 99.0%'ile
14,335 ns/op at 99.9%'ile
20,351 ns/op at 99.99%'ile
143,359 ns/op at 99.999%'ile
4,521,983 ns/op at 100.0%'ile
36.1 % of CPU usage

Ping throughput 10K:
2,000,000 ops
1,739,044,092 ns
1,150,057 ops/s
78.3 % of CPU usage

Overflow throughput:
5,000,000 ops
650,807,618 ns
7,682,761 ops/s
48.4 % of CPU usage
Tests run: 9, Failures: 0, Errors: 0, Skipped: 0, Time elapsed: 20.8 sec - in com.github.plokhotnyuk.actors.AkkaBoundedActorSpec
Running com.github.plokhotnyuk.actors.AkkaMCNonBlockingBoundedActorSpec
Executor service type: abq-thread-pool

Enqueueing:
10,000,000 ops
328,016,529 ns
30,486,268 ops/s
52.6 % of CPU usage
48 bytes per instance

Dequeueing:
10,000,000 ops
827,013,609 ns
12,091,699 ops/s
30.8 % of CPU usage

Initiation:
100,000 ops
957,278,280 ns
9,572 ns/op
77.6 % of CPU usage
424 bytes per instance

Single-producer sending:
6,000,000 ops
776,417,689 ns
7,727,799 ops/s
47.0 % of CPU usage

Multi-producer sending:
6,000,000 ops
926,509,782 ns
6,475,916 ops/s
69.9 % of CPU usage

Max throughput:
12,000,000 ops
605,576,446 ns
19,815,830 ops/s
94.1 % of CPU usage

Ping latency:
1,500,000 ops
1,959,587,435 ns
231 ns/op at 0.0%'ile
285 ns/op at 50.0%'ile
1,903 ns/op at 90.0%'ile
12,351 ns/op at 99.0%'ile
12,991 ns/op at 99.9%'ile
18,175 ns/op at 99.99%'ile
47,615 ns/op at 99.999%'ile
1,138,687 ns/op at 100.0%'ile
37.4 % of CPU usage

Ping throughput 10K:
2,000,000 ops
1,770,754,898 ns
1,129,461 ops/s
71.2 % of CPU usage

Overflow throughput:
5,000,000 ops
636,630,759 ns
7,853,846 ops/s
49.9 % of CPU usage
Tests run: 9, Failures: 0, Errors: 0, Skipped: 0, Time elapsed: 16.982 sec - in com.github.plokhotnyuk.actors.AkkaMCNonBlockingBoundedActorSpec
Running com.github.plokhotnyuk.actors.AkkaMCUnboundedActorSpec
Executor service type: abq-thread-pool

Enqueueing:
10,000,000 ops
337,333,631 ns
29,644,242 ops/s
43.7 % of CPU usage
48 bytes per instance

Dequeueing:
10,000,000 ops
817,453,886 ns
12,233,105 ops/s
31.2 % of CPU usage

Initiation:
100,000 ops
944,067,428 ns
9,440 ns/op
81.3 % of CPU usage
424 bytes per instance

Single-producer sending:
6,000,000 ops
775,665,513 ns
7,735,292 ops/s
44.2 % of CPU usage

Multi-producer sending:
6,000,000 ops
731,889,471 ns
8,197,959 ops/s
51.6 % of CPU usage

Max throughput:
12,000,000 ops
551,074,531 ns
21,775,638 ops/s
97.1 % of CPU usage

Ping latency:
1,500,000 ops
1,855,252,930 ns
224 ns/op at 0.0%'ile
295 ns/op at 50.0%'ile
1,103 ns/op at 90.0%'ile
12,479 ns/op at 99.0%'ile
12,991 ns/op at 99.9%'ile
18,431 ns/op at 99.99%'ile
49,407 ns/op at 99.999%'ile
1,867,775 ns/op at 100.0%'ile
38.9 % of CPU usage

Ping throughput 10K:
2,000,000 ops
1,527,612,143 ns
1,309,232 ops/s
71.7 % of CPU usage
Tests run: 8, Failures: 0, Errors: 0, Skipped: 0, Time elapsed: 15.341 sec - in com.github.plokhotnyuk.actors.AkkaMCUnboundedActorSpec
Running com.github.plokhotnyuk.actors.AkkaSCONonBlockingBoundedActorSpec
Executor service type: abq-thread-pool

Enqueueing:
10,000,000 ops
364,456,964 ns
27,438,081 ops/s
46.6 % of CPU usage
48 bytes per instance

Dequeueing:
10,000,000 ops
845,350,147 ns
11,829,417 ops/s
30.2 % of CPU usage

Initiation:
100,000 ops
1,038,285,196 ns
10,382 ns/op
78.7 % of CPU usage
424 bytes per instance

Single-producer sending:
6,000,000 ops
785,919,626 ns
7,634,368 ops/s
48.4 % of CPU usage

Multi-producer sending:
6,000,000 ops
933,208,041 ns
6,429,434 ops/s
71.8 % of CPU usage

Max throughput:
12,000,000 ops
632,388,810 ns
18,975,667 ops/s
97.6 % of CPU usage

Ping latency:
1,500,000 ops
2,098,525,628 ns
240 ns/op at 0.0%'ile
297 ns/op at 50.0%'ile
2,007 ns/op at 90.0%'ile
12,543 ns/op at 99.0%'ile
13,439 ns/op at 99.9%'ile
19,327 ns/op at 99.99%'ile
58,623 ns/op at 99.999%'ile
223,231 ns/op at 100.0%'ile
37.6 % of CPU usage

Ping throughput 10K:
2,000,000 ops
1,736,491,100 ns
1,151,747 ops/s
70.4 % of CPU usage

Overflow throughput:
5,000,000 ops
575,939,202 ns
8,681,471 ops/s
40.8 % of CPU usage
Tests run: 9, Failures: 0, Errors: 0, Skipped: 0, Time elapsed: 17.25 sec - in com.github.plokhotnyuk.actors.AkkaSCONonBlockingBoundedActorSpec
Running com.github.plokhotnyuk.actors.AkkaSCOUnboundedActorSpec
Executor service type: abq-thread-pool

Enqueueing:
10,000,000 ops
359,732,105 ns
27,798,464 ops/s
47.3 % of CPU usage
48 bytes per instance

Dequeueing:
10,000,000 ops
836,710,006 ns
11,951,572 ops/s
31.1 % of CPU usage

Initiation:
100,000 ops
977,161,727 ns
9,771 ns/op
78.3 % of CPU usage
424 bytes per instance

Single-producer sending:
6,000,000 ops
731,611,662 ns
8,201,072 ops/s
47.8 % of CPU usage

Multi-producer sending:
6,000,000 ops
717,261,611 ns
8,365,148 ops/s
54.0 % of CPU usage

Max throughput:
12,000,000 ops
532,403,427 ns
22,539,298 ops/s
93.9 % of CPU usage

Ping latency:
1,500,000 ops
1,855,652,684 ns
229 ns/op at 0.0%'ile
293 ns/op at 50.0%'ile
799 ns/op at 90.0%'ile
12,415 ns/op at 99.0%'ile
13,119 ns/op at 99.9%'ile
18,943 ns/op at 99.99%'ile
70,143 ns/op at 99.999%'ile
2,867,199 ns/op at 100.0%'ile
38.3 % of CPU usage

Ping throughput 10K:
2,000,000 ops
1,660,189,436 ns
1,204,681 ops/s
72.1 % of CPU usage
Tests run: 8, Failures: 0, Errors: 0, Skipped: 0, Time elapsed: 15.395 sec - in com.github.plokhotnyuk.actors.AkkaSCOUnboundedActorSpec
Running com.github.plokhotnyuk.actors.AkkaUnboundedActorSpec
Executor service type: abq-thread-pool

Enqueueing:
10,000,000 ops
319,987,160 ns
31,251,253 ops/s
44.5 % of CPU usage
48 bytes per instance

Dequeueing:
10,000,000 ops
981,855,511 ns
10,184,797 ops/s
31.1 % of CPU usage

Initiation:
100,000 ops
928,604,388 ns
9,286 ns/op
78.6 % of CPU usage
424 bytes per instance

Single-producer sending:
6,000,000 ops
794,814,118 ns
7,548,934 ops/s
42.5 % of CPU usage

Multi-producer sending:
6,000,000 ops
986,731,318 ns
6,080,682 ops/s
63.1 % of CPU usage

Max throughput:
12,000,000 ops
687,845,188 ns
17,445,786 ops/s
96.7 % of CPU usage

Ping latency:
1,500,000 ops
1,503,252,475 ns
253 ns/op at 0.0%'ile
305 ns/op at 50.0%'ile
671 ns/op at 90.0%'ile
12,415 ns/op at 99.0%'ile
12,927 ns/op at 99.9%'ile
17,791 ns/op at 99.99%'ile
49,663 ns/op at 99.999%'ile
456,703 ns/op at 100.0%'ile
40.2 % of CPU usage

Ping throughput 10K:
2,000,000 ops
1,618,273,722 ns
1,235,884 ops/s
70.0 % of CPU usage
Tests run: 8, Failures: 0, Errors: 0, Skipped: 0, Time elapsed: 15.331 sec - in com.github.plokhotnyuk.actors.AkkaUnboundedActorSpec
Running com.github.plokhotnyuk.actors.LiftActorSpec
Executor service type: abq-thread-pool

Enqueueing:
10,000,000 ops
377,248,075 ns
26,507,756 ops/s
26.5 % of CPU usage
24 bytes per instance

Dequeueing:
10,000,000 ops
447,522,460 ns
22,345,247 ops/s
30.7 % of CPU usage

Initiation:
10,000,000 ops
626,043,675 ns
62 ns/op
33.1 % of CPU usage
72 bytes per instance

Single-producer sending:
6,000,000 ops
817,044,154 ns
7,343,544 ops/s
56.6 % of CPU usage

Multi-producer sending:
6,000,000 ops
698,150,259 ns
8,594,138 ops/s
65.2 % of CPU usage

Max throughput:
12,000,000 ops
514,879,397 ns
23,306,428 ops/s
93.2 % of CPU usage

Ping latency:
1,500,000 ops
2,482,409,585 ns
464 ns/op at 0.0%'ile
831 ns/op at 50.0%'ile
3,663 ns/op at 90.0%'ile
13,631 ns/op at 99.0%'ile
14,783 ns/op at 99.9%'ile
33,535 ns/op at 99.99%'ile
96,767 ns/op at 99.999%'ile
3,276,799 ns/op at 100.0%'ile
51.5 % of CPU usage

Ping throughput 10K:
2,000,000 ops
1,033,053,233 ns
1,936,008 ops/s
89.1 % of CPU usage
Tests run: 8, Failures: 0, Errors: 0, Skipped: 0, Time elapsed: 13.961 sec - in com.github.plokhotnyuk.actors.LiftActorSpec
Running com.github.plokhotnyuk.actors.MinimalistActorSpec
Executor service type: abq-thread-pool

Enqueueing:
40,000,000 ops
627,769,285 ns
63,717,676 ops/s
25.5 % of CPU usage
24 bytes per instance

Dequeueing:
40,000,000 ops
360,882,777 ns
110,839,315 ops/s
34.6 % of CPU usage

Initiation:
2,000,000 ops
1,286,991,910 ns
643 ns/op
50.5 % of CPU usage
40 bytes per instance

Single-producer sending:
15,000,000 ops
227,881,755 ns
65,823,611 ops/s
63.6 % of CPU usage

Multi-producer sending:
15,000,000 ops
363,015,980 ns
41,320,495 ops/s
95.7 % of CPU usage

Max throughput:
30,000,000 ops
266,778,262 ns
112,452,940 ops/s
94.6 % of CPU usage

Ping latency:
3,000,000 ops
2,602,057,857 ns
119 ns/op at 0.0%'ile
197 ns/op at 50.0%'ile
1,647 ns/op at 90.0%'ile
11,071 ns/op at 99.0%'ile
12,159 ns/op at 99.9%'ile
18,431 ns/op at 99.99%'ile
171,007 ns/op at 99.999%'ile
4,030,463 ns/op at 100.0%'ile
38.3 % of CPU usage

Ping throughput 10K:
6,000,000 ops
2,151,219,359 ns
2,789,115 ops/s
40.7 % of CPU usage
Tests run: 8, Failures: 0, Errors: 0, Skipped: 0, Time elapsed: 14.334 sec - in com.github.plokhotnyuk.actors.MinimalistActorSpec
Running com.github.plokhotnyuk.actors.ScalaActorSpec
Executor service type: abq-thread-pool

Enqueueing:
20,000,000 ops
459,148,316 ns
43,558,909 ops/s
29.4 % of CPU usage
23 bytes per instance

Dequeueing:
300,000 ops
789,440,840 ns
380,015 ops/s
55.4 % of CPU usage

Initiation:
600,000 ops
1,040,079,829 ns
1,733 ns/op
48.8 % of CPU usage
224 bytes per instance

Single-producer sending:
300,000 ops
851,043,091 ns
352,508 ops/s
37.6 % of CPU usage

Multi-producer sending:
300,000 ops
1,631,343,735 ns
183,897 ops/s
48.3 % of CPU usage

Max throughput:
600,000 ops
969,535,511 ns
618,853 ops/s
88.7 % of CPU usage

Ping latency:
250,000 ops
1,560,829,633 ns
1,024 ns/op at 0.0%'ile
7,487 ns/op at 50.0%'ile
8,575 ns/op at 90.0%'ile
19,071 ns/op at 99.0%'ile
43,263 ns/op at 99.9%'ile
112,127 ns/op at 99.99%'ile
544,767 ns/op at 99.999%'ile
761,855 ns/op at 100.0%'ile
54.1 % of CPU usage

Ping throughput 10K:
400,000 ops
777,356,196 ns
514,564 ops/s
94.6 % of CPU usage
Tests run: 8, Failures: 0, Errors: 0, Skipped: 0, Time elapsed: 12.227 sec - in com.github.plokhotnyuk.actors.ScalaActorSpec
Running com.github.plokhotnyuk.actors.ScalazActorSpec
Executor service type: abq-thread-pool

Enqueueing:
40,000,000 ops
624,531,056 ns
64,048,055 ops/s
25.2 % of CPU usage
24 bytes per instance

Dequeueing:
40,000,000 ops
210,332,021 ns
190,175,513 ops/s
40.4 % of CPU usage

Initiation:
10,000,000 ops
309,729,734 ns
30 ns/op
42.8 % of CPU usage
104 bytes per instance

Single-producer sending:
15,000,000 ops
267,890,170 ns
55,993,095 ops/s
69.1 % of CPU usage

Multi-producer sending:
15,000,000 ops
465,505,857 ns
32,223,010 ops/s
95.1 % of CPU usage

Max throughput:
30,000,000 ops
257,247,755 ns
116,619,093 ops/s
97.2 % of CPU usage

Ping latency:
3,000,000 ops
2,713,111,057 ns
102 ns/op at 0.0%'ile
220 ns/op at 50.0%'ile
1,639 ns/op at 90.0%'ile
10,879 ns/op at 99.0%'ile
11,391 ns/op at 99.9%'ile
15,039 ns/op at 99.99%'ile
66,047 ns/op at 99.999%'ile
4,816,895 ns/op at 100.0%'ile
40.8 % of CPU usage

Ping throughput 10K:
6,000,000 ops
2,678,639,445 ns
2,239,943 ops/s
51.3 % of CPU usage
Tests run: 8, Failures: 0, Errors: 0, Skipped: 0, Time elapsed: 17.919 sec - in com.github.plokhotnyuk.actors.ScalazActorSpec

Results :

Tests run: 83, Failures: 0, Errors: 0, Skipped: 0

[INFO] ------------------------------------------------------------------------
[INFO] BUILD SUCCESS
[INFO] ------------------------------------------------------------------------
[INFO] Total time: 02:56 min
[INFO] Finished at: 2016-02-19T18:25:13+01:00
[INFO] Final Memory: 9M/1024M
[INFO] ------------------------------------------------------------------------
[INFO] Scanning for projects...
[INFO]                                                                         
[INFO] ------------------------------------------------------------------------
[INFO] Building Actors 1.0-SNAPSHOT
[INFO] ------------------------------------------------------------------------
[INFO] 
[INFO] --- maven-resources-plugin:2.6:resources (default-resources) @ actors ---
[INFO] Using 'UTF-8' encoding to copy filtered resources.
[INFO] skip non existing resourceDirectory /home/andriy/Projects/com/github/plokhotnyuk/actors/src/main/resources
[INFO] 
[INFO] --- maven-resources-plugin:2.6:testResources (default-testResources) @ actors ---
[INFO] Using 'UTF-8' encoding to copy filtered resources.
[INFO] skip non existing resourceDirectory /home/andriy/Projects/com/github/plokhotnyuk/actors/src/test/resources
[INFO] 
[INFO] --- scala-maven-plugin:3.2.2:testCompile (testCompile) @ actors ---
[WARNING]  Expected all dependencies to require Scala version: 2.11.7
[WARNING]  com.github.plokhotnyuk.actors:actors:1.0-SNAPSHOT requires scala version: 2.11.7
[WARNING]  com.typesafe.akka:akka-actor_2.11:2.4.2 requires scala version: 2.11.7
[WARNING]  org.scala-lang.modules:scala-java8-compat_2.11:0.7.0 requires scala version: 2.11.7
[WARNING]  net.liftweb:lift-actor_2.11:3.0-M8 requires scala version: 2.11.4
[WARNING] Multiple versions of scala libraries detected!
[INFO] Nothing to compile - all classes are up to date
[INFO] 
[INFO] --- maven-surefire-plugin:2.18.1:test (default-test) @ actors ---
[INFO] Surefire report directory: /home/andriy/Projects/com/github/plokhotnyuk/actors/target/surefire-reports

-------------------------------------------------------
 T E S T S
-------------------------------------------------------
Running com.github.plokhotnyuk.actors.AkkaBoundedActorSpec
Executor service type: lbq-thread-pool

Enqueueing:
10,000,000 ops
578,127,318 ns
17,297,227 ops/s
40.2 % of CPU usage
48 bytes per instance

Dequeueing:
10,000,000 ops
1,044,189,666 ns
9,576,804 ops/s
29.0 % of CPU usage

Initiation:
100,000 ops
1,003,185,064 ns
10,031 ns/op
76.3 % of CPU usage
608 bytes per instance

Single-producer sending:
6,000,000 ops
1,234,480,477 ns
4,860,344 ops/s
43.7 % of CPU usage

Multi-producer sending:
6,000,000 ops
1,163,893,819 ns
5,155,109 ops/s
50.5 % of CPU usage

Max throughput:
12,000,000 ops
809,675,891 ns
14,820,745 ops/s
95.1 % of CPU usage

Ping latency:
1,500,000 ops
2,294,967,820 ns
352 ns/op at 0.0%'ile
519 ns/op at 50.0%'ile
5,343 ns/op at 90.0%'ile
10,815 ns/op at 99.0%'ile
11,263 ns/op at 99.9%'ile
15,871 ns/op at 99.99%'ile
55,295 ns/op at 99.999%'ile
1,949,695 ns/op at 100.0%'ile
41.0 % of CPU usage

Ping throughput 10K:
2,000,000 ops
1,102,944,449 ns
1,813,327 ops/s
92.7 % of CPU usage

Overflow throughput:
5,000,000 ops
988,693,566 ns
5,057,178 ops/s
40.0 % of CPU usage
Tests run: 9, Failures: 0, Errors: 0, Skipped: 0, Time elapsed: 19.417 sec - in com.github.plokhotnyuk.actors.AkkaBoundedActorSpec
Running com.github.plokhotnyuk.actors.AkkaMCNonBlockingBoundedActorSpec
Executor service type: lbq-thread-pool

Enqueueing:
10,000,000 ops
327,144,072 ns
30,567,572 ops/s
48.9 % of CPU usage
48 bytes per instance

Dequeueing:
10,000,000 ops
854,116,417 ns
11,708,005 ops/s
32.2 % of CPU usage

Initiation:
100,000 ops
1,041,241,602 ns
10,412 ns/op
83.1 % of CPU usage
424 bytes per instance

Single-producer sending:
6,000,000 ops
825,018,317 ns
7,272,565 ops/s
44.8 % of CPU usage

Multi-producer sending:
6,000,000 ops
972,131,234 ns
6,172,006 ops/s
71.7 % of CPU usage

Max throughput:
12,000,000 ops
582,231,388 ns
20,610,362 ops/s
94.0 % of CPU usage

Ping latency:
1,500,000 ops
1,947,285,292 ns
286 ns/op at 0.0%'ile
377 ns/op at 50.0%'ile
5,343 ns/op at 90.0%'ile
10,559 ns/op at 99.0%'ile
11,135 ns/op at 99.9%'ile
15,871 ns/op at 99.99%'ile
94,207 ns/op at 99.999%'ile
4,014,079 ns/op at 100.0%'ile
39.8 % of CPU usage

Ping throughput 10K:
2,000,000 ops
1,218,714,589 ns
1,641,073 ops/s
80.4 % of CPU usage

Overflow throughput:
5,000,000 ops
532,356,874 ns
9,392,195 ops/s
46.0 % of CPU usage
Tests run: 9, Failures: 0, Errors: 0, Skipped: 0, Time elapsed: 16.321 sec - in com.github.plokhotnyuk.actors.AkkaMCNonBlockingBoundedActorSpec
Running com.github.plokhotnyuk.actors.AkkaMCUnboundedActorSpec
Executor service type: lbq-thread-pool

Enqueueing:
10,000,000 ops
321,202,096 ns
31,133,047 ops/s
29.6 % of CPU usage
48 bytes per instance

Dequeueing:
10,000,000 ops
819,551,988 ns
12,201,788 ops/s
29.3 % of CPU usage

Initiation:
100,000 ops
1,027,540,615 ns
10,275 ns/op
77.4 % of CPU usage
424 bytes per instance

Single-producer sending:
6,000,000 ops
745,662,584 ns
8,046,534 ops/s
47.3 % of CPU usage

Multi-producer sending:
6,000,000 ops
698,357,106 ns
8,591,592 ops/s
49.4 % of CPU usage

Max throughput:
12,000,000 ops
587,964,376 ns
20,409,399 ops/s
93.5 % of CPU usage

Ping latency:
1,500,000 ops
1,854,198,873 ns
286 ns/op at 0.0%'ile
401 ns/op at 50.0%'ile
2,239 ns/op at 90.0%'ile
10,495 ns/op at 99.0%'ile
11,007 ns/op at 99.9%'ile
14,655 ns/op at 99.99%'ile
28,799 ns/op at 99.999%'ile
109,055 ns/op at 100.0%'ile
41.0 % of CPU usage

Ping throughput 10K:
2,000,000 ops
1,179,963,551 ns
1,694,967 ops/s
88.4 % of CPU usage
Tests run: 8, Failures: 0, Errors: 0, Skipped: 0, Time elapsed: 15.129 sec - in com.github.plokhotnyuk.actors.AkkaMCUnboundedActorSpec
Running com.github.plokhotnyuk.actors.AkkaSCONonBlockingBoundedActorSpec
Executor service type: lbq-thread-pool

Enqueueing:
10,000,000 ops
384,493,049 ns
26,008,272 ops/s
46.2 % of CPU usage
48 bytes per instance

Dequeueing:
10,000,000 ops
835,936,485 ns
11,962,631 ops/s
29.6 % of CPU usage

Initiation:
100,000 ops
1,114,797,174 ns
11,147 ns/op
87.0 % of CPU usage
424 bytes per instance

Single-producer sending:
6,000,000 ops
831,401,415 ns
7,216,730 ops/s
44.5 % of CPU usage

Multi-producer sending:
6,000,000 ops
948,901,561 ns
6,323,100 ops/s
66.1 % of CPU usage

Max throughput:
12,000,000 ops
558,917,393 ns
21,470,077 ops/s
97.5 % of CPU usage

Ping latency:
1,500,000 ops
2,115,715,638 ns
292 ns/op at 0.0%'ile
407 ns/op at 50.0%'ile
2,927 ns/op at 90.0%'ile
10,751 ns/op at 99.0%'ile
11,199 ns/op at 99.9%'ile
15,679 ns/op at 99.99%'ile
55,295 ns/op at 99.999%'ile
4,030,463 ns/op at 100.0%'ile
40.5 % of CPU usage

Ping throughput 10K:
2,000,000 ops
1,187,203,953 ns
1,684,630 ops/s
89.7 % of CPU usage

Overflow throughput:
5,000,000 ops
666,079,095 ns
7,506,616 ops/s
54.0 % of CPU usage
Tests run: 9, Failures: 0, Errors: 0, Skipped: 0, Time elapsed: 16.526 sec - in com.github.plokhotnyuk.actors.AkkaSCONonBlockingBoundedActorSpec
Running com.github.plokhotnyuk.actors.AkkaSCOUnboundedActorSpec
Executor service type: lbq-thread-pool

Enqueueing:
10,000,000 ops
340,551,722 ns
29,364,115 ops/s
45.5 % of CPU usage
48 bytes per instance

Dequeueing:
10,000,000 ops
837,092,577 ns
11,946,109 ops/s
32.3 % of CPU usage

Initiation:
100,000 ops
1,065,309,062 ns
10,653 ns/op
82.4 % of CPU usage
424 bytes per instance

Single-producer sending:
6,000,000 ops
658,267,608 ns
9,114,834 ops/s
45.2 % of CPU usage

Multi-producer sending:
6,000,000 ops
694,011,369 ns
8,645,391 ops/s
51.9 % of CPU usage

Max throughput:
12,000,000 ops
560,758,763 ns
21,399,576 ops/s
97.6 % of CPU usage

Ping latency:
1,500,000 ops
2,253,555,747 ns
282 ns/op at 0.0%'ile
405 ns/op at 50.0%'ile
5,535 ns/op at 90.0%'ile
10,687 ns/op at 99.0%'ile
11,391 ns/op at 99.9%'ile
15,871 ns/op at 99.99%'ile
44,031 ns/op at 99.999%'ile
4,030,463 ns/op at 100.0%'ile
39.4 % of CPU usage

Ping throughput 10K:
2,000,000 ops
1,027,962,799 ns
1,945,595 ops/s
92.4 % of CPU usage
Tests run: 8, Failures: 0, Errors: 0, Skipped: 0, Time elapsed: 15.26 sec - in com.github.plokhotnyuk.actors.AkkaSCOUnboundedActorSpec
Running com.github.plokhotnyuk.actors.AkkaUnboundedActorSpec
Executor service type: lbq-thread-pool

Enqueueing:
10,000,000 ops
404,646,358 ns
24,712,937 ops/s
49.4 % of CPU usage
48 bytes per instance

Dequeueing:
10,000,000 ops
988,929,310 ns
10,111,946 ops/s
30.6 % of CPU usage

Initiation:
100,000 ops
999,538,727 ns
9,995 ns/op
78.0 % of CPU usage
424 bytes per instance

Single-producer sending:
6,000,000 ops
775,603,652 ns
7,735,909 ops/s
42.9 % of CPU usage

Multi-producer sending:
6,000,000 ops
990,796,345 ns
6,055,734 ops/s
60.3 % of CPU usage

Max throughput:
12,000,000 ops
614,853,130 ns
19,516,856 ops/s
98.0 % of CPU usage

Ping latency:
1,500,000 ops
2,597,210,167 ns
302 ns/op at 0.0%'ile
469 ns/op at 50.0%'ile
6,655 ns/op at 90.0%'ile
10,687 ns/op at 99.0%'ile
11,263 ns/op at 99.9%'ile
17,279 ns/op at 99.99%'ile
47,615 ns/op at 99.999%'ile
4,063,231 ns/op at 100.0%'ile
38.9 % of CPU usage

Ping throughput 10K:
2,000,000 ops
1,144,012,537 ns
1,748,232 ops/s
91.1 % of CPU usage
Tests run: 8, Failures: 0, Errors: 0, Skipped: 0, Time elapsed: 16.47 sec - in com.github.plokhotnyuk.actors.AkkaUnboundedActorSpec
Running com.github.plokhotnyuk.actors.LiftActorSpec
Executor service type: lbq-thread-pool

Enqueueing:
10,000,000 ops
375,772,477 ns
26,611,847 ops/s
26.6 % of CPU usage
24 bytes per instance

Dequeueing:
10,000,000 ops
412,603,095 ns
24,236,366 ops/s
30.3 % of CPU usage

Initiation:
10,000,000 ops
639,821,494 ns
63 ns/op
32.8 % of CPU usage
72 bytes per instance

Single-producer sending:
6,000,000 ops
515,532,266 ns
11,638,456 ops/s
52.4 % of CPU usage

Multi-producer sending:
6,000,000 ops
619,181,432 ns
9,690,213 ops/s
59.4 % of CPU usage

Max throughput:
12,000,000 ops
510,870,807 ns
23,489,304 ops/s
94.9 % of CPU usage

Ping latency:
1,500,000 ops
2,642,557,443 ns
474 ns/op at 0.0%'ile
1,031 ns/op at 50.0%'ile
3,663 ns/op at 90.0%'ile
10,495 ns/op at 99.0%'ile
13,119 ns/op at 99.9%'ile
29,183 ns/op at 99.99%'ile
195,583 ns/op at 99.999%'ile
3,162,111 ns/op at 100.0%'ile
51.0 % of CPU usage

Ping throughput 10K:
2,000,000 ops
865,784,714 ns
2,310,043 ops/s
91.5 % of CPU usage
Tests run: 8, Failures: 0, Errors: 0, Skipped: 0, Time elapsed: 13.934 sec - in com.github.plokhotnyuk.actors.LiftActorSpec
Running com.github.plokhotnyuk.actors.MinimalistActorSpec
Executor service type: lbq-thread-pool

Enqueueing:
40,000,000 ops
633,629,043 ns
63,128,419 ops/s
25.3 % of CPU usage
24 bytes per instance

Dequeueing:
40,000,000 ops
364,859,501 ns
109,631,241 ops/s
35.6 % of CPU usage

Initiation:
2,000,000 ops
772,812,357 ns
386 ns/op
54.3 % of CPU usage
42 bytes per instance

Single-producer sending:
15,000,000 ops
245,156,489 ns
61,185,408 ops/s
68.3 % of CPU usage

Multi-producer sending:
15,000,000 ops
428,255,157 ns
35,025,847 ops/s
95.2 % of CPU usage

Max throughput:
30,000,000 ops
286,914,878 ns
104,560,628 ops/s
94.1 % of CPU usage

Ping latency:
3,000,000 ops
1,295,841,693 ns
147 ns/op at 0.0%'ile
239 ns/op at 50.0%'ile
1,487 ns/op at 90.0%'ile
1,863 ns/op at 99.0%'ile
2,207 ns/op at 99.9%'ile
6,047 ns/op at 99.99%'ile
24,703 ns/op at 99.999%'ile
331,775 ns/op at 100.0%'ile
48.8 % of CPU usage

Ping throughput 10K:
6,000,000 ops
2,569,890,419 ns
2,334,729 ops/s
64.1 % of CPU usage
Tests run: 8, Failures: 0, Errors: 0, Skipped: 0, Time elapsed: 13.033 sec - in com.github.plokhotnyuk.actors.MinimalistActorSpec
Running com.github.plokhotnyuk.actors.ScalaActorSpec
Executor service type: lbq-thread-pool

Enqueueing:
20,000,000 ops
598,417,358 ns
33,421,490 ops/s
28.0 % of CPU usage
24 bytes per instance

Dequeueing:
300,000 ops
1,239,155,025 ns
242,100 ops/s
55.7 % of CPU usage

Initiation:
600,000 ops
669,288,987 ns
1,115 ns/op
76.2 % of CPU usage
224 bytes per instance

Single-producer sending:
300,000 ops
1,385,045,979 ns
216,599 ops/s
58.7 % of CPU usage

Multi-producer sending:
300,000 ops
1,386,110,216 ns
216,433 ops/s
57.9 % of CPU usage

Max throughput:
600,000 ops
835,548,790 ns
718,090 ops/s
97.2 % of CPU usage

Ping latency:
250,000 ops
1,285,517,442 ns
916 ns/op at 0.0%'ile
4,127 ns/op at 50.0%'ile
8,767 ns/op at 90.0%'ile
17,151 ns/op at 99.0%'ile
47,359 ns/op at 99.9%'ile
83,967 ns/op at 99.99%'ile
203,775 ns/op at 99.999%'ile
425,983 ns/op at 100.0%'ile
69.4 % of CPU usage

Ping throughput 10K:
400,000 ops
745,570,432 ns
536,501 ops/s
96.9 % of CPU usage
Tests run: 8, Failures: 0, Errors: 0, Skipped: 0, Time elapsed: 12.041 sec - in com.github.plokhotnyuk.actors.ScalaActorSpec
Running com.github.plokhotnyuk.actors.ScalazActorSpec
Executor service type: lbq-thread-pool

Enqueueing:
40,000,000 ops
630,426,788 ns
63,449,080 ops/s
25.8 % of CPU usage
24 bytes per instance

Dequeueing:
40,000,000 ops
227,454,282 ns
175,859,516 ops/s
46.2 % of CPU usage

Initiation:
10,000,000 ops
310,807,714 ns
31 ns/op
41.8 % of CPU usage
104 bytes per instance

Single-producer sending:
15,000,000 ops
277,092,082 ns
54,133,629 ops/s
58.6 % of CPU usage

Multi-producer sending:
15,000,000 ops
479,329,432 ns
31,293,717 ops/s
91.8 % of CPU usage

Max throughput:
30,000,000 ops
320,260,068 ns
93,673,870 ops/s
93.7 % of CPU usage

Ping latency:
3,000,000 ops
1,226,273,837 ns
154 ns/op at 0.0%'ile
231 ns/op at 50.0%'ile
843 ns/op at 90.0%'ile
2,063 ns/op at 99.0%'ile
2,367 ns/op at 99.9%'ile
6,271 ns/op at 99.99%'ile
36,095 ns/op at 99.999%'ile
1,179,647 ns/op at 100.0%'ile
48.5 % of CPU usage

Ping throughput 10K:
6,000,000 ops
2,531,130,138 ns
2,370,482 ops/s
61.6 % of CPU usage
Tests run: 8, Failures: 0, Errors: 0, Skipped: 0, Time elapsed: 16.344 sec - in com.github.plokhotnyuk.actors.ScalazActorSpec

Results :

Tests run: 83, Failures: 0, Errors: 0, Skipped: 0

[INFO] ------------------------------------------------------------------------
[INFO] BUILD SUCCESS
[INFO] ------------------------------------------------------------------------
[INFO] Total time: 02:50 min
[INFO] Finished at: 2016-02-19T18:28:04+01:00
[INFO] Final Memory: 9M/1024M
[INFO] ------------------------------------------------------------------------
