[INFO] Scanning for projects...
[INFO]                                                                         
[INFO] ------------------------------------------------------------------------
[INFO] Building Actors 1.0-SNAPSHOT
[INFO] ------------------------------------------------------------------------
[INFO] 
[INFO] --- maven-clean-plugin:2.5:clean (default-clean) @ actors ---
[INFO] Deleting /home/andriy/Projects/com/github/plokhotnyuk/actors/target
[INFO] 
[INFO] --- maven-resources-plugin:2.6:resources (default-resources) @ actors ---
[INFO] Using 'UTF-8' encoding to copy filtered resources.
[INFO] skip non existing resourceDirectory /home/andriy/Projects/com/github/plokhotnyuk/actors/src/main/resources
[INFO] 
[INFO] --- maven-resources-plugin:2.6:testResources (default-testResources) @ actors ---
[INFO] Using 'UTF-8' encoding to copy filtered resources.
[INFO] skip non existing resourceDirectory /home/andriy/Projects/com/github/plokhotnyuk/actors/src/test/resources
[INFO] 
[INFO] --- scala-maven-plugin:3.2.2:testCompile (testCompile) @ actors ---
[WARNING]  Expected all dependencies to require Scala version: 2.11.7
[WARNING]  com.github.plokhotnyuk.actors:actors:1.0-SNAPSHOT requires scala version: 2.11.7
[WARNING]  com.typesafe.akka:akka-actor_2.11:2.4.2 requires scala version: 2.11.7
[WARNING]  org.scala-lang.modules:scala-java8-compat_2.11:0.7.0 requires scala version: 2.11.7
[WARNING]  net.liftweb:lift-actor_2.11:3.0-M8 requires scala version: 2.11.4
[WARNING] Multiple versions of scala libraries detected!
[INFO] /home/andriy/Projects/com/github/plokhotnyuk/actors/src/test/scala:-1: info: compiling
[INFO] Compiling 16 source files to /home/andriy/Projects/com/github/plokhotnyuk/actors/target/test-classes at 1455904542321
[WARNING] /home/andriy/Projects/com/github/plokhotnyuk/actors/src/test/scala/com/github/plokhotnyuk/actors/ScalaActorSpec.scala:9: warning: trait SchedulerAdapter in package actors is deprecated: Use the akka.actor package instead. For migration from the scala.actors package refer to the Actors Migration Guide.
[WARNING]   val customScheduler = new SchedulerAdapter {
[WARNING]                             ^
[WARNING] /home/andriy/Projects/com/github/plokhotnyuk/actors/src/test/scala/com/github/plokhotnyuk/actors/ScalaActorSpec.scala:66: warning: trait Actor in package actors is deprecated: Use the akka.actor package instead. For migration from the scala.actors package refer to the Actors Migration Guide.
[WARNING]     footprintedAndTimedCollect(600000)(() => new Actor {
[WARNING]                                                  ^
[WARNING] /home/andriy/Projects/com/github/plokhotnyuk/actors/src/test/scala/com/github/plokhotnyuk/actors/ScalaActorSpec.scala:139: warning: trait Actor in package actors is deprecated: Use the akka.actor package instead. For migration from the scala.actors package refer to the Actors Migration Guide.
[WARNING]   private def pingLatencyActor(l: CountDownLatch, n: Int, h: LatencyHistogram): Actor =
[WARNING]                                                                                 ^
[WARNING] /home/andriy/Projects/com/github/plokhotnyuk/actors/src/test/scala/com/github/plokhotnyuk/actors/ScalaActorSpec.scala:140: warning: trait Actor in package actors is deprecated: Use the akka.actor package instead. For migration from the scala.actors package refer to the Actors Migration Guide.
[WARNING]     new Actor {
[WARNING]         ^
[WARNING] /home/andriy/Projects/com/github/plokhotnyuk/actors/src/test/scala/com/github/plokhotnyuk/actors/ScalaActorSpec.scala:155: warning: trait IScheduler in package actors is deprecated: Use the akka.actor package instead. For migration from the scala.actors package refer to the Actors Migration Guide.
[WARNING]       override def scheduler: IScheduler = customScheduler
[WARNING]                               ^
[WARNING] /home/andriy/Projects/com/github/plokhotnyuk/actors/src/test/scala/com/github/plokhotnyuk/actors/ScalaActorSpec.scala:169: warning: trait Actor in package actors is deprecated: Use the akka.actor package instead. For migration from the scala.actors package refer to the Actors Migration Guide.
[WARNING]   private def pingThroughputActor(l: CountDownLatch, n: Int): Actor =
[WARNING]                                                               ^
[WARNING] /home/andriy/Projects/com/github/plokhotnyuk/actors/src/test/scala/com/github/plokhotnyuk/actors/ScalaActorSpec.scala:170: warning: trait Actor in package actors is deprecated: Use the akka.actor package instead. For migration from the scala.actors package refer to the Actors Migration Guide.
[WARNING]     new Actor {
[WARNING]         ^
[WARNING] /home/andriy/Projects/com/github/plokhotnyuk/actors/src/test/scala/com/github/plokhotnyuk/actors/ScalaActorSpec.scala:184: warning: trait IScheduler in package actors is deprecated: Use the akka.actor package instead. For migration from the scala.actors package refer to the Actors Migration Guide.
[WARNING]       override def scheduler: IScheduler = customScheduler
[WARNING]                               ^
[WARNING] /home/andriy/Projects/com/github/plokhotnyuk/actors/src/test/scala/com/github/plokhotnyuk/actors/ScalaActorSpec.scala:187: warning: trait Actor in package actors is deprecated: Use the akka.actor package instead. For migration from the scala.actors package refer to the Actors Migration Guide.
[WARNING]   private def blockableCountActor(l1: CountDownLatch, l2: CountDownLatch, n: Int): Actor =
[WARNING]                                                                                    ^
[WARNING] /home/andriy/Projects/com/github/plokhotnyuk/actors/src/test/scala/com/github/plokhotnyuk/actors/ScalaActorSpec.scala:188: warning: trait Actor in package actors is deprecated: Use the akka.actor package instead. For migration from the scala.actors package refer to the Actors Migration Guide.
[WARNING]     new Actor {
[WARNING]         ^
[WARNING] /home/andriy/Projects/com/github/plokhotnyuk/actors/src/test/scala/com/github/plokhotnyuk/actors/ScalaActorSpec.scala:207: warning: trait IScheduler in package actors is deprecated: Use the akka.actor package instead. For migration from the scala.actors package refer to the Actors Migration Guide.
[WARNING]       override def scheduler: IScheduler = customScheduler
[WARNING]                               ^
[WARNING] /home/andriy/Projects/com/github/plokhotnyuk/actors/src/test/scala/com/github/plokhotnyuk/actors/ScalaActorSpec.scala:210: warning: trait Actor in package actors is deprecated: Use the akka.actor package instead. For migration from the scala.actors package refer to the Actors Migration Guide.
[WARNING]   private def countActor(l: CountDownLatch, n: Int): Actor =
[WARNING]                                                      ^
[WARNING] /home/andriy/Projects/com/github/plokhotnyuk/actors/src/test/scala/com/github/plokhotnyuk/actors/ScalaActorSpec.scala:211: warning: trait Actor in package actors is deprecated: Use the akka.actor package instead. For migration from the scala.actors package refer to the Actors Migration Guide.
[WARNING]     new Actor {
[WARNING]         ^
[WARNING] /home/andriy/Projects/com/github/plokhotnyuk/actors/src/test/scala/com/github/plokhotnyuk/actors/ScalaActorSpec.scala:224: warning: trait IScheduler in package actors is deprecated: Use the akka.actor package instead. For migration from the scala.actors package refer to the Actors Migration Guide.
[WARNING]       override def scheduler: IScheduler = customScheduler
[WARNING]                               ^
[WARNING] /home/andriy/Projects/com/github/plokhotnyuk/actors/src/test/scala/com/github/plokhotnyuk/actors/ScalaActorSpec.scala:227: warning: trait Actor in package actors is deprecated: Use the akka.actor package instead. For migration from the scala.actors package refer to the Actors Migration Guide.
[WARNING]   private def sendMessages(a: Actor, n: Int): Unit = {
[WARNING]                               ^
[WARNING] 15 warnings found
[INFO] prepare-compile in 0 s
[INFO] compile in 13 s
[INFO] ------------------------------------------------------------------------
[INFO] BUILD SUCCESS
[INFO] ------------------------------------------------------------------------
[INFO] Total time: 14.687 s
[INFO] Finished at: 2016-02-19T18:55:55+01:00
[INFO] Final Memory: 8M/1024M
[INFO] ------------------------------------------------------------------------
[INFO] Scanning for projects...
[INFO]                                                                         
[INFO] ------------------------------------------------------------------------
[INFO] Building Actors 1.0-SNAPSHOT
[INFO] ------------------------------------------------------------------------
[INFO] 
[INFO] --- maven-resources-plugin:2.6:resources (default-resources) @ actors ---
[INFO] Using 'UTF-8' encoding to copy filtered resources.
[INFO] skip non existing resourceDirectory /home/andriy/Projects/com/github/plokhotnyuk/actors/src/main/resources
[INFO] 
[INFO] --- maven-resources-plugin:2.6:testResources (default-testResources) @ actors ---
[INFO] Using 'UTF-8' encoding to copy filtered resources.
[INFO] skip non existing resourceDirectory /home/andriy/Projects/com/github/plokhotnyuk/actors/src/test/resources
[INFO] 
[INFO] --- scala-maven-plugin:3.2.2:testCompile (testCompile) @ actors ---
[WARNING]  Expected all dependencies to require Scala version: 2.11.7
[WARNING]  com.github.plokhotnyuk.actors:actors:1.0-SNAPSHOT requires scala version: 2.11.7
[WARNING]  com.typesafe.akka:akka-actor_2.11:2.4.2 requires scala version: 2.11.7
[WARNING]  org.scala-lang.modules:scala-java8-compat_2.11:0.7.0 requires scala version: 2.11.7
[WARNING]  net.liftweb:lift-actor_2.11:3.0-M8 requires scala version: 2.11.4
[WARNING] Multiple versions of scala libraries detected!
[INFO] Nothing to compile - all classes are up to date
[INFO] 
[INFO] --- maven-surefire-plugin:2.18.1:test (default-test) @ actors ---
[INFO] Surefire report directory: /home/andriy/Projects/com/github/plokhotnyuk/actors/target/surefire-reports

-------------------------------------------------------
 T E S T S
-------------------------------------------------------
Running com.github.plokhotnyuk.actors.AkkaBoundedActorSpec
Executor service type: akka-forkjoin-pool

Enqueueing:
10,000,000 ops
559,610,310 ns
17,869,577 ops/s
34.4 % of CPU usage
48 bytes per instance

Dequeueing:
10,000,000 ops
1,021,314,145 ns
9,791,306 ops/s
28.9 % of CPU usage

Initiation:
100,000 ops
1,796,167,719 ns
17,961 ns/op
88.2 % of CPU usage
639 bytes per instance

Single-producer sending:
6,000,000 ops
1,104,054,573 ns
5,434,513 ops/s
47.8 % of CPU usage

Multi-producer sending:
6,000,000 ops
1,239,509,692 ns
4,840,623 ops/s
47.4 % of CPU usage

Max throughput:
12,000,000 ops
900,624,751 ns
13,324,084 ops/s
92.7 % of CPU usage

Ping latency:
1,500,000 ops
2,153,244,996 ns
223 ns/op at 0.0%'ile
839 ns/op at 50.0%'ile
1,255 ns/op at 90.0%'ile
1,639 ns/op at 99.0%'ile
8,895 ns/op at 99.9%'ile
66,047 ns/op at 99.99%'ile
257,023 ns/op at 99.999%'ile
136,314,879 ns/op at 100.0%'ile
99.2 % of CPU usage

Ping throughput 10K:
2,000,000 ops
1,348,700,031 ns
1,482,909 ops/s
99.2 % of CPU usage

Overflow throughput:
5,000,000 ops
699,915,848 ns
7,143,715 ops/s
55.0 % of CPU usage
Tests run: 9, Failures: 0, Errors: 0, Skipped: 0, Time elapsed: 20.089 sec - in com.github.plokhotnyuk.actors.AkkaBoundedActorSpec
Running com.github.plokhotnyuk.actors.AkkaMCNonBlockingBoundedActorSpec
Executor service type: akka-forkjoin-pool

Enqueueing:
10,000,000 ops
347,988,138 ns
28,736,611 ops/s
51.0 % of CPU usage
48 bytes per instance

Dequeueing:
10,000,000 ops
833,569,000 ns
11,996,607 ops/s
29.7 % of CPU usage

Initiation:
100,000 ops
2,467,685,830 ns
24,676 ns/op
96.9 % of CPU usage
455 bytes per instance

Single-producer sending:
6,000,000 ops
811,952,020 ns
7,389,599 ops/s
49.3 % of CPU usage

Multi-producer sending:
6,000,000 ops
933,798,709 ns
6,425,367 ops/s
70.9 % of CPU usage

Max throughput:
12,000,000 ops
731,148,208 ns
16,412,541 ops/s
88.2 % of CPU usage

Ping latency:
1,500,000 ops
1,442,782,981 ns
206 ns/op at 0.0%'ile
719 ns/op at 50.0%'ile
1,095 ns/op at 90.0%'ile
1,719 ns/op at 99.0%'ile
5,215 ns/op at 99.9%'ile
25,215 ns/op at 99.99%'ile
180,223 ns/op at 99.999%'ile
104,333,311 ns/op at 100.0%'ile
99.5 % of CPU usage

Ping throughput 10K:
2,000,000 ops
1,247,702,132 ns
1,602,946 ops/s
99.8 % of CPU usage

Overflow throughput:
5,000,000 ops
740,845,912 ns
6,749,041 ops/s
52.6 % of CPU usage
Tests run: 9, Failures: 0, Errors: 0, Skipped: 0, Time elapsed: 17.662 sec - in com.github.plokhotnyuk.actors.AkkaMCNonBlockingBoundedActorSpec
Running com.github.plokhotnyuk.actors.AkkaMCUnboundedActorSpec
Executor service type: akka-forkjoin-pool

Enqueueing:
10,000,000 ops
357,683,209 ns
27,957,700 ops/s
50.3 % of CPU usage
48 bytes per instance

Dequeueing:
10,000,000 ops
803,132,978 ns
12,451,238 ops/s
29.9 % of CPU usage

Initiation:
100,000 ops
1,647,526,318 ns
16,475 ns/op
88.6 % of CPU usage
456 bytes per instance

Single-producer sending:
6,000,000 ops
605,168,782 ns
9,914,589 ops/s
41.7 % of CPU usage

Multi-producer sending:
6,000,000 ops
681,349,531 ns
8,806,052 ops/s
47.7 % of CPU usage

Max throughput:
12,000,000 ops
1,006,334,312 ns
11,924,466 ops/s
92.9 % of CPU usage

Ping latency:
1,500,000 ops
1,923,666,793 ns
205 ns/op at 0.0%'ile
715 ns/op at 50.0%'ile
1,063 ns/op at 90.0%'ile
3,743 ns/op at 99.0%'ile
9,919 ns/op at 99.9%'ile
119,295 ns/op at 99.99%'ile
802,815 ns/op at 99.999%'ile
152,043,519 ns/op at 100.0%'ile
99.3 % of CPU usage

Ping throughput 10K:
2,000,000 ops
1,042,639,304 ns
1,918,208 ops/s
99.5 % of CPU usage
Tests run: 8, Failures: 0, Errors: 0, Skipped: 0, Time elapsed: 16.55 sec - in com.github.plokhotnyuk.actors.AkkaMCUnboundedActorSpec
Running com.github.plokhotnyuk.actors.AkkaSCONonBlockingBoundedActorSpec
Executor service type: akka-forkjoin-pool

Enqueueing:
10,000,000 ops
381,088,804 ns
26,240,602 ops/s
40.7 % of CPU usage
48 bytes per instance

Dequeueing:
10,000,000 ops
831,017,823 ns
12,033,436 ops/s
29.8 % of CPU usage

Initiation:
100,000 ops
1,048,038,086 ns
10,480 ns/op
79.0 % of CPU usage
456 bytes per instance

Single-producer sending:
6,000,000 ops
825,260,799 ns
7,270,428 ops/s
47.9 % of CPU usage

Multi-producer sending:
6,000,000 ops
1,005,195,497 ns
5,968,988 ops/s
68.9 % of CPU usage

Max throughput:
12,000,000 ops
893,572,858 ns
13,429,235 ops/s
90.1 % of CPU usage

Ping latency:
1,500,000 ops
1,764,017,336 ns
212 ns/op at 0.0%'ile
715 ns/op at 50.0%'ile
1,063 ns/op at 90.0%'ile
3,071 ns/op at 99.0%'ile
8,767 ns/op at 99.9%'ile
99,839 ns/op at 99.99%'ile
419,839 ns/op at 99.999%'ile
128,450,559 ns/op at 100.0%'ile
98.8 % of CPU usage

Ping throughput 10K:
2,000,000 ops
994,689,307 ns
2,010,678 ops/s
99.8 % of CPU usage

Overflow throughput:
5,000,000 ops
666,003,979 ns
7,507,462 ops/s
46.5 % of CPU usage
Tests run: 9, Failures: 0, Errors: 0, Skipped: 0, Time elapsed: 16.529 sec - in com.github.plokhotnyuk.actors.AkkaSCONonBlockingBoundedActorSpec
Running com.github.plokhotnyuk.actors.AkkaSCOUnboundedActorSpec
Executor service type: akka-forkjoin-pool

Enqueueing:
10,000,000 ops
342,840,066 ns
29,168,119 ops/s
48.1 % of CPU usage
48 bytes per instance

Dequeueing:
10,000,000 ops
810,132,541 ns
12,343,659 ops/s
29.0 % of CPU usage

Initiation:
100,000 ops
1,431,071,042 ns
14,310 ns/op
85.6 % of CPU usage
456 bytes per instance

Single-producer sending:
6,000,000 ops
621,155,557 ns
9,659,416 ops/s
43.9 % of CPU usage

Multi-producer sending:
6,000,000 ops
688,633,698 ns
8,712,905 ops/s
53.0 % of CPU usage

Max throughput:
12,000,000 ops
790,355,013 ns
15,183,050 ops/s
91.7 % of CPU usage

Ping latency:
1,500,000 ops
1,719,340,574 ns
213 ns/op at 0.0%'ile
719 ns/op at 50.0%'ile
1,095 ns/op at 90.0%'ile
1,527 ns/op at 99.0%'ile
4,223 ns/op at 99.9%'ile
32,767 ns/op at 99.99%'ile
202,751 ns/op at 99.999%'ile
120,061,951 ns/op at 100.0%'ile
99.5 % of CPU usage

Ping throughput 10K:
2,000,000 ops
1,191,314,981 ns
1,678,817 ops/s
99.3 % of CPU usage
Tests run: 8, Failures: 0, Errors: 0, Skipped: 0, Time elapsed: 16.218 sec - in com.github.plokhotnyuk.actors.AkkaSCOUnboundedActorSpec
Running com.github.plokhotnyuk.actors.AkkaUnboundedActorSpec
Executor service type: akka-forkjoin-pool

Enqueueing:
10,000,000 ops
405,167,024 ns
24,681,179 ops/s
50.0 % of CPU usage
48 bytes per instance

Dequeueing:
10,000,000 ops
935,296,793 ns
10,691,793 ops/s
29.7 % of CPU usage

Initiation:
100,000 ops
1,372,088,861 ns
13,720 ns/op
90.6 % of CPU usage
458 bytes per instance

Single-producer sending:
6,000,000 ops
683,164,635 ns
8,782,656 ops/s
42.1 % of CPU usage

Multi-producer sending:
6,000,000 ops
892,392,440 ns
6,723,499 ops/s
63.0 % of CPU usage

Max throughput:
12,000,000 ops
1,037,875,837 ns
11,562,076 ops/s
90.8 % of CPU usage

Ping latency:
1,500,000 ops
1,686,118,474 ns
243 ns/op at 0.0%'ile
791 ns/op at 50.0%'ile
1,191 ns/op at 90.0%'ile
4,895 ns/op at 99.0%'ile
12,991 ns/op at 99.9%'ile
179,199 ns/op at 99.99%'ile
868,351 ns/op at 99.999%'ile
104,333,311 ns/op at 100.0%'ile
98.9 % of CPU usage

Ping throughput 10K:
2,000,000 ops
1,251,697,480 ns
1,597,830 ops/s
100.1 % of CPU usage
Tests run: 8, Failures: 0, Errors: 0, Skipped: 0, Time elapsed: 16.814 sec - in com.github.plokhotnyuk.actors.AkkaUnboundedActorSpec
Running com.github.plokhotnyuk.actors.LiftActorSpec
Executor service type: akka-forkjoin-pool

Enqueueing:
10,000,000 ops
381,163,717 ns
26,235,445 ops/s
26.2 % of CPU usage
24 bytes per instance

Dequeueing:
10,000,000 ops
414,247,830 ns
24,140,138 ops/s
30.2 % of CPU usage

Initiation:
10,000,000 ops
627,789,102 ns
62 ns/op
33.1 % of CPU usage
72 bytes per instance

Single-producer sending:
6,000,000 ops
808,691,989 ns
7,419,388 ops/s
57.8 % of CPU usage

Multi-producer sending:
6,000,000 ops
608,556,978 ns
9,859,389 ops/s
59.2 % of CPU usage

Max throughput:
12,000,000 ops
543,643,354 ns
22,073,294 ops/s
96.1 % of CPU usage

Ping latency:
1,500,000 ops
2,975,114,500 ns
392 ns/op at 0.0%'ile
1,127 ns/op at 50.0%'ile
1,791 ns/op at 90.0%'ile
7,903 ns/op at 99.0%'ile
20,991 ns/op at 99.9%'ile
207,871 ns/op at 99.99%'ile
4,489,215 ns/op at 99.999%'ile
217,055,231 ns/op at 100.0%'ile
97.1 % of CPU usage

Ping throughput 10K:
2,000,000 ops
1,200,462,448 ns
1,666,024 ops/s
98.9 % of CPU usage
Tests run: 8, Failures: 0, Errors: 0, Skipped: 0, Time elapsed: 14.9 sec - in com.github.plokhotnyuk.actors.LiftActorSpec
Running com.github.plokhotnyuk.actors.MinimalistActorSpec
Executor service type: akka-forkjoin-pool

Enqueueing:
40,000,000 ops
627,694,785 ns
63,725,238 ops/s
25.5 % of CPU usage
24 bytes per instance

Dequeueing:
40,000,000 ops
216,714,120 ns
184,574,959 ops/s
83.1 % of CPU usage

Initiation:
2,000,000 ops
1,265,387,826 ns
632 ns/op
96.6 % of CPU usage
43 bytes per instance

Single-producer sending:
15,000,000 ops
294,436,066 ns
50,944,845 ops/s
73.0 % of CPU usage

Multi-producer sending:
15,000,000 ops
427,799,642 ns
35,063,142 ops/s
96.4 % of CPU usage

Max throughput:
30,000,000 ops
1,099,890,712 ns
27,275,437 ops/s
99.6 % of CPU usage

Ping latency:
3,000,000 ops
2,769,934,094 ns
80 ns/op at 0.0%'ile
353 ns/op at 50.0%'ile
671 ns/op at 90.0%'ile
1,127 ns/op at 99.0%'ile
3,551 ns/op at 99.9%'ile
17,407 ns/op at 99.99%'ile
175,103 ns/op at 99.999%'ile
156,237,823 ns/op at 100.0%'ile
99.7 % of CPU usage

Ping throughput 10K:
6,000,000 ops
1,601,323,375 ns
3,746,900 ops/s
99.9 % of CPU usage
Tests run: 8, Failures: 0, Errors: 0, Skipped: 0, Time elapsed: 14.981 sec - in com.github.plokhotnyuk.actors.MinimalistActorSpec
Running com.github.plokhotnyuk.actors.ScalaActorSpec
Executor service type: akka-forkjoin-pool

Enqueueing:
20,000,000 ops
440,162,326 ns
45,437,782 ops/s
30.1 % of CPU usage
23 bytes per instance

Dequeueing:
300,000 ops
1,553,074,889 ns
193,165 ops/s
97.5 % of CPU usage

Initiation:
600,000 ops
1,910,193,388 ns
3,183 ns/op
97.9 % of CPU usage
224 bytes per instance

Single-producer sending:
300,000 ops
1,246,706,663 ns
240,633 ops/s
99.5 % of CPU usage

Multi-producer sending:
300,000 ops
808,891,154 ns
370,878 ops/s
97.7 % of CPU usage

Max throughput:
600,000 ops
1,550,197,472 ns
387,047 ops/s
99.7 % of CPU usage

Ping latency:
250,000 ops
1,372,668,240 ns
1,920 ns/op at 0.0%'ile
4,319 ns/op at 50.0%'ile
5,983 ns/op at 90.0%'ile
15,807 ns/op at 99.0%'ile
35,071 ns/op at 99.9%'ile
189,439 ns/op at 99.99%'ile
4,227,071 ns/op at 99.999%'ile
108,527,615 ns/op at 100.0%'ile
99.1 % of CPU usage

Ping throughput 10K:
400,000 ops
1,519,213,756 ns
263,294 ops/s
99.9 % of CPU usage
Tests run: 8, Failures: 0, Errors: 0, Skipped: 0, Time elapsed: 14.383 sec - in com.github.plokhotnyuk.actors.ScalaActorSpec
Running com.github.plokhotnyuk.actors.ScalazActorSpec
Executor service type: akka-forkjoin-pool

Enqueueing:
40,000,000 ops
627,975,870 ns
63,696,714 ops/s
25.1 % of CPU usage
24 bytes per instance

Dequeueing:
40,000,000 ops
464,753,635 ns
86,067,105 ops/s
98.4 % of CPU usage

Initiation:
10,000,000 ops
309,165,952 ns
30 ns/op
42.0 % of CPU usage
104 bytes per instance

Single-producer sending:
15,000,000 ops
355,848,618 ns
42,152,756 ops/s
82.2 % of CPU usage

Multi-producer sending:
15,000,000 ops
480,757,546 ns
31,200,758 ops/s
93.1 % of CPU usage

Max throughput:
30,000,000 ops
550,759,704 ns
54,470,215 ops/s
93.1 % of CPU usage

Ping latency:
3,000,000 ops
3,781,527,787 ns
74 ns/op at 0.0%'ile
469 ns/op at 50.0%'ile
1,135 ns/op at 90.0%'ile
2,591 ns/op at 99.0%'ile
11,519 ns/op at 99.9%'ile
76,287 ns/op at 99.99%'ile
2,211,839 ns/op at 99.999%'ile
140,509,183 ns/op at 100.0%'ile
99.7 % of CPU usage

Ping throughput 10K:
6,000,000 ops
2,000,101,839 ns
2,999,847 ops/s
99.7 % of CPU usage
Tests run: 8, Failures: 0, Errors: 0, Skipped: 0, Time elapsed: 19.07 sec - in com.github.plokhotnyuk.actors.ScalazActorSpec

Results :

Tests run: 83, Failures: 0, Errors: 0, Skipped: 0

[INFO] ------------------------------------------------------------------------
[INFO] BUILD SUCCESS
[INFO] ------------------------------------------------------------------------
[INFO] Total time: 03:03 min
[INFO] Finished at: 2016-02-19T18:59:00+01:00
[INFO] Final Memory: 9M/1024M
[INFO] ------------------------------------------------------------------------
[INFO] Scanning for projects...
[INFO]                                                                         
[INFO] ------------------------------------------------------------------------
[INFO] Building Actors 1.0-SNAPSHOT
[INFO] ------------------------------------------------------------------------
[INFO] 
[INFO] --- maven-resources-plugin:2.6:resources (default-resources) @ actors ---
[INFO] Using 'UTF-8' encoding to copy filtered resources.
[INFO] skip non existing resourceDirectory /home/andriy/Projects/com/github/plokhotnyuk/actors/src/main/resources
[INFO] 
[INFO] --- maven-resources-plugin:2.6:testResources (default-testResources) @ actors ---
[INFO] Using 'UTF-8' encoding to copy filtered resources.
[INFO] skip non existing resourceDirectory /home/andriy/Projects/com/github/plokhotnyuk/actors/src/test/resources
[INFO] 
[INFO] --- scala-maven-plugin:3.2.2:testCompile (testCompile) @ actors ---
[WARNING]  Expected all dependencies to require Scala version: 2.11.7
[WARNING]  com.github.plokhotnyuk.actors:actors:1.0-SNAPSHOT requires scala version: 2.11.7
[WARNING]  com.typesafe.akka:akka-actor_2.11:2.4.2 requires scala version: 2.11.7
[WARNING]  org.scala-lang.modules:scala-java8-compat_2.11:0.7.0 requires scala version: 2.11.7
[WARNING]  net.liftweb:lift-actor_2.11:3.0-M8 requires scala version: 2.11.4
[WARNING] Multiple versions of scala libraries detected!
[INFO] Nothing to compile - all classes are up to date
[INFO] 
[INFO] --- maven-surefire-plugin:2.18.1:test (default-test) @ actors ---
[INFO] Surefire report directory: /home/andriy/Projects/com/github/plokhotnyuk/actors/target/surefire-reports

-------------------------------------------------------
 T E S T S
-------------------------------------------------------
Running com.github.plokhotnyuk.actors.AkkaBoundedActorSpec
Executor service type: scala-forkjoin-pool

Enqueueing:
10,000,000 ops
692,313,955 ns
14,444,313 ops/s
37.9 % of CPU usage
48 bytes per instance

Dequeueing:
10,000,000 ops
1,017,356,959 ns
9,829,391 ops/s
29.2 % of CPU usage

Initiation:
100,000 ops
1,906,746,685 ns
19,067 ns/op
90.9 % of CPU usage
640 bytes per instance

Single-producer sending:
6,000,000 ops
1,109,746,634 ns
5,406,639 ops/s
48.4 % of CPU usage

Multi-producer sending:
6,000,000 ops
1,145,487,881 ns
5,237,942 ops/s
57.2 % of CPU usage

Max throughput:
12,000,000 ops
1,257,332,950 ns
9,544,011 ops/s
93.8 % of CPU usage

Ping latency:
1,500,000 ops
1,934,128,999 ns
270 ns/op at 0.0%'ile
871 ns/op at 50.0%'ile
1,239 ns/op at 90.0%'ile
5,919 ns/op at 99.0%'ile
15,871 ns/op at 99.9%'ile
421,887 ns/op at 99.99%'ile
1,425,407 ns/op at 99.999%'ile
144,703,487 ns/op at 100.0%'ile
98.6 % of CPU usage

Ping throughput 10K:
2,000,000 ops
1,639,106,232 ns
1,220,177 ops/s
99.9 % of CPU usage

Overflow throughput:
5,000,000 ops
732,151,545 ns
6,829,187 ops/s
43.0 % of CPU usage
Tests run: 9, Failures: 0, Errors: 0, Skipped: 0, Time elapsed: 20.752 sec - in com.github.plokhotnyuk.actors.AkkaBoundedActorSpec
Running com.github.plokhotnyuk.actors.AkkaMCNonBlockingBoundedActorSpec
Executor service type: scala-forkjoin-pool

Enqueueing:
10,000,000 ops
320,907,077 ns
31,161,668 ops/s
46.7 % of CPU usage
48 bytes per instance

Dequeueing:
10,000,000 ops
811,224,346 ns
12,327,046 ops/s
29.6 % of CPU usage

Initiation:
100,000 ops
1,280,606,580 ns
12,806 ns/op
82.4 % of CPU usage
454 bytes per instance

Single-producer sending:
6,000,000 ops
618,208,842 ns
9,705,458 ops/s
42.1 % of CPU usage

Multi-producer sending:
6,000,000 ops
934,335,544 ns
6,421,675 ops/s
73.6 % of CPU usage

Max throughput:
12,000,000 ops
615,476,150 ns
19,497,099 ops/s
93.4 % of CPU usage

Ping latency:
1,500,000 ops
1,424,188,251 ns
220 ns/op at 0.0%'ile
807 ns/op at 50.0%'ile
1,167 ns/op at 90.0%'ile
1,679 ns/op at 99.0%'ile
4,543 ns/op at 99.9%'ile
25,471 ns/op at 99.99%'ile
179,199 ns/op at 99.999%'ile
116,391,935 ns/op at 100.0%'ile
99.2 % of CPU usage

Ping throughput 10K:
2,000,000 ops
1,141,901,714 ns
1,751,464 ops/s
99.8 % of CPU usage

Overflow throughput:
5,000,000 ops
581,086,438 ns
8,604,571 ops/s
48.2 % of CPU usage
Tests run: 9, Failures: 0, Errors: 0, Skipped: 0, Time elapsed: 16.7 sec - in com.github.plokhotnyuk.actors.AkkaMCNonBlockingBoundedActorSpec
Running com.github.plokhotnyuk.actors.AkkaMCUnboundedActorSpec
Executor service type: scala-forkjoin-pool

Enqueueing:
10,000,000 ops
298,343,443 ns
33,518,417 ops/s
44.4 % of CPU usage
48 bytes per instance

Dequeueing:
10,000,000 ops
806,368,926 ns
12,401,271 ops/s
30.4 % of CPU usage

Initiation:
100,000 ops
1,649,484,611 ns
16,494 ns/op
89.4 % of CPU usage
458 bytes per instance

Single-producer sending:
6,000,000 ops
785,307,748 ns
7,640,316 ops/s
46.2 % of CPU usage

Multi-producer sending:
6,000,000 ops
692,688,575 ns
8,661,901 ops/s
56.7 % of CPU usage

Max throughput:
12,000,000 ops
767,955,092 ns
15,625,913 ops/s
92.8 % of CPU usage

Ping latency:
1,500,000 ops
1,682,135,461 ns
205 ns/op at 0.0%'ile
711 ns/op at 50.0%'ile
1,095 ns/op at 90.0%'ile
2,191 ns/op at 99.0%'ile
8,703 ns/op at 99.9%'ile
70,143 ns/op at 99.99%'ile
309,247 ns/op at 99.999%'ile
120,061,951 ns/op at 100.0%'ile
98.4 % of CPU usage

Ping throughput 10K:
2,000,000 ops
1,203,535,976 ns
1,661,770 ops/s
99.9 % of CPU usage
Tests run: 8, Failures: 0, Errors: 0, Skipped: 0, Time elapsed: 15.62 sec - in com.github.plokhotnyuk.actors.AkkaMCUnboundedActorSpec
Running com.github.plokhotnyuk.actors.AkkaSCONonBlockingBoundedActorSpec
Executor service type: scala-forkjoin-pool

Enqueueing:
10,000,000 ops
313,647,413 ns
31,882,934 ops/s
43.0 % of CPU usage
48 bytes per instance

Dequeueing:
10,000,000 ops
839,447,537 ns
11,912,596 ops/s
30.4 % of CPU usage

Initiation:
100,000 ops
3,012,506,125 ns
30,125 ns/op
94.4 % of CPU usage
455 bytes per instance

Single-producer sending:
6,000,000 ops
828,797,953 ns
7,239,400 ops/s
50.1 % of CPU usage

Multi-producer sending:
6,000,000 ops
969,710,633 ns
6,187,412 ops/s
72.4 % of CPU usage

Max throughput:
12,000,000 ops
1,068,257,226 ns
11,233,249 ops/s
94.3 % of CPU usage

Ping latency:
1,500,000 ops
1,731,004,066 ns
222 ns/op at 0.0%'ile
767 ns/op at 50.0%'ile
1,175 ns/op at 90.0%'ile
5,183 ns/op at 99.0%'ile
14,911 ns/op at 99.9%'ile
208,895 ns/op at 99.99%'ile
1,097,727 ns/op at 99.999%'ile
92,274,687 ns/op at 100.0%'ile
99.5 % of CPU usage

Ping throughput 10K:
2,000,000 ops
1,140,341,884 ns
1,753,859 ops/s
99.8 % of CPU usage

Overflow throughput:
5,000,000 ops
670,741,337 ns
7,454,438 ops/s
48.5 % of CPU usage
Tests run: 9, Failures: 0, Errors: 0, Skipped: 0, Time elapsed: 18.809 sec - in com.github.plokhotnyuk.actors.AkkaSCONonBlockingBoundedActorSpec
Running com.github.plokhotnyuk.actors.AkkaSCOUnboundedActorSpec
Executor service type: scala-forkjoin-pool

Enqueueing:
10,000,000 ops
341,606,975 ns
29,273,406 ops/s
48.3 % of CPU usage
48 bytes per instance

Dequeueing:
10,000,000 ops
830,776,707 ns
12,036,928 ops/s
30.4 % of CPU usage

Initiation:
100,000 ops
2,454,439,927 ns
24,544 ns/op
92.8 % of CPU usage
456 bytes per instance

Single-producer sending:
6,000,000 ops
777,717,205 ns
7,714,886 ops/s
45.6 % of CPU usage

Multi-producer sending:
6,000,000 ops
717,175,004 ns
8,366,158 ops/s
51.9 % of CPU usage

Max throughput:
12,000,000 ops
689,648,531 ns
17,400,167 ops/s
87.4 % of CPU usage

Ping latency:
1,500,000 ops
1,597,979,210 ns
214 ns/op at 0.0%'ile
691 ns/op at 50.0%'ile
1,019 ns/op at 90.0%'ile
1,447 ns/op at 99.0%'ile
4,511 ns/op at 99.9%'ile
29,695 ns/op at 99.99%'ile
181,247 ns/op at 99.999%'ile
128,450,559 ns/op at 100.0%'ile
99.5 % of CPU usage

Ping throughput 10K:
2,000,000 ops
1,090,904,534 ns
1,833,340 ops/s
99.7 % of CPU usage
Tests run: 8, Failures: 0, Errors: 0, Skipped: 0, Time elapsed: 16.383 sec - in com.github.plokhotnyuk.actors.AkkaSCOUnboundedActorSpec
Running com.github.plokhotnyuk.actors.AkkaUnboundedActorSpec
Executor service type: scala-forkjoin-pool

Enqueueing:
10,000,000 ops
318,060,802 ns
31,440,529 ops/s
54.2 % of CPU usage
48 bytes per instance

Dequeueing:
10,000,000 ops
936,887,815 ns
10,673,636 ops/s
29.9 % of CPU usage

Initiation:
100,000 ops
2,191,534,711 ns
21,915 ns/op
92.4 % of CPU usage
456 bytes per instance

Single-producer sending:
6,000,000 ops
733,949,653 ns
8,174,947 ops/s
45.0 % of CPU usage

Multi-producer sending:
6,000,000 ops
960,112,653 ns
6,249,266 ops/s
64.1 % of CPU usage

Max throughput:
12,000,000 ops
1,138,859,878 ns
10,536,853 ops/s
95.9 % of CPU usage

Ping latency:
1,500,000 ops
1,684,357,845 ns
212 ns/op at 0.0%'ile
827 ns/op at 50.0%'ile
1,231 ns/op at 90.0%'ile
4,799 ns/op at 99.0%'ile
11,903 ns/op at 99.9%'ile
139,263 ns/op at 99.99%'ile
991,231 ns/op at 99.999%'ile
68,157,439 ns/op at 100.0%'ile
98.9 % of CPU usage

Ping throughput 10K:
2,000,000 ops
993,218,414 ns
2,013,655 ops/s
99.7 % of CPU usage
Tests run: 8, Failures: 0, Errors: 0, Skipped: 0, Time elapsed: 17.803 sec - in com.github.plokhotnyuk.actors.AkkaUnboundedActorSpec
Running com.github.plokhotnyuk.actors.LiftActorSpec
Executor service type: scala-forkjoin-pool

Enqueueing:
10,000,000 ops
384,562,902 ns
26,003,548 ops/s
27.3 % of CPU usage
24 bytes per instance

Dequeueing:
10,000,000 ops
423,791,056 ns
23,596,533 ops/s
30.1 % of CPU usage

Initiation:
10,000,000 ops
625,829,123 ns
62 ns/op
32.8 % of CPU usage
72 bytes per instance

Single-producer sending:
6,000,000 ops
497,975,041 ns
12,048,796 ops/s
54.7 % of CPU usage

Multi-producer sending:
6,000,000 ops
607,821,272 ns
9,871,322 ops/s
51.0 % of CPU usage

Max throughput:
12,000,000 ops
517,999,244 ns
23,166,056 ops/s
94.6 % of CPU usage

Ping latency:
1,500,000 ops
3,269,475,562 ns
372 ns/op at 0.0%'ile
1,183 ns/op at 50.0%'ile
1,983 ns/op at 90.0%'ile
9,663 ns/op at 99.0%'ile
40,447 ns/op at 99.9%'ile
598,015 ns/op at 99.99%'ile
3,325,951 ns/op at 99.999%'ile
164,626,431 ns/op at 100.0%'ile
96.8 % of CPU usage

Ping throughput 10K:
2,000,000 ops
996,614,335 ns
2,006,794 ops/s
98.8 % of CPU usage
Tests run: 8, Failures: 0, Errors: 0, Skipped: 0, Time elapsed: 14.382 sec - in com.github.plokhotnyuk.actors.LiftActorSpec
Running com.github.plokhotnyuk.actors.MinimalistActorSpec
Executor service type: scala-forkjoin-pool

Enqueueing:
40,000,000 ops
627,830,729 ns
63,711,440 ops/s
25.5 % of CPU usage
24 bytes per instance

Dequeueing:
40,000,000 ops
471,158,968 ns
84,897,036 ops/s
63.1 % of CPU usage

Initiation:
2,000,000 ops
2,086,802,549 ns
1,043 ns/op
98.5 % of CPU usage
41 bytes per instance

Single-producer sending:
15,000,000 ops
1,248,453,540 ns
12,014,864 ops/s
30.6 % of CPU usage

Multi-producer sending:
15,000,000 ops
1,037,366,102 ns
14,459,697 ops/s
51.1 % of CPU usage

Max throughput:
30,000,000 ops
545,153,894 ns
55,030,332 ops/s
91.3 % of CPU usage

Ping latency:
3,000,000 ops
2,895,026,026 ns
73 ns/op at 0.0%'ile
355 ns/op at 50.0%'ile
683 ns/op at 90.0%'ile
1,015 ns/op at 99.0%'ile
4,319 ns/op at 99.9%'ile
17,535 ns/op at 99.99%'ile
185,343 ns/op at 99.999%'ile
164,626,431 ns/op at 100.0%'ile
99.7 % of CPU usage

Ping throughput 10K:
6,000,000 ops
1,707,211,955 ns
3,514,502 ops/s
99.6 % of CPU usage
Tests run: 8, Failures: 0, Errors: 0, Skipped: 0, Time elapsed: 17.095 sec - in com.github.plokhotnyuk.actors.MinimalistActorSpec
Running com.github.plokhotnyuk.actors.ScalaActorSpec
Executor service type: scala-forkjoin-pool

Enqueueing:
20,000,000 ops
439,553,867 ns
45,500,680 ops/s
29.6 % of CPU usage
23 bytes per instance

Dequeueing:
300,000 ops
1,693,282,804 ns
177,170 ops/s
96.6 % of CPU usage

Initiation:
600,000 ops
1,144,337,940 ns
1,907 ns/op
97.0 % of CPU usage
224 bytes per instance

Single-producer sending:
300,000 ops
1,493,647,249 ns
200,850 ops/s
99.8 % of CPU usage

Multi-producer sending:
300,000 ops
1,017,997,038 ns
294,696 ops/s
99.5 % of CPU usage

Max throughput:
600,000 ops
1,977,057,224 ns
303,481 ops/s
99.9 % of CPU usage

Ping latency:
250,000 ops
1,202,409,057 ns
1,440 ns/op at 0.0%'ile
2,831 ns/op at 50.0%'ile
4,079 ns/op at 90.0%'ile
16,319 ns/op at 99.0%'ile
44,031 ns/op at 99.9%'ile
234,495 ns/op at 99.99%'ile
56,098,815 ns/op at 99.999%'ile
112,197,631 ns/op at 100.0%'ile
98.3 % of CPU usage

Ping throughput 10K:
400,000 ops
861,127,460 ns
464,507 ops/s
99.6 % of CPU usage
Tests run: 8, Failures: 0, Errors: 0, Skipped: 0, Time elapsed: 13.841 sec - in com.github.plokhotnyuk.actors.ScalaActorSpec
Running com.github.plokhotnyuk.actors.ScalazActorSpec
Executor service type: scala-forkjoin-pool

Enqueueing:
40,000,000 ops
628,110,349 ns
63,683,077 ops/s
25.5 % of CPU usage
24 bytes per instance

Dequeueing:
40,000,000 ops
390,695,126 ns
102,381,620 ops/s
70.4 % of CPU usage

Initiation:
10,000,000 ops
307,386,708 ns
30 ns/op
43.1 % of CPU usage
104 bytes per instance

Single-producer sending:
15,000,000 ops
521,697,154 ns
28,752,313 ops/s
83.9 % of CPU usage

Multi-producer sending:
15,000,000 ops
488,051,008 ns
30,734,492 ops/s
90.2 % of CPU usage

Max throughput:
30,000,000 ops
579,214,135 ns
51,794,316 ops/s
90.6 % of CPU usage

Ping latency:
3,000,000 ops
2,858,643,472 ns
81 ns/op at 0.0%'ile
391 ns/op at 50.0%'ile
759 ns/op at 90.0%'ile
1,935 ns/op at 99.0%'ile
8,895 ns/op at 99.9%'ile
23,167 ns/op at 99.99%'ile
651,263 ns/op at 99.999%'ile
173,015,039 ns/op at 100.0%'ile
99.2 % of CPU usage

Ping throughput 10K:
6,000,000 ops
1,697,195,716 ns
3,535,243 ops/s
99.3 % of CPU usage
Tests run: 8, Failures: 0, Errors: 0, Skipped: 0, Time elapsed: 17.984 sec - in com.github.plokhotnyuk.actors.ScalazActorSpec

Results :

Tests run: 83, Failures: 0, Errors: 0, Skipped: 0

[INFO] ------------------------------------------------------------------------
[INFO] BUILD SUCCESS
[INFO] ------------------------------------------------------------------------
[INFO] Total time: 03:05 min
[INFO] Finished at: 2016-02-19T19:02:07+01:00
[INFO] Final Memory: 9M/1024M
[INFO] ------------------------------------------------------------------------
[INFO] Scanning for projects...
[INFO]                                                                         
[INFO] ------------------------------------------------------------------------
[INFO] Building Actors 1.0-SNAPSHOT
[INFO] ------------------------------------------------------------------------
[INFO] 
[INFO] --- maven-resources-plugin:2.6:resources (default-resources) @ actors ---
[INFO] Using 'UTF-8' encoding to copy filtered resources.
[INFO] skip non existing resourceDirectory /home/andriy/Projects/com/github/plokhotnyuk/actors/src/main/resources
[INFO] 
[INFO] --- maven-resources-plugin:2.6:testResources (default-testResources) @ actors ---
[INFO] Using 'UTF-8' encoding to copy filtered resources.
[INFO] skip non existing resourceDirectory /home/andriy/Projects/com/github/plokhotnyuk/actors/src/test/resources
[INFO] 
[INFO] --- scala-maven-plugin:3.2.2:testCompile (testCompile) @ actors ---
[WARNING]  Expected all dependencies to require Scala version: 2.11.7
[WARNING]  com.github.plokhotnyuk.actors:actors:1.0-SNAPSHOT requires scala version: 2.11.7
[WARNING]  com.typesafe.akka:akka-actor_2.11:2.4.2 requires scala version: 2.11.7
[WARNING]  org.scala-lang.modules:scala-java8-compat_2.11:0.7.0 requires scala version: 2.11.7
[WARNING]  net.liftweb:lift-actor_2.11:3.0-M8 requires scala version: 2.11.4
[WARNING] Multiple versions of scala libraries detected!
[INFO] Nothing to compile - all classes are up to date
[INFO] 
[INFO] --- maven-surefire-plugin:2.18.1:test (default-test) @ actors ---
[INFO] Surefire report directory: /home/andriy/Projects/com/github/plokhotnyuk/actors/target/surefire-reports

-------------------------------------------------------
 T E S T S
-------------------------------------------------------
Running com.github.plokhotnyuk.actors.AkkaBoundedActorSpec
Executor service type: java-forkjoin-pool

Enqueueing:
10,000,000 ops
507,569,330 ns
19,701,742 ops/s
41.9 % of CPU usage
48 bytes per instance

Dequeueing:
10,000,000 ops
1,090,176,872 ns
9,172,823 ops/s
28.9 % of CPU usage

Initiation:
100,000 ops
1,082,479,058 ns
10,824 ns/op
71.8 % of CPU usage
641 bytes per instance

Single-producer sending:
6,000,000 ops
941,635,253 ns
6,371,893 ops/s
45.4 % of CPU usage

Multi-producer sending:
6,000,000 ops
1,170,677,940 ns
5,125,235 ops/s
46.8 % of CPU usage

Max throughput:
12,000,000 ops
886,312,940 ns
13,539,235 ops/s
91.4 % of CPU usage

Ping latency:
1,500,000 ops
1,420,472,086 ns
210 ns/op at 0.0%'ile
803 ns/op at 50.0%'ile
1,103 ns/op at 90.0%'ile
1,895 ns/op at 99.0%'ile
8,703 ns/op at 99.9%'ile
27,775 ns/op at 99.99%'ile
152,575 ns/op at 99.999%'ile
116,391,935 ns/op at 100.0%'ile
98.9 % of CPU usage

Ping throughput 10K:
2,000,000 ops
1,185,728,849 ns
1,686,726 ops/s
99.5 % of CPU usage

Overflow throughput:
5,000,000 ops
659,315,761 ns
7,583,619 ops/s
35.3 % of CPU usage
Tests run: 9, Failures: 0, Errors: 0, Skipped: 0, Time elapsed: 18.57 sec - in com.github.plokhotnyuk.actors.AkkaBoundedActorSpec
Running com.github.plokhotnyuk.actors.AkkaMCNonBlockingBoundedActorSpec
Executor service type: java-forkjoin-pool

Enqueueing:
10,000,000 ops
367,216,208 ns
27,231,913 ops/s
47.0 % of CPU usage
48 bytes per instance

Dequeueing:
10,000,000 ops
810,666,649 ns
12,335,526 ops/s
29.6 % of CPU usage

Initiation:
100,000 ops
967,906,707 ns
9,679 ns/op
79.8 % of CPU usage
456 bytes per instance

Single-producer sending:
6,000,000 ops
701,460,401 ns
8,553,583 ops/s
46.0 % of CPU usage

Multi-producer sending:
6,000,000 ops
901,572,203 ns
6,655,041 ops/s
70.7 % of CPU usage

Max throughput:
12,000,000 ops
716,462,669 ns
16,748,953 ops/s
89.3 % of CPU usage

Ping latency:
1,500,000 ops
1,446,706,204 ns
200 ns/op at 0.0%'ile
707 ns/op at 50.0%'ile
995 ns/op at 90.0%'ile
1,551 ns/op at 99.0%'ile
6,687 ns/op at 99.9%'ile
34,303 ns/op at 99.99%'ile
192,511 ns/op at 99.999%'ile
104,333,311 ns/op at 100.0%'ile
96.6 % of CPU usage

Ping throughput 10K:
2,000,000 ops
1,010,709,206 ns
1,978,808 ops/s
99.4 % of CPU usage

Overflow throughput:
5,000,000 ops
555,491,128 ns
9,001,043 ops/s
48.6 % of CPU usage
Tests run: 9, Failures: 0, Errors: 0, Skipped: 0, Time elapsed: 16.119 sec - in com.github.plokhotnyuk.actors.AkkaMCNonBlockingBoundedActorSpec
Running com.github.plokhotnyuk.actors.AkkaMCUnboundedActorSpec
Executor service type: java-forkjoin-pool

Enqueueing:
10,000,000 ops
344,206,729 ns
29,052,308 ops/s
50.1 % of CPU usage
48 bytes per instance

Dequeueing:
10,000,000 ops
813,799,301 ns
12,288,042 ops/s
31.3 % of CPU usage

Initiation:
100,000 ops
975,658,257 ns
9,756 ns/op
82.5 % of CPU usage
456 bytes per instance

Single-producer sending:
6,000,000 ops
644,109,323 ns
9,315,188 ops/s
40.4 % of CPU usage

Multi-producer sending:
6,000,000 ops
678,241,643 ns
8,846,404 ops/s
52.3 % of CPU usage

Max throughput:
12,000,000 ops
681,488,089 ns
17,608,524 ops/s
84.4 % of CPU usage

Ping latency:
1,500,000 ops
1,592,190,883 ns
194 ns/op at 0.0%'ile
719 ns/op at 50.0%'ile
1,019 ns/op at 90.0%'ile
1,823 ns/op at 99.0%'ile
7,775 ns/op at 99.9%'ile
87,551 ns/op at 99.99%'ile
360,447 ns/op at 99.999%'ile
160,432,127 ns/op at 100.0%'ile
98.9 % of CPU usage

Ping throughput 10K:
2,000,000 ops
1,102,645,579 ns
1,813,819 ops/s
99.1 % of CPU usage
Tests run: 8, Failures: 0, Errors: 0, Skipped: 0, Time elapsed: 15.19 sec - in com.github.plokhotnyuk.actors.AkkaMCUnboundedActorSpec
Running com.github.plokhotnyuk.actors.AkkaSCONonBlockingBoundedActorSpec
Executor service type: java-forkjoin-pool

Enqueueing:
10,000,000 ops
350,517,164 ns
28,529,273 ops/s
47.1 % of CPU usage
48 bytes per instance

Dequeueing:
10,000,000 ops
840,626,156 ns
11,895,894 ops/s
30.9 % of CPU usage

Initiation:
100,000 ops
1,004,436,635 ns
10,044 ns/op
78.9 % of CPU usage
455 bytes per instance

Single-producer sending:
6,000,000 ops
835,851,982 ns
7,178,304 ops/s
45.2 % of CPU usage

Multi-producer sending:
6,000,000 ops
1,029,886,241 ns
5,825,886 ops/s
75.7 % of CPU usage

Max throughput:
12,000,000 ops
672,484,741 ns
17,844,271 ops/s
89.6 % of CPU usage

Ping latency:
1,500,000 ops
1,930,660,754 ns
198 ns/op at 0.0%'ile
735 ns/op at 50.0%'ile
1,047 ns/op at 90.0%'ile
1,975 ns/op at 99.0%'ile
8,639 ns/op at 99.9%'ile
40,703 ns/op at 99.99%'ile
307,199 ns/op at 99.999%'ile
184,549,375 ns/op at 100.0%'ile
98.9 % of CPU usage

Ping throughput 10K:
2,000,000 ops
849,969,738 ns
2,353,024 ops/s
99.4 % of CPU usage

Overflow throughput:
5,000,000 ops
649,717,629 ns
7,695,650 ops/s
44.2 % of CPU usage
Tests run: 9, Failures: 0, Errors: 0, Skipped: 0, Time elapsed: 16.472 sec - in com.github.plokhotnyuk.actors.AkkaSCONonBlockingBoundedActorSpec
Running com.github.plokhotnyuk.actors.AkkaSCOUnboundedActorSpec
Executor service type: java-forkjoin-pool

Enqueueing:
10,000,000 ops
312,185,772 ns
32,032,209 ops/s
52.1 % of CPU usage
48 bytes per instance

Dequeueing:
10,000,000 ops
824,043,717 ns
12,135,278 ops/s
29.7 % of CPU usage

Initiation:
100,000 ops
1,000,650,680 ns
10,006 ns/op
75.0 % of CPU usage
457 bytes per instance

Single-producer sending:
6,000,000 ops
734,787,877 ns
8,165,621 ops/s
50.0 % of CPU usage

Multi-producer sending:
6,000,000 ops
710,578,024 ns
8,443,829 ops/s
50.0 % of CPU usage

Max throughput:
12,000,000 ops
917,119,203 ns
13,084,449 ops/s
87.8 % of CPU usage

Ping latency:
1,500,000 ops
1,422,541,993 ns
184 ns/op at 0.0%'ile
695 ns/op at 50.0%'ile
975 ns/op at 90.0%'ile
1,647 ns/op at 99.0%'ile
6,975 ns/op at 99.9%'ile
23,935 ns/op at 99.99%'ile
146,431 ns/op at 99.999%'ile
148,897,791 ns/op at 100.0%'ile
99.1 % of CPU usage

Ping throughput 10K:
2,000,000 ops
1,077,118,436 ns
1,856,806 ops/s
100.0 % of CPU usage
Tests run: 8, Failures: 0, Errors: 0, Skipped: 0, Time elapsed: 14.851 sec - in com.github.plokhotnyuk.actors.AkkaSCOUnboundedActorSpec
Running com.github.plokhotnyuk.actors.AkkaUnboundedActorSpec
Executor service type: java-forkjoin-pool

Enqueueing:
10,000,000 ops
294,615,281 ns
33,942,570 ops/s
33.1 % of CPU usage
48 bytes per instance

Dequeueing:
10,000,000 ops
978,348,936 ns
10,221,302 ops/s
30.7 % of CPU usage

Initiation:
100,000 ops
1,021,343,072 ns
10,213 ns/op
73.7 % of CPU usage
456 bytes per instance

Single-producer sending:
6,000,000 ops
722,838,776 ns
8,300,606 ops/s
42.5 % of CPU usage

Multi-producer sending:
6,000,000 ops
958,846,492 ns
6,257,518 ops/s
63.9 % of CPU usage

Max throughput:
12,000,000 ops
712,995,305 ns
16,830,405 ops/s
88.0 % of CPU usage

Ping latency:
1,500,000 ops
1,363,001,041 ns
217 ns/op at 0.0%'ile
767 ns/op at 50.0%'ile
1,071 ns/op at 90.0%'ile
1,543 ns/op at 99.0%'ile
6,975 ns/op at 99.9%'ile
29,951 ns/op at 99.99%'ile
158,719 ns/op at 99.999%'ile
83,886,079 ns/op at 100.0%'ile
99.0 % of CPU usage

Ping throughput 10K:
2,000,000 ops
1,304,907,910 ns
1,532,675 ops/s
99.8 % of CPU usage
Tests run: 8, Failures: 0, Errors: 0, Skipped: 0, Time elapsed: 15.659 sec - in com.github.plokhotnyuk.actors.AkkaUnboundedActorSpec
Running com.github.plokhotnyuk.actors.LiftActorSpec
Executor service type: java-forkjoin-pool

Enqueueing:
10,000,000 ops
377,819,811 ns
26,467,643 ops/s
27.1 % of CPU usage
24 bytes per instance

Dequeueing:
10,000,000 ops
446,377,895 ns
22,402,543 ops/s
31.4 % of CPU usage

Initiation:
10,000,000 ops
635,159,467 ns
63 ns/op
33.1 % of CPU usage
72 bytes per instance

Single-producer sending:
6,000,000 ops
590,561,636 ns
10,159,820 ops/s
52.9 % of CPU usage

Multi-producer sending:
6,000,000 ops
602,664,711 ns
9,955,784 ops/s
52.7 % of CPU usage

Max throughput:
12,000,000 ops
528,376,027 ns
22,711,098 ops/s
94.2 % of CPU usage

Ping latency:
1,500,000 ops
2,048,893,304 ns
406 ns/op at 0.0%'ile
1,079 ns/op at 50.0%'ile
1,631 ns/op at 90.0%'ile
5,151 ns/op at 99.0%'ile
16,639 ns/op at 99.9%'ile
135,167 ns/op at 99.99%'ile
729,087 ns/op at 99.999%'ile
84,410,367 ns/op at 100.0%'ile
95.9 % of CPU usage

Ping throughput 10K:
2,000,000 ops
1,000,825,515 ns
1,998,350 ops/s
99.2 % of CPU usage
Tests run: 8, Failures: 0, Errors: 0, Skipped: 0, Time elapsed: 13.478 sec - in com.github.plokhotnyuk.actors.LiftActorSpec
Running com.github.plokhotnyuk.actors.MinimalistActorSpec
Executor service type: java-forkjoin-pool

Enqueueing:
40,000,000 ops
628,785,559 ns
63,614,692 ops/s
25.0 % of CPU usage
24 bytes per instance

Dequeueing:
40,000,000 ops
296,539,900 ns
134,889,099 ops/s
44.7 % of CPU usage

Initiation:
2,000,000 ops
2,438,870,293 ns
1,219 ns/op
99.2 % of CPU usage
43 bytes per instance

Single-producer sending:
15,000,000 ops
272,677,053 ns
55,010,129 ops/s
61.4 % of CPU usage

Multi-producer sending:
15,000,000 ops
317,280,049 ns
47,276,845 ops/s
89.8 % of CPU usage

Max throughput:
30,000,000 ops
369,716,132 ns
81,143,335 ops/s
91.3 % of CPU usage

Ping latency:
3,000,000 ops
3,118,907,305 ns
80 ns/op at 0.0%'ile
443 ns/op at 50.0%'ile
927 ns/op at 90.0%'ile
1,551 ns/op at 99.0%'ile
7,423 ns/op at 99.9%'ile
27,263 ns/op at 99.99%'ile
667,647 ns/op at 99.999%'ile
184,549,375 ns/op at 100.0%'ile
99.6 % of CPU usage

Ping throughput 10K:
6,000,000 ops
2,275,665,505 ns
2,636,591 ops/s
99.9 % of CPU usage
Tests run: 8, Failures: 0, Errors: 0, Skipped: 0, Time elapsed: 16.274 sec - in com.github.plokhotnyuk.actors.MinimalistActorSpec
Running com.github.plokhotnyuk.actors.ScalaActorSpec
Executor service type: java-forkjoin-pool

Enqueueing:
20,000,000 ops
432,053,418 ns
46,290,572 ops/s
28.9 % of CPU usage
23 bytes per instance

Dequeueing:
300,000 ops
1,335,350,395 ns
224,660 ops/s
97.4 % of CPU usage

Initiation:
600,000 ops
1,282,077,977 ns
2,136 ns/op
98.5 % of CPU usage
263 bytes per instance

Single-producer sending:
300,000 ops
3,427,220,060 ns
87,534 ops/s
100.0 % of CPU usage

Multi-producer sending:
300,000 ops
780,331,443 ns
384,452 ops/s
98.7 % of CPU usage

Max throughput:
600,000 ops
1,281,621,386 ns
468,156 ops/s
99.7 % of CPU usage

Ping latency:
250,000 ops
1,184,625,001 ns
1,720 ns/op at 0.0%'ile
4,047 ns/op at 50.0%'ile
6,431 ns/op at 90.0%'ile
15,231 ns/op at 99.0%'ile
36,863 ns/op at 99.9%'ile
200,703 ns/op at 99.99%'ile
1,343,487 ns/op at 99.999%'ile
3,588,095 ns/op at 100.0%'ile
99.2 % of CPU usage

Ping throughput 10K:
400,000 ops
1,359,005,591 ns
294,332 ops/s
99.5 % of CPU usage
Tests run: 8, Failures: 0, Errors: 0, Skipped: 0, Time elapsed: 15.089 sec - in com.github.plokhotnyuk.actors.ScalaActorSpec
Running com.github.plokhotnyuk.actors.ScalazActorSpec
Executor service type: java-forkjoin-pool

Enqueueing:
40,000,000 ops
629,363,189 ns
63,556,306 ops/s
25.4 % of CPU usage
24 bytes per instance

Dequeueing:
40,000,000 ops
243,094,038 ns
164,545,376 ops/s
48.3 % of CPU usage

Initiation:
10,000,000 ops
332,359,772 ns
33 ns/op
41.4 % of CPU usage
104 bytes per instance

Single-producer sending:
15,000,000 ops
492,248,618 ns
30,472,406 ops/s
55.9 % of CPU usage

Multi-producer sending:
15,000,000 ops
472,811,055 ns
31,725,146 ops/s
92.0 % of CPU usage

Max throughput:
30,000,000 ops
611,807,309 ns
49,035,046 ops/s
91.9 % of CPU usage

Ping latency:
3,000,000 ops
2,861,532,101 ns
68 ns/op at 0.0%'ile
363 ns/op at 50.0%'ile
671 ns/op at 90.0%'ile
1,031 ns/op at 99.0%'ile
2,351 ns/op at 99.9%'ile
18,559 ns/op at 99.99%'ile
292,863 ns/op at 99.999%'ile
173,015,039 ns/op at 100.0%'ile
99.2 % of CPU usage

Ping throughput 10K:
6,000,000 ops
2,126,338,480 ns
2,821,752 ops/s
99.8 % of CPU usage
Tests run: 8, Failures: 0, Errors: 0, Skipped: 0, Time elapsed: 18.104 sec - in com.github.plokhotnyuk.actors.ScalazActorSpec

Results :

Tests run: 83, Failures: 0, Errors: 0, Skipped: 0

[INFO] ------------------------------------------------------------------------
[INFO] BUILD SUCCESS
[INFO] ------------------------------------------------------------------------
[INFO] Total time: 02:55 min
[INFO] Finished at: 2016-02-19T19:05:04+01:00
[INFO] Final Memory: 9M/1024M
[INFO] ------------------------------------------------------------------------
[INFO] Scanning for projects...
[INFO]                                                                         
[INFO] ------------------------------------------------------------------------
[INFO] Building Actors 1.0-SNAPSHOT
[INFO] ------------------------------------------------------------------------
[INFO] 
[INFO] --- maven-resources-plugin:2.6:resources (default-resources) @ actors ---
[INFO] Using 'UTF-8' encoding to copy filtered resources.
[INFO] skip non existing resourceDirectory /home/andriy/Projects/com/github/plokhotnyuk/actors/src/main/resources
[INFO] 
[INFO] --- maven-resources-plugin:2.6:testResources (default-testResources) @ actors ---
[INFO] Using 'UTF-8' encoding to copy filtered resources.
[INFO] skip non existing resourceDirectory /home/andriy/Projects/com/github/plokhotnyuk/actors/src/test/resources
[INFO] 
[INFO] --- scala-maven-plugin:3.2.2:testCompile (testCompile) @ actors ---
[WARNING]  Expected all dependencies to require Scala version: 2.11.7
[WARNING]  com.github.plokhotnyuk.actors:actors:1.0-SNAPSHOT requires scala version: 2.11.7
[WARNING]  com.typesafe.akka:akka-actor_2.11:2.4.2 requires scala version: 2.11.7
[WARNING]  org.scala-lang.modules:scala-java8-compat_2.11:0.7.0 requires scala version: 2.11.7
[WARNING]  net.liftweb:lift-actor_2.11:3.0-M8 requires scala version: 2.11.4
[WARNING] Multiple versions of scala libraries detected!
[INFO] Nothing to compile - all classes are up to date
[INFO] 
[INFO] --- maven-surefire-plugin:2.18.1:test (default-test) @ actors ---
[INFO] Surefire report directory: /home/andriy/Projects/com/github/plokhotnyuk/actors/target/surefire-reports

-------------------------------------------------------
 T E S T S
-------------------------------------------------------
Running com.github.plokhotnyuk.actors.AkkaBoundedActorSpec
Executor service type: abq-thread-pool

Enqueueing:
10,000,000 ops
490,816,823 ns
20,374,199 ops/s
36.2 % of CPU usage
48 bytes per instance

Dequeueing:
10,000,000 ops
1,067,765,361 ns
9,365,353 ops/s
31.4 % of CPU usage

Initiation:
100,000 ops
1,073,630,385 ns
10,736 ns/op
81.3 % of CPU usage
608 bytes per instance

Single-producer sending:
6,000,000 ops
1,326,609,681 ns
4,522,807 ops/s
51.6 % of CPU usage

Multi-producer sending:
6,000,000 ops
1,136,280,784 ns
5,280,384 ops/s
49.5 % of CPU usage

Max throughput:
12,000,000 ops
845,468,016 ns
14,193,322 ops/s
92.3 % of CPU usage

Ping latency:
1,500,000 ops
3,933,319,128 ns
318 ns/op at 0.0%'ile
465 ns/op at 50.0%'ile
2,223 ns/op at 90.0%'ile
60,159 ns/op at 99.0%'ile
139,263 ns/op at 99.9%'ile
235,519 ns/op at 99.99%'ile
475,135 ns/op at 99.999%'ile
974,847 ns/op at 100.0%'ile
36.5 % of CPU usage

Ping throughput 10K:
2,000,000 ops
2,108,892,909 ns
948,364 ops/s
41.3 % of CPU usage

Overflow throughput:
5,000,000 ops
618,213,847 ns
8,087,816 ops/s
38.4 % of CPU usage
Tests run: 9, Failures: 0, Errors: 0, Skipped: 0, Time elapsed: 21.899 sec - in com.github.plokhotnyuk.actors.AkkaBoundedActorSpec
Running com.github.plokhotnyuk.actors.AkkaMCNonBlockingBoundedActorSpec
Executor service type: abq-thread-pool

Enqueueing:
10,000,000 ops
324,406,359 ns
30,825,536 ops/s
49.3 % of CPU usage
48 bytes per instance

Dequeueing:
10,000,000 ops
822,990,078 ns
12,150,814 ops/s
29.8 % of CPU usage

Initiation:
100,000 ops
1,062,119,875 ns
10,621 ns/op
77.7 % of CPU usage
424 bytes per instance

Single-producer sending:
6,000,000 ops
760,826,079 ns
7,886,165 ops/s
50.3 % of CPU usage

Multi-producer sending:
6,000,000 ops
925,051,295 ns
6,486,126 ops/s
71.1 % of CPU usage

Max throughput:
12,000,000 ops
604,634,298 ns
19,846,707 ops/s
85.2 % of CPU usage

Ping latency:
1,500,000 ops
4,063,019,220 ns
251 ns/op at 0.0%'ile
355 ns/op at 50.0%'ile
2,335 ns/op at 90.0%'ile
54,527 ns/op at 99.0%'ile
115,199 ns/op at 99.9%'ile
190,463 ns/op at 99.99%'ile
471,039 ns/op at 99.999%'ile
8,650,751 ns/op at 100.0%'ile
35.6 % of CPU usage

Ping throughput 10K:
2,000,000 ops
1,750,165,928 ns
1,142,748 ops/s
42.0 % of CPU usage

Overflow throughput:
5,000,000 ops
540,354,165 ns
9,253,190 ops/s
42.6 % of CPU usage
Tests run: 9, Failures: 0, Errors: 0, Skipped: 0, Time elapsed: 19.465 sec - in com.github.plokhotnyuk.actors.AkkaMCNonBlockingBoundedActorSpec
Running com.github.plokhotnyuk.actors.AkkaMCUnboundedActorSpec
Executor service type: abq-thread-pool

Enqueueing:
10,000,000 ops
512,600,353 ns
19,508,375 ops/s
64.4 % of CPU usage
48 bytes per instance

Dequeueing:
10,000,000 ops
842,332,174 ns
11,871,801 ops/s
30.6 % of CPU usage

Initiation:
100,000 ops
1,058,828,306 ns
10,588 ns/op
75.8 % of CPU usage
424 bytes per instance

Single-producer sending:
6,000,000 ops
763,606,766 ns
7,857,447 ops/s
46.2 % of CPU usage

Multi-producer sending:
6,000,000 ops
712,881,516 ns
8,416,545 ops/s
51.2 % of CPU usage

Max throughput:
12,000,000 ops
666,230,106 ns
18,011,794 ops/s
84.1 % of CPU usage

Ping latency:
1,500,000 ops
4,329,761,479 ns
260 ns/op at 0.0%'ile
385 ns/op at 50.0%'ile
2,543 ns/op at 90.0%'ile
58,879 ns/op at 99.0%'ile
127,487 ns/op at 99.9%'ile
219,135 ns/op at 99.99%'ile
436,223 ns/op at 99.999%'ile
1,064,959 ns/op at 100.0%'ile
35.9 % of CPU usage

Ping throughput 10K:
2,000,000 ops
1,860,409,056 ns
1,075,032 ops/s
38.3 % of CPU usage
Tests run: 8, Failures: 0, Errors: 0, Skipped: 0, Time elapsed: 19.016 sec - in com.github.plokhotnyuk.actors.AkkaMCUnboundedActorSpec
Running com.github.plokhotnyuk.actors.AkkaSCONonBlockingBoundedActorSpec
Executor service type: abq-thread-pool

Enqueueing:
10,000,000 ops
380,516,943 ns
26,280,038 ops/s
44.0 % of CPU usage
48 bytes per instance

Dequeueing:
10,000,000 ops
858,026,089 ns
11,654,657 ops/s
31.8 % of CPU usage

Initiation:
100,000 ops
1,093,194,060 ns
10,931 ns/op
82.1 % of CPU usage
424 bytes per instance

Single-producer sending:
6,000,000 ops
830,843,923 ns
7,221,572 ops/s
46.9 % of CPU usage

Multi-producer sending:
6,000,000 ops
971,863,248 ns
6,173,708 ops/s
72.8 % of CPU usage

Max throughput:
12,000,000 ops
639,836,718 ns
18,754,784 ops/s
82.4 % of CPU usage

Ping latency:
1,500,000 ops
3,597,116,883 ns
254 ns/op at 0.0%'ile
345 ns/op at 50.0%'ile
2,239 ns/op at 90.0%'ile
44,799 ns/op at 99.0%'ile
95,231 ns/op at 99.9%'ile
163,839 ns/op at 99.99%'ile
593,919 ns/op at 99.999%'ile
12,386,303 ns/op at 100.0%'ile
36.1 % of CPU usage

Ping throughput 10K:
2,000,000 ops
1,735,392,225 ns
1,152,477 ops/s
46.1 % of CPU usage

Overflow throughput:
5,000,000 ops
581,507,310 ns
8,598,344 ops/s
44.7 % of CPU usage
Tests run: 9, Failures: 0, Errors: 0, Skipped: 0, Time elapsed: 19.129 sec - in com.github.plokhotnyuk.actors.AkkaSCONonBlockingBoundedActorSpec
Running com.github.plokhotnyuk.actors.AkkaSCOUnboundedActorSpec
Executor service type: abq-thread-pool

Enqueueing:
10,000,000 ops
330,467,280 ns
30,260,181 ops/s
49.2 % of CPU usage
48 bytes per instance

Dequeueing:
10,000,000 ops
839,041,648 ns
11,918,359 ops/s
29.8 % of CPU usage

Initiation:
100,000 ops
1,051,704,850 ns
10,517 ns/op
81.1 % of CPU usage
424 bytes per instance

Single-producer sending:
6,000,000 ops
726,991,805 ns
8,253,187 ops/s
46.4 % of CPU usage

Multi-producer sending:
6,000,000 ops
704,657,518 ns
8,514,774 ops/s
51.1 % of CPU usage

Max throughput:
12,000,000 ops
625,642,180 ns
19,180,292 ops/s
85.1 % of CPU usage

Ping latency:
1,500,000 ops
3,425,040,215 ns
247 ns/op at 0.0%'ile
327 ns/op at 50.0%'ile
1,215 ns/op at 90.0%'ile
48,127 ns/op at 99.0%'ile
111,103 ns/op at 99.9%'ile
187,391 ns/op at 99.99%'ile
544,767 ns/op at 99.999%'ile
11,534,335 ns/op at 100.0%'ile
35.9 % of CPU usage

Ping throughput 10K:
2,000,000 ops
1,874,086,365 ns
1,067,186 ops/s
36.8 % of CPU usage
Tests run: 8, Failures: 0, Errors: 0, Skipped: 0, Time elapsed: 17.823 sec - in com.github.plokhotnyuk.actors.AkkaSCOUnboundedActorSpec
Running com.github.plokhotnyuk.actors.AkkaUnboundedActorSpec
Executor service type: abq-thread-pool

Enqueueing:
10,000,000 ops
331,568,229 ns
30,159,705 ops/s
49.8 % of CPU usage
48 bytes per instance

Dequeueing:
10,000,000 ops
983,027,751 ns
10,172,652 ops/s
30.3 % of CPU usage

Initiation:
100,000 ops
1,079,518,406 ns
10,795 ns/op
81.5 % of CPU usage
424 bytes per instance

Single-producer sending:
6,000,000 ops
766,491,243 ns
7,827,878 ops/s
40.8 % of CPU usage

Multi-producer sending:
6,000,000 ops
929,759,286 ns
6,453,283 ops/s
67.2 % of CPU usage

Max throughput:
12,000,000 ops
686,267,227 ns
17,485,899 ops/s
89.3 % of CPU usage

Ping latency:
1,500,000 ops
3,956,524,345 ns
270 ns/op at 0.0%'ile
399 ns/op at 50.0%'ile
1,199 ns/op at 90.0%'ile
70,143 ns/op at 99.0%'ile
189,439 ns/op at 99.9%'ile
329,727 ns/op at 99.99%'ile
499,711 ns/op at 99.999%'ile
7,208,959 ns/op at 100.0%'ile
36.1 % of CPU usage

Ping throughput 10K:
2,000,000 ops
1,971,611,423 ns
1,014,398 ops/s
41.2 % of CPU usage
Tests run: 8, Failures: 0, Errors: 0, Skipped: 0, Time elapsed: 18.841 sec - in com.github.plokhotnyuk.actors.AkkaUnboundedActorSpec
Running com.github.plokhotnyuk.actors.LiftActorSpec
Executor service type: abq-thread-pool

Enqueueing:
10,000,000 ops
376,830,061 ns
26,537,161 ops/s
26.5 % of CPU usage
24 bytes per instance

Dequeueing:
10,000,000 ops
460,076,294 ns
21,735,525 ops/s
31.0 % of CPU usage

Initiation:
10,000,000 ops
643,370,283 ns
64 ns/op
33.4 % of CPU usage
72 bytes per instance

Single-producer sending:
6,000,000 ops
540,183,628 ns
11,107,334 ops/s
49.1 % of CPU usage

Multi-producer sending:
6,000,000 ops
669,945,431 ns
8,955,953 ops/s
54.9 % of CPU usage

Max throughput:
12,000,000 ops
645,582,080 ns
18,587,876 ops/s
87.5 % of CPU usage

Ping latency:
1,500,000 ops
2,012,030,676 ns
408 ns/op at 0.0%'ile
495 ns/op at 50.0%'ile
1,287 ns/op at 90.0%'ile
8,767 ns/op at 99.0%'ile
114,687 ns/op at 99.9%'ile
569,343 ns/op at 99.99%'ile
1,499,135 ns/op at 99.999%'ile
2,310,143 ns/op at 100.0%'ile
40.0 % of CPU usage

Ping throughput 10K:
2,000,000 ops
1,282,247,394 ns
1,559,761 ops/s
62.0 % of CPU usage
Tests run: 8, Failures: 0, Errors: 0, Skipped: 0, Time elapsed: 14.085 sec - in com.github.plokhotnyuk.actors.LiftActorSpec
Running com.github.plokhotnyuk.actors.MinimalistActorSpec
Executor service type: abq-thread-pool

Enqueueing:
40,000,000 ops
666,877,425 ns
59,981,037 ops/s
25.5 % of CPU usage
24 bytes per instance

Dequeueing:
40,000,000 ops
202,653,109 ns
197,381,625 ops/s
49.3 % of CPU usage

Initiation:
2,000,000 ops
14,534,571,731 ns
7,267 ns/op
34.1 % of CPU usage
40 bytes per instance

Single-producer sending:
15,000,000 ops
216,802,249 ns
69,187,474 ops/s
56.5 % of CPU usage

Multi-producer sending:
15,000,000 ops
350,203,790 ns
42,832,203 ops/s
97.8 % of CPU usage

Max throughput:
30,000,000 ops
338,664,539 ns
88,583,233 ops/s
68.7 % of CPU usage

Ping latency:
3,000,000 ops
9,480,529,701 ns
112 ns/op at 0.0%'ile
289 ns/op at 50.0%'ile
2,031 ns/op at 90.0%'ile
65,535 ns/op at 99.0%'ile
138,239 ns/op at 99.9%'ile
218,111 ns/op at 99.99%'ile
456,703 ns/op at 99.999%'ile
2,703,359 ns/op at 100.0%'ile
34.7 % of CPU usage

Ping throughput 10K:
6,000,000 ops
2,281,325,409 ns
2,630,050 ops/s
41.0 % of CPU usage
Tests run: 8, Failures: 0, Errors: 0, Skipped: 0, Time elapsed: 35.086 sec - in com.github.plokhotnyuk.actors.MinimalistActorSpec
Running com.github.plokhotnyuk.actors.ScalaActorSpec
Executor service type: abq-thread-pool

Enqueueing:
20,000,000 ops
429,874,804 ns
46,525,173 ops/s
29.1 % of CPU usage
23 bytes per instance

Dequeueing:
300,000 ops
1,278,485,163 ns
234,652 ops/s
47.5 % of CPU usage

Initiation:
600,000 ops
2,680,285,822 ns
4,467 ns/op
44.5 % of CPU usage
224 bytes per instance

Single-producer sending:
300,000 ops
1,770,953,232 ns
169,400 ops/s
46.3 % of CPU usage

Multi-producer sending:
300,000 ops
1,726,974,559 ns
173,714 ops/s
46.2 % of CPU usage

Max throughput:
600,000 ops
1,358,894,144 ns
441,535 ops/s
31.1 % of CPU usage

Ping latency:
250,000 ops
904,494,623 ns
952 ns/op at 0.0%'ile
4,543 ns/op at 50.0%'ile
4,735 ns/op at 90.0%'ile
20,863 ns/op at 99.0%'ile
56,319 ns/op at 99.9%'ile
413,695 ns/op at 99.99%'ile
692,223 ns/op at 99.999%'ile
770,047 ns/op at 100.0%'ile
36.8 % of CPU usage

Ping throughput 10K:
400,000 ops
1,314,423,486 ns
304,315 ops/s
33.1 % of CPU usage
Tests run: 8, Failures: 0, Errors: 0, Skipped: 0, Time elapsed: 15.439 sec - in com.github.plokhotnyuk.actors.ScalaActorSpec
Running com.github.plokhotnyuk.actors.ScalazActorSpec
Executor service type: abq-thread-pool

Enqueueing:
40,000,000 ops
629,419,190 ns
63,550,652 ops/s
25.4 % of CPU usage
24 bytes per instance

Dequeueing:
40,000,000 ops
219,451,800 ns
182,272,371 ops/s
43.3 % of CPU usage

Initiation:
10,000,000 ops
316,838,850 ns
31 ns/op
42.6 % of CPU usage
104 bytes per instance

Single-producer sending:
15,000,000 ops
279,821,894 ns
53,605,526 ops/s
63.4 % of CPU usage

Multi-producer sending:
15,000,000 ops
460,095,424 ns
32,601,932 ops/s
96.2 % of CPU usage

Max throughput:
30,000,000 ops
215,830,450 ns
138,997,995 ops/s
86.9 % of CPU usage

Ping latency:
3,000,000 ops
9,498,268,866 ns
104 ns/op at 0.0%'ile
281 ns/op at 50.0%'ile
2,063 ns/op at 90.0%'ile
62,207 ns/op at 99.0%'ile
125,951 ns/op at 99.9%'ile
196,607 ns/op at 99.99%'ile
475,135 ns/op at 99.999%'ile
9,240,575 ns/op at 100.0%'ile
35.2 % of CPU usage

Ping throughput 10K:
6,000,000 ops
1,943,211,512 ns
3,087,672 ops/s
37.3 % of CPU usage
Tests run: 8, Failures: 0, Errors: 0, Skipped: 0, Time elapsed: 23.919 sec - in com.github.plokhotnyuk.actors.ScalazActorSpec

Results :

Tests run: 83, Failures: 0, Errors: 0, Skipped: 0

[INFO] ------------------------------------------------------------------------
[INFO] BUILD SUCCESS
[INFO] ------------------------------------------------------------------------
[INFO] Total time: 03:41 min
[INFO] Finished at: 2016-02-19T19:08:46+01:00
[INFO] Final Memory: 9M/1024M
[INFO] ------------------------------------------------------------------------
[INFO] Scanning for projects...
[INFO]                                                                         
[INFO] ------------------------------------------------------------------------
[INFO] Building Actors 1.0-SNAPSHOT
[INFO] ------------------------------------------------------------------------
[INFO] 
[INFO] --- maven-resources-plugin:2.6:resources (default-resources) @ actors ---
[INFO] Using 'UTF-8' encoding to copy filtered resources.
[INFO] skip non existing resourceDirectory /home/andriy/Projects/com/github/plokhotnyuk/actors/src/main/resources
[INFO] 
[INFO] --- maven-resources-plugin:2.6:testResources (default-testResources) @ actors ---
[INFO] Using 'UTF-8' encoding to copy filtered resources.
[INFO] skip non existing resourceDirectory /home/andriy/Projects/com/github/plokhotnyuk/actors/src/test/resources
[INFO] 
[INFO] --- scala-maven-plugin:3.2.2:testCompile (testCompile) @ actors ---
[WARNING]  Expected all dependencies to require Scala version: 2.11.7
[WARNING]  com.github.plokhotnyuk.actors:actors:1.0-SNAPSHOT requires scala version: 2.11.7
[WARNING]  com.typesafe.akka:akka-actor_2.11:2.4.2 requires scala version: 2.11.7
[WARNING]  org.scala-lang.modules:scala-java8-compat_2.11:0.7.0 requires scala version: 2.11.7
[WARNING]  net.liftweb:lift-actor_2.11:3.0-M8 requires scala version: 2.11.4
[WARNING] Multiple versions of scala libraries detected!
[INFO] Nothing to compile - all classes are up to date
[INFO] 
[INFO] --- maven-surefire-plugin:2.18.1:test (default-test) @ actors ---
[INFO] Surefire report directory: /home/andriy/Projects/com/github/plokhotnyuk/actors/target/surefire-reports

-------------------------------------------------------
 T E S T S
-------------------------------------------------------
Running com.github.plokhotnyuk.actors.AkkaBoundedActorSpec
Executor service type: lbq-thread-pool

Enqueueing:
10,000,000 ops
586,356,235 ns
17,054,478 ops/s
40.5 % of CPU usage
48 bytes per instance

Dequeueing:
10,000,000 ops
1,107,291,912 ns
9,031,042 ops/s
30.3 % of CPU usage

Initiation:
100,000 ops
1,179,768,114 ns
11,797 ns/op
80.5 % of CPU usage
608 bytes per instance

Single-producer sending:
6,000,000 ops
1,345,987,378 ns
4,457,694 ops/s
49.6 % of CPU usage

Multi-producer sending:
6,000,000 ops
1,140,423,707 ns
5,261,202 ops/s
46.7 % of CPU usage

Max throughput:
12,000,000 ops
798,940,334 ns
15,019,895 ops/s
95.1 % of CPU usage

Ping latency:
1,500,000 ops
3,768,245,081 ns
360 ns/op at 0.0%'ile
519 ns/op at 50.0%'ile
2,335 ns/op at 90.0%'ile
60,927 ns/op at 99.0%'ile
162,815 ns/op at 99.9%'ile
282,623 ns/op at 99.99%'ile
487,423 ns/op at 99.999%'ile
5,996,543 ns/op at 100.0%'ile
37.2 % of CPU usage

Ping throughput 10K:
2,000,000 ops
2,048,249,410 ns
976,443 ops/s
37.7 % of CPU usage

Overflow throughput:
5,000,000 ops
597,623,466 ns
8,366,472 ops/s
44.3 % of CPU usage
Tests run: 9, Failures: 0, Errors: 0, Skipped: 0, Time elapsed: 21.894 sec - in com.github.plokhotnyuk.actors.AkkaBoundedActorSpec
Running com.github.plokhotnyuk.actors.AkkaMCNonBlockingBoundedActorSpec
Executor service type: lbq-thread-pool

Enqueueing:
10,000,000 ops
325,903,387 ns
30,683,940 ops/s
48.3 % of CPU usage
48 bytes per instance

Dequeueing:
10,000,000 ops
870,697,009 ns
11,485,051 ops/s
35.0 % of CPU usage

Initiation:
100,000 ops
1,117,875,854 ns
11,178 ns/op
80.5 % of CPU usage
424 bytes per instance

Single-producer sending:
6,000,000 ops
758,855,709 ns
7,906,641 ops/s
48.4 % of CPU usage

Multi-producer sending:
6,000,000 ops
878,908,361 ns
6,826,650 ops/s
62.0 % of CPU usage

Max throughput:
12,000,000 ops
624,039,205 ns
19,229,561 ops/s
85.7 % of CPU usage

Ping latency:
1,500,000 ops
3,502,471,205 ns
310 ns/op at 0.0%'ile
417 ns/op at 50.0%'ile
2,639 ns/op at 90.0%'ile
46,335 ns/op at 99.0%'ile
117,759 ns/op at 99.9%'ile
204,799 ns/op at 99.99%'ile
548,863 ns/op at 99.999%'ile
5,898,239 ns/op at 100.0%'ile
37.1 % of CPU usage

Ping throughput 10K:
2,000,000 ops
1,959,071,832 ns
1,020,891 ops/s
42.5 % of CPU usage

Overflow throughput:
5,000,000 ops
583,462,980 ns
8,569,523 ops/s
43.7 % of CPU usage
Tests run: 9, Failures: 0, Errors: 0, Skipped: 0, Time elapsed: 18.934 sec - in com.github.plokhotnyuk.actors.AkkaMCNonBlockingBoundedActorSpec
Running com.github.plokhotnyuk.actors.AkkaMCUnboundedActorSpec
Executor service type: lbq-thread-pool

Enqueueing:
10,000,000 ops
314,541,080 ns
31,792,349 ops/s
51.7 % of CPU usage
48 bytes per instance

Dequeueing:
10,000,000 ops
865,768,552 ns
11,550,431 ops/s
34.1 % of CPU usage

Initiation:
100,000 ops
1,122,560,791 ns
11,225 ns/op
80.4 % of CPU usage
424 bytes per instance

Single-producer sending:
6,000,000 ops
764,848,957 ns
7,844,686 ops/s
43.1 % of CPU usage

Multi-producer sending:
6,000,000 ops
693,921,190 ns
8,646,515 ops/s
47.2 % of CPU usage

Max throughput:
12,000,000 ops
566,204,051 ns
21,193,772 ops/s
91.8 % of CPU usage

Ping latency:
1,500,000 ops
3,647,201,211 ns
312 ns/op at 0.0%'ile
457 ns/op at 50.0%'ile
2,127 ns/op at 90.0%'ile
62,207 ns/op at 99.0%'ile
184,319 ns/op at 99.9%'ile
327,679 ns/op at 99.99%'ile
413,695 ns/op at 99.999%'ile
2,719,743 ns/op at 100.0%'ile
36.4 % of CPU usage

Ping throughput 10K:
2,000,000 ops
1,986,812,944 ns
1,006,637 ops/s
43.3 % of CPU usage
Tests run: 8, Failures: 0, Errors: 0, Skipped: 0, Time elapsed: 17.801 sec - in com.github.plokhotnyuk.actors.AkkaMCUnboundedActorSpec
Running com.github.plokhotnyuk.actors.AkkaSCONonBlockingBoundedActorSpec
Executor service type: lbq-thread-pool

Enqueueing:
10,000,000 ops
332,466,441 ns
30,078,223 ops/s
45.9 % of CPU usage
48 bytes per instance

Dequeueing:
10,000,000 ops
847,948,992 ns
11,793,162 ops/s
29.8 % of CPU usage

Initiation:
100,000 ops
1,063,384,114 ns
10,633 ns/op
79.2 % of CPU usage
424 bytes per instance

Single-producer sending:
6,000,000 ops
777,992,490 ns
7,712,156 ops/s
42.4 % of CPU usage

Multi-producer sending:
6,000,000 ops
894,879,319 ns
6,704,814 ops/s
67.0 % of CPU usage

Max throughput:
12,000,000 ops
605,482,644 ns
19,818,900 ops/s
88.8 % of CPU usage

Ping latency:
1,500,000 ops
3,616,086,765 ns
280 ns/op at 0.0%'ile
437 ns/op at 50.0%'ile
1,943 ns/op at 90.0%'ile
62,719 ns/op at 99.0%'ile
200,703 ns/op at 99.9%'ile
333,823 ns/op at 99.99%'ile
577,535 ns/op at 99.999%'ile
1,171,455 ns/op at 100.0%'ile
36.6 % of CPU usage

Ping throughput 10K:
2,000,000 ops
1,672,598,895 ns
1,195,743 ops/s
42.0 % of CPU usage

Overflow throughput:
5,000,000 ops
568,785,911 ns
8,790,653 ops/s
52.7 % of CPU usage
Tests run: 9, Failures: 0, Errors: 0, Skipped: 0, Time elapsed: 18.501 sec - in com.github.plokhotnyuk.actors.AkkaSCONonBlockingBoundedActorSpec
Running com.github.plokhotnyuk.actors.AkkaSCOUnboundedActorSpec
Executor service type: lbq-thread-pool

Enqueueing:
10,000,000 ops
336,340,270 ns
29,731,795 ops/s
49.1 % of CPU usage
48 bytes per instance

Dequeueing:
10,000,000 ops
830,629,370 ns
12,039,063 ops/s
29.2 % of CPU usage

Initiation:
100,000 ops
1,045,428,323 ns
10,454 ns/op
80.1 % of CPU usage
424 bytes per instance

Single-producer sending:
6,000,000 ops
719,421,698 ns
8,340,032 ops/s
44.8 % of CPU usage

Multi-producer sending:
6,000,000 ops
705,496,683 ns
8,504,646 ops/s
50.3 % of CPU usage

Max throughput:
12,000,000 ops
572,718,557 ns
20,952,699 ops/s
90.8 % of CPU usage

Ping latency:
1,500,000 ops
3,149,982,325 ns
278 ns/op at 0.0%'ile
383 ns/op at 50.0%'ile
2,303 ns/op at 90.0%'ile
47,359 ns/op at 99.0%'ile
126,463 ns/op at 99.9%'ile
233,471 ns/op at 99.99%'ile
499,711 ns/op at 99.999%'ile
1,605,631 ns/op at 100.0%'ile
36.8 % of CPU usage

Ping throughput 10K:
2,000,000 ops
1,878,336,767 ns
1,064,771 ops/s
46.8 % of CPU usage
Tests run: 8, Failures: 0, Errors: 0, Skipped: 0, Time elapsed: 16.966 sec - in com.github.plokhotnyuk.actors.AkkaSCOUnboundedActorSpec
Running com.github.plokhotnyuk.actors.AkkaUnboundedActorSpec
Executor service type: lbq-thread-pool

Enqueueing:
10,000,000 ops
315,073,644 ns
31,738,611 ops/s
53.2 % of CPU usage
48 bytes per instance

Dequeueing:
10,000,000 ops
955,906,805 ns
10,461,270 ops/s
30.1 % of CPU usage

Initiation:
100,000 ops
1,099,874,220 ns
10,998 ns/op
77.1 % of CPU usage
424 bytes per instance

Single-producer sending:
6,000,000 ops
785,678,206 ns
7,636,714 ops/s
45.8 % of CPU usage

Multi-producer sending:
6,000,000 ops
921,655,351 ns
6,510,025 ops/s
68.9 % of CPU usage

Max throughput:
12,000,000 ops
666,768,183 ns
17,997,259 ops/s
92.6 % of CPU usage

Ping latency:
1,500,000 ops
3,927,723,956 ns
362 ns/op at 0.0%'ile
551 ns/op at 50.0%'ile
2,911 ns/op at 90.0%'ile
48,895 ns/op at 99.0%'ile
113,151 ns/op at 99.9%'ile
201,727 ns/op at 99.99%'ile
485,375 ns/op at 99.999%'ile
4,390,911 ns/op at 100.0%'ile
37.4 % of CPU usage

Ping throughput 10K:
2,000,000 ops
1,720,698,974 ns
1,162,318 ops/s
45.3 % of CPU usage
Tests run: 8, Failures: 0, Errors: 0, Skipped: 0, Time elapsed: 18.348 sec - in com.github.plokhotnyuk.actors.AkkaUnboundedActorSpec
Running com.github.plokhotnyuk.actors.LiftActorSpec
Executor service type: lbq-thread-pool

Enqueueing:
10,000,000 ops
376,838,936 ns
26,536,536 ops/s
26.5 % of CPU usage
24 bytes per instance

Dequeueing:
10,000,000 ops
442,087,574 ns
22,619,952 ops/s
31.1 % of CPU usage

Initiation:
10,000,000 ops
626,539,945 ns
62 ns/op
33.1 % of CPU usage
72 bytes per instance

Single-producer sending:
6,000,000 ops
820,960,348 ns
7,308,513 ops/s
56.9 % of CPU usage

Multi-producer sending:
6,000,000 ops
615,812,871 ns
9,743,219 ops/s
46.3 % of CPU usage

Max throughput:
12,000,000 ops
625,669,181 ns
19,179,464 ops/s
93.9 % of CPU usage

Ping latency:
1,500,000 ops
3,789,573,788 ns
520 ns/op at 0.0%'ile
899 ns/op at 50.0%'ile
3,455 ns/op at 90.0%'ile
43,775 ns/op at 99.0%'ile
148,479 ns/op at 99.9%'ile
323,583 ns/op at 99.99%'ile
774,143 ns/op at 99.999%'ile
8,028,159 ns/op at 100.0%'ile
42.1 % of CPU usage

Ping throughput 10K:
2,000,000 ops
1,189,989,351 ns
1,680,687 ops/s
35.1 % of CPU usage
Tests run: 8, Failures: 0, Errors: 0, Skipped: 0, Time elapsed: 15.837 sec - in com.github.plokhotnyuk.actors.LiftActorSpec
Running com.github.plokhotnyuk.actors.MinimalistActorSpec
Executor service type: lbq-thread-pool

Enqueueing:
40,000,000 ops
627,510,026 ns
63,744,001 ops/s
25.5 % of CPU usage
24 bytes per instance

Dequeueing:
40,000,000 ops
369,646,586 ns
108,211,468 ops/s
39.2 % of CPU usage

Initiation:
2,000,000 ops
712,964,844 ns
356 ns/op
56.8 % of CPU usage
45 bytes per instance

Single-producer sending:
15,000,000 ops
249,982,814 ns
60,004,124 ops/s
58.0 % of CPU usage

Multi-producer sending:
15,000,000 ops
380,511,839 ns
39,420,586 ops/s
97.2 % of CPU usage

Max throughput:
30,000,000 ops
281,580,896 ns
106,541,318 ops/s
93.2 % of CPU usage

Ping latency:
3,000,000 ops
1,419,218,158 ns
97 ns/op at 0.0%'ile
231 ns/op at 50.0%'ile
1,019 ns/op at 90.0%'ile
2,447 ns/op at 99.0%'ile
3,439 ns/op at 99.9%'ile
258,047 ns/op at 99.99%'ile
346,111 ns/op at 99.999%'ile
466,943 ns/op at 100.0%'ile
46.2 % of CPU usage

Ping throughput 10K:
6,000,000 ops
1,242,151,074 ns
4,830,330 ops/s
30.4 % of CPU usage
Tests run: 8, Failures: 0, Errors: 0, Skipped: 0, Time elapsed: 11.802 sec - in com.github.plokhotnyuk.actors.MinimalistActorSpec
Running com.github.plokhotnyuk.actors.ScalaActorSpec
Executor service type: lbq-thread-pool

Enqueueing:
20,000,000 ops
428,178,635 ns
46,709,476 ops/s
29.2 % of CPU usage
23 bytes per instance

Dequeueing:
300,000 ops
745,504,549 ns
402,412 ops/s
46.6 % of CPU usage

Initiation:
600,000 ops
645,556,090 ns
1,075 ns/op
69.7 % of CPU usage
259 bytes per instance

Single-producer sending:
300,000 ops
709,431,861 ns
422,873 ops/s
42.6 % of CPU usage

Multi-producer sending:
300,000 ops
687,499,258 ns
436,364 ops/s
39.3 % of CPU usage

Max throughput:
600,000 ops
1,040,502,958 ns
576,644 ops/s
33.6 % of CPU usage

Ping latency:
250,000 ops
947,030,747 ns
996 ns/op at 0.0%'ile
4,959 ns/op at 50.0%'ile
5,119 ns/op at 90.0%'ile
16,063 ns/op at 99.0%'ile
56,063 ns/op at 99.9%'ile
436,223 ns/op at 99.99%'ile
1,294,335 ns/op at 99.999%'ile
1,622,015 ns/op at 100.0%'ile
35.6 % of CPU usage

Ping throughput 10K:
400,000 ops
1,370,836,597 ns
291,792 ops/s
40.3 % of CPU usage
Tests run: 8, Failures: 0, Errors: 0, Skipped: 0, Time elapsed: 10.416 sec - in com.github.plokhotnyuk.actors.ScalaActorSpec
Running com.github.plokhotnyuk.actors.ScalazActorSpec
Executor service type: lbq-thread-pool

Enqueueing:
40,000,000 ops
627,210,331 ns
63,774,459 ops/s
25.5 % of CPU usage
24 bytes per instance

Dequeueing:
40,000,000 ops
201,287,510 ns
198,720,725 ops/s
44.7 % of CPU usage

Initiation:
10,000,000 ops
309,141,166 ns
30 ns/op
42.1 % of CPU usage
104 bytes per instance

Single-producer sending:
15,000,000 ops
371,429,427 ns
40,384,522 ops/s
53.8 % of CPU usage

Multi-producer sending:
15,000,000 ops
449,221,654 ns
33,391,088 ops/s
96.8 % of CPU usage

Max throughput:
30,000,000 ops
319,482,360 ns
93,901,898 ops/s
86.1 % of CPU usage

Ping latency:
3,000,000 ops
1,208,237,335 ns
127 ns/op at 0.0%'ile
229 ns/op at 50.0%'ile
763 ns/op at 90.0%'ile
2,095 ns/op at 99.0%'ile
2,847 ns/op at 99.9%'ile
7,551 ns/op at 99.99%'ile
333,823 ns/op at 99.999%'ile
1,654,783 ns/op at 100.0%'ile
48.4 % of CPU usage

Ping throughput 10K:
6,000,000 ops
1,537,543,567 ns
3,902,328 ops/s
30.4 % of CPU usage
Tests run: 8, Failures: 0, Errors: 0, Skipped: 0, Time elapsed: 15.302 sec - in com.github.plokhotnyuk.actors.ScalazActorSpec

Results :

Tests run: 83, Failures: 0, Errors: 0, Skipped: 0

[INFO] ------------------------------------------------------------------------
[INFO] BUILD SUCCESS
[INFO] ------------------------------------------------------------------------
[INFO] Total time: 03:01 min
[INFO] Finished at: 2016-02-19T19:11:49+01:00
[INFO] Final Memory: 9M/1024M
[INFO] ------------------------------------------------------------------------
