[INFO] Scanning for projects...
[INFO]                                                                         
[INFO] ------------------------------------------------------------------------
[INFO] Building Actors 1.0-SNAPSHOT
[INFO] ------------------------------------------------------------------------
[INFO] 
[INFO] --- maven-clean-plugin:2.5:clean (default-clean) @ actors ---
[INFO] Deleting C:\Users\Andriy\Projects\com\github\plokhotnyuk\actors\target
[INFO] 
[INFO] --- maven-resources-plugin:2.6:resources (default-resources) @ actors ---
[INFO] Using 'UTF-8' encoding to copy filtered resources.
[INFO] skip non existing resourceDirectory C:\Users\Andriy\Projects\com\github\plokhotnyuk\actors\src\main\resources
[INFO] 
[INFO] --- maven-resources-plugin:2.6:testResources (default-testResources) @ actors ---
[INFO] Using 'UTF-8' encoding to copy filtered resources.
[INFO] skip non existing resourceDirectory C:\Users\Andriy\Projects\com\github\plokhotnyuk\actors\src\test\resources
[INFO] 
[INFO] --- scala-maven-plugin:3.1.6:testCompile (testCompile) @ actors ---
[WARNING]  Expected all dependencies to require Scala version: 2.11.4
[WARNING]  com.github.plokhotnyuk.actors:actors:1.0-SNAPSHOT requires scala version: 2.11.4
[WARNING]  com.typesafe.akka:akka-actor_2.11:2.3.8 requires scala version: 2.11.4
[WARNING]  net.liftweb:lift-actor_2.11:3.0-M2 requires scala version: 2.11.2
[WARNING] Multiple versions of scala libraries detected!
[INFO] C:\Users\Andriy\Projects\com\github\plokhotnyuk\actors\src\test\scala:-1: info: compiling
[INFO] Compiling 17 source files to C:\Users\Andriy\Projects\com\github\plokhotnyuk\actors\target\test-classes at 1419755129242
[WARNING] C:\Users\Andriy\Projects\com\github\plokhotnyuk\actors\src\test\scala\com\github\gist\viktorklang\Actor.scala:39: warning: This catches all Throwables. If this is really intended, use `case t : Throwable` to clear this warning.
[WARNING]           try e.execute(this) catch { case t => on.set(0); throw t } // Schedule to run on the Executor and back out on failure
[WARNING]                                            ^
[WARNING] C:\Users\Andriy\Projects\com\github\plokhotnyuk\actors\src\test\scala\com\github\plokhotnyuk\actors\ScalaActorSpec.scala:9: warning: trait SchedulerAdapter in package actors is deprecated: Use the akka.actor package instead. For migration from the scala.actors package refer to the Actors Migration Guide.
[WARNING]   val customScheduler = new SchedulerAdapter {
[WARNING]                             ^
[WARNING] C:\Users\Andriy\Projects\com\github\plokhotnyuk\actors\src\test\scala\com\github\plokhotnyuk\actors\ScalaActorSpec.scala:53: warning: trait Actor in package actors is deprecated: Use the akka.actor package instead. For migration from the scala.actors package refer to the Actors Migration Guide.
[WARNING]     footprintedAndTimedCollect(600000)(() => new Actor {
[WARNING]                                                  ^
[WARNING] C:\Users\Andriy\Projects\com\github\plokhotnyuk\actors\src\test\scala\com\github\plokhotnyuk\actors\ScalaActorSpec.scala:126: warning: trait Actor in package actors is deprecated: Use the akka.actor package instead. For migration from the scala.actors package refer to the Actors Migration Guide.
[WARNING]   private def replayAndCountActor(l: CountDownLatch, n: Int): Actor =
[WARNING]                                                               ^
[WARNING] C:\Users\Andriy\Projects\com\github\plokhotnyuk\actors\src\test\scala\com\github\plokhotnyuk\actors\ScalaActorSpec.scala:127: warning: trait Actor in package actors is deprecated: Use the akka.actor package instead. For migration from the scala.actors package refer to the Actors Migration Guide.
[WARNING]     new Actor {
[WARNING]         ^
[WARNING] C:\Users\Andriy\Projects\com\github\plokhotnyuk\actors\src\test\scala\com\github\plokhotnyuk\actors\ScalaActorSpec.scala:141: warning: trait IScheduler in package actors is deprecated: Use the akka.actor package instead. For migration from the scala.actors package refer to the Actors Migration Guide.
[WARNING]       override def scheduler: IScheduler = customScheduler
[WARNING]                               ^
[WARNING] C:\Users\Andriy\Projects\com\github\plokhotnyuk\actors\src\test\scala\com\github\plokhotnyuk\actors\ScalaActorSpec.scala:144: warning: trait Actor in package actors is deprecated: Use the akka.actor package instead. For migration from the scala.actors package refer to the Actors Migration Guide.
[WARNING]   private def blockableCountActor(l1: CountDownLatch, l2: CountDownLatch, n: Int): Actor =
[WARNING]                                                                                    ^
[WARNING] C:\Users\Andriy\Projects\com\github\plokhotnyuk\actors\src\test\scala\com\github\plokhotnyuk\actors\ScalaActorSpec.scala:145: warning: trait Actor in package actors is deprecated: Use the akka.actor package instead. For migration from the scala.actors package refer to the Actors Migration Guide.
[WARNING]     new Actor {
[WARNING]         ^
[WARNING] C:\Users\Andriy\Projects\com\github\plokhotnyuk\actors\src\test\scala\com\github\plokhotnyuk\actors\ScalaActorSpec.scala:164: warning: trait IScheduler in package actors is deprecated: Use the akka.actor package instead. For migration from the scala.actors package refer to the Actors Migration Guide.
[WARNING]       override def scheduler: IScheduler = customScheduler
[WARNING]                               ^
[WARNING] C:\Users\Andriy\Projects\com\github\plokhotnyuk\actors\src\test\scala\com\github\plokhotnyuk\actors\ScalaActorSpec.scala:167: warning: trait Actor in package actors is deprecated: Use the akka.actor package instead. For migration from the scala.actors package refer to the Actors Migration Guide.
[WARNING]   private def countActor(l: CountDownLatch, n: Int): Actor =
[WARNING]                                                      ^
[WARNING] C:\Users\Andriy\Projects\com\github\plokhotnyuk\actors\src\test\scala\com\github\plokhotnyuk\actors\ScalaActorSpec.scala:168: warning: trait Actor in package actors is deprecated: Use the akka.actor package instead. For migration from the scala.actors package refer to the Actors Migration Guide.
[WARNING]     new Actor {
[WARNING]         ^
[WARNING] C:\Users\Andriy\Projects\com\github\plokhotnyuk\actors\src\test\scala\com\github\plokhotnyuk\actors\ScalaActorSpec.scala:181: warning: trait IScheduler in package actors is deprecated: Use the akka.actor package instead. For migration from the scala.actors package refer to the Actors Migration Guide.
[WARNING]       override def scheduler: IScheduler = customScheduler
[WARNING]                               ^
[WARNING] C:\Users\Andriy\Projects\com\github\plokhotnyuk\actors\src\test\scala\com\github\plokhotnyuk\actors\ScalaActorSpec.scala:184: warning: trait Actor in package actors is deprecated: Use the akka.actor package instead. For migration from the scala.actors package refer to the Actors Migration Guide.
[WARNING]   private def sendMessages(a: Actor, n: Int): Unit = {
[WARNING]                               ^
[WARNING] 13 warnings found
[INFO] prepare-compile in 0 s
[INFO] compile in 14 s
[INFO] ------------------------------------------------------------------------
[INFO] BUILD SUCCESS
[INFO] ------------------------------------------------------------------------
[INFO] Total time: 15.413s
[INFO] Finished at: Sun Dec 28 10:25:43 EET 2014
[INFO] Final Memory: 15M/1024M
[INFO] ------------------------------------------------------------------------
[INFO] Scanning for projects...
[INFO]                                                                         
[INFO] ------------------------------------------------------------------------
[INFO] Building Actors 1.0-SNAPSHOT
[INFO] ------------------------------------------------------------------------
[INFO] 
[INFO] --- maven-resources-plugin:2.6:resources (default-resources) @ actors ---
[INFO] Using 'UTF-8' encoding to copy filtered resources.
[INFO] skip non existing resourceDirectory C:\Users\Andriy\Projects\com\github\plokhotnyuk\actors\src\main\resources
[INFO] 
[INFO] --- maven-resources-plugin:2.6:testResources (default-testResources) @ actors ---
[INFO] Using 'UTF-8' encoding to copy filtered resources.
[INFO] skip non existing resourceDirectory C:\Users\Andriy\Projects\com\github\plokhotnyuk\actors\src\test\resources
[INFO] 
[INFO] --- scala-maven-plugin:3.1.6:testCompile (testCompile) @ actors ---
[WARNING]  Expected all dependencies to require Scala version: 2.11.4
[WARNING]  com.github.plokhotnyuk.actors:actors:1.0-SNAPSHOT requires scala version: 2.11.4
[WARNING]  com.typesafe.akka:akka-actor_2.11:2.3.8 requires scala version: 2.11.4
[WARNING]  net.liftweb:lift-actor_2.11:3.0-M2 requires scala version: 2.11.2
[WARNING] Multiple versions of scala libraries detected!
[INFO] Nothing to compile - all classes are up to date
[INFO] 
[INFO] --- maven-surefire-plugin:2.16:test (default-test) @ actors ---
[INFO] Surefire report directory: C:\Users\Andriy\Projects\com\github\plokhotnyuk\actors\target\surefire-reports

-------------------------------------------------------
 T E S T S
-------------------------------------------------------

-------------------------------------------------------
 T E S T S
-------------------------------------------------------
Running com.github.plokhotnyuk.actors.AkkaActorSpec
Executor service type: akka-forkjoin-pool

Enqueueing:
10,000,000 ops
340,344,808 ns
29,381,967 ops/s
32.1 % of CPU usage
48 bytes per instance

Dequeueing:
10,000,000 ops
757,718,340 ns
13,197,516 ops/s
31.4 % of CPU usage

Initiation:
100,000 ops
843,104,094 ns
8,431 ns/op
80.5 % of CPU usage
428 bytes per instance

Single-producer sending:
6,000,000 ops
668,053,640 ns
8,981,314 ops/s
42.6 % of CPU usage

Multi-producer sending:
6,000,000 ops
792,067,199 ns
7,575,114 ops/s
68.4 % of CPU usage

Max throughput:
12,000,000 ops
635,675,281 ns
18,877,562 ops/s
95.7 % of CPU usage

Ping latency:
1,500,000 ops
498,379,177 ns
332 ns/op
96.3 % of CPU usage

Ping throughput 10K:
2,000,000 ops
334,609,613 ns
5,977,114 ops/s
97.9 % of CPU usage
Tests run: 8, Failures: 0, Errors: 0, Skipped: 0, Time elapsed: 16.443 sec - in com.github.plokhotnyuk.actors.AkkaActorSpec
Running com.github.plokhotnyuk.actors.AkkaBalanceableActorSpec
Executor service type: akka-forkjoin-pool

Enqueueing:
10,000,000 ops
323,463,608 ns
30,915,378 ops/s
27.7 % of CPU usage
48 bytes per instance

Dequeueing:
10,000,000 ops
576,081,594 ns
17,358,652 ops/s
30.5 % of CPU usage

Initiation:
100,000 ops
900,936,573 ns
9,009 ns/op
74.5 % of CPU usage
424 bytes per instance

Single-producer sending:
6,000,000 ops
545,048,790 ns
11,008,188 ops/s
42.9 % of CPU usage

Multi-producer sending:
6,000,000 ops
744,489,675 ns
8,059,211 ops/s
66.0 % of CPU usage

Max throughput:
12,000,000 ops
560,056,989 ns
21,426,390 ops/s
91.2 % of CPU usage

Ping latency:
1,500,000 ops
436,601,298 ns
291 ns/op
100.0 % of CPU usage

Ping throughput 10K:
2,000,000 ops
319,450,035 ns
6,260,759 ops/s
97.7 % of CPU usage
Tests run: 8, Failures: 0, Errors: 0, Skipped: 0, Time elapsed: 16.115 sec - in com.github.plokhotnyuk.actors.AkkaBalanceableActorSpec
Running com.github.plokhotnyuk.actors.AkkaBoundedActorSpec
Executor service type: akka-forkjoin-pool

Enqueueing:
10,000,000 ops
664,323,033 ns
15,052,917 ops/s
28.2 % of CPU usage
48 bytes per instance

Dequeueing:
10,000,000 ops
829,071,248 ns
12,061,689 ops/s
29.6 % of CPU usage

Initiation:
100,000 ops
896,642,600 ns
8,966 ns/op
76.6 % of CPU usage
608 bytes per instance

Single-producer sending:
6,000,000 ops
985,059,610 ns
6,091,001 ops/s
51.1 % of CPU usage

Multi-producer sending:
6,000,000 ops
1,398,498,373 ns
4,290,316 ops/s
92.3 % of CPU usage

Max throughput:
12,000,000 ops
1,074,783,322 ns
11,165,041 ops/s
89.6 % of CPU usage

Ping latency:
1,500,000 ops
571,343,012 ns
380 ns/op
97.6 % of CPU usage

Ping throughput 10K:
2,000,000 ops
390,014,888 ns
5,128,009 ops/s
100.0 % of CPU usage

Overflow throughput:
5,000,000 ops
561,019,514 ns
8,912,345 ops/s
29.9 % of CPU usage
Tests run: 9, Failures: 0, Errors: 0, Skipped: 0, Time elapsed: 20.997 sec - in com.github.plokhotnyuk.actors.AkkaBoundedActorSpec
Running com.github.plokhotnyuk.actors.AkkaNonBalanceableActorSpec
Executor service type: akka-forkjoin-pool

Enqueueing:
10,000,000 ops
291,438,590 ns
34,312,545 ops/s
29.4 % of CPU usage
48 bytes per instance

Dequeueing:
10,000,000 ops
572,234,795 ns
17,475,344 ops/s
30.0 % of CPU usage

Initiation:
100,000 ops
919,392,048 ns
9,193 ns/op
79.7 % of CPU usage
444 bytes per instance

Single-producer sending:
6,000,000 ops
499,743,058 ns
12,006,169 ops/s
41.4 % of CPU usage

Multi-producer sending:
6,000,000 ops
714,884,164 ns
8,392,968 ops/s
67.1 % of CPU usage

Max throughput:
12,000,000 ops
559,039,851 ns
21,465,374 ops/s
88.6 % of CPU usage

Ping latency:
1,500,000 ops
415,721,553 ns
277 ns/op
97.6 % of CPU usage

Ping throughput 10K:
2,000,000 ops
313,118,118 ns
6,387,365 ops/s
99.6 % of CPU usage
Tests run: 8, Failures: 0, Errors: 0, Skipped: 0, Time elapsed: 15.741 sec - in com.github.plokhotnyuk.actors.AkkaNonBalanceableActorSpec
Running com.github.plokhotnyuk.actors.AkkaNonBlockingBoundedActorSpec
Executor service type: akka-forkjoin-pool

Enqueueing:
10,000,000 ops
387,010,390 ns
25,839,099 ops/s
44.3 % of CPU usage
48 bytes per instance

Dequeueing:
10,000,000 ops
589,004,201 ns
16,977,807 ops/s
27.1 % of CPU usage

Initiation:
100,000 ops
879,716,682 ns
8,797 ns/op
76.3 % of CPU usage
440 bytes per instance

Single-producer sending:
6,000,000 ops
575,425,494 ns
10,427,066 ops/s
42.0 % of CPU usage

Multi-producer sending:
6,000,000 ops
848,294,249 ns
7,073,017 ops/s
69.9 % of CPU usage

Max throughput:
12,000,000 ops
568,269,603 ns
21,116,737 ops/s
96.8 % of CPU usage

Ping latency:
1,500,000 ops
431,243,636 ns
287 ns/op
97.7 % of CPU usage

Ping throughput 10K:
2,000,000 ops
493,294,583 ns
4,054,372 ops/s
95.7 % of CPU usage

Overflow throughput:
5,000,000 ops
552,492,044 ns
9,049,904 ops/s
26.1 % of CPU usage
Tests run: 9, Failures: 0, Errors: 0, Skipped: 0, Time elapsed: 17.597 sec - in com.github.plokhotnyuk.actors.AkkaNonBlockingBoundedActorSpec
Running com.github.plokhotnyuk.actors.LiftActorSpec
Executor service type: akka-forkjoin-pool

Enqueueing:
10,000,000 ops
405,070,737 ns
24,687,046 ops/s
25.0 % of CPU usage
24 bytes per instance

Dequeueing:
10,000,000 ops
402,129,649 ns
24,867,601 ops/s
28.1 % of CPU usage

Initiation:
10,000,000 ops
708,370,445 ns
70 ns/op
35.8 % of CPU usage
72 bytes per instance

Single-producer sending:
6,000,000 ops
512,414,588 ns
11,709,268 ops/s
48.7 % of CPU usage

Multi-producer sending:
6,000,000 ops
765,648,722 ns
7,836,491 ops/s
67.7 % of CPU usage

Max throughput:
12,000,000 ops
518,421,020 ns
23,147,209 ops/s
83.5 % of CPU usage

Ping latency:
1,500,000 ops
1,210,292,562 ns
806 ns/op
98.3 % of CPU usage

Ping throughput 10K:
2,000,000 ops
397,846,672 ns
5,027,062 ops/s
89.2 % of CPU usage
Tests run: 8, Failures: 0, Errors: 0, Skipped: 0, Time elapsed: 15.07 sec - in com.github.plokhotnyuk.actors.LiftActorSpec
Running com.github.plokhotnyuk.actors.MinimalistActorSpec
Executor service type: akka-forkjoin-pool

Enqueueing:
10,000,000 ops
292,261,464 ns
34,215,937 ops/s
25.4 % of CPU usage
24 bytes per instance

Dequeueing:
2,000,000 ops
222,205,728 ns
9,000,668 ops/s
98.3 % of CPU usage

Initiation:
2,000,000 ops
3,461,681,552 ns
1,730 ns/op
96.8 % of CPU usage
152 bytes per instance

Single-producer sending:
3,000,000 ops
2,307,530,271 ns
1,300,091 ops/s
97.9 % of CPU usage

Multi-producer sending:
3,000,000 ops
1,569,843,144 ns
1,911,018 ops/s
96.1 % of CPU usage

Max throughput:
6,000,000 ops
2,333,633,527 ns
2,571,097 ops/s
98.6 % of CPU usage

Ping latency:
2,000,000 ops
355,733,839 ns
177 ns/op
85.5 % of CPU usage

Ping throughput 10K:
4,000,000 ops
385,170,744 ns
10,385,004 ops/s
91.1 % of CPU usage
Tests run: 8, Failures: 0, Errors: 0, Skipped: 0, Time elapsed: 18.174 sec - in com.github.plokhotnyuk.actors.MinimalistActorSpec
Running com.github.plokhotnyuk.actors.ScalaActorSpec
Executor service type: akka-forkjoin-pool

Enqueueing:
40,000,000 ops
1,071,577,595 ns
37,328,141 ops/s
25.1 % of CPU usage
24 bytes per instance

Dequeueing:
600,000 ops
1,110,164,348 ns
540,460 ops/s
97.0 % of CPU usage

Initiation:
600,000 ops
606,745,296 ns
1,011 ns/op
84.2 % of CPU usage
228 bytes per instance

Single-producer sending:
300,000 ops
766,973,017 ns
391,148 ops/s
98.1 % of CPU usage

Multi-producer sending:
300,000 ops
609,075,368 ns
492,549 ops/s
93.5 % of CPU usage

Max throughput:
600,000 ops
932,788,587 ns
643,232 ops/s
94.9 % of CPU usage

Ping latency:
250,000 ops
697,586,944 ns
2,790 ns/op
97.8 % of CPU usage

Ping throughput 10K:
400,000 ops
532,294,423 ns
751,463 ops/s
96.0 % of CPU usage
Tests run: 8, Failures: 0, Errors: 0, Skipped: 0, Time elapsed: 16.629 sec - in com.github.plokhotnyuk.actors.ScalaActorSpec
Running com.github.plokhotnyuk.actors.ScalazActorSpec
Executor service type: akka-forkjoin-pool

Enqueueing:
40,000,000 ops
699,387,004 ns
57,192,941 ops/s
25.1 % of CPU usage
24 bytes per instance

Dequeueing:
40,000,000 ops
200,143,902 ns
199,856,201 ops/s
39.0 % of CPU usage

Initiation:
10,000,000 ops
315,650,151 ns
31 ns/op
54.4 % of CPU usage
104 bytes per instance

Single-producer sending:
16,000,000 ops
541,716,607 ns
29,535,738 ops/s
80.6 % of CPU usage

Multi-producer sending:
16,000,000 ops
960,144,298 ns
16,664,161 ops/s
97.1 % of CPU usage

Max throughput:
32,000,000 ops
658,494,004 ns
48,595,734 ops/s
92.4 % of CPU usage

Ping latency:
3,200,000 ops
1,228,609,119 ns
383 ns/op
92.4 % of CPU usage

Ping throughput 10K:
8,000,000 ops
1,707,685,755 ns
4,684,702 ops/s
99.8 % of CPU usage
Tests run: 8, Failures: 0, Errors: 0, Skipped: 0, Time elapsed: 22.402 sec - in com.github.plokhotnyuk.actors.ScalazActorSpec
Running com.github.plokhotnyuk.actors.ScalazBoundedActor2Spec
Executor service type: akka-forkjoin-pool

Enqueueing:
40,000,000 ops
723,063,057 ns
55,320,209 ops/s
25.4 % of CPU usage
24 bytes per instance

Dequeueing:
40,000,000 ops
194,575,114 ns
205,576,135 ops/s
40.1 % of CPU usage

Initiation:
10,000,000 ops
233,639,098 ns
23 ns/op
68.4 % of CPU usage
56 bytes per instance

Single-producer sending:
16,000,000 ops
1,329,612,622 ns
12,033,580 ops/s
96.5 % of CPU usage

Multi-producer sending:
16,000,000 ops
1,052,244,998 ns
15,205,584 ops/s
95.3 % of CPU usage

Max throughput:
32,000,000 ops
1,306,592,304 ns
24,491,189 ops/s
94.9 % of CPU usage

Ping latency:
3,200,000 ops
584,971,935 ns
182 ns/op
84.7 % of CPU usage

Ping throughput 10K:
8,000,000 ops
982,317,184 ns
8,144,009 ops/s
96.5 % of CPU usage

Overflow throughput:
100,000,000 ops
761,324,325 ns
131,350,065 ops/s
24.6 % of CPU usage
Tests run: 9, Failures: 0, Errors: 0, Skipped: 0, Time elapsed: 20.077 sec - in com.github.plokhotnyuk.actors.ScalazBoundedActor2Spec
Running com.github.plokhotnyuk.actors.ScalazUnboundedActor2Spec
Executor service type: akka-forkjoin-pool

Enqueueing:
40,000,000 ops
747,577,744 ns
53,506,140 ops/s
25.0 % of CPU usage
24 bytes per instance

Dequeueing:
40,000,000 ops
158,769,274 ns
251,937,915 ops/s
41.8 % of CPU usage

Initiation:
10,000,000 ops
228,224,623 ns
22 ns/op
59.8 % of CPU usage
48 bytes per instance

Single-producer sending:
16,000,000 ops
756,092,751 ns
21,161,424 ops/s
90.8 % of CPU usage

Multi-producer sending:
16,000,000 ops
984,341,565 ns
16,254,520 ops/s
96.3 % of CPU usage

Max throughput:
32,000,000 ops
844,454,048 ns
37,894,305 ops/s
95.6 % of CPU usage

Ping latency:
3,200,000 ops
461,231,078 ns
144 ns/op
94.7 % of CPU usage

Ping throughput 10K:
8,000,000 ops
983,718,453 ns
8,132,408 ops/s
96.3 % of CPU usage
Tests run: 8, Failures: 0, Errors: 0, Skipped: 0, Time elapsed: 17.316 sec - in com.github.plokhotnyuk.actors.ScalazUnboundedActor2Spec

Results :

Tests run: 91, Failures: 0, Errors: 0, Skipped: 0

[INFO] ------------------------------------------------------------------------
[INFO] BUILD SUCCESS
[INFO] ------------------------------------------------------------------------
[INFO] Total time: 3:32.113s
[INFO] Finished at: Sun Dec 28 10:29:16 EET 2014
[INFO] Final Memory: 20M/1024M
[INFO] ------------------------------------------------------------------------
[INFO] Scanning for projects...
[INFO]                                                                         
[INFO] ------------------------------------------------------------------------
[INFO] Building Actors 1.0-SNAPSHOT
[INFO] ------------------------------------------------------------------------
[INFO] 
[INFO] --- maven-resources-plugin:2.6:resources (default-resources) @ actors ---
[INFO] Using 'UTF-8' encoding to copy filtered resources.
[INFO] skip non existing resourceDirectory C:\Users\Andriy\Projects\com\github\plokhotnyuk\actors\src\main\resources
[INFO] 
[INFO] --- maven-resources-plugin:2.6:testResources (default-testResources) @ actors ---
[INFO] Using 'UTF-8' encoding to copy filtered resources.
[INFO] skip non existing resourceDirectory C:\Users\Andriy\Projects\com\github\plokhotnyuk\actors\src\test\resources
[INFO] 
[INFO] --- scala-maven-plugin:3.1.6:testCompile (testCompile) @ actors ---
[WARNING]  Expected all dependencies to require Scala version: 2.11.4
[WARNING]  com.github.plokhotnyuk.actors:actors:1.0-SNAPSHOT requires scala version: 2.11.4
[WARNING]  com.typesafe.akka:akka-actor_2.11:2.3.8 requires scala version: 2.11.4
[WARNING]  net.liftweb:lift-actor_2.11:3.0-M2 requires scala version: 2.11.2
[WARNING] Multiple versions of scala libraries detected!
[INFO] Nothing to compile - all classes are up to date
[INFO] 
[INFO] --- maven-surefire-plugin:2.16:test (default-test) @ actors ---
[INFO] Surefire report directory: C:\Users\Andriy\Projects\com\github\plokhotnyuk\actors\target\surefire-reports

-------------------------------------------------------
 T E S T S
-------------------------------------------------------

-------------------------------------------------------
 T E S T S
-------------------------------------------------------
Running com.github.plokhotnyuk.actors.AkkaActorSpec
Executor service type: scala-forkjoin-pool

Enqueueing:
10,000,000 ops
335,686,131 ns
29,789,732 ops/s
30.2 % of CPU usage
48 bytes per instance

Dequeueing:
10,000,000 ops
721,419,141 ns
13,861,567 ops/s
28.7 % of CPU usage

Initiation:
100,000 ops
902,862,356 ns
9,028 ns/op
81.2 % of CPU usage
424 bytes per instance

Single-producer sending:
6,000,000 ops
606,591,717 ns
9,891,331 ops/s
46.9 % of CPU usage

Multi-producer sending:
6,000,000 ops
802,456,674 ns
7,477,039 ops/s
66.1 % of CPU usage

Max throughput:
12,000,000 ops
697,024,311 ns
17,216,042 ops/s
86.7 % of CPU usage

Ping latency:
1,500,000 ops
2,024,412,790 ns
1,349 ns/op
99.4 % of CPU usage

Ping throughput 10K:
2,000,000 ops
668,601,613 ns
2,991,317 ops/s
98.6 % of CPU usage
Tests run: 8, Failures: 0, Errors: 0, Skipped: 0, Time elapsed: 18.252 sec - in com.github.plokhotnyuk.actors.AkkaActorSpec
Running com.github.plokhotnyuk.actors.AkkaBalanceableActorSpec
Executor service type: scala-forkjoin-pool

Enqueueing:
10,000,000 ops
296,607,119 ns
33,714,632 ops/s
30.2 % of CPU usage
48 bytes per instance

Dequeueing:
10,000,000 ops
586,079,974 ns
17,062,517 ops/s
29.3 % of CPU usage

Initiation:
100,000 ops
859,439,155 ns
8,594 ns/op
81.7 % of CPU usage
448 bytes per instance

Single-producer sending:
6,000,000 ops
547,825,303 ns
10,952,396 ops/s
40.6 % of CPU usage

Multi-producer sending:
6,000,000 ops
748,017,221 ns
8,021,205 ops/s
65.2 % of CPU usage

Max throughput:
12,000,000 ops
719,313,022 ns
16,682,584 ops/s
85.7 % of CPU usage

Ping latency:
1,500,000 ops
967,505,082 ns
645 ns/op
100.0 % of CPU usage

Ping throughput 10K:
2,000,000 ops
826,254,049 ns
2,420,563 ops/s
99.6 % of CPU usage
Tests run: 8, Failures: 0, Errors: 0, Skipped: 0, Time elapsed: 17.175 sec - in com.github.plokhotnyuk.actors.AkkaBalanceableActorSpec
Running com.github.plokhotnyuk.actors.AkkaBoundedActorSpec
Executor service type: scala-forkjoin-pool

Enqueueing:
10,000,000 ops
563,073,584 ns
17,759,668 ops/s
28.4 % of CPU usage
48 bytes per instance

Dequeueing:
10,000,000 ops
796,990,150 ns
12,547,206 ops/s
30.3 % of CPU usage

Initiation:
100,000 ops
932,777,591 ns
9,327 ns/op
78.2 % of CPU usage
616 bytes per instance

Single-producer sending:
6,000,000 ops
855,726,875 ns
7,011,582 ops/s
46.0 % of CPU usage

Multi-producer sending:
6,000,000 ops
1,058,337,933 ns
5,669,266 ops/s
73.0 % of CPU usage

Max throughput:
12,000,000 ops
1,042,455,545 ns
11,511,282 ops/s
95.8 % of CPU usage

Ping latency:
1,500,000 ops
1,774,723,064 ns
1,183 ns/op
99.1 % of CPU usage

Ping throughput 10K:
2,000,000 ops
816,877,315 ns
2,448,348 ops/s
99.3 % of CPU usage

Overflow throughput:
5,000,000 ops
604,441,981 ns
8,272,092 ops/s
43.9 % of CPU usage
Tests run: 9, Failures: 0, Errors: 0, Skipped: 0, Time elapsed: 21.357 sec - in com.github.plokhotnyuk.actors.AkkaBoundedActorSpec
Running com.github.plokhotnyuk.actors.AkkaNonBalanceableActorSpec
Executor service type: scala-forkjoin-pool

Enqueueing:
10,000,000 ops
278,178,402 ns
35,948,153 ops/s
30.8 % of CPU usage
48 bytes per instance

Dequeueing:
10,000,000 ops
572,042,729 ns
17,481,211 ops/s
28.0 % of CPU usage

Initiation:
100,000 ops
938,025,293 ns
9,380 ns/op
76.9 % of CPU usage
424 bytes per instance

Single-producer sending:
6,000,000 ops
519,054,761 ns
11,559,473 ops/s
41.3 % of CPU usage

Multi-producer sending:
6,000,000 ops
707,453,371 ns
8,481,124 ops/s
64.5 % of CPU usage

Max throughput:
12,000,000 ops
502,118,947 ns
23,898,719 ops/s
94.0 % of CPU usage

Ping latency:
1,500,000 ops
897,749,906 ns
598 ns/op
96.9 % of CPU usage

Ping throughput 10K:
2,000,000 ops
1,004,717,690 ns
1,990,608 ops/s
99.4 % of CPU usage
Tests run: 8, Failures: 0, Errors: 0, Skipped: 0, Time elapsed: 17.004 sec - in com.github.plokhotnyuk.actors.AkkaNonBalanceableActorSpec
Running com.github.plokhotnyuk.actors.AkkaNonBlockingBoundedActorSpec
Executor service type: scala-forkjoin-pool

Enqueueing:
10,000,000 ops
291,488,438 ns
34,306,678 ops/s
29.4 % of CPU usage
48 bytes per instance

Dequeueing:
10,000,000 ops
581,722,590 ns
17,190,324 ops/s
28.2 % of CPU usage

Initiation:
100,000 ops
899,302,921 ns
8,993 ns/op
77.2 % of CPU usage
424 bytes per instance

Single-producer sending:
6,000,000 ops
528,980,933 ns
11,342,563 ops/s
41.3 % of CPU usage

Multi-producer sending:
6,000,000 ops
878,855,321 ns
6,827,062 ops/s
70.6 % of CPU usage

Max throughput:
12,000,000 ops
624,889,214 ns
19,203,403 ops/s
98.0 % of CPU usage

Ping latency:
1,500,000 ops
873,948,865 ns
582 ns/op
98.2 % of CPU usage

Ping throughput 10K:
2,000,000 ops
976,577,957 ns
2,047,967 ops/s
98.6 % of CPU usage

Overflow throughput:
5,000,000 ops
425,217,045 ns
11,758,700 ops/s
29.3 % of CPU usage
Tests run: 9, Failures: 0, Errors: 0, Skipped: 0, Time elapsed: 18.58 sec - in com.github.plokhotnyuk.actors.AkkaNonBlockingBoundedActorSpec
Running com.github.plokhotnyuk.actors.LiftActorSpec
Executor service type: scala-forkjoin-pool

Enqueueing:
10,000,000 ops
454,138,966 ns
22,019,691 ops/s
26.6 % of CPU usage
24 bytes per instance

Dequeueing:
10,000,000 ops
448,627,724 ns
22,290,196 ops/s
27.8 % of CPU usage

Initiation:
10,000,000 ops
700,398,278 ns
70 ns/op
30.6 % of CPU usage
72 bytes per instance

Single-producer sending:
6,000,000 ops
687,656,374 ns
8,725,288 ops/s
48.8 % of CPU usage

Multi-producer sending:
6,000,000 ops
829,663,937 ns
7,231,843 ops/s
67.7 % of CPU usage

Max throughput:
12,000,000 ops
595,064,515 ns
20,165,880 ops/s
87.8 % of CPU usage

Ping latency:
1,500,000 ops
1,571,551,937 ns
1,047 ns/op
96.3 % of CPU usage

Ping throughput 10K:
2,000,000 ops
751,853,758 ns
2,660,091 ops/s
94.9 % of CPU usage
Tests run: 8, Failures: 0, Errors: 0, Skipped: 0, Time elapsed: 16.708 sec - in com.github.plokhotnyuk.actors.LiftActorSpec
Running com.github.plokhotnyuk.actors.MinimalistActorSpec
Executor service type: scala-forkjoin-pool

Enqueueing:
10,000,000 ops
295,247,269 ns
33,869,915 ops/s
25.1 % of CPU usage
24 bytes per instance

Dequeueing:
2,000,000 ops
1,143,374,378 ns
1,749,208 ops/s
98.9 % of CPU usage

Initiation:
2,000,000 ops
3,868,680,638 ns
1,934 ns/op
96.9 % of CPU usage
152 bytes per instance

Single-producer sending:
3,000,000 ops
3,006,843,601 ns
997,723 ops/s
96.2 % of CPU usage

Multi-producer sending:
3,000,000 ops
1,547,625,540 ns
1,938,453 ops/s
97.3 % of CPU usage

Max throughput:
6,000,000 ops
2,887,696,179 ns
2,077,780 ops/s
98.6 % of CPU usage

Ping latency:
2,000,000 ops
994,765,861 ns
497 ns/op
98.4 % of CPU usage

Ping throughput 10K:
4,000,000 ops
1,530,077,611 ns
2,614,246 ops/s
96.9 % of CPU usage
Tests run: 8, Failures: 0, Errors: 0, Skipped: 0, Time elapsed: 26.707 sec - in com.github.plokhotnyuk.actors.MinimalistActorSpec
Running com.github.plokhotnyuk.actors.ScalaActorSpec
Executor service type: scala-forkjoin-pool

Enqueueing:
40,000,000 ops
1,086,590,193 ns
36,812,406 ops/s
25.5 % of CPU usage
24 bytes per instance

Dequeueing:
600,000 ops
1,348,325,771 ns
444,996 ops/s
97.5 % of CPU usage

Initiation:
600,000 ops
575,678,037 ns
959 ns/op
84.7 % of CPU usage
224 bytes per instance

Single-producer sending:
300,000 ops
1,311,630,714 ns
228,722 ops/s
99.3 % of CPU usage

Multi-producer sending:
300,000 ops
684,896,721 ns
438,022 ops/s
95.1 % of CPU usage

Max throughput:
600,000 ops
2,024,375,770 ns
296,387 ops/s
97.7 % of CPU usage

Ping latency:
250,000 ops
718,884,175 ns
2,875 ns/op
99.3 % of CPU usage

Ping throughput 10K:
400,000 ops
650,487,384 ns
614,923 ops/s
96.5 % of CPU usage
Tests run: 8, Failures: 0, Errors: 0, Skipped: 0, Time elapsed: 19.047 sec - in com.github.plokhotnyuk.actors.ScalaActorSpec
Running com.github.plokhotnyuk.actors.ScalazActorSpec
Executor service type: scala-forkjoin-pool

Enqueueing:
40,000,000 ops
694,910,495 ns
57,561,369 ops/s
25.3 % of CPU usage
24 bytes per instance

Dequeueing:
40,000,000 ops
201,788,551 ns
198,227,301 ops/s
50.3 % of CPU usage

Initiation:
10,000,000 ops
331,769,689 ns
33 ns/op
50.5 % of CPU usage
104 bytes per instance

Single-producer sending:
16,000,000 ops
426,806,346 ns
37,487,727 ops/s
53.0 % of CPU usage

Multi-producer sending:
16,000,000 ops
807,210,285 ns
19,821,352 ops/s
93.2 % of CPU usage

Max throughput:
32,000,000 ops
866,634,631 ns
36,924,441 ops/s
94.5 % of CPU usage

Ping latency:
3,200,000 ops
1,237,529,516 ns
386 ns/op
93.0 % of CPU usage

Ping throughput 10K:
8,000,000 ops
2,096,611,297 ns
3,815,681 ops/s
99.3 % of CPU usage
Tests run: 8, Failures: 0, Errors: 0, Skipped: 0, Time elapsed: 22.932 sec - in com.github.plokhotnyuk.actors.ScalazActorSpec
Running com.github.plokhotnyuk.actors.ScalazBoundedActor2Spec
Executor service type: scala-forkjoin-pool

Enqueueing:
40,000,000 ops
727,180,727 ns
55,006,958 ops/s
25.2 % of CPU usage
24 bytes per instance

Dequeueing:
40,000,000 ops
170,565,881 ns
234,513,489 ops/s
45.7 % of CPU usage

Initiation:
10,000,000 ops
248,501,783 ns
24 ns/op
56.5 % of CPU usage
56 bytes per instance

Single-producer sending:
16,000,000 ops
1,347,580,237 ns
11,873,133 ops/s
92.6 % of CPU usage

Multi-producer sending:
16,000,000 ops
1,257,966,485 ns
12,718,939 ops/s
95.8 % of CPU usage

Max throughput:
32,000,000 ops
1,036,496,763 ns
30,873,227 ops/s
94.8 % of CPU usage

Ping latency:
3,200,000 ops
550,419,281 ns
172 ns/op
82.9 % of CPU usage

Ping throughput 10K:
8,000,000 ops
272,152,177 ns
29,395,318 ops/s
84.5 % of CPU usage

Overflow throughput:
100,000,000 ops
963,973,137 ns
103,737,330 ops/s
24.7 % of CPU usage
Tests run: 9, Failures: 0, Errors: 0, Skipped: 0, Time elapsed: 19.531 sec - in com.github.plokhotnyuk.actors.ScalazBoundedActor2Spec
Running com.github.plokhotnyuk.actors.ScalazUnboundedActor2Spec
Executor service type: scala-forkjoin-pool

Enqueueing:
40,000,000 ops
760,597,850 ns
52,590,209 ops/s
25.6 % of CPU usage
24 bytes per instance

Dequeueing:
40,000,000 ops
170,043,566 ns
235,233,834 ops/s
43.6 % of CPU usage

Initiation:
10,000,000 ops
221,613,039 ns
22 ns/op
59.8 % of CPU usage
48 bytes per instance

Single-producer sending:
16,000,000 ops
506,270,705 ns
31,603,645 ops/s
57.0 % of CPU usage

Multi-producer sending:
16,000,000 ops
826,078,845 ns
19,368,611 ops/s
97.3 % of CPU usage

Max throughput:
32,000,000 ops
717,679,737 ns
44,588,133 ops/s
92.4 % of CPU usage

Ping latency:
3,200,000 ops
701,603,816 ns
219 ns/op
97.8 % of CPU usage

Ping throughput 10K:
8,000,000 ops
285,738,215 ns
27,997,655 ops/s
86.0 % of CPU usage
Tests run: 8, Failures: 0, Errors: 0, Skipped: 0, Time elapsed: 16.317 sec - in com.github.plokhotnyuk.actors.ScalazUnboundedActor2Spec

Results :

Tests run: 91, Failures: 0, Errors: 0, Skipped: 0

[INFO] ------------------------------------------------------------------------
[INFO] BUILD SUCCESS
[INFO] ------------------------------------------------------------------------
[INFO] Total time: 3:50.740s
[INFO] Finished at: Sun Dec 28 10:33:09 EET 2014
[INFO] Final Memory: 20M/1024M
[INFO] ------------------------------------------------------------------------
[INFO] Scanning for projects...
[INFO]                                                                         
[INFO] ------------------------------------------------------------------------
[INFO] Building Actors 1.0-SNAPSHOT
[INFO] ------------------------------------------------------------------------
[INFO] 
[INFO] --- maven-resources-plugin:2.6:resources (default-resources) @ actors ---
[INFO] Using 'UTF-8' encoding to copy filtered resources.
[INFO] skip non existing resourceDirectory C:\Users\Andriy\Projects\com\github\plokhotnyuk\actors\src\main\resources
[INFO] 
[INFO] --- maven-resources-plugin:2.6:testResources (default-testResources) @ actors ---
[INFO] Using 'UTF-8' encoding to copy filtered resources.
[INFO] skip non existing resourceDirectory C:\Users\Andriy\Projects\com\github\plokhotnyuk\actors\src\test\resources
[INFO] 
[INFO] --- scala-maven-plugin:3.1.6:testCompile (testCompile) @ actors ---
[WARNING]  Expected all dependencies to require Scala version: 2.11.4
[WARNING]  com.github.plokhotnyuk.actors:actors:1.0-SNAPSHOT requires scala version: 2.11.4
[WARNING]  com.typesafe.akka:akka-actor_2.11:2.3.8 requires scala version: 2.11.4
[WARNING]  net.liftweb:lift-actor_2.11:3.0-M2 requires scala version: 2.11.2
[WARNING] Multiple versions of scala libraries detected!
[INFO] Nothing to compile - all classes are up to date
[INFO] 
[INFO] --- maven-surefire-plugin:2.16:test (default-test) @ actors ---
[INFO] Surefire report directory: C:\Users\Andriy\Projects\com\github\plokhotnyuk\actors\target\surefire-reports

-------------------------------------------------------
 T E S T S
-------------------------------------------------------

-------------------------------------------------------
 T E S T S
-------------------------------------------------------
Running com.github.plokhotnyuk.actors.AkkaActorSpec
Executor service type: java-forkjoin-pool

Enqueueing:
10,000,000 ops
367,574,064 ns
27,205,401 ops/s
29.7 % of CPU usage
48 bytes per instance

Dequeueing:
10,000,000 ops
753,852,848 ns
13,265,188 ops/s
31.6 % of CPU usage

Initiation:
100,000 ops
918,380,775 ns
9,183 ns/op
79.8 % of CPU usage
424 bytes per instance

Single-producer sending:
6,000,000 ops
674,067,037 ns
8,901,191 ops/s
44.0 % of CPU usage

Multi-producer sending:
6,000,000 ops
844,772,201 ns
7,102,506 ops/s
67.4 % of CPU usage

Max throughput:
12,000,000 ops
715,090,523 ns
16,781,092 ops/s
82.9 % of CPU usage

Ping latency:
1,500,000 ops
568,085,603 ns
378 ns/op
98.9 % of CPU usage

Ping throughput 10K:
2,000,000 ops
505,213,613 ns
3,958,721 ops/s
98.8 % of CPU usage
Tests run: 8, Failures: 0, Errors: 0, Skipped: 0, Time elapsed: 17.02 sec - in com.github.plokhotnyuk.actors.AkkaActorSpec
Running com.github.plokhotnyuk.actors.AkkaBalanceableActorSpec
Executor service type: java-forkjoin-pool

Enqueueing:
10,000,000 ops
306,591,571 ns
32,616,682 ops/s
30.5 % of CPU usage
48 bytes per instance

Dequeueing:
10,000,000 ops
576,742,093 ns
17,338,772 ops/s
27.7 % of CPU usage

Initiation:
100,000 ops
935,523,315 ns
9,355 ns/op
79.6 % of CPU usage
424 bytes per instance

Single-producer sending:
6,000,000 ops
568,894,548 ns
10,546,770 ops/s
40.4 % of CPU usage

Multi-producer sending:
6,000,000 ops
731,654,304 ns
8,200,594 ops/s
67.2 % of CPU usage

Max throughput:
12,000,000 ops
597,267,032 ns
20,091,515 ops/s
95.3 % of CPU usage

Ping latency:
1,500,000 ops
451,217,304 ns
300 ns/op
100.3 % of CPU usage

Ping throughput 10K:
2,000,000 ops
421,195,407 ns
4,748,389 ops/s
100.0 % of CPU usage
Tests run: 8, Failures: 0, Errors: 0, Skipped: 0, Time elapsed: 16.146 sec - in com.github.plokhotnyuk.actors.AkkaBalanceableActorSpec
Running com.github.plokhotnyuk.actors.AkkaBoundedActorSpec
Executor service type: java-forkjoin-pool

Enqueueing:
10,000,000 ops
529,223,947 ns
18,895,592 ops/s
29.5 % of CPU usage
48 bytes per instance

Dequeueing:
10,000,000 ops
797,301,339 ns
12,542,309 ops/s
29.3 % of CPU usage

Initiation:
100,000 ops
958,805,707 ns
9,588 ns/op
74.8 % of CPU usage
608 bytes per instance

Single-producer sending:
6,000,000 ops
940,478,521 ns
6,379,731 ops/s
46.4 % of CPU usage

Multi-producer sending:
6,000,000 ops
1,078,831,716 ns
5,561,571 ops/s
72.7 % of CPU usage

Max throughput:
12,000,000 ops
932,274,336 ns
12,871,747 ops/s
81.6 % of CPU usage

Ping latency:
1,500,000 ops
686,630,804 ns
457 ns/op
99.4 % of CPU usage

Ping throughput 10K:
2,000,000 ops
473,639,802 ns
4,222,618 ops/s
98.8 % of CPU usage

Overflow throughput:
5,000,000 ops
504,727,220 ns
9,906,341 ops/s
29.4 % of CPU usage
Tests run: 9, Failures: 0, Errors: 0, Skipped: 0, Time elapsed: 20.077 sec - in com.github.plokhotnyuk.actors.AkkaBoundedActorSpec
Running com.github.plokhotnyuk.actors.AkkaNonBalanceableActorSpec
Executor service type: java-forkjoin-pool

Enqueueing:
10,000,000 ops
278,167,406 ns
35,949,574 ops/s
28.0 % of CPU usage
48 bytes per instance

Dequeueing:
10,000,000 ops
572,426,493 ns
17,469,491 ops/s
28.6 % of CPU usage

Initiation:
100,000 ops
944,165,877 ns
9,441 ns/op
73.5 % of CPU usage
424 bytes per instance

Single-producer sending:
6,000,000 ops
560,036,463 ns
10,713,588 ops/s
46.7 % of CPU usage

Multi-producer sending:
6,000,000 ops
676,888,634 ns
8,864,087 ops/s
66.3 % of CPU usage

Max throughput:
12,000,000 ops
573,987,572 ns
20,906,376 ops/s
93.1 % of CPU usage

Ping latency:
1,500,000 ops
430,682,835 ns
287 ns/op
96.9 % of CPU usage

Ping throughput 10K:
2,000,000 ops
477,742,810 ns
4,186,352 ops/s
98.0 % of CPU usage
Tests run: 8, Failures: 0, Errors: 0, Skipped: 0, Time elapsed: 16.926 sec - in com.github.plokhotnyuk.actors.AkkaNonBalanceableActorSpec
Running com.github.plokhotnyuk.actors.AkkaNonBlockingBoundedActorSpec
Executor service type: java-forkjoin-pool

Enqueueing:
10,000,000 ops
295,899,338 ns
33,795,276 ops/s
27.7 % of CPU usage
48 bytes per instance

Dequeueing:
10,000,000 ops
580,874,790 ns
17,215,414 ops/s
28.2 % of CPU usage

Initiation:
100,000 ops
925,734,960 ns
9,257 ns/op
75.4 % of CPU usage
432 bytes per instance

Single-producer sending:
6,000,000 ops
595,636,678 ns
10,073,254 ops/s
43.9 % of CPU usage

Multi-producer sending:
6,000,000 ops
820,807,319 ns
7,309,876 ops/s
71.7 % of CPU usage

Max throughput:
12,000,000 ops
639,458,303 ns
18,765,883 ops/s
95.1 % of CPU usage

Ping latency:
1,500,000 ops
521,647,640 ns
347 ns/op
97.9 % of CPU usage

Ping throughput 10K:
2,000,000 ops
980,021,201 ns
2,040,772 ops/s
98.3 % of CPU usage

Overflow throughput:
5,000,000 ops
493,551,159 ns
10,130,662 ops/s
37.1 % of CPU usage
Tests run: 9, Failures: 0, Errors: 0, Skipped: 0, Time elapsed: 18.096 sec - in com.github.plokhotnyuk.actors.AkkaNonBlockingBoundedActorSpec
Running com.github.plokhotnyuk.actors.LiftActorSpec
Executor service type: java-forkjoin-pool

Enqueueing:
10,000,000 ops
404,903,964 ns
24,697,214 ops/s
25.0 % of CPU usage
24 bytes per instance

Dequeueing:
10,000,000 ops
450,922,242 ns
22,176,772 ops/s
27.7 % of CPU usage

Initiation:
10,000,000 ops
676,838,419 ns
67 ns/op
34.6 % of CPU usage
72 bytes per instance

Single-producer sending:
6,000,000 ops
668,150,040 ns
8,980,018 ops/s
50.2 % of CPU usage

Multi-producer sending:
6,000,000 ops
801,007,022 ns
7,490,571 ops/s
64.8 % of CPU usage

Max throughput:
12,000,000 ops
576,697,742 ns
20,808,127 ops/s
79.8 % of CPU usage

Ping latency:
1,500,000 ops
1,710,259,941 ns
1,140 ns/op
96.2 % of CPU usage

Ping throughput 10K:
2,000,000 ops
566,267,582 ns
3,531,899 ops/s
95.0 % of CPU usage
Tests run: 8, Failures: 0, Errors: 0, Skipped: 0, Time elapsed: 16.536 sec - in com.github.plokhotnyuk.actors.LiftActorSpec
Running com.github.plokhotnyuk.actors.MinimalistActorSpec
Executor service type: java-forkjoin-pool

Enqueueing:
10,000,000 ops
298,404,981 ns
33,511,504 ops/s
26.1 % of CPU usage
24 bytes per instance

Dequeueing:
2,000,000 ops
218,280,490 ns
9,162,522 ops/s
89.3 % of CPU usage

Initiation:
2,000,000 ops
918,165,983 ns
459 ns/op
94.7 % of CPU usage
156 bytes per instance

Single-producer sending:
3,000,000 ops
2,594,292,222 ns
1,156,384 ops/s
96.4 % of CPU usage

Multi-producer sending:
3,000,000 ops
522,569,479 ns
5,740,863 ops/s
97.8 % of CPU usage

Max throughput:
6,000,000 ops
2,745,746,528 ns
2,185,198 ops/s
99.1 % of CPU usage

Ping latency:
2,000,000 ops
305,945,367 ns
152 ns/op
85.4 % of CPU usage

Ping throughput 10K:
4,000,000 ops
817,718,883 ns
4,891,656 ops/s
98.2 % of CPU usage
Tests run: 8, Failures: 0, Errors: 0, Skipped: 0, Time elapsed: 20.592 sec - in com.github.plokhotnyuk.actors.MinimalistActorSpec
Running com.github.plokhotnyuk.actors.ScalaActorSpec
Executor service type: java-forkjoin-pool

Enqueueing:
40,000,000 ops
1,097,756,357 ns
36,437,957 ops/s
25.6 % of CPU usage
24 bytes per instance

Dequeueing:
600,000 ops
1,583,686,857 ns
378,862 ops/s
97.3 % of CPU usage

Initiation:
600,000 ops
4,395,127,338 ns
7,325 ns/op
95.6 % of CPU usage
224 bytes per instance

Single-producer sending:
300,000 ops
1,191,966,475 ns
251,684 ops/s
99.1 % of CPU usage

Multi-producer sending:
300,000 ops
1,010,783,501 ns
296,799 ops/s
96.1 % of CPU usage

Max throughput:
600,000 ops
1,579,108,085 ns
379,961 ops/s
97.3 % of CPU usage

Ping latency:
250,000 ops
667,707,630 ns
2,670 ns/op
92.9 % of CPU usage

Ping throughput 10K:
400,000 ops
1,203,713,234 ns
332,305 ops/s
98.2 % of CPU usage
Tests run: 8, Failures: 0, Errors: 0, Skipped: 0, Time elapsed: 23.197 sec - in com.github.plokhotnyuk.actors.ScalaActorSpec
Running com.github.plokhotnyuk.actors.ScalazActorSpec
Executor service type: java-forkjoin-pool

Enqueueing:
40,000,000 ops
695,573,193 ns
57,506,529 ops/s
25.2 % of CPU usage
24 bytes per instance

Dequeueing:
40,000,000 ops
215,436,167 ns
185,669,846 ops/s
48.9 % of CPU usage

Initiation:
10,000,000 ops
321,456,088 ns
32 ns/op
46.1 % of CPU usage
104 bytes per instance

Single-producer sending:
16,000,000 ops
576,641,661 ns
27,746,867 ops/s
62.2 % of CPU usage

Multi-producer sending:
16,000,000 ops
988,330,947 ns
16,188,909 ops/s
97.9 % of CPU usage

Max throughput:
32,000,000 ops
653,657,557 ns
48,955,297 ops/s
96.1 % of CPU usage

Ping latency:
3,200,000 ops
481,854,249 ns
150 ns/op
89.8 % of CPU usage

Ping throughput 10K:
8,000,000 ops
2,076,380,321 ns
3,852,858 ops/s
98.2 % of CPU usage
Tests run: 8, Failures: 0, Errors: 0, Skipped: 0, Time elapsed: 21.918 sec - in com.github.plokhotnyuk.actors.ScalazActorSpec
Running com.github.plokhotnyuk.actors.ScalazBoundedActor2Spec
Executor service type: java-forkjoin-pool

Enqueueing:
40,000,000 ops
725,302,227 ns
55,149,423 ops/s
24.7 % of CPU usage
24 bytes per instance

Dequeueing:
40,000,000 ops
211,347,454 ns
189,261,802 ops/s
48.0 % of CPU usage

Initiation:
10,000,000 ops
240,527,784 ns
24 ns/op
60.0 % of CPU usage
56 bytes per instance

Single-producer sending:
16,000,000 ops
871,498,569 ns
18,359,181 ops/s
92.6 % of CPU usage

Multi-producer sending:
16,000,000 ops
1,102,117,041 ns
14,517,514 ops/s
95.9 % of CPU usage

Max throughput:
32,000,000 ops
918,664,107 ns
34,833,188 ops/s
92.5 % of CPU usage

Ping latency:
3,200,000 ops
321,936,251 ns
100 ns/op
71.5 % of CPU usage

Ping throughput 10K:
8,000,000 ops
1,413,626,430 ns
5,659,203 ops/s
98.5 % of CPU usage

Overflow throughput:
100,000,000 ops
782,066,620 ns
127,866,344 ops/s
24.9 % of CPU usage
Tests run: 9, Failures: 0, Errors: 0, Skipped: 0, Time elapsed: 19.485 sec - in com.github.plokhotnyuk.actors.ScalazBoundedActor2Spec
Running com.github.plokhotnyuk.actors.ScalazUnboundedActor2Spec
Executor service type: java-forkjoin-pool

Enqueueing:
40,000,000 ops
763,431,909 ns
52,394,980 ops/s
25.0 % of CPU usage
24 bytes per instance

Dequeueing:
40,000,000 ops
209,431,568 ns
190,993,174 ops/s
50.3 % of CPU usage

Initiation:
10,000,000 ops
234,085,906 ns
23 ns/op
61.6 % of CPU usage
48 bytes per instance

Single-producer sending:
16,000,000 ops
441,847,535 ns
36,211,585 ops/s
51.2 % of CPU usage

Multi-producer sending:
16,000,000 ops
814,619,817 ns
19,641,064 ops/s
99.1 % of CPU usage

Max throughput:
32,000,000 ops
630,885,017 ns
50,722,396 ops/s
92.1 % of CPU usage

Ping latency:
3,200,000 ops
385,537,646 ns
120 ns/op
93.1 % of CPU usage

Ping throughput 10K:
8,000,000 ops
1,787,363,804 ns
4,475,865 ops/s
97.3 % of CPU usage
Tests run: 8, Failures: 0, Errors: 0, Skipped: 0, Time elapsed: 17.425 sec - in com.github.plokhotnyuk.actors.ScalazUnboundedActor2Spec

Results :

Tests run: 91, Failures: 0, Errors: 0, Skipped: 0

[INFO] ------------------------------------------------------------------------
[INFO] BUILD SUCCESS
[INFO] ------------------------------------------------------------------------
[INFO] Total time: 3:43.705s
[INFO] Finished at: Sun Dec 28 10:36:54 EET 2014
[INFO] Final Memory: 20M/1024M
[INFO] ------------------------------------------------------------------------
[INFO] Scanning for projects...
[INFO]                                                                         
[INFO] ------------------------------------------------------------------------
[INFO] Building Actors 1.0-SNAPSHOT
[INFO] ------------------------------------------------------------------------
[INFO] 
[INFO] --- maven-resources-plugin:2.6:resources (default-resources) @ actors ---
[INFO] Using 'UTF-8' encoding to copy filtered resources.
[INFO] skip non existing resourceDirectory C:\Users\Andriy\Projects\com\github\plokhotnyuk\actors\src\main\resources
[INFO] 
[INFO] --- maven-resources-plugin:2.6:testResources (default-testResources) @ actors ---
[INFO] Using 'UTF-8' encoding to copy filtered resources.
[INFO] skip non existing resourceDirectory C:\Users\Andriy\Projects\com\github\plokhotnyuk\actors\src\test\resources
[INFO] 
[INFO] --- scala-maven-plugin:3.1.6:testCompile (testCompile) @ actors ---
[WARNING]  Expected all dependencies to require Scala version: 2.11.4
[WARNING]  com.github.plokhotnyuk.actors:actors:1.0-SNAPSHOT requires scala version: 2.11.4
[WARNING]  com.typesafe.akka:akka-actor_2.11:2.3.8 requires scala version: 2.11.4
[WARNING]  net.liftweb:lift-actor_2.11:3.0-M2 requires scala version: 2.11.2
[WARNING] Multiple versions of scala libraries detected!
[INFO] Nothing to compile - all classes are up to date
[INFO] 
[INFO] --- maven-surefire-plugin:2.16:test (default-test) @ actors ---
[INFO] Surefire report directory: C:\Users\Andriy\Projects\com\github\plokhotnyuk\actors\target\surefire-reports

-------------------------------------------------------
 T E S T S
-------------------------------------------------------

-------------------------------------------------------
 T E S T S
-------------------------------------------------------
Running com.github.plokhotnyuk.actors.AkkaActorSpec
Executor service type: abq-thread-pool

Enqueueing:
10,000,000 ops
324,867,809 ns
30,781,750 ops/s
28.8 % of CPU usage
48 bytes per instance

Dequeueing:
10,000,000 ops
748,719,138 ns
13,356,143 ops/s
31.8 % of CPU usage

Initiation:
100,000 ops
929,742,670 ns
9,297 ns/op
66.3 % of CPU usage
424 bytes per instance

Single-producer sending:
6,000,000 ops
695,126,019 ns
8,631,528 ops/s
44.9 % of CPU usage

Multi-producer sending:
6,000,000 ops
814,273,074 ns
7,368,535 ops/s
66.6 % of CPU usage

Max throughput:
12,000,000 ops
576,083,793 ns
20,830,303 ops/s
98.2 % of CPU usage

Ping latency:
1,500,000 ops
2,136,677,758 ns
1,424 ns/op
28.7 % of CPU usage

Ping throughput 10K:
2,000,000 ops
1,676,524,663 ns
1,192,943 ops/s
81.4 % of CPU usage
Tests run: 8, Failures: 0, Errors: 0, Skipped: 0, Time elapsed: 19.468 sec - in com.github.plokhotnyuk.actors.AkkaActorSpec
Running com.github.plokhotnyuk.actors.AkkaBalanceableActorSpec
Executor service type: abq-thread-pool

Enqueueing:
10,000,000 ops
317,691,026 ns
31,477,124 ops/s
27.0 % of CPU usage
48 bytes per instance

Dequeueing:
10,000,000 ops
599,868,340 ns
16,670,324 ops/s
30.6 % of CPU usage

Initiation:
100,000 ops
922,410,109 ns
9,224 ns/op
67.2 % of CPU usage
424 bytes per instance

Single-producer sending:
6,000,000 ops
608,181,386 ns
9,865,477 ops/s
47.5 % of CPU usage

Multi-producer sending:
6,000,000 ops
824,295,279 ns
7,278,945 ops/s
65.3 % of CPU usage

Max throughput:
12,000,000 ops
504,763,141 ns
23,773,526 ops/s
95.8 % of CPU usage

Ping latency:
1,500,000 ops
4,503,202,429 ns
3,002 ns/op
28.9 % of CPU usage

Ping throughput 10K:
2,000,000 ops
1,755,603,792 ns
1,139,209 ops/s
70.2 % of CPU usage
Tests run: 8, Failures: 0, Errors: 0, Skipped: 0, Time elapsed: 21.559 sec - in com.github.plokhotnyuk.actors.AkkaBalanceableActorSpec
Running com.github.plokhotnyuk.actors.AkkaBoundedActorSpec
Executor service type: abq-thread-pool

Enqueueing:
10,000,000 ops
666,770,763 ns
14,997,658 ops/s
26.9 % of CPU usage
48 bytes per instance

Dequeueing:
10,000,000 ops
838,189,207 ns
11,930,480 ops/s
31.2 % of CPU usage

Initiation:
100,000 ops
933,427,093 ns
9,334 ns/op
68.1 % of CPU usage
608 bytes per instance

Single-producer sending:
6,000,000 ops
1,149,685,768 ns
5,218,817 ops/s
47.2 % of CPU usage

Multi-producer sending:
6,000,000 ops
1,339,678,445 ns
4,478,686 ops/s
69.0 % of CPU usage

Max throughput:
12,000,000 ops
932,590,291 ns
12,867,386 ops/s
94.1 % of CPU usage

Ping latency:
1,500,000 ops
766,236,646 ns
510 ns/op
24.9 % of CPU usage

Ping throughput 10K:
2,000,000 ops
1,800,854,909 ns
1,110,583 ops/s
82.1 % of CPU usage

Overflow throughput:
5,000,000 ops
570,093,489 ns
8,770,491 ops/s
35.6 % of CPU usage
Tests run: 9, Failures: 0, Errors: 0, Skipped: 0, Time elapsed: 22.074 sec - in com.github.plokhotnyuk.actors.AkkaBoundedActorSpec
Running com.github.plokhotnyuk.actors.AkkaNonBalanceableActorSpec
Executor service type: abq-thread-pool

Enqueueing:
10,000,000 ops
278,185,366 ns
35,947,253 ops/s
25.2 % of CPU usage
48 bytes per instance

Dequeueing:
10,000,000 ops
575,150,225 ns
17,386,761 ops/s
25.8 % of CPU usage

Initiation:
100,000 ops
955,053,107 ns
9,550 ns/op
69.4 % of CPU usage
424 bytes per instance

Single-producer sending:
6,000,000 ops
583,568,833 ns
10,281,563 ops/s
44.1 % of CPU usage

Multi-producer sending:
6,000,000 ops
689,542,570 ns
8,701,420 ops/s
65.6 % of CPU usage

Max throughput:
12,000,000 ops
460,018,942 ns
26,085,882 ops/s
95.8 % of CPU usage

Ping latency:
1,500,000 ops
3,942,034,834 ns
2,628 ns/op
26.8 % of CPU usage

Ping throughput 10K:
2,000,000 ops
1,558,631,162 ns
1,283,177 ops/s
84.6 % of CPU usage
Tests run: 8, Failures: 0, Errors: 0, Skipped: 0, Time elapsed: 20.498 sec - in com.github.plokhotnyuk.actors.AkkaNonBalanceableActorSpec
Running com.github.plokhotnyuk.actors.AkkaNonBlockingBoundedActorSpec
Executor service type: abq-thread-pool

Enqueueing:
10,000,000 ops
291,385,441 ns
34,318,804 ops/s
30.8 % of CPU usage
48 bytes per instance

Dequeueing:
10,000,000 ops
631,539,284 ns
15,834,327 ops/s
27.2 % of CPU usage

Initiation:
100,000 ops
914,783,952 ns
9,147 ns/op
73.8 % of CPU usage
424 bytes per instance

Single-producer sending:
6,000,000 ops
701,926,735 ns
8,547,900 ops/s
45.6 % of CPU usage

Multi-producer sending:
6,000,000 ops
844,527,721 ns
7,104,562 ops/s
73.9 % of CPU usage

Max throughput:
12,000,000 ops
520,607,043 ns
23,050,014 ops/s
93.6 % of CPU usage

Ping latency:
1,500,000 ops
4,028,136,067 ns
2,685 ns/op
30.2 % of CPU usage

Ping throughput 10K:
2,000,000 ops
1,688,694,405 ns
1,184,346 ops/s
79.4 % of CPU usage

Overflow throughput:
5,000,000 ops
439,196,743 ns
11,384,419 ops/s
24.9 % of CPU usage
Tests run: 9, Failures: 0, Errors: 0, Skipped: 0, Time elapsed: 21.871 sec - in com.github.plokhotnyuk.actors.AkkaNonBlockingBoundedActorSpec
Running com.github.plokhotnyuk.actors.LiftActorSpec
Executor service type: abq-thread-pool

Enqueueing:
10,000,000 ops
395,742,019 ns
25,268,987 ops/s
24.6 % of CPU usage
24 bytes per instance

Dequeueing:
10,000,000 ops
445,453,519 ns
22,449,031 ops/s
26.3 % of CPU usage

Initiation:
10,000,000 ops
672,164,346 ns
67 ns/op
37.7 % of CPU usage
72 bytes per instance

Single-producer sending:
6,000,000 ops
584,484,074 ns
10,265,463 ops/s
50.0 % of CPU usage

Multi-producer sending:
6,000,000 ops
805,858,132 ns
7,445,479 ops/s
67.8 % of CPU usage

Max throughput:
12,000,000 ops
507,557,614 ns
23,642,636 ops/s
87.6 % of CPU usage

Ping latency:
1,500,000 ops
4,605,585,575 ns
3,070 ns/op
31.6 % of CPU usage

Ping throughput 10K:
2,000,000 ops
963,800,865 ns
2,075,117 ops/s
85.4 % of CPU usage
Tests run: 8, Failures: 0, Errors: 0, Skipped: 0, Time elapsed: 19.484 sec - in com.github.plokhotnyuk.actors.LiftActorSpec
Running com.github.plokhotnyuk.actors.MinimalistActorSpec
Executor service type: abq-thread-pool

Enqueueing:
10,000,000 ops
288,350,154 ns
34,680,057 ops/s
25.7 % of CPU usage
24 bytes per instance

Dequeueing:
2,000,000 ops
1,512,193,199 ns
1,322,582 ops/s
26.8 % of CPU usage

Initiation:
2,000,000 ops
5,729,513,730 ns
2,864 ns/op
25.8 % of CPU usage
152 bytes per instance

Single-producer sending:
3,000,000 ops
8,195,733,736 ns
366,044 ops/s
25.8 % of CPU usage

Multi-producer sending:
3,000,000 ops
8,423,664,030 ns
356,139 ops/s
26.6 % of CPU usage

Max throughput:
6,000,000 ops
8,539,896,754 ns
702,584 ops/s
25.7 % of CPU usage

Ping latency:
2,000,000 ops
808,449,910 ns
404 ns/op
24.1 % of CPU usage

Ping throughput 10K:
4,000,000 ops
2,239,169,399 ns
1,786,376 ops/s
54.3 % of CPU usage
Tests run: 8, Failures: 0, Errors: 0, Skipped: 0, Time elapsed: 68.843 sec - in com.github.plokhotnyuk.actors.MinimalistActorSpec
Running com.github.plokhotnyuk.actors.ScalaActorSpec
Executor service type: abq-thread-pool

Enqueueing:
40,000,000 ops
1,152,389,708 ns
34,710,480 ops/s
25.0 % of CPU usage
24 bytes per instance

Dequeueing:
600,000 ops
3,195,043,914 ns
187,790 ops/s
40.9 % of CPU usage

Initiation:
600,000 ops
2,215,217,345 ns
3,692 ns/op
45.4 % of CPU usage
224 bytes per instance

Single-producer sending:
300,000 ops
2,249,082,010 ns
133,387 ops/s
40.2 % of CPU usage

Multi-producer sending:
300,000 ops
1,895,963,408 ns
158,230 ops/s
40.5 % of CPU usage

Max throughput:
600,000 ops
4,105,970,804 ns
146,128 ops/s
39.5 % of CPU usage

Ping latency:
250,000 ops
1,824,260,091 ns
7,297 ns/op
55.8 % of CPU usage

Ping throughput 10K:
400,000 ops
859,579,538 ns
465,343 ops/s
96.2 % of CPU usage
Tests run: 8, Failures: 0, Errors: 0, Skipped: 0, Time elapsed: 28.033 sec - in com.github.plokhotnyuk.actors.ScalaActorSpec
Running com.github.plokhotnyuk.actors.ScalazActorSpec
Executor service type: abq-thread-pool

Enqueueing:
40,000,000 ops
683,248,774 ns
58,543,829 ops/s
25.1 % of CPU usage
24 bytes per instance

Dequeueing:
40,000,000 ops
235,561,214 ns
169,807,241 ops/s
36.4 % of CPU usage

Initiation:
10,000,000 ops
337,150,077 ns
33 ns/op
53.2 % of CPU usage
104 bytes per instance

Single-producer sending:
16,000,000 ops
413,519,036 ns
38,692,293 ops/s
58.5 % of CPU usage

Multi-producer sending:
16,000,000 ops
1,080,872,225 ns
14,802,859 ops/s
95.3 % of CPU usage

Max throughput:
32,000,000 ops
304,912,101 ns
104,948,278 ops/s
81.9 % of CPU usage

Ping latency:
3,200,000 ops
9,886,577,510 ns
3,089 ns/op
28.0 % of CPU usage

Ping throughput 10K:
8,000,000 ops
4,862,065,389 ns
1,645,391 ops/s
52.2 % of CPU usage
Tests run: 8, Failures: 0, Errors: 0, Skipped: 0, Time elapsed: 34.46 sec - in com.github.plokhotnyuk.actors.ScalazActorSpec
Running com.github.plokhotnyuk.actors.ScalazBoundedActor2Spec
Executor service type: abq-thread-pool

Enqueueing:
40,000,000 ops
720,059,657 ns
55,550,952 ops/s
24.9 % of CPU usage
24 bytes per instance

Dequeueing:
40,000,000 ops
219,786,221 ns
181,995,030 ops/s
37.3 % of CPU usage

Initiation:
10,000,000 ops
290,570,265 ns
29 ns/op
53.7 % of CPU usage
56 bytes per instance

Single-producer sending:
16,000,000 ops
422,317,742 ns
37,886,165 ops/s
55.4 % of CPU usage

Multi-producer sending:
16,000,000 ops
1,154,307,425 ns
13,861,125 ops/s
98.3 % of CPU usage

Max throughput:
32,000,000 ops
331,145,478 ns
96,634,265 ops/s
83.6 % of CPU usage

Ping latency:
3,200,000 ops
7,362,396,005 ns
2,300 ns/op
25.4 % of CPU usage

Ping throughput 10K:
8,000,000 ops
3,343,338,311 ns
2,392,817 ops/s
46.4 % of CPU usage

Overflow throughput:
100,000,000 ops
798,367,227 ns
125,255,642 ops/s
24.9 % of CPU usage
Tests run: 9, Failures: 0, Errors: 0, Skipped: 0, Time elapsed: 28.127 sec - in com.github.plokhotnyuk.actors.ScalazBoundedActor2Spec
Running com.github.plokhotnyuk.actors.ScalazUnboundedActor2Spec
Executor service type: abq-thread-pool

Enqueueing:
40,000,000 ops
766,646,801 ns
52,175,264 ops/s
25.4 % of CPU usage
24 bytes per instance

Dequeueing:
40,000,000 ops
199,584,201 ns
200,416,665 ops/s
39.1 % of CPU usage

Initiation:
10,000,000 ops
248,733,067 ns
24 ns/op
53.3 % of CPU usage
48 bytes per instance

Single-producer sending:
16,000,000 ops
381,653,094 ns
41,922,888 ops/s
53.1 % of CPU usage

Multi-producer sending:
16,000,000 ops
912,826,282 ns
17,527,979 ops/s
94.4 % of CPU usage

Max throughput:
32,000,000 ops
310,473,191 ns
103,068,480 ops/s
90.4 % of CPU usage

Ping latency:
3,200,000 ops
2,679,995,763 ns
837 ns/op
24.7 % of CPU usage

Ping throughput 10K:
8,000,000 ops
3,334,693,917 ns
2,399,020 ops/s
46.3 % of CPU usage
Tests run: 8, Failures: 0, Errors: 0, Skipped: 0, Time elapsed: 21.591 sec - in com.github.plokhotnyuk.actors.ScalazUnboundedActor2Spec

Results :

Tests run: 91, Failures: 0, Errors: 0, Skipped: 0

[INFO] ------------------------------------------------------------------------
[INFO] BUILD SUCCESS
[INFO] ------------------------------------------------------------------------
[INFO] Total time: 5:24.168s
[INFO] Finished at: Sun Dec 28 10:42:20 EET 2014
[INFO] Final Memory: 20M/1024M
[INFO] ------------------------------------------------------------------------
[INFO] Scanning for projects...
[INFO]                                                                         
[INFO] ------------------------------------------------------------------------
[INFO] Building Actors 1.0-SNAPSHOT
[INFO] ------------------------------------------------------------------------
[INFO] 
[INFO] --- maven-resources-plugin:2.6:resources (default-resources) @ actors ---
[INFO] Using 'UTF-8' encoding to copy filtered resources.
[INFO] skip non existing resourceDirectory C:\Users\Andriy\Projects\com\github\plokhotnyuk\actors\src\main\resources
[INFO] 
[INFO] --- maven-resources-plugin:2.6:testResources (default-testResources) @ actors ---
[INFO] Using 'UTF-8' encoding to copy filtered resources.
[INFO] skip non existing resourceDirectory C:\Users\Andriy\Projects\com\github\plokhotnyuk\actors\src\test\resources
[INFO] 
[INFO] --- scala-maven-plugin:3.1.6:testCompile (testCompile) @ actors ---
[WARNING]  Expected all dependencies to require Scala version: 2.11.4
[WARNING]  com.github.plokhotnyuk.actors:actors:1.0-SNAPSHOT requires scala version: 2.11.4
[WARNING]  com.typesafe.akka:akka-actor_2.11:2.3.8 requires scala version: 2.11.4
[WARNING]  net.liftweb:lift-actor_2.11:3.0-M2 requires scala version: 2.11.2
[WARNING] Multiple versions of scala libraries detected!
[INFO] Nothing to compile - all classes are up to date
[INFO] 
[INFO] --- maven-surefire-plugin:2.16:test (default-test) @ actors ---
[INFO] Surefire report directory: C:\Users\Andriy\Projects\com\github\plokhotnyuk\actors\target\surefire-reports

-------------------------------------------------------
 T E S T S
-------------------------------------------------------

-------------------------------------------------------
 T E S T S
-------------------------------------------------------
Running com.github.plokhotnyuk.actors.AkkaActorSpec
Executor service type: lbq-thread-pool

Enqueueing:
10,000,000 ops
375,125,447 ns
26,657,748 ops/s
30.2 % of CPU usage
48 bytes per instance

Dequeueing:
10,000,000 ops
735,066,024 ns
13,604,220 ops/s
37.1 % of CPU usage

Initiation:
100,000 ops
946,055,006 ns
9,460 ns/op
72.1 % of CPU usage
424 bytes per instance

Single-producer sending:
6,000,000 ops
671,471,593 ns
8,935,597 ops/s
45.9 % of CPU usage

Multi-producer sending:
6,000,000 ops
812,689,637 ns
7,382,892 ops/s
71.0 % of CPU usage

Max throughput:
12,000,000 ops
551,544,914 ns
21,757,067 ops/s
98.3 % of CPU usage

Ping latency:
1,500,000 ops
3,962,456,043 ns
2,641 ns/op
28.7 % of CPU usage

Ping throughput 10K:
2,000,000 ops
1,461,620,707 ns
1,368,344 ops/s
85.4 % of CPU usage
Tests run: 8, Failures: 0, Errors: 0, Skipped: 0, Time elapsed: 20.873 sec - in com.github.plokhotnyuk.actors.AkkaActorSpec
Running com.github.plokhotnyuk.actors.AkkaBalanceableActorSpec
Executor service type: lbq-thread-pool

Enqueueing:
10,000,000 ops
280,089,890 ns
35,702,823 ops/s
26.5 % of CPU usage
48 bytes per instance

Dequeueing:
10,000,000 ops
632,341,999 ns
15,814,227 ops/s
29.0 % of CPU usage

Initiation:
100,000 ops
871,432,593 ns
8,714 ns/op
74.3 % of CPU usage
424 bytes per instance

Single-producer sending:
6,000,000 ops
609,905,940 ns
9,837,582 ops/s
43.5 % of CPU usage

Multi-producer sending:
6,000,000 ops
762,558,453 ns
7,868,249 ops/s
63.9 % of CPU usage

Max throughput:
12,000,000 ops
507,467,446 ns
23,646,837 ops/s
93.0 % of CPU usage

Ping latency:
1,500,000 ops
3,615,590,186 ns
2,410 ns/op
26.4 % of CPU usage

Ping throughput 10K:
2,000,000 ops
1,406,761,570 ns
1,421,705 ops/s
85.4 % of CPU usage
Tests run: 8, Failures: 0, Errors: 0, Skipped: 0, Time elapsed: 19.781 sec - in com.github.plokhotnyuk.actors.AkkaBalanceableActorSpec
Running com.github.plokhotnyuk.actors.AkkaBoundedActorSpec
Executor service type: lbq-thread-pool

Enqueueing:
10,000,000 ops
544,199,525 ns
18,375,613 ops/s
30.1 % of CPU usage
48 bytes per instance

Dequeueing:
10,000,000 ops
888,708,553 ns
11,252,282 ops/s
32.5 % of CPU usage

Initiation:
100,000 ops
890,519,610 ns
8,905 ns/op
71.4 % of CPU usage
608 bytes per instance

Single-producer sending:
6,000,000 ops
1,009,137,019 ns
5,945,674 ops/s
46.0 % of CPU usage

Multi-producer sending:
6,000,000 ops
1,080,276,236 ns
5,554,134 ops/s
75.1 % of CPU usage

Max throughput:
12,000,000 ops
1,096,830,853 ns
10,940,611 ops/s
81.4 % of CPU usage

Ping latency:
1,500,000 ops
3,970,590,585 ns
2,647 ns/op
30.3 % of CPU usage

Ping throughput 10K:
2,000,000 ops
1,569,022,469 ns
1,274,679 ops/s
86.3 % of CPU usage

Overflow throughput:
5,000,000 ops
559,184,999 ns
8,941,584 ops/s
36.3 % of CPU usage
Tests run: 9, Failures: 0, Errors: 0, Skipped: 0, Time elapsed: 24.43 sec - in com.github.plokhotnyuk.actors.AkkaBoundedActorSpec
Running com.github.plokhotnyuk.actors.AkkaNonBalanceableActorSpec
Executor service type: lbq-thread-pool

Enqueueing:
10,000,000 ops
272,472,897 ns
36,700,897 ops/s
27.2 % of CPU usage
48 bytes per instance

Dequeueing:
10,000,000 ops
580,456,206 ns
17,227,828 ops/s
28.2 % of CPU usage

Initiation:
100,000 ops
950,229,121 ns
9,502 ns/op
76.8 % of CPU usage
424 bytes per instance

Single-producer sending:
6,000,000 ops
601,982,155 ns
9,967,072 ops/s
43.4 % of CPU usage

Multi-producer sending:
6,000,000 ops
767,388,304 ns
7,818,727 ops/s
65.1 % of CPU usage

Max throughput:
12,000,000 ops
468,477,870 ns
25,614,870 ops/s
97.4 % of CPU usage

Ping latency:
1,500,000 ops
4,238,481,044 ns
2,825 ns/op
28.9 % of CPU usage

Ping throughput 10K:
2,000,000 ops
1,411,330,813 ns
1,417,102 ops/s
83.5 % of CPU usage
Tests run: 8, Failures: 0, Errors: 0, Skipped: 0, Time elapsed: 20.311 sec - in com.github.plokhotnyuk.actors.AkkaNonBalanceableActorSpec
Running com.github.plokhotnyuk.actors.AkkaNonBlockingBoundedActorSpec
Executor service type: lbq-thread-pool

Enqueueing:
10,000,000 ops
308,655,538 ns
32,398,576 ops/s
29.1 % of CPU usage
48 bytes per instance

Dequeueing:
10,000,000 ops
589,187,470 ns
16,972,526 ops/s
28.5 % of CPU usage

Initiation:
100,000 ops
1,009,191,267 ns
10,091 ns/op
76.5 % of CPU usage
424 bytes per instance

Single-producer sending:
6,000,000 ops
667,817,591 ns
8,984,489 ops/s
45.0 % of CPU usage

Multi-producer sending:
6,000,000 ops
873,262,343 ns
6,870,787 ops/s
69.7 % of CPU usage

Max throughput:
12,000,000 ops
567,950,350 ns
21,128,607 ops/s
94.8 % of CPU usage

Ping latency:
1,500,000 ops
3,960,689,337 ns
2,640 ns/op
27.4 % of CPU usage

Ping throughput 10K:
2,000,000 ops
1,369,470,157 ns
1,460,418 ops/s
85.2 % of CPU usage

Overflow throughput:
5,000,000 ops
423,577,160 ns
11,804,224 ops/s
28.5 % of CPU usage
Tests run: 9, Failures: 0, Errors: 0, Skipped: 0, Time elapsed: 21.169 sec - in com.github.plokhotnyuk.actors.AkkaNonBlockingBoundedActorSpec
Running com.github.plokhotnyuk.actors.LiftActorSpec
Executor service type: lbq-thread-pool

Enqueueing:
10,000,000 ops
394,797,456 ns
25,329,443 ops/s
25.7 % of CPU usage
24 bytes per instance

Dequeueing:
10,000,000 ops
447,809,249 ns
22,330,936 ops/s
27.9 % of CPU usage

Initiation:
10,000,000 ops
737,407,825 ns
73 ns/op
32.8 % of CPU usage
72 bytes per instance

Single-producer sending:
6,000,000 ops
606,770,953 ns
9,888,410 ops/s
48.2 % of CPU usage

Multi-producer sending:
6,000,000 ops
811,811,782 ns
7,390,875 ops/s
74.5 % of CPU usage

Max throughput:
12,000,000 ops
560,480,706 ns
21,410,192 ops/s
87.7 % of CPU usage

Ping latency:
1,500,000 ops
4,347,802,725 ns
2,898 ns/op
32.5 % of CPU usage

Ping throughput 10K:
2,000,000 ops
1,240,595,592 ns
1,612,128 ops/s
79.2 % of CPU usage
Tests run: 8, Failures: 0, Errors: 0, Skipped: 0, Time elapsed: 19.781 sec - in com.github.plokhotnyuk.actors.LiftActorSpec
Running com.github.plokhotnyuk.actors.MinimalistActorSpec
Executor service type: lbq-thread-pool

Enqueueing:
10,000,000 ops
289,473,954 ns
34,545,422 ops/s
25.6 % of CPU usage
24 bytes per instance

Dequeueing:
2,000,000 ops
661,506,933 ns
3,023,399 ops/s
42.4 % of CPU usage

Initiation:
2,000,000 ops
467,811,507 ns
233 ns/op
72.5 % of CPU usage
160 bytes per instance

Single-producer sending:
3,000,000 ops
2,694,755,817 ns
1,113,273 ops/s
40.7 % of CPU usage

Multi-producer sending:
3,000,000 ops
1,298,794,242 ns
2,309,834 ops/s
46.2 % of CPU usage

Max throughput:
6,000,000 ops
1,878,826,366 ns
3,193,482 ops/s
44.4 % of CPU usage

Ping latency:
2,000,000 ops
5,557,075,948 ns
2,778 ns/op
26.3 % of CPU usage

Ping throughput 10K:
4,000,000 ops
2,126,554,756 ns
1,880,976 ops/s
58.0 % of CPU usage
Tests run: 8, Failures: 0, Errors: 0, Skipped: 0, Time elapsed: 26.301 sec - in com.github.plokhotnyuk.actors.MinimalistActorSpec
Running com.github.plokhotnyuk.actors.ScalaActorSpec
Executor service type: lbq-thread-pool

Enqueueing:
40,000,000 ops
1,075,157,556 ns
37,203,849 ops/s
25.4 % of CPU usage
24 bytes per instance

Dequeueing:
600,000 ops
2,416,669,049 ns
248,275 ops/s
59.4 % of CPU usage

Initiation:
600,000 ops
543,399,376 ns
905 ns/op
94.7 % of CPU usage
232 bytes per instance

Single-producer sending:
300,000 ops
1,391,236,921 ns
215,635 ops/s
54.9 % of CPU usage

Multi-producer sending:
300,000 ops
1,339,230,904 ns
224,009 ops/s
50.7 % of CPU usage

Max throughput:
600,000 ops
892,369,152 ns
672,367 ops/s
91.8 % of CPU usage

Ping latency:
250,000 ops
1,753,533,594 ns
7,014 ns/op
50.0 % of CPU usage

Ping throughput 10K:
400,000 ops
834,960,389 ns
479,064 ops/s
93.4 % of CPU usage
Tests run: 8, Failures: 0, Errors: 0, Skipped: 0, Time elapsed: 20.592 sec - in com.github.plokhotnyuk.actors.ScalaActorSpec
Running com.github.plokhotnyuk.actors.ScalazActorSpec
Executor service type: lbq-thread-pool

Enqueueing:
40,000,000 ops
696,845,808 ns
57,401,507 ops/s
25.2 % of CPU usage
24 bytes per instance

Dequeueing:
40,000,000 ops
214,111,872 ns
186,818,225 ops/s
34.6 % of CPU usage

Initiation:
10,000,000 ops
327,184,319 ns
32 ns/op
50.1 % of CPU usage
104 bytes per instance

Single-producer sending:
16,000,000 ops
475,083,589 ns
33,678,283 ops/s
68.1 % of CPU usage

Multi-producer sending:
16,000,000 ops
964,709,143 ns
16,585,309 ops/s
92.6 % of CPU usage

Max throughput:
32,000,000 ops
345,000,920 ns
92,753,375 ops/s
84.8 % of CPU usage

Ping latency:
3,200,000 ops
3,006,463,136 ns
939 ns/op
35.4 % of CPU usage

Ping throughput 10K:
8,000,000 ops
4,244,537,691 ns
1,884,775 ops/s
51.9 % of CPU usage
Tests run: 8, Failures: 0, Errors: 0, Skipped: 0, Time elapsed: 26.928 sec - in com.github.plokhotnyuk.actors.ScalazActorSpec
Running com.github.plokhotnyuk.actors.ScalazBoundedActor2Spec
Executor service type: lbq-thread-pool

Enqueueing:
40,000,000 ops
723,641,818 ns
55,275,965 ops/s
25.3 % of CPU usage
24 bytes per instance

Dequeueing:
40,000,000 ops
189,949,792 ns
210,581,962 ops/s
32.9 % of CPU usage

Initiation:
10,000,000 ops
246,785,659 ns
24 ns/op
64.8 % of CPU usage
56 bytes per instance

Single-producer sending:
16,000,000 ops
540,147,098 ns
29,621,560 ops/s
67.9 % of CPU usage

Multi-producer sending:
16,000,000 ops
1,143,504,132 ns
13,992,078 ops/s
95.5 % of CPU usage

Max throughput:
32,000,000 ops
358,207,959 ns
89,333,581 ops/s
88.2 % of CPU usage

Ping latency:
3,200,000 ops
1,135,192,553 ns
354 ns/op
38.5 % of CPU usage

Ping throughput 10K:
8,000,000 ops
3,437,778,614 ns
2,327,084 ops/s
46.4 % of CPU usage

Overflow throughput:
100,000,000 ops
780,470,721 ns
128,127,804 ops/s
25.0 % of CPU usage
Tests run: 9, Failures: 0, Errors: 0, Skipped: 0, Time elapsed: 22.027 sec - in com.github.plokhotnyuk.actors.ScalazBoundedActor2Spec
Running com.github.plokhotnyuk.actors.ScalazUnboundedActor2Spec
Executor service type: lbq-thread-pool

Enqueueing:
40,000,000 ops
766,251,308 ns
52,202,194 ops/s
25.4 % of CPU usage
24 bytes per instance

Dequeueing:
40,000,000 ops
189,469,263 ns
211,116,037 ops/s
41.2 % of CPU usage

Initiation:
10,000,000 ops
218,031,245 ns
21 ns/op
64.4 % of CPU usage
48 bytes per instance

Single-producer sending:
16,000,000 ops
392,513,567 ns
40,762,922 ops/s
52.7 % of CPU usage

Multi-producer sending:
16,000,000 ops
873,061,848 ns
18,326,307 ops/s
95.6 % of CPU usage

Max throughput:
32,000,000 ops
298,349,999 ns
107,256,578 ops/s
85.0 % of CPU usage

Ping latency:
3,200,000 ops
1,196,934,876 ns
374 ns/op
39.8 % of CPU usage

Ping throughput 10K:
8,000,000 ops
3,463,264,989 ns
2,309,958 ops/s
48.3 % of CPU usage
Tests run: 8, Failures: 0, Errors: 0, Skipped: 0, Time elapsed: 20.03 sec - in com.github.plokhotnyuk.actors.ScalazUnboundedActor2Spec

Results :

Tests run: 91, Failures: 0, Errors: 0, Skipped: 0

[INFO] ------------------------------------------------------------------------
[INFO] BUILD SUCCESS
[INFO] ------------------------------------------------------------------------
[INFO] Total time: 4:18.448s
[INFO] Finished at: Sun Dec 28 10:46:39 EET 2014
[INFO] Final Memory: 20M/1024M
[INFO] ------------------------------------------------------------------------
