[INFO] Scanning for projects...
[INFO]                                                                         
[INFO] ------------------------------------------------------------------------
[INFO] Building Actors 1.0-SNAPSHOT
[INFO] ------------------------------------------------------------------------
[INFO] 
[INFO] --- maven-clean-plugin:2.5:clean (default-clean) @ actors ---
[INFO] Deleting C:\Users\Andriy\Projects\com\github\plokhotnyuk\actors\target
[INFO] 
[INFO] --- maven-resources-plugin:2.6:resources (default-resources) @ actors ---
[INFO] Using 'UTF-8' encoding to copy filtered resources.
[INFO] skip non existing resourceDirectory C:\Users\Andriy\Projects\com\github\plokhotnyuk\actors\src\main\resources
[INFO] 
[INFO] --- maven-resources-plugin:2.6:testResources (default-testResources) @ actors ---
[INFO] Using 'UTF-8' encoding to copy filtered resources.
[INFO] skip non existing resourceDirectory C:\Users\Andriy\Projects\com\github\plokhotnyuk\actors\src\test\resources
[INFO] 
[INFO] --- scala-maven-plugin:3.1.6:testCompile (testCompile) @ actors ---
[WARNING]  Expected all dependencies to require Scala version: 2.11.4
[WARNING]  com.github.plokhotnyuk.actors:actors:1.0-SNAPSHOT requires scala version: 2.11.4
[WARNING]  com.typesafe.akka:akka-actor_2.11:2.3.8 requires scala version: 2.11.4
[WARNING]  net.liftweb:lift-actor_2.11:3.0-M2 requires scala version: 2.11.2
[WARNING] Multiple versions of scala libraries detected!
[INFO] C:\Users\Andriy\Projects\com\github\plokhotnyuk\actors\src\test\scala:-1: info: compiling
[INFO] Compiling 17 source files to C:\Users\Andriy\Projects\com\github\plokhotnyuk\actors\target\test-classes at 1419752356781
[WARNING] C:\Users\Andriy\Projects\com\github\plokhotnyuk\actors\src\test\scala\com\github\gist\viktorklang\Actor.scala:39: warning: This catches all Throwables. If this is really intended, use `case t : Throwable` to clear this warning.
[WARNING]           try e.execute(this) catch { case t => on.set(0); throw t } // Schedule to run on the Executor and back out on failure
[WARNING]                                            ^
[WARNING] C:\Users\Andriy\Projects\com\github\plokhotnyuk\actors\src\test\scala\com\github\plokhotnyuk\actors\ScalaActorSpec.scala:9: warning: trait SchedulerAdapter in package actors is deprecated: Use the akka.actor package instead. For migration from the scala.actors package refer to the Actors Migration Guide.
[WARNING]   val customScheduler = new SchedulerAdapter {
[WARNING]                             ^
[WARNING] C:\Users\Andriy\Projects\com\github\plokhotnyuk\actors\src\test\scala\com\github\plokhotnyuk\actors\ScalaActorSpec.scala:53: warning: trait Actor in package actors is deprecated: Use the akka.actor package instead. For migration from the scala.actors package refer to the Actors Migration Guide.
[WARNING]     footprintedAndTimedCollect(600000)(() => new Actor {
[WARNING]                                                  ^
[WARNING] C:\Users\Andriy\Projects\com\github\plokhotnyuk\actors\src\test\scala\com\github\plokhotnyuk\actors\ScalaActorSpec.scala:126: warning: trait Actor in package actors is deprecated: Use the akka.actor package instead. For migration from the scala.actors package refer to the Actors Migration Guide.
[WARNING]   private def replayAndCountActor(l: CountDownLatch, n: Int): Actor =
[WARNING]                                                               ^
[WARNING] C:\Users\Andriy\Projects\com\github\plokhotnyuk\actors\src\test\scala\com\github\plokhotnyuk\actors\ScalaActorSpec.scala:127: warning: trait Actor in package actors is deprecated: Use the akka.actor package instead. For migration from the scala.actors package refer to the Actors Migration Guide.
[WARNING]     new Actor {
[WARNING]         ^
[WARNING] C:\Users\Andriy\Projects\com\github\plokhotnyuk\actors\src\test\scala\com\github\plokhotnyuk\actors\ScalaActorSpec.scala:141: warning: trait IScheduler in package actors is deprecated: Use the akka.actor package instead. For migration from the scala.actors package refer to the Actors Migration Guide.
[WARNING]       override def scheduler: IScheduler = customScheduler
[WARNING]                               ^
[WARNING] C:\Users\Andriy\Projects\com\github\plokhotnyuk\actors\src\test\scala\com\github\plokhotnyuk\actors\ScalaActorSpec.scala:144: warning: trait Actor in package actors is deprecated: Use the akka.actor package instead. For migration from the scala.actors package refer to the Actors Migration Guide.
[WARNING]   private def blockableCountActor(l1: CountDownLatch, l2: CountDownLatch, n: Int): Actor =
[WARNING]                                                                                    ^
[WARNING] C:\Users\Andriy\Projects\com\github\plokhotnyuk\actors\src\test\scala\com\github\plokhotnyuk\actors\ScalaActorSpec.scala:145: warning: trait Actor in package actors is deprecated: Use the akka.actor package instead. For migration from the scala.actors package refer to the Actors Migration Guide.
[WARNING]     new Actor {
[WARNING]         ^
[WARNING] C:\Users\Andriy\Projects\com\github\plokhotnyuk\actors\src\test\scala\com\github\plokhotnyuk\actors\ScalaActorSpec.scala:164: warning: trait IScheduler in package actors is deprecated: Use the akka.actor package instead. For migration from the scala.actors package refer to the Actors Migration Guide.
[WARNING]       override def scheduler: IScheduler = customScheduler
[WARNING]                               ^
[WARNING] C:\Users\Andriy\Projects\com\github\plokhotnyuk\actors\src\test\scala\com\github\plokhotnyuk\actors\ScalaActorSpec.scala:167: warning: trait Actor in package actors is deprecated: Use the akka.actor package instead. For migration from the scala.actors package refer to the Actors Migration Guide.
[WARNING]   private def countActor(l: CountDownLatch, n: Int): Actor =
[WARNING]                                                      ^
[WARNING] C:\Users\Andriy\Projects\com\github\plokhotnyuk\actors\src\test\scala\com\github\plokhotnyuk\actors\ScalaActorSpec.scala:168: warning: trait Actor in package actors is deprecated: Use the akka.actor package instead. For migration from the scala.actors package refer to the Actors Migration Guide.
[WARNING]     new Actor {
[WARNING]         ^
[WARNING] C:\Users\Andriy\Projects\com\github\plokhotnyuk\actors\src\test\scala\com\github\plokhotnyuk\actors\ScalaActorSpec.scala:181: warning: trait IScheduler in package actors is deprecated: Use the akka.actor package instead. For migration from the scala.actors package refer to the Actors Migration Guide.
[WARNING]       override def scheduler: IScheduler = customScheduler
[WARNING]                               ^
[WARNING] C:\Users\Andriy\Projects\com\github\plokhotnyuk\actors\src\test\scala\com\github\plokhotnyuk\actors\ScalaActorSpec.scala:184: warning: trait Actor in package actors is deprecated: Use the akka.actor package instead. For migration from the scala.actors package refer to the Actors Migration Guide.
[WARNING]   private def sendMessages(a: Actor, n: Int): Unit = {
[WARNING]                               ^
[WARNING] 13 warnings found
[INFO] prepare-compile in 0 s
[INFO] compile in 14 s
[INFO] ------------------------------------------------------------------------
[INFO] BUILD SUCCESS
[INFO] ------------------------------------------------------------------------
[INFO] Total time: 15.428s
[INFO] Finished at: Sun Dec 28 09:39:30 EET 2014
[INFO] Final Memory: 15M/1024M
[INFO] ------------------------------------------------------------------------
[INFO] Scanning for projects...
[INFO]                                                                         
[INFO] ------------------------------------------------------------------------
[INFO] Building Actors 1.0-SNAPSHOT
[INFO] ------------------------------------------------------------------------
[INFO] 
[INFO] --- maven-resources-plugin:2.6:resources (default-resources) @ actors ---
[INFO] Using 'UTF-8' encoding to copy filtered resources.
[INFO] skip non existing resourceDirectory C:\Users\Andriy\Projects\com\github\plokhotnyuk\actors\src\main\resources
[INFO] 
[INFO] --- maven-resources-plugin:2.6:testResources (default-testResources) @ actors ---
[INFO] Using 'UTF-8' encoding to copy filtered resources.
[INFO] skip non existing resourceDirectory C:\Users\Andriy\Projects\com\github\plokhotnyuk\actors\src\test\resources
[INFO] 
[INFO] --- scala-maven-plugin:3.1.6:testCompile (testCompile) @ actors ---
[WARNING]  Expected all dependencies to require Scala version: 2.11.4
[WARNING]  com.github.plokhotnyuk.actors:actors:1.0-SNAPSHOT requires scala version: 2.11.4
[WARNING]  com.typesafe.akka:akka-actor_2.11:2.3.8 requires scala version: 2.11.4
[WARNING]  net.liftweb:lift-actor_2.11:3.0-M2 requires scala version: 2.11.2
[WARNING] Multiple versions of scala libraries detected!
[INFO] Nothing to compile - all classes are up to date
[INFO] 
[INFO] --- maven-surefire-plugin:2.16:test (default-test) @ actors ---
[INFO] Surefire report directory: C:\Users\Andriy\Projects\com\github\plokhotnyuk\actors\target\surefire-reports

-------------------------------------------------------
 T E S T S
-------------------------------------------------------

-------------------------------------------------------
 T E S T S
-------------------------------------------------------
Running com.github.plokhotnyuk.actors.AkkaActorSpec
Executor service type: akka-forkjoin-pool

Enqueueing:
10,000,000 ops
338,452,014 ns
29,546,285 ops/s
31.1 % of CPU usage
48 bytes per instance

Dequeueing:
10,000,000 ops
719,248,146 ns
13,903,407 ops/s
28.7 % of CPU usage

Initiation:
100,000 ops
676,610,800 ns
6,766 ns/op
65.1 % of CPU usage
388 bytes per instance

Single-producer sending:
6,000,000 ops
627,719,241 ns
9,558,413 ops/s
41.0 % of CPU usage

Multi-producer sending:
6,000,000 ops
825,369,597 ns
7,269,470 ops/s
69.0 % of CPU usage

Max throughput:
12,000,000 ops
979,208,956 ns
12,254,789 ops/s
38.6 % of CPU usage

Ping latency:
1,500,000 ops
300,960,471 ns
200 ns/op
25.9 % of CPU usage

Ping throughput 10K:
2,000,000 ops
819,846,260 ns
2,439,481 ops/s
68.5 % of CPU usage
Tests run: 8, Failures: 0, Errors: 0, Skipped: 0, Time elapsed: 16.973 sec - in com.github.plokhotnyuk.actors.AkkaActorSpec
Running com.github.plokhotnyuk.actors.AkkaBalanceableActorSpec
Executor service type: akka-forkjoin-pool

Enqueueing:
10,000,000 ops
309,976,534 ns
32,260,506 ops/s
27.7 % of CPU usage
48 bytes per instance

Dequeueing:
10,000,000 ops
547,505,683 ns
18,264,650 ops/s
29.2 % of CPU usage

Initiation:
100,000 ops
635,256,696 ns
6,352 ns/op
62.6 % of CPU usage
388 bytes per instance

Single-producer sending:
6,000,000 ops
595,274,173 ns
10,079,389 ops/s
42.6 % of CPU usage

Multi-producer sending:
6,000,000 ops
707,744,401 ns
8,477,636 ops/s
67.8 % of CPU usage

Max throughput:
12,000,000 ops
792,566,421 ns
15,140,686 ops/s
39.9 % of CPU usage

Ping latency:
1,500,000 ops
232,694,534 ns
155 ns/op
25.1 % of CPU usage

Ping throughput 10K:
2,000,000 ops
743,244,185 ns
2,690,905 ops/s
73.5 % of CPU usage
Tests run: 8, Failures: 0, Errors: 0, Skipped: 0, Time elapsed: 16.224 sec - in com.github.plokhotnyuk.actors.AkkaBalanceableActorSpec
Running com.github.plokhotnyuk.actors.AkkaBoundedActorSpec
Executor service type: akka-forkjoin-pool

Enqueueing:
10,000,000 ops
711,261,684 ns
14,059,522 ops/s
29.1 % of CPU usage
48 bytes per instance

Dequeueing:
10,000,000 ops
778,291,295 ns
12,848,659 ops/s
27.1 % of CPU usage

Initiation:
100,000 ops
679,647,553 ns
6,796 ns/op
63.1 % of CPU usage
572 bytes per instance

Single-producer sending:
6,000,000 ops
1,088,138,076 ns
5,514,006 ops/s
54.1 % of CPU usage

Multi-producer sending:
6,000,000 ops
1,503,034,555 ns
3,991,924 ops/s
72.1 % of CPU usage

Max throughput:
12,000,000 ops
1,195,958,423 ns
10,033,793 ops/s
46.0 % of CPU usage

Ping latency:
1,500,000 ops
335,821,382 ns
223 ns/op
25.5 % of CPU usage

Ping throughput 10K:
2,000,000 ops
849,550,370 ns
2,354,186 ops/s
69.8 % of CPU usage

Overflow throughput:
5,000,000 ops
511,717,070 ns
9,771,024 ops/s
25.2 % of CPU usage
Tests run: 9, Failures: 0, Errors: 0, Skipped: 0, Time elapsed: 19.921 sec - in com.github.plokhotnyuk.actors.AkkaBoundedActorSpec
Running com.github.plokhotnyuk.actors.AkkaNonBalanceableActorSpec
Executor service type: akka-forkjoin-pool

Enqueueing:
10,000,000 ops
273,690,897 ns
36,537,568 ops/s
28.5 % of CPU usage
48 bytes per instance

Dequeueing:
10,000,000 ops
540,957,144 ns
18,485,752 ops/s
26.0 % of CPU usage

Initiation:
100,000 ops
630,385,428 ns
6,303 ns/op
58.8 % of CPU usage
388 bytes per instance

Single-producer sending:
6,000,000 ops
560,579,670 ns
10,703,206 ops/s
42.4 % of CPU usage

Multi-producer sending:
6,000,000 ops
690,431,787 ns
8,690,214 ops/s
70.6 % of CPU usage

Max throughput:
12,000,000 ops
749,621,551 ns
16,008,077 ops/s
39.5 % of CPU usage

Ping latency:
1,500,000 ops
222,647,038 ns
148 ns/op
28.0 % of CPU usage

Ping throughput 10K:
2,000,000 ops
742,681,551 ns
2,692,944 ops/s
68.8 % of CPU usage
Tests run: 8, Failures: 0, Errors: 0, Skipped: 0, Time elapsed: 15.771 sec - in com.github.plokhotnyuk.actors.AkkaNonBalanceableActorSpec
Running com.github.plokhotnyuk.actors.AkkaNonBlockingBoundedActorSpec
Executor service type: akka-forkjoin-pool

Enqueueing:
10,000,000 ops
338,101,605 ns
29,576,907 ops/s
31.1 % of CPU usage
48 bytes per instance

Dequeueing:
10,000,000 ops
542,417,792 ns
18,435,973 ops/s
28.0 % of CPU usage

Initiation:
100,000 ops
624,560,431 ns
6,245 ns/op
59.3 % of CPU usage
388 bytes per instance

Single-producer sending:
6,000,000 ops
599,234,965 ns
10,012,766 ops/s
44.9 % of CPU usage

Multi-producer sending:
6,000,000 ops
838,069,351 ns
7,159,312 ops/s
71.2 % of CPU usage

Max throughput:
12,000,000 ops
870,369,271 ns
13,787,251 ops/s
39.0 % of CPU usage

Ping latency:
1,500,000 ops
233,021,850 ns
155 ns/op
28.5 % of CPU usage

Ping throughput 10K:
2,000,000 ops
772,528,244 ns
2,588,902 ops/s
79.8 % of CPU usage

Overflow throughput:
5,000,000 ops
456,853,901 ns
10,944,417 ops/s
26.5 % of CPU usage
Tests run: 9, Failures: 0, Errors: 0, Skipped: 0, Time elapsed: 17.129 sec - in com.github.plokhotnyuk.actors.AkkaNonBlockingBoundedActorSpec
Running com.github.plokhotnyuk.actors.LiftActorSpec
Executor service type: akka-forkjoin-pool

Enqueueing:
10,000,000 ops
401,525,964 ns
24,904,989 ops/s
26.2 % of CPU usage
24 bytes per instance

Dequeueing:
10,000,000 ops
409,845,608 ns
24,399,431 ops/s
26.6 % of CPU usage

Initiation:
10,000,000 ops
696,576,404 ns
69 ns/op
36.4 % of CPU usage
72 bytes per instance

Single-producer sending:
6,000,000 ops
679,055,963 ns
8,835,796 ops/s
48.2 % of CPU usage

Multi-producer sending:
6,000,000 ops
896,313,817 ns
6,694,084 ops/s
72.2 % of CPU usage

Max throughput:
12,000,000 ops
902,468,330 ns
13,296,865 ops/s
44.5 % of CPU usage

Ping latency:
1,500,000 ops
714,217,434 ns
476 ns/op
28.4 % of CPU usage

Ping throughput 10K:
2,000,000 ops
869,698,142 ns
2,299,648 ops/s
26.9 % of CPU usage
Tests run: 8, Failures: 0, Errors: 0, Skipped: 0, Time elapsed: 15.975 sec - in com.github.plokhotnyuk.actors.LiftActorSpec
Running com.github.plokhotnyuk.actors.MinimalistActorSpec
Executor service type: akka-forkjoin-pool

Enqueueing:
10,000,000 ops
286,975,276 ns
34,846,207 ops/s
25.8 % of CPU usage
24 bytes per instance

Dequeueing:
2,000,000 ops
141,597,043 ns
14,124,588 ops/s
27.5 % of CPU usage

Initiation:
2,000,000 ops
370,412,889 ns
185 ns/op
62.1 % of CPU usage
152 bytes per instance

Single-producer sending:
3,000,000 ops
419,022,946 ns
7,159,512 ops/s
45.6 % of CPU usage

Multi-producer sending:
3,000,000 ops
475,095,685 ns
6,314,517 ops/s
61.6 % of CPU usage

Max throughput:
6,000,000 ops
512,625,713 ns
11,704,446 ops/s
33.5 % of CPU usage

Ping latency:
2,000,000 ops
211,480,873 ns
105 ns/op
25.8 % of CPU usage

Ping throughput 10K:
4,000,000 ops
418,854,339 ns
9,549,859 ops/s
27.0 % of CPU usage
Tests run: 8, Failures: 0, Errors: 0, Skipped: 0, Time elapsed: 9.688 sec - in com.github.plokhotnyuk.actors.MinimalistActorSpec
Running com.github.plokhotnyuk.actors.ScalaActorSpec
Executor service type: akka-forkjoin-pool

Enqueueing:
40,000,000 ops
1,063,374,510 ns
37,616,098 ops/s
25.7 % of CPU usage
24 bytes per instance

Dequeueing:
600,000 ops
720,440,122 ns
832,824 ops/s
41.1 % of CPU usage

Initiation:
600,000 ops
401,540,259 ns
669 ns/op
63.1 % of CPU usage
228 bytes per instance

Single-producer sending:
300,000 ops
574,792,119 ns
521,927 ops/s
40.0 % of CPU usage

Multi-producer sending:
300,000 ops
472,351,427 ns
635,120 ops/s
28.9 % of CPU usage

Max throughput:
600,000 ops
899,108,656 ns
667,327 ops/s
27.3 % of CPU usage

Ping latency:
250,000 ops
762,690,773 ns
3,050 ns/op
32.2 % of CPU usage

Ping throughput 10K:
400,000 ops
1,004,844,512 ns
398,071 ops/s
26.0 % of CPU usage
Tests run: 8, Failures: 0, Errors: 0, Skipped: 0, Time elapsed: 17.145 sec - in com.github.plokhotnyuk.actors.ScalaActorSpec
Running com.github.plokhotnyuk.actors.ScalazActorSpec
Executor service type: akka-forkjoin-pool

Enqueueing:
40,000,000 ops
694,714,032 ns
57,577,648 ops/s
25.3 % of CPU usage
24 bytes per instance

Dequeueing:
40,000,000 ops
132,451,593 ns
301,997,122 ops/s
26.5 % of CPU usage

Initiation:
10,000,000 ops
311,492,163 ns
31 ns/op
51.3 % of CPU usage
104 bytes per instance

Single-producer sending:
16,000,000 ops
503,909,110 ns
31,751,757 ops/s
49.5 % of CPU usage

Multi-producer sending:
16,000,000 ops
1,007,906,924 ns
15,874,481 ops/s
89.4 % of CPU usage

Max throughput:
32,000,000 ops
280,112,615 ns
114,239,767 ops/s
66.8 % of CPU usage

Ping latency:
3,200,000 ops
388,630,847 ns
121 ns/op
28.1 % of CPU usage

Ping throughput 10K:
8,000,000 ops
2,008,292,886 ns
3,983,482 ops/s
25.4 % of CPU usage
Tests run: 8, Failures: 0, Errors: 0, Skipped: 0, Time elapsed: 21.404 sec - in com.github.plokhotnyuk.actors.ScalazActorSpec
Running com.github.plokhotnyuk.actors.ScalazBoundedActor2Spec
Executor service type: akka-forkjoin-pool

Enqueueing:
40,000,000 ops
727,464,425 ns
54,985,506 ops/s
24.7 % of CPU usage
24 bytes per instance

Dequeueing:
40,000,000 ops
176,371,084 ns
226,794,546 ops/s
26.5 % of CPU usage

Initiation:
10,000,000 ops
268,982,004 ns
26 ns/op
63.8 % of CPU usage
56 bytes per instance

Single-producer sending:
16,000,000 ops
564,383,218 ns
28,349,531 ops/s
53.2 % of CPU usage

Multi-producer sending:
16,000,000 ops
1,101,803,285 ns
14,521,648 ops/s
90.3 % of CPU usage

Max throughput:
32,000,000 ops
329,733,580 ns
97,048,047 ops/s
79.2 % of CPU usage

Ping latency:
3,200,000 ops
224,577,585 ns
70 ns/op
29.5 % of CPU usage

Ping throughput 10K:
8,000,000 ops
516,859,575 ns
15,478,091 ops/s
25.7 % of CPU usage

Overflow throughput:
100,000,000 ops
785,907,556 ns
127,241,428 ops/s
24.8 % of CPU usage
Tests run: 9, Failures: 0, Errors: 0, Skipped: 0, Time elapsed: 17.582 sec - in com.github.plokhotnyuk.actors.ScalazBoundedActor2Spec
Running com.github.plokhotnyuk.actors.ScalazUnboundedActor2Spec
Executor service type: akka-forkjoin-pool

Enqueueing:
40,000,000 ops
758,609,023 ns
52,728,083 ops/s
24.7 % of CPU usage
24 bytes per instance

Dequeueing:
40,000,000 ops
133,953,659 ns
298,610,730 ops/s
32.0 % of CPU usage

Initiation:
10,000,000 ops
230,166,899 ns
23 ns/op
59.3 % of CPU usage
48 bytes per instance

Single-producer sending:
16,000,000 ops
639,465,634 ns
25,020,891 ops/s
51.2 % of CPU usage

Multi-producer sending:
16,000,000 ops
973,585,188 ns
16,434,103 ops/s
90.1 % of CPU usage

Max throughput:
32,000,000 ops
292,077,463 ns
109,559,976 ops/s
73.4 % of CPU usage

Ping latency:
3,200,000 ops
213,775,758 ns
66 ns/op
25.5 % of CPU usage

Ping throughput 10K:
8,000,000 ops
532,984,611 ns
15,009,814 ops/s
25.6 % of CPU usage
Tests run: 8, Failures: 0, Errors: 0, Skipped: 0, Time elapsed: 15.928 sec - in com.github.plokhotnyuk.actors.ScalazUnboundedActor2Spec

Results :

Tests run: 91, Failures: 0, Errors: 0, Skipped: 0

[INFO] ------------------------------------------------------------------------
[INFO] BUILD SUCCESS
[INFO] ------------------------------------------------------------------------
[INFO] Total time: 3:19.353s
[INFO] Finished at: Sun Dec 28 09:42:51 EET 2014
[INFO] Final Memory: 20M/1024M
[INFO] ------------------------------------------------------------------------
[INFO] Scanning for projects...
[INFO]                                                                         
[INFO] ------------------------------------------------------------------------
[INFO] Building Actors 1.0-SNAPSHOT
[INFO] ------------------------------------------------------------------------
[INFO] 
[INFO] --- maven-resources-plugin:2.6:resources (default-resources) @ actors ---
[INFO] Using 'UTF-8' encoding to copy filtered resources.
[INFO] skip non existing resourceDirectory C:\Users\Andriy\Projects\com\github\plokhotnyuk\actors\src\main\resources
[INFO] 
[INFO] --- maven-resources-plugin:2.6:testResources (default-testResources) @ actors ---
[INFO] Using 'UTF-8' encoding to copy filtered resources.
[INFO] skip non existing resourceDirectory C:\Users\Andriy\Projects\com\github\plokhotnyuk\actors\src\test\resources
[INFO] 
[INFO] --- scala-maven-plugin:3.1.6:testCompile (testCompile) @ actors ---
[WARNING]  Expected all dependencies to require Scala version: 2.11.4
[WARNING]  com.github.plokhotnyuk.actors:actors:1.0-SNAPSHOT requires scala version: 2.11.4
[WARNING]  com.typesafe.akka:akka-actor_2.11:2.3.8 requires scala version: 2.11.4
[WARNING]  net.liftweb:lift-actor_2.11:3.0-M2 requires scala version: 2.11.2
[WARNING] Multiple versions of scala libraries detected!
[INFO] Nothing to compile - all classes are up to date
[INFO] 
[INFO] --- maven-surefire-plugin:2.16:test (default-test) @ actors ---
[INFO] Surefire report directory: C:\Users\Andriy\Projects\com\github\plokhotnyuk\actors\target\surefire-reports

-------------------------------------------------------
 T E S T S
-------------------------------------------------------

-------------------------------------------------------
 T E S T S
-------------------------------------------------------
Running com.github.plokhotnyuk.actors.AkkaActorSpec
Executor service type: scala-forkjoin-pool

Enqueueing:
10,000,000 ops
333,310,608 ns
30,002,045 ops/s
28.1 % of CPU usage
48 bytes per instance

Dequeueing:
10,000,000 ops
703,978,972 ns
14,204,969 ops/s
30.5 % of CPU usage

Initiation:
100,000 ops
631,603,428 ns
6,316 ns/op
53.1 % of CPU usage
388 bytes per instance

Single-producer sending:
6,000,000 ops
643,953,139 ns
9,317,448 ops/s
40.0 % of CPU usage

Multi-producer sending:
6,000,000 ops
815,908,926 ns
7,353,761 ops/s
67.4 % of CPU usage

Max throughput:
12,000,000 ops
995,263,250 ns
12,057,111 ops/s
38.8 % of CPU usage

Ping latency:
1,500,000 ops
349,367,469 ns
232 ns/op
26.8 % of CPU usage

Ping throughput 10K:
2,000,000 ops
1,769,184,332 ns
1,130,464 ops/s
37.3 % of CPU usage
Tests run: 8, Failures: 0, Errors: 0, Skipped: 0, Time elapsed: 17.909 sec - in com.github.plokhotnyuk.actors.AkkaActorSpec
Running com.github.plokhotnyuk.actors.AkkaBalanceableActorSpec
Executor service type: scala-forkjoin-pool

Enqueueing:
10,000,000 ops
278,451,105 ns
35,912,947 ops/s
29.4 % of CPU usage
48 bytes per instance

Dequeueing:
10,000,000 ops
551,102,138 ns
18,145,456 ops/s
26.9 % of CPU usage

Initiation:
100,000 ops
638,651,190 ns
6,386 ns/op
61.1 % of CPU usage
388 bytes per instance

Single-producer sending:
6,000,000 ops
599,838,284 ns
10,002,695 ops/s
49.4 % of CPU usage

Multi-producer sending:
6,000,000 ops
724,355,831 ns
8,283,221 ops/s
63.0 % of CPU usage

Max throughput:
12,000,000 ops
837,514,048 ns
14,328,117 ops/s
39.6 % of CPU usage

Ping latency:
1,500,000 ops
313,560,160 ns
209 ns/op
27.4 % of CPU usage

Ping throughput 10K:
2,000,000 ops
1,721,391,651 ns
1,161,850 ops/s
38.5 % of CPU usage
Tests run: 8, Failures: 0, Errors: 0, Skipped: 0, Time elapsed: 16.567 sec - in com.github.plokhotnyuk.actors.AkkaBalanceableActorSpec
Running com.github.plokhotnyuk.actors.AkkaBoundedActorSpec
Executor service type: scala-forkjoin-pool

Enqueueing:
10,000,000 ops
557,567,108 ns
17,935,060 ops/s
30.8 % of CPU usage
48 bytes per instance

Dequeueing:
10,000,000 ops
792,780,845 ns
12,613,826 ops/s
28.5 % of CPU usage

Initiation:
100,000 ops
665,347,869 ns
6,653 ns/op
55.7 % of CPU usage
572 bytes per instance

Single-producer sending:
6,000,000 ops
935,500,590 ns
6,413,678 ops/s
53.4 % of CPU usage

Multi-producer sending:
6,000,000 ops
1,127,211,223 ns
5,322,871 ops/s
69.2 % of CPU usage

Max throughput:
12,000,000 ops
1,202,564,875 ns
9,978,671 ops/s
42.8 % of CPU usage

Ping latency:
1,500,000 ops
404,455,323 ns
269 ns/op
26.0 % of CPU usage

Ping throughput 10K:
2,000,000 ops
1,999,661,687 ns
1,000,169 ops/s
37.6 % of CPU usage

Overflow throughput:
5,000,000 ops
525,763,111 ns
9,509,986 ops/s
30.4 % of CPU usage
Tests run: 9, Failures: 0, Errors: 0, Skipped: 0, Time elapsed: 20.608 sec - in com.github.plokhotnyuk.actors.AkkaBoundedActorSpec
Running com.github.plokhotnyuk.actors.AkkaNonBalanceableActorSpec
Executor service type: scala-forkjoin-pool

Enqueueing:
10,000,000 ops
321,389,012 ns
31,114,940 ops/s
30.3 % of CPU usage
48 bytes per instance

Dequeueing:
10,000,000 ops
545,554,243 ns
18,329,983 ops/s
26.5 % of CPU usage

Initiation:
100,000 ops
633,277,767 ns
6,332 ns/op
54.8 % of CPU usage
388 bytes per instance

Single-producer sending:
6,000,000 ops
663,139,853 ns
9,047,865 ops/s
51.2 % of CPU usage

Multi-producer sending:
6,000,000 ops
698,891,080 ns
8,585,028 ops/s
67.0 % of CPU usage

Max throughput:
12,000,000 ops
790,039,154 ns
15,189,120 ops/s
41.5 % of CPU usage

Ping latency:
1,500,000 ops
289,541,763 ns
193 ns/op
24.2 % of CPU usage

Ping throughput 10K:
2,000,000 ops
1,687,266,379 ns
1,185,349 ops/s
38.6 % of CPU usage
Tests run: 8, Failures: 0, Errors: 0, Skipped: 0, Time elapsed: 16.364 sec - in com.github.plokhotnyuk.actors.AkkaNonBalanceableActorSpec
Running com.github.plokhotnyuk.actors.AkkaNonBlockingBoundedActorSpec
Executor service type: scala-forkjoin-pool

Enqueueing:
10,000,000 ops
316,472,293 ns
31,598,342 ops/s
29.6 % of CPU usage
48 bytes per instance

Dequeueing:
10,000,000 ops
551,275,877 ns
18,139,738 ops/s
29.0 % of CPU usage

Initiation:
100,000 ops
665,744,828 ns
6,657 ns/op
57.4 % of CPU usage
388 bytes per instance

Single-producer sending:
6,000,000 ops
580,376,300 ns
10,338,120 ops/s
42.3 % of CPU usage

Multi-producer sending:
6,000,000 ops
832,702,890 ns
7,205,451 ops/s
69.3 % of CPU usage

Max throughput:
12,000,000 ops
845,897,834 ns
14,186,110 ops/s
42.0 % of CPU usage

Ping latency:
1,500,000 ops
302,590,093 ns
201 ns/op
24.5 % of CPU usage

Ping throughput 10K:
2,000,000 ops
1,733,735,864 ns
1,153,578 ops/s
39.8 % of CPU usage

Overflow throughput:
5,000,000 ops
458,448,334 ns
10,906,354 ops/s
26.4 % of CPU usage
Tests run: 9, Failures: 0, Errors: 0, Skipped: 0, Time elapsed: 18.237 sec - in com.github.plokhotnyuk.actors.AkkaNonBlockingBoundedActorSpec
Running com.github.plokhotnyuk.actors.LiftActorSpec
Executor service type: scala-forkjoin-pool

Enqueueing:
10,000,000 ops
403,641,979 ns
24,774,430 ops/s
26.1 % of CPU usage
24 bytes per instance

Dequeueing:
10,000,000 ops
450,621,316 ns
22,191,582 ops/s
27.7 % of CPU usage

Initiation:
10,000,000 ops
693,269,879 ns
69 ns/op
36.6 % of CPU usage
72 bytes per instance

Single-producer sending:
6,000,000 ops
685,987,167 ns
8,746,519 ops/s
48.9 % of CPU usage

Multi-producer sending:
6,000,000 ops
866,055,138 ns
6,927,965 ops/s
77.0 % of CPU usage

Max throughput:
12,000,000 ops
896,873,518 ns
13,379,813 ops/s
44.8 % of CPU usage

Ping latency:
1,500,000 ops
801,195,422 ns
534 ns/op
31.6 % of CPU usage

Ping throughput 10K:
2,000,000 ops
1,035,851,658 ns
1,930,778 ops/s
25.2 % of CPU usage
Tests run: 8, Failures: 0, Errors: 0, Skipped: 0, Time elapsed: 16.459 sec - in com.github.plokhotnyuk.actors.LiftActorSpec
Running com.github.plokhotnyuk.actors.MinimalistActorSpec
Executor service type: scala-forkjoin-pool

Enqueueing:
10,000,000 ops
285,572,907 ns
35,017,327 ops/s
27.3 % of CPU usage
24 bytes per instance

Dequeueing:
2,000,000 ops
212,260,129 ns
9,422,400 ops/s
23.9 % of CPU usage

Initiation:
2,000,000 ops
427,366,047 ns
213 ns/op
57.5 % of CPU usage
152 bytes per instance

Single-producer sending:
3,000,000 ops
513,810,725 ns
5,838,725 ops/s
45.5 % of CPU usage

Multi-producer sending:
3,000,000 ops
523,600,546 ns
5,729,558 ops/s
49.9 % of CPU usage

Max throughput:
6,000,000 ops
703,479,017 ns
8,529,039 ops/s
34.9 % of CPU usage

Ping latency:
2,000,000 ops
296,046,685 ns
148 ns/op
30.3 % of CPU usage

Ping throughput 10K:
4,000,000 ops
686,933,197 ns
5,822,982 ops/s
25.5 % of CPU usage
Tests run: 8, Failures: 0, Errors: 0, Skipped: 0, Time elapsed: 10.593 sec - in com.github.plokhotnyuk.actors.MinimalistActorSpec
Running com.github.plokhotnyuk.actors.ScalaActorSpec
Executor service type: scala-forkjoin-pool

Enqueueing:
40,000,000 ops
1,072,270,349 ns
37,304,025 ops/s
25.5 % of CPU usage
24 bytes per instance

Dequeueing:
600,000 ops
891,241,686 ns
673,218 ops/s
41.1 % of CPU usage

Initiation:
600,000 ops
535,297,822 ns
892 ns/op
79.4 % of CPU usage
228 bytes per instance

Single-producer sending:
300,000 ops
634,628,087 ns
472,717 ops/s
44.9 % of CPU usage

Multi-producer sending:
300,000 ops
506,188,967 ns
592,664 ops/s
27.0 % of CPU usage

Max throughput:
600,000 ops
944,179,072 ns
635,472 ops/s
25.2 % of CPU usage

Ping latency:
250,000 ops
750,009,347 ns
3,000 ns/op
34.3 % of CPU usage

Ping throughput 10K:
400,000 ops
1,071,889,884 ns
373,172 ops/s
26.2 % of CPU usage
Tests run: 8, Failures: 0, Errors: 0, Skipped: 0, Time elapsed: 17.222 sec - in com.github.plokhotnyuk.actors.ScalaActorSpec
Running com.github.plokhotnyuk.actors.ScalazActorSpec
Executor service type: scala-forkjoin-pool

Enqueueing:
40,000,000 ops
698,710,012 ns
57,248,356 ops/s
25.1 % of CPU usage
24 bytes per instance

Dequeueing:
40,000,000 ops
131,489,069 ns
304,207,796 ops/s
26.7 % of CPU usage

Initiation:
10,000,000 ops
319,905,273 ns
31 ns/op
50.0 % of CPU usage
104 bytes per instance

Single-producer sending:
16,000,000 ops
573,631,664 ns
27,892,463 ops/s
49.6 % of CPU usage

Multi-producer sending:
16,000,000 ops
1,065,692,486 ns
15,013,711 ops/s
97.3 % of CPU usage

Max throughput:
32,000,000 ops
277,529,633 ns
115,303,002 ops/s
71.7 % of CPU usage

Ping latency:
3,200,000 ops
397,989,254 ns
124 ns/op
27.4 % of CPU usage

Ping throughput 10K:
8,000,000 ops
1,794,196,776 ns
4,458,819 ops/s
26.1 % of CPU usage
Tests run: 8, Failures: 0, Errors: 0, Skipped: 0, Time elapsed: 21.325 sec - in com.github.plokhotnyuk.actors.ScalazActorSpec
Running com.github.plokhotnyuk.actors.ScalazBoundedActor2Spec
Executor service type: scala-forkjoin-pool

Enqueueing:
40,000,000 ops
841,111,235 ns
47,556,135 ops/s
25.0 % of CPU usage
24 bytes per instance

Dequeueing:
40,000,000 ops
168,299,587 ns
237,671,409 ops/s
34.8 % of CPU usage

Initiation:
10,000,000 ops
253,348,493 ns
25 ns/op
61.6 % of CPU usage
56 bytes per instance

Single-producer sending:
16,000,000 ops
580,867,093 ns
27,545,027 ops/s
52.4 % of CPU usage

Multi-producer sending:
16,000,000 ops
1,221,985,073 ns
13,093,449 ops/s
97.7 % of CPU usage

Max throughput:
32,000,000 ops
327,798,267 ns
97,621,016 ops/s
67.8 % of CPU usage

Ping latency:
3,200,000 ops
214,320,431 ns
66 ns/op
30.9 % of CPU usage

Ping throughput 10K:
8,000,000 ops
502,888,673 ns
15,908,093 ops/s
27.1 % of CPU usage

Overflow throughput:
100,000,000 ops
778,807,012 ns
128,401,514 ops/s
24.5 % of CPU usage
Tests run: 9, Failures: 0, Errors: 0, Skipped: 0, Time elapsed: 17.987 sec - in com.github.plokhotnyuk.actors.ScalazBoundedActor2Spec
Running com.github.plokhotnyuk.actors.ScalazUnboundedActor2Spec
Executor service type: scala-forkjoin-pool

Enqueueing:
40,000,000 ops
756,971,339 ns
52,842,159 ops/s
25.2 % of CPU usage
24 bytes per instance

Dequeueing:
40,000,000 ops
143,347,254 ns
279,042,666 ops/s
27.2 % of CPU usage

Initiation:
10,000,000 ops
231,063,447 ns
23 ns/op
67.5 % of CPU usage
48 bytes per instance

Single-producer sending:
16,000,000 ops
462,876,827 ns
34,566,431 ops/s
51.4 % of CPU usage

Multi-producer sending:
16,000,000 ops
970,962,253 ns
16,478,498 ops/s
93.2 % of CPU usage

Max throughput:
32,000,000 ops
277,467,321 ns
115,328,896 ops/s
61.8 % of CPU usage

Ping latency:
3,200,000 ops
212,951,051 ns
66 ns/op
25.6 % of CPU usage

Ping throughput 10K:
8,000,000 ops
533,185,839 ns
15,004,149 ops/s
25.6 % of CPU usage
Tests run: 8, Failures: 0, Errors: 0, Skipped: 0, Time elapsed: 15.71 sec - in com.github.plokhotnyuk.actors.ScalazUnboundedActor2Spec

Results :

Tests run: 91, Failures: 0, Errors: 0, Skipped: 0

[INFO] ------------------------------------------------------------------------
[INFO] BUILD SUCCESS
[INFO] ------------------------------------------------------------------------
[INFO] Total time: 3:25.156s
[INFO] Finished at: Sun Dec 28 09:46:18 EET 2014
[INFO] Final Memory: 20M/1024M
[INFO] ------------------------------------------------------------------------
[INFO] Scanning for projects...
[INFO]                                                                         
[INFO] ------------------------------------------------------------------------
[INFO] Building Actors 1.0-SNAPSHOT
[INFO] ------------------------------------------------------------------------
[INFO] 
[INFO] --- maven-resources-plugin:2.6:resources (default-resources) @ actors ---
[INFO] Using 'UTF-8' encoding to copy filtered resources.
[INFO] skip non existing resourceDirectory C:\Users\Andriy\Projects\com\github\plokhotnyuk\actors\src\main\resources
[INFO] 
[INFO] --- maven-resources-plugin:2.6:testResources (default-testResources) @ actors ---
[INFO] Using 'UTF-8' encoding to copy filtered resources.
[INFO] skip non existing resourceDirectory C:\Users\Andriy\Projects\com\github\plokhotnyuk\actors\src\test\resources
[INFO] 
[INFO] --- scala-maven-plugin:3.1.6:testCompile (testCompile) @ actors ---
[WARNING]  Expected all dependencies to require Scala version: 2.11.4
[WARNING]  com.github.plokhotnyuk.actors:actors:1.0-SNAPSHOT requires scala version: 2.11.4
[WARNING]  com.typesafe.akka:akka-actor_2.11:2.3.8 requires scala version: 2.11.4
[WARNING]  net.liftweb:lift-actor_2.11:3.0-M2 requires scala version: 2.11.2
[WARNING] Multiple versions of scala libraries detected!
[INFO] Nothing to compile - all classes are up to date
[INFO] 
[INFO] --- maven-surefire-plugin:2.16:test (default-test) @ actors ---
[INFO] Surefire report directory: C:\Users\Andriy\Projects\com\github\plokhotnyuk\actors\target\surefire-reports

-------------------------------------------------------
 T E S T S
-------------------------------------------------------

-------------------------------------------------------
 T E S T S
-------------------------------------------------------
Running com.github.plokhotnyuk.actors.AkkaActorSpec
Executor service type: java-forkjoin-pool

Enqueueing:
10,000,000 ops
478,041,170 ns
20,918,700 ops/s
32.6 % of CPU usage
48 bytes per instance

Dequeueing:
10,000,000 ops
686,994,042 ns
14,556,166 ops/s
30.1 % of CPU usage

Initiation:
100,000 ops
654,061,114 ns
6,540 ns/op
62.0 % of CPU usage
420 bytes per instance

Single-producer sending:
6,000,000 ops
775,385,395 ns
7,738,087 ops/s
52.3 % of CPU usage

Multi-producer sending:
6,000,000 ops
809,587,640 ns
7,411,180 ops/s
73.2 % of CPU usage

Max throughput:
12,000,000 ops
1,008,861,384 ns
11,894,597 ops/s
38.3 % of CPU usage

Ping latency:
1,500,000 ops
288,150,391 ns
192 ns/op
24.4 % of CPU usage

Ping throughput 10K:
2,000,000 ops
755,958,965 ns
2,645,646 ops/s
55.7 % of CPU usage
Tests run: 8, Failures: 0, Errors: 0, Skipped: 0, Time elapsed: 16.224 sec - in com.github.plokhotnyuk.actors.AkkaActorSpec
Running com.github.plokhotnyuk.actors.AkkaBalanceableActorSpec
Executor service type: java-forkjoin-pool

Enqueueing:
10,000,000 ops
305,955,630 ns
32,684,477 ops/s
29.3 % of CPU usage
48 bytes per instance

Dequeueing:
10,000,000 ops
550,115,788 ns
18,177,991 ops/s
26.9 % of CPU usage

Initiation:
100,000 ops
692,777,620 ns
6,927 ns/op
63.6 % of CPU usage
420 bytes per instance

Single-producer sending:
6,000,000 ops
559,620,445 ns
10,721,552 ops/s
42.5 % of CPU usage

Multi-producer sending:
6,000,000 ops
782,686,066 ns
7,665,908 ops/s
64.3 % of CPU usage

Max throughput:
12,000,000 ops
789,017,983 ns
15,208,778 ops/s
39.5 % of CPU usage

Ping latency:
1,500,000 ops
250,777,607 ns
167 ns/op
26.4 % of CPU usage

Ping throughput 10K:
2,000,000 ops
700,537,562 ns
2,854,950 ops/s
55.7 % of CPU usage
Tests run: 8, Failures: 0, Errors: 0, Skipped: 0, Time elapsed: 16.053 sec - in com.github.plokhotnyuk.actors.AkkaBalanceableActorSpec
Running com.github.plokhotnyuk.actors.AkkaBoundedActorSpec
Executor service type: java-forkjoin-pool

Enqueueing:
10,000,000 ops
591,479,421 ns
16,906,758 ops/s
29.0 % of CPU usage
48 bytes per instance

Dequeueing:
10,000,000 ops
894,747,241 ns
11,176,340 ops/s
27.5 % of CPU usage

Initiation:
100,000 ops
637,412,297 ns
6,374 ns/op
64.9 % of CPU usage
604 bytes per instance

Single-producer sending:
6,000,000 ops
908,593,519 ns
6,603,613 ops/s
52.8 % of CPU usage

Multi-producer sending:
6,000,000 ops
1,096,517,831 ns
5,471,867 ops/s
71.8 % of CPU usage

Max throughput:
12,000,000 ops
1,126,588,844 ns
10,651,623 ops/s
38.8 % of CPU usage

Ping latency:
1,500,000 ops
344,494,001 ns
229 ns/op
27.2 % of CPU usage

Ping throughput 10K:
2,000,000 ops
756,685,808 ns
2,643,104 ops/s
54.6 % of CPU usage

Overflow throughput:
5,000,000 ops
489,761,905 ns
10,209,042 ops/s
24.7 % of CPU usage
Tests run: 9, Failures: 0, Errors: 0, Skipped: 0, Time elapsed: 19.422 sec - in com.github.plokhotnyuk.actors.AkkaBoundedActorSpec
Running com.github.plokhotnyuk.actors.AkkaNonBalanceableActorSpec
Executor service type: java-forkjoin-pool

Enqueueing:
10,000,000 ops
329,054,387 ns
30,390,112 ops/s
45.0 % of CPU usage
48 bytes per instance

Dequeueing:
10,000,000 ops
545,859,201 ns
18,319,742 ops/s
27.9 % of CPU usage

Initiation:
100,000 ops
639,120,357 ns
6,391 ns/op
54.9 % of CPU usage
420 bytes per instance

Single-producer sending:
6,000,000 ops
591,807,472 ns
10,138,432 ops/s
53.4 % of CPU usage

Multi-producer sending:
6,000,000 ops
728,362,440 ns
8,237,657 ops/s
67.5 % of CPU usage

Max throughput:
12,000,000 ops
762,365,655 ns
15,740,478 ops/s
37.9 % of CPU usage

Ping latency:
1,500,000 ops
237,868,562 ns
158 ns/op
24.6 % of CPU usage

Ping throughput 10K:
2,000,000 ops
774,495,811 ns
2,582,325 ops/s
68.5 % of CPU usage
Tests run: 8, Failures: 0, Errors: 0, Skipped: 0, Time elapsed: 15.537 sec - in com.github.plokhotnyuk.actors.AkkaNonBalanceableActorSpec
Running com.github.plokhotnyuk.actors.AkkaNonBlockingBoundedActorSpec
Executor service type: java-forkjoin-pool

Enqueueing:
10,000,000 ops
301,969,914 ns
33,115,881 ops/s
33.6 % of CPU usage
48 bytes per instance

Dequeueing:
10,000,000 ops
554,560,776 ns
18,032,288 ops/s
26.7 % of CPU usage

Initiation:
100,000 ops
708,557,745 ns
7,085 ns/op
59.4 % of CPU usage
420 bytes per instance

Single-producer sending:
6,000,000 ops
696,381,040 ns
8,615,972 ops/s
51.0 % of CPU usage

Multi-producer sending:
6,000,000 ops
816,061,039 ns
7,352,391 ops/s
76.0 % of CPU usage

Max throughput:
12,000,000 ops
811,602,123 ns
14,785,569 ops/s
40.4 % of CPU usage

Ping latency:
1,500,000 ops
251,735,000 ns
167 ns/op
24.8 % of CPU usage

Ping throughput 10K:
2,000,000 ops
737,146,118 ns
2,713,166 ops/s
75.7 % of CPU usage

Overflow throughput:
5,000,000 ops
421,674,837 ns
11,857,477 ops/s
25.0 % of CPU usage
Tests run: 9, Failures: 0, Errors: 0, Skipped: 0, Time elapsed: 16.552 sec - in com.github.plokhotnyuk.actors.AkkaNonBlockingBoundedActorSpec
Running com.github.plokhotnyuk.actors.LiftActorSpec
Executor service type: java-forkjoin-pool

Enqueueing:
10,000,000 ops
440,234,774 ns
22,715,152 ops/s
25.7 % of CPU usage
24 bytes per instance

Dequeueing:
10,000,000 ops
451,149,495 ns
22,165,601 ops/s
27.7 % of CPU usage

Initiation:
10,000,000 ops
699,102,572 ns
69 ns/op
36.8 % of CPU usage
72 bytes per instance

Single-producer sending:
6,000,000 ops
716,961,692 ns
8,368,647 ops/s
48.4 % of CPU usage

Multi-producer sending:
6,000,000 ops
806,117,273 ns
7,443,085 ops/s
67.7 % of CPU usage

Max throughput:
12,000,000 ops
771,917,960 ns
15,545,693 ops/s
42.9 % of CPU usage

Ping latency:
1,500,000 ops
690,963,998 ns
460 ns/op
29.4 % of CPU usage

Ping throughput 10K:
2,000,000 ops
817,214,895 ns
2,447,336 ops/s
29.1 % of CPU usage
Tests run: 8, Failures: 0, Errors: 0, Skipped: 0, Time elapsed: 15.959 sec - in com.github.plokhotnyuk.actors.LiftActorSpec
Running com.github.plokhotnyuk.actors.MinimalistActorSpec
Executor service type: java-forkjoin-pool

Enqueueing:
10,000,000 ops
294,538,754 ns
33,951,389 ops/s
25.2 % of CPU usage
24 bytes per instance

Dequeueing:
2,000,000 ops
147,213,114 ns
13,585,746 ops/s
23.8 % of CPU usage

Initiation:
2,000,000 ops
425,766,483 ns
212 ns/op
56.8 % of CPU usage
152 bytes per instance

Single-producer sending:
3,000,000 ops
490,706,470 ns
6,113,634 ops/s
42.9 % of CPU usage

Multi-producer sending:
3,000,000 ops
437,730,964 ns
6,853,524 ops/s
39.2 % of CPU usage

Max throughput:
6,000,000 ops
532,486,121 ns
11,267,899 ops/s
32.2 % of CPU usage

Ping latency:
2,000,000 ops
211,724,619 ns
105 ns/op
27.6 % of CPU usage

Ping throughput 10K:
4,000,000 ops
424,492,769 ns
9,423,010 ops/s
25.7 % of CPU usage
Tests run: 8, Failures: 0, Errors: 0, Skipped: 0, Time elapsed: 9.89 sec - in com.github.plokhotnyuk.actors.MinimalistActorSpec
Running com.github.plokhotnyuk.actors.ScalaActorSpec
Executor service type: java-forkjoin-pool

Enqueueing:
40,000,000 ops
999,749,289 ns
40,010,030 ops/s
25.7 % of CPU usage
24 bytes per instance

Dequeueing:
600,000 ops
839,639,959 ns
714,592 ops/s
38.1 % of CPU usage

Initiation:
600,000 ops
428,158,133 ns
713 ns/op
64.7 % of CPU usage
228 bytes per instance

Single-producer sending:
300,000 ops
573,313,511 ns
523,273 ops/s
40.1 % of CPU usage

Multi-producer sending:
300,000 ops
479,303,889 ns
625,907 ops/s
26.9 % of CPU usage

Max throughput:
600,000 ops
977,155,619 ns
614,027 ops/s
25.1 % of CPU usage

Ping latency:
250,000 ops
713,178,669 ns
2,852 ns/op
33.9 % of CPU usage

Ping throughput 10K:
400,000 ops
974,383,138 ns
410,516 ops/s
25.6 % of CPU usage
Tests run: 8, Failures: 0, Errors: 0, Skipped: 0, Time elapsed: 18.502 sec - in com.github.plokhotnyuk.actors.ScalaActorSpec
Running com.github.plokhotnyuk.actors.ScalazActorSpec
Executor service type: java-forkjoin-pool

Enqueueing:
40,000,000 ops
693,001,940 ns
57,719,896 ops/s
25.3 % of CPU usage
24 bytes per instance

Dequeueing:
40,000,000 ops
147,020,316 ns
272,071,242 ops/s
26.5 % of CPU usage

Initiation:
10,000,000 ops
319,051,609 ns
31 ns/op
48.9 % of CPU usage
104 bytes per instance

Single-producer sending:
16,000,000 ops
498,298,172 ns
32,109,288 ops/s
54.0 % of CPU usage

Multi-producer sending:
16,000,000 ops
1,092,261,244 ns
14,648,510 ops/s
93.2 % of CPU usage

Max throughput:
32,000,000 ops
287,993,513 ns
111,113,613 ops/s
79.9 % of CPU usage

Ping latency:
3,200,000 ops
256,253,661 ns
80 ns/op
27.4 % of CPU usage

Ping throughput 10K:
8,000,000 ops
606,019,554 ns
13,200,894 ops/s
27.0 % of CPU usage
Tests run: 8, Failures: 0, Errors: 0, Skipped: 0, Time elapsed: 19.781 sec - in com.github.plokhotnyuk.actors.ScalazActorSpec
Running com.github.plokhotnyuk.actors.ScalazBoundedActor2Spec
Executor service type: java-forkjoin-pool

Enqueueing:
40,000,000 ops
738,094,348 ns
54,193,613 ops/s
25.4 % of CPU usage
24 bytes per instance

Dequeueing:
40,000,000 ops
140,458,214 ns
284,782,205 ops/s
27.8 % of CPU usage

Initiation:
10,000,000 ops
286,999,100 ns
28 ns/op
57.1 % of CPU usage
56 bytes per instance

Single-producer sending:
16,000,000 ops
1,031,283,515 ns
15,514,647 ops/s
51.1 % of CPU usage

Multi-producer sending:
16,000,000 ops
1,177,962,952 ns
13,582,770 ops/s
94.7 % of CPU usage

Max throughput:
32,000,000 ops
308,530,915 ns
103,717,321 ops/s
67.0 % of CPU usage

Ping latency:
3,200,000 ops
223,613,595 ns
69 ns/op
29.6 % of CPU usage

Ping throughput 10K:
8,000,000 ops
537,438,761 ns
14,885,416 ops/s
25.4 % of CPU usage

Overflow throughput:
100,000,000 ops
780,980,940 ns
128,044,097 ops/s
25.0 % of CPU usage
Tests run: 9, Failures: 0, Errors: 0, Skipped: 0, Time elapsed: 18.034 sec - in com.github.plokhotnyuk.actors.ScalazBoundedActor2Spec
Running com.github.plokhotnyuk.actors.ScalazUnboundedActor2Spec
Executor service type: java-forkjoin-pool

Enqueueing:
40,000,000 ops
758,632,115 ns
52,726,478 ops/s
25.2 % of CPU usage
24 bytes per instance

Dequeueing:
40,000,000 ops
146,019,305 ns
273,936,381 ops/s
26.7 % of CPU usage

Initiation:
10,000,000 ops
254,713,842 ns
25 ns/op
58.2 % of CPU usage
48 bytes per instance

Single-producer sending:
16,000,000 ops
598,481,000 ns
26,734,349 ops/s
49.5 % of CPU usage

Multi-producer sending:
16,000,000 ops
976,320,282 ns
16,388,064 ops/s
95.1 % of CPU usage

Max throughput:
32,000,000 ops
329,912,083 ns
96,995,538 ops/s
73.3 % of CPU usage

Ping latency:
3,200,000 ops
212,086,391 ns
66 ns/op
25.7 % of CPU usage

Ping throughput 10K:
8,000,000 ops
532,539,636 ns
15,022,356 ops/s
26.4 % of CPU usage
Tests run: 8, Failures: 0, Errors: 0, Skipped: 0, Time elapsed: 15.916 sec - in com.github.plokhotnyuk.actors.ScalazUnboundedActor2Spec

Results :

Tests run: 91, Failures: 0, Errors: 0, Skipped: 0

[INFO] ------------------------------------------------------------------------
[INFO] BUILD SUCCESS
[INFO] ------------------------------------------------------------------------
[INFO] Total time: 3:17.454s
[INFO] Finished at: Sun Dec 28 09:49:37 EET 2014
[INFO] Final Memory: 20M/1024M
[INFO] ------------------------------------------------------------------------
[INFO] Scanning for projects...
[INFO]                                                                         
[INFO] ------------------------------------------------------------------------
[INFO] Building Actors 1.0-SNAPSHOT
[INFO] ------------------------------------------------------------------------
[INFO] 
[INFO] --- maven-resources-plugin:2.6:resources (default-resources) @ actors ---
[INFO] Using 'UTF-8' encoding to copy filtered resources.
[INFO] skip non existing resourceDirectory C:\Users\Andriy\Projects\com\github\plokhotnyuk\actors\src\main\resources
[INFO] 
[INFO] --- maven-resources-plugin:2.6:testResources (default-testResources) @ actors ---
[INFO] Using 'UTF-8' encoding to copy filtered resources.
[INFO] skip non existing resourceDirectory C:\Users\Andriy\Projects\com\github\plokhotnyuk\actors\src\test\resources
[INFO] 
[INFO] --- scala-maven-plugin:3.1.6:testCompile (testCompile) @ actors ---
[WARNING]  Expected all dependencies to require Scala version: 2.11.4
[WARNING]  com.github.plokhotnyuk.actors:actors:1.0-SNAPSHOT requires scala version: 2.11.4
[WARNING]  com.typesafe.akka:akka-actor_2.11:2.3.8 requires scala version: 2.11.4
[WARNING]  net.liftweb:lift-actor_2.11:3.0-M2 requires scala version: 2.11.2
[WARNING] Multiple versions of scala libraries detected!
[INFO] Nothing to compile - all classes are up to date
[INFO] 
[INFO] --- maven-surefire-plugin:2.16:test (default-test) @ actors ---
[INFO] Surefire report directory: C:\Users\Andriy\Projects\com\github\plokhotnyuk\actors\target\surefire-reports

-------------------------------------------------------
 T E S T S
-------------------------------------------------------

-------------------------------------------------------
 T E S T S
-------------------------------------------------------
Running com.github.plokhotnyuk.actors.AkkaActorSpec
Executor service type: abq-thread-pool

Enqueueing:
10,000,000 ops
322,638,534 ns
30,994,437 ops/s
30.2 % of CPU usage
48 bytes per instance

Dequeueing:
10,000,000 ops
732,914,089 ns
13,644,163 ops/s
29.3 % of CPU usage

Initiation:
100,000 ops
598,594,260 ns
5,985 ns/op
57.3 % of CPU usage
384 bytes per instance

Single-producer sending:
6,000,000 ops
710,742,302 ns
8,441,878 ops/s
49.4 % of CPU usage

Multi-producer sending:
6,000,000 ops
840,231,915 ns
7,140,885 ops/s
66.8 % of CPU usage

Max throughput:
12,000,000 ops
1,014,338,904 ns
11,830,365 ops/s
37.3 % of CPU usage

Ping latency:
1,500,000 ops
350,038,596 ns
233 ns/op
27.9 % of CPU usage

Ping throughput 10K:
2,000,000 ops
1,813,580,320 ns
1,102,790 ops/s
40.6 % of CPU usage
Tests run: 8, Failures: 0, Errors: 0, Skipped: 0, Time elapsed: 17.628 sec - in com.github.plokhotnyuk.actors.AkkaActorSpec
Running com.github.plokhotnyuk.actors.AkkaBalanceableActorSpec
Executor service type: abq-thread-pool

Enqueueing:
10,000,000 ops
309,934,749 ns
32,264,855 ops/s
30.2 % of CPU usage
48 bytes per instance

Dequeueing:
10,000,000 ops
555,594,042 ns
17,998,753 ops/s
26.7 % of CPU usage

Initiation:
100,000 ops
678,040,658 ns
6,780 ns/op
61.0 % of CPU usage
384 bytes per instance

Single-producer sending:
6,000,000 ops
620,676,612 ns
9,666,869 ops/s
48.4 % of CPU usage

Multi-producer sending:
6,000,000 ops
707,855,462 ns
8,476,306 ops/s
65.6 % of CPU usage

Max throughput:
12,000,000 ops
828,323,881 ns
14,487,086 ops/s
41.4 % of CPU usage

Ping latency:
1,500,000 ops
306,288,811 ns
204 ns/op
28.0 % of CPU usage

Ping throughput 10K:
2,000,000 ops
1,662,068,468 ns
1,203,319 ops/s
39.7 % of CPU usage
Tests run: 8, Failures: 0, Errors: 0, Skipped: 0, Time elapsed: 16.489 sec - in com.github.plokhotnyuk.actors.AkkaBalanceableActorSpec
Running com.github.plokhotnyuk.actors.AkkaBoundedActorSpec
Executor service type: abq-thread-pool

Enqueueing:
10,000,000 ops
719,465,502 ns
13,899,207 ops/s
29.3 % of CPU usage
48 bytes per instance

Dequeueing:
10,000,000 ops
812,091,083 ns
12,313,889 ops/s
27.9 % of CPU usage

Initiation:
100,000 ops
716,127,088 ns
7,161 ns/op
59.4 % of CPU usage
568 bytes per instance

Single-producer sending:
6,000,000 ops
1,047,413,683 ns
5,728,395 ops/s
53.2 % of CPU usage

Multi-producer sending:
6,000,000 ops
1,334,448,337 ns
4,496,240 ops/s
67.2 % of CPU usage

Max throughput:
12,000,000 ops
1,263,726,605 ns
9,495,724 ops/s
47.2 % of CPU usage

Ping latency:
1,500,000 ops
417,334,313 ns
278 ns/op
25.2 % of CPU usage

Ping throughput 10K:
2,000,000 ops
2,016,456,751 ns
991,838 ops/s
38.3 % of CPU usage

Overflow throughput:
5,000,000 ops
568,835,903 ns
8,789,881 ops/s
28.1 % of CPU usage
Tests run: 9, Failures: 0, Errors: 0, Skipped: 0, Time elapsed: 21.637 sec - in com.github.plokhotnyuk.actors.AkkaBoundedActorSpec
Running com.github.plokhotnyuk.actors.AkkaNonBalanceableActorSpec
Executor service type: abq-thread-pool

Enqueueing:
10,000,000 ops
280,331,437 ns
35,672,060 ops/s
29.2 % of CPU usage
48 bytes per instance

Dequeueing:
10,000,000 ops
549,714,432 ns
18,191,263 ops/s
28.4 % of CPU usage

Initiation:
100,000 ops
724,364,261 ns
7,243 ns/op
62.5 % of CPU usage
384 bytes per instance

Single-producer sending:
6,000,000 ops
647,705,372 ns
9,263,471 ops/s
49.4 % of CPU usage

Multi-producer sending:
6,000,000 ops
728,901,982 ns
8,231,559 ops/s
66.9 % of CPU usage

Max throughput:
12,000,000 ops
797,687,669 ns
15,043,481 ops/s
38.6 % of CPU usage

Ping latency:
1,500,000 ops
289,032,644 ns
192 ns/op
24.3 % of CPU usage

Ping throughput 10K:
2,000,000 ops
1,570,294,351 ns
1,273,646 ops/s
37.8 % of CPU usage
Tests run: 8, Failures: 0, Errors: 0, Skipped: 0, Time elapsed: 17.238 sec - in com.github.plokhotnyuk.actors.AkkaNonBalanceableActorSpec
Running com.github.plokhotnyuk.actors.AkkaNonBlockingBoundedActorSpec
Executor service type: abq-thread-pool

Enqueueing:
10,000,000 ops
299,589,259 ns
33,379,033 ops/s
28.6 % of CPU usage
48 bytes per instance

Dequeueing:
10,000,000 ops
561,447,262 ns
17,811,111 ops/s
26.4 % of CPU usage

Initiation:
100,000 ops
613,084,177 ns
6,130 ns/op
55.3 % of CPU usage
384 bytes per instance

Single-producer sending:
6,000,000 ops
685,263,257 ns
8,755,759 ops/s
46.1 % of CPU usage

Multi-producer sending:
6,000,000 ops
838,049,557 ns
7,159,481 ops/s
72.6 % of CPU usage

Max throughput:
12,000,000 ops
825,206,855 ns
14,541,808 ops/s
42.5 % of CPU usage

Ping latency:
1,500,000 ops
312,013,010 ns
208 ns/op
25.0 % of CPU usage

Ping throughput 10K:
2,000,000 ops
1,673,334,697 ns
1,195,218 ops/s
40.1 % of CPU usage

Overflow throughput:
5,000,000 ops
435,152,013 ns
11,490,237 ops/s
28.7 % of CPU usage
Tests run: 9, Failures: 0, Errors: 0, Skipped: 0, Time elapsed: 18.345 sec - in com.github.plokhotnyuk.actors.AkkaNonBlockingBoundedActorSpec
Running com.github.plokhotnyuk.actors.LiftActorSpec
Executor service type: abq-thread-pool

Enqueueing:
10,000,000 ops
402,807,743 ns
24,825,739 ops/s
24.2 % of CPU usage
24 bytes per instance

Dequeueing:
10,000,000 ops
449,989,041 ns
22,222,763 ops/s
27.7 % of CPU usage

Initiation:
10,000,000 ops
697,437,031 ns
69 ns/op
35.2 % of CPU usage
72 bytes per instance

Single-producer sending:
6,000,000 ops
702,596,397 ns
8,539,753 ops/s
50.5 % of CPU usage

Multi-producer sending:
6,000,000 ops
825,130,982 ns
7,271,572 ops/s
76.6 % of CPU usage

Max throughput:
12,000,000 ops
796,624,346 ns
15,063,561 ops/s
41.1 % of CPU usage

Ping latency:
1,500,000 ops
846,767,259 ns
564 ns/op
28.6 % of CPU usage

Ping throughput 10K:
2,000,000 ops
825,535,638 ns
2,422,669 ops/s
28.3 % of CPU usage
Tests run: 8, Failures: 0, Errors: 0, Skipped: 0, Time elapsed: 16.1 sec - in com.github.plokhotnyuk.actors.LiftActorSpec
Running com.github.plokhotnyuk.actors.MinimalistActorSpec
Executor service type: abq-thread-pool

Enqueueing:
10,000,000 ops
284,165,407 ns
35,190,771 ops/s
27.4 % of CPU usage
24 bytes per instance

Dequeueing:
2,000,000 ops
214,169,784 ns
9,338,385 ops/s
31.0 % of CPU usage

Initiation:
2,000,000 ops
617,775,476 ns
308 ns/op
53.7 % of CPU usage
152 bytes per instance

Single-producer sending:
3,000,000 ops
534,864,209 ns
5,608,900 ops/s
37.2 % of CPU usage

Multi-producer sending:
3,000,000 ops
554,434,321 ns
5,410,920 ops/s
39.4 % of CPU usage

Max throughput:
6,000,000 ops
794,117,603 ns
7,555,555 ops/s
33.4 % of CPU usage

Ping latency:
2,000,000 ops
300,549,584 ns
150 ns/op
28.5 % of CPU usage

Ping throughput 10K:
4,000,000 ops
660,441,779 ns
6,056,552 ops/s
27.8 % of CPU usage
Tests run: 8, Failures: 0, Errors: 0, Skipped: 0, Time elapsed: 11.138 sec - in com.github.plokhotnyuk.actors.MinimalistActorSpec
Running com.github.plokhotnyuk.actors.ScalaActorSpec
Executor service type: abq-thread-pool

Enqueueing:
40,000,000 ops
1,088,211,016 ns
36,757,576 ops/s
25.4 % of CPU usage
24 bytes per instance

Dequeueing:
600,000 ops
875,403,282 ns
685,398 ops/s
38.8 % of CPU usage

Initiation:
600,000 ops
437,883,443 ns
729 ns/op
75.7 % of CPU usage
236 bytes per instance

Single-producer sending:
300,000 ops
750,158,527 ns
399,915 ops/s
38.5 % of CPU usage

Multi-producer sending:
300,000 ops
646,077,584 ns
464,340 ops/s
29.6 % of CPU usage

Max throughput:
600,000 ops
1,196,986,191 ns
501,258 ops/s
24.8 % of CPU usage

Ping latency:
250,000 ops
759,649,987 ns
3,038 ns/op
34.4 % of CPU usage

Ping throughput 10K:
400,000 ops
1,079,811,468 ns
370,435 ops/s
25.3 % of CPU usage
Tests run: 8, Failures: 0, Errors: 0, Skipped: 0, Time elapsed: 17.612 sec - in com.github.plokhotnyuk.actors.ScalaActorSpec
Running com.github.plokhotnyuk.actors.ScalazActorSpec
Executor service type: abq-thread-pool

Enqueueing:
40,000,000 ops
705,121,467 ns
56,727,814 ops/s
25.4 % of CPU usage
24 bytes per instance

Dequeueing:
40,000,000 ops
180,399,686 ns
221,729,875 ops/s
34.6 % of CPU usage

Initiation:
10,000,000 ops
325,049,244 ns
32 ns/op
51.6 % of CPU usage
104 bytes per instance

Single-producer sending:
16,000,000 ops
573,632,398 ns
27,892,427 ops/s
50.3 % of CPU usage

Multi-producer sending:
16,000,000 ops
1,038,986,278 ns
15,399,625 ops/s
90.5 % of CPU usage

Max throughput:
32,000,000 ops
250,828,922 ns
127,576,994 ops/s
77.7 % of CPU usage

Ping latency:
3,200,000 ops
482,770,224 ns
150 ns/op
29.9 % of CPU usage

Ping throughput 10K:
8,000,000 ops
1,593,887,199 ns
5,019,175 ops/s
26.7 % of CPU usage
Tests run: 8, Failures: 0, Errors: 0, Skipped: 0, Time elapsed: 21.559 sec - in com.github.plokhotnyuk.actors.ScalazActorSpec
Running com.github.plokhotnyuk.actors.ScalazBoundedActor2Spec
Executor service type: abq-thread-pool

Enqueueing:
40,000,000 ops
719,009,897 ns
55,632,057 ops/s
25.5 % of CPU usage
24 bytes per instance

Dequeueing:
40,000,000 ops
171,275,862 ns
233,541,373 ops/s
41.0 % of CPU usage

Initiation:
10,000,000 ops
251,107,490 ns
25 ns/op
65.2 % of CPU usage
56 bytes per instance

Single-producer sending:
16,000,000 ops
858,221,155 ns
18,643,213 ops/s
53.2 % of CPU usage

Multi-producer sending:
16,000,000 ops
1,118,787,483 ns
14,301,196 ops/s
94.8 % of CPU usage

Max throughput:
32,000,000 ops
346,470,731 ns
92,359,894 ops/s
78.8 % of CPU usage

Ping latency:
3,200,000 ops
396,067,871 ns
123 ns/op
28.6 % of CPU usage

Ping throughput 10K:
8,000,000 ops
1,087,242,627 ns
7,358,063 ops/s
27.3 % of CPU usage

Overflow throughput:
100,000,000 ops
988,005,463 ns
101,214,015 ops/s
24.9 % of CPU usage
Tests run: 9, Failures: 0, Errors: 0, Skipped: 0, Time elapsed: 19.313 sec - in com.github.plokhotnyuk.actors.ScalazBoundedActor2Spec
Running com.github.plokhotnyuk.actors.ScalazUnboundedActor2Spec
Executor service type: abq-thread-pool

Enqueueing:
40,000,000 ops
756,803,832 ns
52,853,855 ops/s
25.3 % of CPU usage
24 bytes per instance

Dequeueing:
40,000,000 ops
159,785,312 ns
250,335,900 ops/s
34.2 % of CPU usage

Initiation:
10,000,000 ops
234,406,259 ns
23 ns/op
66.6 % of CPU usage
48 bytes per instance

Single-producer sending:
16,000,000 ops
469,837,720 ns
34,054,311 ops/s
53.1 % of CPU usage

Multi-producer sending:
16,000,000 ops
900,601,926 ns
17,765,895 ops/s
93.1 % of CPU usage

Max throughput:
32,000,000 ops
286,550,826 ns
111,673,033 ops/s
74.9 % of CPU usage

Ping latency:
3,200,000 ops
368,553,816 ns
115 ns/op
33.9 % of CPU usage

Ping throughput 10K:
8,000,000 ops
1,056,959,757 ns
7,568,878 ops/s
30.6 % of CPU usage
Tests run: 8, Failures: 0, Errors: 0, Skipped: 0, Time elapsed: 16.754 sec - in com.github.plokhotnyuk.actors.ScalazUnboundedActor2Spec

Results :

Tests run: 91, Failures: 0, Errors: 0, Skipped: 0

[INFO] ------------------------------------------------------------------------
[INFO] BUILD SUCCESS
[INFO] ------------------------------------------------------------------------
[INFO] Total time: 3:29.414s
[INFO] Finished at: Sun Dec 28 09:53:08 EET 2014
[INFO] Final Memory: 20M/1024M
[INFO] ------------------------------------------------------------------------
[INFO] Scanning for projects...
[INFO]                                                                         
[INFO] ------------------------------------------------------------------------
[INFO] Building Actors 1.0-SNAPSHOT
[INFO] ------------------------------------------------------------------------
[INFO] 
[INFO] --- maven-resources-plugin:2.6:resources (default-resources) @ actors ---
[INFO] Using 'UTF-8' encoding to copy filtered resources.
[INFO] skip non existing resourceDirectory C:\Users\Andriy\Projects\com\github\plokhotnyuk\actors\src\main\resources
[INFO] 
[INFO] --- maven-resources-plugin:2.6:testResources (default-testResources) @ actors ---
[INFO] Using 'UTF-8' encoding to copy filtered resources.
[INFO] skip non existing resourceDirectory C:\Users\Andriy\Projects\com\github\plokhotnyuk\actors\src\test\resources
[INFO] 
[INFO] --- scala-maven-plugin:3.1.6:testCompile (testCompile) @ actors ---
[WARNING]  Expected all dependencies to require Scala version: 2.11.4
[WARNING]  com.github.plokhotnyuk.actors:actors:1.0-SNAPSHOT requires scala version: 2.11.4
[WARNING]  com.typesafe.akka:akka-actor_2.11:2.3.8 requires scala version: 2.11.4
[WARNING]  net.liftweb:lift-actor_2.11:3.0-M2 requires scala version: 2.11.2
[WARNING] Multiple versions of scala libraries detected!
[INFO] Nothing to compile - all classes are up to date
[INFO] 
[INFO] --- maven-surefire-plugin:2.16:test (default-test) @ actors ---
[INFO] Surefire report directory: C:\Users\Andriy\Projects\com\github\plokhotnyuk\actors\target\surefire-reports

-------------------------------------------------------
 T E S T S
-------------------------------------------------------

-------------------------------------------------------
 T E S T S
-------------------------------------------------------
Running com.github.plokhotnyuk.actors.AkkaActorSpec
Executor service type: lbq-thread-pool

Enqueueing:
10,000,000 ops
309,344,625 ns
32,326,406 ops/s
27.7 % of CPU usage
48 bytes per instance

Dequeueing:
10,000,000 ops
728,912,611 ns
13,719,065 ops/s
31.6 % of CPU usage

Initiation:
100,000 ops
662,628,902 ns
6,626 ns/op
58.3 % of CPU usage
408 bytes per instance

Single-producer sending:
6,000,000 ops
738,740,918 ns
8,121,927 ops/s
49.6 % of CPU usage

Multi-producer sending:
6,000,000 ops
841,116,368 ns
7,133,376 ops/s
65.4 % of CPU usage

Max throughput:
12,000,000 ops
974,143,789 ns
12,318,509 ops/s
39.6 % of CPU usage

Ping latency:
1,500,000 ops
408,342,075 ns
272 ns/op
26.7 % of CPU usage

Ping throughput 10K:
2,000,000 ops
1,903,701,725 ns
1,050,584 ops/s
38.1 % of CPU usage
Tests run: 8, Failures: 0, Errors: 0, Skipped: 0, Time elapsed: 17.831 sec - in com.github.plokhotnyuk.actors.AkkaActorSpec
Running com.github.plokhotnyuk.actors.AkkaBalanceableActorSpec
Executor service type: lbq-thread-pool

Enqueueing:
10,000,000 ops
360,146,204 ns
27,766,501 ops/s
45.5 % of CPU usage
48 bytes per instance

Dequeueing:
10,000,000 ops
565,791,085 ns
17,674,368 ops/s
29.6 % of CPU usage

Initiation:
100,000 ops
654,327,952 ns
6,543 ns/op
56.0 % of CPU usage
408 bytes per instance

Single-producer sending:
6,000,000 ops
676,959,008 ns
8,863,165 ops/s
46.1 % of CPU usage

Multi-producer sending:
6,000,000 ops
715,918,163 ns
8,380,846 ops/s
59.4 % of CPU usage

Max throughput:
12,000,000 ops
829,706,455 ns
14,462,946 ops/s
40.9 % of CPU usage

Ping latency:
1,500,000 ops
371,553,916 ns
247 ns/op
24.1 % of CPU usage

Ping throughput 10K:
2,000,000 ops
1,744,829,088 ns
1,146,244 ops/s
39.6 % of CPU usage
Tests run: 8, Failures: 0, Errors: 0, Skipped: 0, Time elapsed: 16.895 sec - in com.github.plokhotnyuk.actors.AkkaBalanceableActorSpec
Running com.github.plokhotnyuk.actors.AkkaBoundedActorSpec
Executor service type: lbq-thread-pool

Enqueueing:
10,000,000 ops
594,546,964 ns
16,819,529 ops/s
32.1 % of CPU usage
48 bytes per instance

Dequeueing:
10,000,000 ops
788,928,548 ns
12,675,419 ops/s
28.7 % of CPU usage

Initiation:
100,000 ops
636,237,548 ns
6,362 ns/op
54.6 % of CPU usage
592 bytes per instance

Single-producer sending:
6,000,000 ops
1,028,869,140 ns
5,831,645 ops/s
53.1 % of CPU usage

Multi-producer sending:
6,000,000 ops
1,072,846,911 ns
5,592,596 ops/s
70.2 % of CPU usage

Max throughput:
12,000,000 ops
1,207,101,863 ns
9,941,166 ops/s
41.0 % of CPU usage

Ping latency:
1,500,000 ops
480,048,324 ns
320 ns/op
26.0 % of CPU usage

Ping throughput 10K:
2,000,000 ops
2,025,296,510 ns
987,509 ops/s
36.8 % of CPU usage

Overflow throughput:
5,000,000 ops
501,958,404 ns
9,960,984 ops/s
26.4 % of CPU usage
Tests run: 9, Failures: 0, Errors: 0, Skipped: 0, Time elapsed: 21.044 sec - in com.github.plokhotnyuk.actors.AkkaBoundedActorSpec
Running com.github.plokhotnyuk.actors.AkkaNonBalanceableActorSpec
Executor service type: lbq-thread-pool

Enqueueing:
10,000,000 ops
307,290,922 ns
32,542,451 ops/s
29.2 % of CPU usage
48 bytes per instance

Dequeueing:
10,000,000 ops
553,074,837 ns
18,080,735 ops/s
28.2 % of CPU usage

Initiation:
100,000 ops
614,547,390 ns
6,145 ns/op
58.4 % of CPU usage
408 bytes per instance

Single-producer sending:
6,000,000 ops
628,587,200 ns
9,545,215 ops/s
54.0 % of CPU usage

Multi-producer sending:
6,000,000 ops
713,487,293 ns
8,409,399 ops/s
67.8 % of CPU usage

Max throughput:
12,000,000 ops
786,434,635 ns
15,258,737 ops/s
42.2 % of CPU usage

Ping latency:
1,500,000 ops
366,292,286 ns
244 ns/op
27.7 % of CPU usage

Ping throughput 10K:
2,000,000 ops
1,727,203,085 ns
1,157,941 ops/s
37.7 % of CPU usage
Tests run: 8, Failures: 0, Errors: 0, Skipped: 0, Time elapsed: 16.536 sec - in com.github.plokhotnyuk.actors.AkkaNonBalanceableActorSpec
Running com.github.plokhotnyuk.actors.AkkaNonBlockingBoundedActorSpec
Executor service type: lbq-thread-pool

Enqueueing:
10,000,000 ops
313,987,176 ns
31,848,434 ops/s
28.6 % of CPU usage
48 bytes per instance

Dequeueing:
10,000,000 ops
560,559,511 ns
17,839,319 ops/s
29.2 % of CPU usage

Initiation:
100,000 ops
631,776,800 ns
6,317 ns/op
50.6 % of CPU usage
408 bytes per instance

Single-producer sending:
6,000,000 ops
719,043,619 ns
8,344,417 ops/s
46.1 % of CPU usage

Multi-producer sending:
6,000,000 ops
834,250,407 ns
7,192,085 ops/s
72.9 % of CPU usage

Max throughput:
12,000,000 ops
871,075,220 ns
13,776,077 ops/s
43.9 % of CPU usage

Ping latency:
1,500,000 ops
370,605,687 ns
247 ns/op
24.2 % of CPU usage

Ping throughput 10K:
2,000,000 ops
1,731,037,057 ns
1,155,376 ops/s
38.3 % of CPU usage

Overflow throughput:
5,000,000 ops
482,172,403 ns
10,369,734 ops/s
34.8 % of CPU usage
Tests run: 9, Failures: 0, Errors: 0, Skipped: 0, Time elapsed: 18.517 sec - in com.github.plokhotnyuk.actors.AkkaNonBlockingBoundedActorSpec
Running com.github.plokhotnyuk.actors.LiftActorSpec
Executor service type: lbq-thread-pool

Enqueueing:
10,000,000 ops
424,439,254 ns
23,560,497 ops/s
26.6 % of CPU usage
24 bytes per instance

Dequeueing:
10,000,000 ops
418,921,416 ns
23,870,825 ops/s
27.9 % of CPU usage

Initiation:
10,000,000 ops
649,608,796 ns
64 ns/op
37.2 % of CPU usage
72 bytes per instance

Single-producer sending:
6,000,000 ops
718,557,591 ns
8,350,061 ops/s
51.6 % of CPU usage

Multi-producer sending:
6,000,000 ops
756,069,293 ns
7,935,780 ops/s
67.6 % of CPU usage

Max throughput:
12,000,000 ops
704,275,867 ns
17,038,777 ops/s
41.0 % of CPU usage

Ping latency:
1,500,000 ops
935,621,180 ns
623 ns/op
30.8 % of CPU usage

Ping throughput 10K:
2,000,000 ops
933,984,962 ns
2,141,362 ops/s
25.9 % of CPU usage
Tests run: 8, Failures: 0, Errors: 0, Skipped: 0, Time elapsed: 15.678 sec - in com.github.plokhotnyuk.actors.LiftActorSpec
Running com.github.plokhotnyuk.actors.MinimalistActorSpec
Executor service type: lbq-thread-pool

Enqueueing:
10,000,000 ops
331,862,056 ns
30,133,002 ops/s
25.9 % of CPU usage
24 bytes per instance

Dequeueing:
2,000,000 ops
315,860,177 ns
6,331,915 ops/s
24.7 % of CPU usage

Initiation:
2,000,000 ops
435,982,219 ns
217 ns/op
51.9 % of CPU usage
152 bytes per instance

Single-producer sending:
3,000,000 ops
672,370,707 ns
4,461,824 ops/s
36.5 % of CPU usage

Multi-producer sending:
3,000,000 ops
687,627,784 ns
4,362,825 ops/s
42.0 % of CPU usage

Max throughput:
6,000,000 ops
951,612,064 ns
6,305,090 ops/s
31.1 % of CPU usage

Ping latency:
2,000,000 ops
365,161,888 ns
182 ns/op
24.6 % of CPU usage

Ping throughput 10K:
4,000,000 ops
779,709,791 ns
5,130,113 ops/s
26.0 % of CPU usage
Tests run: 8, Failures: 0, Errors: 0, Skipped: 0, Time elapsed: 12.23 sec - in com.github.plokhotnyuk.actors.MinimalistActorSpec
Running com.github.plokhotnyuk.actors.ScalaActorSpec
Executor service type: lbq-thread-pool

Enqueueing:
40,000,000 ops
1,300,762,542 ns
30,751,193 ops/s
25.2 % of CPU usage
24 bytes per instance

Dequeueing:
600,000 ops
950,758,401 ns
631,075 ops/s
38.1 % of CPU usage

Initiation:
600,000 ops
350,340,622 ns
583 ns/op
60.1 % of CPU usage
236 bytes per instance

Single-producer sending:
300,000 ops
752,595,628 ns
398,620 ops/s
43.5 % of CPU usage

Multi-producer sending:
300,000 ops
626,496,477 ns
478,853 ops/s
29.9 % of CPU usage

Max throughput:
600,000 ops
1,040,342,829 ns
576,732 ops/s
25.1 % of CPU usage

Ping latency:
250,000 ops
810,844,126 ns
3,243 ns/op
32.7 % of CPU usage

Ping throughput 10K:
400,000 ops
1,143,095,444 ns
349,927 ops/s
26.6 % of CPU usage
Tests run: 8, Failures: 0, Errors: 0, Skipped: 0, Time elapsed: 18.345 sec - in com.github.plokhotnyuk.actors.ScalaActorSpec
Running com.github.plokhotnyuk.actors.ScalazActorSpec
Executor service type: lbq-thread-pool

Enqueueing:
40,000,000 ops
683,533,205 ns
58,519,468 ops/s
25.1 % of CPU usage
24 bytes per instance

Dequeueing:
40,000,000 ops
186,656,829 ns
214,297,008 ops/s
41.8 % of CPU usage

Initiation:
10,000,000 ops
314,292,500 ns
31 ns/op
52.1 % of CPU usage
104 bytes per instance

Single-producer sending:
16,000,000 ops
590,380,179 ns
27,101,180 ops/s
52.2 % of CPU usage

Multi-producer sending:
16,000,000 ops
1,058,615,768 ns
15,114,076 ops/s
93.9 % of CPU usage

Max throughput:
32,000,000 ops
286,422,905 ns
111,722,908 ops/s
68.1 % of CPU usage

Ping latency:
3,200,000 ops
566,058,290 ns
176 ns/op
27.6 % of CPU usage

Ping throughput 10K:
8,000,000 ops
1,773,186,176 ns
4,511,652 ops/s
26.2 % of CPU usage
Tests run: 8, Failures: 0, Errors: 0, Skipped: 0, Time elapsed: 22.105 sec - in com.github.plokhotnyuk.actors.ScalazActorSpec
Running com.github.plokhotnyuk.actors.ScalazBoundedActor2Spec
Executor service type: lbq-thread-pool

Enqueueing:
40,000,000 ops
715,818,098 ns
55,880,118 ops/s
25.1 % of CPU usage
24 bytes per instance

Dequeueing:
40,000,000 ops
181,633,448 ns
220,223,755 ops/s
58.0 % of CPU usage

Initiation:
10,000,000 ops
235,217,770 ns
23 ns/op
69.6 % of CPU usage
56 bytes per instance

Single-producer sending:
16,000,000 ops
734,678,962 ns
21,778,219 ops/s
51.0 % of CPU usage

Multi-producer sending:
16,000,000 ops
1,198,462,599 ns
13,350,437 ops/s
99.3 % of CPU usage

Max throughput:
32,000,000 ops
347,025,667 ns
92,212,199 ops/s
80.9 % of CPU usage

Ping latency:
3,200,000 ops
453,347,614 ns
141 ns/op
25.8 % of CPU usage

Ping throughput 10K:
8,000,000 ops
1,350,905,455 ns
5,921,954 ops/s
25.7 % of CPU usage

Overflow throughput:
100,000,000 ops
792,743,459 ns
126,144,213 ops/s
24.6 % of CPU usage
Tests run: 9, Failures: 0, Errors: 0, Skipped: 0, Time elapsed: 19.344 sec - in com.github.plokhotnyuk.actors.ScalazBoundedActor2Spec
Running com.github.plokhotnyuk.actors.ScalazUnboundedActor2Spec
Executor service type: lbq-thread-pool

Enqueueing:
40,000,000 ops
751,655,828 ns
53,215,844 ops/s
25.4 % of CPU usage
24 bytes per instance

Dequeueing:
40,000,000 ops
158,474,944 ns
252,405,831 ops/s
41.8 % of CPU usage

Initiation:
10,000,000 ops
233,518,508 ns
23 ns/op
65.1 % of CPU usage
48 bytes per instance

Single-producer sending:
16,000,000 ops
492,664,507 ns
32,476,461 ops/s
49.1 % of CPU usage

Multi-producer sending:
16,000,000 ops
948,997,560 ns
16,859,895 ops/s
93.7 % of CPU usage

Max throughput:
32,000,000 ops
291,084,882 ns
109,933,569 ops/s
79.0 % of CPU usage

Ping latency:
3,200,000 ops
459,838,241 ns
143 ns/op
28.0 % of CPU usage

Ping throughput 10K:
8,000,000 ops
1,399,923,467 ns
5,714,598 ops/s
25.9 % of CPU usage
Tests run: 8, Failures: 0, Errors: 0, Skipped: 0, Time elapsed: 17.223 sec - in com.github.plokhotnyuk.actors.ScalazUnboundedActor2Spec

Results :

Tests run: 91, Failures: 0, Errors: 0, Skipped: 0

[INFO] ------------------------------------------------------------------------
[INFO] BUILD SUCCESS
[INFO] ------------------------------------------------------------------------
[INFO] Total time: 3:31.505s
[INFO] Finished at: Sun Dec 28 09:56:41 EET 2014
[INFO] Final Memory: 20M/1024M
[INFO] ------------------------------------------------------------------------
