[INFO] Scanning for projects...
[INFO]                                                                         
[INFO] ------------------------------------------------------------------------
[INFO] Building Actors 1.0-SNAPSHOT
[INFO] ------------------------------------------------------------------------
[INFO] Downloading: https://oss.sonatype.org/content/groups/staging/com/typesafe/akka/akka-actor_2.11/2.3.9/akka-actor_2.11-2.3.9.pom
[INFO] Downloaded: https://oss.sonatype.org/content/groups/staging/com/typesafe/akka/akka-actor_2.11/2.3.9/akka-actor_2.11-2.3.9.pom (2 KB at 1.6 KB/sec)
[INFO] Downloading: https://oss.sonatype.org/content/groups/staging/net/liftweb/lift-actor_2.11/3.0-M3/lift-actor_2.11-3.0-M3.pom
[INFO] Downloaded: https://oss.sonatype.org/content/groups/staging/net/liftweb/lift-actor_2.11/3.0-M3/lift-actor_2.11-3.0-M3.pom (7 KB at 21.7 KB/sec)
[INFO] Downloading: https://oss.sonatype.org/content/groups/staging/net/liftweb/lift-common_2.11/3.0-M3/lift-common_2.11-3.0-M3.pom
[INFO] Downloaded: https://oss.sonatype.org/content/groups/staging/net/liftweb/lift-common_2.11/3.0-M3/lift-common_2.11-3.0-M3.pom (8 KB at 23.3 KB/sec)
[INFO] Downloading: https://oss.sonatype.org/content/groups/staging/com/typesafe/akka/akka-actor_2.11/2.3.9/akka-actor_2.11-2.3.9.jar
[INFO] Downloading: https://oss.sonatype.org/content/groups/staging/net/liftweb/lift-actor_2.11/3.0-M3/lift-actor_2.11-3.0-M3.jar
[INFO] Downloading: https://oss.sonatype.org/content/groups/staging/net/liftweb/lift-common_2.11/3.0-M3/lift-common_2.11-3.0-M3.jar
[INFO] Downloaded: https://oss.sonatype.org/content/groups/staging/net/liftweb/lift-actor_2.11/3.0-M3/lift-actor_2.11-3.0-M3.jar (111 KB at 147.1 KB/sec)
[INFO] Downloaded: https://oss.sonatype.org/content/groups/staging/net/liftweb/lift-common_2.11/3.0-M3/lift-common_2.11-3.0-M3.jar (185 KB at 125.1 KB/sec)
[INFO] Downloaded: https://oss.sonatype.org/content/groups/staging/com/typesafe/akka/akka-actor_2.11/2.3.9/akka-actor_2.11-2.3.9.jar (2511 KB at 819.5 KB/sec)
[INFO] 
[INFO] --- maven-clean-plugin:2.5:clean (default-clean) @ actors ---
[INFO] Deleting /Users/sergey/workspace/test/actors/target
[INFO] 
[INFO] --- maven-resources-plugin:2.6:resources (default-resources) @ actors ---
[INFO] Using 'UTF-8' encoding to copy filtered resources.
[INFO] skip non existing resourceDirectory /Users/sergey/workspace/test/actors/src/main/resources
[INFO] 
[INFO] --- maven-resources-plugin:2.6:testResources (default-testResources) @ actors ---
[INFO] Using 'UTF-8' encoding to copy filtered resources.
[INFO] skip non existing resourceDirectory /Users/sergey/workspace/test/actors/src/test/resources
[INFO] 
[INFO] --- scala-maven-plugin:3.1.6:testCompile (testCompile) @ actors ---
[WARNING]  Expected all dependencies to require Scala version: 2.11.5
[WARNING]  com.github.plokhotnyuk.actors:actors:1.0-SNAPSHOT requires scala version: 2.11.5
[WARNING]  com.typesafe.akka:akka-actor_2.11:2.3.9 requires scala version: 2.11.5
[WARNING]  net.liftweb:lift-actor_2.11:3.0-M3 requires scala version: 2.11.4
[WARNING] Multiple versions of scala libraries detected!
[INFO] /Users/sergey/workspace/test/actors/src/test/scala:-1: info: compiling
[INFO] Compiling 18 source files to /Users/sergey/workspace/test/actors/target/test-classes at 1421800678932
[WARNING] /Users/sergey/workspace/test/actors/src/test/scala/com/github/plokhotnyuk/actors/ScalaActorSpec.scala:9: warning: trait SchedulerAdapter in package actors is deprecated: Use the akka.actor package instead. For migration from the scala.actors package refer to the Actors Migration Guide.
[WARNING]   val customScheduler = new SchedulerAdapter {
[WARNING]                             ^
[WARNING] /Users/sergey/workspace/test/actors/src/test/scala/com/github/plokhotnyuk/actors/ScalaActorSpec.scala:66: warning: trait Actor in package actors is deprecated: Use the akka.actor package instead. For migration from the scala.actors package refer to the Actors Migration Guide.
[WARNING]     footprintedAndTimedCollect(600000)(() => new Actor {
[WARNING]                                                  ^
[WARNING] /Users/sergey/workspace/test/actors/src/test/scala/com/github/plokhotnyuk/actors/ScalaActorSpec.scala:139: warning: trait Actor in package actors is deprecated: Use the akka.actor package instead. For migration from the scala.actors package refer to the Actors Migration Guide.
[WARNING]   private def replayAndCountActor(l: CountDownLatch, n: Int): Actor =
[WARNING]                                                               ^
[WARNING] /Users/sergey/workspace/test/actors/src/test/scala/com/github/plokhotnyuk/actors/ScalaActorSpec.scala:140: warning: trait Actor in package actors is deprecated: Use the akka.actor package instead. For migration from the scala.actors package refer to the Actors Migration Guide.
[WARNING]     new Actor {
[WARNING]         ^
[WARNING] /Users/sergey/workspace/test/actors/src/test/scala/com/github/plokhotnyuk/actors/ScalaActorSpec.scala:154: warning: trait IScheduler in package actors is deprecated: Use the akka.actor package instead. For migration from the scala.actors package refer to the Actors Migration Guide.
[WARNING]       override def scheduler: IScheduler = customScheduler
[WARNING]                               ^
[WARNING] /Users/sergey/workspace/test/actors/src/test/scala/com/github/plokhotnyuk/actors/ScalaActorSpec.scala:157: warning: trait Actor in package actors is deprecated: Use the akka.actor package instead. For migration from the scala.actors package refer to the Actors Migration Guide.
[WARNING]   private def blockableCountActor(l1: CountDownLatch, l2: CountDownLatch, n: Int): Actor =
[WARNING]                                                                                    ^
[WARNING] /Users/sergey/workspace/test/actors/src/test/scala/com/github/plokhotnyuk/actors/ScalaActorSpec.scala:158: warning: trait Actor in package actors is deprecated: Use the akka.actor package instead. For migration from the scala.actors package refer to the Actors Migration Guide.
[WARNING]     new Actor {
[WARNING]         ^
[WARNING] /Users/sergey/workspace/test/actors/src/test/scala/com/github/plokhotnyuk/actors/ScalaActorSpec.scala:177: warning: trait IScheduler in package actors is deprecated: Use the akka.actor package instead. For migration from the scala.actors package refer to the Actors Migration Guide.
[WARNING]       override def scheduler: IScheduler = customScheduler
[WARNING]                               ^
[WARNING] /Users/sergey/workspace/test/actors/src/test/scala/com/github/plokhotnyuk/actors/ScalaActorSpec.scala:180: warning: trait Actor in package actors is deprecated: Use the akka.actor package instead. For migration from the scala.actors package refer to the Actors Migration Guide.
[WARNING]   private def countActor(l: CountDownLatch, n: Int): Actor =
[WARNING]                                                      ^
[WARNING] /Users/sergey/workspace/test/actors/src/test/scala/com/github/plokhotnyuk/actors/ScalaActorSpec.scala:181: warning: trait Actor in package actors is deprecated: Use the akka.actor package instead. For migration from the scala.actors package refer to the Actors Migration Guide.
[WARNING]     new Actor {
[WARNING]         ^
[WARNING] /Users/sergey/workspace/test/actors/src/test/scala/com/github/plokhotnyuk/actors/ScalaActorSpec.scala:194: warning: trait IScheduler in package actors is deprecated: Use the akka.actor package instead. For migration from the scala.actors package refer to the Actors Migration Guide.
[WARNING]       override def scheduler: IScheduler = customScheduler
[WARNING]                               ^
[WARNING] /Users/sergey/workspace/test/actors/src/test/scala/com/github/plokhotnyuk/actors/ScalaActorSpec.scala:197: warning: trait Actor in package actors is deprecated: Use the akka.actor package instead. For migration from the scala.actors package refer to the Actors Migration Guide.
[WARNING]   private def sendMessages(a: Actor, n: Int): Unit = {
[WARNING]                               ^
[WARNING] 12 warnings found
[INFO] prepare-compile in 0 s
[INFO] compile in 10 s
[INFO] ------------------------------------------------------------------------
[INFO] BUILD SUCCESS
[INFO] ------------------------------------------------------------------------
[INFO] Total time: 16.127 s
[INFO] Finished at: 2015-01-21T02:38:08+02:00
[INFO] Final Memory: 15M/981M
[INFO] ------------------------------------------------------------------------
[INFO] Scanning for projects...
[INFO]                                                                         
[INFO] ------------------------------------------------------------------------
[INFO] Building Actors 1.0-SNAPSHOT
[INFO] ------------------------------------------------------------------------
[INFO] 
[INFO] --- maven-resources-plugin:2.6:resources (default-resources) @ actors ---
[INFO] Using 'UTF-8' encoding to copy filtered resources.
[INFO] skip non existing resourceDirectory /Users/sergey/workspace/test/actors/src/main/resources
[INFO] 
[INFO] --- maven-resources-plugin:2.6:testResources (default-testResources) @ actors ---
[INFO] Using 'UTF-8' encoding to copy filtered resources.
[INFO] skip non existing resourceDirectory /Users/sergey/workspace/test/actors/src/test/resources
[INFO] 
[INFO] --- scala-maven-plugin:3.1.6:testCompile (testCompile) @ actors ---
[WARNING]  Expected all dependencies to require Scala version: 2.11.5
[WARNING]  com.github.plokhotnyuk.actors:actors:1.0-SNAPSHOT requires scala version: 2.11.5
[WARNING]  com.typesafe.akka:akka-actor_2.11:2.3.9 requires scala version: 2.11.5
[WARNING]  net.liftweb:lift-actor_2.11:3.0-M3 requires scala version: 2.11.4
[WARNING] Multiple versions of scala libraries detected!
[INFO] Nothing to compile - all classes are up to date
[INFO] 
[INFO] --- maven-surefire-plugin:2.16:test (default-test) @ actors ---
[INFO] Surefire report directory: /Users/sergey/workspace/test/actors/target/surefire-reports

-------------------------------------------------------
 T E S T S
-------------------------------------------------------

-------------------------------------------------------
 T E S T S
-------------------------------------------------------
Running com.github.plokhotnyuk.actors.AkkaActorSpec
Executor service type: akka-forkjoin-pool

Enqueueing:
10,000,000 ops
270,449,153 ns
36,975,527 ops/s
20.7 % of CPU usage
48 bytes per instance

Dequeueing:
10,000,000 ops
650,494,713 ns
15,372,915 ops/s
15.4 % of CPU usage

Initiation:
100,000 ops
602,458,937 ns
6,024 ns/op
46.9 % of CPU usage
426 bytes per instance

Single-producer sending:
6,000,000 ops
838,441,826 ns
7,156,131 ops/s
22.8 % of CPU usage

Multi-producer sending:
6,000,000 ops
983,398,258 ns
6,101,292 ops/s
80.4 % of CPU usage

Max throughput:
12,000,000 ops
272,244,798 ns
44,077,977 ops/s
95.7 % of CPU usage

Ping latency:
1,500,000 ops
560,512,352 ns
373 ns/op
85.6 % of CPU usage

Ping throughput 10K:
2,000,000 ops
231,116,787 ns
8,653,633 ops/s
89.7 % of CPU usage
Tests run: 8, Failures: 0, Errors: 0, Skipped: 0, Time elapsed: 11.893 sec - in com.github.plokhotnyuk.actors.AkkaActorSpec
Running com.github.plokhotnyuk.actors.AkkaBalanceableActorSpec
Executor service type: akka-forkjoin-pool

Enqueueing:
10,000,000 ops
337,051,399 ns
29,669,065 ops/s
18.0 % of CPU usage
48 bytes per instance

Dequeueing:
10,000,000 ops
531,599,673 ns
18,811,147 ops/s
15.0 % of CPU usage

Initiation:
100,000 ops
594,423,060 ns
5,944 ns/op
46.8 % of CPU usage
426 bytes per instance

Single-producer sending:
6,000,000 ops
679,489,391 ns
8,830,159 ops/s
22.5 % of CPU usage

Multi-producer sending:
6,000,000 ops
582,605,991 ns
10,298,555 ops/s
45.2 % of CPU usage

Max throughput:
12,000,000 ops
230,278,203 ns
52,110,880 ops/s
96.3 % of CPU usage

Ping latency:
1,500,000 ops
505,753,457 ns
337 ns/op
94.0 % of CPU usage

Ping throughput 10K:
2,000,000 ops
312,343,236 ns
6,403,212 ops/s
98.8 % of CPU usage
Tests run: 8, Failures: 0, Errors: 0, Skipped: 0, Time elapsed: 10.684 sec - in com.github.plokhotnyuk.actors.AkkaBalanceableActorSpec
Running com.github.plokhotnyuk.actors.AkkaBoundedActorSpec
Executor service type: akka-forkjoin-pool

Enqueueing:
10,000,000 ops
543,926,515 ns
18,384,836 ops/s
17.8 % of CPU usage
48 bytes per instance

Dequeueing:
10,000,000 ops
732,514,817 ns
13,651,600 ops/s
14.7 % of CPU usage

Initiation:
100,000 ops
600,619,053 ns
6,006 ns/op
47.5 % of CPU usage
610 bytes per instance

Single-producer sending:
6,000,000 ops
1,729,326,076 ns
3,469,559 ops/s
24.4 % of CPU usage

Multi-producer sending:
6,000,000 ops
1,977,726,859 ns
3,033,785 ops/s
48.5 % of CPU usage

Max throughput:
12,000,000 ops
430,808,001 ns
27,854,635 ops/s
94.7 % of CPU usage

Ping latency:
1,500,000 ops
641,559,481 ns
427 ns/op
88.2 % of CPU usage

Ping throughput 10K:
2,000,000 ops
279,243,716 ns
7,162,202 ops/s
99.3 % of CPU usage

Overflow throughput:
5,000,000 ops
656,499,861 ns
7,616,147 ops/s
15.6 % of CPU usage
Tests run: 9, Failures: 0, Errors: 0, Skipped: 0, Time elapsed: 15.786 sec - in com.github.plokhotnyuk.actors.AkkaBoundedActorSpec
Running com.github.plokhotnyuk.actors.AkkaNonBalanceableActorSpec
Executor service type: akka-forkjoin-pool

Enqueueing:
10,000,000 ops
335,632,428 ns
29,794,498 ops/s
18.7 % of CPU usage
48 bytes per instance

Dequeueing:
10,000,000 ops
507,396,666 ns
19,708,446 ops/s
15.1 % of CPU usage

Initiation:
100,000 ops
614,451,720 ns
6,144 ns/op
46.5 % of CPU usage
426 bytes per instance

Single-producer sending:
6,000,000 ops
706,469,562 ns
8,492,934 ops/s
23.2 % of CPU usage

Multi-producer sending:
6,000,000 ops
591,865,280 ns
10,137,442 ops/s
50.9 % of CPU usage

Max throughput:
12,000,000 ops
234,606,632 ns
51,149,449 ops/s
94.2 % of CPU usage

Ping latency:
1,500,000 ops
480,110,174 ns
320 ns/op
84.1 % of CPU usage

Ping throughput 10K:
2,000,000 ops
265,793,045 ns
7,524,651 ops/s
98.6 % of CPU usage
Tests run: 8, Failures: 0, Errors: 0, Skipped: 0, Time elapsed: 10.658 sec - in com.github.plokhotnyuk.actors.AkkaNonBalanceableActorSpec
Running com.github.plokhotnyuk.actors.AkkaNonBlockingBoundedActorSpec
Executor service type: akka-forkjoin-pool

Enqueueing:
10,000,000 ops
270,698,619 ns
36,941,451 ops/s
19.7 % of CPU usage
48 bytes per instance

Dequeueing:
10,000,000 ops
527,794,864 ns
18,946,755 ops/s
14.9 % of CPU usage

Initiation:
100,000 ops
613,148,006 ns
6,131 ns/op
46.5 % of CPU usage
426 bytes per instance

Single-producer sending:
6,000,000 ops
931,953,810 ns
6,438,087 ops/s
24.0 % of CPU usage

Multi-producer sending:
6,000,000 ops
1,403,777,555 ns
4,274,181 ops/s
79.8 % of CPU usage

Max throughput:
12,000,000 ops
241,978,369 ns
49,591,209 ops/s
94.1 % of CPU usage

Ping latency:
1,500,000 ops
523,216,456 ns
348 ns/op
84.6 % of CPU usage

Ping throughput 10K:
2,000,000 ops
175,625,348 ns
11,387,877 ops/s
98.4 % of CPU usage

Overflow throughput:
5,000,000 ops
358,834,084 ns
13,934,016 ops/s
15.2 % of CPU usage
Tests run: 9, Failures: 0, Errors: 0, Skipped: 0, Time elapsed: 12.485 sec - in com.github.plokhotnyuk.actors.AkkaNonBlockingBoundedActorSpec
Running com.github.plokhotnyuk.actors.LiftActorSpec
Executor service type: akka-forkjoin-pool

Enqueueing:
10,000,000 ops
360,335,251 ns
27,751,933 ops/s
13.1 % of CPU usage
24 bytes per instance

Dequeueing:
10,000,000 ops
390,197,208 ns
25,628,066 ops/s
13.7 % of CPU usage

Initiation:
10,000,000 ops
585,312,575 ns
58 ns/op
19.6 % of CPU usage
72 bytes per instance

Single-producer sending:
6,000,000 ops
709,749,558 ns
8,453,686 ops/s
27.7 % of CPU usage

Multi-producer sending:
6,000,000 ops
737,751,572 ns
8,132,818 ops/s
33.1 % of CPU usage

Max throughput:
12,000,000 ops
267,489,039 ns
44,861,651 ops/s
95.1 % of CPU usage

Ping latency:
1,500,000 ops
864,700,838 ns
576 ns/op
82.5 % of CPU usage

Ping throughput 10K:
2,000,000 ops
331,033,859 ns
6,041,678 ops/s
50.6 % of CPU usage
Tests run: 8, Failures: 0, Errors: 0, Skipped: 0, Time elapsed: 10.456 sec - in com.github.plokhotnyuk.actors.LiftActorSpec
Running com.github.plokhotnyuk.actors.MinimalistActorSpec
Executor service type: akka-forkjoin-pool

Enqueueing:
40,000,000 ops
662,292,319 ns
60,396,291 ops/s
12.6 % of CPU usage
24 bytes per instance

Dequeueing:
40,000,000 ops
273,151,073 ns
146,439,109 ops/s
22.3 % of CPU usage

Initiation:
1,000,000 ops
257,564,117 ns
257 ns/op
91.6 % of CPU usage
40 bytes per instance

Single-producer sending:
15,000,000 ops
411,827,575 ns
36,423,010 ops/s
26.6 % of CPU usage

Multi-producer sending:
15,000,000 ops
477,714,932 ns
31,399,479 ops/s
99.0 % of CPU usage

Max throughput:
30,000,000 ops
158,250,422 ns
189,572,954 ops/s
82.0 % of CPU usage

Ping latency:
3,000,000 ops
548,066,930 ns
182 ns/op
98.0 % of CPU usage

Ping throughput 10K:
6,000,000 ops
80,984,237 ns
74,088,492 ops/s
94.0 % of CPU usage
Tests run: 8, Failures: 0, Errors: 0, Skipped: 0, Time elapsed: 8.223 sec - in com.github.plokhotnyuk.actors.MinimalistActorSpec
Running com.github.plokhotnyuk.actors.ScalaActorSpec
Executor service type: akka-forkjoin-pool

Enqueueing:
20,000,000 ops
656,700,757 ns
30,455,271 ops/s
13.2 % of CPU usage
24 bytes per instance

Dequeueing:
300,000 ops
587,294,471 ns
510,817 ops/s
83.7 % of CPU usage

Initiation:
600,000 ops
598,936,433 ns
998 ns/op
67.5 % of CPU usage
224 bytes per instance

Single-producer sending:
300,000 ops
492,212,991 ns
609,492 ops/s
82.3 % of CPU usage

Multi-producer sending:
300,000 ops
423,831,971 ns
707,827 ops/s
88.9 % of CPU usage

Max throughput:
600,000 ops
259,759,126 ns
2,309,832 ops/s
96.9 % of CPU usage

Ping latency:
250,000 ops
425,096,140 ns
1,700 ns/op
89.1 % of CPU usage

Ping throughput 10K:
400,000 ops
215,849,926 ns
1,853,139 ops/s
90.4 % of CPU usage
Tests run: 8, Failures: 0, Errors: 0, Skipped: 0, Time elapsed: 7.429 sec - in com.github.plokhotnyuk.actors.ScalaActorSpec
Running com.github.plokhotnyuk.actors.ScalazActorSpec
Executor service type: akka-forkjoin-pool

Enqueueing:
40,000,000 ops
593,555,545 ns
67,390,491 ops/s
12.6 % of CPU usage
24 bytes per instance

Dequeueing:
40,000,000 ops
137,660,585 ns
290,569,737 ops/s
94.0 % of CPU usage

Initiation:
10,000,000 ops
262,600,134 ns
26 ns/op
26.7 % of CPU usage
104 bytes per instance

Single-producer sending:
15,000,000 ops
440,754,220 ns
34,032,572 ops/s
61.9 % of CPU usage

Multi-producer sending:
15,000,000 ops
467,975,489 ns
32,052,960 ops/s
99.1 % of CPU usage

Max throughput:
30,000,000 ops
111,597,389 ns
268,823,493 ops/s
95.0 % of CPU usage

Ping latency:
3,000,000 ops
569,990,665 ns
189 ns/op
91.8 % of CPU usage

Ping throughput 10K:
6,000,000 ops
95,213,271 ns
63,016,425 ops/s
96.4 % of CPU usage
Tests run: 8, Failures: 0, Errors: 0, Skipped: 0, Time elapsed: 10.936 sec - in com.github.plokhotnyuk.actors.ScalazActorSpec
Running com.github.plokhotnyuk.actors.ScalazBoundedActor2Spec
Executor service type: akka-forkjoin-pool

Enqueueing:
40,000,000 ops
741,837,674 ns
53,920,151 ops/s
12.8 % of CPU usage
24 bytes per instance

Dequeueing:
40,000,000 ops
147,733,644 ns
270,757,553 ops/s
77.9 % of CPU usage

Initiation:
10,000,000 ops
197,690,695 ns
19 ns/op
27.8 % of CPU usage
56 bytes per instance

Single-producer sending:
15,000,000 ops
676,714,685 ns
22,165,914 ops/s
69.4 % of CPU usage

Multi-producer sending:
15,000,000 ops
2,147,693,570 ns
6,984,236 ops/s
99.3 % of CPU usage

Max throughput:
30,000,000 ops
204,667,456 ns
146,579,239 ops/s
91.4 % of CPU usage

Ping latency:
3,000,000 ops
565,858,899 ns
188 ns/op
98.9 % of CPU usage

Ping throughput 10K:
6,000,000 ops
99,565,816 ns
60,261,646 ops/s
96.9 % of CPU usage

Overflow throughput:
100,000,000 ops
785,101,854 ns
127,372,008 ops/s
12.5 % of CPU usage
Tests run: 9, Failures: 0, Errors: 0, Skipped: 0, Time elapsed: 12.501 sec - in com.github.plokhotnyuk.actors.ScalazBoundedActor2Spec
Running com.github.plokhotnyuk.actors.ScalazUnboundedActor2Spec
Executor service type: akka-forkjoin-pool

Enqueueing:
40,000,000 ops
667,436,318 ns
59,930,811 ops/s
12.6 % of CPU usage
24 bytes per instance

Dequeueing:
40,000,000 ops
120,189,567 ns
332,807,588 ops/s
94.1 % of CPU usage

Initiation:
10,000,000 ops
169,863,492 ns
16 ns/op
29.9 % of CPU usage
48 bytes per instance

Single-producer sending:
15,000,000 ops
539,795,723 ns
27,788,289 ops/s
28.7 % of CPU usage

Multi-producer sending:
15,000,000 ops
537,450,195 ns
27,909,562 ops/s
86.2 % of CPU usage

Max throughput:
30,000,000 ops
232,311,275 ns
129,137,081 ops/s
90.4 % of CPU usage

Ping latency:
3,000,000 ops
505,250,763 ns
168 ns/op
96.6 % of CPU usage

Ping throughput 10K:
6,000,000 ops
94,300,647 ns
63,626,286 ops/s
95.8 % of CPU usage
Tests run: 8, Failures: 0, Errors: 0, Skipped: 0, Time elapsed: 9.245 sec - in com.github.plokhotnyuk.actors.ScalazUnboundedActor2Spec

Results :

Tests run: 91, Failures: 0, Errors: 0, Skipped: 0

[INFO] ------------------------------------------------------------------------
[INFO] BUILD SUCCESS
[INFO] ------------------------------------------------------------------------
[INFO] Total time: 02:25 min
[INFO] Finished at: 2015-01-21T02:40:35+02:00
[INFO] Final Memory: 13M/981M
[INFO] ------------------------------------------------------------------------
[INFO] Scanning for projects...
[INFO]                                                                         
[INFO] ------------------------------------------------------------------------
[INFO] Building Actors 1.0-SNAPSHOT
[INFO] ------------------------------------------------------------------------
[INFO] 
[INFO] --- maven-resources-plugin:2.6:resources (default-resources) @ actors ---
[INFO] Using 'UTF-8' encoding to copy filtered resources.
[INFO] skip non existing resourceDirectory /Users/sergey/workspace/test/actors/src/main/resources
[INFO] 
[INFO] --- maven-resources-plugin:2.6:testResources (default-testResources) @ actors ---
[INFO] Using 'UTF-8' encoding to copy filtered resources.
[INFO] skip non existing resourceDirectory /Users/sergey/workspace/test/actors/src/test/resources
[INFO] 
[INFO] --- scala-maven-plugin:3.1.6:testCompile (testCompile) @ actors ---
[WARNING]  Expected all dependencies to require Scala version: 2.11.5
[WARNING]  com.github.plokhotnyuk.actors:actors:1.0-SNAPSHOT requires scala version: 2.11.5
[WARNING]  com.typesafe.akka:akka-actor_2.11:2.3.9 requires scala version: 2.11.5
[WARNING]  net.liftweb:lift-actor_2.11:3.0-M3 requires scala version: 2.11.4
[WARNING] Multiple versions of scala libraries detected!
[INFO] Nothing to compile - all classes are up to date
[INFO] 
[INFO] --- maven-surefire-plugin:2.16:test (default-test) @ actors ---
[INFO] Surefire report directory: /Users/sergey/workspace/test/actors/target/surefire-reports

-------------------------------------------------------
 T E S T S
-------------------------------------------------------

-------------------------------------------------------
 T E S T S
-------------------------------------------------------
Running com.github.plokhotnyuk.actors.AkkaActorSpec
Executor service type: scala-forkjoin-pool

Enqueueing:
10,000,000 ops
326,769,845 ns
30,602,579 ops/s
18.0 % of CPU usage
48 bytes per instance

Dequeueing:
10,000,000 ops
681,423,591 ns
14,675,159 ops/s
15.2 % of CPU usage

Initiation:
100,000 ops
826,469,942 ns
8,264 ns/op
59.3 % of CPU usage
426 bytes per instance

Single-producer sending:
6,000,000 ops
817,957,941 ns
7,335,340 ops/s
22.4 % of CPU usage

Multi-producer sending:
6,000,000 ops
944,787,817 ns
6,350,632 ops/s
79.2 % of CPU usage

Max throughput:
12,000,000 ops
302,039,529 ns
39,729,899 ops/s
89.6 % of CPU usage

Ping latency:
1,500,000 ops
633,782,494 ns
422 ns/op
79.0 % of CPU usage

Ping throughput 10K:
2,000,000 ops
286,828,544 ns
6,972,806 ops/s
97.2 % of CPU usage
Tests run: 8, Failures: 0, Errors: 0, Skipped: 0, Time elapsed: 12.19 sec - in com.github.plokhotnyuk.actors.AkkaActorSpec
Running com.github.plokhotnyuk.actors.AkkaBalanceableActorSpec
Executor service type: scala-forkjoin-pool

Enqueueing:
10,000,000 ops
338,182,419 ns
29,569,839 ops/s
17.8 % of CPU usage
48 bytes per instance

Dequeueing:
10,000,000 ops
532,737,066 ns
18,770,985 ops/s
15.9 % of CPU usage

Initiation:
100,000 ops
555,574,535 ns
5,555 ns/op
46.8 % of CPU usage
426 bytes per instance

Single-producer sending:
6,000,000 ops
671,939,665 ns
8,929,373 ops/s
22.4 % of CPU usage

Multi-producer sending:
6,000,000 ops
591,319,030 ns
10,146,806 ops/s
46.8 % of CPU usage

Max throughput:
12,000,000 ops
248,702,341 ns
48,250,450 ops/s
95.8 % of CPU usage

Ping latency:
1,500,000 ops
560,673,687 ns
373 ns/op
89.0 % of CPU usage

Ping throughput 10K:
2,000,000 ops
272,888,532 ns
7,328,999 ops/s
99.4 % of CPU usage
Tests run: 8, Failures: 0, Errors: 0, Skipped: 0, Time elapsed: 10.809 sec - in com.github.plokhotnyuk.actors.AkkaBalanceableActorSpec
Running com.github.plokhotnyuk.actors.AkkaBoundedActorSpec
Executor service type: scala-forkjoin-pool

Enqueueing:
10,000,000 ops
465,469,168 ns
21,483,700 ops/s
25.0 % of CPU usage
48 bytes per instance

Dequeueing:
10,000,000 ops
728,132,863 ns
13,733,757 ops/s
14.5 % of CPU usage

Initiation:
100,000 ops
687,256,072 ns
6,872 ns/op
60.3 % of CPU usage
610 bytes per instance

Single-producer sending:
6,000,000 ops
1,570,205,172 ns
3,821,156 ops/s
24.0 % of CPU usage

Multi-producer sending:
6,000,000 ops
1,627,701,203 ns
3,686,180 ops/s
48.9 % of CPU usage

Max throughput:
12,000,000 ops
471,358,480 ns
25,458,330 ops/s
85.4 % of CPU usage

Ping latency:
1,500,000 ops
677,315,154 ns
451 ns/op
79.5 % of CPU usage

Ping throughput 10K:
2,000,000 ops
296,161,420 ns
6,753,074 ops/s
97.8 % of CPU usage

Overflow throughput:
5,000,000 ops
445,782,818 ns
11,216,224 ops/s
16.5 % of CPU usage
Tests run: 9, Failures: 0, Errors: 0, Skipped: 0, Time elapsed: 15.264 sec - in com.github.plokhotnyuk.actors.AkkaBoundedActorSpec
Running com.github.plokhotnyuk.actors.AkkaNonBalanceableActorSpec
Executor service type: scala-forkjoin-pool

Enqueueing:
10,000,000 ops
355,416,219 ns
28,136,026 ops/s
18.4 % of CPU usage
48 bytes per instance

Dequeueing:
10,000,000 ops
516,726,060 ns
19,352,614 ops/s
14.9 % of CPU usage

Initiation:
100,000 ops
554,315,861 ns
5,543 ns/op
47.3 % of CPU usage
426 bytes per instance

Single-producer sending:
6,000,000 ops
700,521,823 ns
8,565,043 ops/s
23.0 % of CPU usage

Multi-producer sending:
6,000,000 ops
616,454,285 ns
9,733,081 ops/s
49.5 % of CPU usage

Max throughput:
12,000,000 ops
229,404,291 ns
52,309,396 ops/s
95.9 % of CPU usage

Ping latency:
1,500,000 ops
565,880,157 ns
377 ns/op
77.4 % of CPU usage

Ping throughput 10K:
2,000,000 ops
268,917,381 ns
7,437,228 ops/s
98.8 % of CPU usage
Tests run: 8, Failures: 0, Errors: 0, Skipped: 0, Time elapsed: 10.607 sec - in com.github.plokhotnyuk.actors.AkkaNonBalanceableActorSpec
Running com.github.plokhotnyuk.actors.AkkaNonBlockingBoundedActorSpec
Executor service type: scala-forkjoin-pool

Enqueueing:
10,000,000 ops
265,042,311 ns
37,729,824 ops/s
20.2 % of CPU usage
48 bytes per instance

Dequeueing:
10,000,000 ops
539,708,665 ns
18,528,514 ops/s
14.8 % of CPU usage

Initiation:
100,000 ops
651,576,746 ns
6,515 ns/op
44.4 % of CPU usage
426 bytes per instance

Single-producer sending:
6,000,000 ops
896,512,081 ns
6,692,603 ops/s
25.5 % of CPU usage

Multi-producer sending:
6,000,000 ops
1,395,843,539 ns
4,298,476 ops/s
81.6 % of CPU usage

Max throughput:
12,000,000 ops
267,605,069 ns
44,842,199 ops/s
92.3 % of CPU usage

Ping latency:
1,500,000 ops
562,409,483 ns
374 ns/op
91.0 % of CPU usage

Ping throughput 10K:
2,000,000 ops
300,318,093 ns
6,659,605 ops/s
99.4 % of CPU usage

Overflow throughput:
5,000,000 ops
378,724,419 ns
13,202,211 ops/s
15.0 % of CPU usage
Tests run: 9, Failures: 0, Errors: 0, Skipped: 0, Time elapsed: 12.895 sec - in com.github.plokhotnyuk.actors.AkkaNonBlockingBoundedActorSpec
Running com.github.plokhotnyuk.actors.LiftActorSpec
Executor service type: scala-forkjoin-pool

Enqueueing:
10,000,000 ops
355,825,895 ns
28,103,631 ops/s
13.2 % of CPU usage
24 bytes per instance

Dequeueing:
10,000,000 ops
342,580,080 ns
29,190,255 ops/s
14.8 % of CPU usage

Initiation:
10,000,000 ops
575,815,752 ns
57 ns/op
19.3 % of CPU usage
72 bytes per instance

Single-producer sending:
6,000,000 ops
724,634,429 ns
8,280,037 ops/s
27.0 % of CPU usage

Multi-producer sending:
6,000,000 ops
738,276,338 ns
8,127,038 ops/s
33.3 % of CPU usage

Max throughput:
12,000,000 ops
267,393,258 ns
44,877,720 ops/s
89.2 % of CPU usage

Ping latency:
1,500,000 ops
895,612,724 ns
597 ns/op
95.4 % of CPU usage

Ping throughput 10K:
2,000,000 ops
354,669,036 ns
5,639,060 ops/s
56.7 % of CPU usage
Tests run: 8, Failures: 0, Errors: 0, Skipped: 0, Time elapsed: 10.203 sec - in com.github.plokhotnyuk.actors.LiftActorSpec
Running com.github.plokhotnyuk.actors.MinimalistActorSpec
Executor service type: scala-forkjoin-pool

Enqueueing:
40,000,000 ops
664,457,982 ns
60,199,442 ops/s
12.6 % of CPU usage
24 bytes per instance

Dequeueing:
40,000,000 ops
293,168,770 ns
136,440,180 ops/s
21.3 % of CPU usage

Initiation:
1,000,000 ops
267,027,427 ns
267 ns/op
89.7 % of CPU usage
40 bytes per instance

Single-producer sending:
15,000,000 ops
434,163,418 ns
34,549,202 ops/s
34.4 % of CPU usage

Multi-producer sending:
15,000,000 ops
472,703,633 ns
31,732,356 ops/s
98.6 % of CPU usage

Max throughput:
30,000,000 ops
138,176,416 ns
217,113,751 ops/s
95.4 % of CPU usage

Ping latency:
3,000,000 ops
553,403,189 ns
184 ns/op
96.8 % of CPU usage

Ping throughput 10K:
6,000,000 ops
94,413,656 ns
63,550,128 ops/s
93.8 % of CPU usage
Tests run: 8, Failures: 0, Errors: 0, Skipped: 0, Time elapsed: 8.216 sec - in com.github.plokhotnyuk.actors.MinimalistActorSpec
Running com.github.plokhotnyuk.actors.ScalaActorSpec
Executor service type: scala-forkjoin-pool

Enqueueing:
20,000,000 ops
615,859,956 ns
32,474,915 ops/s
13.2 % of CPU usage
24 bytes per instance

Dequeueing:
300,000 ops
705,783,446 ns
425,059 ops/s
87.0 % of CPU usage

Initiation:
600,000 ops
553,836,788 ns
923 ns/op
75.5 % of CPU usage
224 bytes per instance

Single-producer sending:
300,000 ops
553,922,914 ns
541,591 ops/s
80.5 % of CPU usage

Multi-producer sending:
300,000 ops
452,713,570 ns
662,670 ops/s
78.0 % of CPU usage

Max throughput:
600,000 ops
290,046,763 ns
2,068,631 ops/s
95.8 % of CPU usage

Ping latency:
250,000 ops
436,099,038 ns
1,744 ns/op
79.8 % of CPU usage

Ping throughput 10K:
400,000 ops
260,412,662 ns
1,536,023 ops/s
89.8 % of CPU usage
Tests run: 8, Failures: 0, Errors: 0, Skipped: 0, Time elapsed: 7.624 sec - in com.github.plokhotnyuk.actors.ScalaActorSpec
Running com.github.plokhotnyuk.actors.ScalazActorSpec
Executor service type: scala-forkjoin-pool

Enqueueing:
40,000,000 ops
593,582,328 ns
67,387,450 ops/s
12.6 % of CPU usage
24 bytes per instance

Dequeueing:
40,000,000 ops
140,063,114 ns
285,585,539 ops/s
92.0 % of CPU usage

Initiation:
10,000,000 ops
263,036,431 ns
26 ns/op
26.3 % of CPU usage
104 bytes per instance

Single-producer sending:
15,000,000 ops
362,034,655 ns
41,432,497 ops/s
64.3 % of CPU usage

Multi-producer sending:
15,000,000 ops
465,830,846 ns
32,200,529 ops/s
99.2 % of CPU usage

Max throughput:
30,000,000 ops
126,184,833 ns
237,746,480 ops/s
91.3 % of CPU usage

Ping latency:
3,000,000 ops
530,692,854 ns
176 ns/op
98.4 % of CPU usage

Ping throughput 10K:
6,000,000 ops
89,417,258 ns
67,101,140 ops/s
94.6 % of CPU usage
Tests run: 8, Failures: 0, Errors: 0, Skipped: 0, Time elapsed: 10.863 sec - in com.github.plokhotnyuk.actors.ScalazActorSpec
Running com.github.plokhotnyuk.actors.ScalazBoundedActor2Spec
Executor service type: scala-forkjoin-pool

Enqueueing:
40,000,000 ops
745,937,710 ns
53,623,780 ops/s
12.8 % of CPU usage
24 bytes per instance

Dequeueing:
40,000,000 ops
241,066,413 ns
165,929,378 ops/s
22.2 % of CPU usage

Initiation:
10,000,000 ops
209,540,919 ns
20 ns/op
27.4 % of CPU usage
56 bytes per instance

Single-producer sending:
15,000,000 ops
652,331,550 ns
22,994,442 ops/s
73.0 % of CPU usage

Multi-producer sending:
15,000,000 ops
2,128,005,706 ns
7,048,853 ops/s
98.8 % of CPU usage

Max throughput:
30,000,000 ops
186,161,018 ns
161,150,816 ops/s
89.7 % of CPU usage

Ping latency:
3,000,000 ops
580,224,030 ns
193 ns/op
97.6 % of CPU usage

Ping throughput 10K:
6,000,000 ops
102,378,768 ns
58,605,901 ops/s
96.8 % of CPU usage

Overflow throughput:
100,000,000 ops
742,786,269 ns
134,628,229 ops/s
12.6 % of CPU usage
Tests run: 9, Failures: 0, Errors: 0, Skipped: 0, Time elapsed: 12.435 sec - in com.github.plokhotnyuk.actors.ScalazBoundedActor2Spec
Running com.github.plokhotnyuk.actors.ScalazUnboundedActor2Spec
Executor service type: scala-forkjoin-pool

Enqueueing:
40,000,000 ops
681,293,919 ns
58,711,811 ops/s
12.6 % of CPU usage
24 bytes per instance

Dequeueing:
40,000,000 ops
127,365,283 ns
314,057,324 ops/s
93.7 % of CPU usage

Initiation:
10,000,000 ops
172,875,080 ns
17 ns/op
29.6 % of CPU usage
48 bytes per instance

Single-producer sending:
15,000,000 ops
535,570,754 ns
28,007,503 ops/s
29.4 % of CPU usage

Multi-producer sending:
15,000,000 ops
556,174,106 ns
26,969,971 ops/s
91.9 % of CPU usage

Max throughput:
30,000,000 ops
204,897,913 ns
146,414,375 ops/s
98.5 % of CPU usage

Ping latency:
3,000,000 ops
541,343,953 ns
180 ns/op
96.9 % of CPU usage

Ping throughput 10K:
6,000,000 ops
90,476,752 ns
66,315,377 ops/s
95.3 % of CPU usage
Tests run: 8, Failures: 0, Errors: 0, Skipped: 0, Time elapsed: 9.364 sec - in com.github.plokhotnyuk.actors.ScalazUnboundedActor2Spec

Results :

Tests run: 91, Failures: 0, Errors: 0, Skipped: 0

[INFO] ------------------------------------------------------------------------
[INFO] BUILD SUCCESS
[INFO] ------------------------------------------------------------------------
[INFO] Total time: 02:23 min
[INFO] Finished at: 2015-01-21T02:43:00+02:00
[INFO] Final Memory: 13M/981M
[INFO] ------------------------------------------------------------------------
[INFO] Scanning for projects...
[INFO]                                                                         
[INFO] ------------------------------------------------------------------------
[INFO] Building Actors 1.0-SNAPSHOT
[INFO] ------------------------------------------------------------------------
[INFO] 
[INFO] --- maven-resources-plugin:2.6:resources (default-resources) @ actors ---
[INFO] Using 'UTF-8' encoding to copy filtered resources.
[INFO] skip non existing resourceDirectory /Users/sergey/workspace/test/actors/src/main/resources
[INFO] 
[INFO] --- maven-resources-plugin:2.6:testResources (default-testResources) @ actors ---
[INFO] Using 'UTF-8' encoding to copy filtered resources.
[INFO] skip non existing resourceDirectory /Users/sergey/workspace/test/actors/src/test/resources
[INFO] 
[INFO] --- scala-maven-plugin:3.1.6:testCompile (testCompile) @ actors ---
[WARNING]  Expected all dependencies to require Scala version: 2.11.5
[WARNING]  com.github.plokhotnyuk.actors:actors:1.0-SNAPSHOT requires scala version: 2.11.5
[WARNING]  com.typesafe.akka:akka-actor_2.11:2.3.9 requires scala version: 2.11.5
[WARNING]  net.liftweb:lift-actor_2.11:3.0-M3 requires scala version: 2.11.4
[WARNING] Multiple versions of scala libraries detected!
[INFO] Nothing to compile - all classes are up to date
[INFO] 
[INFO] --- maven-surefire-plugin:2.16:test (default-test) @ actors ---
[INFO] Surefire report directory: /Users/sergey/workspace/test/actors/target/surefire-reports

-------------------------------------------------------
 T E S T S
-------------------------------------------------------

-------------------------------------------------------
 T E S T S
-------------------------------------------------------
Running com.github.plokhotnyuk.actors.AkkaActorSpec
Executor service type: java-forkjoin-pool

Enqueueing:
10,000,000 ops
275,613,448 ns
36,282,699 ops/s
23.5 % of CPU usage
48 bytes per instance

Dequeueing:
10,000,000 ops
672,526,793 ns
14,869,296 ops/s
15.0 % of CPU usage

Initiation:
100,000 ops
660,030,565 ns
6,600 ns/op
41.7 % of CPU usage
426 bytes per instance

Single-producer sending:
6,000,000 ops
800,541,195 ns
7,494,929 ops/s
21.9 % of CPU usage

Multi-producer sending:
6,000,000 ops
1,023,459,782 ns
5,862,467 ops/s
76.5 % of CPU usage

Max throughput:
12,000,000 ops
305,554,069 ns
39,272,918 ops/s
93.4 % of CPU usage

Ping latency:
1,500,000 ops
2,166,326,920 ns
1,444 ns/op
36.3 % of CPU usage

Ping throughput 10K:
2,000,000 ops
296,731,165 ns
6,740,107 ops/s
99.3 % of CPU usage
Tests run: 8, Failures: 0, Errors: 0, Skipped: 0, Time elapsed: 13.844 sec - in com.github.plokhotnyuk.actors.AkkaActorSpec
Running com.github.plokhotnyuk.actors.AkkaBalanceableActorSpec
Executor service type: java-forkjoin-pool

Enqueueing:
10,000,000 ops
255,485,421 ns
39,141,176 ops/s
18.9 % of CPU usage
48 bytes per instance

Dequeueing:
10,000,000 ops
597,310,116 ns
16,741,722 ops/s
14.6 % of CPU usage

Initiation:
100,000 ops
643,315,249 ns
6,433 ns/op
42.2 % of CPU usage
426 bytes per instance

Single-producer sending:
6,000,000 ops
662,059,443 ns
9,062,630 ops/s
21.4 % of CPU usage

Multi-producer sending:
6,000,000 ops
602,261,555 ns
9,962,448 ops/s
44.0 % of CPU usage

Max throughput:
12,000,000 ops
256,306,542 ns
46,818,937 ops/s
95.8 % of CPU usage

Ping latency:
1,500,000 ops
2,005,152,856 ns
1,336 ns/op
35.6 % of CPU usage

Ping throughput 10K:
2,000,000 ops
279,310,001 ns
7,160,502 ops/s
97.6 % of CPU usage
Tests run: 8, Failures: 0, Errors: 0, Skipped: 0, Time elapsed: 12.392 sec - in com.github.plokhotnyuk.actors.AkkaBalanceableActorSpec
Running com.github.plokhotnyuk.actors.AkkaBoundedActorSpec
Executor service type: java-forkjoin-pool

Enqueueing:
10,000,000 ops
456,988,853 ns
21,882,371 ops/s
17.8 % of CPU usage
48 bytes per instance

Dequeueing:
10,000,000 ops
737,634,710 ns
13,556,845 ops/s
14.3 % of CPU usage

Initiation:
100,000 ops
679,545,438 ns
6,795 ns/op
43.7 % of CPU usage
610 bytes per instance

Single-producer sending:
6,000,000 ops
1,602,644,095 ns
3,743,813 ops/s
24.0 % of CPU usage

Multi-producer sending:
6,000,000 ops
1,629,516,295 ns
3,682,074 ops/s
35.3 % of CPU usage

Max throughput:
12,000,000 ops
410,273,091 ns
29,248,810 ops/s
87.2 % of CPU usage

Ping latency:
1,500,000 ops
1,991,149,880 ns
1,327 ns/op
36.3 % of CPU usage

Ping throughput 10K:
2,000,000 ops
336,259,161 ns
5,947,793 ops/s
99.2 % of CPU usage

Overflow throughput:
5,000,000 ops
430,011,490 ns
11,627,596 ops/s
15.1 % of CPU usage
Tests run: 9, Failures: 0, Errors: 0, Skipped: 0, Time elapsed: 17.009 sec - in com.github.plokhotnyuk.actors.AkkaBoundedActorSpec
Running com.github.plokhotnyuk.actors.AkkaNonBalanceableActorSpec
Executor service type: java-forkjoin-pool

Enqueueing:
10,000,000 ops
338,039,409 ns
29,582,349 ops/s
21.1 % of CPU usage
48 bytes per instance

Dequeueing:
10,000,000 ops
524,824,316 ns
19,053,995 ops/s
15.0 % of CPU usage

Initiation:
100,000 ops
626,558,241 ns
6,265 ns/op
41.4 % of CPU usage
425 bytes per instance

Single-producer sending:
6,000,000 ops
691,310,814 ns
8,679,164 ops/s
22.6 % of CPU usage

Multi-producer sending:
6,000,000 ops
629,759,839 ns
9,527,441 ops/s
49.7 % of CPU usage

Max throughput:
12,000,000 ops
265,119,249 ns
45,262,650 ops/s
92.5 % of CPU usage

Ping latency:
1,500,000 ops
1,965,619,646 ns
1,310 ns/op
35.3 % of CPU usage

Ping throughput 10K:
2,000,000 ops
317,038,557 ns
6,308,380 ops/s
99.6 % of CPU usage
Tests run: 8, Failures: 0, Errors: 0, Skipped: 0, Time elapsed: 12.214 sec - in com.github.plokhotnyuk.actors.AkkaNonBalanceableActorSpec
Running com.github.plokhotnyuk.actors.AkkaNonBlockingBoundedActorSpec
Executor service type: java-forkjoin-pool

Enqueueing:
10,000,000 ops
265,138,084 ns
37,716,196 ops/s
18.8 % of CPU usage
48 bytes per instance

Dequeueing:
10,000,000 ops
535,154,559 ns
18,686,190 ops/s
14.5 % of CPU usage

Initiation:
100,000 ops
615,943,774 ns
6,159 ns/op
39.8 % of CPU usage
426 bytes per instance

Single-producer sending:
6,000,000 ops
881,860,016 ns
6,803,800 ops/s
23.4 % of CPU usage

Multi-producer sending:
6,000,000 ops
1,317,145,962 ns
4,555,303 ops/s
82.4 % of CPU usage

Max throughput:
12,000,000 ops
255,762,063 ns
46,918,608 ops/s
91.4 % of CPU usage

Ping latency:
1,500,000 ops
2,107,565,887 ns
1,405 ns/op
36.0 % of CPU usage

Ping throughput 10K:
2,000,000 ops
308,248,680 ns
6,488,267 ops/s
98.2 % of CPU usage

Overflow throughput:
5,000,000 ops
353,935,830 ns
14,126,854 ops/s
16.0 % of CPU usage
Tests run: 9, Failures: 0, Errors: 0, Skipped: 0, Time elapsed: 14.323 sec - in com.github.plokhotnyuk.actors.AkkaNonBlockingBoundedActorSpec
Running com.github.plokhotnyuk.actors.LiftActorSpec
Executor service type: java-forkjoin-pool

Enqueueing:
10,000,000 ops
362,753,331 ns
27,566,941 ops/s
13.1 % of CPU usage
24 bytes per instance

Dequeueing:
10,000,000 ops
415,917,764 ns
24,043,214 ops/s
13.7 % of CPU usage

Initiation:
10,000,000 ops
581,128,257 ns
58 ns/op
19.4 % of CPU usage
72 bytes per instance

Single-producer sending:
6,000,000 ops
714,781,518 ns
8,394,173 ops/s
26.8 % of CPU usage

Multi-producer sending:
6,000,000 ops
764,064,892 ns
7,852,736 ops/s
34.5 % of CPU usage

Max throughput:
12,000,000 ops
282,213,340 ns
42,521,023 ops/s
93.2 % of CPU usage

Ping latency:
1,500,000 ops
2,038,238,039 ns
1,358 ns/op
36.5 % of CPU usage

Ping throughput 10K:
2,000,000 ops
354,313,056 ns
5,644,725 ops/s
54.9 % of CPU usage
Tests run: 8, Failures: 0, Errors: 0, Skipped: 0, Time elapsed: 11.735 sec - in com.github.plokhotnyuk.actors.LiftActorSpec
Running com.github.plokhotnyuk.actors.MinimalistActorSpec
Executor service type: java-forkjoin-pool

Enqueueing:
40,000,000 ops
665,147,641 ns
60,137,024 ops/s
12.6 % of CPU usage
24 bytes per instance

Dequeueing:
40,000,000 ops
263,549,640 ns
151,774,064 ops/s
20.2 % of CPU usage

Initiation:
1,000,000 ops
246,938,272 ns
246 ns/op
95.7 % of CPU usage
40 bytes per instance

Single-producer sending:
15,000,000 ops
443,986,895 ns
33,784,780 ops/s
26.7 % of CPU usage

Multi-producer sending:
15,000,000 ops
473,106,481 ns
31,705,336 ops/s
98.9 % of CPU usage

Max throughput:
30,000,000 ops
173,470,916 ns
172,939,652 ops/s
93.5 % of CPU usage

Ping latency:
3,000,000 ops
873,803,548 ns
291 ns/op
90.7 % of CPU usage

Ping throughput 10K:
6,000,000 ops
86,728,017 ns
69,181,796 ops/s
97.9 % of CPU usage
Tests run: 8, Failures: 0, Errors: 0, Skipped: 0, Time elapsed: 8.717 sec - in com.github.plokhotnyuk.actors.MinimalistActorSpec
Running com.github.plokhotnyuk.actors.ScalaActorSpec
Executor service type: java-forkjoin-pool

Enqueueing:
20,000,000 ops
611,685,969 ns
32,696,515 ops/s
13.2 % of CPU usage
24 bytes per instance

Dequeueing:
300,000 ops
1,075,838,227 ns
278,852 ops/s
65.6 % of CPU usage

Initiation:
600,000 ops
814,689,104 ns
1,357 ns/op
61.1 % of CPU usage
224 bytes per instance

Single-producer sending:
300,000 ops
1,544,384,810 ns
194,252 ops/s
59.1 % of CPU usage

Multi-producer sending:
300,000 ops
1,183,315,702 ns
253,524 ops/s
60.2 % of CPU usage

Max throughput:
600,000 ops
358,510,765 ns
1,673,589 ops/s
96.3 % of CPU usage

Ping latency:
250,000 ops
1,378,072,835 ns
5,512 ns/op
53.1 % of CPU usage

Ping throughput 10K:
400,000 ops
278,722,355 ns
1,435,119 ops/s
88.7 % of CPU usage
Tests run: 8, Failures: 0, Errors: 0, Skipped: 0, Time elapsed: 11.124 sec - in com.github.plokhotnyuk.actors.ScalaActorSpec
Running com.github.plokhotnyuk.actors.ScalazActorSpec
Executor service type: java-forkjoin-pool

Enqueueing:
40,000,000 ops
672,733,548 ns
59,458,904 ops/s
12.6 % of CPU usage
24 bytes per instance

Dequeueing:
40,000,000 ops
241,558,083 ns
165,591,643 ops/s
20.6 % of CPU usage

Initiation:
10,000,000 ops
262,492,033 ns
26 ns/op
26.3 % of CPU usage
104 bytes per instance

Single-producer sending:
15,000,000 ops
199,390,306 ns
75,229,334 ops/s
37.1 % of CPU usage

Multi-producer sending:
15,000,000 ops
475,707,182 ns
31,532,002 ops/s
99.1 % of CPU usage

Max throughput:
30,000,000 ops
161,614,366 ns
185,627,062 ops/s
90.0 % of CPU usage

Ping latency:
3,000,000 ops
842,460,718 ns
280 ns/op
93.0 % of CPU usage

Ping throughput 10K:
6,000,000 ops
87,566,467 ns
68,519,379 ops/s
96.7 % of CPU usage
Tests run: 8, Failures: 0, Errors: 0, Skipped: 0, Time elapsed: 11.461 sec - in com.github.plokhotnyuk.actors.ScalazActorSpec
Running com.github.plokhotnyuk.actors.ScalazBoundedActor2Spec
Executor service type: java-forkjoin-pool

Enqueueing:
40,000,000 ops
747,973,093 ns
53,477,859 ops/s
12.8 % of CPU usage
24 bytes per instance

Dequeueing:
40,000,000 ops
243,931,791 ns
163,980,266 ops/s
20.8 % of CPU usage

Initiation:
10,000,000 ops
196,420,932 ns
19 ns/op
28.0 % of CPU usage
56 bytes per instance

Single-producer sending:
15,000,000 ops
428,327,453 ns
35,019,936 ops/s
46.2 % of CPU usage

Multi-producer sending:
15,000,000 ops
2,255,147,646 ns
6,651,449 ops/s
99.2 % of CPU usage

Max throughput:
30,000,000 ops
167,616,177 ns
178,980,337 ops/s
86.2 % of CPU usage

Ping latency:
3,000,000 ops
1,103,103,835 ns
367 ns/op
83.7 % of CPU usage

Ping throughput 10K:
6,000,000 ops
93,822,431 ns
63,950,591 ops/s
97.0 % of CPU usage

Overflow throughput:
100,000,000 ops
752,062,512 ns
132,967,670 ops/s
12.6 % of CPU usage
Tests run: 9, Failures: 0, Errors: 0, Skipped: 0, Time elapsed: 12.918 sec - in com.github.plokhotnyuk.actors.ScalazBoundedActor2Spec
Running com.github.plokhotnyuk.actors.ScalazUnboundedActor2Spec
Executor service type: java-forkjoin-pool

Enqueueing:
40,000,000 ops
671,207,495 ns
59,594,090 ops/s
12.6 % of CPU usage
24 bytes per instance

Dequeueing:
40,000,000 ops
232,671,765 ns
171,916,003 ops/s
21.5 % of CPU usage

Initiation:
10,000,000 ops
169,100,810 ns
16 ns/op
30.5 % of CPU usage
48 bytes per instance

Single-producer sending:
15,000,000 ops
522,873,991 ns
28,687,600 ops/s
27.2 % of CPU usage

Multi-producer sending:
15,000,000 ops
582,510,734 ns
25,750,598 ops/s
87.1 % of CPU usage

Max throughput:
30,000,000 ops
224,133,367 ns
133,848,879 ops/s
92.6 % of CPU usage

Ping latency:
3,000,000 ops
941,217,989 ns
313 ns/op
85.6 % of CPU usage

Ping throughput 10K:
6,000,000 ops
90,768,861 ns
66,101,964 ops/s
95.9 % of CPU usage
Tests run: 8, Failures: 0, Errors: 0, Skipped: 0, Time elapsed: 9.916 sec - in com.github.plokhotnyuk.actors.ScalazUnboundedActor2Spec

Results :

Tests run: 91, Failures: 0, Errors: 0, Skipped: 0

[INFO] ------------------------------------------------------------------------
[INFO] BUILD SUCCESS
[INFO] ------------------------------------------------------------------------
[INFO] Total time: 02:39 min
[INFO] Finished at: 2015-01-21T02:45:42+02:00
[INFO] Final Memory: 13M/981M
[INFO] ------------------------------------------------------------------------
[INFO] Scanning for projects...
[INFO]                                                                         
[INFO] ------------------------------------------------------------------------
[INFO] Building Actors 1.0-SNAPSHOT
[INFO] ------------------------------------------------------------------------
[INFO] 
[INFO] --- maven-resources-plugin:2.6:resources (default-resources) @ actors ---
[INFO] Using 'UTF-8' encoding to copy filtered resources.
[INFO] skip non existing resourceDirectory /Users/sergey/workspace/test/actors/src/main/resources
[INFO] 
[INFO] --- maven-resources-plugin:2.6:testResources (default-testResources) @ actors ---
[INFO] Using 'UTF-8' encoding to copy filtered resources.
[INFO] skip non existing resourceDirectory /Users/sergey/workspace/test/actors/src/test/resources
[INFO] 
[INFO] --- scala-maven-plugin:3.1.6:testCompile (testCompile) @ actors ---
[WARNING]  Expected all dependencies to require Scala version: 2.11.5
[WARNING]  com.github.plokhotnyuk.actors:actors:1.0-SNAPSHOT requires scala version: 2.11.5
[WARNING]  com.typesafe.akka:akka-actor_2.11:2.3.9 requires scala version: 2.11.5
[WARNING]  net.liftweb:lift-actor_2.11:3.0-M3 requires scala version: 2.11.4
[WARNING] Multiple versions of scala libraries detected!
[INFO] Nothing to compile - all classes are up to date
[INFO] 
[INFO] --- maven-surefire-plugin:2.16:test (default-test) @ actors ---
[INFO] Surefire report directory: /Users/sergey/workspace/test/actors/target/surefire-reports

-------------------------------------------------------
 T E S T S
-------------------------------------------------------

-------------------------------------------------------
 T E S T S
-------------------------------------------------------
Running com.github.plokhotnyuk.actors.AkkaActorSpec
Executor service type: abq-thread-pool

Enqueueing:
10,000,000 ops
334,658,695 ns
29,881,189 ops/s
17.9 % of CPU usage
48 bytes per instance

Dequeueing:
10,000,000 ops
691,701,247 ns
14,457,108 ops/s
14.9 % of CPU usage

Initiation:
100,000 ops
655,673,380 ns
6,556 ns/op
45.0 % of CPU usage
424 bytes per instance

Single-producer sending:
6,000,000 ops
918,658,795 ns
6,531,260 ops/s
21.8 % of CPU usage

Multi-producer sending:
6,000,000 ops
1,086,065,319 ns
5,524,529 ops/s
73.0 % of CPU usage

Max throughput:
12,000,000 ops
296,173,804 ns
40,516,750 ops/s
90.6 % of CPU usage

Ping latency:
1,500,000 ops
2,752,953,855 ns
1,835 ns/op
15.8 % of CPU usage

Ping throughput 10K:
2,000,000 ops
1,476,930,943 ns
1,354,159 ops/s
36.6 % of CPU usage
Tests run: 8, Failures: 0, Errors: 0, Skipped: 0, Time elapsed: 15.697 sec - in com.github.plokhotnyuk.actors.AkkaActorSpec
Running com.github.plokhotnyuk.actors.AkkaBalanceableActorSpec
Executor service type: abq-thread-pool

Enqueueing:
10,000,000 ops
258,802,543 ns
38,639,496 ops/s
18.8 % of CPU usage
48 bytes per instance

Dequeueing:
10,000,000 ops
537,645,315 ns
18,599,622 ops/s
15.7 % of CPU usage

Initiation:
100,000 ops
601,512,368 ns
6,015 ns/op
45.7 % of CPU usage
424 bytes per instance

Single-producer sending:
6,000,000 ops
890,381,444 ns
6,738,684 ops/s
21.0 % of CPU usage

Multi-producer sending:
6,000,000 ops
612,329,195 ns
9,798,650 ops/s
45.0 % of CPU usage

Max throughput:
12,000,000 ops
231,349,649 ns
51,869,540 ops/s
94.9 % of CPU usage

Ping latency:
1,500,000 ops
3,087,126,661 ns
2,058 ns/op
16.4 % of CPU usage

Ping throughput 10K:
2,000,000 ops
1,428,669,223 ns
1,399,904 ops/s
36.3 % of CPU usage
Tests run: 8, Failures: 0, Errors: 0, Skipped: 0, Time elapsed: 14.868 sec - in com.github.plokhotnyuk.actors.AkkaBalanceableActorSpec
Running com.github.plokhotnyuk.actors.AkkaBoundedActorSpec
Executor service type: abq-thread-pool

Enqueueing:
10,000,000 ops
450,042,178 ns
22,220,139 ops/s
17.2 % of CPU usage
48 bytes per instance

Dequeueing:
10,000,000 ops
753,846,454 ns
13,265,300 ops/s
13.9 % of CPU usage

Initiation:
100,000 ops
619,763,982 ns
6,197 ns/op
46.0 % of CPU usage
608 bytes per instance

Single-producer sending:
6,000,000 ops
1,659,435,350 ns
3,615,687 ops/s
24.3 % of CPU usage

Multi-producer sending:
6,000,000 ops
1,575,110,763 ns
3,809,255 ops/s
34.8 % of CPU usage

Max throughput:
12,000,000 ops
387,533,877 ns
30,965,034 ops/s
93.5 % of CPU usage

Ping latency:
1,500,000 ops
3,354,307,686 ns
2,236 ns/op
15.8 % of CPU usage

Ping throughput 10K:
2,000,000 ops
1,524,399,611 ns
1,311,991 ops/s
38.3 % of CPU usage

Overflow throughput:
5,000,000 ops
704,527,927 ns
7,096,950 ops/s
15.3 % of CPU usage
Tests run: 9, Failures: 0, Errors: 0, Skipped: 0, Time elapsed: 19.867 sec - in com.github.plokhotnyuk.actors.AkkaBoundedActorSpec
Running com.github.plokhotnyuk.actors.AkkaNonBalanceableActorSpec
Executor service type: abq-thread-pool

Enqueueing:
10,000,000 ops
339,904,226 ns
29,420,051 ops/s
19.1 % of CPU usage
48 bytes per instance

Dequeueing:
10,000,000 ops
519,875,567 ns
19,235,372 ops/s
14.8 % of CPU usage

Initiation:
100,000 ops
631,493,520 ns
6,314 ns/op
45.0 % of CPU usage
424 bytes per instance

Single-producer sending:
6,000,000 ops
785,881,176 ns
7,634,741 ops/s
21.3 % of CPU usage

Multi-producer sending:
6,000,000 ops
634,096,514 ns
9,462,281 ops/s
48.7 % of CPU usage

Max throughput:
12,000,000 ops
226,209,884 ns
53,048,079 ops/s
91.9 % of CPU usage

Ping latency:
1,500,000 ops
2,687,076,704 ns
1,791 ns/op
16.3 % of CPU usage

Ping throughput 10K:
2,000,000 ops
1,453,256,439 ns
1,376,219 ops/s
36.2 % of CPU usage
Tests run: 8, Failures: 0, Errors: 0, Skipped: 0, Time elapsed: 14.575 sec - in com.github.plokhotnyuk.actors.AkkaNonBalanceableActorSpec
Running com.github.plokhotnyuk.actors.AkkaNonBlockingBoundedActorSpec
Executor service type: abq-thread-pool

Enqueueing:
10,000,000 ops
310,495,857 ns
32,206,548 ops/s
19.2 % of CPU usage
48 bytes per instance

Dequeueing:
10,000,000 ops
541,434,880 ns
18,469,441 ops/s
15.5 % of CPU usage

Initiation:
100,000 ops
619,481,033 ns
6,194 ns/op
47.5 % of CPU usage
424 bytes per instance

Single-producer sending:
6,000,000 ops
817,604,269 ns
7,338,513 ops/s
23.5 % of CPU usage

Multi-producer sending:
6,000,000 ops
1,302,456,585 ns
4,606,679 ops/s
82.5 % of CPU usage

Max throughput:
12,000,000 ops
246,435,756 ns
48,694,232 ops/s
94.7 % of CPU usage

Ping latency:
1,500,000 ops
2,631,746,038 ns
1,754 ns/op
16.4 % of CPU usage

Ping throughput 10K:
2,000,000 ops
1,402,338,889 ns
1,426,188 ops/s
37.0 % of CPU usage

Overflow throughput:
5,000,000 ops
377,403,720 ns
13,248,412 ops/s
15.3 % of CPU usage
Tests run: 9, Failures: 0, Errors: 0, Skipped: 0, Time elapsed: 16.104 sec - in com.github.plokhotnyuk.actors.AkkaNonBlockingBoundedActorSpec
Running com.github.plokhotnyuk.actors.LiftActorSpec
Executor service type: abq-thread-pool

Enqueueing:
10,000,000 ops
353,887,712 ns
28,257,550 ops/s
13.2 % of CPU usage
24 bytes per instance

Dequeueing:
10,000,000 ops
416,320,780 ns
24,019,939 ops/s
13.7 % of CPU usage

Initiation:
10,000,000 ops
585,337,606 ns
58 ns/op
18.9 % of CPU usage
72 bytes per instance

Single-producer sending:
6,000,000 ops
738,524,679 ns
8,124,305 ops/s
27.5 % of CPU usage

Multi-producer sending:
6,000,000 ops
742,595,779 ns
8,079,765 ops/s
33.4 % of CPU usage

Max throughput:
12,000,000 ops
261,983,189 ns
45,804,465 ops/s
93.5 % of CPU usage

Ping latency:
1,500,000 ops
3,425,217,589 ns
2,283 ns/op
18.4 % of CPU usage

Ping throughput 10K:
2,000,000 ops
1,662,557,360 ns
1,202,966 ops/s
36.5 % of CPU usage
Tests run: 8, Failures: 0, Errors: 0, Skipped: 0, Time elapsed: 14.521 sec - in com.github.plokhotnyuk.actors.LiftActorSpec
Running com.github.plokhotnyuk.actors.MinimalistActorSpec
Executor service type: abq-thread-pool

Enqueueing:
40,000,000 ops
665,033,020 ns
60,147,389 ops/s
12.6 % of CPU usage
24 bytes per instance

Dequeueing:
40,000,000 ops
273,473,121 ns
146,266,659 ops/s
19.3 % of CPU usage

Initiation:
1,000,000 ops
1,100,243,337 ns
1,100 ns/op
21.1 % of CPU usage
40 bytes per instance

Single-producer sending:
15,000,000 ops
451,038,159 ns
33,256,609 ops/s
27.7 % of CPU usage

Multi-producer sending:
15,000,000 ops
468,547,884 ns
32,013,803 ops/s
98.5 % of CPU usage

Max throughput:
30,000,000 ops
149,983,702 ns
200,021,733 ops/s
94.0 % of CPU usage

Ping latency:
3,000,000 ops
2,457,126,938 ns
819 ns/op
18.7 % of CPU usage

Ping throughput 10K:
6,000,000 ops
2,733,121,936 ns
2,195,291 ops/s
25.3 % of CPU usage
Tests run: 8, Failures: 0, Errors: 0, Skipped: 0, Time elapsed: 14.146 sec - in com.github.plokhotnyuk.actors.MinimalistActorSpec
Running com.github.plokhotnyuk.actors.ScalaActorSpec
Executor service type: abq-thread-pool

Enqueueing:
20,000,000 ops
612,337,245 ns
32,661,740 ops/s
13.2 % of CPU usage
24 bytes per instance

Dequeueing:
300,000 ops
1,569,893,293 ns
191,095 ops/s
23.9 % of CPU usage

Initiation:
600,000 ops
1,360,571,822 ns
2,267 ns/op
24.8 % of CPU usage
224 bytes per instance

Single-producer sending:
300,000 ops
1,615,255,668 ns
185,729 ops/s
23.2 % of CPU usage

Multi-producer sending:
300,000 ops
1,537,558,835 ns
195,114 ops/s
21.3 % of CPU usage

Max throughput:
600,000 ops
1,111,996,088 ns
539,570 ops/s
32.4 % of CPU usage

Ping latency:
250,000 ops
1,438,203,702 ns
5,752 ns/op
24.6 % of CPU usage

Ping throughput 10K:
400,000 ops
801,110,693 ns
499,306 ops/s
40.4 % of CPU usage
Tests run: 8, Failures: 0, Errors: 0, Skipped: 0, Time elapsed: 13.934 sec - in com.github.plokhotnyuk.actors.ScalaActorSpec
Running com.github.plokhotnyuk.actors.ScalazActorSpec
Executor service type: abq-thread-pool

Enqueueing:
40,000,000 ops
589,987,790 ns
67,798,013 ops/s
12.6 % of CPU usage
24 bytes per instance

Dequeueing:
40,000,000 ops
211,757,040 ns
188,895,726 ops/s
20.8 % of CPU usage

Initiation:
10,000,000 ops
263,353,547 ns
26 ns/op
25.7 % of CPU usage
104 bytes per instance

Single-producer sending:
15,000,000 ops
198,969,116 ns
75,388,584 ops/s
36.1 % of CPU usage

Multi-producer sending:
15,000,000 ops
590,641,772 ns
25,396,104 ops/s
96.8 % of CPU usage

Max throughput:
30,000,000 ops
131,274,443 ns
228,528,869 ops/s
79.9 % of CPU usage

Ping latency:
3,000,000 ops
2,172,564,968 ns
724 ns/op
18.1 % of CPU usage

Ping throughput 10K:
6,000,000 ops
2,564,675,634 ns
2,339,477 ops/s
24.8 % of CPU usage
Tests run: 8, Failures: 0, Errors: 0, Skipped: 0, Time elapsed: 15.356 sec - in com.github.plokhotnyuk.actors.ScalazActorSpec
Running com.github.plokhotnyuk.actors.ScalazBoundedActor2Spec
Executor service type: abq-thread-pool

Enqueueing:
40,000,000 ops
748,611,759 ns
53,432,235 ops/s
12.8 % of CPU usage
24 bytes per instance

Dequeueing:
40,000,000 ops
196,430,564 ns
203,634,297 ops/s
24.0 % of CPU usage

Initiation:
10,000,000 ops
198,981,031 ns
19 ns/op
27.9 % of CPU usage
56 bytes per instance

Single-producer sending:
15,000,000 ops
377,550,498 ns
39,729,784 ops/s
31.2 % of CPU usage

Multi-producer sending:
15,000,000 ops
2,675,275,592 ns
5,606,898 ops/s
97.5 % of CPU usage

Max throughput:
30,000,000 ops
185,884,117 ns
161,390,873 ops/s
85.1 % of CPU usage

Ping latency:
3,000,000 ops
2,061,595,063 ns
687 ns/op
17.4 % of CPU usage

Ping throughput 10K:
6,000,000 ops
2,452,592,925 ns
2,446,390 ops/s
24.9 % of CPU usage

Overflow throughput:
100,000,000 ops
723,398,842 ns
138,236,328 ops/s
12.5 % of CPU usage
Tests run: 9, Failures: 0, Errors: 0, Skipped: 0, Time elapsed: 16.844 sec - in com.github.plokhotnyuk.actors.ScalazBoundedActor2Spec
Running com.github.plokhotnyuk.actors.ScalazUnboundedActor2Spec
Executor service type: abq-thread-pool

Enqueueing:
40,000,000 ops
672,010,891 ns
59,522,844 ops/s
12.6 % of CPU usage
24 bytes per instance

Dequeueing:
40,000,000 ops
205,672,512 ns
194,483,937 ops/s
24.1 % of CPU usage

Initiation:
10,000,000 ops
168,555,103 ns
16 ns/op
30.5 % of CPU usage
48 bytes per instance

Single-producer sending:
15,000,000 ops
508,729,345 ns
29,485,226 ops/s
26.9 % of CPU usage

Multi-producer sending:
15,000,000 ops
572,986,904 ns
26,178,608 ops/s
89.3 % of CPU usage

Max throughput:
30,000,000 ops
164,387,074 ns
182,496,100 ops/s
75.6 % of CPU usage

Ping latency:
3,000,000 ops
2,059,848,312 ns
686 ns/op
19.5 % of CPU usage

Ping throughput 10K:
6,000,000 ops
2,642,633,796 ns
2,270,462 ops/s
25.1 % of CPU usage
Tests run: 8, Failures: 0, Errors: 0, Skipped: 0, Time elapsed: 13.731 sec - in com.github.plokhotnyuk.actors.ScalazUnboundedActor2Spec

Results :

Tests run: 91, Failures: 0, Errors: 0, Skipped: 0

[INFO] ------------------------------------------------------------------------
[INFO] BUILD SUCCESS
[INFO] ------------------------------------------------------------------------
[INFO] Total time: 03:15 min
[INFO] Finished at: 2015-01-21T02:48:59+02:00
[INFO] Final Memory: 13M/981M
[INFO] ------------------------------------------------------------------------
[INFO] Scanning for projects...
[INFO]                                                                         
[INFO] ------------------------------------------------------------------------
[INFO] Building Actors 1.0-SNAPSHOT
[INFO] ------------------------------------------------------------------------
[INFO] 
[INFO] --- maven-resources-plugin:2.6:resources (default-resources) @ actors ---
[INFO] Using 'UTF-8' encoding to copy filtered resources.
[INFO] skip non existing resourceDirectory /Users/sergey/workspace/test/actors/src/main/resources
[INFO] 
[INFO] --- maven-resources-plugin:2.6:testResources (default-testResources) @ actors ---
[INFO] Using 'UTF-8' encoding to copy filtered resources.
[INFO] skip non existing resourceDirectory /Users/sergey/workspace/test/actors/src/test/resources
[INFO] 
[INFO] --- scala-maven-plugin:3.1.6:testCompile (testCompile) @ actors ---
[WARNING]  Expected all dependencies to require Scala version: 2.11.5
[WARNING]  com.github.plokhotnyuk.actors:actors:1.0-SNAPSHOT requires scala version: 2.11.5
[WARNING]  com.typesafe.akka:akka-actor_2.11:2.3.9 requires scala version: 2.11.5
[WARNING]  net.liftweb:lift-actor_2.11:3.0-M3 requires scala version: 2.11.4
[WARNING] Multiple versions of scala libraries detected!
[INFO] Nothing to compile - all classes are up to date
[INFO] 
[INFO] --- maven-surefire-plugin:2.16:test (default-test) @ actors ---
[INFO] Surefire report directory: /Users/sergey/workspace/test/actors/target/surefire-reports

-------------------------------------------------------
 T E S T S
-------------------------------------------------------

-------------------------------------------------------
 T E S T S
-------------------------------------------------------
Running com.github.plokhotnyuk.actors.AkkaActorSpec
Executor service type: lbq-thread-pool

Enqueueing:
10,000,000 ops
272,384,488 ns
36,712,810 ops/s
19.5 % of CPU usage
48 bytes per instance

Dequeueing:
10,000,000 ops
672,170,290 ns
14,877,182 ops/s
15.1 % of CPU usage

Initiation:
100,000 ops
595,830,226 ns
5,958 ns/op
45.5 % of CPU usage
424 bytes per instance

Single-producer sending:
6,000,000 ops
866,559,094 ns
6,923,936 ops/s
22.7 % of CPU usage

Multi-producer sending:
6,000,000 ops
1,046,148,874 ns
5,735,321 ops/s
77.1 % of CPU usage

Max throughput:
12,000,000 ops
290,034,324 ns
41,374,413 ops/s
95.6 % of CPU usage

Ping latency:
1,500,000 ops
2,346,850,215 ns
1,564 ns/op
16.1 % of CPU usage

Ping throughput 10K:
2,000,000 ops
1,232,757,584 ns
1,622,378 ops/s
49.1 % of CPU usage
Tests run: 8, Failures: 0, Errors: 0, Skipped: 0, Time elapsed: 14.625 sec - in com.github.plokhotnyuk.actors.AkkaActorSpec
Running com.github.plokhotnyuk.actors.AkkaBalanceableActorSpec
Executor service type: lbq-thread-pool

Enqueueing:
10,000,000 ops
255,638,032 ns
39,117,810 ops/s
20.0 % of CPU usage
48 bytes per instance

Dequeueing:
10,000,000 ops
541,741,034 ns
18,459,004 ops/s
14.5 % of CPU usage

Initiation:
100,000 ops
632,580,209 ns
6,325 ns/op
47.9 % of CPU usage
424 bytes per instance

Single-producer sending:
6,000,000 ops
828,891,577 ns
7,238,582 ops/s
22.8 % of CPU usage

Multi-producer sending:
6,000,000 ops
656,022,392 ns
9,146,029 ops/s
48.4 % of CPU usage

Max throughput:
12,000,000 ops
252,776,556 ns
47,472,756 ops/s
96.7 % of CPU usage

Ping latency:
1,500,000 ops
2,558,088,150 ns
1,705 ns/op
16.1 % of CPU usage

Ping throughput 10K:
2,000,000 ops
1,235,865,461 ns
1,618,299 ops/s
47.9 % of CPU usage
Tests run: 8, Failures: 0, Errors: 0, Skipped: 0, Time elapsed: 14.037 sec - in com.github.plokhotnyuk.actors.AkkaBalanceableActorSpec
Running com.github.plokhotnyuk.actors.AkkaBoundedActorSpec
Executor service type: lbq-thread-pool

Enqueueing:
10,000,000 ops
453,367,854 ns
22,057,143 ops/s
18.5 % of CPU usage
48 bytes per instance

Dequeueing:
10,000,000 ops
746,263,234 ns
13,400,097 ops/s
13.9 % of CPU usage

Initiation:
100,000 ops
611,915,211 ns
6,119 ns/op
46.1 % of CPU usage
608 bytes per instance

Single-producer sending:
6,000,000 ops
1,726,958,343 ns
3,474,316 ops/s
25.4 % of CPU usage

Multi-producer sending:
6,000,000 ops
1,670,583,815 ns
3,591,558 ops/s
34.4 % of CPU usage

Max throughput:
12,000,000 ops
392,381,155 ns
30,582,508 ops/s
92.5 % of CPU usage

Ping latency:
1,500,000 ops
2,646,028,884 ns
1,764 ns/op
16.6 % of CPU usage

Ping throughput 10K:
2,000,000 ops
1,303,925,990 ns
1,533,829 ops/s
47.5 % of CPU usage

Overflow throughput:
5,000,000 ops
633,664,121 ns
7,890,615 ops/s
14.1 % of CPU usage
Tests run: 9, Failures: 0, Errors: 0, Skipped: 0, Time elapsed: 18.776 sec - in com.github.plokhotnyuk.actors.AkkaBoundedActorSpec
Running com.github.plokhotnyuk.actors.AkkaNonBalanceableActorSpec
Executor service type: lbq-thread-pool

Enqueueing:
10,000,000 ops
336,631,739 ns
29,706,052 ops/s
17.8 % of CPU usage
48 bytes per instance

Dequeueing:
10,000,000 ops
515,450,752 ns
19,400,495 ops/s
14.5 % of CPU usage

Initiation:
100,000 ops
631,512,860 ns
6,315 ns/op
45.8 % of CPU usage
424 bytes per instance

Single-producer sending:
6,000,000 ops
773,490,056 ns
7,757,048 ops/s
21.9 % of CPU usage

Multi-producer sending:
6,000,000 ops
638,318,671 ns
9,399,693 ops/s
48.8 % of CPU usage

Max throughput:
12,000,000 ops
232,311,380 ns
51,654,809 ops/s
93.2 % of CPU usage

Ping latency:
1,500,000 ops
2,884,166,475 ns
1,922 ns/op
16.4 % of CPU usage

Ping throughput 10K:
2,000,000 ops
1,231,866,042 ns
1,623,553 ops/s
45.9 % of CPU usage
Tests run: 8, Failures: 0, Errors: 0, Skipped: 0, Time elapsed: 14.306 sec - in com.github.plokhotnyuk.actors.AkkaNonBalanceableActorSpec
Running com.github.plokhotnyuk.actors.AkkaNonBlockingBoundedActorSpec
Executor service type: lbq-thread-pool

Enqueueing:
10,000,000 ops
373,317,561 ns
26,786,845 ops/s
18.1 % of CPU usage
48 bytes per instance

Dequeueing:
10,000,000 ops
547,189,178 ns
18,275,215 ops/s
14.5 % of CPU usage

Initiation:
100,000 ops
640,393,276 ns
6,403 ns/op
44.9 % of CPU usage
424 bytes per instance

Single-producer sending:
6,000,000 ops
943,725,536 ns
6,357,780 ops/s
24.2 % of CPU usage

Multi-producer sending:
6,000,000 ops
1,440,093,165 ns
4,166,397 ops/s
81.1 % of CPU usage

Max throughput:
12,000,000 ops
264,057,160 ns
45,444,705 ops/s
94.7 % of CPU usage

Ping latency:
1,500,000 ops
2,488,417,097 ns
1,658 ns/op
16.2 % of CPU usage

Ping throughput 10K:
2,000,000 ops
1,244,285,737 ns
1,607,347 ops/s
45.8 % of CPU usage

Overflow throughput:
5,000,000 ops
410,660,066 ns
12,175,520 ops/s
15.2 % of CPU usage
Tests run: 9, Failures: 0, Errors: 0, Skipped: 0, Time elapsed: 16.081 sec - in com.github.plokhotnyuk.actors.AkkaNonBlockingBoundedActorSpec
Running com.github.plokhotnyuk.actors.LiftActorSpec
Executor service type: lbq-thread-pool

Enqueueing:
10,000,000 ops
350,086,991 ns
28,564,329 ops/s
13.2 % of CPU usage
24 bytes per instance

Dequeueing:
10,000,000 ops
430,425,495 ns
23,232,824 ops/s
13.6 % of CPU usage

Initiation:
10,000,000 ops
576,989,999 ns
57 ns/op
19.3 % of CPU usage
72 bytes per instance

Single-producer sending:
6,000,000 ops
689,624,053 ns
8,700,392 ops/s
28.0 % of CPU usage

Multi-producer sending:
6,000,000 ops
720,549,781 ns
8,326,974 ops/s
32.6 % of CPU usage

Max throughput:
12,000,000 ops
239,433,120 ns
50,118,379 ops/s
96.2 % of CPU usage

Ping latency:
1,500,000 ops
3,477,748,117 ns
2,318 ns/op
18.6 % of CPU usage

Ping throughput 10K:
2,000,000 ops
914,650,530 ns
2,186,627 ops/s
44.2 % of CPU usage
Tests run: 8, Failures: 0, Errors: 0, Skipped: 0, Time elapsed: 13.569 sec - in com.github.plokhotnyuk.actors.LiftActorSpec
Running com.github.plokhotnyuk.actors.MinimalistActorSpec
Executor service type: lbq-thread-pool

Enqueueing:
40,000,000 ops
676,922,924 ns
59,090,922 ops/s
12.6 % of CPU usage
24 bytes per instance

Dequeueing:
40,000,000 ops
268,997,027 ns
148,700,528 ops/s
20.2 % of CPU usage

Initiation:
1,000,000 ops
637,577,185 ns
637 ns/op
39.2 % of CPU usage
42 bytes per instance

Single-producer sending:
15,000,000 ops
482,724,781 ns
31,073,606 ops/s
26.9 % of CPU usage

Multi-producer sending:
15,000,000 ops
452,755,954 ns
33,130,431 ops/s
98.5 % of CPU usage

Max throughput:
30,000,000 ops
161,158,027 ns
186,152,688 ops/s
93.9 % of CPU usage

Ping latency:
3,000,000 ops
1,179,619,094 ns
393 ns/op
22.2 % of CPU usage

Ping throughput 10K:
6,000,000 ops
2,893,071,370 ns
2,073,920 ops/s
33.8 % of CPU usage
Tests run: 8, Failures: 0, Errors: 0, Skipped: 0, Time elapsed: 12.484 sec - in com.github.plokhotnyuk.actors.MinimalistActorSpec
Running com.github.plokhotnyuk.actors.ScalaActorSpec
Executor service type: lbq-thread-pool

Enqueueing:
20,000,000 ops
607,450,948 ns
32,924,469 ops/s
13.2 % of CPU usage
24 bytes per instance

Dequeueing:
300,000 ops
804,320,486 ns
372,985 ops/s
34.6 % of CPU usage

Initiation:
600,000 ops
412,877,121 ns
688 ns/op
66.8 % of CPU usage
224 bytes per instance

Single-producer sending:
300,000 ops
898,334,618 ns
333,951 ops/s
30.2 % of CPU usage

Multi-producer sending:
300,000 ops
871,192,804 ns
344,355 ops/s
27.9 % of CPU usage

Max throughput:
600,000 ops
933,385,923 ns
642,820 ops/s
45.5 % of CPU usage

Ping latency:
250,000 ops
1,095,748,596 ns
4,382 ns/op
28.1 % of CPU usage

Ping throughput 10K:
400,000 ops
708,840,849 ns
564,301 ops/s
49.2 % of CPU usage
Tests run: 8, Failures: 0, Errors: 0, Skipped: 0, Time elapsed: 11.408 sec - in com.github.plokhotnyuk.actors.ScalaActorSpec
Running com.github.plokhotnyuk.actors.ScalazActorSpec
Executor service type: lbq-thread-pool

Enqueueing:
40,000,000 ops
594,517,594 ns
67,281,440 ops/s
12.6 % of CPU usage
24 bytes per instance

Dequeueing:
40,000,000 ops
196,495,456 ns
203,567,048 ops/s
29.6 % of CPU usage

Initiation:
10,000,000 ops
262,814,628 ns
26 ns/op
26.4 % of CPU usage
104 bytes per instance

Single-producer sending:
15,000,000 ops
285,384,951 ns
52,560,585 ops/s
42.4 % of CPU usage

Multi-producer sending:
15,000,000 ops
470,026,609 ns
31,913,086 ops/s
99.5 % of CPU usage

Max throughput:
30,000,000 ops
124,161,694 ns
241,620,414 ops/s
94.7 % of CPU usage

Ping latency:
3,000,000 ops
1,032,594,479 ns
344 ns/op
22.5 % of CPU usage

Ping throughput 10K:
6,000,000 ops
2,916,605,922 ns
2,057,185 ops/s
29.7 % of CPU usage
Tests run: 8, Failures: 0, Errors: 0, Skipped: 0, Time elapsed: 14.447 sec - in com.github.plokhotnyuk.actors.ScalazActorSpec
Running com.github.plokhotnyuk.actors.ScalazBoundedActor2Spec
Executor service type: lbq-thread-pool

Enqueueing:
40,000,000 ops
746,212,374 ns
53,604,042 ops/s
12.8 % of CPU usage
24 bytes per instance

Dequeueing:
40,000,000 ops
164,685,208 ns
242,887,630 ops/s
26.4 % of CPU usage

Initiation:
10,000,000 ops
198,217,754 ns
19 ns/op
27.9 % of CPU usage
56 bytes per instance

Single-producer sending:
15,000,000 ops
519,542,570 ns
28,871,551 ops/s
39.8 % of CPU usage

Multi-producer sending:
15,000,000 ops
2,643,379,409 ns
5,674,554 ops/s
98.1 % of CPU usage

Max throughput:
30,000,000 ops
234,003,309 ns
128,203,315 ops/s
88.3 % of CPU usage

Ping latency:
3,000,000 ops
987,855,058 ns
329 ns/op
21.3 % of CPU usage

Ping throughput 10K:
6,000,000 ops
2,663,120,392 ns
2,252,996 ops/s
33.2 % of CPU usage

Overflow throughput:
100,000,000 ops
743,910,364 ns
134,424,797 ops/s
12.6 % of CPU usage
Tests run: 9, Failures: 0, Errors: 0, Skipped: 0, Time elapsed: 16.131 sec - in com.github.plokhotnyuk.actors.ScalazBoundedActor2Spec
Running com.github.plokhotnyuk.actors.ScalazUnboundedActor2Spec
Executor service type: lbq-thread-pool

Enqueueing:
40,000,000 ops
668,418,002 ns
59,842,792 ops/s
12.6 % of CPU usage
24 bytes per instance

Dequeueing:
40,000,000 ops
144,460,546 ns
276,892,211 ops/s
28.9 % of CPU usage

Initiation:
10,000,000 ops
171,440,526 ns
17 ns/op
30.2 % of CPU usage
48 bytes per instance

Single-producer sending:
15,000,000 ops
530,885,723 ns
28,254,668 ops/s
26.9 % of CPU usage

Multi-producer sending:
15,000,000 ops
579,344,810 ns
25,891,316 ops/s
88.3 % of CPU usage

Max throughput:
30,000,000 ops
136,987,239 ns
218,998,501 ops/s
93.3 % of CPU usage

Ping latency:
3,000,000 ops
1,046,509,333 ns
348 ns/op
24.4 % of CPU usage

Ping throughput 10K:
6,000,000 ops
2,595,039,867 ns
2,312,103 ops/s
30.9 % of CPU usage
Tests run: 8, Failures: 0, Errors: 0, Skipped: 0, Time elapsed: 12.538 sec - in com.github.plokhotnyuk.actors.ScalazUnboundedActor2Spec

Results :

Tests run: 91, Failures: 0, Errors: 0, Skipped: 0

[INFO] ------------------------------------------------------------------------
[INFO] BUILD SUCCESS
[INFO] ------------------------------------------------------------------------
[INFO] Total time: 03:03 min
[INFO] Finished at: 2015-01-21T02:52:03+02:00
[INFO] Final Memory: 13M/981M
[INFO] ------------------------------------------------------------------------
