[INFO] Scanning for projects...
[INFO]                                                                         
[INFO] ------------------------------------------------------------------------
[INFO] Building Actors 1.0-SNAPSHOT
[INFO] ------------------------------------------------------------------------
[INFO] 
[INFO] --- maven-clean-plugin:2.5:clean (default-clean) @ actors ---
[INFO] Deleting /Users/sergey/workspace/test/actors/target
[INFO] 
[INFO] --- maven-resources-plugin:2.6:resources (default-resources) @ actors ---
[INFO] Using 'UTF-8' encoding to copy filtered resources.
[INFO] skip non existing resourceDirectory /Users/sergey/workspace/test/actors/src/main/resources
[INFO] 
[INFO] --- maven-resources-plugin:2.6:testResources (default-testResources) @ actors ---
[INFO] Using 'UTF-8' encoding to copy filtered resources.
[INFO] skip non existing resourceDirectory /Users/sergey/workspace/test/actors/src/test/resources
[INFO] 
[INFO] --- scala-maven-plugin:3.1.6:testCompile (testCompile) @ actors ---
[WARNING]  Expected all dependencies to require Scala version: 2.11.4
[WARNING]  com.github.plokhotnyuk.actors:actors:1.0-SNAPSHOT requires scala version: 2.11.4
[WARNING]  com.typesafe.akka:akka-actor_2.11:2.3.8 requires scala version: 2.11.4
[WARNING]  net.liftweb:lift-actor_2.11:3.0-M2 requires scala version: 2.11.2
[WARNING] Multiple versions of scala libraries detected!
[INFO] /Users/sergey/workspace/test/actors/src/test/scala:-1: info: compiling
[INFO] Compiling 17 source files to /Users/sergey/workspace/test/actors/target/test-classes at 1419780556731
[WARNING] /Users/sergey/workspace/test/actors/src/test/scala/com/github/gist/viktorklang/Actor.scala:39: warning: This catches all Throwables. If this is really intended, use `case t : Throwable` to clear this warning.
[WARNING]           try e.execute(this) catch { case t => on.set(0); throw t } // Schedule to run on the Executor and back out on failure
[WARNING]                                            ^
[WARNING] /Users/sergey/workspace/test/actors/src/test/scala/com/github/plokhotnyuk/actors/ScalaActorSpec.scala:9: warning: trait SchedulerAdapter in package actors is deprecated: Use the akka.actor package instead. For migration from the scala.actors package refer to the Actors Migration Guide.
[WARNING]   val customScheduler = new SchedulerAdapter {
[WARNING]                             ^
[WARNING] /Users/sergey/workspace/test/actors/src/test/scala/com/github/plokhotnyuk/actors/ScalaActorSpec.scala:53: warning: trait Actor in package actors is deprecated: Use the akka.actor package instead. For migration from the scala.actors package refer to the Actors Migration Guide.
[WARNING]     footprintedAndTimedCollect(600000)(() => new Actor {
[WARNING]                                                  ^
[WARNING] /Users/sergey/workspace/test/actors/src/test/scala/com/github/plokhotnyuk/actors/ScalaActorSpec.scala:126: warning: trait Actor in package actors is deprecated: Use the akka.actor package instead. For migration from the scala.actors package refer to the Actors Migration Guide.
[WARNING]   private def replayAndCountActor(l: CountDownLatch, n: Int): Actor =
[WARNING]                                                               ^
[WARNING] /Users/sergey/workspace/test/actors/src/test/scala/com/github/plokhotnyuk/actors/ScalaActorSpec.scala:127: warning: trait Actor in package actors is deprecated: Use the akka.actor package instead. For migration from the scala.actors package refer to the Actors Migration Guide.
[WARNING]     new Actor {
[WARNING]         ^
[WARNING] /Users/sergey/workspace/test/actors/src/test/scala/com/github/plokhotnyuk/actors/ScalaActorSpec.scala:141: warning: trait IScheduler in package actors is deprecated: Use the akka.actor package instead. For migration from the scala.actors package refer to the Actors Migration Guide.
[WARNING]       override def scheduler: IScheduler = customScheduler
[WARNING]                               ^
[WARNING] /Users/sergey/workspace/test/actors/src/test/scala/com/github/plokhotnyuk/actors/ScalaActorSpec.scala:144: warning: trait Actor in package actors is deprecated: Use the akka.actor package instead. For migration from the scala.actors package refer to the Actors Migration Guide.
[WARNING]   private def blockableCountActor(l1: CountDownLatch, l2: CountDownLatch, n: Int): Actor =
[WARNING]                                                                                    ^
[WARNING] /Users/sergey/workspace/test/actors/src/test/scala/com/github/plokhotnyuk/actors/ScalaActorSpec.scala:145: warning: trait Actor in package actors is deprecated: Use the akka.actor package instead. For migration from the scala.actors package refer to the Actors Migration Guide.
[WARNING]     new Actor {
[WARNING]         ^
[WARNING] /Users/sergey/workspace/test/actors/src/test/scala/com/github/plokhotnyuk/actors/ScalaActorSpec.scala:164: warning: trait IScheduler in package actors is deprecated: Use the akka.actor package instead. For migration from the scala.actors package refer to the Actors Migration Guide.
[WARNING]       override def scheduler: IScheduler = customScheduler
[WARNING]                               ^
[WARNING] /Users/sergey/workspace/test/actors/src/test/scala/com/github/plokhotnyuk/actors/ScalaActorSpec.scala:167: warning: trait Actor in package actors is deprecated: Use the akka.actor package instead. For migration from the scala.actors package refer to the Actors Migration Guide.
[WARNING]   private def countActor(l: CountDownLatch, n: Int): Actor =
[WARNING]                                                      ^
[WARNING] /Users/sergey/workspace/test/actors/src/test/scala/com/github/plokhotnyuk/actors/ScalaActorSpec.scala:168: warning: trait Actor in package actors is deprecated: Use the akka.actor package instead. For migration from the scala.actors package refer to the Actors Migration Guide.
[WARNING]     new Actor {
[WARNING]         ^
[WARNING] /Users/sergey/workspace/test/actors/src/test/scala/com/github/plokhotnyuk/actors/ScalaActorSpec.scala:181: warning: trait IScheduler in package actors is deprecated: Use the akka.actor package instead. For migration from the scala.actors package refer to the Actors Migration Guide.
[WARNING]       override def scheduler: IScheduler = customScheduler
[WARNING]                               ^
[WARNING] /Users/sergey/workspace/test/actors/src/test/scala/com/github/plokhotnyuk/actors/ScalaActorSpec.scala:184: warning: trait Actor in package actors is deprecated: Use the akka.actor package instead. For migration from the scala.actors package refer to the Actors Migration Guide.
[WARNING]   private def sendMessages(a: Actor, n: Int): Unit = {
[WARNING]                               ^
[WARNING] 13 warnings found
[INFO] prepare-compile in 0 s
[INFO] compile in 8 s
[INFO] ------------------------------------------------------------------------
[INFO] BUILD SUCCESS
[INFO] ------------------------------------------------------------------------
[INFO] Total time: 9.409 s
[INFO] Finished at: 2014-12-28T17:29:25+02:00
[INFO] Final Memory: 20M/981M
[INFO] ------------------------------------------------------------------------
[INFO] Scanning for projects...
[INFO]                                                                         
[INFO] ------------------------------------------------------------------------
[INFO] Building Actors 1.0-SNAPSHOT
[INFO] ------------------------------------------------------------------------
[INFO] 
[INFO] --- maven-resources-plugin:2.6:resources (default-resources) @ actors ---
[INFO] Using 'UTF-8' encoding to copy filtered resources.
[INFO] skip non existing resourceDirectory /Users/sergey/workspace/test/actors/src/main/resources
[INFO] 
[INFO] --- maven-resources-plugin:2.6:testResources (default-testResources) @ actors ---
[INFO] Using 'UTF-8' encoding to copy filtered resources.
[INFO] skip non existing resourceDirectory /Users/sergey/workspace/test/actors/src/test/resources
[INFO] 
[INFO] --- scala-maven-plugin:3.1.6:testCompile (testCompile) @ actors ---
[WARNING]  Expected all dependencies to require Scala version: 2.11.4
[WARNING]  com.github.plokhotnyuk.actors:actors:1.0-SNAPSHOT requires scala version: 2.11.4
[WARNING]  com.typesafe.akka:akka-actor_2.11:2.3.8 requires scala version: 2.11.4
[WARNING]  net.liftweb:lift-actor_2.11:3.0-M2 requires scala version: 2.11.2
[WARNING] Multiple versions of scala libraries detected!
[INFO] Nothing to compile - all classes are up to date
[INFO] 
[INFO] --- maven-surefire-plugin:2.16:test (default-test) @ actors ---
[INFO] Surefire report directory: /Users/sergey/workspace/test/actors/target/surefire-reports

-------------------------------------------------------
 T E S T S
-------------------------------------------------------

-------------------------------------------------------
 T E S T S
-------------------------------------------------------
Running com.github.plokhotnyuk.actors.AkkaActorSpec
Executor service type: akka-forkjoin-pool

Enqueueing:
10,000,000 ops
274,339,140 ns
36,451,233 ops/s
15.2 % of CPU usage
48 bytes per instance

Dequeueing:
10,000,000 ops
662,242,719 ns
15,100,203 ops/s
15.0 % of CPU usage

Initiation:
100,000 ops
583,656,095 ns
5,836 ns/op
46.8 % of CPU usage
428 bytes per instance

Single-producer sending:
6,000,000 ops
840,819,930 ns
7,135,891 ops/s
23.3 % of CPU usage

Multi-producer sending:
6,000,000 ops
1,011,968,332 ns
5,929,039 ops/s
80.8 % of CPU usage

Max throughput:
12,000,000 ops
288,297,532 ns
41,623,665 ops/s
95.7 % of CPU usage

Ping latency:
1,500,000 ops
580,765,320 ns
387 ns/op
84.1 % of CPU usage

Ping throughput 10K:
2,000,000 ops
263,672,980 ns
7,585,153 ops/s
98.9 % of CPU usage
Tests run: 8, Failures: 0, Errors: 0, Skipped: 0, Time elapsed: 13.719 sec - in com.github.plokhotnyuk.actors.AkkaActorSpec
Running com.github.plokhotnyuk.actors.AkkaBalanceableActorSpec
Executor service type: akka-forkjoin-pool

Enqueueing:
10,000,000 ops
337,531,464 ns
29,626,867 ops/s
15.3 % of CPU usage
48 bytes per instance

Dequeueing:
10,000,000 ops
527,803,986 ns
18,946,427 ops/s
15.1 % of CPU usage

Initiation:
100,000 ops
604,077,416 ns
6,040 ns/op
49.0 % of CPU usage
428 bytes per instance

Single-producer sending:
6,000,000 ops
783,095,573 ns
7,661,900 ops/s
23.2 % of CPU usage

Multi-producer sending:
6,000,000 ops
625,057,203 ns
9,599,121 ops/s
50.7 % of CPU usage

Max throughput:
12,000,000 ops
264,419,669 ns
45,382,403 ops/s
89.6 % of CPU usage

Ping latency:
1,500,000 ops
541,188,084 ns
360 ns/op
90.0 % of CPU usage

Ping throughput 10K:
2,000,000 ops
292,519,809 ns
6,837,143 ops/s
99.2 % of CPU usage
Tests run: 8, Failures: 0, Errors: 0, Skipped: 0, Time elapsed: 13.076 sec - in com.github.plokhotnyuk.actors.AkkaBalanceableActorSpec
Running com.github.plokhotnyuk.actors.AkkaBoundedActorSpec
Executor service type: akka-forkjoin-pool

Enqueueing:
10,000,000 ops
457,390,249 ns
21,863,168 ops/s
14.7 % of CPU usage
48 bytes per instance

Dequeueing:
10,000,000 ops
727,498,667 ns
13,745,729 ops/s
14.6 % of CPU usage

Initiation:
100,000 ops
605,898,019 ns
6,058 ns/op
48.3 % of CPU usage
612 bytes per instance

Single-producer sending:
6,000,000 ops
1,591,342,491 ns
3,770,401 ops/s
24.0 % of CPU usage

Multi-producer sending:
6,000,000 ops
1,746,862,417 ns
3,434,729 ops/s
45.0 % of CPU usage

Max throughput:
12,000,000 ops
377,964,871 ns
31,748,982 ops/s
95.0 % of CPU usage

Ping latency:
1,500,000 ops
659,135,999 ns
439 ns/op
83.7 % of CPU usage

Ping throughput 10K:
2,000,000 ops
240,683,180 ns
8,309,679 ops/s
99.0 % of CPU usage

Overflow throughput:
5,000,000 ops
465,656,108 ns
10,737,537 ops/s
21.1 % of CPU usage
Tests run: 9, Failures: 0, Errors: 0, Skipped: 0, Time elapsed: 17.593 sec - in com.github.plokhotnyuk.actors.AkkaBoundedActorSpec
Running com.github.plokhotnyuk.actors.AkkaNonBalanceableActorSpec
Executor service type: akka-forkjoin-pool

Enqueueing:
10,000,000 ops
374,371,086 ns
26,711,464 ops/s
14.3 % of CPU usage
48 bytes per instance

Dequeueing:
10,000,000 ops
506,950,119 ns
19,725,806 ops/s
15.2 % of CPU usage

Initiation:
100,000 ops
584,578,871 ns
5,845 ns/op
45.2 % of CPU usage
428 bytes per instance

Single-producer sending:
6,000,000 ops
696,429,751 ns
8,615,370 ops/s
23.0 % of CPU usage

Multi-producer sending:
6,000,000 ops
607,278,827 ns
9,880,140 ops/s
51.7 % of CPU usage

Max throughput:
12,000,000 ops
246,023,555 ns
48,775,817 ops/s
94.9 % of CPU usage

Ping latency:
1,500,000 ops
508,904,547 ns
339 ns/op
86.8 % of CPU usage

Ping throughput 10K:
2,000,000 ops
221,412,936 ns
9,032,895 ops/s
99.2 % of CPU usage
Tests run: 8, Failures: 0, Errors: 0, Skipped: 0, Time elapsed: 13.02 sec - in com.github.plokhotnyuk.actors.AkkaNonBalanceableActorSpec
Running com.github.plokhotnyuk.actors.AkkaNonBlockingBoundedActorSpec
Executor service type: akka-forkjoin-pool

Enqueueing:
10,000,000 ops
346,585,336 ns
28,852,922 ops/s
15.3 % of CPU usage
48 bytes per instance

Dequeueing:
10,000,000 ops
529,589,835 ns
18,882,537 ops/s
14.9 % of CPU usage

Initiation:
100,000 ops
603,136,825 ns
6,031 ns/op
48.9 % of CPU usage
428 bytes per instance

Single-producer sending:
6,000,000 ops
896,206,611 ns
6,694,884 ops/s
24.5 % of CPU usage

Multi-producer sending:
6,000,000 ops
1,429,890,705 ns
4,196,124 ops/s
82.9 % of CPU usage

Max throughput:
12,000,000 ops
275,611,848 ns
43,539,492 ops/s
92.4 % of CPU usage

Ping latency:
1,500,000 ops
532,754,757 ns
355 ns/op
88.6 % of CPU usage

Ping throughput 10K:
2,000,000 ops
221,574,884 ns
9,026,293 ops/s
98.6 % of CPU usage

Overflow throughput:
5,000,000 ops
377,288,906 ns
13,252,443 ops/s
16.1 % of CPU usage
Tests run: 9, Failures: 0, Errors: 0, Skipped: 0, Time elapsed: 14.951 sec - in com.github.plokhotnyuk.actors.AkkaNonBlockingBoundedActorSpec
Running com.github.plokhotnyuk.actors.LiftActorSpec
Executor service type: akka-forkjoin-pool

Enqueueing:
10,000,000 ops
369,185,024 ns
27,086,689 ops/s
13.1 % of CPU usage
24 bytes per instance

Dequeueing:
10,000,000 ops
394,043,489 ns
25,377,909 ops/s
13.7 % of CPU usage

Initiation:
10,000,000 ops
596,008,828 ns
59 ns/op
19.0 % of CPU usage
72 bytes per instance

Single-producer sending:
6,000,000 ops
626,308,626 ns
9,579,941 ops/s
27.4 % of CPU usage

Multi-producer sending:
6,000,000 ops
762,493,628 ns
7,868,918 ops/s
35.6 % of CPU usage

Max throughput:
12,000,000 ops
268,342,728 ns
44,718,931 ops/s
92.8 % of CPU usage

Ping latency:
1,500,000 ops
1,099,573,446 ns
733 ns/op
70.5 % of CPU usage

Ping throughput 10K:
2,000,000 ops
294,690,188 ns
6,786,788 ops/s
44.2 % of CPU usage
Tests run: 8, Failures: 0, Errors: 0, Skipped: 0, Time elapsed: 13.236 sec - in com.github.plokhotnyuk.actors.LiftActorSpec
Running com.github.plokhotnyuk.actors.MinimalistActorSpec
Executor service type: akka-forkjoin-pool

Enqueueing:
10,000,000 ops
269,857,936 ns
37,056,534 ops/s
13.6 % of CPU usage
24 bytes per instance

Dequeueing:
2,000,000 ops
343,343,104 ns
5,825,076 ops/s
90.2 % of CPU usage

Initiation:
2,000,000 ops
609,749,751 ns
304 ns/op
59.1 % of CPU usage
152 bytes per instance

Single-producer sending:
3,000,000 ops
753,304,896 ns
3,982,451 ops/s
93.5 % of CPU usage

Multi-producer sending:
3,000,000 ops
871,711,063 ns
3,441,507 ops/s
94.0 % of CPU usage

Max throughput:
6,000,000 ops
179,555,062 ns
33,415,933 ops/s
99.5 % of CPU usage

Ping latency:
2,000,000 ops
496,582,260 ns
248 ns/op
88.4 % of CPU usage

Ping throughput 10K:
4,000,000 ops
85,843,342 ns
46,596,508 ops/s
97.3 % of CPU usage
Tests run: 8, Failures: 0, Errors: 0, Skipped: 0, Time elapsed: 10.505 sec - in com.github.plokhotnyuk.actors.MinimalistActorSpec
Running com.github.plokhotnyuk.actors.ScalaActorSpec
Executor service type: akka-forkjoin-pool

Enqueueing:
40,000,000 ops
1,227,626,571 ns
32,583,198 ops/s
12.9 % of CPU usage
24 bytes per instance

Dequeueing:
600,000 ops
1,006,112,595 ns
596,354 ops/s
90.4 % of CPU usage

Initiation:
600,000 ops
509,777,952 ns
849 ns/op
75.3 % of CPU usage
224 bytes per instance

Single-producer sending:
300,000 ops
528,667,528 ns
567,464 ops/s
91.5 % of CPU usage

Multi-producer sending:
300,000 ops
415,818,792 ns
721,468 ops/s
85.9 % of CPU usage

Max throughput:
600,000 ops
260,738,620 ns
2,301,155 ops/s
99.6 % of CPU usage

Ping latency:
250,000 ops
441,241,671 ns
1,764 ns/op
95.2 % of CPU usage

Ping throughput 10K:
400,000 ops
240,032,241 ns
1,666,442 ops/s
96.9 % of CPU usage
Tests run: 8, Failures: 0, Errors: 0, Skipped: 0, Time elapsed: 13.518 sec - in com.github.plokhotnyuk.actors.ScalaActorSpec
Running com.github.plokhotnyuk.actors.ScalazActorSpec
Executor service type: akka-forkjoin-pool

Enqueueing:
40,000,000 ops
605,571,332 ns
66,053,324 ops/s
12.6 % of CPU usage
24 bytes per instance

Dequeueing:
40,000,000 ops
266,125,814 ns
150,304,847 ops/s
22.1 % of CPU usage

Initiation:
10,000,000 ops
276,229,889 ns
27 ns/op
25.1 % of CPU usage
104 bytes per instance

Single-producer sending:
16,000,000 ops
578,581,594 ns
27,653,835 ops/s
27.1 % of CPU usage

Multi-producer sending:
16,000,000 ops
691,309,593 ns
23,144,478 ops/s
91.4 % of CPU usage

Max throughput:
32,000,000 ops
201,426,800 ns
158,866,645 ops/s
98.4 % of CPU usage

Ping latency:
3,200,000 ops
843,250,230 ns
263 ns/op
89.4 % of CPU usage

Ping throughput 10K:
8,000,000 ops
656,803,164 ns
12,180,209 ops/s
99.4 % of CPU usage
Tests run: 8, Failures: 0, Errors: 0, Skipped: 0, Time elapsed: 18.243 sec - in com.github.plokhotnyuk.actors.ScalazActorSpec
Running com.github.plokhotnyuk.actors.ScalazBoundedActor2Spec
Executor service type: akka-forkjoin-pool

Enqueueing:
40,000,000 ops
755,571,562 ns
52,940,054 ops/s
12.8 % of CPU usage
24 bytes per instance

Dequeueing:
40,000,000 ops
135,479,849 ns
295,246,859 ops/s
74.3 % of CPU usage

Initiation:
10,000,000 ops
196,865,324 ns
19 ns/op
27.7 % of CPU usage
56 bytes per instance

Single-producer sending:
16,000,000 ops
756,567,553 ns
21,148,144 ops/s
66.0 % of CPU usage

Multi-producer sending:
16,000,000 ops
2,006,961,466 ns
7,972,250 ops/s
96.8 % of CPU usage

Max throughput:
32,000,000 ops
302,735,707 ns
105,702,760 ops/s
96.9 % of CPU usage

Ping latency:
3,200,000 ops
677,590,261 ns
211 ns/op
99.4 % of CPU usage

Ping throughput 10K:
8,000,000 ops
127,044,611 ns
62,970,006 ops/s
98.1 % of CPU usage

Overflow throughput:
100,000,000 ops
814,101,995 ns
122,834,731 ops/s
12.6 % of CPU usage
Tests run: 9, Failures: 0, Errors: 0, Skipped: 0, Time elapsed: 17.157 sec - in com.github.plokhotnyuk.actors.ScalazBoundedActor2Spec
Running com.github.plokhotnyuk.actors.ScalazUnboundedActor2Spec
Executor service type: akka-forkjoin-pool

Enqueueing:
40,000,000 ops
683,589,075 ns
58,514,685 ops/s
12.6 % of CPU usage
24 bytes per instance

Dequeueing:
40,000,000 ops
166,364,932 ns
240,435,285 ops/s
45.3 % of CPU usage

Initiation:
10,000,000 ops
167,672,578 ns
16 ns/op
30.4 % of CPU usage
48 bytes per instance

Single-producer sending:
16,000,000 ops
565,657,186 ns
28,285,683 ops/s
27.4 % of CPU usage

Multi-producer sending:
16,000,000 ops
566,044,239 ns
28,266,341 ops/s
89.2 % of CPU usage

Max throughput:
32,000,000 ops
298,899,284 ns
107,059,473 ops/s
92.3 % of CPU usage

Ping latency:
3,200,000 ops
630,645,616 ns
197 ns/op
98.5 % of CPU usage

Ping throughput 10K:
8,000,000 ops
113,879,716 ns
70,249,560 ops/s
98.0 % of CPU usage
Tests run: 8, Failures: 0, Errors: 0, Skipped: 0, Time elapsed: 13.545 sec - in com.github.plokhotnyuk.actors.ScalazUnboundedActor2Spec

Results :

Tests run: 91, Failures: 0, Errors: 0, Skipped: 0

[INFO] ------------------------------------------------------------------------
[INFO] BUILD SUCCESS
[INFO] ------------------------------------------------------------------------
[INFO] Total time: 03:03 min
[INFO] Finished at: 2014-12-28T17:32:29+02:00
[INFO] Final Memory: 13M/981M
[INFO] ------------------------------------------------------------------------
[INFO] Scanning for projects...
[INFO]                                                                         
[INFO] ------------------------------------------------------------------------
[INFO] Building Actors 1.0-SNAPSHOT
[INFO] ------------------------------------------------------------------------
[INFO] 
[INFO] --- maven-resources-plugin:2.6:resources (default-resources) @ actors ---
[INFO] Using 'UTF-8' encoding to copy filtered resources.
[INFO] skip non existing resourceDirectory /Users/sergey/workspace/test/actors/src/main/resources
[INFO] 
[INFO] --- maven-resources-plugin:2.6:testResources (default-testResources) @ actors ---
[INFO] Using 'UTF-8' encoding to copy filtered resources.
[INFO] skip non existing resourceDirectory /Users/sergey/workspace/test/actors/src/test/resources
[INFO] 
[INFO] --- scala-maven-plugin:3.1.6:testCompile (testCompile) @ actors ---
[WARNING]  Expected all dependencies to require Scala version: 2.11.4
[WARNING]  com.github.plokhotnyuk.actors:actors:1.0-SNAPSHOT requires scala version: 2.11.4
[WARNING]  com.typesafe.akka:akka-actor_2.11:2.3.8 requires scala version: 2.11.4
[WARNING]  net.liftweb:lift-actor_2.11:3.0-M2 requires scala version: 2.11.2
[WARNING] Multiple versions of scala libraries detected!
[INFO] Nothing to compile - all classes are up to date
[INFO] 
[INFO] --- maven-surefire-plugin:2.16:test (default-test) @ actors ---
[INFO] Surefire report directory: /Users/sergey/workspace/test/actors/target/surefire-reports

-------------------------------------------------------
 T E S T S
-------------------------------------------------------

-------------------------------------------------------
 T E S T S
-------------------------------------------------------
Running com.github.plokhotnyuk.actors.AkkaActorSpec
Executor service type: scala-forkjoin-pool

Enqueueing:
10,000,000 ops
275,880,759 ns
36,247,544 ops/s
15.1 % of CPU usage
48 bytes per instance

Dequeueing:
10,000,000 ops
666,529,977 ns
15,003,076 ops/s
15.2 % of CPU usage

Initiation:
100,000 ops
604,974,313 ns
6,049 ns/op
48.8 % of CPU usage
428 bytes per instance

Single-producer sending:
6,000,000 ops
805,058,472 ns
7,452,874 ops/s
22.5 % of CPU usage

Multi-producer sending:
6,000,000 ops
942,201,871 ns
6,368,062 ops/s
80.2 % of CPU usage

Max throughput:
12,000,000 ops
295,504,655 ns
40,608,497 ops/s
93.9 % of CPU usage

Ping latency:
1,500,000 ops
739,795,728 ns
493 ns/op
76.6 % of CPU usage

Ping throughput 10K:
2,000,000 ops
289,357,414 ns
6,911,867 ops/s
98.4 % of CPU usage
Tests run: 8, Failures: 0, Errors: 0, Skipped: 0, Time elapsed: 14.098 sec - in com.github.plokhotnyuk.actors.AkkaActorSpec
Running com.github.plokhotnyuk.actors.AkkaBalanceableActorSpec
Executor service type: scala-forkjoin-pool

Enqueueing:
10,000,000 ops
337,918,227 ns
29,592,958 ops/s
14.5 % of CPU usage
48 bytes per instance

Dequeueing:
10,000,000 ops
528,209,401 ns
18,931,885 ops/s
14.7 % of CPU usage

Initiation:
100,000 ops
588,549,010 ns
5,885 ns/op
47.0 % of CPU usage
428 bytes per instance

Single-producer sending:
6,000,000 ops
690,440,681 ns
8,690,102 ops/s
22.6 % of CPU usage

Multi-producer sending:
6,000,000 ops
588,623,520 ns
10,193,272 ops/s
46.3 % of CPU usage

Max throughput:
12,000,000 ops
254,829,157 ns
47,090,372 ops/s
95.1 % of CPU usage

Ping latency:
1,500,000 ops
651,896,461 ns
434 ns/op
83.8 % of CPU usage

Ping throughput 10K:
2,000,000 ops
282,279,896 ns
7,085,166 ops/s
99.4 % of CPU usage
Tests run: 8, Failures: 0, Errors: 0, Skipped: 0, Time elapsed: 13.074 sec - in com.github.plokhotnyuk.actors.AkkaBalanceableActorSpec
Running com.github.plokhotnyuk.actors.AkkaBoundedActorSpec
Executor service type: scala-forkjoin-pool

Enqueueing:
10,000,000 ops
548,746,542 ns
18,223,349 ops/s
15.5 % of CPU usage
48 bytes per instance

Dequeueing:
10,000,000 ops
724,027,903 ns
13,811,622 ops/s
14.3 % of CPU usage

Initiation:
100,000 ops
899,830,868 ns
8,998 ns/op
46.4 % of CPU usage
612 bytes per instance

Single-producer sending:
6,000,000 ops
1,665,276,094 ns
3,603,006 ops/s
24.5 % of CPU usage

Multi-producer sending:
6,000,000 ops
1,921,604,732 ns
3,122,390 ops/s
44.6 % of CPU usage

Max throughput:
12,000,000 ops
471,259,335 ns
25,463,686 ops/s
94.1 % of CPU usage

Ping latency:
1,500,000 ops
850,640,892 ns
567 ns/op
82.8 % of CPU usage

Ping throughput 10K:
2,000,000 ops
311,368,532 ns
6,423,256 ops/s
99.4 % of CPU usage

Overflow throughput:
5,000,000 ops
650,417,136 ns
7,687,374 ops/s
15.0 % of CPU usage
Tests run: 9, Failures: 0, Errors: 0, Skipped: 0, Time elapsed: 18.853 sec - in com.github.plokhotnyuk.actors.AkkaBoundedActorSpec
Running com.github.plokhotnyuk.actors.AkkaNonBalanceableActorSpec
Executor service type: scala-forkjoin-pool

Enqueueing:
10,000,000 ops
347,709,941 ns
28,759,603 ops/s
14.4 % of CPU usage
48 bytes per instance

Dequeueing:
10,000,000 ops
516,701,836 ns
19,353,521 ops/s
14.8 % of CPU usage

Initiation:
100,000 ops
589,099,756 ns
5,890 ns/op
47.4 % of CPU usage
428 bytes per instance

Single-producer sending:
6,000,000 ops
699,464,039 ns
8,577,996 ops/s
23.3 % of CPU usage

Multi-producer sending:
6,000,000 ops
623,756,065 ns
9,619,144 ops/s
50.8 % of CPU usage

Max throughput:
12,000,000 ops
242,845,610 ns
49,414,111 ops/s
93.0 % of CPU usage

Ping latency:
1,500,000 ops
700,697,681 ns
467 ns/op
86.4 % of CPU usage

Ping throughput 10K:
2,000,000 ops
331,469,799 ns
6,033,732 ops/s
99.3 % of CPU usage
Tests run: 8, Failures: 0, Errors: 0, Skipped: 0, Time elapsed: 13.277 sec - in com.github.plokhotnyuk.actors.AkkaNonBalanceableActorSpec
Running com.github.plokhotnyuk.actors.AkkaNonBlockingBoundedActorSpec
Executor service type: scala-forkjoin-pool

Enqueueing:
10,000,000 ops
273,337,912 ns
36,584,753 ops/s
17.5 % of CPU usage
48 bytes per instance

Dequeueing:
10,000,000 ops
527,460,051 ns
18,958,781 ops/s
14.7 % of CPU usage

Initiation:
100,000 ops
664,220,550 ns
6,642 ns/op
44.7 % of CPU usage
428 bytes per instance

Single-producer sending:
6,000,000 ops
886,446,145 ns
6,768,600 ops/s
25.0 % of CPU usage

Multi-producer sending:
6,000,000 ops
1,425,218,256 ns
4,209,881 ops/s
82.5 % of CPU usage

Max throughput:
12,000,000 ops
265,916,562 ns
45,126,937 ops/s
91.6 % of CPU usage

Ping latency:
1,500,000 ops
650,197,475 ns
433 ns/op
86.1 % of CPU usage

Ping throughput 10K:
2,000,000 ops
279,139,611 ns
7,164,873 ops/s
98.9 % of CPU usage

Overflow throughput:
5,000,000 ops
373,045,203 ns
13,403,201 ops/s
15.0 % of CPU usage
Tests run: 9, Failures: 0, Errors: 0, Skipped: 0, Time elapsed: 14.974 sec - in com.github.plokhotnyuk.actors.AkkaNonBlockingBoundedActorSpec
Running com.github.plokhotnyuk.actors.LiftActorSpec
Executor service type: scala-forkjoin-pool

Enqueueing:
10,000,000 ops
364,988,901 ns
27,398,093 ops/s
13.1 % of CPU usage
24 bytes per instance

Dequeueing:
10,000,000 ops
426,663,001 ns
23,437,701 ops/s
13.6 % of CPU usage

Initiation:
10,000,000 ops
597,514,107 ns
59 ns/op
18.9 % of CPU usage
72 bytes per instance

Single-producer sending:
6,000,000 ops
639,309,078 ns
9,385,131 ops/s
27.4 % of CPU usage

Multi-producer sending:
6,000,000 ops
857,196,245 ns
6,999,564 ops/s
33.8 % of CPU usage

Max throughput:
12,000,000 ops
293,257,716 ns
40,919,639 ops/s
92.5 % of CPU usage

Ping latency:
1,500,000 ops
1,076,481,895 ns
717 ns/op
82.6 % of CPU usage

Ping throughput 10K:
2,000,000 ops
384,470,240 ns
5,201,963 ops/s
53.9 % of CPU usage
Tests run: 8, Failures: 0, Errors: 0, Skipped: 0, Time elapsed: 13.428 sec - in com.github.plokhotnyuk.actors.LiftActorSpec
Running com.github.plokhotnyuk.actors.MinimalistActorSpec
Executor service type: scala-forkjoin-pool

Enqueueing:
10,000,000 ops
269,417,698 ns
37,117,086 ops/s
13.6 % of CPU usage
24 bytes per instance

Dequeueing:
2,000,000 ops
860,202,705 ns
2,325,033 ops/s
92.2 % of CPU usage

Initiation:
2,000,000 ops
540,048,981 ns
270 ns/op
70.5 % of CPU usage
152 bytes per instance

Single-producer sending:
3,000,000 ops
1,167,227,920 ns
2,570,192 ops/s
91.3 % of CPU usage

Multi-producer sending:
3,000,000 ops
1,379,558,243 ns
2,174,609 ops/s
94.5 % of CPU usage

Max throughput:
6,000,000 ops
495,982,973 ns
12,097,189 ops/s
99.7 % of CPU usage

Ping latency:
2,000,000 ops
842,416,154 ns
421 ns/op
86.7 % of CPU usage

Ping throughput 10K:
4,000,000 ops
281,766,780 ns
14,196,137 ops/s
99.1 % of CPU usage
Tests run: 8, Failures: 0, Errors: 0, Skipped: 0, Time elapsed: 14.534 sec - in com.github.plokhotnyuk.actors.MinimalistActorSpec
Running com.github.plokhotnyuk.actors.ScalaActorSpec
Executor service type: scala-forkjoin-pool

Enqueueing:
40,000,000 ops
1,225,465,869 ns
32,640,647 ops/s
12.9 % of CPU usage
24 bytes per instance

Dequeueing:
600,000 ops
1,156,890,209 ns
518,631 ops/s
90.3 % of CPU usage

Initiation:
600,000 ops
480,463,850 ns
800 ns/op
77.4 % of CPU usage
224 bytes per instance

Single-producer sending:
300,000 ops
564,409,278 ns
531,529 ops/s
87.2 % of CPU usage

Multi-producer sending:
300,000 ops
471,337,767 ns
636,486 ops/s
89.4 % of CPU usage

Max throughput:
600,000 ops
291,400,703 ns
2,059,020 ops/s
99.4 % of CPU usage

Ping latency:
250,000 ops
466,958,879 ns
1,867 ns/op
90.7 % of CPU usage

Ping throughput 10K:
400,000 ops
256,331,124 ns
1,560,481 ops/s
97.8 % of CPU usage
Tests run: 8, Failures: 0, Errors: 0, Skipped: 0, Time elapsed: 13.793 sec - in com.github.plokhotnyuk.actors.ScalaActorSpec
Running com.github.plokhotnyuk.actors.ScalazActorSpec
Executor service type: scala-forkjoin-pool

Enqueueing:
40,000,000 ops
676,969,193 ns
59,086,883 ops/s
12.6 % of CPU usage
24 bytes per instance

Dequeueing:
40,000,000 ops
295,125,493 ns
135,535,563 ops/s
21.0 % of CPU usage

Initiation:
10,000,000 ops
304,980,501 ns
30 ns/op
24.9 % of CPU usage
104 bytes per instance

Single-producer sending:
16,000,000 ops
580,085,301 ns
27,582,150 ops/s
27.1 % of CPU usage

Multi-producer sending:
16,000,000 ops
672,307,998 ns
23,798,616 ops/s
93.7 % of CPU usage

Max throughput:
32,000,000 ops
228,421,655 ns
140,091,796 ops/s
96.8 % of CPU usage

Ping latency:
3,200,000 ops
860,511,153 ns
268 ns/op
88.8 % of CPU usage

Ping throughput 10K:
8,000,000 ops
654,443,266 ns
12,224,130 ops/s
99.4 % of CPU usage
Tests run: 8, Failures: 0, Errors: 0, Skipped: 0, Time elapsed: 18.461 sec - in com.github.plokhotnyuk.actors.ScalazActorSpec
Running com.github.plokhotnyuk.actors.ScalazBoundedActor2Spec
Executor service type: scala-forkjoin-pool

Enqueueing:
40,000,000 ops
758,673,703 ns
52,723,588 ops/s
12.8 % of CPU usage
24 bytes per instance

Dequeueing:
40,000,000 ops
196,751,967 ns
203,301,652 ops/s
24.8 % of CPU usage

Initiation:
10,000,000 ops
196,181,401 ns
19 ns/op
28.1 % of CPU usage
56 bytes per instance

Single-producer sending:
16,000,000 ops
664,970,057 ns
24,061,233 ops/s
51.9 % of CPU usage

Multi-producer sending:
16,000,000 ops
2,082,243,062 ns
7,684,021 ops/s
99.5 % of CPU usage

Max throughput:
32,000,000 ops
219,542,142 ns
145,757,892 ops/s
92.6 % of CPU usage

Ping latency:
3,200,000 ops
716,611,078 ns
223 ns/op
99.2 % of CPU usage

Ping throughput 10K:
8,000,000 ops
125,918,617 ns
63,533,099 ops/s
97.8 % of CPU usage

Overflow throughput:
100,000,000 ops
774,479,985 ns
129,118,895 ops/s
12.6 % of CPU usage
Tests run: 9, Failures: 0, Errors: 0, Skipped: 0, Time elapsed: 17.013 sec - in com.github.plokhotnyuk.actors.ScalazBoundedActor2Spec
Running com.github.plokhotnyuk.actors.ScalazUnboundedActor2Spec
Executor service type: scala-forkjoin-pool

Enqueueing:
40,000,000 ops
682,966,921 ns
58,567,990 ops/s
12.6 % of CPU usage
24 bytes per instance

Dequeueing:
40,000,000 ops
124,404,012 ns
321,533,038 ops/s
94.5 % of CPU usage

Initiation:
10,000,000 ops
168,777,595 ns
16 ns/op
30.0 % of CPU usage
48 bytes per instance

Single-producer sending:
16,000,000 ops
566,952,479 ns
28,221,060 ops/s
28.6 % of CPU usage

Multi-producer sending:
16,000,000 ops
590,857,012 ns
27,079,309 ops/s
91.6 % of CPU usage

Max throughput:
32,000,000 ops
248,473,979 ns
128,786,121 ops/s
97.6 % of CPU usage

Ping latency:
3,200,000 ops
667,246,243 ns
208 ns/op
98.0 % of CPU usage

Ping throughput 10K:
8,000,000 ops
122,005,073 ns
65,571,043 ops/s
96.6 % of CPU usage
Tests run: 8, Failures: 0, Errors: 0, Skipped: 0, Time elapsed: 13.548 sec - in com.github.plokhotnyuk.actors.ScalazUnboundedActor2Spec

Results :

Tests run: 91, Failures: 0, Errors: 0, Skipped: 0

[INFO] ------------------------------------------------------------------------
[INFO] BUILD SUCCESS
[INFO] ------------------------------------------------------------------------
[INFO] Total time: 03:08 min
[INFO] Finished at: 2014-12-28T17:35:39+02:00
[INFO] Final Memory: 13M/981M
[INFO] ------------------------------------------------------------------------
[INFO] Scanning for projects...
[INFO]                                                                         
[INFO] ------------------------------------------------------------------------
[INFO] Building Actors 1.0-SNAPSHOT
[INFO] ------------------------------------------------------------------------
[INFO] 
[INFO] --- maven-resources-plugin:2.6:resources (default-resources) @ actors ---
[INFO] Using 'UTF-8' encoding to copy filtered resources.
[INFO] skip non existing resourceDirectory /Users/sergey/workspace/test/actors/src/main/resources
[INFO] 
[INFO] --- maven-resources-plugin:2.6:testResources (default-testResources) @ actors ---
[INFO] Using 'UTF-8' encoding to copy filtered resources.
[INFO] skip non existing resourceDirectory /Users/sergey/workspace/test/actors/src/test/resources
[INFO] 
[INFO] --- scala-maven-plugin:3.1.6:testCompile (testCompile) @ actors ---
[WARNING]  Expected all dependencies to require Scala version: 2.11.4
[WARNING]  com.github.plokhotnyuk.actors:actors:1.0-SNAPSHOT requires scala version: 2.11.4
[WARNING]  com.typesafe.akka:akka-actor_2.11:2.3.8 requires scala version: 2.11.4
[WARNING]  net.liftweb:lift-actor_2.11:3.0-M2 requires scala version: 2.11.2
[WARNING] Multiple versions of scala libraries detected!
[INFO] Nothing to compile - all classes are up to date
[INFO] 
[INFO] --- maven-surefire-plugin:2.16:test (default-test) @ actors ---
[INFO] Surefire report directory: /Users/sergey/workspace/test/actors/target/surefire-reports

-------------------------------------------------------
 T E S T S
-------------------------------------------------------

-------------------------------------------------------
 T E S T S
-------------------------------------------------------
Running com.github.plokhotnyuk.actors.AkkaActorSpec
Executor service type: java-forkjoin-pool

Enqueueing:
10,000,000 ops
274,545,162 ns
36,423,879 ops/s
17.3 % of CPU usage
48 bytes per instance

Dequeueing:
10,000,000 ops
684,249,795 ns
14,614,545 ops/s
15.5 % of CPU usage

Initiation:
100,000 ops
605,884,842 ns
6,058 ns/op
41.1 % of CPU usage
428 bytes per instance

Single-producer sending:
6,000,000 ops
814,911,342 ns
7,362,764 ops/s
22.4 % of CPU usage

Multi-producer sending:
6,000,000 ops
1,005,116,765 ns
5,969,455 ops/s
80.9 % of CPU usage

Max throughput:
12,000,000 ops
314,294,108 ns
38,180,798 ops/s
95.1 % of CPU usage

Ping latency:
1,500,000 ops
1,299,590,889 ns
866 ns/op
38.7 % of CPU usage

Ping throughput 10K:
2,000,000 ops
296,549,414 ns
6,744,238 ops/s
98.6 % of CPU usage
Tests run: 8, Failures: 0, Errors: 0, Skipped: 0, Time elapsed: 14.661 sec - in com.github.plokhotnyuk.actors.AkkaActorSpec
Running com.github.plokhotnyuk.actors.AkkaBalanceableActorSpec
Executor service type: java-forkjoin-pool

Enqueueing:
10,000,000 ops
335,057,929 ns
29,845,585 ops/s
14.6 % of CPU usage
48 bytes per instance

Dequeueing:
10,000,000 ops
524,784,542 ns
19,055,439 ops/s
14.6 % of CPU usage

Initiation:
100,000 ops
623,937,013 ns
6,239 ns/op
44.0 % of CPU usage
428 bytes per instance

Single-producer sending:
6,000,000 ops
678,161,846 ns
8,847,445 ops/s
22.4 % of CPU usage

Multi-producer sending:
6,000,000 ops
577,795,871 ns
10,384,290 ops/s
45.3 % of CPU usage

Max throughput:
12,000,000 ops
227,440,861 ns
52,760,968 ops/s
95.1 % of CPU usage

Ping latency:
1,500,000 ops
1,190,846,282 ns
793 ns/op
40.4 % of CPU usage

Ping throughput 10K:
2,000,000 ops
282,311,969 ns
7,084,361 ops/s
99.4 % of CPU usage
Tests run: 8, Failures: 0, Errors: 0, Skipped: 0, Time elapsed: 13.636 sec - in com.github.plokhotnyuk.actors.AkkaBalanceableActorSpec
Running com.github.plokhotnyuk.actors.AkkaBoundedActorSpec
Executor service type: java-forkjoin-pool

Enqueueing:
10,000,000 ops
556,131,808 ns
17,981,348 ops/s
15.1 % of CPU usage
48 bytes per instance

Dequeueing:
10,000,000 ops
722,011,289 ns
13,850,198 ops/s
14.2 % of CPU usage

Initiation:
100,000 ops
624,953,420 ns
6,249 ns/op
44.5 % of CPU usage
612 bytes per instance

Single-producer sending:
6,000,000 ops
1,676,387,216 ns
3,579,125 ops/s
24.4 % of CPU usage

Multi-producer sending:
6,000,000 ops
1,724,928,317 ns
3,478,405 ops/s
34.7 % of CPU usage

Max throughput:
12,000,000 ops
500,614,892 ns
23,970,521 ops/s
93.0 % of CPU usage

Ping latency:
1,500,000 ops
1,292,210,512 ns
861 ns/op
32.3 % of CPU usage

Ping throughput 10K:
2,000,000 ops
323,150,581 ns
6,189,065 ops/s
99.2 % of CPU usage

Overflow throughput:
5,000,000 ops
880,988,413 ns
5,675,443 ops/s
15.6 % of CPU usage
Tests run: 9, Failures: 0, Errors: 0, Skipped: 0, Time elapsed: 19.105 sec - in com.github.plokhotnyuk.actors.AkkaBoundedActorSpec
Running com.github.plokhotnyuk.actors.AkkaNonBalanceableActorSpec
Executor service type: java-forkjoin-pool

Enqueueing:
10,000,000 ops
340,643,423 ns
29,356,210 ops/s
14.5 % of CPU usage
48 bytes per instance

Dequeueing:
10,000,000 ops
516,120,122 ns
19,375,334 ops/s
14.7 % of CPU usage

Initiation:
100,000 ops
611,043,951 ns
6,110 ns/op
42.0 % of CPU usage
428 bytes per instance

Single-producer sending:
6,000,000 ops
707,313,248 ns
8,482,804 ops/s
23.0 % of CPU usage

Multi-producer sending:
6,000,000 ops
621,034,810 ns
9,661,294 ops/s
50.4 % of CPU usage

Max throughput:
12,000,000 ops
260,180,134 ns
46,121,891 ops/s
89.0 % of CPU usage

Ping latency:
1,500,000 ops
1,217,529,291 ns
811 ns/op
39.6 % of CPU usage

Ping throughput 10K:
2,000,000 ops
274,175,753 ns
7,294,591 ops/s
98.4 % of CPU usage
Tests run: 8, Failures: 0, Errors: 0, Skipped: 0, Time elapsed: 13.717 sec - in com.github.plokhotnyuk.actors.AkkaNonBalanceableActorSpec
Running com.github.plokhotnyuk.actors.AkkaNonBlockingBoundedActorSpec
Executor service type: java-forkjoin-pool

Enqueueing:
10,000,000 ops
347,472,099 ns
28,779,289 ops/s
15.1 % of CPU usage
48 bytes per instance

Dequeueing:
10,000,000 ops
526,650,771 ns
18,987,914 ops/s
14.9 % of CPU usage

Initiation:
100,000 ops
618,868,108 ns
6,188 ns/op
41.5 % of CPU usage
424 bytes per instance

Single-producer sending:
6,000,000 ops
918,108,706 ns
6,535,173 ops/s
23.6 % of CPU usage

Multi-producer sending:
6,000,000 ops
1,404,523,744 ns
4,271,910 ops/s
84.6 % of CPU usage

Max throughput:
12,000,000 ops
264,885,011 ns
45,302,676 ops/s
87.5 % of CPU usage

Ping latency:
1,500,000 ops
1,225,014,606 ns
816 ns/op
39.3 % of CPU usage

Ping throughput 10K:
2,000,000 ops
280,137,172 ns
7,139,359 ops/s
98.2 % of CPU usage

Overflow throughput:
5,000,000 ops
371,127,414 ns
13,472,462 ops/s
14.9 % of CPU usage
Tests run: 9, Failures: 0, Errors: 0, Skipped: 0, Time elapsed: 15.639 sec - in com.github.plokhotnyuk.actors.AkkaNonBlockingBoundedActorSpec
Running com.github.plokhotnyuk.actors.LiftActorSpec
Executor service type: java-forkjoin-pool

Enqueueing:
10,000,000 ops
366,333,032 ns
27,297,565 ops/s
13.1 % of CPU usage
24 bytes per instance

Dequeueing:
10,000,000 ops
408,114,525 ns
24,502,925 ops/s
13.7 % of CPU usage

Initiation:
10,000,000 ops
599,286,608 ns
59 ns/op
18.8 % of CPU usage
72 bytes per instance

Single-producer sending:
6,000,000 ops
660,665,150 ns
9,081,756 ops/s
27.3 % of CPU usage

Multi-producer sending:
6,000,000 ops
793,621,341 ns
7,560,280 ops/s
34.2 % of CPU usage

Max throughput:
12,000,000 ops
269,007,124 ns
44,608,484 ops/s
91.7 % of CPU usage

Ping latency:
1,500,000 ops
1,891,031,655 ns
1,260 ns/op
36.7 % of CPU usage

Ping throughput 10K:
2,000,000 ops
406,862,212 ns
4,915,669 ops/s
57.7 % of CPU usage
Tests run: 8, Failures: 0, Errors: 0, Skipped: 0, Time elapsed: 14.189 sec - in com.github.plokhotnyuk.actors.LiftActorSpec
Running com.github.plokhotnyuk.actors.MinimalistActorSpec
Executor service type: java-forkjoin-pool

Enqueueing:
10,000,000 ops
267,832,389 ns
37,336,783 ops/s
13.6 % of CPU usage
24 bytes per instance

Dequeueing:
2,000,000 ops
833,675,713 ns
2,399,014 ops/s
98.2 % of CPU usage

Initiation:
2,000,000 ops
1,260,818,209 ns
630 ns/op
47.3 % of CPU usage
152 bytes per instance

Single-producer sending:
3,000,000 ops
1,234,451,672 ns
2,430,228 ops/s
95.3 % of CPU usage

Multi-producer sending:
3,000,000 ops
1,398,662,376 ns
2,144,906 ops/s
98.6 % of CPU usage

Max throughput:
6,000,000 ops
450,616,506 ns
13,315,091 ops/s
99.7 % of CPU usage

Ping latency:
2,000,000 ops
2,744,305,123 ns
1,372 ns/op
50.9 % of CPU usage

Ping throughput 10K:
4,000,000 ops
288,720,014 ns
13,854,252 ops/s
99.1 % of CPU usage
Tests run: 8, Failures: 0, Errors: 0, Skipped: 0, Time elapsed: 17.197 sec - in com.github.plokhotnyuk.actors.MinimalistActorSpec
Running com.github.plokhotnyuk.actors.ScalaActorSpec
Executor service type: java-forkjoin-pool

Enqueueing:
40,000,000 ops
1,239,976,756 ns
32,258,669 ops/s
12.9 % of CPU usage
24 bytes per instance

Dequeueing:
600,000 ops
1,679,695,559 ns
357,207 ops/s
71.0 % of CPU usage

Initiation:
600,000 ops
1,028,199,043 ns
1,713 ns/op
51.8 % of CPU usage
224 bytes per instance

Single-producer sending:
300,000 ops
1,252,255,538 ns
239,567 ops/s
68.1 % of CPU usage

Multi-producer sending:
300,000 ops
1,157,642,786 ns
259,147 ops/s
64.2 % of CPU usage

Max throughput:
600,000 ops
308,015,955 ns
1,947,951 ops/s
96.5 % of CPU usage

Ping latency:
250,000 ops
1,058,021,533 ns
4,232 ns/op
66.9 % of CPU usage

Ping throughput 10K:
400,000 ops
262,202,565 ns
1,525,538 ops/s
99.1 % of CPU usage
Tests run: 8, Failures: 0, Errors: 0, Skipped: 0, Time elapsed: 16.971 sec - in com.github.plokhotnyuk.actors.ScalaActorSpec
Running com.github.plokhotnyuk.actors.ScalazActorSpec
Executor service type: java-forkjoin-pool

Enqueueing:
40,000,000 ops
603,292,615 ns
66,302,817 ops/s
12.6 % of CPU usage
24 bytes per instance

Dequeueing:
40,000,000 ops
241,214,833 ns
165,827,281 ops/s
19.2 % of CPU usage

Initiation:
10,000,000 ops
280,437,449 ns
28 ns/op
25.4 % of CPU usage
104 bytes per instance

Single-producer sending:
16,000,000 ops
578,115,913 ns
27,676,110 ops/s
26.7 % of CPU usage

Multi-producer sending:
16,000,000 ops
685,295,085 ns
23,347,606 ops/s
91.0 % of CPU usage

Max throughput:
32,000,000 ops
210,711,435 ns
151,866,461 ops/s
98.1 % of CPU usage

Ping latency:
3,200,000 ops
881,569,563 ns
275 ns/op
87.2 % of CPU usage

Ping throughput 10K:
8,000,000 ops
604,258,049 ns
13,239,376 ops/s
99.5 % of CPU usage
Tests run: 8, Failures: 0, Errors: 0, Skipped: 0, Time elapsed: 18.202 sec - in com.github.plokhotnyuk.actors.ScalazActorSpec
Running com.github.plokhotnyuk.actors.ScalazBoundedActor2Spec
Executor service type: java-forkjoin-pool

Enqueueing:
40,000,000 ops
766,582,105 ns
52,179,668 ops/s
12.8 % of CPU usage
24 bytes per instance

Dequeueing:
40,000,000 ops
245,119,093 ns
163,185,982 ops/s
21.0 % of CPU usage

Initiation:
10,000,000 ops
195,560,294 ns
19 ns/op
28.6 % of CPU usage
56 bytes per instance

Single-producer sending:
16,000,000 ops
510,255,593 ns
31,356,834 ops/s
44.3 % of CPU usage

Multi-producer sending:
16,000,000 ops
2,184,469,244 ns
7,324,433 ops/s
99.4 % of CPU usage

Max throughput:
32,000,000 ops
179,285,462 ns
178,486,306 ops/s
95.5 % of CPU usage

Ping latency:
3,200,000 ops
845,808,558 ns
264 ns/op
98.1 % of CPU usage

Ping throughput 10K:
8,000,000 ops
121,048,805 ns
66,089,045 ops/s
97.9 % of CPU usage

Overflow throughput:
100,000,000 ops
757,392,586 ns
132,031,923 ops/s
12.5 % of CPU usage
Tests run: 9, Failures: 0, Errors: 0, Skipped: 0, Time elapsed: 17.107 sec - in com.github.plokhotnyuk.actors.ScalazBoundedActor2Spec
Running com.github.plokhotnyuk.actors.ScalazUnboundedActor2Spec
Executor service type: java-forkjoin-pool

Enqueueing:
40,000,000 ops
686,614,308 ns
58,256,869 ops/s
12.6 % of CPU usage
24 bytes per instance

Dequeueing:
40,000,000 ops
231,595,065 ns
172,715,251 ops/s
21.2 % of CPU usage

Initiation:
10,000,000 ops
169,616,420 ns
16 ns/op
29.9 % of CPU usage
48 bytes per instance

Single-producer sending:
16,000,000 ops
583,500,323 ns
27,420,721 ops/s
26.5 % of CPU usage

Multi-producer sending:
16,000,000 ops
585,052,590 ns
27,347,968 ops/s
89.4 % of CPU usage

Max throughput:
32,000,000 ops
273,649,148 ns
116,938,058 ops/s
88.0 % of CPU usage

Ping latency:
3,200,000 ops
760,443,727 ns
237 ns/op
98.7 % of CPU usage

Ping throughput 10K:
8,000,000 ops
111,321,011 ns
71,864,241 ops/s
97.8 % of CPU usage
Tests run: 8, Failures: 0, Errors: 0, Skipped: 0, Time elapsed: 13.734 sec - in com.github.plokhotnyuk.actors.ScalazUnboundedActor2Spec

Results :

Tests run: 91, Failures: 0, Errors: 0, Skipped: 0

[INFO] ------------------------------------------------------------------------
[INFO] BUILD SUCCESS
[INFO] ------------------------------------------------------------------------
[INFO] Total time: 03:22 min
[INFO] Finished at: 2014-12-28T17:39:03+02:00
[INFO] Final Memory: 13M/981M
[INFO] ------------------------------------------------------------------------
[INFO] Scanning for projects...
[INFO]                                                                         
[INFO] ------------------------------------------------------------------------
[INFO] Building Actors 1.0-SNAPSHOT
[INFO] ------------------------------------------------------------------------
[INFO] 
[INFO] --- maven-resources-plugin:2.6:resources (default-resources) @ actors ---
[INFO] Using 'UTF-8' encoding to copy filtered resources.
[INFO] skip non existing resourceDirectory /Users/sergey/workspace/test/actors/src/main/resources
[INFO] 
[INFO] --- maven-resources-plugin:2.6:testResources (default-testResources) @ actors ---
[INFO] Using 'UTF-8' encoding to copy filtered resources.
[INFO] skip non existing resourceDirectory /Users/sergey/workspace/test/actors/src/test/resources
[INFO] 
[INFO] --- scala-maven-plugin:3.1.6:testCompile (testCompile) @ actors ---
[WARNING]  Expected all dependencies to require Scala version: 2.11.4
[WARNING]  com.github.plokhotnyuk.actors:actors:1.0-SNAPSHOT requires scala version: 2.11.4
[WARNING]  com.typesafe.akka:akka-actor_2.11:2.3.8 requires scala version: 2.11.4
[WARNING]  net.liftweb:lift-actor_2.11:3.0-M2 requires scala version: 2.11.2
[WARNING] Multiple versions of scala libraries detected!
[INFO] Nothing to compile - all classes are up to date
[INFO] 
[INFO] --- maven-surefire-plugin:2.16:test (default-test) @ actors ---
[INFO] Surefire report directory: /Users/sergey/workspace/test/actors/target/surefire-reports

-------------------------------------------------------
 T E S T S
-------------------------------------------------------

-------------------------------------------------------
 T E S T S
-------------------------------------------------------
Running com.github.plokhotnyuk.actors.AkkaActorSpec
Executor service type: abq-thread-pool

Enqueueing:
10,000,000 ops
329,284,457 ns
30,368,879 ops/s
14.4 % of CPU usage
48 bytes per instance

Dequeueing:
10,000,000 ops
665,109,880 ns
15,035,109 ops/s
14.9 % of CPU usage

Initiation:
100,000 ops
640,187,057 ns
6,401 ns/op
43.5 % of CPU usage
424 bytes per instance

Single-producer sending:
6,000,000 ops
881,798,608 ns
6,804,274 ops/s
22.4 % of CPU usage

Multi-producer sending:
6,000,000 ops
1,098,165,835 ns
5,463,655 ops/s
77.7 % of CPU usage

Max throughput:
12,000,000 ops
278,652,114 ns
43,064,449 ops/s
94.7 % of CPU usage

Ping latency:
1,500,000 ops
3,442,913,101 ns
2,295 ns/op
15.9 % of CPU usage

Ping throughput 10K:
2,000,000 ops
1,383,033,814 ns
1,446,096 ops/s
38.8 % of CPU usage
Tests run: 8, Failures: 0, Errors: 0, Skipped: 0, Time elapsed: 18.236 sec - in com.github.plokhotnyuk.actors.AkkaActorSpec
Running com.github.plokhotnyuk.actors.AkkaBalanceableActorSpec
Executor service type: abq-thread-pool

Enqueueing:
10,000,000 ops
337,047,334 ns
29,669,423 ops/s
14.4 % of CPU usage
48 bytes per instance

Dequeueing:
10,000,000 ops
544,905,430 ns
18,351,808 ops/s
14.5 % of CPU usage

Initiation:
100,000 ops
634,140,149 ns
6,341 ns/op
43.5 % of CPU usage
424 bytes per instance

Single-producer sending:
6,000,000 ops
771,742,653 ns
7,774,612 ops/s
23.2 % of CPU usage

Multi-producer sending:
6,000,000 ops
608,240,978 ns
9,864,511 ops/s
45.0 % of CPU usage

Max throughput:
12,000,000 ops
219,593,016 ns
54,646,546 ops/s
95.2 % of CPU usage

Ping latency:
1,500,000 ops
3,383,048,490 ns
2,255 ns/op
16.1 % of CPU usage

Ping throughput 10K:
2,000,000 ops
1,483,505,520 ns
1,348,158 ops/s
37.9 % of CPU usage
Tests run: 8, Failures: 0, Errors: 0, Skipped: 0, Time elapsed: 17.41 sec - in com.github.plokhotnyuk.actors.AkkaBalanceableActorSpec
Running com.github.plokhotnyuk.actors.AkkaBoundedActorSpec
Executor service type: abq-thread-pool

Enqueueing:
10,000,000 ops
447,105,935 ns
22,366,064 ops/s
15.0 % of CPU usage
48 bytes per instance

Dequeueing:
10,000,000 ops
738,838,942 ns
13,534,749 ops/s
13.8 % of CPU usage

Initiation:
100,000 ops
671,833,615 ns
6,718 ns/op
45.1 % of CPU usage
608 bytes per instance

Single-producer sending:
6,000,000 ops
1,721,156,560 ns
3,486,028 ops/s
25.2 % of CPU usage

Multi-producer sending:
6,000,000 ops
1,701,268,203 ns
3,526,780 ops/s
35.6 % of CPU usage

Max throughput:
12,000,000 ops
382,446,745 ns
31,376,917 ops/s
94.3 % of CPU usage

Ping latency:
1,500,000 ops
4,800,018,148 ns
3,200 ns/op
16.0 % of CPU usage

Ping throughput 10K:
2,000,000 ops
1,482,802,258 ns
1,348,797 ops/s
38.2 % of CPU usage

Overflow throughput:
5,000,000 ops
453,077,721 ns
11,035,634 ops/s
14.9 % of CPU usage
Tests run: 9, Failures: 0, Errors: 0, Skipped: 0, Time elapsed: 23.408 sec - in com.github.plokhotnyuk.actors.AkkaBoundedActorSpec
Running com.github.plokhotnyuk.actors.AkkaNonBalanceableActorSpec
Executor service type: abq-thread-pool

Enqueueing:
10,000,000 ops
340,099,344 ns
29,403,173 ops/s
14.5 % of CPU usage
48 bytes per instance

Dequeueing:
10,000,000 ops
523,412,347 ns
19,105,395 ops/s
14.6 % of CPU usage

Initiation:
100,000 ops
637,683,950 ns
6,376 ns/op
43.6 % of CPU usage
424 bytes per instance

Single-producer sending:
6,000,000 ops
739,103,545 ns
8,117,942 ops/s
22.2 % of CPU usage

Multi-producer sending:
6,000,000 ops
639,349,810 ns
9,384,533 ops/s
47.4 % of CPU usage

Max throughput:
12,000,000 ops
208,089,588 ns
57,667,469 ops/s
95.5 % of CPU usage

Ping latency:
1,500,000 ops
3,346,799,277 ns
2,231 ns/op
16.0 % of CPU usage

Ping throughput 10K:
2,000,000 ops
1,395,913,363 ns
1,432,753 ops/s
37.6 % of CPU usage
Tests run: 8, Failures: 0, Errors: 0, Skipped: 0, Time elapsed: 17.238 sec - in com.github.plokhotnyuk.actors.AkkaNonBalanceableActorSpec
Running com.github.plokhotnyuk.actors.AkkaNonBlockingBoundedActorSpec
Executor service type: abq-thread-pool

Enqueueing:
10,000,000 ops
346,381,320 ns
28,869,917 ops/s
15.1 % of CPU usage
48 bytes per instance

Dequeueing:
10,000,000 ops
537,289,345 ns
18,611,945 ops/s
14.5 % of CPU usage

Initiation:
100,000 ops
663,885,328 ns
6,638 ns/op
43.6 % of CPU usage
424 bytes per instance

Single-producer sending:
6,000,000 ops
857,920,327 ns
6,993,656 ops/s
23.8 % of CPU usage

Multi-producer sending:
6,000,000 ops
1,468,620,411 ns
4,085,466 ops/s
82.7 % of CPU usage

Max throughput:
12,000,000 ops
211,537,411 ns
56,727,554 ops/s
97.4 % of CPU usage

Ping latency:
1,500,000 ops
3,381,533,459 ns
2,254 ns/op
16.4 % of CPU usage

Ping throughput 10K:
2,000,000 ops
1,440,861,958 ns
1,388,058 ops/s
36.8 % of CPU usage

Overflow throughput:
5,000,000 ops
383,467,464 ns
13,038,915 ops/s
15.9 % of CPU usage
Tests run: 9, Failures: 0, Errors: 0, Skipped: 0, Time elapsed: 19.2 sec - in com.github.plokhotnyuk.actors.AkkaNonBlockingBoundedActorSpec
Running com.github.plokhotnyuk.actors.LiftActorSpec
Executor service type: abq-thread-pool

Enqueueing:
10,000,000 ops
359,192,227 ns
27,840,246 ops/s
13.2 % of CPU usage
24 bytes per instance

Dequeueing:
10,000,000 ops
426,022,704 ns
23,472,927 ops/s
13.6 % of CPU usage

Initiation:
10,000,000 ops
600,356,180 ns
60 ns/op
18.8 % of CPU usage
72 bytes per instance

Single-producer sending:
6,000,000 ops
632,296,990 ns
9,489,211 ops/s
27.5 % of CPU usage

Multi-producer sending:
6,000,000 ops
767,873,258 ns
7,813,789 ops/s
35.5 % of CPU usage

Max throughput:
12,000,000 ops
272,686,805 ns
44,006,529 ops/s
95.4 % of CPU usage

Ping latency:
1,500,000 ops
4,064,472,283 ns
2,709 ns/op
17.9 % of CPU usage

Ping throughput 10K:
2,000,000 ops
1,723,914,519 ns
1,160,150 ops/s
36.0 % of CPU usage
Tests run: 8, Failures: 0, Errors: 0, Skipped: 0, Time elapsed: 17.675 sec - in com.github.plokhotnyuk.actors.LiftActorSpec
Running com.github.plokhotnyuk.actors.MinimalistActorSpec
Executor service type: abq-thread-pool

Enqueueing:
10,000,000 ops
268,172,029 ns
37,289,496 ops/s
13.6 % of CPU usage
24 bytes per instance

Dequeueing:
2,000,000 ops
2,347,907,170 ns
851,822 ops/s
16.1 % of CPU usage

Initiation:
2,000,000 ops
3,691,801,835 ns
1,845 ns/op
16.7 % of CPU usage
152 bytes per instance

Single-producer sending:
3,000,000 ops
3,479,242,514 ns
862,256 ops/s
17.0 % of CPU usage

Multi-producer sending:
3,000,000 ops
4,606,349,877 ns
651,274 ops/s
22.7 % of CPU usage

Max throughput:
6,000,000 ops
1,964,803,494 ns
3,053,740 ops/s
24.1 % of CPU usage

Ping latency:
2,000,000 ops
2,695,142,585 ns
1,347 ns/op
16.7 % of CPU usage

Ping throughput 10K:
4,000,000 ops
2,149,137,567 ns
1,861,211 ops/s
25.8 % of CPU usage
Tests run: 8, Failures: 0, Errors: 0, Skipped: 0, Time elapsed: 40.783 sec - in com.github.plokhotnyuk.actors.MinimalistActorSpec
Running com.github.plokhotnyuk.actors.ScalaActorSpec
Executor service type: abq-thread-pool

Enqueueing:
40,000,000 ops
1,240,675,876 ns
32,240,491 ops/s
12.9 % of CPU usage
24 bytes per instance

Dequeueing:
600,000 ops
3,503,258,176 ns
171,269 ops/s
20.1 % of CPU usage

Initiation:
600,000 ops
1,639,660,221 ns
2,732 ns/op
24.1 % of CPU usage
224 bytes per instance

Single-producer sending:
300,000 ops
1,853,106,197 ns
161,890 ops/s
21.5 % of CPU usage

Multi-producer sending:
300,000 ops
1,758,081,629 ns
170,640 ops/s
20.7 % of CPU usage

Max throughput:
600,000 ops
1,145,126,196 ns
523,959 ops/s
31.0 % of CPU usage

Ping latency:
250,000 ops
1,633,853,290 ns
6,535 ns/op
23.6 % of CPU usage

Ping throughput 10K:
400,000 ops
819,622,093 ns
488,029 ops/s
37.9 % of CPU usage
Tests run: 8, Failures: 0, Errors: 0, Skipped: 0, Time elapsed: 22.521 sec - in com.github.plokhotnyuk.actors.ScalaActorSpec
Running com.github.plokhotnyuk.actors.ScalazActorSpec
Executor service type: abq-thread-pool

Enqueueing:
40,000,000 ops
609,534,754 ns
65,623,821 ops/s
12.6 % of CPU usage
24 bytes per instance

Dequeueing:
40,000,000 ops
211,542,708 ns
189,087,113 ops/s
21.6 % of CPU usage

Initiation:
10,000,000 ops
276,177,042 ns
27 ns/op
26.0 % of CPU usage
104 bytes per instance

Single-producer sending:
16,000,000 ops
553,251,124 ns
28,919,959 ops/s
27.1 % of CPU usage

Multi-producer sending:
16,000,000 ops
666,667,214 ns
23,999,980 ops/s
92.4 % of CPU usage

Max throughput:
32,000,000 ops
137,326,097 ns
233,021,987 ops/s
86.9 % of CPU usage

Ping latency:
3,200,000 ops
5,856,089,277 ns
1,830 ns/op
17.2 % of CPU usage

Ping throughput 10K:
8,000,000 ops
4,575,760,722 ns
1,748,343 ops/s
25.7 % of CPU usage
Tests run: 8, Failures: 0, Errors: 0, Skipped: 0, Time elapsed: 27.286 sec - in com.github.plokhotnyuk.actors.ScalazActorSpec
Running com.github.plokhotnyuk.actors.ScalazBoundedActor2Spec
Executor service type: abq-thread-pool

Enqueueing:
40,000,000 ops
765,146,458 ns
52,277,573 ops/s
12.8 % of CPU usage
24 bytes per instance

Dequeueing:
40,000,000 ops
223,096,827 ns
179,294,347 ops/s
24.4 % of CPU usage

Initiation:
10,000,000 ops
197,758,205 ns
19 ns/op
28.1 % of CPU usage
56 bytes per instance

Single-producer sending:
16,000,000 ops
479,733,957 ns
33,351,818 ops/s
29.6 % of CPU usage

Multi-producer sending:
16,000,000 ops
2,666,326,402 ns
6,000,765 ops/s
99.1 % of CPU usage

Max throughput:
32,000,000 ops
201,839,466 ns
158,541,838 ops/s
89.6 % of CPU usage

Ping latency:
3,200,000 ops
4,493,770,175 ns
1,404 ns/op
16.6 % of CPU usage

Ping throughput 10K:
8,000,000 ops
3,692,702,216 ns
2,166,435 ops/s
25.1 % of CPU usage

Overflow throughput:
100,000,000 ops
788,243,760 ns
126,864,309 ops/s
12.5 % of CPU usage
Tests run: 9, Failures: 0, Errors: 0, Skipped: 0, Time elapsed: 25.125 sec - in com.github.plokhotnyuk.actors.ScalazBoundedActor2Spec
Running com.github.plokhotnyuk.actors.ScalazUnboundedActor2Spec
Executor service type: abq-thread-pool

Enqueueing:
40,000,000 ops
684,234,552 ns
58,459,485 ops/s
12.6 % of CPU usage
24 bytes per instance

Dequeueing:
40,000,000 ops
213,085,319 ns
187,718,235 ops/s
22.0 % of CPU usage

Initiation:
10,000,000 ops
168,757,271 ns
16 ns/op
30.5 % of CPU usage
48 bytes per instance

Single-producer sending:
16,000,000 ops
515,091,347 ns
31,062,451 ops/s
26.1 % of CPU usage

Multi-producer sending:
16,000,000 ops
601,252,497 ns
26,611,116 ops/s
87.9 % of CPU usage

Max throughput:
32,000,000 ops
165,768,137 ns
193,040,716 ops/s
95.5 % of CPU usage

Ping latency:
3,200,000 ops
3,103,985,075 ns
969 ns/op
17.5 % of CPU usage

Ping throughput 10K:
8,000,000 ops
3,636,466,735 ns
2,199,937 ops/s
24.5 % of CPU usage
Tests run: 8, Failures: 0, Errors: 0, Skipped: 0, Time elapsed: 20.088 sec - in com.github.plokhotnyuk.actors.ScalazUnboundedActor2Spec

Results :

Tests run: 91, Failures: 0, Errors: 0, Skipped: 0

[INFO] ------------------------------------------------------------------------
[INFO] BUILD SUCCESS
[INFO] ------------------------------------------------------------------------
[INFO] Total time: 04:35 min
[INFO] Finished at: 2014-12-28T17:43:39+02:00
[INFO] Final Memory: 13M/981M
[INFO] ------------------------------------------------------------------------
[INFO] Scanning for projects...
[INFO]                                                                         
[INFO] ------------------------------------------------------------------------
[INFO] Building Actors 1.0-SNAPSHOT
[INFO] ------------------------------------------------------------------------
[INFO] 
[INFO] --- maven-resources-plugin:2.6:resources (default-resources) @ actors ---
[INFO] Using 'UTF-8' encoding to copy filtered resources.
[INFO] skip non existing resourceDirectory /Users/sergey/workspace/test/actors/src/main/resources
[INFO] 
[INFO] --- maven-resources-plugin:2.6:testResources (default-testResources) @ actors ---
[INFO] Using 'UTF-8' encoding to copy filtered resources.
[INFO] skip non existing resourceDirectory /Users/sergey/workspace/test/actors/src/test/resources
[INFO] 
[INFO] --- scala-maven-plugin:3.1.6:testCompile (testCompile) @ actors ---
[WARNING]  Expected all dependencies to require Scala version: 2.11.4
[WARNING]  com.github.plokhotnyuk.actors:actors:1.0-SNAPSHOT requires scala version: 2.11.4
[WARNING]  com.typesafe.akka:akka-actor_2.11:2.3.8 requires scala version: 2.11.4
[WARNING]  net.liftweb:lift-actor_2.11:3.0-M2 requires scala version: 2.11.2
[WARNING] Multiple versions of scala libraries detected!
[INFO] Nothing to compile - all classes are up to date
[INFO] 
[INFO] --- maven-surefire-plugin:2.16:test (default-test) @ actors ---
[INFO] Surefire report directory: /Users/sergey/workspace/test/actors/target/surefire-reports

-------------------------------------------------------
 T E S T S
-------------------------------------------------------

-------------------------------------------------------
 T E S T S
-------------------------------------------------------
Running com.github.plokhotnyuk.actors.AkkaActorSpec
Executor service type: lbq-thread-pool

Enqueueing:
10,000,000 ops
271,179,010 ns
36,876,010 ops/s
15.4 % of CPU usage
48 bytes per instance

Dequeueing:
10,000,000 ops
682,808,631 ns
14,645,391 ops/s
14.9 % of CPU usage

Initiation:
100,000 ops
646,726,956 ns
6,467 ns/op
47.7 % of CPU usage
424 bytes per instance

Single-producer sending:
6,000,000 ops
856,462,087 ns
7,005,564 ops/s
22.1 % of CPU usage

Multi-producer sending:
6,000,000 ops
967,901,011 ns
6,198,981 ops/s
76.1 % of CPU usage

Max throughput:
12,000,000 ops
293,596,529 ns
40,872,417 ops/s
96.8 % of CPU usage

Ping latency:
1,500,000 ops
3,596,277,699 ns
2,397 ns/op
16.5 % of CPU usage

Ping throughput 10K:
2,000,000 ops
1,279,351,207 ns
1,563,292 ops/s
50.9 % of CPU usage
Tests run: 8, Failures: 0, Errors: 0, Skipped: 0, Time elapsed: 17.889 sec - in com.github.plokhotnyuk.actors.AkkaActorSpec
Running com.github.plokhotnyuk.actors.AkkaBalanceableActorSpec
Executor service type: lbq-thread-pool

Enqueueing:
10,000,000 ops
337,686,212 ns
29,613,290 ops/s
15.5 % of CPU usage
48 bytes per instance

Dequeueing:
10,000,000 ops
545,933,612 ns
18,317,245 ops/s
14.5 % of CPU usage

Initiation:
100,000 ops
709,037,396 ns
7,090 ns/op
49.1 % of CPU usage
424 bytes per instance

Single-producer sending:
6,000,000 ops
834,333,235 ns
7,191,371 ops/s
23.0 % of CPU usage

Multi-producer sending:
6,000,000 ops
655,745,715 ns
9,149,888 ops/s
47.9 % of CPU usage

Max throughput:
12,000,000 ops
253,283,004 ns
47,377,833 ops/s
95.2 % of CPU usage

Ping latency:
1,500,000 ops
4,323,629,482 ns
2,882 ns/op
16.1 % of CPU usage

Ping throughput 10K:
2,000,000 ops
1,212,094,463 ns
1,650,036 ops/s
51.3 % of CPU usage
Tests run: 8, Failures: 0, Errors: 0, Skipped: 0, Time elapsed: 17.693 sec - in com.github.plokhotnyuk.actors.AkkaBalanceableActorSpec
Running com.github.plokhotnyuk.actors.AkkaBoundedActorSpec
Executor service type: lbq-thread-pool

Enqueueing:
10,000,000 ops
478,474,434 ns
20,899,758 ops/s
15.4 % of CPU usage
48 bytes per instance

Dequeueing:
10,000,000 ops
740,835,517 ns
13,498,272 ops/s
13.7 % of CPU usage

Initiation:
100,000 ops
659,325,380 ns
6,593 ns/op
47.1 % of CPU usage
608 bytes per instance

Single-producer sending:
6,000,000 ops
1,757,229,741 ns
3,414,465 ops/s
25.4 % of CPU usage

Multi-producer sending:
6,000,000 ops
1,721,315,915 ns
3,485,705 ops/s
34.1 % of CPU usage

Max throughput:
12,000,000 ops
392,538,515 ns
30,570,248 ops/s
95.3 % of CPU usage

Ping latency:
1,500,000 ops
4,127,480,945 ns
2,751 ns/op
16.0 % of CPU usage

Ping throughput 10K:
2,000,000 ops
1,260,143,692 ns
1,587,120 ops/s
52.0 % of CPU usage

Overflow throughput:
5,000,000 ops
466,879,874 ns
10,709,392 ops/s
14.7 % of CPU usage
Tests run: 9, Failures: 0, Errors: 0, Skipped: 0, Time elapsed: 22.474 sec - in com.github.plokhotnyuk.actors.AkkaBoundedActorSpec
Running com.github.plokhotnyuk.actors.AkkaNonBalanceableActorSpec
Executor service type: lbq-thread-pool

Enqueueing:
10,000,000 ops
342,707,333 ns
29,179,416 ops/s
15.6 % of CPU usage
48 bytes per instance

Dequeueing:
10,000,000 ops
522,048,547 ns
19,155,306 ops/s
14.5 % of CPU usage

Initiation:
100,000 ops
636,250,325 ns
6,362 ns/op
45.5 % of CPU usage
424 bytes per instance

Single-producer sending:
6,000,000 ops
756,035,941 ns
7,936,130 ops/s
23.4 % of CPU usage

Multi-producer sending:
6,000,000 ops
656,145,378 ns
9,144,314 ops/s
48.8 % of CPU usage

Max throughput:
12,000,000 ops
233,233,008 ns
51,450,693 ops/s
95.7 % of CPU usage

Ping latency:
1,500,000 ops
3,852,639,301 ns
2,568 ns/op
16.4 % of CPU usage

Ping throughput 10K:
2,000,000 ops
1,217,276,995 ns
1,643,011 ops/s
48.5 % of CPU usage
Tests run: 8, Failures: 0, Errors: 0, Skipped: 0, Time elapsed: 17.478 sec - in com.github.plokhotnyuk.actors.AkkaNonBalanceableActorSpec
Running com.github.plokhotnyuk.actors.AkkaNonBlockingBoundedActorSpec
Executor service type: lbq-thread-pool

Enqueueing:
10,000,000 ops
349,154,420 ns
28,640,622 ops/s
15.2 % of CPU usage
48 bytes per instance

Dequeueing:
10,000,000 ops
533,232,854 ns
18,753,533 ops/s
14.6 % of CPU usage

Initiation:
100,000 ops
644,376,142 ns
6,443 ns/op
47.0 % of CPU usage
424 bytes per instance

Single-producer sending:
6,000,000 ops
915,218,597 ns
6,555,810 ops/s
24.2 % of CPU usage

Multi-producer sending:
6,000,000 ops
1,553,563,933 ns
3,862,087 ops/s
84.1 % of CPU usage

Max throughput:
12,000,000 ops
256,232,941 ns
46,832,386 ops/s
95.6 % of CPU usage

Ping latency:
1,500,000 ops
4,138,042,408 ns
2,758 ns/op
16.0 % of CPU usage

Ping throughput 10K:
2,000,000 ops
1,188,482,044 ns
1,682,818 ops/s
50.7 % of CPU usage

Overflow throughput:
5,000,000 ops
383,761,161 ns
13,028,937 ops/s
15.0 % of CPU usage
Tests run: 9, Failures: 0, Errors: 0, Skipped: 0, Time elapsed: 19.67 sec - in com.github.plokhotnyuk.actors.AkkaNonBlockingBoundedActorSpec
Running com.github.plokhotnyuk.actors.LiftActorSpec
Executor service type: lbq-thread-pool

Enqueueing:
10,000,000 ops
364,893,450 ns
27,405,260 ops/s
13.2 % of CPU usage
24 bytes per instance

Dequeueing:
10,000,000 ops
411,077,445 ns
24,326,316 ops/s
13.7 % of CPU usage

Initiation:
10,000,000 ops
597,295,684 ns
59 ns/op
19.1 % of CPU usage
72 bytes per instance

Single-producer sending:
6,000,000 ops
646,508,666 ns
9,280,618 ops/s
26.8 % of CPU usage

Multi-producer sending:
6,000,000 ops
755,341,255 ns
7,943,429 ops/s
35.4 % of CPU usage

Max throughput:
12,000,000 ops
282,953,013 ns
42,409,868 ops/s
86.6 % of CPU usage

Ping latency:
1,500,000 ops
3,567,115,392 ns
2,378 ns/op
18.4 % of CPU usage

Ping throughput 10K:
2,000,000 ops
925,204,409 ns
2,161,684 ops/s
43.3 % of CPU usage
Tests run: 8, Failures: 0, Errors: 0, Skipped: 0, Time elapsed: 16.387 sec - in com.github.plokhotnyuk.actors.LiftActorSpec
Running com.github.plokhotnyuk.actors.MinimalistActorSpec
Executor service type: lbq-thread-pool

Enqueueing:
10,000,000 ops
269,655,988 ns
37,084,286 ops/s
13.6 % of CPU usage
24 bytes per instance

Dequeueing:
2,000,000 ops
2,565,794,194 ns
779,485 ops/s
25.6 % of CPU usage

Initiation:
2,000,000 ops
300,666,999 ns
150 ns/op
36.3 % of CPU usage
180 bytes per instance

Single-producer sending:
3,000,000 ops
10,387,712,125 ns
288,802 ops/s
22.6 % of CPU usage

Multi-producer sending:
3,000,000 ops
4,231,375,185 ns
708,989 ops/s
28.9 % of CPU usage

Max throughput:
6,000,000 ops
24,209,491,205 ns
247,836 ops/s
19.3 % of CPU usage

Ping latency:
2,000,000 ops
5,034,895,953 ns
2,517 ns/op
21.0 % of CPU usage

Ping throughput 10K:
4,000,000 ops
8,648,139,873 ns
462,527 ops/s
21.6 % of CPU usage
Tests run: 8, Failures: 0, Errors: 0, Skipped: 0, Time elapsed: 67.003 sec - in com.github.plokhotnyuk.actors.MinimalistActorSpec
Running com.github.plokhotnyuk.actors.ScalaActorSpec
Executor service type: lbq-thread-pool

Enqueueing:
40,000,000 ops
1,239,218,693 ns
32,278,402 ops/s
12.9 % of CPU usage
24 bytes per instance

Dequeueing:
600,000 ops
1,354,098,838 ns
443,099 ops/s
32.8 % of CPU usage

Initiation:
600,000 ops
327,514,646 ns
545 ns/op
67.6 % of CPU usage
244 bytes per instance

Single-producer sending:
300,000 ops
829,856,636 ns
361,508 ops/s
31.3 % of CPU usage

Multi-producer sending:
300,000 ops
846,514,709 ns
354,394 ops/s
27.4 % of CPU usage

Max throughput:
600,000 ops
907,944,200 ns
660,833 ops/s
44.0 % of CPU usage

Ping latency:
250,000 ops
1,015,199,406 ns
4,060 ns/op
31.4 % of CPU usage

Ping throughput 10K:
400,000 ops
739,014,269 ns
541,261 ops/s
48.5 % of CPU usage
Tests run: 8, Failures: 0, Errors: 0, Skipped: 0, Time elapsed: 16.258 sec - in com.github.plokhotnyuk.actors.ScalaActorSpec
Running com.github.plokhotnyuk.actors.ScalazActorSpec
Executor service type: lbq-thread-pool

Enqueueing:
40,000,000 ops
602,264,780 ns
66,415,970 ops/s
12.7 % of CPU usage
24 bytes per instance

Dequeueing:
40,000,000 ops
220,982,822 ns
181,009,544 ops/s
26.2 % of CPU usage

Initiation:
10,000,000 ops
273,227,450 ns
27 ns/op
25.5 % of CPU usage
104 bytes per instance

Single-producer sending:
16,000,000 ops
561,496,160 ns
28,495,297 ops/s
26.8 % of CPU usage

Multi-producer sending:
16,000,000 ops
666,696,855 ns
23,998,913 ops/s
93.4 % of CPU usage

Max throughput:
32,000,000 ops
181,819,185 ns
175,999,028 ops/s
91.9 % of CPU usage

Ping latency:
3,200,000 ops
1,541,458,214 ns
481 ns/op
23.7 % of CPU usage

Ping throughput 10K:
8,000,000 ops
4,462,814,049 ns
1,792,590 ops/s
34.6 % of CPU usage
Tests run: 8, Failures: 0, Errors: 0, Skipped: 0, Time elapsed: 22.649 sec - in com.github.plokhotnyuk.actors.ScalazActorSpec
Running com.github.plokhotnyuk.actors.ScalazBoundedActor2Spec
Executor service type: lbq-thread-pool

Enqueueing:
40,000,000 ops
759,658,642 ns
52,655,229 ops/s
12.8 % of CPU usage
24 bytes per instance

Dequeueing:
40,000,000 ops
146,914,271 ns
272,267,627 ops/s
27.7 % of CPU usage

Initiation:
10,000,000 ops
198,810,630 ns
19 ns/op
28.3 % of CPU usage
56 bytes per instance

Single-producer sending:
16,000,000 ops
593,238,310 ns
26,970,611 ops/s
37.4 % of CPU usage

Multi-producer sending:
16,000,000 ops
2,542,658,542 ns
6,292,626 ops/s
98.7 % of CPU usage

Max throughput:
32,000,000 ops
220,928,112 ns
144,843,495 ops/s
90.4 % of CPU usage

Ping latency:
3,200,000 ops
1,039,001,580 ns
324 ns/op
24.1 % of CPU usage

Ping throughput 10K:
8,000,000 ops
3,448,066,665 ns
2,320,140 ops/s
30.6 % of CPU usage

Overflow throughput:
100,000,000 ops
774,437,984 ns
129,125,897 ops/s
12.5 % of CPU usage
Tests run: 9, Failures: 0, Errors: 0, Skipped: 0, Time elapsed: 21.331 sec - in com.github.plokhotnyuk.actors.ScalazBoundedActor2Spec
Running com.github.plokhotnyuk.actors.ScalazUnboundedActor2Spec
Executor service type: lbq-thread-pool

Enqueueing:
40,000,000 ops
684,435,805 ns
58,442,296 ops/s
12.6 % of CPU usage
24 bytes per instance

Dequeueing:
40,000,000 ops
169,231,115 ns
236,363,153 ops/s
26.7 % of CPU usage

Initiation:
10,000,000 ops
167,126,595 ns
16 ns/op
30.4 % of CPU usage
48 bytes per instance

Single-producer sending:
16,000,000 ops
518,163,843 ns
30,878,264 ops/s
25.9 % of CPU usage

Multi-producer sending:
16,000,000 ops
621,687,772 ns
25,736,391 ops/s
85.7 % of CPU usage

Max throughput:
32,000,000 ops
243,570,629 ns
131,378,730 ops/s
93.6 % of CPU usage

Ping latency:
3,200,000 ops
1,033,537,048 ns
322 ns/op
21.0 % of CPU usage

Ping throughput 10K:
8,000,000 ops
3,808,748,868 ns
2,100,427 ops/s
30.7 % of CPU usage
Tests run: 8, Failures: 0, Errors: 0, Skipped: 0, Time elapsed: 18.054 sec - in com.github.plokhotnyuk.actors.ScalazUnboundedActor2Spec

Results :

Tests run: 91, Failures: 0, Errors: 0, Skipped: 0

[INFO] ------------------------------------------------------------------------
[INFO] BUILD SUCCESS
[INFO] ------------------------------------------------------------------------
[INFO] Total time: 04:40 min
[INFO] Finished at: 2014-12-28T17:48:21+02:00
[INFO] Final Memory: 13M/981M
[INFO] ------------------------------------------------------------------------
