[INFO] Scanning for projects...
[INFO]                                                                         
[INFO] ------------------------------------------------------------------------
[INFO] Building Actors 1.0-SNAPSHOT
[INFO] ------------------------------------------------------------------------
[INFO] Downloading: https://oss.sonatype.org/content/groups/staging/org/specs2/specs2-common_2.11/2.4.15/specs2-common_2.11-2.4.15.jar
[INFO] Downloading: https://oss.sonatype.org/content/groups/staging/org/specs2/specs2-matcher_2.11/2.4.15/specs2-matcher_2.11-2.4.15.jar
[INFO] Downloading: https://oss.sonatype.org/content/groups/staging/org/specs2/specs2-core_2.11/2.4.15/specs2-core_2.11-2.4.15.jar
[INFO] Downloaded: https://oss.sonatype.org/content/groups/staging/org/specs2/specs2-matcher_2.11/2.4.15/specs2-matcher_2.11-2.4.15.jar (2481 KB at 643.4 KB/sec)
[INFO] Downloaded: https://oss.sonatype.org/content/groups/staging/org/specs2/specs2-common_2.11/2.4.15/specs2-common_2.11-2.4.15.jar (1503 KB at 351.2 KB/sec)
[INFO] Downloaded: https://oss.sonatype.org/content/groups/staging/org/specs2/specs2-core_2.11/2.4.15/specs2-core_2.11-2.4.15.jar (2005 KB at 312.1 KB/sec)
[INFO] 
[INFO] --- maven-clean-plugin:2.5:clean (default-clean) @ actors ---
[INFO] Deleting /Users/sergey/workspace/test/actors/target
[INFO] 
[INFO] --- maven-resources-plugin:2.6:resources (default-resources) @ actors ---
[INFO] Using 'UTF-8' encoding to copy filtered resources.
[INFO] skip non existing resourceDirectory /Users/sergey/workspace/test/actors/src/main/resources
[INFO] 
[INFO] --- maven-resources-plugin:2.6:testResources (default-testResources) @ actors ---
[INFO] Using 'UTF-8' encoding to copy filtered resources.
[INFO] skip non existing resourceDirectory /Users/sergey/workspace/test/actors/src/test/resources
[INFO] 
[INFO] --- scala-maven-plugin:3.1.6:testCompile (testCompile) @ actors ---
[WARNING]  Expected all dependencies to require Scala version: 2.11.4
[WARNING]  com.github.plokhotnyuk.actors:actors:1.0-SNAPSHOT requires scala version: 2.11.4
[WARNING]  com.typesafe.akka:akka-actor_2.11:2.3.8 requires scala version: 2.11.4
[WARNING]  net.liftweb:lift-actor_2.11:3.0-M2 requires scala version: 2.11.2
[WARNING] Multiple versions of scala libraries detected!
[INFO] /Users/sergey/workspace/test/actors/src/test/scala:-1: info: compiling
[INFO] Compiling 17 source files to /Users/sergey/workspace/test/actors/target/test-classes at 1419765568597
[WARNING] /Users/sergey/workspace/test/actors/src/test/scala/com/github/gist/viktorklang/Actor.scala:39: warning: This catches all Throwables. If this is really intended, use `case t : Throwable` to clear this warning.
[WARNING]           try e.execute(this) catch { case t => on.set(0); throw t } // Schedule to run on the Executor and back out on failure
[WARNING]                                            ^
[WARNING] /Users/sergey/workspace/test/actors/src/test/scala/com/github/plokhotnyuk/actors/ScalaActorSpec.scala:9: warning: trait SchedulerAdapter in package actors is deprecated: Use the akka.actor package instead. For migration from the scala.actors package refer to the Actors Migration Guide.
[WARNING]   val customScheduler = new SchedulerAdapter {
[WARNING]                             ^
[WARNING] /Users/sergey/workspace/test/actors/src/test/scala/com/github/plokhotnyuk/actors/ScalaActorSpec.scala:53: warning: trait Actor in package actors is deprecated: Use the akka.actor package instead. For migration from the scala.actors package refer to the Actors Migration Guide.
[WARNING]     footprintedAndTimedCollect(600000)(() => new Actor {
[WARNING]                                                  ^
[WARNING] /Users/sergey/workspace/test/actors/src/test/scala/com/github/plokhotnyuk/actors/ScalaActorSpec.scala:126: warning: trait Actor in package actors is deprecated: Use the akka.actor package instead. For migration from the scala.actors package refer to the Actors Migration Guide.
[WARNING]   private def replayAndCountActor(l: CountDownLatch, n: Int): Actor =
[WARNING]                                                               ^
[WARNING] /Users/sergey/workspace/test/actors/src/test/scala/com/github/plokhotnyuk/actors/ScalaActorSpec.scala:127: warning: trait Actor in package actors is deprecated: Use the akka.actor package instead. For migration from the scala.actors package refer to the Actors Migration Guide.
[WARNING]     new Actor {
[WARNING]         ^
[WARNING] /Users/sergey/workspace/test/actors/src/test/scala/com/github/plokhotnyuk/actors/ScalaActorSpec.scala:141: warning: trait IScheduler in package actors is deprecated: Use the akka.actor package instead. For migration from the scala.actors package refer to the Actors Migration Guide.
[WARNING]       override def scheduler: IScheduler = customScheduler
[WARNING]                               ^
[WARNING] /Users/sergey/workspace/test/actors/src/test/scala/com/github/plokhotnyuk/actors/ScalaActorSpec.scala:144: warning: trait Actor in package actors is deprecated: Use the akka.actor package instead. For migration from the scala.actors package refer to the Actors Migration Guide.
[WARNING]   private def blockableCountActor(l1: CountDownLatch, l2: CountDownLatch, n: Int): Actor =
[WARNING]                                                                                    ^
[WARNING] /Users/sergey/workspace/test/actors/src/test/scala/com/github/plokhotnyuk/actors/ScalaActorSpec.scala:145: warning: trait Actor in package actors is deprecated: Use the akka.actor package instead. For migration from the scala.actors package refer to the Actors Migration Guide.
[WARNING]     new Actor {
[WARNING]         ^
[WARNING] /Users/sergey/workspace/test/actors/src/test/scala/com/github/plokhotnyuk/actors/ScalaActorSpec.scala:164: warning: trait IScheduler in package actors is deprecated: Use the akka.actor package instead. For migration from the scala.actors package refer to the Actors Migration Guide.
[WARNING]       override def scheduler: IScheduler = customScheduler
[WARNING]                               ^
[WARNING] /Users/sergey/workspace/test/actors/src/test/scala/com/github/plokhotnyuk/actors/ScalaActorSpec.scala:167: warning: trait Actor in package actors is deprecated: Use the akka.actor package instead. For migration from the scala.actors package refer to the Actors Migration Guide.
[WARNING]   private def countActor(l: CountDownLatch, n: Int): Actor =
[WARNING]                                                      ^
[WARNING] /Users/sergey/workspace/test/actors/src/test/scala/com/github/plokhotnyuk/actors/ScalaActorSpec.scala:168: warning: trait Actor in package actors is deprecated: Use the akka.actor package instead. For migration from the scala.actors package refer to the Actors Migration Guide.
[WARNING]     new Actor {
[WARNING]         ^
[WARNING] /Users/sergey/workspace/test/actors/src/test/scala/com/github/plokhotnyuk/actors/ScalaActorSpec.scala:181: warning: trait IScheduler in package actors is deprecated: Use the akka.actor package instead. For migration from the scala.actors package refer to the Actors Migration Guide.
[WARNING]       override def scheduler: IScheduler = customScheduler
[WARNING]                               ^
[WARNING] /Users/sergey/workspace/test/actors/src/test/scala/com/github/plokhotnyuk/actors/ScalaActorSpec.scala:184: warning: trait Actor in package actors is deprecated: Use the akka.actor package instead. For migration from the scala.actors package refer to the Actors Migration Guide.
[WARNING]   private def sendMessages(a: Actor, n: Int): Unit = {
[WARNING]                               ^
[WARNING] 13 warnings found
[INFO] prepare-compile in 0 s
[INFO] compile in 9 s
[INFO] ------------------------------------------------------------------------
[INFO] BUILD SUCCESS
[INFO] ------------------------------------------------------------------------
[INFO] Total time: 16.497 s
[INFO] Finished at: 2014-12-28T13:19:37+02:00
[INFO] Final Memory: 24M/982M
[INFO] ------------------------------------------------------------------------
[INFO] Scanning for projects...
[INFO]                                                                         
[INFO] ------------------------------------------------------------------------
[INFO] Building Actors 1.0-SNAPSHOT
[INFO] ------------------------------------------------------------------------
[INFO] 
[INFO] --- maven-resources-plugin:2.6:resources (default-resources) @ actors ---
[INFO] Using 'UTF-8' encoding to copy filtered resources.
[INFO] skip non existing resourceDirectory /Users/sergey/workspace/test/actors/src/main/resources
[INFO] 
[INFO] --- maven-resources-plugin:2.6:testResources (default-testResources) @ actors ---
[INFO] Using 'UTF-8' encoding to copy filtered resources.
[INFO] skip non existing resourceDirectory /Users/sergey/workspace/test/actors/src/test/resources
[INFO] 
[INFO] --- scala-maven-plugin:3.1.6:testCompile (testCompile) @ actors ---
[WARNING]  Expected all dependencies to require Scala version: 2.11.4
[WARNING]  com.github.plokhotnyuk.actors:actors:1.0-SNAPSHOT requires scala version: 2.11.4
[WARNING]  com.typesafe.akka:akka-actor_2.11:2.3.8 requires scala version: 2.11.4
[WARNING]  net.liftweb:lift-actor_2.11:3.0-M2 requires scala version: 2.11.2
[WARNING] Multiple versions of scala libraries detected!
[INFO] Nothing to compile - all classes are up to date
[INFO] 
[INFO] --- maven-surefire-plugin:2.16:test (default-test) @ actors ---
[INFO] Surefire report directory: /Users/sergey/workspace/test/actors/target/surefire-reports

-------------------------------------------------------
 T E S T S
-------------------------------------------------------

-------------------------------------------------------
 T E S T S
-------------------------------------------------------
Running com.github.plokhotnyuk.actors.AkkaActorSpec
Executor service type: akka-forkjoin-pool

Enqueueing:
10,000,000 ops
335,662,000 ns
29,791,873 ops/s
14.9 % of CPU usage
48 bytes per instance

Dequeueing:
10,000,000 ops
661,583,000 ns
15,115,261 ops/s
16.0 % of CPU usage

Initiation:
100,000 ops
580,902,000 ns
5,809 ns/op
46.0 % of CPU usage
424 bytes per instance

Single-producer sending:
6,000,000 ops
799,686,000 ns
7,502,944 ops/s
23.4 % of CPU usage

Multi-producer sending:
6,000,000 ops
951,816,000 ns
6,303,739 ops/s
80.4 % of CPU usage

Max throughput:
12,000,000 ops
293,047,000 ns
40,949,062 ops/s
96.1 % of CPU usage

Ping latency:
1,500,000 ops
540,930,000 ns
360 ns/op
92.4 % of CPU usage

Ping throughput 10K:
2,000,000 ops
207,001,000 ns
9,661,789 ops/s
98.4 % of CPU usage
Tests run: 8, Failures: 0, Errors: 0, Skipped: 0, Time elapsed: 14.37 sec - in com.github.plokhotnyuk.actors.AkkaActorSpec
Running com.github.plokhotnyuk.actors.AkkaBalanceableActorSpec
Executor service type: akka-forkjoin-pool

Enqueueing:
10,000,000 ops
355,212,000 ns
28,152,202 ops/s
14.7 % of CPU usage
48 bytes per instance

Dequeueing:
10,000,000 ops
532,242,000 ns
18,788,445 ops/s
15.1 % of CPU usage

Initiation:
100,000 ops
650,003,000 ns
6,500 ns/op
43.2 % of CPU usage
424 bytes per instance

Single-producer sending:
6,000,000 ops
773,459,000 ns
7,757,360 ops/s
23.4 % of CPU usage

Multi-producer sending:
6,000,000 ops
1,156,612,000 ns
5,187,565 ops/s
74.4 % of CPU usage

Max throughput:
12,000,000 ops
268,431,000 ns
44,704,225 ops/s
90.7 % of CPU usage

Ping latency:
1,500,000 ops
514,744,000 ns
343 ns/op
85.2 % of CPU usage

Ping throughput 10K:
2,000,000 ops
195,070,000 ns
10,252,729 ops/s
98.9 % of CPU usage
Tests run: 8, Failures: 0, Errors: 0, Skipped: 0, Time elapsed: 13.973 sec - in com.github.plokhotnyuk.actors.AkkaBalanceableActorSpec
Running com.github.plokhotnyuk.actors.AkkaBoundedActorSpec
Executor service type: akka-forkjoin-pool

Enqueueing:
10,000,000 ops
523,331,000 ns
19,108,365 ops/s
14.9 % of CPU usage
48 bytes per instance

Dequeueing:
10,000,000 ops
737,497,000 ns
13,559,377 ops/s
14.1 % of CPU usage

Initiation:
100,000 ops
620,938,000 ns
6,209 ns/op
49.1 % of CPU usage
612 bytes per instance

Single-producer sending:
6,000,000 ops
1,403,601,000 ns
4,274,719 ops/s
24.0 % of CPU usage

Multi-producer sending:
6,000,000 ops
1,725,281,000 ns
3,477,694 ops/s
44.3 % of CPU usage

Max throughput:
12,000,000 ops
415,316,000 ns
28,893,661 ops/s
93.3 % of CPU usage

Ping latency:
1,500,000 ops
601,680,000 ns
401 ns/op
81.9 % of CPU usage

Ping throughput 10K:
2,000,000 ops
269,281,000 ns
7,427,185 ops/s
98.8 % of CPU usage

Overflow throughput:
5,000,000 ops
482,246,000 ns
10,368,152 ops/s
15.2 % of CPU usage
Tests run: 9, Failures: 0, Errors: 0, Skipped: 0, Time elapsed: 17.846 sec - in com.github.plokhotnyuk.actors.AkkaBoundedActorSpec
Running com.github.plokhotnyuk.actors.AkkaNonBalanceableActorSpec
Executor service type: akka-forkjoin-pool

Enqueueing:
10,000,000 ops
249,385,000 ns
40,098,642 ops/s
15.0 % of CPU usage
48 bytes per instance

Dequeueing:
10,000,000 ops
501,572,000 ns
19,937,317 ops/s
15.1 % of CPU usage

Initiation:
100,000 ops
610,095,000 ns
6,100 ns/op
50.8 % of CPU usage
424 bytes per instance

Single-producer sending:
6,000,000 ops
751,078,000 ns
7,988,517 ops/s
25.1 % of CPU usage

Multi-producer sending:
6,000,000 ops
1,191,008,000 ns
5,037,749 ops/s
76.6 % of CPU usage

Max throughput:
12,000,000 ops
242,257,000 ns
49,534,172 ops/s
92.2 % of CPU usage

Ping latency:
1,500,000 ops
512,145,000 ns
341 ns/op
86.9 % of CPU usage

Ping throughput 10K:
2,000,000 ops
176,784,000 ns
11,313,241 ops/s
99.0 % of CPU usage
Tests run: 8, Failures: 0, Errors: 0, Skipped: 0, Time elapsed: 13.76 sec - in com.github.plokhotnyuk.actors.AkkaNonBalanceableActorSpec
Running com.github.plokhotnyuk.actors.AkkaNonBlockingBoundedActorSpec
Executor service type: akka-forkjoin-pool

Enqueueing:
10,000,000 ops
269,265,000 ns
37,138,135 ops/s
15.3 % of CPU usage
48 bytes per instance

Dequeueing:
10,000,000 ops
525,037,000 ns
19,046,276 ops/s
15.0 % of CPU usage

Initiation:
100,000 ops
597,857,000 ns
5,978 ns/op
45.4 % of CPU usage
428 bytes per instance

Single-producer sending:
6,000,000 ops
836,815,000 ns
7,170,043 ops/s
23.5 % of CPU usage

Multi-producer sending:
6,000,000 ops
1,390,909,000 ns
4,313,725 ops/s
85.9 % of CPU usage

Max throughput:
12,000,000 ops
264,954,000 ns
45,290,880 ops/s
93.6 % of CPU usage

Ping latency:
1,500,000 ops
492,582,000 ns
328 ns/op
83.5 % of CPU usage

Ping throughput 10K:
2,000,000 ops
239,491,000 ns
8,351,044 ops/s
99.0 % of CPU usage

Overflow throughput:
5,000,000 ops
460,976,000 ns
10,846,551 ops/s
14.8 % of CPU usage
Tests run: 9, Failures: 0, Errors: 0, Skipped: 0, Time elapsed: 15.283 sec - in com.github.plokhotnyuk.actors.AkkaNonBlockingBoundedActorSpec
Running com.github.plokhotnyuk.actors.LiftActorSpec
Executor service type: akka-forkjoin-pool

Enqueueing:
10,000,000 ops
362,209,000 ns
27,608,369 ops/s
14.2 % of CPU usage
24 bytes per instance

Dequeueing:
10,000,000 ops
368,703,000 ns
27,122,100 ops/s
14.7 % of CPU usage

Initiation:
10,000,000 ops
613,365,000 ns
61 ns/op
19.3 % of CPU usage
72 bytes per instance

Single-producer sending:
6,000,000 ops
660,562,000 ns
9,083,174 ops/s
27.3 % of CPU usage

Multi-producer sending:
6,000,000 ops
870,636,000 ns
6,891,513 ops/s
34.3 % of CPU usage

Max throughput:
12,000,000 ops
292,359,000 ns
41,045,427 ops/s
94.4 % of CPU usage

Ping latency:
1,500,000 ops
901,239,000 ns
600 ns/op
86.5 % of CPU usage

Ping throughput 10K:
2,000,000 ops
294,388,000 ns
6,793,755 ops/s
44.3 % of CPU usage
Tests run: 8, Failures: 0, Errors: 0, Skipped: 0, Time elapsed: 13.613 sec - in com.github.plokhotnyuk.actors.LiftActorSpec
Running com.github.plokhotnyuk.actors.MinimalistActorSpec
Executor service type: akka-forkjoin-pool

Enqueueing:
10,000,000 ops
287,150,000 ns
34,825,004 ops/s
13.9 % of CPU usage
24 bytes per instance

Dequeueing:
2,000,000 ops
365,310,000 ns
5,474,802 ops/s
86.8 % of CPU usage

Initiation:
2,000,000 ops
608,817,000 ns
304 ns/op
64.2 % of CPU usage
152 bytes per instance

Single-producer sending:
3,000,000 ops
715,454,000 ns
4,193,141 ops/s
85.9 % of CPU usage

Multi-producer sending:
3,000,000 ops
877,377,000 ns
3,419,282 ops/s
92.9 % of CPU usage

Max throughput:
6,000,000 ops
127,855,000 ns
46,928,160 ops/s
95.7 % of CPU usage

Ping latency:
2,000,000 ops
474,300,000 ns
237 ns/op
84.4 % of CPU usage

Ping throughput 10K:
4,000,000 ops
85,089,000 ns
47,009,601 ops/s
97.9 % of CPU usage
Tests run: 8, Failures: 0, Errors: 0, Skipped: 0, Time elapsed: 10.954 sec - in com.github.plokhotnyuk.actors.MinimalistActorSpec
Running com.github.plokhotnyuk.actors.ScalaActorSpec
Executor service type: akka-forkjoin-pool

Enqueueing:
40,000,000 ops
1,312,231,000 ns
30,482,437 ops/s
12.8 % of CPU usage
24 bytes per instance

Dequeueing:
600,000 ops
966,287,000 ns
620,933 ops/s
89.5 % of CPU usage

Initiation:
600,000 ops
574,893,000 ns
958 ns/op
70.3 % of CPU usage
224 bytes per instance

Single-producer sending:
300,000 ops
521,099,000 ns
575,706 ops/s
83.6 % of CPU usage

Multi-producer sending:
300,000 ops
444,463,000 ns
674,971 ops/s
82.7 % of CPU usage

Max throughput:
600,000 ops
205,031,000 ns
2,926,386 ops/s
98.2 % of CPU usage

Ping latency:
250,000 ops
471,920,000 ns
1,887 ns/op
93.7 % of CPU usage

Ping throughput 10K:
400,000 ops
233,446,000 ns
1,713,458 ops/s
95.0 % of CPU usage
Tests run: 8, Failures: 0, Errors: 0, Skipped: 0, Time elapsed: 14.025 sec - in com.github.plokhotnyuk.actors.ScalaActorSpec
Running com.github.plokhotnyuk.actors.ScalazActorSpec
Executor service type: akka-forkjoin-pool

Enqueueing:
40,000,000 ops
701,170,000 ns
57,047,506 ops/s
12.7 % of CPU usage
24 bytes per instance

Dequeueing:
40,000,000 ops
167,777,000 ns
238,411,701 ops/s
27.8 % of CPU usage

Initiation:
10,000,000 ops
274,920,000 ns
27 ns/op
25.5 % of CPU usage
104 bytes per instance

Single-producer sending:
16,000,000 ops
658,969,000 ns
24,280,353 ops/s
26.6 % of CPU usage

Multi-producer sending:
16,000,000 ops
1,858,631,000 ns
8,608,486 ops/s
98.2 % of CPU usage

Max throughput:
32,000,000 ops
119,185,000 ns
268,490,162 ops/s
97.9 % of CPU usage

Ping latency:
3,200,000 ops
757,972,000 ns
236 ns/op
82.0 % of CPU usage

Ping throughput 10K:
8,000,000 ops
593,562,000 ns
13,477,951 ops/s
97.5 % of CPU usage
Tests run: 8, Failures: 0, Errors: 0, Skipped: 0, Time elapsed: 19.731 sec - in com.github.plokhotnyuk.actors.ScalazActorSpec
Running com.github.plokhotnyuk.actors.ScalazBoundedActor2Spec
Executor service type: akka-forkjoin-pool

Enqueueing:
40,000,000 ops
753,682,000 ns
53,072,781 ops/s
12.8 % of CPU usage
24 bytes per instance

Dequeueing:
40,000,000 ops
156,996,000 ns
254,783,561 ops/s
62.4 % of CPU usage

Initiation:
10,000,000 ops
196,399,000 ns
19 ns/op
28.5 % of CPU usage
56 bytes per instance

Single-producer sending:
16,000,000 ops
768,927,000 ns
20,808,217 ops/s
71.8 % of CPU usage

Multi-producer sending:
16,000,000 ops
1,723,910,000 ns
9,281,226 ops/s
99.1 % of CPU usage

Max throughput:
32,000,000 ops
143,434,000 ns
223,099,125 ops/s
94.3 % of CPU usage

Ping latency:
3,200,000 ops
623,909,000 ns
194 ns/op
96.7 % of CPU usage

Ping throughput 10K:
8,000,000 ops
124,061,000 ns
64,484,406 ops/s
94.5 % of CPU usage

Overflow throughput:
100,000,000 ops
814,867,000 ns
122,719,413 ops/s
12.6 % of CPU usage
Tests run: 9, Failures: 0, Errors: 0, Skipped: 0, Time elapsed: 17.148 sec - in com.github.plokhotnyuk.actors.ScalazBoundedActor2Spec
Running com.github.plokhotnyuk.actors.ScalazUnboundedActor2Spec
Executor service type: akka-forkjoin-pool

Enqueueing:
40,000,000 ops
701,034,000 ns
57,058,573 ops/s
12.7 % of CPU usage
24 bytes per instance

Dequeueing:
40,000,000 ops
122,254,000 ns
327,187,658 ops/s
95.3 % of CPU usage

Initiation:
10,000,000 ops
168,773,000 ns
16 ns/op
30.8 % of CPU usage
48 bytes per instance

Single-producer sending:
16,000,000 ops
577,607,000 ns
27,700,495 ops/s
27.7 % of CPU usage

Multi-producer sending:
16,000,000 ops
1,519,782,000 ns
10,527,825 ops/s
99.2 % of CPU usage

Max throughput:
32,000,000 ops
122,363,000 ns
261,516,961 ops/s
94.9 % of CPU usage

Ping latency:
3,200,000 ops
497,705,000 ns
155 ns/op
95.4 % of CPU usage

Ping throughput 10K:
8,000,000 ops
125,321,000 ns
63,836,068 ops/s
94.9 % of CPU usage
Tests run: 8, Failures: 0, Errors: 0, Skipped: 0, Time elapsed: 14.714 sec - in com.github.plokhotnyuk.actors.ScalazUnboundedActor2Spec

Results :

Tests run: 91, Failures: 0, Errors: 0, Skipped: 0

[INFO] ------------------------------------------------------------------------
[INFO] BUILD SUCCESS
[INFO] ------------------------------------------------------------------------
[INFO] Total time: 03:10 min
[INFO] Finished at: 2014-12-28T13:22:49+02:00
[INFO] Final Memory: 12M/982M
[INFO] ------------------------------------------------------------------------
[INFO] Scanning for projects...
[INFO]                                                                         
[INFO] ------------------------------------------------------------------------
[INFO] Building Actors 1.0-SNAPSHOT
[INFO] ------------------------------------------------------------------------
[INFO] 
[INFO] --- maven-resources-plugin:2.6:resources (default-resources) @ actors ---
[INFO] Using 'UTF-8' encoding to copy filtered resources.
[INFO] skip non existing resourceDirectory /Users/sergey/workspace/test/actors/src/main/resources
[INFO] 
[INFO] --- maven-resources-plugin:2.6:testResources (default-testResources) @ actors ---
[INFO] Using 'UTF-8' encoding to copy filtered resources.
[INFO] skip non existing resourceDirectory /Users/sergey/workspace/test/actors/src/test/resources
[INFO] 
[INFO] --- scala-maven-plugin:3.1.6:testCompile (testCompile) @ actors ---
[WARNING]  Expected all dependencies to require Scala version: 2.11.4
[WARNING]  com.github.plokhotnyuk.actors:actors:1.0-SNAPSHOT requires scala version: 2.11.4
[WARNING]  com.typesafe.akka:akka-actor_2.11:2.3.8 requires scala version: 2.11.4
[WARNING]  net.liftweb:lift-actor_2.11:3.0-M2 requires scala version: 2.11.2
[WARNING] Multiple versions of scala libraries detected!
[INFO] Nothing to compile - all classes are up to date
[INFO] 
[INFO] --- maven-surefire-plugin:2.16:test (default-test) @ actors ---
[INFO] Surefire report directory: /Users/sergey/workspace/test/actors/target/surefire-reports

-------------------------------------------------------
 T E S T S
-------------------------------------------------------

-------------------------------------------------------
 T E S T S
-------------------------------------------------------
Running com.github.plokhotnyuk.actors.AkkaActorSpec
Executor service type: scala-forkjoin-pool

Enqueueing:
10,000,000 ops
334,408,000 ns
29,903,590 ops/s
15.0 % of CPU usage
48 bytes per instance

Dequeueing:
10,000,000 ops
672,578,000 ns
14,868,163 ops/s
15.4 % of CPU usage

Initiation:
100,000 ops
747,526,000 ns
7,475 ns/op
55.9 % of CPU usage
428 bytes per instance

Single-producer sending:
6,000,000 ops
779,677,000 ns
7,695,494 ops/s
22.3 % of CPU usage

Multi-producer sending:
6,000,000 ops
985,958,000 ns
6,085,451 ops/s
77.9 % of CPU usage

Max throughput:
12,000,000 ops
310,408,000 ns
38,658,797 ops/s
96.7 % of CPU usage

Ping latency:
1,500,000 ops
631,779,000 ns
421 ns/op
84.0 % of CPU usage

Ping throughput 10K:
2,000,000 ops
294,820,000 ns
6,783,800 ops/s
94.7 % of CPU usage
Tests run: 8, Failures: 0, Errors: 0, Skipped: 0, Time elapsed: 14.657 sec - in com.github.plokhotnyuk.actors.AkkaActorSpec
Running com.github.plokhotnyuk.actors.AkkaBalanceableActorSpec
Executor service type: scala-forkjoin-pool

Enqueueing:
10,000,000 ops
255,645,000 ns
39,116,743 ops/s
15.0 % of CPU usage
48 bytes per instance

Dequeueing:
10,000,000 ops
588,448,000 ns
16,993,855 ops/s
14.9 % of CPU usage

Initiation:
100,000 ops
581,463,000 ns
5,814 ns/op
48.1 % of CPU usage
424 bytes per instance

Single-producer sending:
6,000,000 ops
762,235,000 ns
7,871,588 ops/s
22.9 % of CPU usage

Multi-producer sending:
6,000,000 ops
1,240,329,000 ns
4,837,426 ops/s
76.2 % of CPU usage

Max throughput:
12,000,000 ops
245,605,000 ns
48,858,940 ops/s
94.1 % of CPU usage

Ping latency:
1,500,000 ops
561,771,000 ns
374 ns/op
81.2 % of CPU usage

Ping throughput 10K:
2,000,000 ops
350,456,000 ns
5,706,850 ops/s
99.5 % of CPU usage
Tests run: 8, Failures: 0, Errors: 0, Skipped: 0, Time elapsed: 14.217 sec - in com.github.plokhotnyuk.actors.AkkaBalanceableActorSpec
Running com.github.plokhotnyuk.actors.AkkaBoundedActorSpec
Executor service type: scala-forkjoin-pool

Enqueueing:
10,000,000 ops
692,500,000 ns
14,440,433 ops/s
14.3 % of CPU usage
48 bytes per instance

Dequeueing:
10,000,000 ops
744,150,000 ns
13,438,150 ops/s
14.0 % of CPU usage

Initiation:
100,000 ops
629,943,000 ns
6,299 ns/op
48.8 % of CPU usage
612 bytes per instance

Single-producer sending:
6,000,000 ops
1,339,309,000 ns
4,479,922 ops/s
24.0 % of CPU usage

Multi-producer sending:
6,000,000 ops
2,288,011,000 ns
2,622,365 ops/s
49.6 % of CPU usage

Max throughput:
12,000,000 ops
521,896,000 ns
22,993,086 ops/s
92.2 % of CPU usage

Ping latency:
1,500,000 ops
687,750,000 ns
458 ns/op
86.1 % of CPU usage

Ping throughput 10K:
2,000,000 ops
300,453,000 ns
6,656,615 ops/s
99.2 % of CPU usage

Overflow throughput:
5,000,000 ops
459,247,000 ns
10,887,387 ops/s
14.4 % of CPU usage
Tests run: 9, Failures: 0, Errors: 0, Skipped: 0, Time elapsed: 19.051 sec - in com.github.plokhotnyuk.actors.AkkaBoundedActorSpec
Running com.github.plokhotnyuk.actors.AkkaNonBalanceableActorSpec
Executor service type: scala-forkjoin-pool

Enqueueing:
10,000,000 ops
250,614,000 ns
39,902,000 ops/s
15.1 % of CPU usage
48 bytes per instance

Dequeueing:
10,000,000 ops
509,577,000 ns
19,624,119 ops/s
15.0 % of CPU usage

Initiation:
100,000 ops
574,269,000 ns
5,742 ns/op
49.0 % of CPU usage
428 bytes per instance

Single-producer sending:
6,000,000 ops
743,160,000 ns
8,073,631 ops/s
24.8 % of CPU usage

Multi-producer sending:
6,000,000 ops
1,192,953,000 ns
5,029,535 ops/s
76.7 % of CPU usage

Max throughput:
12,000,000 ops
252,950,000 ns
47,440,205 ops/s
89.5 % of CPU usage

Ping latency:
1,500,000 ops
554,454,000 ns
369 ns/op
81.5 % of CPU usage

Ping throughput 10K:
2,000,000 ops
299,365,000 ns
6,680,807 ops/s
99.3 % of CPU usage
Tests run: 8, Failures: 0, Errors: 0, Skipped: 0, Time elapsed: 13.702 sec - in com.github.plokhotnyuk.actors.AkkaNonBalanceableActorSpec
Running com.github.plokhotnyuk.actors.AkkaNonBlockingBoundedActorSpec
Executor service type: scala-forkjoin-pool

Enqueueing:
10,000,000 ops
268,011,000 ns
37,311,901 ops/s
14.7 % of CPU usage
48 bytes per instance

Dequeueing:
10,000,000 ops
539,517,000 ns
18,535,097 ops/s
14.8 % of CPU usage

Initiation:
100,000 ops
650,293,000 ns
6,502 ns/op
47.1 % of CPU usage
428 bytes per instance

Single-producer sending:
6,000,000 ops
859,090,000 ns
6,984,134 ops/s
24.6 % of CPU usage

Multi-producer sending:
6,000,000 ops
1,415,627,000 ns
4,238,404 ops/s
83.0 % of CPU usage

Max throughput:
12,000,000 ops
289,587,000 ns
41,438,324 ops/s
88.9 % of CPU usage

Ping latency:
1,500,000 ops
590,329,000 ns
393 ns/op
86.9 % of CPU usage

Ping throughput 10K:
2,000,000 ops
289,977,000 ns
6,897,098 ops/s
95.9 % of CPU usage

Overflow throughput:
5,000,000 ops
374,955,000 ns
13,334,933 ops/s
15.8 % of CPU usage
Tests run: 9, Failures: 0, Errors: 0, Skipped: 0, Time elapsed: 15.37 sec - in com.github.plokhotnyuk.actors.AkkaNonBlockingBoundedActorSpec
Running com.github.plokhotnyuk.actors.LiftActorSpec
Executor service type: scala-forkjoin-pool

Enqueueing:
10,000,000 ops
364,317,000 ns
27,448,623 ops/s
13.1 % of CPU usage
24 bytes per instance

Dequeueing:
10,000,000 ops
369,328,000 ns
27,076,203 ops/s
14.7 % of CPU usage

Initiation:
10,000,000 ops
606,939,000 ns
60 ns/op
19.0 % of CPU usage
72 bytes per instance

Single-producer sending:
6,000,000 ops
688,085,000 ns
8,719,852 ops/s
26.5 % of CPU usage

Multi-producer sending:
6,000,000 ops
859,229,000 ns
6,983,004 ops/s
34.9 % of CPU usage

Max throughput:
12,000,000 ops
305,077,000 ns
39,334,331 ops/s
93.3 % of CPU usage

Ping latency:
1,500,000 ops
992,585,000 ns
661 ns/op
95.5 % of CPU usage

Ping throughput 10K:
2,000,000 ops
459,889,000 ns
4,348,875 ops/s
55.8 % of CPU usage
Tests run: 8, Failures: 0, Errors: 0, Skipped: 0, Time elapsed: 13.808 sec - in com.github.plokhotnyuk.actors.LiftActorSpec
Running com.github.plokhotnyuk.actors.MinimalistActorSpec
Executor service type: scala-forkjoin-pool

Enqueueing:
10,000,000 ops
285,957,000 ns
34,970,292 ops/s
13.8 % of CPU usage
24 bytes per instance

Dequeueing:
2,000,000 ops
559,764,000 ns
3,572,934 ops/s
84.0 % of CPU usage

Initiation:
2,000,000 ops
581,937,000 ns
290 ns/op
67.8 % of CPU usage
152 bytes per instance

Single-producer sending:
3,000,000 ops
975,857,000 ns
3,074,220 ops/s
90.7 % of CPU usage

Multi-producer sending:
3,000,000 ops
1,116,278,000 ns
2,687,502 ops/s
89.8 % of CPU usage

Max throughput:
6,000,000 ops
465,906,000 ns
12,878,134 ops/s
97.1 % of CPU usage

Ping latency:
2,000,000 ops
637,038,000 ns
318 ns/op
83.9 % of CPU usage

Ping throughput 10K:
4,000,000 ops
278,384,000 ns
14,368,641 ops/s
96.8 % of CPU usage
Tests run: 8, Failures: 0, Errors: 0, Skipped: 0, Time elapsed: 13.318 sec - in com.github.plokhotnyuk.actors.MinimalistActorSpec
Running com.github.plokhotnyuk.actors.ScalaActorSpec
Executor service type: scala-forkjoin-pool

Enqueueing:
40,000,000 ops
1,281,180,000 ns
31,221,217 ops/s
12.8 % of CPU usage
24 bytes per instance

Dequeueing:
600,000 ops
1,025,164,000 ns
585,272 ops/s
89.4 % of CPU usage

Initiation:
600,000 ops
476,807,000 ns
794 ns/op
71.2 % of CPU usage
224 bytes per instance

Single-producer sending:
300,000 ops
592,258,000 ns
506,536 ops/s
91.1 % of CPU usage

Multi-producer sending:
300,000 ops
477,568,000 ns
628,182 ops/s
88.4 % of CPU usage

Max throughput:
600,000 ops
241,968,000 ns
2,479,666 ops/s
97.4 % of CPU usage

Ping latency:
250,000 ops
439,188,000 ns
1,756 ns/op
87.3 % of CPU usage

Ping throughput 10K:
400,000 ops
250,394,000 ns
1,597,482 ops/s
92.7 % of CPU usage
Tests run: 8, Failures: 0, Errors: 0, Skipped: 0, Time elapsed: 14.203 sec - in com.github.plokhotnyuk.actors.ScalaActorSpec
Running com.github.plokhotnyuk.actors.ScalazActorSpec
Executor service type: scala-forkjoin-pool

Enqueueing:
40,000,000 ops
696,202,000 ns
57,454,589 ops/s
12.7 % of CPU usage
24 bytes per instance

Dequeueing:
40,000,000 ops
191,010,000 ns
209,413,119 ops/s
28.8 % of CPU usage

Initiation:
10,000,000 ops
279,378,000 ns
27 ns/op
25.2 % of CPU usage
104 bytes per instance

Single-producer sending:
16,000,000 ops
655,287,000 ns
24,416,782 ops/s
26.6 % of CPU usage

Multi-producer sending:
16,000,000 ops
1,871,727,000 ns
8,548,255 ops/s
99.5 % of CPU usage

Max throughput:
32,000,000 ops
138,873,000 ns
230,426,360 ops/s
97.3 % of CPU usage

Ping latency:
3,200,000 ops
730,964,000 ns
228 ns/op
83.0 % of CPU usage

Ping throughput 10K:
8,000,000 ops
570,759,000 ns
14,016,423 ops/s
98.3 % of CPU usage
Tests run: 8, Failures: 0, Errors: 0, Skipped: 0, Time elapsed: 19.778 sec - in com.github.plokhotnyuk.actors.ScalazActorSpec
Running com.github.plokhotnyuk.actors.ScalazBoundedActor2Spec
Executor service type: scala-forkjoin-pool

Enqueueing:
40,000,000 ops
753,673,000 ns
53,073,415 ops/s
12.9 % of CPU usage
24 bytes per instance

Dequeueing:
40,000,000 ops
129,399,000 ns
309,121,399 ops/s
95.3 % of CPU usage

Initiation:
10,000,000 ops
195,562,000 ns
19 ns/op
28.6 % of CPU usage
56 bytes per instance

Single-producer sending:
16,000,000 ops
513,264,000 ns
31,173,041 ops/s
55.1 % of CPU usage

Multi-producer sending:
16,000,000 ops
1,640,219,000 ns
9,754,794 ops/s
98.7 % of CPU usage

Max throughput:
32,000,000 ops
127,753,000 ns
250,483,354 ops/s
91.5 % of CPU usage

Ping latency:
3,200,000 ops
688,708,000 ns
215 ns/op
96.2 % of CPU usage

Ping throughput 10K:
8,000,000 ops
125,922,000 ns
63,531,392 ops/s
94.7 % of CPU usage

Overflow throughput:
100,000,000 ops
819,354,000 ns
122,047,369 ops/s
12.6 % of CPU usage
Tests run: 9, Failures: 0, Errors: 0, Skipped: 0, Time elapsed: 16.721 sec - in com.github.plokhotnyuk.actors.ScalazBoundedActor2Spec
Running com.github.plokhotnyuk.actors.ScalazUnboundedActor2Spec
Executor service type: scala-forkjoin-pool

Enqueueing:
40,000,000 ops
706,115,000 ns
56,647,996 ops/s
12.7 % of CPU usage
24 bytes per instance

Dequeueing:
40,000,000 ops
119,355,000 ns
335,134,682 ops/s
94.7 % of CPU usage

Initiation:
10,000,000 ops
167,655,000 ns
16 ns/op
30.8 % of CPU usage
48 bytes per instance

Single-producer sending:
16,000,000 ops
582,492,000 ns
27,468,188 ops/s
28.5 % of CPU usage

Multi-producer sending:
16,000,000 ops
1,627,220,000 ns
9,832,720 ops/s
99.3 % of CPU usage

Max throughput:
32,000,000 ops
124,389,000 ns
257,257,474 ops/s
96.1 % of CPU usage

Ping latency:
3,200,000 ops
544,214,000 ns
170 ns/op
96.4 % of CPU usage

Ping throughput 10K:
8,000,000 ops
120,776,000 ns
66,238,325 ops/s
94.6 % of CPU usage
Tests run: 8, Failures: 0, Errors: 0, Skipped: 0, Time elapsed: 14.964 sec - in com.github.plokhotnyuk.actors.ScalazUnboundedActor2Spec

Results :

Tests run: 91, Failures: 0, Errors: 0, Skipped: 0

[INFO] ------------------------------------------------------------------------
[INFO] BUILD SUCCESS
[INFO] ------------------------------------------------------------------------
[INFO] Total time: 03:19 min
[INFO] Finished at: 2014-12-28T13:26:10+02:00
[INFO] Final Memory: 12M/982M
[INFO] ------------------------------------------------------------------------
[INFO] Scanning for projects...
[INFO]                                                                         
[INFO] ------------------------------------------------------------------------
[INFO] Building Actors 1.0-SNAPSHOT
[INFO] ------------------------------------------------------------------------
[INFO] 
[INFO] --- maven-resources-plugin:2.6:resources (default-resources) @ actors ---
[INFO] Using 'UTF-8' encoding to copy filtered resources.
[INFO] skip non existing resourceDirectory /Users/sergey/workspace/test/actors/src/main/resources
[INFO] 
[INFO] --- maven-resources-plugin:2.6:testResources (default-testResources) @ actors ---
[INFO] Using 'UTF-8' encoding to copy filtered resources.
[INFO] skip non existing resourceDirectory /Users/sergey/workspace/test/actors/src/test/resources
[INFO] 
[INFO] --- scala-maven-plugin:3.1.6:testCompile (testCompile) @ actors ---
[WARNING]  Expected all dependencies to require Scala version: 2.11.4
[WARNING]  com.github.plokhotnyuk.actors:actors:1.0-SNAPSHOT requires scala version: 2.11.4
[WARNING]  com.typesafe.akka:akka-actor_2.11:2.3.8 requires scala version: 2.11.4
[WARNING]  net.liftweb:lift-actor_2.11:3.0-M2 requires scala version: 2.11.2
[WARNING] Multiple versions of scala libraries detected!
[INFO] Nothing to compile - all classes are up to date
[INFO] 
[INFO] --- maven-surefire-plugin:2.16:test (default-test) @ actors ---
[INFO] Surefire report directory: /Users/sergey/workspace/test/actors/target/surefire-reports

-------------------------------------------------------
 T E S T S
-------------------------------------------------------

-------------------------------------------------------
 T E S T S
-------------------------------------------------------
Running com.github.plokhotnyuk.actors.AkkaActorSpec
Executor service type: java-forkjoin-pool

Enqueueing:
10,000,000 ops
271,256,000 ns
36,865,543 ops/s
15.4 % of CPU usage
48 bytes per instance

Dequeueing:
10,000,000 ops
644,004,000 ns
15,527,853 ops/s
15.5 % of CPU usage

Initiation:
100,000 ops
630,878,000 ns
6,308 ns/op
42.9 % of CPU usage
428 bytes per instance

Single-producer sending:
6,000,000 ops
781,726,000 ns
7,675,323 ops/s
23.1 % of CPU usage

Multi-producer sending:
6,000,000 ops
1,021,805,000 ns
5,871,961 ops/s
75.8 % of CPU usage

Max throughput:
12,000,000 ops
272,595,000 ns
44,021,350 ops/s
92.5 % of CPU usage

Ping latency:
1,500,000 ops
2,029,402,000 ns
1,352 ns/op
42.4 % of CPU usage

Ping throughput 10K:
2,000,000 ops
310,310,000 ns
6,445,167 ops/s
99.4 % of CPU usage
Tests run: 8, Failures: 0, Errors: 0, Skipped: 0, Time elapsed: 15.655 sec - in com.github.plokhotnyuk.actors.AkkaActorSpec
Running com.github.plokhotnyuk.actors.AkkaBalanceableActorSpec
Executor service type: java-forkjoin-pool

Enqueueing:
10,000,000 ops
352,504,000 ns
28,368,472 ops/s
14.7 % of CPU usage
48 bytes per instance

Dequeueing:
10,000,000 ops
544,143,000 ns
18,377,522 ops/s
14.5 % of CPU usage

Initiation:
100,000 ops
620,856,000 ns
6,208 ns/op
40.1 % of CPU usage
428 bytes per instance

Single-producer sending:
6,000,000 ops
794,826,000 ns
7,548,822 ops/s
23.8 % of CPU usage

Multi-producer sending:
6,000,000 ops
1,215,575,000 ns
4,935,935 ops/s
74.8 % of CPU usage

Max throughput:
12,000,000 ops
249,688,000 ns
48,059,978 ops/s
92.6 % of CPU usage

Ping latency:
1,500,000 ops
1,977,387,000 ns
1,318 ns/op
43.0 % of CPU usage

Ping throughput 10K:
2,000,000 ops
232,343,000 ns
8,607,963 ops/s
98.5 % of CPU usage
Tests run: 8, Failures: 0, Errors: 0, Skipped: 0, Time elapsed: 15.67 sec - in com.github.plokhotnyuk.actors.AkkaBalanceableActorSpec
Running com.github.plokhotnyuk.actors.AkkaBoundedActorSpec
Executor service type: java-forkjoin-pool

Enqueueing:
10,000,000 ops
536,668,000 ns
18,633,494 ops/s
14.4 % of CPU usage
48 bytes per instance

Dequeueing:
10,000,000 ops
727,977,000 ns
13,736,697 ops/s
13.8 % of CPU usage

Initiation:
100,000 ops
658,460,000 ns
6,584 ns/op
40.8 % of CPU usage
608 bytes per instance

Single-producer sending:
6,000,000 ops
1,306,624,000 ns
4,591,986 ops/s
23.2 % of CPU usage

Multi-producer sending:
6,000,000 ops
1,507,565,000 ns
3,979,927 ops/s
36.2 % of CPU usage

Max throughput:
12,000,000 ops
424,991,000 ns
28,235,892 ops/s
92.9 % of CPU usage

Ping latency:
1,500,000 ops
2,118,231,000 ns
1,412 ns/op
41.0 % of CPU usage

Ping throughput 10K:
2,000,000 ops
270,221,000 ns
7,401,349 ops/s
99.5 % of CPU usage

Overflow throughput:
5,000,000 ops
468,703,000 ns
10,667,736 ops/s
15.5 % of CPU usage
Tests run: 9, Failures: 0, Errors: 0, Skipped: 0, Time elapsed: 19.233 sec - in com.github.plokhotnyuk.actors.AkkaBoundedActorSpec
Running com.github.plokhotnyuk.actors.AkkaNonBalanceableActorSpec
Executor service type: java-forkjoin-pool

Enqueueing:
10,000,000 ops
249,862,000 ns
40,022,092 ops/s
15.0 % of CPU usage
48 bytes per instance

Dequeueing:
10,000,000 ops
504,827,000 ns
19,808,766 ops/s
14.7 % of CPU usage

Initiation:
100,000 ops
640,857,000 ns
6,408 ns/op
40.9 % of CPU usage
428 bytes per instance

Single-producer sending:
6,000,000 ops
745,957,000 ns
8,043,359 ops/s
25.0 % of CPU usage

Multi-producer sending:
6,000,000 ops
1,202,466,000 ns
4,989,746 ops/s
76.8 % of CPU usage

Max throughput:
12,000,000 ops
227,584,000 ns
52,727,784 ops/s
93.0 % of CPU usage

Ping latency:
1,500,000 ops
1,953,580,000 ns
1,302 ns/op
43.5 % of CPU usage

Ping throughput 10K:
2,000,000 ops
231,880,000 ns
8,625,150 ops/s
99.0 % of CPU usage
Tests run: 8, Failures: 0, Errors: 0, Skipped: 0, Time elapsed: 15.163 sec - in com.github.plokhotnyuk.actors.AkkaNonBalanceableActorSpec
Running com.github.plokhotnyuk.actors.AkkaNonBlockingBoundedActorSpec
Executor service type: java-forkjoin-pool

Enqueueing:
10,000,000 ops
267,705,000 ns
37,354,550 ops/s
15.3 % of CPU usage
48 bytes per instance

Dequeueing:
10,000,000 ops
522,920,000 ns
19,123,384 ops/s
14.9 % of CPU usage

Initiation:
100,000 ops
615,242,000 ns
6,152 ns/op
39.5 % of CPU usage
424 bytes per instance

Single-producer sending:
6,000,000 ops
893,107,000 ns
6,718,120 ops/s
23.9 % of CPU usage

Multi-producer sending:
6,000,000 ops
1,439,430,000 ns
4,168,316 ops/s
84.6 % of CPU usage

Max throughput:
12,000,000 ops
244,073,000 ns
49,165,618 ops/s
91.8 % of CPU usage

Ping latency:
1,500,000 ops
2,019,792,000 ns
1,346 ns/op
42.6 % of CPU usage

Ping throughput 10K:
2,000,000 ops
267,807,000 ns
7,468,064 ops/s
98.7 % of CPU usage

Overflow throughput:
5,000,000 ops
407,768,000 ns
12,261,874 ops/s
14.7 % of CPU usage
Tests run: 9, Failures: 0, Errors: 0, Skipped: 0, Time elapsed: 16.658 sec - in com.github.plokhotnyuk.actors.AkkaNonBlockingBoundedActorSpec
Running com.github.plokhotnyuk.actors.LiftActorSpec
Executor service type: java-forkjoin-pool

Enqueueing:
10,000,000 ops
357,631,000 ns
27,961,781 ops/s
13.1 % of CPU usage
24 bytes per instance

Dequeueing:
10,000,000 ops
370,647,000 ns
26,979,848 ops/s
14.7 % of CPU usage

Initiation:
10,000,000 ops
618,816,000 ns
61 ns/op
18.5 % of CPU usage
72 bytes per instance

Single-producer sending:
6,000,000 ops
692,391,000 ns
8,665,623 ops/s
27.2 % of CPU usage

Multi-producer sending:
6,000,000 ops
740,512,000 ns
8,102,502 ops/s
34.6 % of CPU usage

Max throughput:
12,000,000 ops
273,144,000 ns
43,932,870 ops/s
94.4 % of CPU usage

Ping latency:
1,500,000 ops
2,198,710,000 ns
1,465 ns/op
39.4 % of CPU usage

Ping throughput 10K:
2,000,000 ops
417,324,000 ns
4,792,439 ops/s
65.0 % of CPU usage
Tests run: 8, Failures: 0, Errors: 0, Skipped: 0, Time elapsed: 14.893 sec - in com.github.plokhotnyuk.actors.LiftActorSpec
Running com.github.plokhotnyuk.actors.MinimalistActorSpec
Executor service type: java-forkjoin-pool

Enqueueing:
10,000,000 ops
287,402,000 ns
34,794,469 ops/s
13.6 % of CPU usage
24 bytes per instance

Dequeueing:
2,000,000 ops
487,106,000 ns
4,105,882 ops/s
74.2 % of CPU usage

Initiation:
2,000,000 ops
1,553,628,000 ns
776 ns/op
51.6 % of CPU usage
152 bytes per instance

Single-producer sending:
3,000,000 ops
1,184,331,000 ns
2,533,075 ops/s
74.5 % of CPU usage

Multi-producer sending:
3,000,000 ops
1,285,546,000 ns
2,333,638 ops/s
80.4 % of CPU usage

Max throughput:
6,000,000 ops
172,306,000 ns
34,821,770 ops/s
94.7 % of CPU usage

Ping latency:
2,000,000 ops
3,538,452,000 ns
1,769 ns/op
49.6 % of CPU usage

Ping throughput 10K:
4,000,000 ops
164,431,000 ns
24,326,313 ops/s
97.4 % of CPU usage
Tests run: 8, Failures: 0, Errors: 0, Skipped: 0, Time elapsed: 16.767 sec - in com.github.plokhotnyuk.actors.MinimalistActorSpec
Running com.github.plokhotnyuk.actors.ScalaActorSpec
Executor service type: java-forkjoin-pool

Enqueueing:
40,000,000 ops
1,275,309,000 ns
31,364,947 ops/s
12.8 % of CPU usage
24 bytes per instance

Dequeueing:
600,000 ops
1,674,402,000 ns
358,336 ops/s
70.0 % of CPU usage

Initiation:
600,000 ops
1,342,171,000 ns
2,236 ns/op
54.0 % of CPU usage
224 bytes per instance

Single-producer sending:
300,000 ops
1,215,465,000 ns
246,819 ops/s
65.2 % of CPU usage

Multi-producer sending:
300,000 ops
1,231,425,000 ns
243,620 ops/s
64.1 % of CPU usage

Max throughput:
600,000 ops
302,088,000 ns
1,986,176 ops/s
95.3 % of CPU usage

Ping latency:
250,000 ops
1,141,568,000 ns
4,566 ns/op
60.3 % of CPU usage

Ping throughput 10K:
400,000 ops
261,385,000 ns
1,530,309 ops/s
97.1 % of CPU usage
Tests run: 8, Failures: 0, Errors: 0, Skipped: 0, Time elapsed: 17.955 sec - in com.github.plokhotnyuk.actors.ScalaActorSpec
Running com.github.plokhotnyuk.actors.ScalazActorSpec
Executor service type: java-forkjoin-pool

Enqueueing:
40,000,000 ops
693,565,000 ns
57,673,037 ops/s
12.7 % of CPU usage
24 bytes per instance

Dequeueing:
40,000,000 ops
224,485,000 ns
178,185,624 ops/s
20.7 % of CPU usage

Initiation:
10,000,000 ops
276,382,000 ns
27 ns/op
26.1 % of CPU usage
104 bytes per instance

Single-producer sending:
16,000,000 ops
665,120,000 ns
24,055,809 ops/s
25.8 % of CPU usage

Multi-producer sending:
16,000,000 ops
2,397,582,000 ns
6,673,390 ops/s
99.4 % of CPU usage

Max throughput:
32,000,000 ops
164,175,000 ns
194,913,963 ops/s
89.9 % of CPU usage

Ping latency:
3,200,000 ops
2,448,858,000 ns
765 ns/op
57.3 % of CPU usage

Ping throughput 10K:
8,000,000 ops
444,575,000 ns
17,994,714 ops/s
98.2 % of CPU usage
Tests run: 8, Failures: 0, Errors: 0, Skipped: 0, Time elapsed: 21.947 sec - in com.github.plokhotnyuk.actors.ScalazActorSpec
Running com.github.plokhotnyuk.actors.ScalazBoundedActor2Spec
Executor service type: java-forkjoin-pool

Enqueueing:
40,000,000 ops
754,166,000 ns
53,038,720 ops/s
12.8 % of CPU usage
24 bytes per instance

Dequeueing:
40,000,000 ops
242,909,000 ns
164,670,720 ops/s
20.2 % of CPU usage

Initiation:
10,000,000 ops
196,322,000 ns
19 ns/op
28.6 % of CPU usage
56 bytes per instance

Single-producer sending:
16,000,000 ops
571,850,000 ns
27,979,365 ops/s
36.5 % of CPU usage

Multi-producer sending:
16,000,000 ops
2,215,233,000 ns
7,222,716 ops/s
99.3 % of CPU usage

Max throughput:
32,000,000 ops
201,589,000 ns
158,738,820 ops/s
97.6 % of CPU usage

Ping latency:
3,200,000 ops
2,542,944,000 ns
794 ns/op
57.5 % of CPU usage

Ping throughput 10K:
8,000,000 ops
417,369,000 ns
19,167,690 ops/s
97.7 % of CPU usage

Overflow throughput:
100,000,000 ops
788,725,000 ns
126,786,902 ops/s
12.6 % of CPU usage
Tests run: 9, Failures: 0, Errors: 0, Skipped: 0, Time elapsed: 19.83 sec - in com.github.plokhotnyuk.actors.ScalazBoundedActor2Spec
Running com.github.plokhotnyuk.actors.ScalazUnboundedActor2Spec
Executor service type: java-forkjoin-pool

Enqueueing:
40,000,000 ops
704,702,000 ns
56,761,581 ops/s
12.7 % of CPU usage
24 bytes per instance

Dequeueing:
40,000,000 ops
238,826,000 ns
167,485,952 ops/s
21.0 % of CPU usage

Initiation:
10,000,000 ops
168,369,000 ns
16 ns/op
30.9 % of CPU usage
48 bytes per instance

Single-producer sending:
16,000,000 ops
574,338,000 ns
27,858,160 ops/s
26.4 % of CPU usage

Multi-producer sending:
16,000,000 ops
1,776,972,000 ns
9,004,081 ops/s
99.4 % of CPU usage

Max throughput:
32,000,000 ops
117,239,000 ns
272,946,715 ops/s
98.5 % of CPU usage

Ping latency:
3,200,000 ops
2,309,244,000 ns
721 ns/op
57.1 % of CPU usage

Ping throughput 10K:
8,000,000 ops
406,641,000 ns
19,673,372 ops/s
97.4 % of CPU usage
Tests run: 8, Failures: 0, Errors: 0, Skipped: 0, Time elapsed: 17.276 sec - in com.github.plokhotnyuk.actors.ScalazUnboundedActor2Spec

Results :

Tests run: 91, Failures: 0, Errors: 0, Skipped: 0

[INFO] ------------------------------------------------------------------------
[INFO] BUILD SUCCESS
[INFO] ------------------------------------------------------------------------
[INFO] Total time: 03:37 min
[INFO] Finished at: 2014-12-28T13:29:49+02:00
[INFO] Final Memory: 12M/982M
[INFO] ------------------------------------------------------------------------
[INFO] Scanning for projects...
[INFO]                                                                         
[INFO] ------------------------------------------------------------------------
[INFO] Building Actors 1.0-SNAPSHOT
[INFO] ------------------------------------------------------------------------
[INFO] 
[INFO] --- maven-resources-plugin:2.6:resources (default-resources) @ actors ---
[INFO] Using 'UTF-8' encoding to copy filtered resources.
[INFO] skip non existing resourceDirectory /Users/sergey/workspace/test/actors/src/main/resources
[INFO] 
[INFO] --- maven-resources-plugin:2.6:testResources (default-testResources) @ actors ---
[INFO] Using 'UTF-8' encoding to copy filtered resources.
[INFO] skip non existing resourceDirectory /Users/sergey/workspace/test/actors/src/test/resources
[INFO] 
[INFO] --- scala-maven-plugin:3.1.6:testCompile (testCompile) @ actors ---
[WARNING]  Expected all dependencies to require Scala version: 2.11.4
[WARNING]  com.github.plokhotnyuk.actors:actors:1.0-SNAPSHOT requires scala version: 2.11.4
[WARNING]  com.typesafe.akka:akka-actor_2.11:2.3.8 requires scala version: 2.11.4
[WARNING]  net.liftweb:lift-actor_2.11:3.0-M2 requires scala version: 2.11.2
[WARNING] Multiple versions of scala libraries detected!
[INFO] Nothing to compile - all classes are up to date
[INFO] 
[INFO] --- maven-surefire-plugin:2.16:test (default-test) @ actors ---
[INFO] Surefire report directory: /Users/sergey/workspace/test/actors/target/surefire-reports

-------------------------------------------------------
 T E S T S
-------------------------------------------------------

-------------------------------------------------------
 T E S T S
-------------------------------------------------------
Running com.github.plokhotnyuk.actors.AkkaActorSpec
Executor service type: abq-thread-pool

Enqueueing:
10,000,000 ops
333,278,000 ns
30,004,980 ops/s
14.9 % of CPU usage
48 bytes per instance

Dequeueing:
10,000,000 ops
655,066,000 ns
15,265,637 ops/s
14.9 % of CPU usage

Initiation:
100,000 ops
632,623,000 ns
6,326 ns/op
46.2 % of CPU usage
424 bytes per instance

Single-producer sending:
6,000,000 ops
824,073,000 ns
7,280,908 ops/s
23.3 % of CPU usage

Multi-producer sending:
6,000,000 ops
1,085,546,000 ns
5,527,172 ops/s
75.8 % of CPU usage

Max throughput:
12,000,000 ops
280,335,000 ns
42,805,928 ops/s
96.6 % of CPU usage

Ping latency:
1,500,000 ops
2,749,861,000 ns
1,833 ns/op
16.4 % of CPU usage

Ping throughput 10K:
2,000,000 ops
1,431,763,000 ns
1,396,879 ops/s
37.5 % of CPU usage
Tests run: 8, Failures: 0, Errors: 0, Skipped: 0, Time elapsed: 17.854 sec - in com.github.plokhotnyuk.actors.AkkaActorSpec
Running com.github.plokhotnyuk.actors.AkkaBalanceableActorSpec
Executor service type: abq-thread-pool

Enqueueing:
10,000,000 ops
253,639,000 ns
39,426,113 ops/s
15.0 % of CPU usage
48 bytes per instance

Dequeueing:
10,000,000 ops
546,524,000 ns
18,297,458 ops/s
14.5 % of CPU usage

Initiation:
100,000 ops
645,777,000 ns
6,457 ns/op
44.8 % of CPU usage
424 bytes per instance

Single-producer sending:
6,000,000 ops
803,458,000 ns
7,467,720 ops/s
22.7 % of CPU usage

Multi-producer sending:
6,000,000 ops
1,164,879,000 ns
5,150,749 ops/s
74.3 % of CPU usage

Max throughput:
12,000,000 ops
228,873,000 ns
52,430,824 ops/s
96.1 % of CPU usage

Ping latency:
1,500,000 ops
2,591,217,000 ns
1,727 ns/op
17.1 % of CPU usage

Ping throughput 10K:
2,000,000 ops
1,379,673,000 ns
1,449,618 ops/s
37.3 % of CPU usage
Tests run: 8, Failures: 0, Errors: 0, Skipped: 0, Time elapsed: 17.545 sec - in com.github.plokhotnyuk.actors.AkkaBalanceableActorSpec
Running com.github.plokhotnyuk.actors.AkkaBoundedActorSpec
Executor service type: abq-thread-pool

Enqueueing:
10,000,000 ops
519,291,000 ns
19,257,025 ops/s
14.9 % of CPU usage
48 bytes per instance

Dequeueing:
10,000,000 ops
744,632,000 ns
13,429,452 ops/s
13.7 % of CPU usage

Initiation:
100,000 ops
638,383,000 ns
6,383 ns/op
44.6 % of CPU usage
608 bytes per instance

Single-producer sending:
6,000,000 ops
1,563,399,000 ns
3,837,791 ops/s
24.4 % of CPU usage

Multi-producer sending:
6,000,000 ops
1,653,819,000 ns
3,627,966 ops/s
36.1 % of CPU usage

Max throughput:
12,000,000 ops
365,958,000 ns
32,790,648 ops/s
95.5 % of CPU usage

Ping latency:
1,500,000 ops
4,347,930,000 ns
2,898 ns/op
15.9 % of CPU usage

Ping throughput 10K:
2,000,000 ops
1,423,057,000 ns
1,405,425 ops/s
39.0 % of CPU usage

Overflow throughput:
5,000,000 ops
436,756,000 ns
11,448,039 ops/s
14.6 % of CPU usage
Tests run: 9, Failures: 0, Errors: 0, Skipped: 0, Time elapsed: 23.231 sec - in com.github.plokhotnyuk.actors.AkkaBoundedActorSpec
Running com.github.plokhotnyuk.actors.AkkaNonBalanceableActorSpec
Executor service type: abq-thread-pool

Enqueueing:
10,000,000 ops
352,660,000 ns
28,355,923 ops/s
14.6 % of CPU usage
48 bytes per instance

Dequeueing:
10,000,000 ops
522,280,000 ns
19,146,817 ops/s
14.5 % of CPU usage

Initiation:
100,000 ops
685,083,000 ns
6,850 ns/op
47.2 % of CPU usage
424 bytes per instance

Single-producer sending:
6,000,000 ops
775,060,000 ns
7,741,336 ops/s
23.6 % of CPU usage

Multi-producer sending:
6,000,000 ops
1,154,485,000 ns
5,197,122 ops/s
74.3 % of CPU usage

Max throughput:
12,000,000 ops
217,942,000 ns
55,060,520 ops/s
94.1 % of CPU usage

Ping latency:
1,500,000 ops
2,633,462,000 ns
1,755 ns/op
16.7 % of CPU usage

Ping throughput 10K:
2,000,000 ops
1,371,506,000 ns
1,458,251 ops/s
36.4 % of CPU usage
Tests run: 8, Failures: 0, Errors: 0, Skipped: 0, Time elapsed: 17.585 sec - in com.github.plokhotnyuk.actors.AkkaNonBalanceableActorSpec
Running com.github.plokhotnyuk.actors.AkkaNonBlockingBoundedActorSpec
Executor service type: abq-thread-pool

Enqueueing:
10,000,000 ops
273,961,000 ns
36,501,545 ops/s
15.2 % of CPU usage
48 bytes per instance

Dequeueing:
10,000,000 ops
551,002,000 ns
18,148,754 ops/s
14.4 % of CPU usage

Initiation:
100,000 ops
642,445,000 ns
6,424 ns/op
44.2 % of CPU usage
424 bytes per instance

Single-producer sending:
6,000,000 ops
913,296,000 ns
6,569,611 ops/s
23.2 % of CPU usage

Multi-producer sending:
6,000,000 ops
1,460,736,000 ns
4,107,518 ops/s
81.5 % of CPU usage

Max throughput:
12,000,000 ops
249,625,000 ns
48,072,108 ops/s
96.9 % of CPU usage

Ping latency:
1,500,000 ops
2,759,136,000 ns
1,839 ns/op
16.3 % of CPU usage

Ping throughput 10K:
2,000,000 ops
1,387,362,000 ns
1,441,584 ops/s
38.0 % of CPU usage

Overflow throughput:
5,000,000 ops
444,263,000 ns
11,254,594 ops/s
14.7 % of CPU usage
Tests run: 9, Failures: 0, Errors: 0, Skipped: 0, Time elapsed: 19.013 sec - in com.github.plokhotnyuk.actors.AkkaNonBlockingBoundedActorSpec
Running com.github.plokhotnyuk.actors.LiftActorSpec
Executor service type: abq-thread-pool

Enqueueing:
10,000,000 ops
367,615,000 ns
27,202,372 ops/s
13.1 % of CPU usage
24 bytes per instance

Dequeueing:
10,000,000 ops
366,952,000 ns
27,251,520 ops/s
14.7 % of CPU usage

Initiation:
10,000,000 ops
604,268,000 ns
60 ns/op
19.3 % of CPU usage
72 bytes per instance

Single-producer sending:
6,000,000 ops
731,157,000 ns
8,206,171 ops/s
26.5 % of CPU usage

Multi-producer sending:
6,000,000 ops
733,615,000 ns
8,178,676 ops/s
35.9 % of CPU usage

Max throughput:
12,000,000 ops
268,069,000 ns
44,764,594 ops/s
95.3 % of CPU usage

Ping latency:
1,500,000 ops
3,970,154,000 ns
2,646 ns/op
17.9 % of CPU usage

Ping throughput 10K:
2,000,000 ops
1,583,063,000 ns
1,263,373 ops/s
37.1 % of CPU usage
Tests run: 8, Failures: 0, Errors: 0, Skipped: 0, Time elapsed: 17.933 sec - in com.github.plokhotnyuk.actors.LiftActorSpec
Running com.github.plokhotnyuk.actors.MinimalistActorSpec
Executor service type: abq-thread-pool

Enqueueing:
10,000,000 ops
280,370,000 ns
35,667,154 ops/s
13.6 % of CPU usage
24 bytes per instance

Dequeueing:
2,000,000 ops
1,760,229,000 ns
1,136,215 ops/s
16.7 % of CPU usage

Initiation:
2,000,000 ops
2,976,841,000 ns
1,488 ns/op
17.2 % of CPU usage
152 bytes per instance

Single-producer sending:
3,000,000 ops
2,797,482,000 ns
1,072,392 ops/s
17.4 % of CPU usage

Multi-producer sending:
3,000,000 ops
3,309,446,000 ns
906,496 ops/s
25.6 % of CPU usage

Max throughput:
6,000,000 ops
1,712,749,000 ns
3,503,140 ops/s
25.1 % of CPU usage

Ping latency:
2,000,000 ops
2,285,761,000 ns
1,142 ns/op
16.8 % of CPU usage

Ping throughput 10K:
4,000,000 ops
1,886,741,000 ns
2,120,057 ops/s
26.0 % of CPU usage
Tests run: 8, Failures: 0, Errors: 0, Skipped: 0, Time elapsed: 31.365 sec - in com.github.plokhotnyuk.actors.MinimalistActorSpec
Running com.github.plokhotnyuk.actors.ScalaActorSpec
Executor service type: abq-thread-pool

Enqueueing:
40,000,000 ops
1,282,248,000 ns
31,195,213 ops/s
12.8 % of CPU usage
24 bytes per instance

Dequeueing:
600,000 ops
2,982,807,000 ns
201,152 ops/s
21.2 % of CPU usage

Initiation:
600,000 ops
1,309,615,000 ns
2,182 ns/op
26.4 % of CPU usage
224 bytes per instance

Single-producer sending:
300,000 ops
1,526,804,000 ns
196,488 ops/s
22.7 % of CPU usage

Multi-producer sending:
300,000 ops
1,575,828,000 ns
190,376 ops/s
21.8 % of CPU usage

Max throughput:
600,000 ops
1,028,734,000 ns
583,241 ops/s
32.9 % of CPU usage

Ping latency:
250,000 ops
1,354,546,000 ns
5,418 ns/op
26.1 % of CPU usage

Ping throughput 10K:
400,000 ops
760,124,000 ns
526,229 ops/s
41.0 % of CPU usage
Tests run: 8, Failures: 0, Errors: 0, Skipped: 0, Time elapsed: 21.294 sec - in com.github.plokhotnyuk.actors.ScalaActorSpec
Running com.github.plokhotnyuk.actors.ScalazActorSpec
Executor service type: abq-thread-pool

Enqueueing:
40,000,000 ops
691,336,000 ns
57,858,986 ops/s
12.7 % of CPU usage
24 bytes per instance

Dequeueing:
40,000,000 ops
220,376,000 ns
181,507,968 ops/s
21.1 % of CPU usage

Initiation:
10,000,000 ops
274,835,000 ns
27 ns/op
25.6 % of CPU usage
104 bytes per instance

Single-producer sending:
16,000,000 ops
646,940,000 ns
24,731,814 ops/s
25.7 % of CPU usage

Multi-producer sending:
16,000,000 ops
2,284,798,000 ns
7,002,807 ops/s
96.8 % of CPU usage

Max throughput:
32,000,000 ops
133,634,000 ns
239,460,017 ops/s
95.5 % of CPU usage

Ping latency:
3,200,000 ops
3,770,900,000 ns
1,178 ns/op
16.8 % of CPU usage

Ping throughput 10K:
8,000,000 ops
3,761,736,000 ns
2,126,677 ops/s
25.6 % of CPU usage
Tests run: 8, Failures: 0, Errors: 0, Skipped: 0, Time elapsed: 26.678 sec - in com.github.plokhotnyuk.actors.ScalazActorSpec
Running com.github.plokhotnyuk.actors.ScalazBoundedActor2Spec
Executor service type: abq-thread-pool

Enqueueing:
40,000,000 ops
748,213,000 ns
53,460,712 ops/s
12.8 % of CPU usage
24 bytes per instance

Dequeueing:
40,000,000 ops
203,676,000 ns
196,390,345 ops/s
22.7 % of CPU usage

Initiation:
10,000,000 ops
197,836,000 ns
19 ns/op
28.4 % of CPU usage
56 bytes per instance

Single-producer sending:
16,000,000 ops
417,336,000 ns
38,338,413 ops/s
31.5 % of CPU usage

Multi-producer sending:
16,000,000 ops
2,457,529,000 ns
6,510,604 ops/s
99.5 % of CPU usage

Max throughput:
32,000,000 ops
215,706,000 ns
148,350,069 ops/s
81.3 % of CPU usage

Ping latency:
3,200,000 ops
2,179,174,000 ns
680 ns/op
18.3 % of CPU usage

Ping throughput 10K:
8,000,000 ops
3,040,503,000 ns
2,631,143 ops/s
24.7 % of CPU usage

Overflow throughput:
100,000,000 ops
812,961,000 ns
123,007,130 ops/s
12.6 % of CPU usage
Tests run: 9, Failures: 0, Errors: 0, Skipped: 0, Time elapsed: 22.713 sec - in com.github.plokhotnyuk.actors.ScalazBoundedActor2Spec
Running com.github.plokhotnyuk.actors.ScalazUnboundedActor2Spec
Executor service type: abq-thread-pool

Enqueueing:
40,000,000 ops
705,589,000 ns
56,690,226 ops/s
12.7 % of CPU usage
24 bytes per instance

Dequeueing:
40,000,000 ops
187,671,000 ns
213,138,950 ops/s
23.2 % of CPU usage

Initiation:
10,000,000 ops
168,451,000 ns
16 ns/op
30.8 % of CPU usage
48 bytes per instance

Single-producer sending:
16,000,000 ops
519,029,000 ns
30,826,793 ops/s
26.0 % of CPU usage

Multi-producer sending:
16,000,000 ops
2,217,474,000 ns
7,215,417 ops/s
98.9 % of CPU usage

Max throughput:
32,000,000 ops
146,889,000 ns
217,851,574 ops/s
95.2 % of CPU usage

Ping latency:
3,200,000 ops
2,027,774,000 ns
633 ns/op
18.5 % of CPU usage

Ping throughput 10K:
8,000,000 ops
3,063,317,000 ns
2,611,548 ops/s
25.1 % of CPU usage
Tests run: 8, Failures: 0, Errors: 0, Skipped: 0, Time elapsed: 20.56 sec - in com.github.plokhotnyuk.actors.ScalazUnboundedActor2Spec

Results :

Tests run: 91, Failures: 0, Errors: 0, Skipped: 0

[INFO] ------------------------------------------------------------------------
[INFO] BUILD SUCCESS
[INFO] ------------------------------------------------------------------------
[INFO] Total time: 04:20 min
[INFO] Finished at: 2014-12-28T13:34:10+02:00
[INFO] Final Memory: 12M/982M
[INFO] ------------------------------------------------------------------------
[INFO] Scanning for projects...
[INFO]                                                                         
[INFO] ------------------------------------------------------------------------
[INFO] Building Actors 1.0-SNAPSHOT
[INFO] ------------------------------------------------------------------------
[INFO] 
[INFO] --- maven-resources-plugin:2.6:resources (default-resources) @ actors ---
[INFO] Using 'UTF-8' encoding to copy filtered resources.
[INFO] skip non existing resourceDirectory /Users/sergey/workspace/test/actors/src/main/resources
[INFO] 
[INFO] --- maven-resources-plugin:2.6:testResources (default-testResources) @ actors ---
[INFO] Using 'UTF-8' encoding to copy filtered resources.
[INFO] skip non existing resourceDirectory /Users/sergey/workspace/test/actors/src/test/resources
[INFO] 
[INFO] --- scala-maven-plugin:3.1.6:testCompile (testCompile) @ actors ---
[WARNING]  Expected all dependencies to require Scala version: 2.11.4
[WARNING]  com.github.plokhotnyuk.actors:actors:1.0-SNAPSHOT requires scala version: 2.11.4
[WARNING]  com.typesafe.akka:akka-actor_2.11:2.3.8 requires scala version: 2.11.4
[WARNING]  net.liftweb:lift-actor_2.11:3.0-M2 requires scala version: 2.11.2
[WARNING] Multiple versions of scala libraries detected!
[INFO] Nothing to compile - all classes are up to date
[INFO] 
[INFO] --- maven-surefire-plugin:2.16:test (default-test) @ actors ---
[INFO] Surefire report directory: /Users/sergey/workspace/test/actors/target/surefire-reports

-------------------------------------------------------
 T E S T S
-------------------------------------------------------

-------------------------------------------------------
 T E S T S
-------------------------------------------------------
Running com.github.plokhotnyuk.actors.AkkaActorSpec
Executor service type: lbq-thread-pool

Enqueueing:
10,000,000 ops
282,339,000 ns
35,418,415 ops/s
15.2 % of CPU usage
48 bytes per instance

Dequeueing:
10,000,000 ops
698,893,000 ns
14,308,341 ops/s
15.4 % of CPU usage

Initiation:
100,000 ops
619,976,000 ns
6,199 ns/op
44.8 % of CPU usage
424 bytes per instance

Single-producer sending:
6,000,000 ops
798,060,000 ns
7,518,231 ops/s
22.8 % of CPU usage

Multi-producer sending:
6,000,000 ops
1,014,190,000 ns
5,916,051 ops/s
75.4 % of CPU usage

Max throughput:
12,000,000 ops
284,233,000 ns
42,218,883 ops/s
96.3 % of CPU usage

Ping latency:
1,500,000 ops
3,178,708,000 ns
2,119 ns/op
16.5 % of CPU usage

Ping throughput 10K:
2,000,000 ops
1,195,922,000 ns
1,672,349 ops/s
50.1 % of CPU usage
Tests run: 8, Failures: 0, Errors: 0, Skipped: 0, Time elapsed: 18.019 sec - in com.github.plokhotnyuk.actors.AkkaActorSpec
Running com.github.plokhotnyuk.actors.AkkaBalanceableActorSpec
Executor service type: lbq-thread-pool

Enqueueing:
10,000,000 ops
254,201,000 ns
39,338,948 ops/s
15.0 % of CPU usage
48 bytes per instance

Dequeueing:
10,000,000 ops
548,353,000 ns
18,236,427 ops/s
14.4 % of CPU usage

Initiation:
100,000 ops
636,145,000 ns
6,361 ns/op
45.3 % of CPU usage
424 bytes per instance

Single-producer sending:
6,000,000 ops
804,324,000 ns
7,459,680 ops/s
23.2 % of CPU usage

Multi-producer sending:
6,000,000 ops
1,220,535,000 ns
4,915,877 ops/s
74.3 % of CPU usage

Max throughput:
12,000,000 ops
251,199,000 ns
47,770,890 ops/s
96.7 % of CPU usage

Ping latency:
1,500,000 ops
3,607,550,000 ns
2,405 ns/op
16.0 % of CPU usage

Ping throughput 10K:
2,000,000 ops
1,188,675,000 ns
1,682,545 ops/s
50.1 % of CPU usage
Tests run: 8, Failures: 0, Errors: 0, Skipped: 0, Time elapsed: 18.303 sec - in com.github.plokhotnyuk.actors.AkkaBalanceableActorSpec
Running com.github.plokhotnyuk.actors.AkkaBoundedActorSpec
Executor service type: lbq-thread-pool

Enqueueing:
10,000,000 ops
692,817,000 ns
14,433,825 ops/s
14.3 % of CPU usage
48 bytes per instance

Dequeueing:
10,000,000 ops
748,236,000 ns
13,364,767 ops/s
13.7 % of CPU usage

Initiation:
100,000 ops
620,858,000 ns
6,208 ns/op
44.3 % of CPU usage
608 bytes per instance

Single-producer sending:
6,000,000 ops
1,530,872,000 ns
3,919,334 ops/s
24.7 % of CPU usage

Multi-producer sending:
6,000,000 ops
1,964,765,000 ns
3,053,800 ops/s
33.7 % of CPU usage

Max throughput:
12,000,000 ops
436,802,000 ns
27,472,401 ops/s
96.7 % of CPU usage

Ping latency:
1,500,000 ops
3,675,955,000 ns
2,450 ns/op
16.7 % of CPU usage

Ping throughput 10K:
2,000,000 ops
1,267,052,000 ns
1,578,467 ops/s
49.1 % of CPU usage

Overflow throughput:
5,000,000 ops
506,257,000 ns
9,876,406 ops/s
14.4 % of CPU usage
Tests run: 9, Failures: 0, Errors: 0, Skipped: 0, Time elapsed: 23.083 sec - in com.github.plokhotnyuk.actors.AkkaBoundedActorSpec
Running com.github.plokhotnyuk.actors.AkkaNonBalanceableActorSpec
Executor service type: lbq-thread-pool

Enqueueing:
10,000,000 ops
250,743,000 ns
39,881,472 ops/s
15.1 % of CPU usage
48 bytes per instance

Dequeueing:
10,000,000 ops
527,947,000 ns
18,941,295 ops/s
16.1 % of CPU usage

Initiation:
100,000 ops
659,490,000 ns
6,594 ns/op
47.8 % of CPU usage
424 bytes per instance

Single-producer sending:
6,000,000 ops
769,694,000 ns
7,795,305 ops/s
23.3 % of CPU usage

Multi-producer sending:
6,000,000 ops
1,247,548,000 ns
4,809,434 ops/s
76.5 % of CPU usage

Max throughput:
12,000,000 ops
228,657,000 ns
52,480,352 ops/s
95.4 % of CPU usage

Ping latency:
1,500,000 ops
3,738,351,000 ns
2,492 ns/op
16.2 % of CPU usage

Ping throughput 10K:
2,000,000 ops
1,168,684,000 ns
1,711,326 ops/s
49.1 % of CPU usage
Tests run: 8, Failures: 0, Errors: 0, Skipped: 0, Time elapsed: 18.285 sec - in com.github.plokhotnyuk.actors.AkkaNonBalanceableActorSpec
Running com.github.plokhotnyuk.actors.AkkaNonBlockingBoundedActorSpec
Executor service type: lbq-thread-pool

Enqueueing:
10,000,000 ops
267,788,000 ns
37,342,972 ops/s
14.7 % of CPU usage
48 bytes per instance

Dequeueing:
10,000,000 ops
546,785,000 ns
18,288,724 ops/s
14.4 % of CPU usage

Initiation:
100,000 ops
645,543,000 ns
6,455 ns/op
44.9 % of CPU usage
424 bytes per instance

Single-producer sending:
6,000,000 ops
886,245,000 ns
6,770,136 ops/s
23.7 % of CPU usage

Multi-producer sending:
6,000,000 ops
1,507,414,000 ns
3,980,326 ops/s
81.6 % of CPU usage

Max throughput:
12,000,000 ops
249,005,000 ns
48,191,803 ops/s
95.5 % of CPU usage

Ping latency:
1,500,000 ops
3,137,452,000 ns
2,091 ns/op
16.5 % of CPU usage

Ping throughput 10K:
2,000,000 ops
1,197,321,000 ns
1,670,395 ops/s
47.5 % of CPU usage

Overflow throughput:
5,000,000 ops
399,302,000 ns
12,521,850 ops/s
14.8 % of CPU usage
Tests run: 9, Failures: 0, Errors: 0, Skipped: 0, Time elapsed: 19.011 sec - in com.github.plokhotnyuk.actors.AkkaNonBlockingBoundedActorSpec
Running com.github.plokhotnyuk.actors.LiftActorSpec
Executor service type: lbq-thread-pool

Enqueueing:
10,000,000 ops
359,519,000 ns
27,814,941 ops/s
13.2 % of CPU usage
24 bytes per instance

Dequeueing:
10,000,000 ops
366,355,000 ns
27,295,928 ops/s
14.7 % of CPU usage

Initiation:
10,000,000 ops
619,898,000 ns
61 ns/op
18.6 % of CPU usage
72 bytes per instance

Single-producer sending:
6,000,000 ops
732,874,000 ns
8,186,946 ops/s
27.0 % of CPU usage

Multi-producer sending:
6,000,000 ops
834,870,000 ns
7,186,747 ops/s
37.4 % of CPU usage

Max throughput:
12,000,000 ops
267,233,000 ns
44,904,633 ops/s
91.1 % of CPU usage

Ping latency:
1,500,000 ops
3,020,215,000 ns
2,013 ns/op
18.9 % of CPU usage

Ping throughput 10K:
2,000,000 ops
926,994,000 ns
2,157,511 ops/s
44.1 % of CPU usage
Tests run: 8, Failures: 0, Errors: 0, Skipped: 0, Time elapsed: 16.394 sec - in com.github.plokhotnyuk.actors.LiftActorSpec
Running com.github.plokhotnyuk.actors.MinimalistActorSpec
Executor service type: lbq-thread-pool

Enqueueing:
10,000,000 ops
283,815,000 ns
35,234,219 ops/s
13.6 % of CPU usage
24 bytes per instance

Dequeueing:
2,000,000 ops
705,303,000 ns
2,835,660 ops/s
24.3 % of CPU usage

Initiation:
2,000,000 ops
397,773,000 ns
198 ns/op
39.9 % of CPU usage
152 bytes per instance

Single-producer sending:
3,000,000 ops
1,113,747,000 ns
2,693,609 ops/s
24.8 % of CPU usage

Multi-producer sending:
3,000,000 ops
1,367,332,000 ns
2,194,053 ops/s
33.9 % of CPU usage

Max throughput:
6,000,000 ops
2,064,062,000 ns
2,906,889 ops/s
31.5 % of CPU usage

Ping latency:
2,000,000 ops
4,158,757,000 ns
2,079 ns/op
15.9 % of CPU usage

Ping throughput 10K:
4,000,000 ops
1,842,696,000 ns
2,170,732 ops/s
37.3 % of CPU usage
Tests run: 8, Failures: 0, Errors: 0, Skipped: 0, Time elapsed: 23.292 sec - in com.github.plokhotnyuk.actors.MinimalistActorSpec
Running com.github.plokhotnyuk.actors.ScalaActorSpec
Executor service type: lbq-thread-pool

Enqueueing:
40,000,000 ops
1,453,421,000 ns
27,521,275 ops/s
12.8 % of CPU usage
24 bytes per instance

Dequeueing:
600,000 ops
1,442,672,000 ns
415,894 ops/s
30.6 % of CPU usage

Initiation:
600,000 ops
399,499,000 ns
665 ns/op
60.0 % of CPU usage
240 bytes per instance

Single-producer sending:
300,000 ops
1,000,820,000 ns
299,754 ops/s
29.8 % of CPU usage

Multi-producer sending:
300,000 ops
955,762,000 ns
313,885 ops/s
27.9 % of CPU usage

Max throughput:
600,000 ops
893,612,000 ns
671,432 ops/s
44.5 % of CPU usage

Ping latency:
250,000 ops
1,018,922,000 ns
4,075 ns/op
29.9 % of CPU usage

Ping throughput 10K:
400,000 ops
693,121,000 ns
577,099 ops/s
47.4 % of CPU usage
Tests run: 8, Failures: 0, Errors: 0, Skipped: 0, Time elapsed: 17.435 sec - in com.github.plokhotnyuk.actors.ScalaActorSpec
Running com.github.plokhotnyuk.actors.ScalazActorSpec
Executor service type: lbq-thread-pool

Enqueueing:
40,000,000 ops
692,693,000 ns
57,745,639 ops/s
12.7 % of CPU usage
24 bytes per instance

Dequeueing:
40,000,000 ops
166,361,000 ns
240,440,968 ops/s
27.4 % of CPU usage

Initiation:
10,000,000 ops
277,844,000 ns
27 ns/op
25.7 % of CPU usage
104 bytes per instance

Single-producer sending:
16,000,000 ops
632,284,000 ns
25,305,084 ops/s
26.4 % of CPU usage

Multi-producer sending:
16,000,000 ops
2,091,051,000 ns
7,651,654 ops/s
96.6 % of CPU usage

Max throughput:
32,000,000 ops
163,198,000 ns
196,080,834 ops/s
94.0 % of CPU usage

Ping latency:
3,200,000 ops
1,274,984,000 ns
398 ns/op
25.3 % of CPU usage

Ping throughput 10K:
8,000,000 ops
3,717,896,000 ns
2,151,754 ops/s
35.2 % of CPU usage
Tests run: 8, Failures: 0, Errors: 0, Skipped: 0, Time elapsed: 23.983 sec - in com.github.plokhotnyuk.actors.ScalazActorSpec
Running com.github.plokhotnyuk.actors.ScalazBoundedActor2Spec
Executor service type: lbq-thread-pool

Enqueueing:
40,000,000 ops
750,783,000 ns
53,277,711 ops/s
12.8 % of CPU usage
24 bytes per instance

Dequeueing:
40,000,000 ops
149,067,000 ns
268,335,714 ops/s
28.0 % of CPU usage

Initiation:
10,000,000 ops
203,855,000 ns
20 ns/op
28.0 % of CPU usage
56 bytes per instance

Single-producer sending:
16,000,000 ops
606,699,000 ns
26,372,220 ops/s
36.7 % of CPU usage

Multi-producer sending:
16,000,000 ops
2,555,065,000 ns
6,262,071 ops/s
99.4 % of CPU usage

Max throughput:
32,000,000 ops
272,338,000 ns
117,501,046 ops/s
81.0 % of CPU usage

Ping latency:
3,200,000 ops
1,080,669,000 ns
337 ns/op
24.1 % of CPU usage

Ping throughput 10K:
8,000,000 ops
3,685,775,000 ns
2,170,506 ops/s
32.9 % of CPU usage

Overflow throughput:
100,000,000 ops
756,758,000 ns
132,142,640 ops/s
12.6 % of CPU usage
Tests run: 9, Failures: 0, Errors: 0, Skipped: 0, Time elapsed: 22.452 sec - in com.github.plokhotnyuk.actors.ScalazBoundedActor2Spec
Running com.github.plokhotnyuk.actors.ScalazUnboundedActor2Spec
Executor service type: lbq-thread-pool

Enqueueing:
40,000,000 ops
704,015,000 ns
56,816,971 ops/s
12.7 % of CPU usage
24 bytes per instance

Dequeueing:
40,000,000 ops
171,035,000 ns
233,870,260 ops/s
24.8 % of CPU usage

Initiation:
10,000,000 ops
169,097,000 ns
16 ns/op
30.5 % of CPU usage
48 bytes per instance

Single-producer sending:
16,000,000 ops
567,173,000 ns
28,210,087 ops/s
26.7 % of CPU usage

Multi-producer sending:
16,000,000 ops
2,245,436,000 ns
7,125,564 ops/s
99.1 % of CPU usage

Max throughput:
32,000,000 ops
194,508,000 ns
164,517,654 ops/s
93.3 % of CPU usage

Ping latency:
3,200,000 ops
865,747,000 ns
270 ns/op
23.9 % of CPU usage

Ping throughput 10K:
8,000,000 ops
3,241,844,000 ns
2,467,731 ops/s
30.0 % of CPU usage
Tests run: 8, Failures: 0, Errors: 0, Skipped: 0, Time elapsed: 19.562 sec - in com.github.plokhotnyuk.actors.ScalazUnboundedActor2Spec

Results :

Tests run: 91, Failures: 0, Errors: 0, Skipped: 0

[INFO] ------------------------------------------------------------------------
[INFO] BUILD SUCCESS
[INFO] ------------------------------------------------------------------------
[INFO] Total time: 04:08 min
[INFO] Finished at: 2014-12-28T13:38:20+02:00
[INFO] Final Memory: 12M/982M
[INFO] ------------------------------------------------------------------------
