[INFO] Scanning for projects...
[INFO]                                                                         
[INFO] ------------------------------------------------------------------------
[INFO] Building Actors 1.0-SNAPSHOT
[INFO] ------------------------------------------------------------------------
[INFO] 
[INFO] --- maven-clean-plugin:2.5:clean (default-clean) @ actors ---
[INFO] Deleting /Users/sergey/workspace/test/actors/target
[INFO] 
[INFO] --- maven-resources-plugin:2.6:resources (default-resources) @ actors ---
[INFO] Using 'UTF-8' encoding to copy filtered resources.
[INFO] skip non existing resourceDirectory /Users/sergey/workspace/test/actors/src/main/resources
[INFO] 
[INFO] --- maven-resources-plugin:2.6:testResources (default-testResources) @ actors ---
[INFO] Using 'UTF-8' encoding to copy filtered resources.
[INFO] skip non existing resourceDirectory /Users/sergey/workspace/test/actors/src/test/resources
[INFO] 
[INFO] --- scala-maven-plugin:3.1.6:testCompile (testCompile) @ actors ---
[WARNING]  Expected all dependencies to require Scala version: 2.11.4
[WARNING]  com.github.plokhotnyuk.actors:actors:1.0-SNAPSHOT requires scala version: 2.11.4
[WARNING]  com.typesafe.akka:akka-actor_2.11:2.3.8 requires scala version: 2.11.4
[WARNING]  net.liftweb:lift-actor_2.11:3.0-M2 requires scala version: 2.11.2
[WARNING] Multiple versions of scala libraries detected!
[INFO] /Users/sergey/workspace/test/actors/src/test/scala:-1: info: compiling
[INFO] Compiling 17 source files to /Users/sergey/workspace/test/actors/target/test-classes at 1419766702293
[WARNING] /Users/sergey/workspace/test/actors/src/test/scala/com/github/gist/viktorklang/Actor.scala:39: warning: This catches all Throwables. If this is really intended, use `case t : Throwable` to clear this warning.
[WARNING]           try e.execute(this) catch { case t => on.set(0); throw t } // Schedule to run on the Executor and back out on failure
[WARNING]                                            ^
[WARNING] /Users/sergey/workspace/test/actors/src/test/scala/com/github/plokhotnyuk/actors/ScalaActorSpec.scala:9: warning: trait SchedulerAdapter in package actors is deprecated: Use the akka.actor package instead. For migration from the scala.actors package refer to the Actors Migration Guide.
[WARNING]   val customScheduler = new SchedulerAdapter {
[WARNING]                             ^
[WARNING] /Users/sergey/workspace/test/actors/src/test/scala/com/github/plokhotnyuk/actors/ScalaActorSpec.scala:53: warning: trait Actor in package actors is deprecated: Use the akka.actor package instead. For migration from the scala.actors package refer to the Actors Migration Guide.
[WARNING]     footprintedAndTimedCollect(600000)(() => new Actor {
[WARNING]                                                  ^
[WARNING] /Users/sergey/workspace/test/actors/src/test/scala/com/github/plokhotnyuk/actors/ScalaActorSpec.scala:126: warning: trait Actor in package actors is deprecated: Use the akka.actor package instead. For migration from the scala.actors package refer to the Actors Migration Guide.
[WARNING]   private def replayAndCountActor(l: CountDownLatch, n: Int): Actor =
[WARNING]                                                               ^
[WARNING] /Users/sergey/workspace/test/actors/src/test/scala/com/github/plokhotnyuk/actors/ScalaActorSpec.scala:127: warning: trait Actor in package actors is deprecated: Use the akka.actor package instead. For migration from the scala.actors package refer to the Actors Migration Guide.
[WARNING]     new Actor {
[WARNING]         ^
[WARNING] /Users/sergey/workspace/test/actors/src/test/scala/com/github/plokhotnyuk/actors/ScalaActorSpec.scala:141: warning: trait IScheduler in package actors is deprecated: Use the akka.actor package instead. For migration from the scala.actors package refer to the Actors Migration Guide.
[WARNING]       override def scheduler: IScheduler = customScheduler
[WARNING]                               ^
[WARNING] /Users/sergey/workspace/test/actors/src/test/scala/com/github/plokhotnyuk/actors/ScalaActorSpec.scala:144: warning: trait Actor in package actors is deprecated: Use the akka.actor package instead. For migration from the scala.actors package refer to the Actors Migration Guide.
[WARNING]   private def blockableCountActor(l1: CountDownLatch, l2: CountDownLatch, n: Int): Actor =
[WARNING]                                                                                    ^
[WARNING] /Users/sergey/workspace/test/actors/src/test/scala/com/github/plokhotnyuk/actors/ScalaActorSpec.scala:145: warning: trait Actor in package actors is deprecated: Use the akka.actor package instead. For migration from the scala.actors package refer to the Actors Migration Guide.
[WARNING]     new Actor {
[WARNING]         ^
[WARNING] /Users/sergey/workspace/test/actors/src/test/scala/com/github/plokhotnyuk/actors/ScalaActorSpec.scala:164: warning: trait IScheduler in package actors is deprecated: Use the akka.actor package instead. For migration from the scala.actors package refer to the Actors Migration Guide.
[WARNING]       override def scheduler: IScheduler = customScheduler
[WARNING]                               ^
[WARNING] /Users/sergey/workspace/test/actors/src/test/scala/com/github/plokhotnyuk/actors/ScalaActorSpec.scala:167: warning: trait Actor in package actors is deprecated: Use the akka.actor package instead. For migration from the scala.actors package refer to the Actors Migration Guide.
[WARNING]   private def countActor(l: CountDownLatch, n: Int): Actor =
[WARNING]                                                      ^
[WARNING] /Users/sergey/workspace/test/actors/src/test/scala/com/github/plokhotnyuk/actors/ScalaActorSpec.scala:168: warning: trait Actor in package actors is deprecated: Use the akka.actor package instead. For migration from the scala.actors package refer to the Actors Migration Guide.
[WARNING]     new Actor {
[WARNING]         ^
[WARNING] /Users/sergey/workspace/test/actors/src/test/scala/com/github/plokhotnyuk/actors/ScalaActorSpec.scala:181: warning: trait IScheduler in package actors is deprecated: Use the akka.actor package instead. For migration from the scala.actors package refer to the Actors Migration Guide.
[WARNING]       override def scheduler: IScheduler = customScheduler
[WARNING]                               ^
[WARNING] /Users/sergey/workspace/test/actors/src/test/scala/com/github/plokhotnyuk/actors/ScalaActorSpec.scala:184: warning: trait Actor in package actors is deprecated: Use the akka.actor package instead. For migration from the scala.actors package refer to the Actors Migration Guide.
[WARNING]   private def sendMessages(a: Actor, n: Int): Unit = {
[WARNING]                               ^
[WARNING] 13 warnings found
[INFO] prepare-compile in 0 s
[INFO] compile in 8 s
[INFO] ------------------------------------------------------------------------
[INFO] BUILD SUCCESS
[INFO] ------------------------------------------------------------------------
[INFO] Total time: 8.867 s
[INFO] Finished at: 2014-12-28T13:38:30+02:00
[INFO] Final Memory: 20M/982M
[INFO] ------------------------------------------------------------------------
[INFO] Scanning for projects...
[INFO]                                                                         
[INFO] ------------------------------------------------------------------------
[INFO] Building Actors 1.0-SNAPSHOT
[INFO] ------------------------------------------------------------------------
[INFO] 
[INFO] --- maven-resources-plugin:2.6:resources (default-resources) @ actors ---
[INFO] Using 'UTF-8' encoding to copy filtered resources.
[INFO] skip non existing resourceDirectory /Users/sergey/workspace/test/actors/src/main/resources
[INFO] 
[INFO] --- maven-resources-plugin:2.6:testResources (default-testResources) @ actors ---
[INFO] Using 'UTF-8' encoding to copy filtered resources.
[INFO] skip non existing resourceDirectory /Users/sergey/workspace/test/actors/src/test/resources
[INFO] 
[INFO] --- scala-maven-plugin:3.1.6:testCompile (testCompile) @ actors ---
[WARNING]  Expected all dependencies to require Scala version: 2.11.4
[WARNING]  com.github.plokhotnyuk.actors:actors:1.0-SNAPSHOT requires scala version: 2.11.4
[WARNING]  com.typesafe.akka:akka-actor_2.11:2.3.8 requires scala version: 2.11.4
[WARNING]  net.liftweb:lift-actor_2.11:3.0-M2 requires scala version: 2.11.2
[WARNING] Multiple versions of scala libraries detected!
[INFO] Nothing to compile - all classes are up to date
[INFO] 
[INFO] --- maven-surefire-plugin:2.16:test (default-test) @ actors ---
[INFO] Surefire report directory: /Users/sergey/workspace/test/actors/target/surefire-reports

-------------------------------------------------------
 T E S T S
-------------------------------------------------------

-------------------------------------------------------
 T E S T S
-------------------------------------------------------
Running com.github.plokhotnyuk.actors.AkkaActorSpec
Executor service type: akka-forkjoin-pool

Enqueueing:
10,000,000 ops
284,334,000 ns
35,169,905 ops/s
15.4 % of CPU usage
48 bytes per instance

Dequeueing:
10,000,000 ops
619,474,000 ns
16,142,727 ops/s
14.5 % of CPU usage

Initiation:
100,000 ops
393,312,000 ns
3,933 ns/op
34.4 % of CPU usage
388 bytes per instance

Single-producer sending:
6,000,000 ops
774,719,000 ns
7,744,743 ops/s
23.0 % of CPU usage

Multi-producer sending:
6,000,000 ops
988,861,000 ns
6,067,586 ops/s
76.4 % of CPU usage

Max throughput:
12,000,000 ops
864,923,000 ns
13,874,067 ops/s
20.1 % of CPU usage

Ping latency:
1,500,000 ops
258,687,000 ns
172 ns/op
14.1 % of CPU usage

Ping throughput 10K:
2,000,000 ops
522,703,000 ns
3,826,264 ops/s
39.4 % of CPU usage
Tests run: 8, Failures: 0, Errors: 0, Skipped: 0, Time elapsed: 15.026 sec - in com.github.plokhotnyuk.actors.AkkaActorSpec
Running com.github.plokhotnyuk.actors.AkkaBalanceableActorSpec
Executor service type: akka-forkjoin-pool

Enqueueing:
10,000,000 ops
253,748,000 ns
39,409,177 ops/s
15.0 % of CPU usage
48 bytes per instance

Dequeueing:
10,000,000 ops
522,354,000 ns
19,144,105 ops/s
13.7 % of CPU usage

Initiation:
100,000 ops
395,396,000 ns
3,953 ns/op
33.5 % of CPU usage
388 bytes per instance

Single-producer sending:
6,000,000 ops
802,164,000 ns
7,479,767 ops/s
24.1 % of CPU usage

Multi-producer sending:
6,000,000 ops
1,168,271,000 ns
5,135,794 ops/s
75.5 % of CPU usage

Max throughput:
12,000,000 ops
810,543,000 ns
14,804,890 ops/s
19.5 % of CPU usage

Ping latency:
1,500,000 ops
218,254,000 ns
145 ns/op
13.5 % of CPU usage

Ping throughput 10K:
2,000,000 ops
464,183,000 ns
4,308,645 ops/s
41.0 % of CPU usage
Tests run: 8, Failures: 0, Errors: 0, Skipped: 0, Time elapsed: 14.462 sec - in com.github.plokhotnyuk.actors.AkkaBalanceableActorSpec
Running com.github.plokhotnyuk.actors.AkkaBoundedActorSpec
Executor service type: akka-forkjoin-pool

Enqueueing:
10,000,000 ops
521,333,000 ns
19,181,597 ops/s
14.7 % of CPU usage
48 bytes per instance

Dequeueing:
10,000,000 ops
705,161,000 ns
14,181,158 ops/s
13.3 % of CPU usage

Initiation:
100,000 ops
404,157,000 ns
4,041 ns/op
34.4 % of CPU usage
572 bytes per instance

Single-producer sending:
6,000,000 ops
1,278,003,000 ns
4,694,824 ops/s
23.2 % of CPU usage

Multi-producer sending:
6,000,000 ops
2,111,031,000 ns
2,842,213 ops/s
36.4 % of CPU usage

Max throughput:
12,000,000 ops
1,029,606,000 ns
11,654,943 ops/s
21.8 % of CPU usage

Ping latency:
1,500,000 ops
317,048,000 ns
211 ns/op
13.1 % of CPU usage

Ping throughput 10K:
2,000,000 ops
569,954,000 ns
3,509,055 ops/s
34.9 % of CPU usage

Overflow throughput:
5,000,000 ops
441,219,000 ns
11,332,240 ops/s
13.3 % of CPU usage
Tests run: 9, Failures: 0, Errors: 0, Skipped: 0, Time elapsed: 18.771 sec - in com.github.plokhotnyuk.actors.AkkaBoundedActorSpec
Running com.github.plokhotnyuk.actors.AkkaNonBalanceableActorSpec
Executor service type: akka-forkjoin-pool

Enqueueing:
10,000,000 ops
250,381,000 ns
39,939,132 ops/s
15.0 % of CPU usage
48 bytes per instance

Dequeueing:
10,000,000 ops
478,732,000 ns
20,888,513 ops/s
14.0 % of CPU usage

Initiation:
100,000 ops
404,101,000 ns
4,041 ns/op
38.9 % of CPU usage
388 bytes per instance

Single-producer sending:
6,000,000 ops
694,593,000 ns
8,638,152 ops/s
24.3 % of CPU usage

Multi-producer sending:
6,000,000 ops
1,066,201,000 ns
5,627,456 ops/s
79.1 % of CPU usage

Max throughput:
12,000,000 ops
697,202,000 ns
17,211,654 ops/s
20.5 % of CPU usage

Ping latency:
1,500,000 ops
207,298,000 ns
138 ns/op
13.7 % of CPU usage

Ping throughput 10K:
2,000,000 ops
452,240,000 ns
4,422,430 ops/s
41.0 % of CPU usage
Tests run: 8, Failures: 0, Errors: 0, Skipped: 0, Time elapsed: 14.26 sec - in com.github.plokhotnyuk.actors.AkkaNonBalanceableActorSpec
Running com.github.plokhotnyuk.actors.AkkaNonBlockingBoundedActorSpec
Executor service type: akka-forkjoin-pool

Enqueueing:
10,000,000 ops
274,955,000 ns
36,369,587 ops/s
15.3 % of CPU usage
48 bytes per instance

Dequeueing:
10,000,000 ops
510,620,000 ns
19,584,035 ops/s
13.9 % of CPU usage

Initiation:
100,000 ops
396,847,000 ns
3,968 ns/op
34.9 % of CPU usage
388 bytes per instance

Single-producer sending:
6,000,000 ops
830,229,000 ns
7,226,921 ops/s
23.9 % of CPU usage

Multi-producer sending:
6,000,000 ops
1,416,310,000 ns
4,236,360 ops/s
83.3 % of CPU usage

Max throughput:
12,000,000 ops
789,522,000 ns
15,199,069 ops/s
19.8 % of CPU usage

Ping latency:
1,500,000 ops
246,015,000 ns
164 ns/op
13.5 % of CPU usage

Ping throughput 10K:
2,000,000 ops
465,421,000 ns
4,297,184 ops/s
40.6 % of CPU usage

Overflow throughput:
5,000,000 ops
373,717,000 ns
13,379,107 ops/s
13.0 % of CPU usage
Tests run: 9, Failures: 0, Errors: 0, Skipped: 0, Time elapsed: 15.665 sec - in com.github.plokhotnyuk.actors.AkkaNonBlockingBoundedActorSpec
Running com.github.plokhotnyuk.actors.LiftActorSpec
Executor service type: akka-forkjoin-pool

Enqueueing:
10,000,000 ops
364,070,000 ns
27,467,245 ops/s
13.2 % of CPU usage
24 bytes per instance

Dequeueing:
10,000,000 ops
368,263,000 ns
27,154,506 ops/s
14.8 % of CPU usage

Initiation:
10,000,000 ops
612,043,000 ns
61 ns/op
18.6 % of CPU usage
72 bytes per instance

Single-producer sending:
6,000,000 ops
700,235,000 ns
8,568,551 ops/s
27.2 % of CPU usage

Multi-producer sending:
6,000,000 ops
835,303,000 ns
7,183,022 ops/s
35.7 % of CPU usage

Max throughput:
12,000,000 ops
578,271,000 ns
20,751,516 ops/s
27.2 % of CPU usage

Ping latency:
1,500,000 ops
457,563,000 ns
305 ns/op
16.6 % of CPU usage

Ping throughput 10K:
2,000,000 ops
593,472,000 ns
3,369,998 ops/s
14.2 % of CPU usage
Tests run: 8, Failures: 0, Errors: 0, Skipped: 0, Time elapsed: 13.712 sec - in com.github.plokhotnyuk.actors.LiftActorSpec
Running com.github.plokhotnyuk.actors.MinimalistActorSpec
Executor service type: akka-forkjoin-pool

Enqueueing:
10,000,000 ops
281,284,000 ns
35,551,257 ops/s
13.9 % of CPU usage
24 bytes per instance

Dequeueing:
2,000,000 ops
133,842,000 ns
14,942,992 ops/s
13.1 % of CPU usage

Initiation:
2,000,000 ops
603,467,000 ns
301 ns/op
28.5 % of CPU usage
152 bytes per instance

Single-producer sending:
3,000,000 ops
569,035,000 ns
5,272,083 ops/s
25.5 % of CPU usage

Multi-producer sending:
3,000,000 ops
657,317,000 ns
4,564,007 ops/s
75.9 % of CPU usage

Max throughput:
6,000,000 ops
447,500,000 ns
13,407,821 ops/s
19.0 % of CPU usage

Ping latency:
2,000,000 ops
200,283,000 ns
100 ns/op
15.5 % of CPU usage

Ping throughput 10K:
4,000,000 ops
375,623,000 ns
10,648,975 ops/s
13.5 % of CPU usage
Tests run: 8, Failures: 0, Errors: 0, Skipped: 0, Time elapsed: 9.699 sec - in com.github.plokhotnyuk.actors.MinimalistActorSpec
Running com.github.plokhotnyuk.actors.ScalaActorSpec
Executor service type: akka-forkjoin-pool

Enqueueing:
40,000,000 ops
1,283,060,000 ns
31,175,471 ops/s
12.8 % of CPU usage
24 bytes per instance

Dequeueing:
600,000 ops
613,943,000 ns
977,289 ops/s
21.3 % of CPU usage

Initiation:
600,000 ops
315,111,000 ns
525 ns/op
46.2 % of CPU usage
228 bytes per instance

Single-producer sending:
300,000 ops
511,484,000 ns
586,528 ops/s
22.9 % of CPU usage

Multi-producer sending:
300,000 ops
486,725,000 ns
616,364 ops/s
16.8 % of CPU usage

Max throughput:
600,000 ops
929,160,000 ns
645,744 ops/s
13.3 % of CPU usage

Ping latency:
250,000 ops
580,600,000 ns
2,322 ns/op
18.1 % of CPU usage

Ping throughput 10K:
400,000 ops
868,656,000 ns
460,481 ops/s
13.4 % of CPU usage
Tests run: 8, Failures: 0, Errors: 0, Skipped: 0, Time elapsed: 15.331 sec - in com.github.plokhotnyuk.actors.ScalaActorSpec
Running com.github.plokhotnyuk.actors.ScalazActorSpec
Executor service type: akka-forkjoin-pool

Enqueueing:
40,000,000 ops
691,646,000 ns
57,833,053 ops/s
12.7 % of CPU usage
24 bytes per instance

Dequeueing:
40,000,000 ops
121,304,000 ns
329,750,049 ops/s
12.9 % of CPU usage

Initiation:
10,000,000 ops
279,723,000 ns
27 ns/op
25.0 % of CPU usage
104 bytes per instance

Single-producer sending:
16,000,000 ops
646,820,000 ns
24,736,402 ops/s
25.1 % of CPU usage

Multi-producer sending:
16,000,000 ops
2,176,251,000 ns
7,352,093 ops/s
96.2 % of CPU usage

Max throughput:
32,000,000 ops
166,655,000 ns
192,013,440 ops/s
52.7 % of CPU usage

Ping latency:
3,200,000 ops
348,480,000 ns
108 ns/op
14.3 % of CPU usage

Ping throughput 10K:
8,000,000 ops
983,388,000 ns
8,135,140 ops/s
13.8 % of CPU usage
Tests run: 8, Failures: 0, Errors: 0, Skipped: 0, Time elapsed: 19.805 sec - in com.github.plokhotnyuk.actors.ScalazActorSpec
Running com.github.plokhotnyuk.actors.ScalazBoundedActor2Spec
Executor service type: akka-forkjoin-pool

Enqueueing:
40,000,000 ops
752,252,000 ns
53,173,670 ops/s
12.8 % of CPU usage
24 bytes per instance

Dequeueing:
40,000,000 ops
120,044,000 ns
333,211,155 ops/s
15.0 % of CPU usage

Initiation:
10,000,000 ops
197,707,000 ns
19 ns/op
28.2 % of CPU usage
56 bytes per instance

Single-producer sending:
16,000,000 ops
1,096,991,000 ns
14,585,352 ops/s
26.0 % of CPU usage

Multi-producer sending:
16,000,000 ops
2,592,393,000 ns
6,171,903 ops/s
97.9 % of CPU usage

Max throughput:
32,000,000 ops
226,190,000 ns
141,473,982 ops/s
42.8 % of CPU usage

Ping latency:
3,200,000 ops
175,318,000 ns
54 ns/op
16.2 % of CPU usage

Ping throughput 10K:
8,000,000 ops
401,567,000 ns
19,921,955 ops/s
14.6 % of CPU usage

Overflow throughput:
100,000,000 ops
786,689,000 ns
127,115,035 ops/s
12.6 % of CPU usage
Tests run: 9, Failures: 0, Errors: 0, Skipped: 0, Time elapsed: 18.064 sec - in com.github.plokhotnyuk.actors.ScalazBoundedActor2Spec
Running com.github.plokhotnyuk.actors.ScalazUnboundedActor2Spec
Executor service type: akka-forkjoin-pool

Enqueueing:
40,000,000 ops
704,938,000 ns
56,742,578 ops/s
12.8 % of CPU usage
24 bytes per instance

Dequeueing:
40,000,000 ops
103,811,000 ns
385,315,621 ops/s
15.9 % of CPU usage

Initiation:
10,000,000 ops
168,543,000 ns
16 ns/op
30.7 % of CPU usage
48 bytes per instance

Single-producer sending:
16,000,000 ops
618,816,000 ns
25,855,827 ops/s
25.8 % of CPU usage

Multi-producer sending:
16,000,000 ops
2,309,039,000 ns
6,929,289 ops/s
97.8 % of CPU usage

Max throughput:
32,000,000 ops
169,181,000 ns
189,146,535 ops/s
51.9 % of CPU usage

Ping latency:
3,200,000 ops
163,077,000 ns
50 ns/op
17.0 % of CPU usage

Ping throughput 10K:
8,000,000 ops
388,454,000 ns
20,594,459 ops/s
15.1 % of CPU usage
Tests run: 8, Failures: 0, Errors: 0, Skipped: 0, Time elapsed: 15.497 sec - in com.github.plokhotnyuk.actors.ScalazUnboundedActor2Spec

Results :

Tests run: 91, Failures: 0, Errors: 0, Skipped: 0

[INFO] ------------------------------------------------------------------------
[INFO] BUILD SUCCESS
[INFO] ------------------------------------------------------------------------
[INFO] Total time: 03:12 min
[INFO] Finished at: 2014-12-28T13:41:44+02:00
[INFO] Final Memory: 12M/982M
[INFO] ------------------------------------------------------------------------
[INFO] Scanning for projects...
[INFO]                                                                         
[INFO] ------------------------------------------------------------------------
[INFO] Building Actors 1.0-SNAPSHOT
[INFO] ------------------------------------------------------------------------
[INFO] 
[INFO] --- maven-resources-plugin:2.6:resources (default-resources) @ actors ---
[INFO] Using 'UTF-8' encoding to copy filtered resources.
[INFO] skip non existing resourceDirectory /Users/sergey/workspace/test/actors/src/main/resources
[INFO] 
[INFO] --- maven-resources-plugin:2.6:testResources (default-testResources) @ actors ---
[INFO] Using 'UTF-8' encoding to copy filtered resources.
[INFO] skip non existing resourceDirectory /Users/sergey/workspace/test/actors/src/test/resources
[INFO] 
[INFO] --- scala-maven-plugin:3.1.6:testCompile (testCompile) @ actors ---
[WARNING]  Expected all dependencies to require Scala version: 2.11.4
[WARNING]  com.github.plokhotnyuk.actors:actors:1.0-SNAPSHOT requires scala version: 2.11.4
[WARNING]  com.typesafe.akka:akka-actor_2.11:2.3.8 requires scala version: 2.11.4
[WARNING]  net.liftweb:lift-actor_2.11:3.0-M2 requires scala version: 2.11.2
[WARNING] Multiple versions of scala libraries detected!
[INFO] Nothing to compile - all classes are up to date
[INFO] 
[INFO] --- maven-surefire-plugin:2.16:test (default-test) @ actors ---
[INFO] Surefire report directory: /Users/sergey/workspace/test/actors/target/surefire-reports

-------------------------------------------------------
 T E S T S
-------------------------------------------------------

-------------------------------------------------------
 T E S T S
-------------------------------------------------------
Running com.github.plokhotnyuk.actors.AkkaActorSpec
Executor service type: scala-forkjoin-pool

Enqueueing:
10,000,000 ops
287,839,000 ns
34,741,643 ops/s
15.0 % of CPU usage
48 bytes per instance

Dequeueing:
10,000,000 ops
621,953,000 ns
16,078,385 ops/s
14.9 % of CPU usage

Initiation:
100,000 ops
410,362,000 ns
4,103 ns/op
37.5 % of CPU usage
388 bytes per instance

Single-producer sending:
6,000,000 ops
780,592,000 ns
7,686,473 ops/s
23.2 % of CPU usage

Multi-producer sending:
6,000,000 ops
1,003,450,000 ns
5,979,371 ops/s
76.3 % of CPU usage

Max throughput:
12,000,000 ops
928,511,000 ns
12,923,917 ops/s
19.4 % of CPU usage

Ping latency:
1,500,000 ops
319,274,000 ns
212 ns/op
13.7 % of CPU usage

Ping throughput 10K:
2,000,000 ops
1,379,882,000 ns
1,449,399 ops/s
18.3 % of CPU usage
Tests run: 8, Failures: 0, Errors: 0, Skipped: 0, Time elapsed: 15.589 sec - in com.github.plokhotnyuk.actors.AkkaActorSpec
Running com.github.plokhotnyuk.actors.AkkaBalanceableActorSpec
Executor service type: scala-forkjoin-pool

Enqueueing:
10,000,000 ops
253,198,000 ns
39,494,782 ops/s
15.0 % of CPU usage
48 bytes per instance

Dequeueing:
10,000,000 ops
503,489,000 ns
19,861,407 ops/s
14.1 % of CPU usage

Initiation:
100,000 ops
398,442,000 ns
3,984 ns/op
36.0 % of CPU usage
388 bytes per instance

Single-producer sending:
6,000,000 ops
758,744,000 ns
7,907,805 ops/s
24.9 % of CPU usage

Multi-producer sending:
6,000,000 ops
1,183,424,000 ns
5,070,034 ops/s
73.1 % of CPU usage

Max throughput:
12,000,000 ops
801,650,000 ns
14,969,126 ops/s
20.4 % of CPU usage

Ping latency:
1,500,000 ops
273,482,000 ns
182 ns/op
13.4 % of CPU usage

Ping throughput 10K:
2,000,000 ops
1,257,725,000 ns
1,590,172 ops/s
19.1 % of CPU usage
Tests run: 8, Failures: 0, Errors: 0, Skipped: 0, Time elapsed: 15.176 sec - in com.github.plokhotnyuk.actors.AkkaBalanceableActorSpec
Running com.github.plokhotnyuk.actors.AkkaBoundedActorSpec
Executor service type: scala-forkjoin-pool

Enqueueing:
10,000,000 ops
525,564,000 ns
19,027,178 ops/s
14.3 % of CPU usage
48 bytes per instance

Dequeueing:
10,000,000 ops
708,116,000 ns
14,121,980 ops/s
13.3 % of CPU usage

Initiation:
100,000 ops
424,309,000 ns
4,243 ns/op
40.8 % of CPU usage
572 bytes per instance

Single-producer sending:
6,000,000 ops
1,454,834,000 ns
4,124,181 ops/s
25.1 % of CPU usage

Multi-producer sending:
6,000,000 ops
2,134,769,000 ns
2,810,608 ops/s
35.5 % of CPU usage

Max throughput:
12,000,000 ops
1,001,110,000 ns
11,986,694 ops/s
22.8 % of CPU usage

Ping latency:
1,500,000 ops
365,346,000 ns
243 ns/op
13.4 % of CPU usage

Ping throughput 10K:
2,000,000 ops
1,617,827,000 ns
1,236,226 ops/s
18.2 % of CPU usage

Overflow throughput:
5,000,000 ops
446,196,000 ns
11,205,837 ops/s
16.0 % of CPU usage
Tests run: 9, Failures: 0, Errors: 0, Skipped: 0, Time elapsed: 20.064 sec - in com.github.plokhotnyuk.actors.AkkaBoundedActorSpec
Running com.github.plokhotnyuk.actors.AkkaNonBalanceableActorSpec
Executor service type: scala-forkjoin-pool

Enqueueing:
10,000,000 ops
250,900,000 ns
39,856,516 ops/s
15.1 % of CPU usage
48 bytes per instance

Dequeueing:
10,000,000 ops
479,131,000 ns
20,871,118 ops/s
14.2 % of CPU usage

Initiation:
100,000 ops
404,362,000 ns
4,043 ns/op
39.4 % of CPU usage
388 bytes per instance

Single-producer sending:
6,000,000 ops
699,500,000 ns
8,577,555 ops/s
23.6 % of CPU usage

Multi-producer sending:
6,000,000 ops
1,187,725,000 ns
5,051,674 ops/s
77.8 % of CPU usage

Max throughput:
12,000,000 ops
738,471,000 ns
16,249,791 ops/s
19.8 % of CPU usage

Ping latency:
1,500,000 ops
263,058,000 ns
175 ns/op
13.4 % of CPU usage

Ping throughput 10K:
2,000,000 ops
1,276,285,000 ns
1,567,048 ops/s
18.7 % of CPU usage
Tests run: 8, Failures: 0, Errors: 0, Skipped: 0, Time elapsed: 15.101 sec - in com.github.plokhotnyuk.actors.AkkaNonBalanceableActorSpec
Running com.github.plokhotnyuk.actors.AkkaNonBlockingBoundedActorSpec
Executor service type: scala-forkjoin-pool

Enqueueing:
10,000,000 ops
269,849,000 ns
37,057,761 ops/s
15.3 % of CPU usage
48 bytes per instance

Dequeueing:
10,000,000 ops
505,871,000 ns
19,767,885 ops/s
14.0 % of CPU usage

Initiation:
100,000 ops
400,794,000 ns
4,007 ns/op
40.1 % of CPU usage
388 bytes per instance

Single-producer sending:
6,000,000 ops
963,967,000 ns
6,224,279 ops/s
24.9 % of CPU usage

Multi-producer sending:
6,000,000 ops
1,499,403,000 ns
4,001,592 ops/s
84.7 % of CPU usage

Max throughput:
12,000,000 ops
774,582,000 ns
15,492,226 ops/s
19.9 % of CPU usage

Ping latency:
1,500,000 ops
280,850,000 ns
187 ns/op
13.3 % of CPU usage

Ping throughput 10K:
2,000,000 ops
1,205,244,000 ns
1,659,415 ops/s
19.6 % of CPU usage

Overflow throughput:
5,000,000 ops
411,368,000 ns
12,154,567 ops/s
14.7 % of CPU usage
Tests run: 9, Failures: 0, Errors: 0, Skipped: 0, Time elapsed: 16.729 sec - in com.github.plokhotnyuk.actors.AkkaNonBlockingBoundedActorSpec
Running com.github.plokhotnyuk.actors.LiftActorSpec
Executor service type: scala-forkjoin-pool

Enqueueing:
10,000,000 ops
362,949,000 ns
27,552,080 ops/s
14.0 % of CPU usage
24 bytes per instance

Dequeueing:
10,000,000 ops
388,965,000 ns
25,709,254 ops/s
14.5 % of CPU usage

Initiation:
10,000,000 ops
675,567,000 ns
67 ns/op
18.1 % of CPU usage
72 bytes per instance

Single-producer sending:
6,000,000 ops
700,792,000 ns
8,561,741 ops/s
27.9 % of CPU usage

Multi-producer sending:
6,000,000 ops
831,956,000 ns
7,211,919 ops/s
37.0 % of CPU usage

Max throughput:
12,000,000 ops
588,371,000 ns
20,395,294 ops/s
26.6 % of CPU usage

Ping latency:
1,500,000 ops
509,603,000 ns
339 ns/op
16.1 % of CPU usage

Ping throughput 10K:
2,000,000 ops
709,987,000 ns
2,816,952 ops/s
13.6 % of CPU usage
Tests run: 8, Failures: 0, Errors: 0, Skipped: 0, Time elapsed: 14.132 sec - in com.github.plokhotnyuk.actors.LiftActorSpec
Running com.github.plokhotnyuk.actors.MinimalistActorSpec
Executor service type: scala-forkjoin-pool

Enqueueing:
10,000,000 ops
280,152,000 ns
35,694,908 ops/s
13.6 % of CPU usage
24 bytes per instance

Dequeueing:
2,000,000 ops
199,125,000 ns
10,043,942 ops/s
12.7 % of CPU usage

Initiation:
2,000,000 ops
511,251,000 ns
255 ns/op
30.0 % of CPU usage
152 bytes per instance

Single-producer sending:
3,000,000 ops
580,178,000 ns
5,170,826 ops/s
21.6 % of CPU usage

Multi-producer sending:
3,000,000 ops
746,770,000 ns
4,017,301 ops/s
68.7 % of CPU usage

Max throughput:
6,000,000 ops
638,757,000 ns
9,393,243 ops/s
16.9 % of CPU usage

Ping latency:
2,000,000 ops
267,146,000 ns
133 ns/op
14.6 % of CPU usage

Ping throughput 10K:
4,000,000 ops
570,417,000 ns
7,012,413 ops/s
13.1 % of CPU usage
Tests run: 8, Failures: 0, Errors: 0, Skipped: 0, Time elapsed: 10.458 sec - in com.github.plokhotnyuk.actors.MinimalistActorSpec
Running com.github.plokhotnyuk.actors.ScalaActorSpec
Executor service type: scala-forkjoin-pool

Enqueueing:
40,000,000 ops
1,209,222,000 ns
33,079,120 ops/s
12.8 % of CPU usage
24 bytes per instance

Dequeueing:
600,000 ops
612,753,000 ns
979,187 ops/s
23.0 % of CPU usage

Initiation:
600,000 ops
289,491,000 ns
482 ns/op
41.9 % of CPU usage
228 bytes per instance

Single-producer sending:
300,000 ops
489,858,000 ns
612,422 ops/s
21.1 % of CPU usage

Multi-producer sending:
300,000 ops
508,373,000 ns
590,117 ops/s
17.6 % of CPU usage

Max throughput:
600,000 ops
936,667,000 ns
640,569 ops/s
13.6 % of CPU usage

Ping latency:
250,000 ops
590,761,000 ns
2,363 ns/op
18.3 % of CPU usage

Ping throughput 10K:
400,000 ops
930,555,000 ns
429,851 ops/s
13.5 % of CPU usage
Tests run: 8, Failures: 0, Errors: 0, Skipped: 0, Time elapsed: 15.338 sec - in com.github.plokhotnyuk.actors.ScalaActorSpec
Running com.github.plokhotnyuk.actors.ScalazActorSpec
Executor service type: scala-forkjoin-pool

Enqueueing:
40,000,000 ops
698,723,000 ns
57,247,292 ops/s
12.7 % of CPU usage
24 bytes per instance

Dequeueing:
40,000,000 ops
153,720,000 ns
260,213,374 ops/s
12.8 % of CPU usage

Initiation:
10,000,000 ops
274,557,000 ns
27 ns/op
25.2 % of CPU usage
104 bytes per instance

Single-producer sending:
16,000,000 ops
672,283,000 ns
23,799,501 ops/s
25.2 % of CPU usage

Multi-producer sending:
16,000,000 ops
2,474,816,000 ns
6,465,127 ops/s
98.9 % of CPU usage

Max throughput:
32,000,000 ops
167,479,000 ns
191,068,731 ops/s
51.9 % of CPU usage

Ping latency:
3,200,000 ops
345,914,000 ns
108 ns/op
14.2 % of CPU usage

Ping throughput 10K:
8,000,000 ops
1,018,674,000 ns
7,853,346 ops/s
13.6 % of CPU usage
Tests run: 8, Failures: 0, Errors: 0, Skipped: 0, Time elapsed: 20.107 sec - in com.github.plokhotnyuk.actors.ScalazActorSpec
Running com.github.plokhotnyuk.actors.ScalazBoundedActor2Spec
Executor service type: scala-forkjoin-pool

Enqueueing:
40,000,000 ops
753,791,000 ns
53,065,106 ops/s
12.8 % of CPU usage
24 bytes per instance

Dequeueing:
40,000,000 ops
161,267,000 ns
248,035,865 ops/s
14.3 % of CPU usage

Initiation:
10,000,000 ops
197,436,000 ns
19 ns/op
28.6 % of CPU usage
56 bytes per instance

Single-producer sending:
16,000,000 ops
1,131,537,000 ns
14,140,059 ops/s
25.9 % of CPU usage

Multi-producer sending:
16,000,000 ops
2,864,016,000 ns
5,586,560 ops/s
98.7 % of CPU usage

Max throughput:
32,000,000 ops
198,653,000 ns
161,084,906 ops/s
48.5 % of CPU usage

Ping latency:
3,200,000 ops
170,331,000 ns
53 ns/op
16.3 % of CPU usage

Ping throughput 10K:
8,000,000 ops
398,122,000 ns
20,094,342 ops/s
15.0 % of CPU usage

Overflow throughput:
100,000,000 ops
787,467,000 ns
126,989,448 ops/s
12.6 % of CPU usage
Tests run: 9, Failures: 0, Errors: 0, Skipped: 0, Time elapsed: 18.473 sec - in com.github.plokhotnyuk.actors.ScalazBoundedActor2Spec
Running com.github.plokhotnyuk.actors.ScalazUnboundedActor2Spec
Executor service type: scala-forkjoin-pool

Enqueueing:
40,000,000 ops
704,993,000 ns
56,738,152 ops/s
12.7 % of CPU usage
24 bytes per instance

Dequeueing:
40,000,000 ops
155,926,000 ns
256,531,944 ops/s
14.8 % of CPU usage

Initiation:
10,000,000 ops
168,619,000 ns
16 ns/op
30.6 % of CPU usage
48 bytes per instance

Single-producer sending:
16,000,000 ops
610,683,000 ns
26,200,172 ops/s
25.5 % of CPU usage

Multi-producer sending:
16,000,000 ops
2,311,450,000 ns
6,922,061 ops/s
93.1 % of CPU usage

Max throughput:
32,000,000 ops
165,912,000 ns
192,873,330 ops/s
53.1 % of CPU usage

Ping latency:
3,200,000 ops
164,350,000 ns
51 ns/op
17.4 % of CPU usage

Ping throughput 10K:
8,000,000 ops
394,449,000 ns
20,281,455 ops/s
15.3 % of CPU usage
Tests run: 8, Failures: 0, Errors: 0, Skipped: 0, Time elapsed: 15.559 sec - in com.github.plokhotnyuk.actors.ScalazUnboundedActor2Spec

Results :

Tests run: 91, Failures: 0, Errors: 0, Skipped: 0

[INFO] ------------------------------------------------------------------------
[INFO] BUILD SUCCESS
[INFO] ------------------------------------------------------------------------
[INFO] Total time: 03:23 min
[INFO] Finished at: 2014-12-28T13:45:09+02:00
[INFO] Final Memory: 12M/982M
[INFO] ------------------------------------------------------------------------
[INFO] Scanning for projects...
[INFO]                                                                         
[INFO] ------------------------------------------------------------------------
[INFO] Building Actors 1.0-SNAPSHOT
[INFO] ------------------------------------------------------------------------
[INFO] 
[INFO] --- maven-resources-plugin:2.6:resources (default-resources) @ actors ---
[INFO] Using 'UTF-8' encoding to copy filtered resources.
[INFO] skip non existing resourceDirectory /Users/sergey/workspace/test/actors/src/main/resources
[INFO] 
[INFO] --- maven-resources-plugin:2.6:testResources (default-testResources) @ actors ---
[INFO] Using 'UTF-8' encoding to copy filtered resources.
[INFO] skip non existing resourceDirectory /Users/sergey/workspace/test/actors/src/test/resources
[INFO] 
[INFO] --- scala-maven-plugin:3.1.6:testCompile (testCompile) @ actors ---
[WARNING]  Expected all dependencies to require Scala version: 2.11.4
[WARNING]  com.github.plokhotnyuk.actors:actors:1.0-SNAPSHOT requires scala version: 2.11.4
[WARNING]  com.typesafe.akka:akka-actor_2.11:2.3.8 requires scala version: 2.11.4
[WARNING]  net.liftweb:lift-actor_2.11:3.0-M2 requires scala version: 2.11.2
[WARNING] Multiple versions of scala libraries detected!
[INFO] Nothing to compile - all classes are up to date
[INFO] 
[INFO] --- maven-surefire-plugin:2.16:test (default-test) @ actors ---
[INFO] Surefire report directory: /Users/sergey/workspace/test/actors/target/surefire-reports

-------------------------------------------------------
 T E S T S
-------------------------------------------------------

-------------------------------------------------------
 T E S T S
-------------------------------------------------------
Running com.github.plokhotnyuk.actors.AkkaActorSpec
Executor service type: java-forkjoin-pool

Enqueueing:
10,000,000 ops
333,044,000 ns
30,026,062 ops/s
15.0 % of CPU usage
48 bytes per instance

Dequeueing:
10,000,000 ops
634,883,000 ns
15,750,933 ops/s
14.8 % of CPU usage

Initiation:
100,000 ops
391,229,000 ns
3,912 ns/op
35.4 % of CPU usage
420 bytes per instance

Single-producer sending:
6,000,000 ops
796,003,000 ns
7,537,660 ops/s
23.6 % of CPU usage

Multi-producer sending:
6,000,000 ops
1,048,666,000 ns
5,721,554 ops/s
77.6 % of CPU usage

Max throughput:
12,000,000 ops
951,274,000 ns
12,614,662 ops/s
20.4 % of CPU usage

Ping latency:
1,500,000 ops
272,422,000 ns
181 ns/op
13.2 % of CPU usage

Ping throughput 10K:
2,000,000 ops
534,273,000 ns
3,743,404 ops/s
38.7 % of CPU usage
Tests run: 8, Failures: 0, Errors: 0, Skipped: 0, Time elapsed: 15.191 sec - in com.github.plokhotnyuk.actors.AkkaActorSpec
Running com.github.plokhotnyuk.actors.AkkaBalanceableActorSpec
Executor service type: java-forkjoin-pool

Enqueueing:
10,000,000 ops
262,917,000 ns
38,034,817 ops/s
14.9 % of CPU usage
48 bytes per instance

Dequeueing:
10,000,000 ops
510,700,000 ns
19,580,967 ops/s
13.8 % of CPU usage

Initiation:
100,000 ops
391,978,000 ns
3,919 ns/op
34.2 % of CPU usage
420 bytes per instance

Single-producer sending:
6,000,000 ops
728,855,000 ns
8,232,090 ops/s
21.7 % of CPU usage

Multi-producer sending:
6,000,000 ops
1,254,215,000 ns
4,783,868 ops/s
76.9 % of CPU usage

Max throughput:
12,000,000 ops
756,450,000 ns
15,863,573 ops/s
19.6 % of CPU usage

Ping latency:
1,500,000 ops
240,194,000 ns
160 ns/op
13.5 % of CPU usage

Ping throughput 10K:
2,000,000 ops
487,034,000 ns
4,106,489 ops/s
43.7 % of CPU usage
Tests run: 8, Failures: 0, Errors: 0, Skipped: 0, Time elapsed: 14.386 sec - in com.github.plokhotnyuk.actors.AkkaBalanceableActorSpec
Running com.github.plokhotnyuk.actors.AkkaBoundedActorSpec
Executor service type: java-forkjoin-pool

Enqueueing:
10,000,000 ops
528,651,000 ns
18,916,071 ops/s
14.6 % of CPU usage
48 bytes per instance

Dequeueing:
10,000,000 ops
707,527,000 ns
14,133,736 ops/s
13.3 % of CPU usage

Initiation:
100,000 ops
396,480,000 ns
3,964 ns/op
35.7 % of CPU usage
604 bytes per instance

Single-producer sending:
6,000,000 ops
1,310,759,000 ns
4,577,500 ops/s
23.2 % of CPU usage

Multi-producer sending:
6,000,000 ops
1,589,625,000 ns
3,774,475 ops/s
34.4 % of CPU usage

Max throughput:
12,000,000 ops
1,017,751,000 ns
11,790,703 ops/s
21.8 % of CPU usage

Ping latency:
1,500,000 ops
333,227,000 ns
222 ns/op
13.1 % of CPU usage

Ping throughput 10K:
2,000,000 ops
600,551,000 ns
3,330,275 ops/s
34.3 % of CPU usage

Overflow throughput:
5,000,000 ops
432,504,000 ns
11,560,586 ops/s
13.4 % of CPU usage
Tests run: 9, Failures: 0, Errors: 0, Skipped: 0, Time elapsed: 18.26 sec - in com.github.plokhotnyuk.actors.AkkaBoundedActorSpec
Running com.github.plokhotnyuk.actors.AkkaNonBalanceableActorSpec
Executor service type: java-forkjoin-pool

Enqueueing:
10,000,000 ops
250,829,000 ns
39,867,798 ops/s
15.1 % of CPU usage
48 bytes per instance

Dequeueing:
10,000,000 ops
480,678,000 ns
20,803,947 ops/s
13.9 % of CPU usage

Initiation:
100,000 ops
399,766,000 ns
3,997 ns/op
37.3 % of CPU usage
420 bytes per instance

Single-producer sending:
6,000,000 ops
756,035,000 ns
7,936,140 ops/s
24.8 % of CPU usage

Multi-producer sending:
6,000,000 ops
1,177,475,000 ns
5,095,649 ops/s
75.7 % of CPU usage

Max throughput:
12,000,000 ops
724,528,000 ns
16,562,506 ops/s
20.1 % of CPU usage

Ping latency:
1,500,000 ops
227,460,000 ns
151 ns/op
13.6 % of CPU usage

Ping throughput 10K:
2,000,000 ops
474,162,000 ns
4,217,967 ops/s
40.9 % of CPU usage
Tests run: 8, Failures: 0, Errors: 0, Skipped: 0, Time elapsed: 14.502 sec - in com.github.plokhotnyuk.actors.AkkaNonBalanceableActorSpec
Running com.github.plokhotnyuk.actors.AkkaNonBlockingBoundedActorSpec
Executor service type: java-forkjoin-pool

Enqueueing:
10,000,000 ops
268,321,000 ns
37,268,793 ops/s
15.3 % of CPU usage
48 bytes per instance

Dequeueing:
10,000,000 ops
535,439,000 ns
18,676,263 ops/s
13.7 % of CPU usage

Initiation:
100,000 ops
399,412,000 ns
3,994 ns/op
39.2 % of CPU usage
420 bytes per instance

Single-producer sending:
6,000,000 ops
822,473,000 ns
7,295,072 ops/s
23.7 % of CPU usage

Multi-producer sending:
6,000,000 ops
1,445,714,000 ns
4,150,198 ops/s
83.9 % of CPU usage

Max throughput:
12,000,000 ops
775,302,000 ns
15,477,839 ops/s
20.2 % of CPU usage

Ping latency:
1,500,000 ops
237,127,000 ns
158 ns/op
13.5 % of CPU usage

Ping throughput 10K:
2,000,000 ops
483,679,000 ns
4,134,973 ops/s
41.6 % of CPU usage

Overflow throughput:
5,000,000 ops
370,660,000 ns
13,489,451 ops/s
13.0 % of CPU usage
Tests run: 9, Failures: 0, Errors: 0, Skipped: 0, Time elapsed: 15.832 sec - in com.github.plokhotnyuk.actors.AkkaNonBlockingBoundedActorSpec
Running com.github.plokhotnyuk.actors.LiftActorSpec
Executor service type: java-forkjoin-pool

Enqueueing:
10,000,000 ops
359,336,000 ns
27,829,107 ops/s
13.2 % of CPU usage
24 bytes per instance

Dequeueing:
10,000,000 ops
355,553,000 ns
28,125,202 ops/s
14.8 % of CPU usage

Initiation:
10,000,000 ops
621,935,000 ns
62 ns/op
18.8 % of CPU usage
72 bytes per instance

Single-producer sending:
6,000,000 ops
706,010,000 ns
8,498,463 ops/s
27.2 % of CPU usage

Multi-producer sending:
6,000,000 ops
732,548,000 ns
8,190,589 ops/s
34.5 % of CPU usage

Max throughput:
12,000,000 ops
615,221,000 ns
19,505,185 ops/s
27.3 % of CPU usage

Ping latency:
1,500,000 ops
465,945,000 ns
310 ns/op
16.9 % of CPU usage

Ping throughput 10K:
2,000,000 ops
598,786,000 ns
3,340,091 ops/s
14.9 % of CPU usage
Tests run: 8, Failures: 0, Errors: 0, Skipped: 0, Time elapsed: 13.634 sec - in com.github.plokhotnyuk.actors.LiftActorSpec
Running com.github.plokhotnyuk.actors.MinimalistActorSpec
Executor service type: java-forkjoin-pool

Enqueueing:
10,000,000 ops
283,955,000 ns
35,216,847 ops/s
13.5 % of CPU usage
24 bytes per instance

Dequeueing:
2,000,000 ops
137,441,000 ns
14,551,698 ops/s
13.6 % of CPU usage

Initiation:
2,000,000 ops
449,110,000 ns
224 ns/op
28.2 % of CPU usage
152 bytes per instance

Single-producer sending:
3,000,000 ops
383,932,000 ns
7,813,883 ops/s
22.4 % of CPU usage

Multi-producer sending:
3,000,000 ops
622,134,000 ns
4,822,112 ops/s
66.5 % of CPU usage

Max throughput:
6,000,000 ops
537,587,000 ns
11,160,984 ops/s
33.0 % of CPU usage

Ping latency:
2,000,000 ops
207,229,000 ns
103 ns/op
15.8 % of CPU usage

Ping throughput 10K:
4,000,000 ops
386,982,000 ns
10,336,398 ops/s
13.5 % of CPU usage
Tests run: 8, Failures: 0, Errors: 0, Skipped: 0, Time elapsed: 9.498 sec - in com.github.plokhotnyuk.actors.MinimalistActorSpec
Running com.github.plokhotnyuk.actors.ScalaActorSpec
Executor service type: java-forkjoin-pool

Enqueueing:
40,000,000 ops
1,290,014,000 ns
31,007,415 ops/s
12.8 % of CPU usage
24 bytes per instance

Dequeueing:
600,000 ops
609,008,000 ns
985,208 ops/s
22.4 % of CPU usage

Initiation:
600,000 ops
317,903,000 ns
529 ns/op
43.3 % of CPU usage
224 bytes per instance

Single-producer sending:
300,000 ops
460,557,000 ns
651,385 ops/s
23.4 % of CPU usage

Multi-producer sending:
300,000 ops
418,519,000 ns
716,813 ops/s
18.3 % of CPU usage

Max throughput:
600,000 ops
791,941,000 ns
757,632 ops/s
13.1 % of CPU usage

Ping latency:
250,000 ops
543,619,000 ns
2,174 ns/op
18.4 % of CPU usage

Ping throughput 10K:
400,000 ops
791,100,000 ns
505,625 ops/s
13.6 % of CPU usage
Tests run: 8, Failures: 0, Errors: 0, Skipped: 0, Time elapsed: 15.113 sec - in com.github.plokhotnyuk.actors.ScalaActorSpec
Running com.github.plokhotnyuk.actors.ScalazActorSpec
Executor service type: java-forkjoin-pool

Enqueueing:
40,000,000 ops
698,810,000 ns
57,240,165 ops/s
12.9 % of CPU usage
24 bytes per instance

Dequeueing:
40,000,000 ops
113,309,000 ns
353,016,971 ops/s
13.9 % of CPU usage

Initiation:
10,000,000 ops
277,314,000 ns
27 ns/op
25.3 % of CPU usage
104 bytes per instance

Single-producer sending:
16,000,000 ops
663,857,000 ns
24,101,576 ops/s
25.1 % of CPU usage

Multi-producer sending:
16,000,000 ops
2,357,491,000 ns
6,786,876 ops/s
99.4 % of CPU usage

Max throughput:
32,000,000 ops
168,815,000 ns
189,556,615 ops/s
51.8 % of CPU usage

Ping latency:
3,200,000 ops
223,409,000 ns
69 ns/op
15.2 % of CPU usage

Ping throughput 10K:
8,000,000 ops
535,673,000 ns
14,934,484 ops/s
14.9 % of CPU usage
Tests run: 8, Failures: 0, Errors: 0, Skipped: 0, Time elapsed: 19.512 sec - in com.github.plokhotnyuk.actors.ScalazActorSpec
Running com.github.plokhotnyuk.actors.ScalazBoundedActor2Spec
Executor service type: java-forkjoin-pool

Enqueueing:
40,000,000 ops
750,582,000 ns
53,291,978 ops/s
12.8 % of CPU usage
24 bytes per instance

Dequeueing:
40,000,000 ops
160,727,000 ns
248,869,200 ops/s
14.6 % of CPU usage

Initiation:
10,000,000 ops
197,309,000 ns
19 ns/op
28.4 % of CPU usage
56 bytes per instance

Single-producer sending:
16,000,000 ops
1,057,895,000 ns
15,124,374 ops/s
25.6 % of CPU usage

Multi-producer sending:
16,000,000 ops
2,934,532,000 ns
5,452,317 ops/s
96.6 % of CPU usage

Max throughput:
32,000,000 ops
181,011,000 ns
176,784,836 ops/s
50.7 % of CPU usage

Ping latency:
3,200,000 ops
171,186,000 ns
53 ns/op
16.6 % of CPU usage

Ping throughput 10K:
8,000,000 ops
397,823,000 ns
20,109,445 ops/s
15.0 % of CPU usage

Overflow throughput:
100,000,000 ops
786,170,000 ns
127,198,951 ops/s
12.6 % of CPU usage
Tests run: 9, Failures: 0, Errors: 0, Skipped: 0, Time elapsed: 18.348 sec - in com.github.plokhotnyuk.actors.ScalazBoundedActor2Spec
Running com.github.plokhotnyuk.actors.ScalazUnboundedActor2Spec
Executor service type: java-forkjoin-pool

Enqueueing:
40,000,000 ops
702,390,000 ns
56,948,418 ops/s
12.7 % of CPU usage
24 bytes per instance

Dequeueing:
40,000,000 ops
132,979,000 ns
300,799,374 ops/s
15.2 % of CPU usage

Initiation:
10,000,000 ops
174,545,000 ns
17 ns/op
30.3 % of CPU usage
48 bytes per instance

Single-producer sending:
16,000,000 ops
620,052,000 ns
25,804,287 ops/s
25.7 % of CPU usage

Multi-producer sending:
16,000,000 ops
2,362,439,000 ns
6,772,661 ops/s
94.8 % of CPU usage

Max throughput:
32,000,000 ops
166,374,000 ns
192,337,745 ops/s
51.6 % of CPU usage

Ping latency:
3,200,000 ops
166,395,000 ns
51 ns/op
16.4 % of CPU usage

Ping throughput 10K:
8,000,000 ops
394,384,000 ns
20,284,798 ops/s
15.4 % of CPU usage
Tests run: 8, Failures: 0, Errors: 0, Skipped: 0, Time elapsed: 15.683 sec - in com.github.plokhotnyuk.actors.ScalazUnboundedActor2Spec

Results :

Tests run: 91, Failures: 0, Errors: 0, Skipped: 0

[INFO] ------------------------------------------------------------------------
[INFO] BUILD SUCCESS
[INFO] ------------------------------------------------------------------------
[INFO] Total time: 03:12 min
[INFO] Finished at: 2014-12-28T13:48:22+02:00
[INFO] Final Memory: 12M/982M
[INFO] ------------------------------------------------------------------------
[INFO] Scanning for projects...
[INFO]                                                                         
[INFO] ------------------------------------------------------------------------
[INFO] Building Actors 1.0-SNAPSHOT
[INFO] ------------------------------------------------------------------------
[INFO] 
[INFO] --- maven-resources-plugin:2.6:resources (default-resources) @ actors ---
[INFO] Using 'UTF-8' encoding to copy filtered resources.
[INFO] skip non existing resourceDirectory /Users/sergey/workspace/test/actors/src/main/resources
[INFO] 
[INFO] --- maven-resources-plugin:2.6:testResources (default-testResources) @ actors ---
[INFO] Using 'UTF-8' encoding to copy filtered resources.
[INFO] skip non existing resourceDirectory /Users/sergey/workspace/test/actors/src/test/resources
[INFO] 
[INFO] --- scala-maven-plugin:3.1.6:testCompile (testCompile) @ actors ---
[WARNING]  Expected all dependencies to require Scala version: 2.11.4
[WARNING]  com.github.plokhotnyuk.actors:actors:1.0-SNAPSHOT requires scala version: 2.11.4
[WARNING]  com.typesafe.akka:akka-actor_2.11:2.3.8 requires scala version: 2.11.4
[WARNING]  net.liftweb:lift-actor_2.11:3.0-M2 requires scala version: 2.11.2
[WARNING] Multiple versions of scala libraries detected!
[INFO] Nothing to compile - all classes are up to date
[INFO] 
[INFO] --- maven-surefire-plugin:2.16:test (default-test) @ actors ---
[INFO] Surefire report directory: /Users/sergey/workspace/test/actors/target/surefire-reports

-------------------------------------------------------
 T E S T S
-------------------------------------------------------

-------------------------------------------------------
 T E S T S
-------------------------------------------------------
Running com.github.plokhotnyuk.actors.AkkaActorSpec
Executor service type: abq-thread-pool

Enqueueing:
10,000,000 ops
277,305,000 ns
36,061,376 ops/s
15.3 % of CPU usage
48 bytes per instance

Dequeueing:
10,000,000 ops
588,213,000 ns
17,000,644 ops/s
14.9 % of CPU usage

Initiation:
100,000 ops
385,004,000 ns
3,850 ns/op
35.8 % of CPU usage
384 bytes per instance

Single-producer sending:
6,000,000 ops
746,708,000 ns
8,035,269 ops/s
22.3 % of CPU usage

Multi-producer sending:
6,000,000 ops
1,029,263,000 ns
5,829,413 ops/s
75.3 % of CPU usage

Max throughput:
12,000,000 ops
914,354,000 ns
13,124,019 ops/s
20.0 % of CPU usage

Ping latency:
1,500,000 ops
330,579,000 ns
220 ns/op
13.9 % of CPU usage

Ping throughput 10K:
2,000,000 ops
1,338,489,000 ns
1,494,222 ops/s
18.8 % of CPU usage
Tests run: 8, Failures: 0, Errors: 0, Skipped: 0, Time elapsed: 15.915 sec - in com.github.plokhotnyuk.actors.AkkaActorSpec
Running com.github.plokhotnyuk.actors.AkkaBalanceableActorSpec
Executor service type: abq-thread-pool

Enqueueing:
10,000,000 ops
254,950,000 ns
39,223,377 ops/s
15.0 % of CPU usage
48 bytes per instance

Dequeueing:
10,000,000 ops
508,161,000 ns
19,678,802 ops/s
13.9 % of CPU usage

Initiation:
100,000 ops
384,875,000 ns
3,848 ns/op
35.7 % of CPU usage
384 bytes per instance

Single-producer sending:
6,000,000 ops
764,080,000 ns
7,852,580 ops/s
23.2 % of CPU usage

Multi-producer sending:
6,000,000 ops
1,210,868,000 ns
4,955,123 ops/s
76.3 % of CPU usage

Max throughput:
12,000,000 ops
766,544,000 ns
15,654,678 ops/s
20.2 % of CPU usage

Ping latency:
1,500,000 ops
291,050,000 ns
194 ns/op
13.6 % of CPU usage

Ping throughput 10K:
2,000,000 ops
1,219,894,000 ns
1,639,486 ops/s
19.3 % of CPU usage
Tests run: 8, Failures: 0, Errors: 0, Skipped: 0, Time elapsed: 15.496 sec - in com.github.plokhotnyuk.actors.AkkaBalanceableActorSpec
Running com.github.plokhotnyuk.actors.AkkaBoundedActorSpec
Executor service type: abq-thread-pool

Enqueueing:
10,000,000 ops
519,031,000 ns
19,266,671 ops/s
15.0 % of CPU usage
48 bytes per instance

Dequeueing:
10,000,000 ops
770,174,000 ns
12,984,078 ops/s
13.3 % of CPU usage

Initiation:
100,000 ops
396,430,000 ns
3,964 ns/op
37.4 % of CPU usage
568 bytes per instance

Single-producer sending:
6,000,000 ops
1,228,808,000 ns
4,882,780 ops/s
25.7 % of CPU usage

Multi-producer sending:
6,000,000 ops
1,597,560,000 ns
3,755,727 ops/s
33.6 % of CPU usage

Max throughput:
12,000,000 ops
1,104,002,000 ns
10,869,545 ops/s
21.2 % of CPU usage

Ping latency:
1,500,000 ops
397,342,000 ns
264 ns/op
13.3 % of CPU usage

Ping throughput 10K:
2,000,000 ops
1,578,311,000 ns
1,267,177 ops/s
18.0 % of CPU usage

Overflow throughput:
5,000,000 ops
431,231,000 ns
11,594,713 ops/s
14.3 % of CPU usage
Tests run: 9, Failures: 0, Errors: 0, Skipped: 0, Time elapsed: 19.397 sec - in com.github.plokhotnyuk.actors.AkkaBoundedActorSpec
Running com.github.plokhotnyuk.actors.AkkaNonBalanceableActorSpec
Executor service type: abq-thread-pool

Enqueueing:
10,000,000 ops
251,432,000 ns
39,772,184 ops/s
15.1 % of CPU usage
48 bytes per instance

Dequeueing:
10,000,000 ops
482,154,000 ns
20,740,261 ops/s
14.0 % of CPU usage

Initiation:
100,000 ops
371,631,000 ns
3,716 ns/op
36.2 % of CPU usage
384 bytes per instance

Single-producer sending:
6,000,000 ops
741,975,000 ns
8,086,525 ops/s
25.4 % of CPU usage

Multi-producer sending:
6,000,000 ops
1,189,064,000 ns
5,045,985 ops/s
78.4 % of CPU usage

Max throughput:
12,000,000 ops
728,746,000 ns
16,466,642 ops/s
20.0 % of CPU usage

Ping latency:
1,500,000 ops
283,157,000 ns
188 ns/op
13.8 % of CPU usage

Ping throughput 10K:
2,000,000 ops
1,259,895,000 ns
1,587,433 ops/s
19.0 % of CPU usage
Tests run: 8, Failures: 0, Errors: 0, Skipped: 0, Time elapsed: 15.081 sec - in com.github.plokhotnyuk.actors.AkkaNonBalanceableActorSpec
Running com.github.plokhotnyuk.actors.AkkaNonBlockingBoundedActorSpec
Executor service type: abq-thread-pool

Enqueueing:
10,000,000 ops
265,549,000 ns
37,657,833 ops/s
14.7 % of CPU usage
48 bytes per instance

Dequeueing:
10,000,000 ops
557,364,000 ns
17,941,596 ops/s
13.9 % of CPU usage

Initiation:
100,000 ops
403,519,000 ns
4,035 ns/op
40.0 % of CPU usage
384 bytes per instance

Single-producer sending:
6,000,000 ops
833,607,000 ns
7,197,636 ops/s
23.9 % of CPU usage

Multi-producer sending:
6,000,000 ops
1,467,011,000 ns
4,089,948 ops/s
84.8 % of CPU usage

Max throughput:
12,000,000 ops
808,212,000 ns
14,847,589 ops/s
19.7 % of CPU usage

Ping latency:
1,500,000 ops
298,082,000 ns
198 ns/op
13.7 % of CPU usage

Ping throughput 10K:
2,000,000 ops
1,270,266,000 ns
1,574,473 ops/s
19.0 % of CPU usage

Overflow throughput:
5,000,000 ops
368,859,000 ns
13,555,315 ops/s
14.8 % of CPU usage
Tests run: 9, Failures: 0, Errors: 0, Skipped: 0, Time elapsed: 16.976 sec - in com.github.plokhotnyuk.actors.AkkaNonBlockingBoundedActorSpec
Running com.github.plokhotnyuk.actors.LiftActorSpec
Executor service type: abq-thread-pool

Enqueueing:
10,000,000 ops
360,404,000 ns
27,746,639 ops/s
13.2 % of CPU usage
24 bytes per instance

Dequeueing:
10,000,000 ops
392,581,000 ns
25,472,450 ops/s
14.5 % of CPU usage

Initiation:
10,000,000 ops
612,041,000 ns
61 ns/op
19.0 % of CPU usage
72 bytes per instance

Single-producer sending:
6,000,000 ops
677,703,000 ns
8,853,435 ops/s
28.2 % of CPU usage

Multi-producer sending:
6,000,000 ops
740,366,000 ns
8,104,099 ops/s
36.3 % of CPU usage

Max throughput:
12,000,000 ops
639,281,000 ns
18,771,088 ops/s
27.1 % of CPU usage

Ping latency:
1,500,000 ops
542,296,000 ns
361 ns/op
17.4 % of CPU usage

Ping throughput 10K:
2,000,000 ops
720,592,000 ns
2,775,495 ops/s
13.7 % of CPU usage
Tests run: 8, Failures: 0, Errors: 0, Skipped: 0, Time elapsed: 14.135 sec - in com.github.plokhotnyuk.actors.LiftActorSpec
Running com.github.plokhotnyuk.actors.MinimalistActorSpec
Executor service type: abq-thread-pool

Enqueueing:
10,000,000 ops
281,357,000 ns
35,542,033 ops/s
13.6 % of CPU usage
24 bytes per instance

Dequeueing:
2,000,000 ops
229,049,000 ns
8,731,756 ops/s
13.4 % of CPU usage

Initiation:
2,000,000 ops
706,310,000 ns
353 ns/op
29.0 % of CPU usage
152 bytes per instance

Single-producer sending:
3,000,000 ops
536,707,000 ns
5,589,642 ops/s
18.9 % of CPU usage

Multi-producer sending:
3,000,000 ops
752,022,000 ns
3,989,244 ops/s
56.0 % of CPU usage

Max throughput:
6,000,000 ops
788,501,000 ns
7,609,375 ops/s
16.8 % of CPU usage

Ping latency:
2,000,000 ops
305,654,000 ns
152 ns/op
13.8 % of CPU usage

Ping throughput 10K:
4,000,000 ops
653,870,000 ns
6,117,423 ops/s
13.4 % of CPU usage
Tests run: 8, Failures: 0, Errors: 0, Skipped: 0, Time elapsed: 11.128 sec - in com.github.plokhotnyuk.actors.MinimalistActorSpec
Running com.github.plokhotnyuk.actors.ScalaActorSpec
Executor service type: abq-thread-pool

Enqueueing:
40,000,000 ops
1,227,830,000 ns
32,577,799 ops/s
12.8 % of CPU usage
24 bytes per instance

Dequeueing:
600,000 ops
741,504,000 ns
809,166 ops/s
19.7 % of CPU usage

Initiation:
600,000 ops
323,872,000 ns
539 ns/op
41.6 % of CPU usage
228 bytes per instance

Single-producer sending:
300,000 ops
515,513,000 ns
581,944 ops/s
21.0 % of CPU usage

Multi-producer sending:
300,000 ops
466,024,000 ns
643,743 ops/s
15.3 % of CPU usage

Max throughput:
600,000 ops
1,007,459,000 ns
595,557 ops/s
19.3 % of CPU usage

Ping latency:
250,000 ops
543,249,000 ns
2,172 ns/op
18.7 % of CPU usage

Ping throughput 10K:
400,000 ops
855,689,000 ns
467,459 ops/s
13.6 % of CPU usage
Tests run: 8, Failures: 0, Errors: 0, Skipped: 0, Time elapsed: 15.478 sec - in com.github.plokhotnyuk.actors.ScalaActorSpec
Running com.github.plokhotnyuk.actors.ScalazActorSpec
Executor service type: abq-thread-pool

Enqueueing:
40,000,000 ops
693,736,000 ns
57,658,821 ops/s
12.7 % of CPU usage
24 bytes per instance

Dequeueing:
40,000,000 ops
129,642,000 ns
308,541,984 ops/s
19.5 % of CPU usage

Initiation:
10,000,000 ops
281,922,000 ns
28 ns/op
24.7 % of CPU usage
104 bytes per instance

Single-producer sending:
16,000,000 ops
586,599,000 ns
27,275,873 ops/s
25.4 % of CPU usage

Multi-producer sending:
16,000,000 ops
2,375,880,000 ns
6,734,346 ops/s
98.2 % of CPU usage

Max throughput:
32,000,000 ops
167,460,000 ns
191,090,409 ops/s
51.7 % of CPU usage

Ping latency:
3,200,000 ops
432,191,000 ns
135 ns/op
14.5 % of CPU usage

Ping throughput 10K:
8,000,000 ops
1,242,469,000 ns
6,438,792 ops/s
14.1 % of CPU usage
Tests run: 8, Failures: 0, Errors: 0, Skipped: 0, Time elapsed: 20.842 sec - in com.github.plokhotnyuk.actors.ScalazActorSpec
Running com.github.plokhotnyuk.actors.ScalazBoundedActor2Spec
Executor service type: abq-thread-pool

Enqueueing:
40,000,000 ops
748,992,000 ns
53,405,109 ops/s
12.8 % of CPU usage
24 bytes per instance

Dequeueing:
40,000,000 ops
171,396,000 ns
233,377,675 ops/s
17.9 % of CPU usage

Initiation:
10,000,000 ops
199,966,000 ns
19 ns/op
28.5 % of CPU usage
56 bytes per instance

Single-producer sending:
16,000,000 ops
960,528,000 ns
16,657,505 ops/s
25.8 % of CPU usage

Multi-producer sending:
16,000,000 ops
2,542,022,000 ns
6,294,202 ops/s
98.2 % of CPU usage

Max throughput:
32,000,000 ops
178,077,000 ns
179,697,546 ops/s
51.1 % of CPU usage

Ping latency:
3,200,000 ops
326,472,000 ns
102 ns/op
15.6 % of CPU usage

Ping throughput 10K:
8,000,000 ops
859,799,000 ns
9,304,500 ops/s
14.1 % of CPU usage

Overflow throughput:
100,000,000 ops
766,729,000 ns
130,424,178 ops/s
12.6 % of CPU usage
Tests run: 9, Failures: 0, Errors: 0, Skipped: 0, Time elapsed: 19.109 sec - in com.github.plokhotnyuk.actors.ScalazBoundedActor2Spec
Running com.github.plokhotnyuk.actors.ScalazUnboundedActor2Spec
Executor service type: abq-thread-pool

Enqueueing:
40,000,000 ops
786,382,000 ns
50,865,864 ops/s
12.7 % of CPU usage
24 bytes per instance

Dequeueing:
40,000,000 ops
115,976,000 ns
344,898,944 ops/s
20.3 % of CPU usage

Initiation:
10,000,000 ops
169,144,000 ns
16 ns/op
30.6 % of CPU usage
48 bytes per instance

Single-producer sending:
16,000,000 ops
613,660,000 ns
26,073,069 ops/s
25.7 % of CPU usage

Multi-producer sending:
16,000,000 ops
2,324,778,000 ns
6,882,377 ops/s
99.2 % of CPU usage

Max throughput:
32,000,000 ops
166,473,000 ns
192,223,363 ops/s
52.7 % of CPU usage

Ping latency:
3,200,000 ops
328,095,000 ns
102 ns/op
15.8 % of CPU usage

Ping throughput 10K:
8,000,000 ops
865,750,000 ns
9,240,542 ops/s
14.4 % of CPU usage
Tests run: 8, Failures: 0, Errors: 0, Skipped: 0, Time elapsed: 16.971 sec - in com.github.plokhotnyuk.actors.ScalazUnboundedActor2Spec

Results :

Tests run: 91, Failures: 0, Errors: 0, Skipped: 0

[INFO] ------------------------------------------------------------------------
[INFO] BUILD SUCCESS
[INFO] ------------------------------------------------------------------------
[INFO] Total time: 03:25 min
[INFO] Finished at: 2014-12-28T13:51:49+02:00
[INFO] Final Memory: 12M/982M
[INFO] ------------------------------------------------------------------------
[INFO] Scanning for projects...
[INFO]                                                                         
[INFO] ------------------------------------------------------------------------
[INFO] Building Actors 1.0-SNAPSHOT
[INFO] ------------------------------------------------------------------------
[INFO] 
[INFO] --- maven-resources-plugin:2.6:resources (default-resources) @ actors ---
[INFO] Using 'UTF-8' encoding to copy filtered resources.
[INFO] skip non existing resourceDirectory /Users/sergey/workspace/test/actors/src/main/resources
[INFO] 
[INFO] --- maven-resources-plugin:2.6:testResources (default-testResources) @ actors ---
[INFO] Using 'UTF-8' encoding to copy filtered resources.
[INFO] skip non existing resourceDirectory /Users/sergey/workspace/test/actors/src/test/resources
[INFO] 
[INFO] --- scala-maven-plugin:3.1.6:testCompile (testCompile) @ actors ---
[WARNING]  Expected all dependencies to require Scala version: 2.11.4
[WARNING]  com.github.plokhotnyuk.actors:actors:1.0-SNAPSHOT requires scala version: 2.11.4
[WARNING]  com.typesafe.akka:akka-actor_2.11:2.3.8 requires scala version: 2.11.4
[WARNING]  net.liftweb:lift-actor_2.11:3.0-M2 requires scala version: 2.11.2
[WARNING] Multiple versions of scala libraries detected!
[INFO] Nothing to compile - all classes are up to date
[INFO] 
[INFO] --- maven-surefire-plugin:2.16:test (default-test) @ actors ---
[INFO] Surefire report directory: /Users/sergey/workspace/test/actors/target/surefire-reports

-------------------------------------------------------
 T E S T S
-------------------------------------------------------

-------------------------------------------------------
 T E S T S
-------------------------------------------------------
Running com.github.plokhotnyuk.actors.AkkaActorSpec
Executor service type: lbq-thread-pool

Enqueueing:
10,000,000 ops
271,894,000 ns
36,779,038 ops/s
15.4 % of CPU usage
48 bytes per instance

Dequeueing:
10,000,000 ops
646,059,000 ns
15,478,462 ops/s
15.2 % of CPU usage

Initiation:
100,000 ops
383,238,000 ns
3,832 ns/op
39.1 % of CPU usage
408 bytes per instance

Single-producer sending:
6,000,000 ops
767,400,000 ns
7,818,608 ops/s
22.4 % of CPU usage

Multi-producer sending:
6,000,000 ops
1,086,989,000 ns
5,519,835 ops/s
75.4 % of CPU usage

Max throughput:
12,000,000 ops
915,740,000 ns
13,104,156 ops/s
18.9 % of CPU usage

Ping latency:
1,500,000 ops
398,927,000 ns
265 ns/op
13.3 % of CPU usage

Ping throughput 10K:
2,000,000 ops
1,474,180,000 ns
1,356,686 ops/s
18.5 % of CPU usage
Tests run: 8, Failures: 0, Errors: 0, Skipped: 0, Time elapsed: 16.303 sec - in com.github.plokhotnyuk.actors.AkkaActorSpec
Running com.github.plokhotnyuk.actors.AkkaBalanceableActorSpec
Executor service type: lbq-thread-pool

Enqueueing:
10,000,000 ops
253,768,000 ns
39,406,071 ops/s
15.0 % of CPU usage
48 bytes per instance

Dequeueing:
10,000,000 ops
519,010,000 ns
19,267,451 ops/s
14.5 % of CPU usage

Initiation:
100,000 ops
408,484,000 ns
4,084 ns/op
39.4 % of CPU usage
408 bytes per instance

Single-producer sending:
6,000,000 ops
766,237,000 ns
7,830,475 ops/s
23.7 % of CPU usage

Multi-producer sending:
6,000,000 ops
1,192,674,000 ns
5,030,712 ops/s
76.5 % of CPU usage

Max throughput:
12,000,000 ops
783,112,000 ns
15,323,478 ops/s
19.3 % of CPU usage

Ping latency:
1,500,000 ops
359,349,000 ns
239 ns/op
13.2 % of CPU usage

Ping throughput 10K:
2,000,000 ops
1,384,990,000 ns
1,444,053 ops/s
18.5 % of CPU usage
Tests run: 8, Failures: 0, Errors: 0, Skipped: 0, Time elapsed: 15.607 sec - in com.github.plokhotnyuk.actors.AkkaBalanceableActorSpec
Running com.github.plokhotnyuk.actors.AkkaBoundedActorSpec
Executor service type: lbq-thread-pool

Enqueueing:
10,000,000 ops
535,197,000 ns
18,684,708 ops/s
14.4 % of CPU usage
48 bytes per instance

Dequeueing:
10,000,000 ops
769,990,000 ns
12,987,181 ops/s
13.7 % of CPU usage

Initiation:
100,000 ops
386,393,000 ns
3,863 ns/op
35.3 % of CPU usage
592 bytes per instance

Single-producer sending:
6,000,000 ops
1,196,355,000 ns
5,015,233 ops/s
23.1 % of CPU usage

Multi-producer sending:
6,000,000 ops
1,645,863,000 ns
3,645,503 ops/s
33.5 % of CPU usage

Max throughput:
12,000,000 ops
1,106,338,000 ns
10,846,594 ops/s
21.4 % of CPU usage

Ping latency:
1,500,000 ops
457,977,000 ns
305 ns/op
13.2 % of CPU usage

Ping throughput 10K:
2,000,000 ops
1,604,656,000 ns
1,246,373 ops/s
17.6 % of CPU usage

Overflow throughput:
5,000,000 ops
452,731,000 ns
11,044,085 ops/s
16.3 % of CPU usage
Tests run: 9, Failures: 0, Errors: 0, Skipped: 0, Time elapsed: 19.995 sec - in com.github.plokhotnyuk.actors.AkkaBoundedActorSpec
Running com.github.plokhotnyuk.actors.AkkaNonBalanceableActorSpec
Executor service type: lbq-thread-pool

Enqueueing:
10,000,000 ops
249,233,000 ns
40,123,097 ops/s
15.1 % of CPU usage
48 bytes per instance

Dequeueing:
10,000,000 ops
487,387,000 ns
20,517,576 ops/s
13.8 % of CPU usage

Initiation:
100,000 ops
400,460,000 ns
4,004 ns/op
41.3 % of CPU usage
408 bytes per instance

Single-producer sending:
6,000,000 ops
741,930,000 ns
8,087,016 ops/s
24.2 % of CPU usage

Multi-producer sending:
6,000,000 ops
1,211,715,000 ns
4,951,659 ops/s
78.4 % of CPU usage

Max throughput:
12,000,000 ops
695,506,000 ns
17,253,625 ops/s
20.1 % of CPU usage

Ping latency:
1,500,000 ops
341,770,000 ns
227 ns/op
13.2 % of CPU usage

Ping throughput 10K:
2,000,000 ops
1,298,190,000 ns
1,540,606 ops/s
18.9 % of CPU usage
Tests run: 8, Failures: 0, Errors: 0, Skipped: 0, Time elapsed: 15.37 sec - in com.github.plokhotnyuk.actors.AkkaNonBalanceableActorSpec
Running com.github.plokhotnyuk.actors.AkkaNonBlockingBoundedActorSpec
Executor service type: lbq-thread-pool

Enqueueing:
10,000,000 ops
268,498,000 ns
37,244,225 ops/s
15.3 % of CPU usage
48 bytes per instance

Dequeueing:
10,000,000 ops
509,014,000 ns
19,645,825 ops/s
13.7 % of CPU usage

Initiation:
100,000 ops
375,433,000 ns
3,754 ns/op
35.3 % of CPU usage
408 bytes per instance

Single-producer sending:
6,000,000 ops
824,071,000 ns
7,280,926 ops/s
23.5 % of CPU usage

Multi-producer sending:
6,000,000 ops
1,391,311,000 ns
4,312,479 ops/s
81.6 % of CPU usage

Max throughput:
12,000,000 ops
762,127,000 ns
15,745,407 ops/s
20.0 % of CPU usage

Ping latency:
1,500,000 ops
364,373,000 ns
242 ns/op
13.1 % of CPU usage

Ping throughput 10K:
2,000,000 ops
1,450,397,000 ns
1,378,932 ops/s
18.3 % of CPU usage

Overflow throughput:
5,000,000 ops
390,586,000 ns
12,801,278 ops/s
15.0 % of CPU usage
Tests run: 9, Failures: 0, Errors: 0, Skipped: 0, Time elapsed: 17.032 sec - in com.github.plokhotnyuk.actors.AkkaNonBlockingBoundedActorSpec
Running com.github.plokhotnyuk.actors.LiftActorSpec
Executor service type: lbq-thread-pool

Enqueueing:
10,000,000 ops
359,263,000 ns
27,834,761 ops/s
13.2 % of CPU usage
24 bytes per instance

Dequeueing:
10,000,000 ops
367,068,000 ns
27,242,908 ops/s
14.7 % of CPU usage

Initiation:
10,000,000 ops
608,966,000 ns
60 ns/op
19.3 % of CPU usage
72 bytes per instance

Single-producer sending:
6,000,000 ops
703,555,000 ns
8,528,117 ops/s
27.1 % of CPU usage

Multi-producer sending:
6,000,000 ops
735,650,000 ns
8,156,052 ops/s
35.0 % of CPU usage

Max throughput:
12,000,000 ops
611,106,000 ns
19,636,527 ops/s
27.8 % of CPU usage

Ping latency:
1,500,000 ops
589,276,000 ns
392 ns/op
16.6 % of CPU usage

Ping throughput 10K:
2,000,000 ops
763,006,000 ns
2,621,211 ops/s
13.6 % of CPU usage
Tests run: 8, Failures: 0, Errors: 0, Skipped: 0, Time elapsed: 13.952 sec - in com.github.plokhotnyuk.actors.LiftActorSpec
Running com.github.plokhotnyuk.actors.MinimalistActorSpec
Executor service type: lbq-thread-pool

Enqueueing:
10,000,000 ops
280,576,000 ns
35,640,967 ops/s
13.5 % of CPU usage
24 bytes per instance

Dequeueing:
2,000,000 ops
324,726,000 ns
6,159,038 ops/s
12.8 % of CPU usage

Initiation:
2,000,000 ops
537,901,000 ns
268 ns/op
31.4 % of CPU usage
152 bytes per instance

Single-producer sending:
3,000,000 ops
622,369,000 ns
4,820,291 ops/s
16.3 % of CPU usage

Multi-producer sending:
3,000,000 ops
854,866,000 ns
3,509,321 ops/s
51.1 % of CPU usage

Max throughput:
6,000,000 ops
873,806,000 ns
6,866,512 ops/s
16.4 % of CPU usage

Ping latency:
2,000,000 ops
387,987,000 ns
193 ns/op
13.2 % of CPU usage

Ping throughput 10K:
4,000,000 ops
828,007,000 ns
4,830,877 ops/s
12.9 % of CPU usage
Tests run: 8, Failures: 0, Errors: 0, Skipped: 0, Time elapsed: 12.029 sec - in com.github.plokhotnyuk.actors.MinimalistActorSpec
Running com.github.plokhotnyuk.actors.ScalaActorSpec
Executor service type: lbq-thread-pool

Enqueueing:
40,000,000 ops
1,289,432,000 ns
31,021,410 ops/s
12.8 % of CPU usage
24 bytes per instance

Dequeueing:
600,000 ops
736,611,000 ns
814,541 ops/s
21.1 % of CPU usage

Initiation:
600,000 ops
291,401,000 ns
485 ns/op
41.1 % of CPU usage
240 bytes per instance

Single-producer sending:
300,000 ops
619,929,000 ns
483,926 ops/s
19.4 % of CPU usage

Multi-producer sending:
300,000 ops
591,292,000 ns
507,363 ops/s
15.6 % of CPU usage

Max throughput:
600,000 ops
1,100,627,000 ns
545,143 ops/s
13.1 % of CPU usage

Ping latency:
250,000 ops
602,205,000 ns
2,408 ns/op
22.7 % of CPU usage

Ping throughput 10K:
400,000 ops
885,397,000 ns
451,774 ops/s
13.6 % of CPU usage
Tests run: 8, Failures: 0, Errors: 0, Skipped: 0, Time elapsed: 15.448 sec - in com.github.plokhotnyuk.actors.ScalaActorSpec
Running com.github.plokhotnyuk.actors.ScalazActorSpec
Executor service type: lbq-thread-pool

Enqueueing:
40,000,000 ops
692,656,000 ns
57,748,723 ops/s
12.7 % of CPU usage
24 bytes per instance

Dequeueing:
40,000,000 ops
177,704,000 ns
225,093,413 ops/s
20.4 % of CPU usage

Initiation:
10,000,000 ops
280,635,000 ns
28 ns/op
25.3 % of CPU usage
104 bytes per instance

Single-producer sending:
16,000,000 ops
683,388,000 ns
23,412,761 ops/s
25.2 % of CPU usage

Multi-producer sending:
16,000,000 ops
2,482,139,000 ns
6,446,053 ops/s
99.1 % of CPU usage

Max throughput:
32,000,000 ops
170,393,000 ns
187,801,142 ops/s
52.0 % of CPU usage

Ping latency:
3,200,000 ops
522,329,000 ns
163 ns/op
13.8 % of CPU usage

Ping throughput 10K:
8,000,000 ops
1,558,203,000 ns
5,134,119 ops/s
13.3 % of CPU usage
Tests run: 8, Failures: 0, Errors: 0, Skipped: 0, Time elapsed: 21.321 sec - in com.github.plokhotnyuk.actors.ScalazActorSpec
Running com.github.plokhotnyuk.actors.ScalazBoundedActor2Spec
Executor service type: lbq-thread-pool

Enqueueing:
40,000,000 ops
752,283,000 ns
53,171,479 ops/s
12.8 % of CPU usage
24 bytes per instance

Dequeueing:
40,000,000 ops
123,696,000 ns
323,373,431 ops/s
21.3 % of CPU usage

Initiation:
10,000,000 ops
197,999,000 ns
19 ns/op
28.5 % of CPU usage
56 bytes per instance

Single-producer sending:
16,000,000 ops
859,342,000 ns
18,618,896 ops/s
25.8 % of CPU usage

Multi-producer sending:
16,000,000 ops
2,598,484,000 ns
6,157,436 ops/s
98.3 % of CPU usage

Max throughput:
32,000,000 ops
168,717,000 ns
189,666,720 ops/s
52.8 % of CPU usage

Ping latency:
3,200,000 ops
435,056,000 ns
135 ns/op
14.1 % of CPU usage

Ping throughput 10K:
8,000,000 ops
1,260,456,000 ns
6,346,909 ops/s
13.1 % of CPU usage

Overflow throughput:
100,000,000 ops
757,181,000 ns
132,068,818 ops/s
12.6 % of CPU usage
Tests run: 9, Failures: 0, Errors: 0, Skipped: 0, Time elapsed: 19.402 sec - in com.github.plokhotnyuk.actors.ScalazBoundedActor2Spec
Running com.github.plokhotnyuk.actors.ScalazUnboundedActor2Spec
Executor service type: lbq-thread-pool

Enqueueing:
40,000,000 ops
699,820,000 ns
57,157,554 ops/s
12.7 % of CPU usage
24 bytes per instance

Dequeueing:
40,000,000 ops
169,652,000 ns
235,776,766 ops/s
18.7 % of CPU usage

Initiation:
10,000,000 ops
169,647,000 ns
16 ns/op
30.9 % of CPU usage
48 bytes per instance

Single-producer sending:
16,000,000 ops
567,619,000 ns
28,187,921 ops/s
25.6 % of CPU usage

Multi-producer sending:
16,000,000 ops
2,400,653,000 ns
6,664,853 ops/s
98.3 % of CPU usage

Max throughput:
32,000,000 ops
194,204,000 ns
164,775,184 ops/s
46.5 % of CPU usage

Ping latency:
3,200,000 ops
413,860,000 ns
129 ns/op
14.6 % of CPU usage

Ping throughput 10K:
8,000,000 ops
1,154,517,000 ns
6,929,304 ops/s
13.4 % of CPU usage
Tests run: 8, Failures: 0, Errors: 0, Skipped: 0, Time elapsed: 17.094 sec - in com.github.plokhotnyuk.actors.ScalazUnboundedActor2Spec

Results :

Tests run: 91, Failures: 0, Errors: 0, Skipped: 0

[INFO] ------------------------------------------------------------------------
[INFO] BUILD SUCCESS
[INFO] ------------------------------------------------------------------------
[INFO] Total time: 03:28 min
[INFO] Finished at: 2014-12-28T13:55:18+02:00
[INFO] Final Memory: 12M/982M
[INFO] ------------------------------------------------------------------------
