[INFO] Scanning for projects...
[INFO]                                                                         
[INFO] ------------------------------------------------------------------------
[INFO] Building Actors 1.0-SNAPSHOT
[INFO] ------------------------------------------------------------------------
[INFO] 
[INFO] --- maven-clean-plugin:2.5:clean (default-clean) @ actors ---
[INFO] Deleting /Users/sergey/workspace/test/actors/target
[INFO] 
[INFO] --- maven-resources-plugin:2.6:resources (default-resources) @ actors ---
[INFO] Using 'UTF-8' encoding to copy filtered resources.
[INFO] skip non existing resourceDirectory /Users/sergey/workspace/test/actors/src/main/resources
[INFO] 
[INFO] --- maven-resources-plugin:2.6:testResources (default-testResources) @ actors ---
[INFO] Using 'UTF-8' encoding to copy filtered resources.
[INFO] skip non existing resourceDirectory /Users/sergey/workspace/test/actors/src/test/resources
[INFO] 
[INFO] --- scala-maven-plugin:3.1.6:testCompile (testCompile) @ actors ---
[WARNING]  Expected all dependencies to require Scala version: 2.11.4
[WARNING]  com.github.plokhotnyuk.actors:actors:1.0-SNAPSHOT requires scala version: 2.11.4
[WARNING]  com.typesafe.akka:akka-actor_2.11:2.3.8 requires scala version: 2.11.4
[WARNING]  net.liftweb:lift-actor_2.11:3.0-M2 requires scala version: 2.11.2
[WARNING] Multiple versions of scala libraries detected!
[INFO] /Users/sergey/workspace/test/actors/src/test/scala:-1: info: compiling
[INFO] Compiling 17 source files to /Users/sergey/workspace/test/actors/target/test-classes at 1419768860373
[WARNING] /Users/sergey/workspace/test/actors/src/test/scala/com/github/gist/viktorklang/Actor.scala:39: warning: This catches all Throwables. If this is really intended, use `case t : Throwable` to clear this warning.
[WARNING]           try e.execute(this) catch { case t => on.set(0); throw t } // Schedule to run on the Executor and back out on failure
[WARNING]                                            ^
[WARNING] /Users/sergey/workspace/test/actors/src/test/scala/com/github/plokhotnyuk/actors/ScalaActorSpec.scala:9: warning: trait SchedulerAdapter in package actors is deprecated: Use the akka.actor package instead. For migration from the scala.actors package refer to the Actors Migration Guide.
[WARNING]   val customScheduler = new SchedulerAdapter {
[WARNING]                             ^
[WARNING] /Users/sergey/workspace/test/actors/src/test/scala/com/github/plokhotnyuk/actors/ScalaActorSpec.scala:53: warning: trait Actor in package actors is deprecated: Use the akka.actor package instead. For migration from the scala.actors package refer to the Actors Migration Guide.
[WARNING]     footprintedAndTimedCollect(600000)(() => new Actor {
[WARNING]                                                  ^
[WARNING] /Users/sergey/workspace/test/actors/src/test/scala/com/github/plokhotnyuk/actors/ScalaActorSpec.scala:126: warning: trait Actor in package actors is deprecated: Use the akka.actor package instead. For migration from the scala.actors package refer to the Actors Migration Guide.
[WARNING]   private def replayAndCountActor(l: CountDownLatch, n: Int): Actor =
[WARNING]                                                               ^
[WARNING] /Users/sergey/workspace/test/actors/src/test/scala/com/github/plokhotnyuk/actors/ScalaActorSpec.scala:127: warning: trait Actor in package actors is deprecated: Use the akka.actor package instead. For migration from the scala.actors package refer to the Actors Migration Guide.
[WARNING]     new Actor {
[WARNING]         ^
[WARNING] /Users/sergey/workspace/test/actors/src/test/scala/com/github/plokhotnyuk/actors/ScalaActorSpec.scala:141: warning: trait IScheduler in package actors is deprecated: Use the akka.actor package instead. For migration from the scala.actors package refer to the Actors Migration Guide.
[WARNING]       override def scheduler: IScheduler = customScheduler
[WARNING]                               ^
[WARNING] /Users/sergey/workspace/test/actors/src/test/scala/com/github/plokhotnyuk/actors/ScalaActorSpec.scala:144: warning: trait Actor in package actors is deprecated: Use the akka.actor package instead. For migration from the scala.actors package refer to the Actors Migration Guide.
[WARNING]   private def blockableCountActor(l1: CountDownLatch, l2: CountDownLatch, n: Int): Actor =
[WARNING]                                                                                    ^
[WARNING] /Users/sergey/workspace/test/actors/src/test/scala/com/github/plokhotnyuk/actors/ScalaActorSpec.scala:145: warning: trait Actor in package actors is deprecated: Use the akka.actor package instead. For migration from the scala.actors package refer to the Actors Migration Guide.
[WARNING]     new Actor {
[WARNING]         ^
[WARNING] /Users/sergey/workspace/test/actors/src/test/scala/com/github/plokhotnyuk/actors/ScalaActorSpec.scala:164: warning: trait IScheduler in package actors is deprecated: Use the akka.actor package instead. For migration from the scala.actors package refer to the Actors Migration Guide.
[WARNING]       override def scheduler: IScheduler = customScheduler
[WARNING]                               ^
[WARNING] /Users/sergey/workspace/test/actors/src/test/scala/com/github/plokhotnyuk/actors/ScalaActorSpec.scala:167: warning: trait Actor in package actors is deprecated: Use the akka.actor package instead. For migration from the scala.actors package refer to the Actors Migration Guide.
[WARNING]   private def countActor(l: CountDownLatch, n: Int): Actor =
[WARNING]                                                      ^
[WARNING] /Users/sergey/workspace/test/actors/src/test/scala/com/github/plokhotnyuk/actors/ScalaActorSpec.scala:168: warning: trait Actor in package actors is deprecated: Use the akka.actor package instead. For migration from the scala.actors package refer to the Actors Migration Guide.
[WARNING]     new Actor {
[WARNING]         ^
[WARNING] /Users/sergey/workspace/test/actors/src/test/scala/com/github/plokhotnyuk/actors/ScalaActorSpec.scala:181: warning: trait IScheduler in package actors is deprecated: Use the akka.actor package instead. For migration from the scala.actors package refer to the Actors Migration Guide.
[WARNING]       override def scheduler: IScheduler = customScheduler
[WARNING]                               ^
[WARNING] /Users/sergey/workspace/test/actors/src/test/scala/com/github/plokhotnyuk/actors/ScalaActorSpec.scala:184: warning: trait Actor in package actors is deprecated: Use the akka.actor package instead. For migration from the scala.actors package refer to the Actors Migration Guide.
[WARNING]   private def sendMessages(a: Actor, n: Int): Unit = {
[WARNING]                               ^
[WARNING] 13 warnings found
[INFO] prepare-compile in 0 s
[INFO] compile in 8 s
[INFO] ------------------------------------------------------------------------
[INFO] BUILD SUCCESS
[INFO] ------------------------------------------------------------------------
[INFO] Total time: 8.834 s
[INFO] Finished at: 2014-12-28T14:14:28+02:00
[INFO] Final Memory: 20M/982M
[INFO] ------------------------------------------------------------------------
[INFO] Scanning for projects...
[INFO]                                                                         
[INFO] ------------------------------------------------------------------------
[INFO] Building Actors 1.0-SNAPSHOT
[INFO] ------------------------------------------------------------------------
[INFO] 
[INFO] --- maven-resources-plugin:2.6:resources (default-resources) @ actors ---
[INFO] Using 'UTF-8' encoding to copy filtered resources.
[INFO] skip non existing resourceDirectory /Users/sergey/workspace/test/actors/src/main/resources
[INFO] 
[INFO] --- maven-resources-plugin:2.6:testResources (default-testResources) @ actors ---
[INFO] Using 'UTF-8' encoding to copy filtered resources.
[INFO] skip non existing resourceDirectory /Users/sergey/workspace/test/actors/src/test/resources
[INFO] 
[INFO] --- scala-maven-plugin:3.1.6:testCompile (testCompile) @ actors ---
[WARNING]  Expected all dependencies to require Scala version: 2.11.4
[WARNING]  com.github.plokhotnyuk.actors:actors:1.0-SNAPSHOT requires scala version: 2.11.4
[WARNING]  com.typesafe.akka:akka-actor_2.11:2.3.8 requires scala version: 2.11.4
[WARNING]  net.liftweb:lift-actor_2.11:3.0-M2 requires scala version: 2.11.2
[WARNING] Multiple versions of scala libraries detected!
[INFO] Nothing to compile - all classes are up to date
[INFO] 
[INFO] --- maven-surefire-plugin:2.16:test (default-test) @ actors ---
[INFO] Surefire report directory: /Users/sergey/workspace/test/actors/target/surefire-reports

-------------------------------------------------------
 T E S T S
-------------------------------------------------------

-------------------------------------------------------
 T E S T S
-------------------------------------------------------
Running com.github.plokhotnyuk.actors.AkkaActorSpec
Executor service type: akka-forkjoin-pool

Enqueueing:
10,000,000 ops
284,135,000 ns
35,194,537 ops/s
15.2 % of CPU usage
48 bytes per instance

Dequeueing:
10,000,000 ops
664,765,000 ns
15,042,909 ops/s
15.8 % of CPU usage

Initiation:
100,000 ops
742,402,000 ns
7,424 ns/op
38.9 % of CPU usage
444 bytes per instance

Single-producer sending:
6,000,000 ops
797,498,000 ns
7,523,529 ops/s
23.5 % of CPU usage

Multi-producer sending:
6,000,000 ops
1,011,628,000 ns
5,931,033 ops/s
76.3 % of CPU usage

Max throughput:
12,000,000 ops
355,863,000 ns
33,720,842 ops/s
96.0 % of CPU usage

Ping latency:
1,500,000 ops
2,138,467,000 ns
1,425 ns/op
61.9 % of CPU usage

Ping throughput 10K:
2,000,000 ops
265,579,000 ns
7,530,715 ops/s
99.6 % of CPU usage
Tests run: 8, Failures: 0, Errors: 0, Skipped: 0, Time elapsed: 16.482 sec - in com.github.plokhotnyuk.actors.AkkaActorSpec
Running com.github.plokhotnyuk.actors.AkkaBalanceableActorSpec
Executor service type: akka-forkjoin-pool

Enqueueing:
10,000,000 ops
254,603,000 ns
39,276,834 ops/s
15.0 % of CPU usage
48 bytes per instance

Dequeueing:
10,000,000 ops
533,384,000 ns
18,748,218 ops/s
15.1 % of CPU usage

Initiation:
100,000 ops
618,301,000 ns
6,183 ns/op
46.4 % of CPU usage
456 bytes per instance

Single-producer sending:
6,000,000 ops
794,137,000 ns
7,555,371 ops/s
23.5 % of CPU usage

Multi-producer sending:
6,000,000 ops
1,241,557,000 ns
4,832,641 ops/s
77.5 % of CPU usage

Max throughput:
12,000,000 ops
471,877,000 ns
25,430,355 ops/s
97.1 % of CPU usage

Ping latency:
1,500,000 ops
2,191,952,000 ns
1,461 ns/op
63.6 % of CPU usage

Ping throughput 10K:
2,000,000 ops
442,301,000 ns
4,521,807 ops/s
99.2 % of CPU usage
Tests run: 8, Failures: 0, Errors: 0, Skipped: 0, Time elapsed: 16.385 sec - in com.github.plokhotnyuk.actors.AkkaBalanceableActorSpec
Running com.github.plokhotnyuk.actors.AkkaBoundedActorSpec
Executor service type: akka-forkjoin-pool

Enqueueing:
10,000,000 ops
528,697,000 ns
18,914,425 ops/s
15.0 % of CPU usage
48 bytes per instance

Dequeueing:
10,000,000 ops
731,850,000 ns
13,664,002 ops/s
14.0 % of CPU usage

Initiation:
100,000 ops
618,484,000 ns
6,184 ns/op
45.7 % of CPU usage
616 bytes per instance

Single-producer sending:
6,000,000 ops
1,456,367,000 ns
4,119,840 ops/s
24.5 % of CPU usage

Multi-producer sending:
6,000,000 ops
1,825,788,000 ns
3,286,252 ops/s
41.5 % of CPU usage

Max throughput:
12,000,000 ops
583,747,000 ns
20,556,850 ops/s
96.4 % of CPU usage

Ping latency:
1,500,000 ops
1,922,351,000 ns
1,281 ns/op
60.7 % of CPU usage

Ping throughput 10K:
2,000,000 ops
369,829,000 ns
5,407,904 ops/s
99.3 % of CPU usage

Overflow throughput:
5,000,000 ops
453,650,000 ns
11,021,712 ops/s
15.0 % of CPU usage
Tests run: 9, Failures: 0, Errors: 0, Skipped: 0, Time elapsed: 20.048 sec - in com.github.plokhotnyuk.actors.AkkaBoundedActorSpec
Running com.github.plokhotnyuk.actors.AkkaNonBalanceableActorSpec
Executor service type: akka-forkjoin-pool

Enqueueing:
10,000,000 ops
257,660,000 ns
38,810,835 ops/s
15.0 % of CPU usage
48 bytes per instance

Dequeueing:
10,000,000 ops
509,558,000 ns
19,624,851 ops/s
15.0 % of CPU usage

Initiation:
100,000 ops
615,269,000 ns
6,152 ns/op
47.6 % of CPU usage
456 bytes per instance

Single-producer sending:
6,000,000 ops
759,964,000 ns
7,895,110 ops/s
24.9 % of CPU usage

Multi-producer sending:
6,000,000 ops
1,140,577,000 ns
5,260,495 ops/s
75.7 % of CPU usage

Max throughput:
12,000,000 ops
314,906,000 ns
38,106,609 ops/s
90.1 % of CPU usage

Ping latency:
1,500,000 ops
2,170,453,000 ns
1,446 ns/op
64.4 % of CPU usage

Ping throughput 10K:
2,000,000 ops
322,314,000 ns
6,205,129 ops/s
99.5 % of CPU usage
Tests run: 8, Failures: 0, Errors: 0, Skipped: 0, Time elapsed: 15.985 sec - in com.github.plokhotnyuk.actors.AkkaNonBalanceableActorSpec
Running com.github.plokhotnyuk.actors.AkkaNonBlockingBoundedActorSpec
Executor service type: akka-forkjoin-pool

Enqueueing:
10,000,000 ops
347,554,000 ns
28,772,507 ops/s
15.1 % of CPU usage
48 bytes per instance

Dequeueing:
10,000,000 ops
531,602,000 ns
18,811,065 ops/s
14.9 % of CPU usage

Initiation:
100,000 ops
659,854,000 ns
6,598 ns/op
44.7 % of CPU usage
456 bytes per instance

Single-producer sending:
6,000,000 ops
860,957,000 ns
6,968,989 ops/s
24.8 % of CPU usage

Multi-producer sending:
6,000,000 ops
1,420,518,000 ns
4,223,811 ops/s
84.3 % of CPU usage

Max throughput:
12,000,000 ops
573,036,000 ns
20,941,092 ops/s
93.7 % of CPU usage

Ping latency:
1,500,000 ops
2,321,886,000 ns
1,547 ns/op
62.4 % of CPU usage

Ping throughput 10K:
2,000,000 ops
336,414,000 ns
5,945,055 ops/s
99.4 % of CPU usage

Overflow throughput:
5,000,000 ops
450,243,000 ns
11,105,114 ops/s
14.8 % of CPU usage
Tests run: 9, Failures: 0, Errors: 0, Skipped: 0, Time elapsed: 18.145 sec - in com.github.plokhotnyuk.actors.AkkaNonBlockingBoundedActorSpec
Running com.github.plokhotnyuk.actors.LiftActorSpec
Executor service type: akka-forkjoin-pool

Enqueueing:
10,000,000 ops
363,313,000 ns
27,524,476 ops/s
13.1 % of CPU usage
24 bytes per instance

Dequeueing:
10,000,000 ops
357,326,000 ns
27,985,648 ops/s
14.8 % of CPU usage

Initiation:
10,000,000 ops
610,276,000 ns
61 ns/op
18.8 % of CPU usage
72 bytes per instance

Single-producer sending:
6,000,000 ops
699,478,000 ns
8,577,825 ops/s
27.4 % of CPU usage

Multi-producer sending:
6,000,000 ops
789,855,000 ns
7,596,330 ops/s
34.9 % of CPU usage

Max throughput:
12,000,000 ops
272,825,000 ns
43,984,238 ops/s
94.4 % of CPU usage

Ping latency:
1,500,000 ops
2,225,858,000 ns
1,483 ns/op
67.0 % of CPU usage

Ping throughput 10K:
2,000,000 ops
1,007,129,000 ns
1,985,842 ops/s
71.1 % of CPU usage
Tests run: 8, Failures: 0, Errors: 0, Skipped: 0, Time elapsed: 15.549 sec - in com.github.plokhotnyuk.actors.LiftActorSpec
Running com.github.plokhotnyuk.actors.MinimalistActorSpec
Executor service type: akka-forkjoin-pool

Enqueueing:
10,000,000 ops
280,324,000 ns
35,673,006 ops/s
13.9 % of CPU usage
24 bytes per instance

Dequeueing:
2,000,000 ops
170,263,000 ns
11,746,533 ops/s
97.3 % of CPU usage

Initiation:
2,000,000 ops
2,010,024,000 ns
1,005 ns/op
91.5 % of CPU usage
152 bytes per instance

Single-producer sending:
3,000,000 ops
4,489,905,000 ns
668,165 ops/s
98.8 % of CPU usage

Multi-producer sending:
3,000,000 ops
2,059,541,000 ns
1,456,635 ops/s
99.2 % of CPU usage

Max throughput:
6,000,000 ops
2,851,960,000 ns
2,103,816 ops/s
99.7 % of CPU usage

Ping latency:
2,000,000 ops
3,648,475,000 ns
1,824 ns/op
85.3 % of CPU usage

Ping throughput 10K:
4,000,000 ops
383,565,000 ns
10,428,480 ops/s
100.5 % of CPU usage
Tests run: 8, Failures: 0, Errors: 0, Skipped: 0, Time elapsed: 23.411 sec - in com.github.plokhotnyuk.actors.MinimalistActorSpec
Running com.github.plokhotnyuk.actors.ScalaActorSpec
Executor service type: akka-forkjoin-pool

Enqueueing:
40,000,000 ops
1,284,879,000 ns
31,131,336 ops/s
12.8 % of CPU usage
24 bytes per instance

Dequeueing:
600,000 ops
2,687,553,000 ns
223,251 ops/s
97.7 % of CPU usage

Initiation:
600,000 ops
1,303,783,000 ns
2,172 ns/op
87.3 % of CPU usage
232 bytes per instance

Single-producer sending:
300,000 ops
975,598,000 ns
307,503 ops/s
97.1 % of CPU usage

Multi-producer sending:
300,000 ops
807,748,000 ns
371,402 ops/s
97.8 % of CPU usage

Max throughput:
600,000 ops
979,907,000 ns
612,303 ops/s
99.8 % of CPU usage

Ping latency:
250,000 ops
735,004,000 ns
2,940 ns/op
98.3 % of CPU usage

Ping throughput 10K:
400,000 ops
275,424,000 ns
1,452,306 ops/s
98.5 % of CPU usage
Tests run: 8, Failures: 0, Errors: 0, Skipped: 0, Time elapsed: 18.62 sec - in com.github.plokhotnyuk.actors.ScalaActorSpec
Running com.github.plokhotnyuk.actors.ScalazActorSpec
Executor service type: akka-forkjoin-pool

Enqueueing:
40,000,000 ops
695,881,000 ns
57,481,092 ops/s
12.7 % of CPU usage
24 bytes per instance

Dequeueing:
40,000,000 ops
180,013,000 ns
222,206,173 ops/s
28.1 % of CPU usage

Initiation:
10,000,000 ops
275,453,000 ns
27 ns/op
26.2 % of CPU usage
104 bytes per instance

Single-producer sending:
16,000,000 ops
680,444,000 ns
23,514,058 ops/s
26.2 % of CPU usage

Multi-producer sending:
16,000,000 ops
1,817,584,000 ns
8,802,894 ops/s
99.3 % of CPU usage

Max throughput:
32,000,000 ops
419,894,000 ns
76,209,710 ops/s
98.2 % of CPU usage

Ping latency:
3,200,000 ops
1,955,433,000 ns
611 ns/op
99.3 % of CPU usage

Ping throughput 10K:
8,000,000 ops
1,551,406,000 ns
5,156,612 ops/s
99.7 % of CPU usage
Tests run: 8, Failures: 0, Errors: 0, Skipped: 0, Time elapsed: 22.432 sec - in com.github.plokhotnyuk.actors.ScalazActorSpec
Running com.github.plokhotnyuk.actors.ScalazBoundedActor2Spec
Executor service type: akka-forkjoin-pool

Enqueueing:
40,000,000 ops
755,289,000 ns
52,959,860 ops/s
12.8 % of CPU usage
24 bytes per instance

Dequeueing:
40,000,000 ops
224,934,000 ns
177,829,941 ops/s
24.5 % of CPU usage

Initiation:
10,000,000 ops
197,073,000 ns
19 ns/op
28.2 % of CPU usage
56 bytes per instance

Single-producer sending:
16,000,000 ops
769,184,000 ns
20,801,264 ops/s
62.3 % of CPU usage

Multi-producer sending:
16,000,000 ops
1,690,761,000 ns
9,463,194 ops/s
99.2 % of CPU usage

Max throughput:
32,000,000 ops
687,750,000 ns
46,528,535 ops/s
99.3 % of CPU usage

Ping latency:
3,200,000 ops
748,292,000 ns
233 ns/op
99.6 % of CPU usage

Ping throughput 10K:
8,000,000 ops
120,073,000 ns
66,626,135 ops/s
98.6 % of CPU usage

Overflow throughput:
100,000,000 ops
809,168,000 ns
123,583,730 ops/s
12.6 % of CPU usage
Tests run: 9, Failures: 0, Errors: 0, Skipped: 0, Time elapsed: 17.848 sec - in com.github.plokhotnyuk.actors.ScalazBoundedActor2Spec
Running com.github.plokhotnyuk.actors.ScalazUnboundedActor2Spec
Executor service type: akka-forkjoin-pool

Enqueueing:
40,000,000 ops
700,726,000 ns
57,083,653 ops/s
12.7 % of CPU usage
24 bytes per instance

Dequeueing:
40,000,000 ops
233,886,000 ns
171,023,490 ops/s
22.7 % of CPU usage

Initiation:
10,000,000 ops
168,510,000 ns
16 ns/op
30.7 % of CPU usage
48 bytes per instance

Single-producer sending:
16,000,000 ops
568,848,000 ns
28,127,021 ops/s
28.2 % of CPU usage

Multi-producer sending:
16,000,000 ops
1,301,164,000 ns
12,296,682 ops/s
98.9 % of CPU usage

Max throughput:
32,000,000 ops
536,033,000 ns
59,697,817 ops/s
99.1 % of CPU usage

Ping latency:
3,200,000 ops
605,275,000 ns
189 ns/op
99.6 % of CPU usage

Ping throughput 10K:
8,000,000 ops
333,697,000 ns
23,973,844 ops/s
99.4 % of CPU usage
Tests run: 8, Failures: 0, Errors: 0, Skipped: 0, Time elapsed: 15.427 sec - in com.github.plokhotnyuk.actors.ScalazUnboundedActor2Spec

Results :

Tests run: 91, Failures: 0, Errors: 0, Skipped: 0

[INFO] ------------------------------------------------------------------------
[INFO] BUILD SUCCESS
[INFO] ------------------------------------------------------------------------
[INFO] Total time: 03:46 min
[INFO] Finished at: 2014-12-28T14:18:15+02:00
[INFO] Final Memory: 12M/982M
[INFO] ------------------------------------------------------------------------
[INFO] Scanning for projects...
[INFO]                                                                         
[INFO] ------------------------------------------------------------------------
[INFO] Building Actors 1.0-SNAPSHOT
[INFO] ------------------------------------------------------------------------
[INFO] 
[INFO] --- maven-resources-plugin:2.6:resources (default-resources) @ actors ---
[INFO] Using 'UTF-8' encoding to copy filtered resources.
[INFO] skip non existing resourceDirectory /Users/sergey/workspace/test/actors/src/main/resources
[INFO] 
[INFO] --- maven-resources-plugin:2.6:testResources (default-testResources) @ actors ---
[INFO] Using 'UTF-8' encoding to copy filtered resources.
[INFO] skip non existing resourceDirectory /Users/sergey/workspace/test/actors/src/test/resources
[INFO] 
[INFO] --- scala-maven-plugin:3.1.6:testCompile (testCompile) @ actors ---
[WARNING]  Expected all dependencies to require Scala version: 2.11.4
[WARNING]  com.github.plokhotnyuk.actors:actors:1.0-SNAPSHOT requires scala version: 2.11.4
[WARNING]  com.typesafe.akka:akka-actor_2.11:2.3.8 requires scala version: 2.11.4
[WARNING]  net.liftweb:lift-actor_2.11:3.0-M2 requires scala version: 2.11.2
[WARNING] Multiple versions of scala libraries detected!
[INFO] Nothing to compile - all classes are up to date
[INFO] 
[INFO] --- maven-surefire-plugin:2.16:test (default-test) @ actors ---
[INFO] Surefire report directory: /Users/sergey/workspace/test/actors/target/surefire-reports

-------------------------------------------------------
 T E S T S
-------------------------------------------------------

-------------------------------------------------------
 T E S T S
-------------------------------------------------------
Running com.github.plokhotnyuk.actors.AkkaActorSpec
Executor service type: scala-forkjoin-pool

Enqueueing:
10,000,000 ops
305,086,000 ns
32,777,643 ops/s
15.1 % of CPU usage
48 bytes per instance

Dequeueing:
10,000,000 ops
656,090,000 ns
15,241,811 ops/s
15.1 % of CPU usage

Initiation:
100,000 ops
991,126,000 ns
9,911 ns/op
48.5 % of CPU usage
456 bytes per instance

Single-producer sending:
6,000,000 ops
769,799,000 ns
7,794,242 ops/s
23.8 % of CPU usage

Multi-producer sending:
6,000,000 ops
1,029,700,000 ns
5,826,939 ops/s
80.3 % of CPU usage

Max throughput:
12,000,000 ops
411,393,000 ns
29,169,188 ops/s
90.7 % of CPU usage

Ping latency:
1,500,000 ops
1,991,875,000 ns
1,327 ns/op
67.2 % of CPU usage

Ping throughput 10K:
2,000,000 ops
747,522,000 ns
2,675,506 ops/s
99.7 % of CPU usage
Tests run: 8, Failures: 0, Errors: 0, Skipped: 0, Time elapsed: 16.56 sec - in com.github.plokhotnyuk.actors.AkkaActorSpec
Running com.github.plokhotnyuk.actors.AkkaBalanceableActorSpec
Executor service type: scala-forkjoin-pool

Enqueueing:
10,000,000 ops
252,718,000 ns
39,569,797 ops/s
15.0 % of CPU usage
48 bytes per instance

Dequeueing:
10,000,000 ops
541,701,000 ns
18,460,368 ops/s
14.6 % of CPU usage

Initiation:
100,000 ops
815,769,000 ns
8,157 ns/op
65.3 % of CPU usage
456 bytes per instance

Single-producer sending:
6,000,000 ops
768,266,000 ns
7,809,795 ops/s
23.7 % of CPU usage

Multi-producer sending:
6,000,000 ops
1,251,829,000 ns
4,792,986 ops/s
75.6 % of CPU usage

Max throughput:
12,000,000 ops
306,583,000 ns
39,141,113 ops/s
92.5 % of CPU usage

Ping latency:
1,500,000 ops
2,137,563,000 ns
1,425 ns/op
79.7 % of CPU usage

Ping throughput 10K:
2,000,000 ops
606,963,000 ns
3,295,093 ops/s
99.6 % of CPU usage
Tests run: 8, Failures: 0, Errors: 0, Skipped: 0, Time elapsed: 16.868 sec - in com.github.plokhotnyuk.actors.AkkaBalanceableActorSpec
Running com.github.plokhotnyuk.actors.AkkaBoundedActorSpec
Executor service type: scala-forkjoin-pool

Enqueueing:
10,000,000 ops
520,820,000 ns
19,200,491 ops/s
14.5 % of CPU usage
48 bytes per instance

Dequeueing:
10,000,000 ops
733,284,000 ns
13,637,281 ops/s
13.8 % of CPU usage

Initiation:
100,000 ops
877,222,000 ns
8,772 ns/op
52.0 % of CPU usage
640 bytes per instance

Single-producer sending:
6,000,000 ops
1,369,901,000 ns
4,379,878 ops/s
24.4 % of CPU usage

Multi-producer sending:
6,000,000 ops
1,776,586,000 ns
3,377,264 ops/s
42.3 % of CPU usage

Max throughput:
12,000,000 ops
621,269,000 ns
19,315,304 ops/s
91.2 % of CPU usage

Ping latency:
1,500,000 ops
1,974,452,000 ns
1,316 ns/op
63.7 % of CPU usage

Ping throughput 10K:
2,000,000 ops
540,391,000 ns
3,701,023 ops/s
99.2 % of CPU usage

Overflow throughput:
5,000,000 ops
492,954,000 ns
10,142,934 ops/s
19.2 % of CPU usage
Tests run: 9, Failures: 0, Errors: 0, Skipped: 0, Time elapsed: 20.776 sec - in com.github.plokhotnyuk.actors.AkkaBoundedActorSpec
Running com.github.plokhotnyuk.actors.AkkaNonBalanceableActorSpec
Executor service type: scala-forkjoin-pool

Enqueueing:
10,000,000 ops
252,278,000 ns
39,638,811 ops/s
14.5 % of CPU usage
48 bytes per instance

Dequeueing:
10,000,000 ops
494,957,000 ns
20,203,775 ops/s
14.8 % of CPU usage

Initiation:
100,000 ops
724,313,000 ns
7,243 ns/op
49.2 % of CPU usage
456 bytes per instance

Single-producer sending:
6,000,000 ops
694,571,000 ns
8,638,425 ops/s
24.8 % of CPU usage

Multi-producer sending:
6,000,000 ops
1,158,003,000 ns
5,181,333 ops/s
76.3 % of CPU usage

Max throughput:
12,000,000 ops
287,978,000 ns
41,669,849 ops/s
90.8 % of CPU usage

Ping latency:
1,500,000 ops
2,152,178,000 ns
1,434 ns/op
84.8 % of CPU usage

Ping throughput 10K:
2,000,000 ops
471,561,000 ns
4,241,232 ops/s
99.5 % of CPU usage
Tests run: 8, Failures: 0, Errors: 0, Skipped: 0, Time elapsed: 16.291 sec - in com.github.plokhotnyuk.actors.AkkaNonBalanceableActorSpec
Running com.github.plokhotnyuk.actors.AkkaNonBlockingBoundedActorSpec
Executor service type: scala-forkjoin-pool

Enqueueing:
10,000,000 ops
265,829,000 ns
37,618,168 ops/s
15.3 % of CPU usage
48 bytes per instance

Dequeueing:
10,000,000 ops
588,476,000 ns
16,993,046 ops/s
14.6 % of CPU usage

Initiation:
100,000 ops
736,286,000 ns
7,362 ns/op
44.2 % of CPU usage
456 bytes per instance

Single-producer sending:
6,000,000 ops
851,044,000 ns
7,050,164 ops/s
24.1 % of CPU usage

Multi-producer sending:
6,000,000 ops
1,460,883,000 ns
4,107,105 ops/s
82.8 % of CPU usage

Max throughput:
12,000,000 ops
378,209,000 ns
31,728,488 ops/s
97.9 % of CPU usage

Ping latency:
1,500,000 ops
2,297,939,000 ns
1,531 ns/op
62.5 % of CPU usage

Ping throughput 10K:
2,000,000 ops
441,224,000 ns
4,532,844 ops/s
99.6 % of CPU usage

Overflow throughput:
5,000,000 ops
397,058,000 ns
12,592,618 ops/s
15.6 % of CPU usage
Tests run: 9, Failures: 0, Errors: 0, Skipped: 0, Time elapsed: 17.922 sec - in com.github.plokhotnyuk.actors.AkkaNonBlockingBoundedActorSpec
Running com.github.plokhotnyuk.actors.LiftActorSpec
Executor service type: scala-forkjoin-pool

Enqueueing:
10,000,000 ops
363,260,000 ns
27,528,491 ops/s
13.1 % of CPU usage
24 bytes per instance

Dequeueing:
10,000,000 ops
435,681,000 ns
22,952,573 ops/s
13.6 % of CPU usage

Initiation:
10,000,000 ops
669,643,000 ns
66 ns/op
18.3 % of CPU usage
72 bytes per instance

Single-producer sending:
6,000,000 ops
683,628,000 ns
8,776,703 ops/s
27.4 % of CPU usage

Multi-producer sending:
6,000,000 ops
906,389,000 ns
6,619,674 ops/s
40.4 % of CPU usage

Max throughput:
12,000,000 ops
324,794,000 ns
36,946,495 ops/s
92.2 % of CPU usage

Ping latency:
1,500,000 ops
2,576,194,000 ns
1,717 ns/op
64.2 % of CPU usage

Ping throughput 10K:
2,000,000 ops
962,152,000 ns
2,078,673 ops/s
68.0 % of CPU usage
Tests run: 8, Failures: 0, Errors: 0, Skipped: 0, Time elapsed: 16.535 sec - in com.github.plokhotnyuk.actors.LiftActorSpec
Running com.github.plokhotnyuk.actors.MinimalistActorSpec
Executor service type: scala-forkjoin-pool

Enqueueing:
10,000,000 ops
281,956,000 ns
35,466,526 ops/s
13.6 % of CPU usage
24 bytes per instance

Dequeueing:
2,000,000 ops
1,334,258,000 ns
1,498,960 ops/s
99.7 % of CPU usage

Initiation:
2,000,000 ops
1,899,618,000 ns
949 ns/op
92.8 % of CPU usage
152 bytes per instance

Single-producer sending:
3,000,000 ops
2,183,658,000 ns
1,373,841 ops/s
98.6 % of CPU usage

Multi-producer sending:
3,000,000 ops
2,305,064,000 ns
1,301,482 ops/s
99.7 % of CPU usage

Max throughput:
6,000,000 ops
2,730,125,000 ns
2,197,701 ops/s
99.3 % of CPU usage

Ping latency:
2,000,000 ops
2,855,185,000 ns
1,427 ns/op
94.4 % of CPU usage

Ping throughput 10K:
4,000,000 ops
807,713,000 ns
4,952,254 ops/s
100.0 % of CPU usage
Tests run: 8, Failures: 0, Errors: 0, Skipped: 0, Time elapsed: 27.286 sec - in com.github.plokhotnyuk.actors.MinimalistActorSpec
Running com.github.plokhotnyuk.actors.ScalaActorSpec
Executor service type: scala-forkjoin-pool

Enqueueing:
40,000,000 ops
1,296,106,000 ns
30,861,673 ops/s
12.8 % of CPU usage
24 bytes per instance

Dequeueing:
600,000 ops
2,697,230,000 ns
222,450 ops/s
99.1 % of CPU usage

Initiation:
600,000 ops
1,124,954,000 ns
1,874 ns/op
85.5 % of CPU usage
224 bytes per instance

Single-producer sending:
300,000 ops
806,886,000 ns
371,799 ops/s
98.5 % of CPU usage

Multi-producer sending:
300,000 ops
718,524,000 ns
417,522 ops/s
97.6 % of CPU usage

Max throughput:
600,000 ops
1,223,466,000 ns
490,410 ops/s
99.6 % of CPU usage

Ping latency:
250,000 ops
1,421,464,000 ns
5,685 ns/op
97.3 % of CPU usage

Ping throughput 10K:
400,000 ops
270,955,000 ns
1,476,259 ops/s
99.2 % of CPU usage
Tests run: 8, Failures: 0, Errors: 0, Skipped: 0, Time elapsed: 19.095 sec - in com.github.plokhotnyuk.actors.ScalaActorSpec
Running com.github.plokhotnyuk.actors.ScalazActorSpec
Executor service type: scala-forkjoin-pool

Enqueueing:
40,000,000 ops
694,399,000 ns
57,603,769 ops/s
12.7 % of CPU usage
24 bytes per instance

Dequeueing:
40,000,000 ops
183,765,000 ns
217,669,305 ops/s
28.1 % of CPU usage

Initiation:
10,000,000 ops
273,460,000 ns
27 ns/op
25.5 % of CPU usage
104 bytes per instance

Single-producer sending:
16,000,000 ops
629,508,000 ns
25,416,674 ops/s
26.8 % of CPU usage

Multi-producer sending:
16,000,000 ops
1,804,222,000 ns
8,868,088 ops/s
99.1 % of CPU usage

Max throughput:
32,000,000 ops
624,415,000 ns
51,247,968 ops/s
99.8 % of CPU usage

Ping latency:
3,200,000 ops
2,211,611,000 ns
691 ns/op
99.4 % of CPU usage

Ping throughput 10K:
8,000,000 ops
1,443,549,000 ns
5,541,897 ops/s
99.5 % of CPU usage
Tests run: 8, Failures: 0, Errors: 0, Skipped: 0, Time elapsed: 22.59 sec - in com.github.plokhotnyuk.actors.ScalazActorSpec
Running com.github.plokhotnyuk.actors.ScalazBoundedActor2Spec
Executor service type: scala-forkjoin-pool

Enqueueing:
40,000,000 ops
751,987,000 ns
53,192,408 ops/s
12.8 % of CPU usage
24 bytes per instance

Dequeueing:
40,000,000 ops
132,407,000 ns
302,098,831 ops/s
92.5 % of CPU usage

Initiation:
10,000,000 ops
196,618,000 ns
19 ns/op
28.5 % of CPU usage
56 bytes per instance

Single-producer sending:
16,000,000 ops
666,309,000 ns
24,012,882 ops/s
62.3 % of CPU usage

Multi-producer sending:
16,000,000 ops
1,832,682,000 ns
8,730,374 ops/s
98.5 % of CPU usage

Max throughput:
32,000,000 ops
615,449,000 ns
51,994,560 ops/s
99.6 % of CPU usage

Ping latency:
3,200,000 ops
891,855,000 ns
278 ns/op
99.7 % of CPU usage

Ping throughput 10K:
8,000,000 ops
124,820,000 ns
64,092,292 ops/s
98.7 % of CPU usage

Overflow throughput:
100,000,000 ops
796,855,000 ns
125,493,345 ops/s
12.6 % of CPU usage
Tests run: 9, Failures: 0, Errors: 0, Skipped: 0, Time elapsed: 20.338 sec - in com.github.plokhotnyuk.actors.ScalazBoundedActor2Spec
Running com.github.plokhotnyuk.actors.ScalazUnboundedActor2Spec
Executor service type: scala-forkjoin-pool

Enqueueing:
40,000,000 ops
707,857,000 ns
56,508,588 ops/s
12.8 % of CPU usage
24 bytes per instance

Dequeueing:
40,000,000 ops
216,159,000 ns
185,048,968 ops/s
30.5 % of CPU usage

Initiation:
10,000,000 ops
168,706,000 ns
16 ns/op
30.7 % of CPU usage
48 bytes per instance

Single-producer sending:
16,000,000 ops
552,581,000 ns
28,955,031 ops/s
27.2 % of CPU usage

Multi-producer sending:
16,000,000 ops
1,278,537,000 ns
12,514,303 ops/s
96.7 % of CPU usage

Max throughput:
32,000,000 ops
596,899,000 ns
53,610,409 ops/s
98.9 % of CPU usage

Ping latency:
3,200,000 ops
728,684,000 ns
227 ns/op
99.7 % of CPU usage

Ping throughput 10K:
8,000,000 ops
113,300,000 ns
70,609,002 ops/s
97.8 % of CPU usage
Tests run: 8, Failures: 0, Errors: 0, Skipped: 0, Time elapsed: 15.374 sec - in com.github.plokhotnyuk.actors.ScalazUnboundedActor2Spec

Results :

Tests run: 91, Failures: 0, Errors: 0, Skipped: 0

[INFO] ------------------------------------------------------------------------
[INFO] BUILD SUCCESS
[INFO] ------------------------------------------------------------------------
[INFO] Total time: 03:53 min
[INFO] Finished at: 2014-12-28T14:22:10+02:00
[INFO] Final Memory: 12M/982M
[INFO] ------------------------------------------------------------------------
[INFO] Scanning for projects...
[INFO]                                                                         
[INFO] ------------------------------------------------------------------------
[INFO] Building Actors 1.0-SNAPSHOT
[INFO] ------------------------------------------------------------------------
[INFO] 
[INFO] --- maven-resources-plugin:2.6:resources (default-resources) @ actors ---
[INFO] Using 'UTF-8' encoding to copy filtered resources.
[INFO] skip non existing resourceDirectory /Users/sergey/workspace/test/actors/src/main/resources
[INFO] 
[INFO] --- maven-resources-plugin:2.6:testResources (default-testResources) @ actors ---
[INFO] Using 'UTF-8' encoding to copy filtered resources.
[INFO] skip non existing resourceDirectory /Users/sergey/workspace/test/actors/src/test/resources
[INFO] 
[INFO] --- scala-maven-plugin:3.1.6:testCompile (testCompile) @ actors ---
[WARNING]  Expected all dependencies to require Scala version: 2.11.4
[WARNING]  com.github.plokhotnyuk.actors:actors:1.0-SNAPSHOT requires scala version: 2.11.4
[WARNING]  com.typesafe.akka:akka-actor_2.11:2.3.8 requires scala version: 2.11.4
[WARNING]  net.liftweb:lift-actor_2.11:3.0-M2 requires scala version: 2.11.2
[WARNING] Multiple versions of scala libraries detected!
[INFO] Nothing to compile - all classes are up to date
[INFO] 
[INFO] --- maven-surefire-plugin:2.16:test (default-test) @ actors ---
[INFO] Surefire report directory: /Users/sergey/workspace/test/actors/target/surefire-reports

-------------------------------------------------------
 T E S T S
-------------------------------------------------------

-------------------------------------------------------
 T E S T S
-------------------------------------------------------
Running com.github.plokhotnyuk.actors.AkkaActorSpec
Executor service type: java-forkjoin-pool

Enqueueing:
10,000,000 ops
287,681,000 ns
34,760,724 ops/s
15.3 % of CPU usage
48 bytes per instance

Dequeueing:
10,000,000 ops
639,795,000 ns
15,630,006 ops/s
15.4 % of CPU usage

Initiation:
100,000 ops
647,237,000 ns
6,472 ns/op
43.0 % of CPU usage
428 bytes per instance

Single-producer sending:
6,000,000 ops
765,345,000 ns
7,839,601 ops/s
22.8 % of CPU usage

Multi-producer sending:
6,000,000 ops
1,003,717,000 ns
5,977,780 ops/s
76.1 % of CPU usage

Max throughput:
12,000,000 ops
563,838,000 ns
21,282,708 ops/s
91.7 % of CPU usage

Ping latency:
1,500,000 ops
3,319,490,000 ns
2,212 ns/op
77.6 % of CPU usage

Ping throughput 10K:
2,000,000 ops
758,075,000 ns
2,638,261 ops/s
99.4 % of CPU usage
Tests run: 8, Failures: 0, Errors: 0, Skipped: 0, Time elapsed: 17.741 sec - in com.github.plokhotnyuk.actors.AkkaActorSpec
Running com.github.plokhotnyuk.actors.AkkaBalanceableActorSpec
Executor service type: java-forkjoin-pool

Enqueueing:
10,000,000 ops
254,426,000 ns
39,304,159 ops/s
15.0 % of CPU usage
48 bytes per instance

Dequeueing:
10,000,000 ops
548,152,000 ns
18,243,115 ops/s
14.4 % of CPU usage

Initiation:
100,000 ops
643,611,000 ns
6,436 ns/op
42.6 % of CPU usage
428 bytes per instance

Single-producer sending:
6,000,000 ops
795,468,000 ns
7,542,729 ops/s
23.8 % of CPU usage

Multi-producer sending:
6,000,000 ops
1,216,239,000 ns
4,933,240 ops/s
75.2 % of CPU usage

Max throughput:
12,000,000 ops
409,773,000 ns
29,284,506 ops/s
85.7 % of CPU usage

Ping latency:
1,500,000 ops
3,332,452,000 ns
2,221 ns/op
67.5 % of CPU usage

Ping throughput 10K:
2,000,000 ops
594,712,000 ns
3,362,972 ops/s
99.4 % of CPU usage
Tests run: 8, Failures: 0, Errors: 0, Skipped: 0, Time elapsed: 17.784 sec - in com.github.plokhotnyuk.actors.AkkaBalanceableActorSpec
Running com.github.plokhotnyuk.actors.AkkaBoundedActorSpec
Executor service type: java-forkjoin-pool

Enqueueing:
10,000,000 ops
520,162,000 ns
19,224,779 ops/s
15.0 % of CPU usage
48 bytes per instance

Dequeueing:
10,000,000 ops
750,466,000 ns
13,325,054 ops/s
13.8 % of CPU usage

Initiation:
100,000 ops
654,594,000 ns
6,545 ns/op
41.0 % of CPU usage
612 bytes per instance

Single-producer sending:
6,000,000 ops
1,444,094,000 ns
4,154,854 ops/s
24.2 % of CPU usage

Multi-producer sending:
6,000,000 ops
1,535,259,000 ns
3,908,135 ops/s
36.6 % of CPU usage

Max throughput:
12,000,000 ops
557,799,000 ns
21,513,125 ops/s
90.2 % of CPU usage

Ping latency:
1,500,000 ops
2,914,366,000 ns
1,942 ns/op
64.5 % of CPU usage

Ping throughput 10K:
2,000,000 ops
374,315,000 ns
5,343,093 ops/s
99.5 % of CPU usage

Overflow throughput:
5,000,000 ops
485,951,000 ns
10,289,103 ops/s
14.7 % of CPU usage
Tests run: 9, Failures: 0, Errors: 0, Skipped: 0, Time elapsed: 21.041 sec - in com.github.plokhotnyuk.actors.AkkaBoundedActorSpec
Running com.github.plokhotnyuk.actors.AkkaNonBalanceableActorSpec
Executor service type: java-forkjoin-pool

Enqueueing:
10,000,000 ops
250,890,000 ns
39,858,105 ops/s
15.1 % of CPU usage
48 bytes per instance

Dequeueing:
10,000,000 ops
500,856,000 ns
19,965,818 ops/s
15.0 % of CPU usage

Initiation:
100,000 ops
642,625,000 ns
6,426 ns/op
44.3 % of CPU usage
428 bytes per instance

Single-producer sending:
6,000,000 ops
723,300,000 ns
8,295,313 ops/s
23.9 % of CPU usage

Multi-producer sending:
6,000,000 ops
1,089,938,000 ns
5,504,900 ops/s
79.9 % of CPU usage

Max throughput:
12,000,000 ops
436,988,000 ns
27,460,708 ops/s
84.8 % of CPU usage

Ping latency:
1,500,000 ops
3,289,181,000 ns
2,192 ns/op
67.2 % of CPU usage

Ping throughput 10K:
2,000,000 ops
444,350,000 ns
4,500,956 ops/s
99.3 % of CPU usage
Tests run: 8, Failures: 0, Errors: 0, Skipped: 0, Time elapsed: 17.108 sec - in com.github.plokhotnyuk.actors.AkkaNonBalanceableActorSpec
Running com.github.plokhotnyuk.actors.AkkaNonBlockingBoundedActorSpec
Executor service type: java-forkjoin-pool

Enqueueing:
10,000,000 ops
268,647,000 ns
37,223,568 ops/s
15.3 % of CPU usage
48 bytes per instance

Dequeueing:
10,000,000 ops
520,829,000 ns
19,200,159 ops/s
14.4 % of CPU usage

Initiation:
100,000 ops
665,439,000 ns
6,654 ns/op
46.6 % of CPU usage
432 bytes per instance

Single-producer sending:
6,000,000 ops
879,947,000 ns
6,818,592 ops/s
24.7 % of CPU usage

Multi-producer sending:
6,000,000 ops
1,415,370,000 ns
4,239,174 ops/s
84.4 % of CPU usage

Max throughput:
12,000,000 ops
517,994,000 ns
23,166,291 ops/s
96.5 % of CPU usage

Ping latency:
1,500,000 ops
3,349,544,000 ns
2,233 ns/op
68.8 % of CPU usage

Ping throughput 10K:
2,000,000 ops
735,703,000 ns
2,718,488 ops/s
98.8 % of CPU usage

Overflow throughput:
5,000,000 ops
442,234,000 ns
11,306,231 ops/s
14.2 % of CPU usage
Tests run: 9, Failures: 0, Errors: 0, Skipped: 0, Time elapsed: 19.472 sec - in com.github.plokhotnyuk.actors.AkkaNonBlockingBoundedActorSpec
Running com.github.plokhotnyuk.actors.LiftActorSpec
Executor service type: java-forkjoin-pool

Enqueueing:
10,000,000 ops
360,182,000 ns
27,763,741 ops/s
13.3 % of CPU usage
24 bytes per instance

Dequeueing:
10,000,000 ops
370,325,000 ns
27,003,307 ops/s
14.7 % of CPU usage

Initiation:
10,000,000 ops
613,685,000 ns
61 ns/op
18.7 % of CPU usage
72 bytes per instance

Single-producer sending:
6,000,000 ops
692,448,000 ns
8,664,910 ops/s
27.4 % of CPU usage

Multi-producer sending:
6,000,000 ops
731,636,000 ns
8,200,799 ops/s
34.7 % of CPU usage

Max throughput:
12,000,000 ops
269,493,000 ns
44,528,058 ops/s
95.3 % of CPU usage

Ping latency:
1,500,000 ops
2,407,042,000 ns
1,604 ns/op
54.9 % of CPU usage

Ping throughput 10K:
2,000,000 ops
604,059,000 ns
3,310,934 ops/s
81.5 % of CPU usage
Tests run: 8, Failures: 0, Errors: 0, Skipped: 0, Time elapsed: 15.267 sec - in com.github.plokhotnyuk.actors.LiftActorSpec
Running com.github.plokhotnyuk.actors.MinimalistActorSpec
Executor service type: java-forkjoin-pool

Enqueueing:
10,000,000 ops
281,056,000 ns
35,580,097 ops/s
13.6 % of CPU usage
24 bytes per instance

Dequeueing:
2,000,000 ops
297,051,000 ns
6,732,850 ops/s
99.6 % of CPU usage

Initiation:
2,000,000 ops
3,873,682,000 ns
1,936 ns/op
89.0 % of CPU usage
152 bytes per instance

Single-producer sending:
3,000,000 ops
912,270,000 ns
3,288,500 ops/s
99.8 % of CPU usage

Multi-producer sending:
3,000,000 ops
721,305,000 ns
4,159,128 ops/s
99.8 % of CPU usage

Max throughput:
6,000,000 ops
1,004,350,000 ns
5,974,013 ops/s
99.7 % of CPU usage

Ping latency:
2,000,000 ops
432,349,000 ns
216 ns/op
95.5 % of CPU usage

Ping throughput 10K:
4,000,000 ops
906,246,000 ns
4,413,812 ops/s
98.4 % of CPU usage
Tests run: 8, Failures: 0, Errors: 0, Skipped: 0, Time elapsed: 16.116 sec - in com.github.plokhotnyuk.actors.MinimalistActorSpec
Running com.github.plokhotnyuk.actors.ScalaActorSpec
Executor service type: java-forkjoin-pool

Enqueueing:
40,000,000 ops
1,292,337,000 ns
30,951,679 ops/s
12.8 % of CPU usage
24 bytes per instance

Dequeueing:
600,000 ops
1,823,841,000 ns
328,976 ops/s
97.4 % of CPU usage

Initiation:
600,000 ops
1,911,309,000 ns
3,185 ns/op
78.7 % of CPU usage
224 bytes per instance

Single-producer sending:
300,000 ops
841,431,000 ns
356,535 ops/s
98.4 % of CPU usage

Multi-producer sending:
300,000 ops
707,774,000 ns
423,864 ops/s
98.3 % of CPU usage

Max throughput:
600,000 ops
828,046,000 ns
724,597 ops/s
99.8 % of CPU usage

Ping latency:
250,000 ops
1,060,509,000 ns
4,242 ns/op
99.1 % of CPU usage

Ping throughput 10K:
400,000 ops
402,584,000 ns
993,581 ops/s
99.2 % of CPU usage
Tests run: 8, Failures: 0, Errors: 0, Skipped: 0, Time elapsed: 18.359 sec - in com.github.plokhotnyuk.actors.ScalaActorSpec
Running com.github.plokhotnyuk.actors.ScalazActorSpec
Executor service type: java-forkjoin-pool

Enqueueing:
40,000,000 ops
694,928,000 ns
57,559,919 ops/s
12.8 % of CPU usage
24 bytes per instance

Dequeueing:
40,000,000 ops
247,899,000 ns
161,356,036 ops/s
18.9 % of CPU usage

Initiation:
10,000,000 ops
274,943,000 ns
27 ns/op
25.6 % of CPU usage
104 bytes per instance

Single-producer sending:
16,000,000 ops
652,207,000 ns
24,532,088 ops/s
25.5 % of CPU usage

Multi-producer sending:
16,000,000 ops
2,159,933,000 ns
7,407,637 ops/s
99.4 % of CPU usage

Max throughput:
32,000,000 ops
645,568,000 ns
49,568,751 ops/s
93.9 % of CPU usage

Ping latency:
3,200,000 ops
1,248,092,000 ns
390 ns/op
99.5 % of CPU usage

Ping throughput 10K:
8,000,000 ops
2,220,868,000 ns
3,602,195 ops/s
99.5 % of CPU usage
Tests run: 8, Failures: 0, Errors: 0, Skipped: 0, Time elapsed: 22.807 sec - in com.github.plokhotnyuk.actors.ScalazActorSpec
Running com.github.plokhotnyuk.actors.ScalazBoundedActor2Spec
Executor service type: java-forkjoin-pool

Enqueueing:
40,000,000 ops
753,215,000 ns
53,105,686 ops/s
12.8 % of CPU usage
24 bytes per instance

Dequeueing:
40,000,000 ops
186,357,000 ns
214,641,789 ops/s
36.6 % of CPU usage

Initiation:
10,000,000 ops
196,976,000 ns
19 ns/op
28.3 % of CPU usage
56 bytes per instance

Single-producer sending:
16,000,000 ops
610,883,000 ns
26,191,594 ops/s
48.2 % of CPU usage

Multi-producer sending:
16,000,000 ops
1,621,987,000 ns
9,864,444 ops/s
98.4 % of CPU usage

Max throughput:
32,000,000 ops
640,007,000 ns
49,999,453 ops/s
99.7 % of CPU usage

Ping latency:
3,200,000 ops
860,916,000 ns
269 ns/op
99.2 % of CPU usage

Ping throughput 10K:
8,000,000 ops
1,951,872,000 ns
4,098,629 ops/s
99.5 % of CPU usage

Overflow throughput:
100,000,000 ops
792,198,000 ns
126,231,068 ops/s
12.5 % of CPU usage
Tests run: 9, Failures: 0, Errors: 0, Skipped: 0, Time elapsed: 19.498 sec - in com.github.plokhotnyuk.actors.ScalazBoundedActor2Spec
Running com.github.plokhotnyuk.actors.ScalazUnboundedActor2Spec
Executor service type: java-forkjoin-pool

Enqueueing:
40,000,000 ops
705,949,000 ns
56,661,316 ops/s
12.7 % of CPU usage
24 bytes per instance

Dequeueing:
40,000,000 ops
226,469,000 ns
176,624,615 ops/s
21.9 % of CPU usage

Initiation:
10,000,000 ops
168,912,000 ns
16 ns/op
30.6 % of CPU usage
48 bytes per instance

Single-producer sending:
16,000,000 ops
568,664,000 ns
28,136,122 ops/s
26.6 % of CPU usage

Multi-producer sending:
16,000,000 ops
1,303,284,000 ns
12,276,679 ops/s
99.0 % of CPU usage

Max throughput:
32,000,000 ops
498,573,000 ns
64,183,178 ops/s
98.3 % of CPU usage

Ping latency:
3,200,000 ops
821,708,000 ns
256 ns/op
99.3 % of CPU usage

Ping throughput 10K:
8,000,000 ops
2,109,159,000 ns
3,792,980 ops/s
99.7 % of CPU usage
Tests run: 8, Failures: 0, Errors: 0, Skipped: 0, Time elapsed: 17.391 sec - in com.github.plokhotnyuk.actors.ScalazUnboundedActor2Spec

Results :

Tests run: 91, Failures: 0, Errors: 0, Skipped: 0

[INFO] ------------------------------------------------------------------------
[INFO] BUILD SUCCESS
[INFO] ------------------------------------------------------------------------
[INFO] Total time: 03:55 min
[INFO] Finished at: 2014-12-28T14:26:07+02:00
[INFO] Final Memory: 12M/982M
[INFO] ------------------------------------------------------------------------
[INFO] Scanning for projects...
[INFO]                                                                         
[INFO] ------------------------------------------------------------------------
[INFO] Building Actors 1.0-SNAPSHOT
[INFO] ------------------------------------------------------------------------
[INFO] 
[INFO] --- maven-resources-plugin:2.6:resources (default-resources) @ actors ---
[INFO] Using 'UTF-8' encoding to copy filtered resources.
[INFO] skip non existing resourceDirectory /Users/sergey/workspace/test/actors/src/main/resources
[INFO] 
[INFO] --- maven-resources-plugin:2.6:testResources (default-testResources) @ actors ---
[INFO] Using 'UTF-8' encoding to copy filtered resources.
[INFO] skip non existing resourceDirectory /Users/sergey/workspace/test/actors/src/test/resources
[INFO] 
[INFO] --- scala-maven-plugin:3.1.6:testCompile (testCompile) @ actors ---
[WARNING]  Expected all dependencies to require Scala version: 2.11.4
[WARNING]  com.github.plokhotnyuk.actors:actors:1.0-SNAPSHOT requires scala version: 2.11.4
[WARNING]  com.typesafe.akka:akka-actor_2.11:2.3.8 requires scala version: 2.11.4
[WARNING]  net.liftweb:lift-actor_2.11:3.0-M2 requires scala version: 2.11.2
[WARNING] Multiple versions of scala libraries detected!
[INFO] Nothing to compile - all classes are up to date
[INFO] 
[INFO] --- maven-surefire-plugin:2.16:test (default-test) @ actors ---
[INFO] Surefire report directory: /Users/sergey/workspace/test/actors/target/surefire-reports

-------------------------------------------------------
 T E S T S
-------------------------------------------------------

-------------------------------------------------------
 T E S T S
-------------------------------------------------------
Running com.github.plokhotnyuk.actors.AkkaActorSpec
Executor service type: abq-thread-pool

Enqueueing:
10,000,000 ops
334,312,000 ns
29,912,177 ops/s
15.0 % of CPU usage
48 bytes per instance

Dequeueing:
10,000,000 ops
696,452,000 ns
14,358,491 ops/s
15.0 % of CPU usage

Initiation:
100,000 ops
712,119,000 ns
7,121 ns/op
42.0 % of CPU usage
424 bytes per instance

Single-producer sending:
6,000,000 ops
839,559,000 ns
7,146,609 ops/s
22.4 % of CPU usage

Multi-producer sending:
6,000,000 ops
1,018,433,000 ns
5,891,403 ops/s
75.7 % of CPU usage

Max throughput:
12,000,000 ops
302,931,000 ns
39,612,981 ops/s
96.0 % of CPU usage

Ping latency:
1,500,000 ops
7,084,407,000 ns
4,722 ns/op
15.5 % of CPU usage

Ping throughput 10K:
2,000,000 ops
1,300,338,000 ns
1,538,061 ops/s
41.9 % of CPU usage
Tests run: 8, Failures: 0, Errors: 0, Skipped: 0, Time elapsed: 22.781 sec - in com.github.plokhotnyuk.actors.AkkaActorSpec
Running com.github.plokhotnyuk.actors.AkkaBalanceableActorSpec
Executor service type: abq-thread-pool

Enqueueing:
10,000,000 ops
252,981,000 ns
39,528,660 ops/s
15.0 % of CPU usage
48 bytes per instance

Dequeueing:
10,000,000 ops
559,427,000 ns
17,875,433 ops/s
15.2 % of CPU usage

Initiation:
100,000 ops
726,948,000 ns
7,269 ns/op
41.2 % of CPU usage
424 bytes per instance

Single-producer sending:
6,000,000 ops
802,293,000 ns
7,478,564 ops/s
22.3 % of CPU usage

Multi-producer sending:
6,000,000 ops
1,298,485,000 ns
4,620,769 ops/s
75.5 % of CPU usage

Max throughput:
12,000,000 ops
318,258,000 ns
37,705,257 ops/s
91.7 % of CPU usage

Ping latency:
1,500,000 ops
7,144,606,000 ns
4,763 ns/op
15.5 % of CPU usage

Ping throughput 10K:
2,000,000 ops
1,323,699,000 ns
1,510,917 ops/s
39.1 % of CPU usage
Tests run: 8, Failures: 0, Errors: 0, Skipped: 0, Time elapsed: 22.754 sec - in com.github.plokhotnyuk.actors.AkkaBalanceableActorSpec
Running com.github.plokhotnyuk.actors.AkkaBoundedActorSpec
Executor service type: abq-thread-pool

Enqueueing:
10,000,000 ops
526,163,000 ns
19,005,517 ops/s
14.9 % of CPU usage
48 bytes per instance

Dequeueing:
10,000,000 ops
772,626,000 ns
12,942,872 ops/s
13.9 % of CPU usage

Initiation:
100,000 ops
754,010,000 ns
7,540 ns/op
41.2 % of CPU usage
608 bytes per instance

Single-producer sending:
6,000,000 ops
1,551,662,000 ns
3,866,821 ops/s
23.7 % of CPU usage

Multi-producer sending:
6,000,000 ops
1,832,392,000 ns
3,274,408 ops/s
35.0 % of CPU usage

Max throughput:
12,000,000 ops
558,270,000 ns
21,494,975 ops/s
95.2 % of CPU usage

Ping latency:
1,500,000 ops
7,122,397,000 ns
4,748 ns/op
15.6 % of CPU usage

Ping throughput 10K:
2,000,000 ops
1,399,662,000 ns
1,428,916 ops/s
40.4 % of CPU usage

Overflow throughput:
5,000,000 ops
438,973,000 ns
11,390,222 ops/s
13.7 % of CPU usage
Tests run: 9, Failures: 0, Errors: 0, Skipped: 0, Time elapsed: 26.978 sec - in com.github.plokhotnyuk.actors.AkkaBoundedActorSpec
Running com.github.plokhotnyuk.actors.AkkaNonBalanceableActorSpec
Executor service type: abq-thread-pool

Enqueueing:
10,000,000 ops
252,813,000 ns
39,554,927 ops/s
15.1 % of CPU usage
48 bytes per instance

Dequeueing:
10,000,000 ops
528,619,000 ns
18,917,216 ops/s
14.7 % of CPU usage

Initiation:
100,000 ops
742,117,000 ns
7,421 ns/op
42.4 % of CPU usage
424 bytes per instance

Single-producer sending:
6,000,000 ops
728,033,000 ns
8,241,384 ops/s
23.4 % of CPU usage

Multi-producer sending:
6,000,000 ops
1,235,959,000 ns
4,854,529 ops/s
72.1 % of CPU usage

Max throughput:
12,000,000 ops
278,685,000 ns
43,059,368 ops/s
84.8 % of CPU usage

Ping latency:
1,500,000 ops
6,894,155,000 ns
4,596 ns/op
15.4 % of CPU usage

Ping throughput 10K:
2,000,000 ops
1,221,674,000 ns
1,637,097 ops/s
42.0 % of CPU usage
Tests run: 8, Failures: 0, Errors: 0, Skipped: 0, Time elapsed: 22.17 sec - in com.github.plokhotnyuk.actors.AkkaNonBalanceableActorSpec
Running com.github.plokhotnyuk.actors.AkkaNonBlockingBoundedActorSpec
Executor service type: abq-thread-pool

Enqueueing:
10,000,000 ops
348,170,000 ns
28,721,601 ops/s
15.0 % of CPU usage
48 bytes per instance

Dequeueing:
10,000,000 ops
551,329,000 ns
18,137,990 ops/s
14.8 % of CPU usage

Initiation:
100,000 ops
721,402,000 ns
7,214 ns/op
40.7 % of CPU usage
424 bytes per instance

Single-producer sending:
6,000,000 ops
892,067,000 ns
6,725,952 ops/s
23.5 % of CPU usage

Multi-producer sending:
6,000,000 ops
1,520,606,000 ns
3,945,795 ops/s
81.1 % of CPU usage

Max throughput:
12,000,000 ops
240,697,000 ns
49,855,212 ops/s
93.8 % of CPU usage

Ping latency:
1,500,000 ops
6,976,992,000 ns
4,651 ns/op
15.4 % of CPU usage

Ping throughput 10K:
2,000,000 ops
1,237,880,000 ns
1,615,665 ops/s
42.3 % of CPU usage

Overflow throughput:
5,000,000 ops
371,623,000 ns
13,454,495 ops/s
13.0 % of CPU usage
Tests run: 9, Failures: 0, Errors: 0, Skipped: 0, Time elapsed: 23.662 sec - in com.github.plokhotnyuk.actors.AkkaNonBlockingBoundedActorSpec
Running com.github.plokhotnyuk.actors.LiftActorSpec
Executor service type: abq-thread-pool

Enqueueing:
10,000,000 ops
359,365,000 ns
27,826,861 ops/s
13.2 % of CPU usage
24 bytes per instance

Dequeueing:
10,000,000 ops
442,345,000 ns
22,606,788 ops/s
13.6 % of CPU usage

Initiation:
10,000,000 ops
613,306,000 ns
61 ns/op
19.1 % of CPU usage
72 bytes per instance

Single-producer sending:
6,000,000 ops
719,047,000 ns
8,344,378 ops/s
27.0 % of CPU usage

Multi-producer sending:
6,000,000 ops
886,201,000 ns
6,770,473 ops/s
38.8 % of CPU usage

Max throughput:
12,000,000 ops
323,331,000 ns
37,113,669 ops/s
93.9 % of CPU usage

Ping latency:
1,500,000 ops
7,159,579,000 ns
4,773 ns/op
16.6 % of CPU usage

Ping throughput 10K:
2,000,000 ops
1,878,575,000 ns
1,064,636 ops/s
37.1 % of CPU usage
Tests run: 8, Failures: 0, Errors: 0, Skipped: 0, Time elapsed: 22.19 sec - in com.github.plokhotnyuk.actors.LiftActorSpec
Running com.github.plokhotnyuk.actors.MinimalistActorSpec
Executor service type: abq-thread-pool

Enqueueing:
10,000,000 ops
281,864,000 ns
35,478,102 ops/s
13.6 % of CPU usage
24 bytes per instance

Dequeueing:
2,000,000 ops
8,217,211,000 ns
243,391 ops/s
14.9 % of CPU usage

Initiation:
2,000,000 ops
9,226,232,000 ns
4,613 ns/op
15.5 % of CPU usage
152 bytes per instance

Single-producer sending:
3,000,000 ops
12,138,154,000 ns
247,154 ops/s
15.0 % of CPU usage

Multi-producer sending:
3,000,000 ops
13,472,164,000 ns
222,681 ops/s
17.0 % of CPU usage

Max throughput:
6,000,000 ops
14,816,971,000 ns
404,941 ops/s
15.1 % of CPU usage

Ping latency:
2,000,000 ops
9,242,000,000 ns
4,621 ns/op
18.4 % of CPU usage

Ping throughput 10K:
4,000,000 ops
3,254,550,000 ns
1,229,048 ops/s
39.2 % of CPU usage
Tests run: 8, Failures: 0, Errors: 0, Skipped: 0, Time elapsed: 120.505 sec - in com.github.plokhotnyuk.actors.MinimalistActorSpec
Running com.github.plokhotnyuk.actors.ScalaActorSpec
Executor service type: abq-thread-pool

Enqueueing:
40,000,000 ops
1,207,460,000 ns
33,127,391 ops/s
12.8 % of CPU usage
24 bytes per instance

Dequeueing:
600,000 ops
5,921,457,000 ns
101,326 ops/s
17.8 % of CPU usage

Initiation:
600,000 ops
3,155,794,000 ns
5,259 ns/op
19.2 % of CPU usage
224 bytes per instance

Single-producer sending:
300,000 ops
3,035,456,000 ns
98,831 ops/s
19.4 % of CPU usage

Multi-producer sending:
300,000 ops
3,007,754,000 ns
99,742 ops/s
18.8 % of CPU usage

Max throughput:
600,000 ops
4,254,451,000 ns
141,028 ops/s
19.6 % of CPU usage

Ping latency:
250,000 ops
2,547,179,000 ns
10,188 ns/op
20.7 % of CPU usage

Ping throughput 10K:
400,000 ops
818,348,000 ns
488,789 ops/s
40.4 % of CPU usage
Tests run: 8, Failures: 0, Errors: 0, Skipped: 0, Time elapsed: 33.595 sec - in com.github.plokhotnyuk.actors.ScalaActorSpec
Running com.github.plokhotnyuk.actors.ScalazActorSpec
Executor service type: abq-thread-pool

Enqueueing:
40,000,000 ops
700,370,000 ns
57,112,669 ops/s
12.7 % of CPU usage
24 bytes per instance

Dequeueing:
40,000,000 ops
202,529,000 ns
197,502,579 ops/s
22.9 % of CPU usage

Initiation:
10,000,000 ops
274,669,000 ns
27 ns/op
25.6 % of CPU usage
104 bytes per instance

Single-producer sending:
16,000,000 ops
588,030,000 ns
27,209,496 ops/s
26.2 % of CPU usage

Multi-producer sending:
16,000,000 ops
2,052,478,000 ns
7,795,455 ops/s
97.6 % of CPU usage

Max throughput:
32,000,000 ops
190,459,000 ns
168,015,163 ops/s
72.0 % of CPU usage

Ping latency:
3,200,000 ops
15,025,817,000 ns
4,695 ns/op
15.2 % of CPU usage

Ping throughput 10K:
8,000,000 ops
3,959,998,000 ns
2,020,203 ops/s
27.2 % of CPU usage
Tests run: 8, Failures: 0, Errors: 0, Skipped: 0, Time elapsed: 37.941 sec - in com.github.plokhotnyuk.actors.ScalazActorSpec
Running com.github.plokhotnyuk.actors.ScalazBoundedActor2Spec
Executor service type: abq-thread-pool

Enqueueing:
40,000,000 ops
748,644,000 ns
53,429,934 ops/s
12.8 % of CPU usage
24 bytes per instance

Dequeueing:
40,000,000 ops
238,036,000 ns
168,041,808 ops/s
20.1 % of CPU usage

Initiation:
10,000,000 ops
199,840,000 ns
19 ns/op
28.1 % of CPU usage
56 bytes per instance

Single-producer sending:
16,000,000 ops
407,445,000 ns
39,269,103 ops/s
33.8 % of CPU usage

Multi-producer sending:
16,000,000 ops
2,443,391,000 ns
6,548,276 ops/s
99.3 % of CPU usage

Max throughput:
32,000,000 ops
183,064,000 ns
174,802,254 ops/s
79.0 % of CPU usage

Ping latency:
3,200,000 ops
9,038,151,000 ns
2,824 ns/op
15.4 % of CPU usage

Ping throughput 10K:
8,000,000 ops
3,099,220,000 ns
2,581,294 ops/s
25.7 % of CPU usage

Overflow throughput:
100,000,000 ops
813,715,000 ns
122,893,150 ops/s
12.5 % of CPU usage
Tests run: 9, Failures: 0, Errors: 0, Skipped: 0, Time elapsed: 29.732 sec - in com.github.plokhotnyuk.actors.ScalazBoundedActor2Spec
Running com.github.plokhotnyuk.actors.ScalazUnboundedActor2Spec
Executor service type: abq-thread-pool

Enqueueing:
40,000,000 ops
705,394,000 ns
56,705,897 ops/s
12.7 % of CPU usage
24 bytes per instance

Dequeueing:
40,000,000 ops
198,246,000 ns
201,769,518 ops/s
24.0 % of CPU usage

Initiation:
10,000,000 ops
168,549,000 ns
16 ns/op
31.0 % of CPU usage
48 bytes per instance

Single-producer sending:
16,000,000 ops
521,229,000 ns
30,696,680 ops/s
27.1 % of CPU usage

Multi-producer sending:
16,000,000 ops
2,027,779,000 ns
7,890,406 ops/s
98.1 % of CPU usage

Max throughput:
32,000,000 ops
192,879,000 ns
165,907,123 ops/s
74.8 % of CPU usage

Ping latency:
3,200,000 ops
12,074,955,000 ns
3,773 ns/op
15.5 % of CPU usage

Ping throughput 10K:
8,000,000 ops
3,295,447,000 ns
2,427,591 ops/s
25.5 % of CPU usage
Tests run: 8, Failures: 0, Errors: 0, Skipped: 0, Time elapsed: 30.76 sec - in com.github.plokhotnyuk.actors.ScalazUnboundedActor2Spec

Results :

Tests run: 91, Failures: 0, Errors: 0, Skipped: 0

[INFO] ------------------------------------------------------------------------
[INFO] BUILD SUCCESS
[INFO] ------------------------------------------------------------------------
[INFO] Total time: 06:58 min
[INFO] Finished at: 2014-12-28T14:33:07+02:00
[INFO] Final Memory: 12M/982M
[INFO] ------------------------------------------------------------------------
[INFO] Scanning for projects...
[INFO]                                                                         
[INFO] ------------------------------------------------------------------------
[INFO] Building Actors 1.0-SNAPSHOT
[INFO] ------------------------------------------------------------------------
[INFO] 
[INFO] --- maven-resources-plugin:2.6:resources (default-resources) @ actors ---
[INFO] Using 'UTF-8' encoding to copy filtered resources.
[INFO] skip non existing resourceDirectory /Users/sergey/workspace/test/actors/src/main/resources
[INFO] 
[INFO] --- maven-resources-plugin:2.6:testResources (default-testResources) @ actors ---
[INFO] Using 'UTF-8' encoding to copy filtered resources.
[INFO] skip non existing resourceDirectory /Users/sergey/workspace/test/actors/src/test/resources
[INFO] 
[INFO] --- scala-maven-plugin:3.1.6:testCompile (testCompile) @ actors ---
[WARNING]  Expected all dependencies to require Scala version: 2.11.4
[WARNING]  com.github.plokhotnyuk.actors:actors:1.0-SNAPSHOT requires scala version: 2.11.4
[WARNING]  com.typesafe.akka:akka-actor_2.11:2.3.8 requires scala version: 2.11.4
[WARNING]  net.liftweb:lift-actor_2.11:3.0-M2 requires scala version: 2.11.2
[WARNING] Multiple versions of scala libraries detected!
[INFO] Nothing to compile - all classes are up to date
[INFO] 
[INFO] --- maven-surefire-plugin:2.16:test (default-test) @ actors ---
[INFO] Surefire report directory: /Users/sergey/workspace/test/actors/target/surefire-reports

-------------------------------------------------------
 T E S T S
-------------------------------------------------------

-------------------------------------------------------
 T E S T S
-------------------------------------------------------
Running com.github.plokhotnyuk.actors.AkkaActorSpec
Executor service type: lbq-thread-pool

Enqueueing:
10,000,000 ops
297,044,000 ns
33,665,046 ops/s
14.9 % of CPU usage
48 bytes per instance

Dequeueing:
10,000,000 ops
686,993,000 ns
14,556,189 ops/s
15.2 % of CPU usage

Initiation:
100,000 ops
734,474,000 ns
7,344 ns/op
42.9 % of CPU usage
424 bytes per instance

Single-producer sending:
6,000,000 ops
759,986,000 ns
7,894,882 ops/s
22.3 % of CPU usage

Multi-producer sending:
6,000,000 ops
1,004,694,000 ns
5,971,967 ops/s
74.2 % of CPU usage

Max throughput:
12,000,000 ops
317,444,000 ns
37,801,943 ops/s
92.0 % of CPU usage

Ping latency:
1,500,000 ops
6,593,197,000 ns
4,395 ns/op
15.7 % of CPU usage

Ping throughput 10K:
2,000,000 ops
1,209,167,000 ns
1,654,031 ops/s
64.5 % of CPU usage
Tests run: 8, Failures: 0, Errors: 0, Skipped: 0, Time elapsed: 21.772 sec - in com.github.plokhotnyuk.actors.AkkaActorSpec
Running com.github.plokhotnyuk.actors.AkkaBalanceableActorSpec
Executor service type: lbq-thread-pool

Enqueueing:
10,000,000 ops
253,000,000 ns
39,525,691 ops/s
15.0 % of CPU usage
48 bytes per instance

Dequeueing:
10,000,000 ops
604,665,000 ns
16,538,083 ops/s
15.3 % of CPU usage

Initiation:
100,000 ops
725,707,000 ns
7,257 ns/op
41.3 % of CPU usage
424 bytes per instance

Single-producer sending:
6,000,000 ops
794,260,000 ns
7,554,201 ops/s
22.3 % of CPU usage

Multi-producer sending:
6,000,000 ops
1,264,039,000 ns
4,746,688 ops/s
73.6 % of CPU usage

Max throughput:
12,000,000 ops
268,058,000 ns
44,766,431 ops/s
92.5 % of CPU usage

Ping latency:
1,500,000 ops
6,646,997,000 ns
4,431 ns/op
15.8 % of CPU usage

Ping throughput 10K:
2,000,000 ops
1,211,895,000 ns
1,650,307 ops/s
58.3 % of CPU usage
Tests run: 8, Failures: 0, Errors: 0, Skipped: 0, Time elapsed: 21.569 sec - in com.github.plokhotnyuk.actors.AkkaBalanceableActorSpec
Running com.github.plokhotnyuk.actors.AkkaBoundedActorSpec
Executor service type: lbq-thread-pool

Enqueueing:
10,000,000 ops
539,302,000 ns
18,542,486 ops/s
14.3 % of CPU usage
48 bytes per instance

Dequeueing:
10,000,000 ops
767,894,000 ns
13,022,630 ops/s
14.0 % of CPU usage

Initiation:
100,000 ops
726,691,000 ns
7,266 ns/op
44.1 % of CPU usage
608 bytes per instance

Single-producer sending:
6,000,000 ops
1,553,484,000 ns
3,862,286 ops/s
23.8 % of CPU usage

Multi-producer sending:
6,000,000 ops
1,724,533,000 ns
3,479,202 ops/s
34.8 % of CPU usage

Max throughput:
12,000,000 ops
522,397,000 ns
22,971,035 ops/s
94.9 % of CPU usage

Ping latency:
1,500,000 ops
6,643,956,000 ns
4,429 ns/op
16.0 % of CPU usage

Ping throughput 10K:
2,000,000 ops
1,352,417,000 ns
1,478,833 ops/s
56.7 % of CPU usage

Overflow throughput:
5,000,000 ops
447,264,000 ns
11,179,079 ops/s
14.2 % of CPU usage
Tests run: 9, Failures: 0, Errors: 0, Skipped: 0, Time elapsed: 25.941 sec - in com.github.plokhotnyuk.actors.AkkaBoundedActorSpec
Running com.github.plokhotnyuk.actors.AkkaNonBalanceableActorSpec
Executor service type: lbq-thread-pool

Enqueueing:
10,000,000 ops
250,045,000 ns
39,992,801 ops/s
15.0 % of CPU usage
48 bytes per instance

Dequeueing:
10,000,000 ops
539,430,000 ns
18,538,086 ops/s
14.8 % of CPU usage

Initiation:
100,000 ops
723,933,000 ns
7,239 ns/op
42.9 % of CPU usage
424 bytes per instance

Single-producer sending:
6,000,000 ops
744,202,000 ns
8,062,327 ops/s
23.3 % of CPU usage

Multi-producer sending:
6,000,000 ops
1,207,670,000 ns
4,968,244 ops/s
73.3 % of CPU usage

Max throughput:
12,000,000 ops
294,819,000 ns
40,702,939 ops/s
90.7 % of CPU usage

Ping latency:
1,500,000 ops
6,648,650,000 ns
4,432 ns/op
15.7 % of CPU usage

Ping throughput 10K:
2,000,000 ops
1,128,570,000 ns
1,772,154 ops/s
55.3 % of CPU usage
Tests run: 8, Failures: 0, Errors: 0, Skipped: 0, Time elapsed: 21.552 sec - in com.github.plokhotnyuk.actors.AkkaNonBalanceableActorSpec
Running com.github.plokhotnyuk.actors.AkkaNonBlockingBoundedActorSpec
Executor service type: lbq-thread-pool

Enqueueing:
10,000,000 ops
346,930,000 ns
28,824,258 ops/s
15.1 % of CPU usage
48 bytes per instance

Dequeueing:
10,000,000 ops
603,801,000 ns
16,561,747 ops/s
16.2 % of CPU usage

Initiation:
100,000 ops
751,789,000 ns
7,517 ns/op
43.2 % of CPU usage
424 bytes per instance

Single-producer sending:
6,000,000 ops
879,523,000 ns
6,821,879 ops/s
23.4 % of CPU usage

Multi-producer sending:
6,000,000 ops
1,391,525,000 ns
4,311,816 ops/s
84.8 % of CPU usage

Max throughput:
12,000,000 ops
375,722,000 ns
31,938,507 ops/s
78.4 % of CPU usage

Ping latency:
1,500,000 ops
6,576,776,000 ns
4,384 ns/op
15.5 % of CPU usage

Ping throughput 10K:
2,000,000 ops
1,171,337,000 ns
1,707,450 ops/s
52.7 % of CPU usage

Overflow throughput:
5,000,000 ops
356,463,000 ns
14,026,701 ops/s
14.2 % of CPU usage
Tests run: 9, Failures: 0, Errors: 0, Skipped: 0, Time elapsed: 22.998 sec - in com.github.plokhotnyuk.actors.AkkaNonBlockingBoundedActorSpec
Running com.github.plokhotnyuk.actors.LiftActorSpec
Executor service type: lbq-thread-pool

Enqueueing:
10,000,000 ops
358,367,000 ns
27,904,355 ops/s
13.2 % of CPU usage
24 bytes per instance

Dequeueing:
10,000,000 ops
367,294,000 ns
27,226,145 ops/s
14.7 % of CPU usage

Initiation:
10,000,000 ops
615,529,000 ns
61 ns/op
18.9 % of CPU usage
72 bytes per instance

Single-producer sending:
6,000,000 ops
762,540,000 ns
7,868,439 ops/s
26.5 % of CPU usage

Multi-producer sending:
6,000,000 ops
821,957,000 ns
7,299,651 ops/s
35.9 % of CPU usage

Max throughput:
12,000,000 ops
265,087,000 ns
45,268,157 ops/s
93.3 % of CPU usage

Ping latency:
1,500,000 ops
6,801,283,000 ns
4,534 ns/op
16.9 % of CPU usage

Ping throughput 10K:
2,000,000 ops
935,197,000 ns
2,138,586 ops/s
45.0 % of CPU usage
Tests run: 8, Failures: 0, Errors: 0, Skipped: 0, Time elapsed: 20.124 sec - in com.github.plokhotnyuk.actors.LiftActorSpec
Running com.github.plokhotnyuk.actors.MinimalistActorSpec
Executor service type: lbq-thread-pool

Enqueueing:
10,000,000 ops
294,424,000 ns
33,964,622 ops/s
13.5 % of CPU usage
24 bytes per instance

Dequeueing:
2,000,000 ops
607,614,000 ns
3,291,563 ops/s
25.0 % of CPU usage

Initiation:
2,000,000 ops
404,179,000 ns
202 ns/op
41.6 % of CPU usage
168 bytes per instance

Single-producer sending:
3,000,000 ops
2,539,599,000 ns
1,181,288 ops/s
19.3 % of CPU usage

Multi-producer sending:
3,000,000 ops
1,227,177,000 ns
2,444,635 ops/s
25.8 % of CPU usage

Max throughput:
6,000,000 ops
2,341,498,000 ns
2,562,462 ops/s
30.9 % of CPU usage

Ping latency:
2,000,000 ops
9,173,363,000 ns
4,586 ns/op
15.3 % of CPU usage

Ping throughput 10K:
4,000,000 ops
2,002,969,000 ns
1,997,035 ops/s
33.3 % of CPU usage
Tests run: 8, Failures: 0, Errors: 0, Skipped: 0, Time elapsed: 30.396 sec - in com.github.plokhotnyuk.actors.MinimalistActorSpec
Running com.github.plokhotnyuk.actors.ScalaActorSpec
Executor service type: lbq-thread-pool

Enqueueing:
40,000,000 ops
1,209,661,000 ns
33,067,115 ops/s
12.8 % of CPU usage
24 bytes per instance

Dequeueing:
600,000 ops
1,468,983,000 ns
408,445 ops/s
30.3 % of CPU usage

Initiation:
600,000 ops
365,481,000 ns
609 ns/op
69.1 % of CPU usage
240 bytes per instance

Single-producer sending:
300,000 ops
1,002,779,000 ns
299,168 ops/s
29.1 % of CPU usage

Multi-producer sending:
300,000 ops
952,813,000 ns
314,857 ops/s
28.0 % of CPU usage

Max throughput:
600,000 ops
882,890,000 ns
679,586 ops/s
44.7 % of CPU usage

Ping latency:
250,000 ops
2,320,462,000 ns
9,281 ns/op
21.1 % of CPU usage

Ping throughput 10K:
400,000 ops
732,966,000 ns
545,727 ops/s
49.1 % of CPU usage
Tests run: 8, Failures: 0, Errors: 0, Skipped: 0, Time elapsed: 18.802 sec - in com.github.plokhotnyuk.actors.ScalaActorSpec
Running com.github.plokhotnyuk.actors.ScalazActorSpec
Executor service type: lbq-thread-pool

Enqueueing:
40,000,000 ops
695,700,000 ns
57,496,047 ops/s
12.7 % of CPU usage
24 bytes per instance

Dequeueing:
40,000,000 ops
143,138,000 ns
279,450,600 ops/s
27.3 % of CPU usage

Initiation:
10,000,000 ops
279,209,000 ns
27 ns/op
25.8 % of CPU usage
104 bytes per instance

Single-producer sending:
16,000,000 ops
626,770,000 ns
25,527,705 ops/s
26.5 % of CPU usage

Multi-producer sending:
16,000,000 ops
1,975,236,000 ns
8,100,297 ops/s
99.4 % of CPU usage

Max throughput:
32,000,000 ops
228,551,000 ns
140,012,513 ops/s
90.1 % of CPU usage

Ping latency:
3,200,000 ops
1,296,440,000 ns
405 ns/op
25.1 % of CPU usage

Ping throughput 10K:
8,000,000 ops
4,241,562,000 ns
1,886,097 ops/s
43.0 % of CPU usage
Tests run: 8, Failures: 0, Errors: 0, Skipped: 0, Time elapsed: 24.32 sec - in com.github.plokhotnyuk.actors.ScalazActorSpec
Running com.github.plokhotnyuk.actors.ScalazBoundedActor2Spec
Executor service type: lbq-thread-pool

Enqueueing:
40,000,000 ops
760,664,000 ns
52,585,635 ops/s
12.8 % of CPU usage
24 bytes per instance

Dequeueing:
40,000,000 ops
143,148,000 ns
279,431,078 ops/s
28.3 % of CPU usage

Initiation:
10,000,000 ops
200,320,000 ns
20 ns/op
28.1 % of CPU usage
56 bytes per instance

Single-producer sending:
16,000,000 ops
577,014,000 ns
27,728,963 ops/s
36.6 % of CPU usage

Multi-producer sending:
16,000,000 ops
2,307,901,000 ns
6,932,706 ops/s
99.4 % of CPU usage

Max throughput:
32,000,000 ops
282,098,000 ns
113,435,756 ops/s
77.1 % of CPU usage

Ping latency:
3,200,000 ops
922,459,000 ns
288 ns/op
25.7 % of CPU usage

Ping throughput 10K:
8,000,000 ops
3,553,252,000 ns
2,251,458 ops/s
36.2 % of CPU usage

Overflow throughput:
100,000,000 ops
820,933,000 ns
121,812,620 ops/s
12.6 % of CPU usage
Tests run: 9, Failures: 0, Errors: 0, Skipped: 0, Time elapsed: 21.823 sec - in com.github.plokhotnyuk.actors.ScalazBoundedActor2Spec
Running com.github.plokhotnyuk.actors.ScalazUnboundedActor2Spec
Executor service type: lbq-thread-pool

Enqueueing:
40,000,000 ops
700,605,000 ns
57,093,512 ops/s
12.7 % of CPU usage
24 bytes per instance

Dequeueing:
40,000,000 ops
139,651,000 ns
286,428,310 ops/s
28.6 % of CPU usage

Initiation:
10,000,000 ops
177,592,000 ns
17 ns/op
29.5 % of CPU usage
48 bytes per instance

Single-producer sending:
16,000,000 ops
523,062,000 ns
30,589,107 ops/s
26.9 % of CPU usage

Multi-producer sending:
16,000,000 ops
1,785,420,000 ns
8,961,476 ops/s
99.3 % of CPU usage

Max throughput:
32,000,000 ops
167,664,000 ns
190,857,906 ops/s
91.4 % of CPU usage

Ping latency:
3,200,000 ops
956,231,000 ns
298 ns/op
25.5 % of CPU usage

Ping throughput 10K:
8,000,000 ops
3,458,173,000 ns
2,313,360 ops/s
29.9 % of CPU usage
Tests run: 8, Failures: 0, Errors: 0, Skipped: 0, Time elapsed: 19.229 sec - in com.github.plokhotnyuk.actors.ScalazUnboundedActor2Spec

Results :

Tests run: 91, Failures: 0, Errors: 0, Skipped: 0

[INFO] ------------------------------------------------------------------------
[INFO] BUILD SUCCESS
[INFO] ------------------------------------------------------------------------
[INFO] Total time: 04:33 min
[INFO] Finished at: 2014-12-28T14:37:41+02:00
[INFO] Final Memory: 12M/982M
[INFO] ------------------------------------------------------------------------
