[INFO] Scanning for projects...
[INFO]                                                                         
[INFO] ------------------------------------------------------------------------
[INFO] Building Actors 1.0-SNAPSHOT
[INFO] ------------------------------------------------------------------------
[INFO] 
[INFO] --- maven-clean-plugin:2.5:clean (default-clean) @ actors ---
[INFO] Deleting /home/andriy/Projects/com/github/plokhotnyuk/actors/target
[INFO] 
[INFO] --- maven-resources-plugin:2.6:resources (default-resources) @ actors ---
[INFO] Using 'UTF-8' encoding to copy filtered resources.
[INFO] skip non existing resourceDirectory /home/andriy/Projects/com/github/plokhotnyuk/actors/src/main/resources
[INFO] 
[INFO] --- maven-resources-plugin:2.6:testResources (default-testResources) @ actors ---
[INFO] Using 'UTF-8' encoding to copy filtered resources.
[INFO] skip non existing resourceDirectory /home/andriy/Projects/com/github/plokhotnyuk/actors/src/test/resources
[INFO] 
[INFO] --- scala-maven-plugin:3.2.0:testCompile (testCompile) @ actors ---
[WARNING]  Expected all dependencies to require Scala version: 2.11.6
[WARNING]  com.github.plokhotnyuk.actors:actors:1.0-SNAPSHOT requires scala version: 2.11.6
[WARNING]  com.typesafe.akka:akka-actor_2.11:2.3.9 requires scala version: 2.11.5
[WARNING] Multiple versions of scala libraries detected!
[INFO] /home/andriy/Projects/com/github/plokhotnyuk/actors/src/test/scala:-1: info: compiling
[INFO] Compiling 15 source files to /home/andriy/Projects/com/github/plokhotnyuk/actors/target/test-classes at 1427983463112
[WARNING] /home/andriy/Projects/com/github/plokhotnyuk/actors/src/test/scala/com/github/plokhotnyuk/actors/ScalaActorSpec.scala:9: warning: trait SchedulerAdapter in package actors is deprecated: Use the akka.actor package instead. For migration from the scala.actors package refer to the Actors Migration Guide.
[WARNING]   val customScheduler = new SchedulerAdapter {
[WARNING]                             ^
[WARNING] /home/andriy/Projects/com/github/plokhotnyuk/actors/src/test/scala/com/github/plokhotnyuk/actors/ScalaActorSpec.scala:66: warning: trait Actor in package actors is deprecated: Use the akka.actor package instead. For migration from the scala.actors package refer to the Actors Migration Guide.
[WARNING]     footprintedAndTimedCollect(600000)(() => new Actor {
[WARNING]                                                  ^
[WARNING] /home/andriy/Projects/com/github/plokhotnyuk/actors/src/test/scala/com/github/plokhotnyuk/actors/ScalaActorSpec.scala:139: warning: trait Actor in package actors is deprecated: Use the akka.actor package instead. For migration from the scala.actors package refer to the Actors Migration Guide.
[WARNING]   private def replayAndCountActor(l: CountDownLatch, n: Int): Actor =
[WARNING]                                                               ^
[WARNING] /home/andriy/Projects/com/github/plokhotnyuk/actors/src/test/scala/com/github/plokhotnyuk/actors/ScalaActorSpec.scala:140: warning: trait Actor in package actors is deprecated: Use the akka.actor package instead. For migration from the scala.actors package refer to the Actors Migration Guide.
[WARNING]     new Actor {
[WARNING]         ^
[WARNING] /home/andriy/Projects/com/github/plokhotnyuk/actors/src/test/scala/com/github/plokhotnyuk/actors/ScalaActorSpec.scala:154: warning: trait IScheduler in package actors is deprecated: Use the akka.actor package instead. For migration from the scala.actors package refer to the Actors Migration Guide.
[WARNING]       override def scheduler: IScheduler = customScheduler
[WARNING]                               ^
[WARNING] /home/andriy/Projects/com/github/plokhotnyuk/actors/src/test/scala/com/github/plokhotnyuk/actors/ScalaActorSpec.scala:157: warning: trait Actor in package actors is deprecated: Use the akka.actor package instead. For migration from the scala.actors package refer to the Actors Migration Guide.
[WARNING]   private def blockableCountActor(l1: CountDownLatch, l2: CountDownLatch, n: Int): Actor =
[WARNING]                                                                                    ^
[WARNING] /home/andriy/Projects/com/github/plokhotnyuk/actors/src/test/scala/com/github/plokhotnyuk/actors/ScalaActorSpec.scala:158: warning: trait Actor in package actors is deprecated: Use the akka.actor package instead. For migration from the scala.actors package refer to the Actors Migration Guide.
[WARNING]     new Actor {
[WARNING]         ^
[WARNING] /home/andriy/Projects/com/github/plokhotnyuk/actors/src/test/scala/com/github/plokhotnyuk/actors/ScalaActorSpec.scala:177: warning: trait IScheduler in package actors is deprecated: Use the akka.actor package instead. For migration from the scala.actors package refer to the Actors Migration Guide.
[WARNING]       override def scheduler: IScheduler = customScheduler
[WARNING]                               ^
[WARNING] /home/andriy/Projects/com/github/plokhotnyuk/actors/src/test/scala/com/github/plokhotnyuk/actors/ScalaActorSpec.scala:180: warning: trait Actor in package actors is deprecated: Use the akka.actor package instead. For migration from the scala.actors package refer to the Actors Migration Guide.
[WARNING]   private def countActor(l: CountDownLatch, n: Int): Actor =
[WARNING]                                                      ^
[WARNING] /home/andriy/Projects/com/github/plokhotnyuk/actors/src/test/scala/com/github/plokhotnyuk/actors/ScalaActorSpec.scala:181: warning: trait Actor in package actors is deprecated: Use the akka.actor package instead. For migration from the scala.actors package refer to the Actors Migration Guide.
[WARNING]     new Actor {
[WARNING]         ^
[WARNING] /home/andriy/Projects/com/github/plokhotnyuk/actors/src/test/scala/com/github/plokhotnyuk/actors/ScalaActorSpec.scala:194: warning: trait IScheduler in package actors is deprecated: Use the akka.actor package instead. For migration from the scala.actors package refer to the Actors Migration Guide.
[WARNING]       override def scheduler: IScheduler = customScheduler
[WARNING]                               ^
[WARNING] /home/andriy/Projects/com/github/plokhotnyuk/actors/src/test/scala/com/github/plokhotnyuk/actors/ScalaActorSpec.scala:197: warning: trait Actor in package actors is deprecated: Use the akka.actor package instead. For migration from the scala.actors package refer to the Actors Migration Guide.
[WARNING]   private def sendMessages(a: Actor, n: Int): Unit = {
[WARNING]                               ^
[WARNING] 12 warnings found
[INFO] prepare-compile in 0 s
[INFO] compile in 9 s
[INFO] ------------------------------------------------------------------------
[INFO] BUILD SUCCESS
[INFO] ------------------------------------------------------------------------
[INFO] Total time: 9.826 s
[INFO] Finished at: 2015-04-02T17:04:32+03:00
[INFO] Final Memory: 10M/153M
[INFO] ------------------------------------------------------------------------
[INFO] Scanning for projects...
[INFO]                                                                         
[INFO] ------------------------------------------------------------------------
[INFO] Building Actors 1.0-SNAPSHOT
[INFO] ------------------------------------------------------------------------
[INFO] 
[INFO] --- maven-resources-plugin:2.6:resources (default-resources) @ actors ---
[INFO] Using 'UTF-8' encoding to copy filtered resources.
[INFO] skip non existing resourceDirectory /home/andriy/Projects/com/github/plokhotnyuk/actors/src/main/resources
[INFO] 
[INFO] --- maven-resources-plugin:2.6:testResources (default-testResources) @ actors ---
[INFO] Using 'UTF-8' encoding to copy filtered resources.
[INFO] skip non existing resourceDirectory /home/andriy/Projects/com/github/plokhotnyuk/actors/src/test/resources
[INFO] 
[INFO] --- scala-maven-plugin:3.2.0:testCompile (testCompile) @ actors ---
[WARNING]  Expected all dependencies to require Scala version: 2.11.6
[WARNING]  com.github.plokhotnyuk.actors:actors:1.0-SNAPSHOT requires scala version: 2.11.6
[WARNING]  com.typesafe.akka:akka-actor_2.11:2.3.9 requires scala version: 2.11.5
[WARNING] Multiple versions of scala libraries detected!
[INFO] Nothing to compile - all classes are up to date
[INFO] 
[INFO] --- maven-surefire-plugin:2.17:test (default-test) @ actors ---
[INFO] Surefire report directory: /home/andriy/Projects/com/github/plokhotnyuk/actors/target/surefire-reports

-------------------------------------------------------
 T E S T S
-------------------------------------------------------

-------------------------------------------------------
 T E S T S
-------------------------------------------------------
Running com.github.plokhotnyuk.actors.AkkaActorSpec
Executor service type: akka-forkjoin-pool

Enqueueing:
10,000,000 ops
292,356,482 ns
34,204,817 ops/s
18.8 % of CPU usage
48 bytes per instance

Dequeueing:
10,000,000 ops
971,986,860 ns
10,288,204 ops/s
15.4 % of CPU usage

Initiation:
100,000 ops
657,876,024 ns
6,578 ns/op
42.0 % of CPU usage
457 bytes per instance

Single-producer sending:
6,000,000 ops
644,653,947 ns
9,307,319 ops/s
24.2 % of CPU usage

Multi-producer sending:
6,000,000 ops
803,369,491 ns
7,468,543 ops/s
74.2 % of CPU usage

Max throughput:
12,000,000 ops
522,617,900 ns
22,961,326 ops/s
91.1 % of CPU usage

Ping latency:
1,500,000 ops
978,859,790 ns
652 ns/op
85.2 % of CPU usage

Ping throughput 10K:
2,000,000 ops
433,163,970 ns
4,617,189 ops/s
99.6 % of CPU usage
Tests run: 8, Failures: 0, Errors: 0, Skipped: 0, Time elapsed: 12.8 sec - in com.github.plokhotnyuk.actors.AkkaActorSpec
Running com.github.plokhotnyuk.actors.AkkaBalanceableActorSpec
Executor service type: akka-forkjoin-pool

Enqueueing:
10,000,000 ops
311,205,719 ns
32,133,085 ops/s
19.7 % of CPU usage
48 bytes per instance

Dequeueing:
10,000,000 ops
864,320,134 ns
11,569,787 ops/s
15.5 % of CPU usage

Initiation:
100,000 ops
580,996,719 ns
5,809 ns/op
43.0 % of CPU usage
434 bytes per instance

Single-producer sending:
6,000,000 ops
537,416,791 ns
11,164,519 ops/s
21.2 % of CPU usage

Multi-producer sending:
6,000,000 ops
466,229,510 ns
12,869,198 ops/s
45.8 % of CPU usage

Max throughput:
12,000,000 ops
430,744,252 ns
27,858,758 ops/s
83.6 % of CPU usage

Ping latency:
1,500,000 ops
909,744,095 ns
606 ns/op
86.7 % of CPU usage

Ping throughput 10K:
2,000,000 ops
526,263,082 ns
3,800,380 ops/s
99.8 % of CPU usage
Tests run: 8, Failures: 0, Errors: 0, Skipped: 0, Time elapsed: 11.742 sec - in com.github.plokhotnyuk.actors.AkkaBalanceableActorSpec
Running com.github.plokhotnyuk.actors.AkkaBoundedActorSpec
Executor service type: akka-forkjoin-pool

Enqueueing:
10,000,000 ops
426,568,974 ns
23,442,867 ops/s
17.3 % of CPU usage
48 bytes per instance

Dequeueing:
10,000,000 ops
1,013,278,281 ns
9,868,957 ops/s
14.7 % of CPU usage

Initiation:
100,000 ops
680,376,101 ns
6,803 ns/op
44.8 % of CPU usage
641 bytes per instance

Single-producer sending:
6,000,000 ops
1,158,490,749 ns
5,179,152 ops/s
25.2 % of CPU usage

Multi-producer sending:
6,000,000 ops
985,909,466 ns
6,085,751 ops/s
35.9 % of CPU usage

Max throughput:
12,000,000 ops
645,141,599 ns
18,600,567 ops/s
93.4 % of CPU usage

Ping latency:
1,500,000 ops
996,898,736 ns
664 ns/op
82.1 % of CPU usage

Ping throughput 10K:
2,000,000 ops
203,301,351 ns
9,837,612 ops/s
99.6 % of CPU usage

Overflow throughput:
5,000,000 ops
572,898,411 ns
8,727,550 ops/s
16.4 % of CPU usage
Tests run: 9, Failures: 0, Errors: 0, Skipped: 0, Time elapsed: 14.722 sec - in com.github.plokhotnyuk.actors.AkkaBoundedActorSpec
Running com.github.plokhotnyuk.actors.AkkaNonBalanceableActorSpec
Executor service type: akka-forkjoin-pool

Enqueueing:
10,000,000 ops
315,007,509 ns
31,745,274 ops/s
16.7 % of CPU usage
48 bytes per instance

Dequeueing:
10,000,000 ops
792,208,383 ns
12,622,941 ops/s
15.8 % of CPU usage

Initiation:
100,000 ops
714,968,591 ns
7,149 ns/op
43.5 % of CPU usage
455 bytes per instance

Single-producer sending:
6,000,000 ops
604,341,210 ns
9,928,166 ops/s
24.6 % of CPU usage

Multi-producer sending:
6,000,000 ops
519,028,816 ns
11,560,051 ops/s
47.4 % of CPU usage

Max throughput:
12,000,000 ops
323,359,999 ns
37,110,341 ops/s
82.7 % of CPU usage

Ping latency:
1,500,000 ops
942,797,790 ns
628 ns/op
87.0 % of CPU usage

Ping throughput 10K:
2,000,000 ops
289,232,153 ns
6,914,860 ops/s
99.0 % of CPU usage
Tests run: 8, Failures: 0, Errors: 0, Skipped: 0, Time elapsed: 11.421 sec - in com.github.plokhotnyuk.actors.AkkaNonBalanceableActorSpec
Running com.github.plokhotnyuk.actors.AkkaNonBlockingBoundedActorSpec
Executor service type: akka-forkjoin-pool

Enqueueing:
10,000,000 ops
253,045,205 ns
39,518,630 ops/s
18.3 % of CPU usage
48 bytes per instance

Dequeueing:
10,000,000 ops
877,755,551 ns
11,392,693 ops/s
15.7 % of CPU usage

Initiation:
100,000 ops
547,273,423 ns
5,472 ns/op
47.1 % of CPU usage
455 bytes per instance

Single-producer sending:
6,000,000 ops
622,299,114 ns
9,641,665 ops/s
23.9 % of CPU usage

Multi-producer sending:
6,000,000 ops
1,069,427,465 ns
5,610,478 ops/s
77.6 % of CPU usage

Max throughput:
12,000,000 ops
376,150,498 ns
31,902,124 ops/s
84.1 % of CPU usage

Ping latency:
1,500,000 ops
961,374,837 ns
640 ns/op
85.9 % of CPU usage

Ping throughput 10K:
2,000,000 ops
249,274,983 ns
8,023,268 ops/s
97.3 % of CPU usage

Overflow throughput:
5,000,000 ops
487,556,637 ns
10,255,218 ops/s
19.7 % of CPU usage
Tests run: 9, Failures: 0, Errors: 0, Skipped: 0, Time elapsed: 12.732 sec - in com.github.plokhotnyuk.actors.AkkaNonBlockingBoundedActorSpec
Running com.github.plokhotnyuk.actors.LiftActorSpec
Executor service type: akka-forkjoin-pool

Enqueueing:
10,000,000 ops
387,734,021 ns
25,790,875 ops/s
13.5 % of CPU usage
24 bytes per instance

Dequeueing:
10,000,000 ops
370,740,951 ns
26,973,011 ops/s
15.2 % of CPU usage

Initiation:
10,000,000 ops
574,005,655 ns
57 ns/op
18.7 % of CPU usage
72 bytes per instance

Single-producer sending:
6,000,000 ops
641,040,798 ns
9,359,778 ops/s
28.5 % of CPU usage

Multi-producer sending:
6,000,000 ops
653,675,345 ns
9,178,868 ops/s
37.9 % of CPU usage

Max throughput:
12,000,000 ops
394,551,776 ns
30,414,259 ops/s
92.5 % of CPU usage

Ping latency:
1,500,000 ops
1,364,306,182 ns
909 ns/op
54.3 % of CPU usage

Ping throughput 10K:
2,000,000 ops
1,873,250,714 ns
1,067,662 ops/s
83.9 % of CPU usage
Tests run: 8, Failures: 0, Errors: 0, Skipped: 0, Time elapsed: 12.22 sec - in com.github.plokhotnyuk.actors.LiftActorSpec
Running com.github.plokhotnyuk.actors.MinimalistActorSpec
Executor service type: akka-forkjoin-pool

Enqueueing:
40,000,000 ops
617,492,606 ns
64,778,103 ops/s
13.0 % of CPU usage
24 bytes per instance

Dequeueing:
40,000,000 ops
135,779,935 ns
294,594,337 ops/s
49.7 % of CPU usage

Initiation:
2,000,000 ops
486,377,244 ns
243 ns/op
93.5 % of CPU usage
42 bytes per instance

Single-producer sending:
15,000,000 ops
155,573,344 ns
96,417,545 ops/s
38.6 % of CPU usage

Multi-producer sending:
15,000,000 ops
362,088,101 ns
41,426,382 ops/s
95.6 % of CPU usage

Max throughput:
30,000,000 ops
369,629,589 ns
81,162,333 ops/s
97.1 % of CPU usage

Ping latency:
3,000,000 ops
639,390,833 ns
213 ns/op
99.3 % of CPU usage

Ping throughput 10K:
6,000,000 ops
124,701,736 ns
48,114,807 ops/s
97.2 % of CPU usage
Tests run: 8, Failures: 0, Errors: 0, Skipped: 0, Time elapsed: 8.339 sec - in com.github.plokhotnyuk.actors.MinimalistActorSpec
Running com.github.plokhotnyuk.actors.ScalaActorSpec
Executor service type: akka-forkjoin-pool

Enqueueing:
20,000,000 ops
405,639,441 ns
49,304,870 ops/s
14.5 % of CPU usage
23 bytes per instance

Dequeueing:
300,000 ops
606,534,624 ns
494,613 ops/s
91.7 % of CPU usage

Initiation:
600,000 ops
1,463,515,522 ns
2,439 ns/op
89.3 % of CPU usage
224 bytes per instance

Single-producer sending:
300,000 ops
1,400,479,563 ns
214,212 ops/s
91.2 % of CPU usage

Multi-producer sending:
300,000 ops
1,041,184,288 ns
288,133 ops/s
86.6 % of CPU usage

Max throughput:
600,000 ops
897,510,615 ns
668,515 ops/s
99.3 % of CPU usage

Ping latency:
250,000 ops
1,444,666,625 ns
5,778 ns/op
94.0 % of CPU usage

Ping throughput 10K:
400,000 ops
219,732,355 ns
1,820,396 ops/s
95.0 % of CPU usage
Tests run: 8, Failures: 0, Errors: 0, Skipped: 0, Time elapsed: 11.324 sec - in com.github.plokhotnyuk.actors.ScalaActorSpec
Running com.github.plokhotnyuk.actors.ScalazActorSpec
Executor service type: akka-forkjoin-pool

Enqueueing:
40,000,000 ops
617,286,697 ns
64,799,711 ops/s
13.0 % of CPU usage
24 bytes per instance

Dequeueing:
40,000,000 ops
182,838,999 ns
218,771,707 ops/s
39.7 % of CPU usage

Initiation:
10,000,000 ops
236,803,968 ns
23 ns/op
26.9 % of CPU usage
104 bytes per instance

Single-producer sending:
15,000,000 ops
282,119,024 ns
53,169,048 ops/s
64.7 % of CPU usage

Multi-producer sending:
15,000,000 ops
376,398,461 ns
39,851,385 ops/s
88.0 % of CPU usage

Max throughput:
30,000,000 ops
506,657,511 ns
59,211,596 ops/s
93.8 % of CPU usage

Ping latency:
3,000,000 ops
623,939,226 ns
207 ns/op
99.4 % of CPU usage

Ping throughput 10K:
6,000,000 ops
98,411,186 ns
60,968,678 ops/s
95.3 % of CPU usage
Tests run: 8, Failures: 0, Errors: 0, Skipped: 0, Time elapsed: 10.621 sec - in com.github.plokhotnyuk.actors.ScalazActorSpec

Results :

Tests run: 74, Failures: 0, Errors: 0, Skipped: 0

[INFO] ------------------------------------------------------------------------
[INFO] BUILD SUCCESS
[INFO] ------------------------------------------------------------------------
[INFO] Total time: 01:51 min
[INFO] Finished at: 2015-04-02T17:06:24+03:00
[INFO] Final Memory: 13M/220M
[INFO] ------------------------------------------------------------------------
[INFO] Scanning for projects...
[INFO]                                                                         
[INFO] ------------------------------------------------------------------------
[INFO] Building Actors 1.0-SNAPSHOT
[INFO] ------------------------------------------------------------------------
[INFO] 
[INFO] --- maven-resources-plugin:2.6:resources (default-resources) @ actors ---
[INFO] Using 'UTF-8' encoding to copy filtered resources.
[INFO] skip non existing resourceDirectory /home/andriy/Projects/com/github/plokhotnyuk/actors/src/main/resources
[INFO] 
[INFO] --- maven-resources-plugin:2.6:testResources (default-testResources) @ actors ---
[INFO] Using 'UTF-8' encoding to copy filtered resources.
[INFO] skip non existing resourceDirectory /home/andriy/Projects/com/github/plokhotnyuk/actors/src/test/resources
[INFO] 
[INFO] --- scala-maven-plugin:3.2.0:testCompile (testCompile) @ actors ---
[WARNING]  Expected all dependencies to require Scala version: 2.11.6
[WARNING]  com.github.plokhotnyuk.actors:actors:1.0-SNAPSHOT requires scala version: 2.11.6
[WARNING]  com.typesafe.akka:akka-actor_2.11:2.3.9 requires scala version: 2.11.5
[WARNING] Multiple versions of scala libraries detected!
[INFO] Nothing to compile - all classes are up to date
[INFO] 
[INFO] --- maven-surefire-plugin:2.17:test (default-test) @ actors ---
[INFO] Surefire report directory: /home/andriy/Projects/com/github/plokhotnyuk/actors/target/surefire-reports

-------------------------------------------------------
 T E S T S
-------------------------------------------------------

-------------------------------------------------------
 T E S T S
-------------------------------------------------------
Running com.github.plokhotnyuk.actors.AkkaActorSpec
Executor service type: scala-forkjoin-pool

Enqueueing:
10,000,000 ops
253,537,914 ns
39,441,832 ops/s
16.3 % of CPU usage
48 bytes per instance

Dequeueing:
10,000,000 ops
1,153,280,555 ns
8,670,917 ops/s
14.7 % of CPU usage

Initiation:
100,000 ops
689,146,127 ns
6,891 ns/op
44.1 % of CPU usage
457 bytes per instance

Single-producer sending:
6,000,000 ops
615,798,288 ns
9,743,450 ops/s
23.1 % of CPU usage

Multi-producer sending:
6,000,000 ops
856,840,284 ns
7,002,471 ops/s
70.3 % of CPU usage

Max throughput:
12,000,000 ops
328,721,149 ns
36,505,104 ops/s
92.4 % of CPU usage

Ping latency:
1,500,000 ops
1,154,344,277 ns
769 ns/op
87.2 % of CPU usage

Ping throughput 10K:
2,000,000 ops
510,343,098 ns
3,918,932 ops/s
96.7 % of CPU usage
Tests run: 8, Failures: 0, Errors: 0, Skipped: 0, Time elapsed: 12.928 sec - in com.github.plokhotnyuk.actors.AkkaActorSpec
Running com.github.plokhotnyuk.actors.AkkaBalanceableActorSpec
Executor service type: scala-forkjoin-pool

Enqueueing:
10,000,000 ops
235,531,953 ns
42,457,084 ops/s
14.9 % of CPU usage
48 bytes per instance

Dequeueing:
10,000,000 ops
945,948,798 ns
10,571,396 ops/s
15.1 % of CPU usage

Initiation:
100,000 ops
642,811,070 ns
6,428 ns/op
44.9 % of CPU usage
449 bytes per instance

Single-producer sending:
6,000,000 ops
601,588,733 ns
9,973,591 ops/s
23.7 % of CPU usage

Multi-producer sending:
6,000,000 ops
464,796,477 ns
12,908,875 ops/s
43.0 % of CPU usage

Max throughput:
12,000,000 ops
492,633,603 ns
24,358,874 ops/s
89.3 % of CPU usage

Ping latency:
1,500,000 ops
1,142,297,317 ns
761 ns/op
83.3 % of CPU usage

Ping throughput 10K:
2,000,000 ops
389,304,342 ns
5,137,368 ops/s
99.5 % of CPU usage
Tests run: 8, Failures: 0, Errors: 0, Skipped: 0, Time elapsed: 12.457 sec - in com.github.plokhotnyuk.actors.AkkaBalanceableActorSpec
Running com.github.plokhotnyuk.actors.AkkaBoundedActorSpec
Executor service type: scala-forkjoin-pool

Enqueueing:
10,000,000 ops
392,257,921 ns
25,493,430 ops/s
16.3 % of CPU usage
48 bytes per instance

Dequeueing:
10,000,000 ops
1,267,023,280 ns
7,892,514 ops/s
14.6 % of CPU usage

Initiation:
100,000 ops
619,793,667 ns
6,197 ns/op
44.0 % of CPU usage
641 bytes per instance

Single-producer sending:
6,000,000 ops
1,244,258,173 ns
4,822,150 ops/s
24.7 % of CPU usage

Multi-producer sending:
6,000,000 ops
1,139,316,019 ns
5,266,317 ops/s
33.5 % of CPU usage

Max throughput:
12,000,000 ops
637,434,600 ns
18,825,460 ops/s
93.3 % of CPU usage

Ping latency:
1,500,000 ops
1,305,124,539 ns
870 ns/op
87.4 % of CPU usage

Ping throughput 10K:
2,000,000 ops
407,993,095 ns
4,902,043 ops/s
99.6 % of CPU usage

Overflow throughput:
5,000,000 ops
598,268,381 ns
8,357,453 ops/s
14.8 % of CPU usage
Tests run: 9, Failures: 0, Errors: 0, Skipped: 0, Time elapsed: 15.833 sec - in com.github.plokhotnyuk.actors.AkkaBoundedActorSpec
Running com.github.plokhotnyuk.actors.AkkaNonBalanceableActorSpec
Executor service type: scala-forkjoin-pool

Enqueueing:
10,000,000 ops
229,875,521 ns
43,501,804 ops/s
15.2 % of CPU usage
48 bytes per instance

Dequeueing:
10,000,000 ops
873,547,373 ns
11,447,576 ops/s
15.0 % of CPU usage

Initiation:
100,000 ops
642,593,880 ns
6,425 ns/op
46.1 % of CPU usage
456 bytes per instance

Single-producer sending:
6,000,000 ops
631,216,738 ns
9,505,451 ops/s
23.8 % of CPU usage

Multi-producer sending:
6,000,000 ops
524,784,038 ns
11,433,274 ops/s
44.3 % of CPU usage

Max throughput:
12,000,000 ops
426,135,890 ns
28,160,031 ops/s
88.3 % of CPU usage

Ping latency:
1,500,000 ops
939,042,075 ns
626 ns/op
98.9 % of CPU usage

Ping throughput 10K:
2,000,000 ops
317,170,815 ns
6,305,750 ops/s
99.3 % of CPU usage
Tests run: 8, Failures: 0, Errors: 0, Skipped: 0, Time elapsed: 11.455 sec - in com.github.plokhotnyuk.actors.AkkaNonBalanceableActorSpec
Running com.github.plokhotnyuk.actors.AkkaNonBlockingBoundedActorSpec
Executor service type: scala-forkjoin-pool

Enqueueing:
10,000,000 ops
255,380,795 ns
39,157,212 ops/s
19.1 % of CPU usage
48 bytes per instance

Dequeueing:
10,000,000 ops
939,788,473 ns
10,640,692 ops/s
15.7 % of CPU usage

Initiation:
100,000 ops
630,540,575 ns
6,305 ns/op
43.2 % of CPU usage
428 bytes per instance

Single-producer sending:
6,000,000 ops
674,518,990 ns
8,895,227 ops/s
24.1 % of CPU usage

Multi-producer sending:
6,000,000 ops
960,237,742 ns
6,248,452 ops/s
74.2 % of CPU usage

Max throughput:
12,000,000 ops
336,390,846 ns
35,672,789 ops/s
84.4 % of CPU usage

Ping latency:
1,500,000 ops
1,272,099,308 ns
848 ns/op
86.9 % of CPU usage

Ping throughput 10K:
2,000,000 ops
444,779,047 ns
4,496,614 ops/s
96.4 % of CPU usage

Overflow throughput:
5,000,000 ops
359,263,632 ns
13,917,356 ops/s
17.0 % of CPU usage
Tests run: 9, Failures: 0, Errors: 0, Skipped: 0, Time elapsed: 14.045 sec - in com.github.plokhotnyuk.actors.AkkaNonBlockingBoundedActorSpec
Running com.github.plokhotnyuk.actors.LiftActorSpec
Executor service type: scala-forkjoin-pool

Enqueueing:
10,000,000 ops
362,477,264 ns
27,587,937 ops/s
13.4 % of CPU usage
24 bytes per instance

Dequeueing:
10,000,000 ops
373,743,307 ns
26,756,331 ops/s
15.1 % of CPU usage

Initiation:
10,000,000 ops
577,825,187 ns
57 ns/op
19.0 % of CPU usage
72 bytes per instance

Single-producer sending:
6,000,000 ops
706,988,579 ns
8,486,700 ops/s
29.0 % of CPU usage

Multi-producer sending:
6,000,000 ops
606,888,074 ns
9,886,501 ops/s
36.9 % of CPU usage

Max throughput:
12,000,000 ops
384,456,336 ns
31,212,907 ops/s
93.0 % of CPU usage

Ping latency:
1,500,000 ops
1,312,606,779 ns
875 ns/op
55.6 % of CPU usage

Ping throughput 10K:
2,000,000 ops
1,863,266,031 ns
1,073,384 ops/s
85.1 % of CPU usage
Tests run: 8, Failures: 0, Errors: 0, Skipped: 0, Time elapsed: 12.081 sec - in com.github.plokhotnyuk.actors.LiftActorSpec
Running com.github.plokhotnyuk.actors.MinimalistActorSpec
Executor service type: scala-forkjoin-pool

Enqueueing:
40,000,000 ops
612,738,931 ns
65,280,657 ops/s
12.9 % of CPU usage
24 bytes per instance

Dequeueing:
40,000,000 ops
220,115,422 ns
181,722,841 ops/s
24.4 % of CPU usage

Initiation:
2,000,000 ops
504,566,059 ns
252 ns/op
94.1 % of CPU usage
41 bytes per instance

Single-producer sending:
15,000,000 ops
179,909,775 ns
83,375,125 ops/s
31.3 % of CPU usage

Multi-producer sending:
15,000,000 ops
401,361,436 ns
37,372,798 ops/s
95.9 % of CPU usage

Max throughput:
30,000,000 ops
246,539,403 ns
121,684,402 ops/s
92.8 % of CPU usage

Ping latency:
3,000,000 ops
516,817,621 ns
172 ns/op
99.4 % of CPU usage

Ping throughput 10K:
6,000,000 ops
154,052,926 ns
38,947,653 ops/s
98.2 % of CPU usage
Tests run: 8, Failures: 0, Errors: 0, Skipped: 0, Time elapsed: 8.307 sec - in com.github.plokhotnyuk.actors.MinimalistActorSpec
Running com.github.plokhotnyuk.actors.ScalaActorSpec
Executor service type: scala-forkjoin-pool

Enqueueing:
20,000,000 ops
378,448,957 ns
52,847,285 ops/s
14.9 % of CPU usage
24 bytes per instance

Dequeueing:
300,000 ops
788,465,437 ns
380,485 ops/s
94.6 % of CPU usage

Initiation:
600,000 ops
1,728,082,973 ns
2,880 ns/op
92.8 % of CPU usage
224 bytes per instance

Single-producer sending:
300,000 ops
1,120,474,598 ns
267,743 ops/s
86.3 % of CPU usage

Multi-producer sending:
300,000 ops
966,422,280 ns
310,423 ops/s
84.7 % of CPU usage

Max throughput:
600,000 ops
731,226,317 ns
820,539 ops/s
99.1 % of CPU usage

Ping latency:
250,000 ops
1,913,085,381 ns
7,652 ns/op
94.7 % of CPU usage

Ping throughput 10K:
400,000 ops
295,084,059 ns
1,355,545 ops/s
94.0 % of CPU usage
Tests run: 8, Failures: 0, Errors: 0, Skipped: 0, Time elapsed: 11.719 sec - in com.github.plokhotnyuk.actors.ScalaActorSpec
Running com.github.plokhotnyuk.actors.ScalazActorSpec
Executor service type: scala-forkjoin-pool

Enqueueing:
40,000,000 ops
591,767,491 ns
67,594,115 ops/s
12.7 % of CPU usage
24 bytes per instance

Dequeueing:
40,000,000 ops
201,771,358 ns
198,244,192 ops/s
36.6 % of CPU usage

Initiation:
10,000,000 ops
261,680,622 ns
26 ns/op
26.3 % of CPU usage
104 bytes per instance

Single-producer sending:
15,000,000 ops
179,246,440 ns
83,683,670 ops/s
62.8 % of CPU usage

Multi-producer sending:
15,000,000 ops
391,514,710 ns
38,312,736 ops/s
97.1 % of CPU usage

Max throughput:
30,000,000 ops
322,153,527 ns
93,123,301 ops/s
94.3 % of CPU usage

Ping latency:
3,000,000 ops
598,143,845 ns
199 ns/op
99.3 % of CPU usage

Ping throughput 10K:
6,000,000 ops
157,793,830 ns
38,024,300 ops/s
97.4 % of CPU usage
Tests run: 8, Failures: 0, Errors: 0, Skipped: 0, Time elapsed: 10.459 sec - in com.github.plokhotnyuk.actors.ScalazActorSpec

Results :

Tests run: 74, Failures: 0, Errors: 0, Skipped: 0

[INFO] ------------------------------------------------------------------------
[INFO] BUILD SUCCESS
[INFO] ------------------------------------------------------------------------
[INFO] Total time: 01:56 min
[INFO] Finished at: 2015-04-02T17:08:21+03:00
[INFO] Final Memory: 14M/217M
[INFO] ------------------------------------------------------------------------
[INFO] Scanning for projects...
[INFO]                                                                         
[INFO] ------------------------------------------------------------------------
[INFO] Building Actors 1.0-SNAPSHOT
[INFO] ------------------------------------------------------------------------
[INFO] 
[INFO] --- maven-resources-plugin:2.6:resources (default-resources) @ actors ---
[INFO] Using 'UTF-8' encoding to copy filtered resources.
[INFO] skip non existing resourceDirectory /home/andriy/Projects/com/github/plokhotnyuk/actors/src/main/resources
[INFO] 
[INFO] --- maven-resources-plugin:2.6:testResources (default-testResources) @ actors ---
[INFO] Using 'UTF-8' encoding to copy filtered resources.
[INFO] skip non existing resourceDirectory /home/andriy/Projects/com/github/plokhotnyuk/actors/src/test/resources
[INFO] 
[INFO] --- scala-maven-plugin:3.2.0:testCompile (testCompile) @ actors ---
[WARNING]  Expected all dependencies to require Scala version: 2.11.6
[WARNING]  com.github.plokhotnyuk.actors:actors:1.0-SNAPSHOT requires scala version: 2.11.6
[WARNING]  com.typesafe.akka:akka-actor_2.11:2.3.9 requires scala version: 2.11.5
[WARNING] Multiple versions of scala libraries detected!
[INFO] Nothing to compile - all classes are up to date
[INFO] 
[INFO] --- maven-surefire-plugin:2.17:test (default-test) @ actors ---
[INFO] Surefire report directory: /home/andriy/Projects/com/github/plokhotnyuk/actors/target/surefire-reports

-------------------------------------------------------
 T E S T S
-------------------------------------------------------

-------------------------------------------------------
 T E S T S
-------------------------------------------------------
Running com.github.plokhotnyuk.actors.AkkaActorSpec
Executor service type: java-forkjoin-pool

Enqueueing:
10,000,000 ops
298,856,108 ns
33,460,918 ops/s
16.7 % of CPU usage
48 bytes per instance

Dequeueing:
10,000,000 ops
1,187,466,668 ns
8,421,289 ops/s
14.8 % of CPU usage

Initiation:
100,000 ops
639,795,463 ns
6,397 ns/op
42.0 % of CPU usage
427 bytes per instance

Single-producer sending:
6,000,000 ops
467,205,518 ns
12,842,314 ops/s
20.6 % of CPU usage

Multi-producer sending:
6,000,000 ops
859,025,430 ns
6,984,659 ops/s
70.1 % of CPU usage

Max throughput:
12,000,000 ops
359,291,428 ns
33,399,071 ops/s
81.4 % of CPU usage

Ping latency:
1,500,000 ops
1,027,641,368 ns
685 ns/op
98.6 % of CPU usage

Ping throughput 10K:
2,000,000 ops
795,439,612 ns
2,514,332 ops/s
98.2 % of CPU usage
Tests run: 8, Failures: 0, Errors: 0, Skipped: 0, Time elapsed: 13.264 sec - in com.github.plokhotnyuk.actors.AkkaActorSpec
Running com.github.plokhotnyuk.actors.AkkaBalanceableActorSpec
Executor service type: java-forkjoin-pool

Enqueueing:
10,000,000 ops
308,030,303 ns
32,464,338 ops/s
15.0 % of CPU usage
48 bytes per instance

Dequeueing:
10,000,000 ops
923,882,241 ns
10,823,890 ops/s
15.0 % of CPU usage

Initiation:
100,000 ops
621,129,351 ns
6,211 ns/op
46.3 % of CPU usage
456 bytes per instance

Single-producer sending:
6,000,000 ops
633,586,939 ns
9,469,892 ops/s
24.3 % of CPU usage

Multi-producer sending:
6,000,000 ops
456,848,914 ns
13,133,444 ops/s
42.1 % of CPU usage

Max throughput:
12,000,000 ops
305,407,848 ns
39,291,721 ops/s
87.6 % of CPU usage

Ping latency:
1,500,000 ops
1,374,048,305 ns
916 ns/op
99.3 % of CPU usage

Ping throughput 10K:
2,000,000 ops
572,413,246 ns
3,493,979 ops/s
98.0 % of CPU usage
Tests run: 8, Failures: 0, Errors: 0, Skipped: 0, Time elapsed: 12.666 sec - in com.github.plokhotnyuk.actors.AkkaBalanceableActorSpec
Running com.github.plokhotnyuk.actors.AkkaBoundedActorSpec
Executor service type: java-forkjoin-pool

Enqueueing:
10,000,000 ops
388,297,275 ns
25,753,464 ops/s
16.1 % of CPU usage
48 bytes per instance

Dequeueing:
10,000,000 ops
1,202,328,246 ns
8,317,196 ops/s
14.5 % of CPU usage

Initiation:
100,000 ops
628,696,500 ns
6,286 ns/op
41.2 % of CPU usage
640 bytes per instance

Single-producer sending:
6,000,000 ops
571,892,151 ns
10,491,488 ops/s
21.4 % of CPU usage

Multi-producer sending:
6,000,000 ops
1,048,923,442 ns
5,720,150 ops/s
35.2 % of CPU usage

Max throughput:
12,000,000 ops
547,628,207 ns
21,912,676 ops/s
88.6 % of CPU usage

Ping latency:
1,500,000 ops
1,186,407,981 ns
790 ns/op
99.1 % of CPU usage

Ping throughput 10K:
2,000,000 ops
480,581,210 ns
4,161,627 ops/s
97.8 % of CPU usage

Overflow throughput:
5,000,000 ops
441,519,472 ns
11,324,528 ops/s
20.4 % of CPU usage
Tests run: 9, Failures: 0, Errors: 0, Skipped: 0, Time elapsed: 14.705 sec - in com.github.plokhotnyuk.actors.AkkaBoundedActorSpec
Running com.github.plokhotnyuk.actors.AkkaNonBalanceableActorSpec
Executor service type: java-forkjoin-pool

Enqueueing:
10,000,000 ops
227,609,286 ns
43,934,938 ops/s
19.2 % of CPU usage
48 bytes per instance

Dequeueing:
10,000,000 ops
894,987,566 ns
11,173,339 ops/s
14.9 % of CPU usage

Initiation:
100,000 ops
686,892,328 ns
6,868 ns/op
42.6 % of CPU usage
431 bytes per instance

Single-producer sending:
6,000,000 ops
621,987,965 ns
9,646,488 ops/s
23.5 % of CPU usage

Multi-producer sending:
6,000,000 ops
477,959,374 ns
12,553,368 ops/s
48.6 % of CPU usage

Max throughput:
12,000,000 ops
369,523,484 ns
32,474,255 ops/s
72.1 % of CPU usage

Ping latency:
1,500,000 ops
1,207,704,519 ns
805 ns/op
98.9 % of CPU usage

Ping throughput 10K:
2,000,000 ops
443,138,734 ns
4,513,259 ops/s
99.6 % of CPU usage
Tests run: 8, Failures: 0, Errors: 0, Skipped: 0, Time elapsed: 11.903 sec - in com.github.plokhotnyuk.actors.AkkaNonBalanceableActorSpec
Running com.github.plokhotnyuk.actors.AkkaNonBlockingBoundedActorSpec
Executor service type: java-forkjoin-pool

Enqueueing:
10,000,000 ops
328,174,550 ns
30,471,588 ops/s
17.1 % of CPU usage
48 bytes per instance

Dequeueing:
10,000,000 ops
959,625,110 ns
10,420,736 ops/s
15.0 % of CPU usage

Initiation:
100,000 ops
636,853,268 ns
6,368 ns/op
43.6 % of CPU usage
456 bytes per instance

Single-producer sending:
6,000,000 ops
574,725,716 ns
10,439,762 ops/s
24.6 % of CPU usage

Multi-producer sending:
6,000,000 ops
998,413,654 ns
6,009,533 ops/s
78.7 % of CPU usage

Max throughput:
12,000,000 ops
333,594,188 ns
35,971,849 ops/s
87.3 % of CPU usage

Ping latency:
1,500,000 ops
1,136,918,997 ns
757 ns/op
98.8 % of CPU usage

Ping throughput 10K:
2,000,000 ops
529,463,357 ns
3,777,409 ops/s
99.9 % of CPU usage

Overflow throughput:
5,000,000 ops
390,939,779 ns
12,789,693 ops/s
22.1 % of CPU usage
Tests run: 9, Failures: 0, Errors: 0, Skipped: 0, Time elapsed: 13.437 sec - in com.github.plokhotnyuk.actors.AkkaNonBlockingBoundedActorSpec
Running com.github.plokhotnyuk.actors.LiftActorSpec
Executor service type: java-forkjoin-pool

Enqueueing:
10,000,000 ops
363,502,554 ns
27,510,123 ops/s
13.4 % of CPU usage
24 bytes per instance

Dequeueing:
10,000,000 ops
373,950,659 ns
26,741,495 ops/s
15.0 % of CPU usage

Initiation:
10,000,000 ops
606,780,435 ns
60 ns/op
19.0 % of CPU usage
72 bytes per instance

Single-producer sending:
6,000,000 ops
664,044,639 ns
9,035,537 ops/s
29.2 % of CPU usage

Multi-producer sending:
6,000,000 ops
639,579,370 ns
9,381,165 ops/s
37.7 % of CPU usage

Max throughput:
12,000,000 ops
377,583,534 ns
31,781,046 ops/s
94.0 % of CPU usage

Ping latency:
1,500,000 ops
1,381,750,471 ns
921 ns/op
96.3 % of CPU usage

Ping throughput 10K:
2,000,000 ops
1,160,913,668 ns
1,722,780 ops/s
89.5 % of CPU usage
Tests run: 8, Failures: 0, Errors: 0, Skipped: 0, Time elapsed: 11.41 sec - in com.github.plokhotnyuk.actors.LiftActorSpec
Running com.github.plokhotnyuk.actors.MinimalistActorSpec
Executor service type: java-forkjoin-pool

Enqueueing:
40,000,000 ops
617,460,485 ns
64,781,473 ops/s
12.8 % of CPU usage
24 bytes per instance

Dequeueing:
40,000,000 ops
191,742,298 ns
208,613,333 ops/s
24.1 % of CPU usage

Initiation:
2,000,000 ops
834,551,239 ns
417 ns/op
97.4 % of CPU usage
42 bytes per instance

Single-producer sending:
15,000,000 ops
256,019,038 ns
58,589,392 ops/s
43.9 % of CPU usage

Multi-producer sending:
15,000,000 ops
341,152,888 ns
43,968,556 ops/s
93.8 % of CPU usage

Max throughput:
30,000,000 ops
193,672,721 ns
154,900,493 ops/s
92.3 % of CPU usage

Ping latency:
3,000,000 ops
437,901,967 ns
145 ns/op
99.6 % of CPU usage

Ping throughput 10K:
6,000,000 ops
159,987,273 ns
37,502,983 ops/s
98.4 % of CPU usage
Tests run: 8, Failures: 0, Errors: 0, Skipped: 0, Time elapsed: 8.419 sec - in com.github.plokhotnyuk.actors.MinimalistActorSpec
Running com.github.plokhotnyuk.actors.ScalaActorSpec
Executor service type: java-forkjoin-pool

Enqueueing:
20,000,000 ops
592,956,134 ns
33,729,307 ops/s
14.1 % of CPU usage
24 bytes per instance

Dequeueing:
300,000 ops
867,014,510 ns
346,014 ops/s
93.1 % of CPU usage

Initiation:
600,000 ops
751,094,667 ns
1,251 ns/op
96.0 % of CPU usage
224 bytes per instance

Single-producer sending:
300,000 ops
593,172,689 ns
505,754 ops/s
92.9 % of CPU usage

Multi-producer sending:
300,000 ops
643,167,069 ns
466,441 ops/s
98.0 % of CPU usage

Max throughput:
600,000 ops
954,578,877 ns
628,549 ops/s
99.5 % of CPU usage

Ping latency:
250,000 ops
502,112,888 ns
2,008 ns/op
97.8 % of CPU usage

Ping throughput 10K:
400,000 ops
329,116,450 ns
1,215,375 ops/s
96.1 % of CPU usage
Tests run: 8, Failures: 0, Errors: 0, Skipped: 0, Time elapsed: 9.151 sec - in com.github.plokhotnyuk.actors.ScalaActorSpec
Running com.github.plokhotnyuk.actors.ScalazActorSpec
Executor service type: java-forkjoin-pool

Enqueueing:
40,000,000 ops
605,494,454 ns
66,061,711 ops/s
12.8 % of CPU usage
24 bytes per instance

Dequeueing:
40,000,000 ops
195,920,832 ns
204,164,098 ops/s
24.2 % of CPU usage

Initiation:
10,000,000 ops
267,003,070 ns
26 ns/op
27.2 % of CPU usage
104 bytes per instance

Single-producer sending:
15,000,000 ops
241,046,555 ns
62,228,642 ops/s
73.6 % of CPU usage

Multi-producer sending:
15,000,000 ops
402,853,233 ns
37,234,403 ops/s
90.0 % of CPU usage

Max throughput:
30,000,000 ops
315,537,490 ns
95,075,865 ops/s
93.9 % of CPU usage

Ping latency:
3,000,000 ops
485,521,645 ns
161 ns/op
99.1 % of CPU usage

Ping throughput 10K:
6,000,000 ops
99,036,295 ns
60,583,849 ops/s
94.7 % of CPU usage
Tests run: 8, Failures: 0, Errors: 0, Skipped: 0, Time elapsed: 10.308 sec - in com.github.plokhotnyuk.actors.ScalazActorSpec

Results :

Tests run: 74, Failures: 0, Errors: 0, Skipped: 0

[INFO] ------------------------------------------------------------------------
[INFO] BUILD SUCCESS
[INFO] ------------------------------------------------------------------------
[INFO] Total time: 01:53 min
[INFO] Finished at: 2015-04-02T17:10:15+03:00
[INFO] Final Memory: 14M/217M
[INFO] ------------------------------------------------------------------------
[INFO] Scanning for projects...
[INFO]                                                                         
[INFO] ------------------------------------------------------------------------
[INFO] Building Actors 1.0-SNAPSHOT
[INFO] ------------------------------------------------------------------------
[INFO] 
[INFO] --- maven-resources-plugin:2.6:resources (default-resources) @ actors ---
[INFO] Using 'UTF-8' encoding to copy filtered resources.
[INFO] skip non existing resourceDirectory /home/andriy/Projects/com/github/plokhotnyuk/actors/src/main/resources
[INFO] 
[INFO] --- maven-resources-plugin:2.6:testResources (default-testResources) @ actors ---
[INFO] Using 'UTF-8' encoding to copy filtered resources.
[INFO] skip non existing resourceDirectory /home/andriy/Projects/com/github/plokhotnyuk/actors/src/test/resources
[INFO] 
[INFO] --- scala-maven-plugin:3.2.0:testCompile (testCompile) @ actors ---
[WARNING]  Expected all dependencies to require Scala version: 2.11.6
[WARNING]  com.github.plokhotnyuk.actors:actors:1.0-SNAPSHOT requires scala version: 2.11.6
[WARNING]  com.typesafe.akka:akka-actor_2.11:2.3.9 requires scala version: 2.11.5
[WARNING] Multiple versions of scala libraries detected!
[INFO] Nothing to compile - all classes are up to date
[INFO] 
[INFO] --- maven-surefire-plugin:2.17:test (default-test) @ actors ---
[INFO] Surefire report directory: /home/andriy/Projects/com/github/plokhotnyuk/actors/target/surefire-reports

-------------------------------------------------------
 T E S T S
-------------------------------------------------------

-------------------------------------------------------
 T E S T S
-------------------------------------------------------
Running com.github.plokhotnyuk.actors.AkkaActorSpec
Executor service type: abq-thread-pool

Enqueueing:
10,000,000 ops
245,780,470 ns
40,686,715 ops/s
16.3 % of CPU usage
48 bytes per instance

Dequeueing:
10,000,000 ops
983,440,979 ns
10,168,378 ops/s
16.1 % of CPU usage

Initiation:
100,000 ops
752,389,457 ns
7,523 ns/op
48.8 % of CPU usage
424 bytes per instance

Single-producer sending:
6,000,000 ops
785,117,791 ns
7,642,165 ops/s
22.1 % of CPU usage

Multi-producer sending:
6,000,000 ops
853,299,393 ns
7,031,529 ops/s
70.2 % of CPU usage

Max throughput:
12,000,000 ops
306,612,369 ns
39,137,364 ops/s
67.3 % of CPU usage

Ping latency:
1,500,000 ops
5,335,913,935 ns
3,557 ns/op
17.2 % of CPU usage

Ping throughput 10K:
2,000,000 ops
1,348,226,556 ns
1,483,430 ops/s
36.6 % of CPU usage
Tests run: 8, Failures: 0, Errors: 0, Skipped: 0, Time elapsed: 18.103 sec - in com.github.plokhotnyuk.actors.AkkaActorSpec
Running com.github.plokhotnyuk.actors.AkkaBalanceableActorSpec
Executor service type: abq-thread-pool

Enqueueing:
10,000,000 ops
313,546,250 ns
31,893,221 ops/s
18.7 % of CPU usage
48 bytes per instance

Dequeueing:
10,000,000 ops
888,255,755 ns
11,258,018 ops/s
15.3 % of CPU usage

Initiation:
100,000 ops
701,037,935 ns
7,010 ns/op
50.3 % of CPU usage
424 bytes per instance

Single-producer sending:
6,000,000 ops
632,431,465 ns
9,487,193 ops/s
22.1 % of CPU usage

Multi-producer sending:
6,000,000 ops
571,580,702 ns
10,497,205 ops/s
37.4 % of CPU usage

Max throughput:
12,000,000 ops
305,372,148 ns
39,296,314 ops/s
65.5 % of CPU usage

Ping latency:
1,500,000 ops
5,166,163,589 ns
3,444 ns/op
17.1 % of CPU usage

Ping throughput 10K:
2,000,000 ops
1,326,456,399 ns
1,507,776 ops/s
36.6 % of CPU usage
Tests run: 8, Failures: 0, Errors: 0, Skipped: 0, Time elapsed: 17.253 sec - in com.github.plokhotnyuk.actors.AkkaBalanceableActorSpec
Running com.github.plokhotnyuk.actors.AkkaBoundedActorSpec
Executor service type: abq-thread-pool

Enqueueing:
10,000,000 ops
502,770,986 ns
19,889,771 ops/s
16.4 % of CPU usage
48 bytes per instance

Dequeueing:
10,000,000 ops
977,306,073 ns
10,232,209 ops/s
15.9 % of CPU usage

Initiation:
100,000 ops
691,503,642 ns
6,915 ns/op
46.3 % of CPU usage
608 bytes per instance

Single-producer sending:
6,000,000 ops
1,275,988,218 ns
4,702,237 ops/s
26.4 % of CPU usage

Multi-producer sending:
6,000,000 ops
1,366,877,481 ns
4,389,566 ops/s
31.1 % of CPU usage

Max throughput:
12,000,000 ops
467,831,230 ns
25,650,275 ops/s
78.6 % of CPU usage

Ping latency:
1,500,000 ops
4,845,419,470 ns
3,230 ns/op
17.5 % of CPU usage

Ping throughput 10K:
2,000,000 ops
1,453,676,655 ns
1,375,821 ops/s
35.9 % of CPU usage

Overflow throughput:
5,000,000 ops
625,404,408 ns
7,994,826 ops/s
14.6 % of CPU usage
Tests run: 9, Failures: 0, Errors: 0, Skipped: 0, Time elapsed: 20.817 sec - in com.github.plokhotnyuk.actors.AkkaBoundedActorSpec
Running com.github.plokhotnyuk.actors.AkkaNonBalanceableActorSpec
Executor service type: abq-thread-pool

Enqueueing:
10,000,000 ops
311,234,451 ns
32,130,119 ops/s
14.5 % of CPU usage
48 bytes per instance

Dequeueing:
10,000,000 ops
809,980,966 ns
12,345,969 ops/s
16.0 % of CPU usage

Initiation:
100,000 ops
710,726,477 ns
7,107 ns/op
46.4 % of CPU usage
424 bytes per instance

Single-producer sending:
6,000,000 ops
660,759,847 ns
9,080,454 ops/s
22.7 % of CPU usage

Multi-producer sending:
6,000,000 ops
543,762,676 ns
11,034,225 ops/s
39.5 % of CPU usage

Max throughput:
12,000,000 ops
312,364,375 ns
38,416,672 ops/s
68.0 % of CPU usage

Ping latency:
1,500,000 ops
5,224,461,996 ns
3,482 ns/op
17.1 % of CPU usage

Ping throughput 10K:
2,000,000 ops
1,288,341,401 ns
1,552,383 ops/s
35.8 % of CPU usage
Tests run: 8, Failures: 0, Errors: 0, Skipped: 0, Time elapsed: 17.573 sec - in com.github.plokhotnyuk.actors.AkkaNonBalanceableActorSpec
Running com.github.plokhotnyuk.actors.AkkaNonBlockingBoundedActorSpec
Executor service type: abq-thread-pool

Enqueueing:
10,000,000 ops
249,242,436 ns
40,121,578 ops/s
17.1 % of CPU usage
48 bytes per instance

Dequeueing:
10,000,000 ops
761,899,040 ns
13,125,098 ops/s
15.9 % of CPU usage

Initiation:
100,000 ops
647,747,605 ns
6,477 ns/op
45.2 % of CPU usage
424 bytes per instance

Single-producer sending:
6,000,000 ops
598,648,104 ns
10,022,582 ops/s
24.4 % of CPU usage

Multi-producer sending:
6,000,000 ops
1,133,823,464 ns
5,291,829 ops/s
77.7 % of CPU usage

Max throughput:
12,000,000 ops
311,319,915 ns
38,545,558 ops/s
61.8 % of CPU usage

Ping latency:
1,500,000 ops
4,915,261,821 ns
3,276 ns/op
17.1 % of CPU usage

Ping throughput 10K:
2,000,000 ops
1,318,279,697 ns
1,517,128 ops/s
37.4 % of CPU usage

Overflow throughput:
5,000,000 ops
390,592,731 ns
12,801,057 ops/s
13.4 % of CPU usage
Tests run: 9, Failures: 0, Errors: 0, Skipped: 0, Time elapsed: 17.957 sec - in com.github.plokhotnyuk.actors.AkkaNonBlockingBoundedActorSpec
Running com.github.plokhotnyuk.actors.LiftActorSpec
Executor service type: abq-thread-pool

Enqueueing:
10,000,000 ops
351,312,691 ns
28,464,670 ops/s
13.9 % of CPU usage
24 bytes per instance

Dequeueing:
10,000,000 ops
352,389,010 ns
28,377,729 ops/s
14.9 % of CPU usage

Initiation:
10,000,000 ops
620,744,988 ns
62 ns/op
18.7 % of CPU usage
72 bytes per instance

Single-producer sending:
6,000,000 ops
619,589,987 ns
9,683,823 ops/s
29.5 % of CPU usage

Multi-producer sending:
6,000,000 ops
632,402,436 ns
9,487,629 ops/s
37.8 % of CPU usage

Max throughput:
12,000,000 ops
373,439,416 ns
32,133,726 ops/s
91.7 % of CPU usage

Ping latency:
1,500,000 ops
4,821,126,386 ns
3,214 ns/op
19.1 % of CPU usage

Ping throughput 10K:
2,000,000 ops
902,923,135 ns
2,215,027 ops/s
38.6 % of CPU usage
Tests run: 8, Failures: 0, Errors: 0, Skipped: 0, Time elapsed: 14.618 sec - in com.github.plokhotnyuk.actors.LiftActorSpec
Running com.github.plokhotnyuk.actors.MinimalistActorSpec
Executor service type: abq-thread-pool

Enqueueing:
40,000,000 ops
617,845,308 ns
64,741,124 ops/s
12.7 % of CPU usage
24 bytes per instance

Dequeueing:
40,000,000 ops
272,742,358 ns
146,658,554 ops/s
21.1 % of CPU usage

Initiation:
2,000,000 ops
12,614,162,586 ns
6,307 ns/op
16.9 % of CPU usage
40 bytes per instance

Single-producer sending:
15,000,000 ops
195,573,707 ns
76,697,426 ops/s
32.0 % of CPU usage

Multi-producer sending:
15,000,000 ops
369,301,298 ns
40,617,241 ops/s
93.4 % of CPU usage

Max throughput:
30,000,000 ops
280,653,947 ns
106,893,205 ops/s
53.9 % of CPU usage

Ping latency:
3,000,000 ops
10,977,677,881 ns
3,659 ns/op
17.0 % of CPU usage

Ping throughput 10K:
6,000,000 ops
2,298,648,367 ns
2,610,229 ops/s
25.7 % of CPU usage
Tests run: 8, Failures: 0, Errors: 0, Skipped: 0, Time elapsed: 33.477 sec - in com.github.plokhotnyuk.actors.MinimalistActorSpec
Running com.github.plokhotnyuk.actors.ScalaActorSpec
Executor service type: abq-thread-pool

Enqueueing:
20,000,000 ops
406,634,073 ns
49,184,269 ops/s
15.1 % of CPU usage
23 bytes per instance

Dequeueing:
300,000 ops
2,072,994,208 ns
144,718 ops/s
22.9 % of CPU usage

Initiation:
600,000 ops
2,393,197,427 ns
3,988 ns/op
24.2 % of CPU usage
224 bytes per instance

Single-producer sending:
300,000 ops
2,201,673,143 ns
136,260 ops/s
22.4 % of CPU usage

Multi-producer sending:
300,000 ops
2,118,232,496 ns
141,627 ops/s
21.6 % of CPU usage

Max throughput:
600,000 ops
4,143,379,316 ns
144,809 ops/s
20.6 % of CPU usage

Ping latency:
250,000 ops
1,936,158,554 ns
7,744 ns/op
24.5 % of CPU usage

Ping throughput 10K:
400,000 ops
858,115,079 ns
466,137 ops/s
34.8 % of CPU usage
Tests run: 8, Failures: 0, Errors: 0, Skipped: 0, Time elapsed: 20.105 sec - in com.github.plokhotnyuk.actors.ScalaActorSpec
Running com.github.plokhotnyuk.actors.ScalazActorSpec
Executor service type: abq-thread-pool

Enqueueing:
40,000,000 ops
630,345,797 ns
63,457,232 ops/s
13.1 % of CPU usage
24 bytes per instance

Dequeueing:
40,000,000 ops
200,075,920 ns
199,924,108 ops/s
21.2 % of CPU usage

Initiation:
10,000,000 ops
277,236,540 ns
27 ns/op
26.6 % of CPU usage
104 bytes per instance

Single-producer sending:
15,000,000 ops
160,976,772 ns
93,181,145 ops/s
38.0 % of CPU usage

Multi-producer sending:
15,000,000 ops
365,211,967 ns
41,072,038 ops/s
94.5 % of CPU usage

Max throughput:
30,000,000 ops
205,381,871 ns
146,069,367 ops/s
66.9 % of CPU usage

Ping latency:
3,000,000 ops
10,820,754,169 ns
3,606 ns/op
17.7 % of CPU usage

Ping throughput 10K:
6,000,000 ops
1,884,475,758 ns
3,183,909 ops/s
25.4 % of CPU usage
Tests run: 8, Failures: 0, Errors: 0, Skipped: 0, Time elapsed: 22.743 sec - in com.github.plokhotnyuk.actors.ScalazActorSpec

Results :

Tests run: 74, Failures: 0, Errors: 0, Skipped: 0

[INFO] ------------------------------------------------------------------------
[INFO] BUILD SUCCESS
[INFO] ------------------------------------------------------------------------
[INFO] Total time: 03:10 min
[INFO] Finished at: 2015-04-02T17:13:27+03:00
[INFO] Final Memory: 15M/217M
[INFO] ------------------------------------------------------------------------
[INFO] Scanning for projects...
[INFO]                                                                         
[INFO] ------------------------------------------------------------------------
[INFO] Building Actors 1.0-SNAPSHOT
[INFO] ------------------------------------------------------------------------
[INFO] 
[INFO] --- maven-resources-plugin:2.6:resources (default-resources) @ actors ---
[INFO] Using 'UTF-8' encoding to copy filtered resources.
[INFO] skip non existing resourceDirectory /home/andriy/Projects/com/github/plokhotnyuk/actors/src/main/resources
[INFO] 
[INFO] --- maven-resources-plugin:2.6:testResources (default-testResources) @ actors ---
[INFO] Using 'UTF-8' encoding to copy filtered resources.
[INFO] skip non existing resourceDirectory /home/andriy/Projects/com/github/plokhotnyuk/actors/src/test/resources
[INFO] 
[INFO] --- scala-maven-plugin:3.2.0:testCompile (testCompile) @ actors ---
[WARNING]  Expected all dependencies to require Scala version: 2.11.6
[WARNING]  com.github.plokhotnyuk.actors:actors:1.0-SNAPSHOT requires scala version: 2.11.6
[WARNING]  com.typesafe.akka:akka-actor_2.11:2.3.9 requires scala version: 2.11.5
[WARNING] Multiple versions of scala libraries detected!
[INFO] Nothing to compile - all classes are up to date
[INFO] 
[INFO] --- maven-surefire-plugin:2.17:test (default-test) @ actors ---
[INFO] Surefire report directory: /home/andriy/Projects/com/github/plokhotnyuk/actors/target/surefire-reports

-------------------------------------------------------
 T E S T S
-------------------------------------------------------

-------------------------------------------------------
 T E S T S
-------------------------------------------------------
Running com.github.plokhotnyuk.actors.AkkaActorSpec
Executor service type: lbq-thread-pool

Enqueueing:
10,000,000 ops
295,074,084 ns
33,889,794 ops/s
16.9 % of CPU usage
48 bytes per instance

Dequeueing:
10,000,000 ops
1,018,687,686 ns
9,816,551 ops/s
15.6 % of CPU usage

Initiation:
100,000 ops
681,436,221 ns
6,814 ns/op
44.9 % of CPU usage
424 bytes per instance

Single-producer sending:
6,000,000 ops
706,675,519 ns
8,490,459 ops/s
22.6 % of CPU usage

Multi-producer sending:
6,000,000 ops
887,584,155 ns
6,759,922 ops/s
63.2 % of CPU usage

Max throughput:
12,000,000 ops
299,233,780 ns
40,102,424 ops/s
83.5 % of CPU usage

Ping latency:
1,500,000 ops
4,767,854,456 ns
3,178 ns/op
17.7 % of CPU usage

Ping throughput 10K:
2,000,000 ops
1,262,567,756 ns
1,584,073 ops/s
37.7 % of CPU usage
Tests run: 8, Failures: 0, Errors: 0, Skipped: 0, Time elapsed: 17.27 sec - in com.github.plokhotnyuk.actors.AkkaActorSpec
Running com.github.plokhotnyuk.actors.AkkaBalanceableActorSpec
Executor service type: lbq-thread-pool

Enqueueing:
10,000,000 ops
311,420,973 ns
32,110,875 ops/s
15.3 % of CPU usage
48 bytes per instance

Dequeueing:
10,000,000 ops
475,526,211 ns
21,029,335 ops/s
15.5 % of CPU usage

Initiation:
100,000 ops
721,203,510 ns
7,212 ns/op
46.5 % of CPU usage
424 bytes per instance

Single-producer sending:
6,000,000 ops
622,365,762 ns
9,640,633 ops/s
23.3 % of CPU usage

Multi-producer sending:
6,000,000 ops
529,665,668 ns
11,327,900 ops/s
38.9 % of CPU usage

Max throughput:
12,000,000 ops
327,920,015 ns
36,594,289 ops/s
69.4 % of CPU usage

Ping latency:
1,500,000 ops
4,703,122,844 ns
3,135 ns/op
17.6 % of CPU usage

Ping throughput 10K:
2,000,000 ops
1,169,489,101 ns
1,710,148 ops/s
37.2 % of CPU usage
Tests run: 8, Failures: 0, Errors: 0, Skipped: 0, Time elapsed: 15.754 sec - in com.github.plokhotnyuk.actors.AkkaBalanceableActorSpec
Running com.github.plokhotnyuk.actors.AkkaBoundedActorSpec
Executor service type: lbq-thread-pool

Enqueueing:
10,000,000 ops
448,549,705 ns
22,294,073 ops/s
17.0 % of CPU usage
48 bytes per instance

Dequeueing:
10,000,000 ops
998,325,482 ns
10,016,773 ops/s
15.4 % of CPU usage

Initiation:
100,000 ops
673,964,783 ns
6,739 ns/op
45.8 % of CPU usage
608 bytes per instance

Single-producer sending:
6,000,000 ops
1,218,083,350 ns
4,925,771 ops/s
26.2 % of CPU usage

Multi-producer sending:
6,000,000 ops
1,331,017,703 ns
4,507,828 ops/s
31.2 % of CPU usage

Max throughput:
12,000,000 ops
550,511,560 ns
21,797,907 ops/s
70.4 % of CPU usage

Ping latency:
1,500,000 ops
4,713,244,837 ns
3,142 ns/op
18.4 % of CPU usage

Ping throughput 10K:
2,000,000 ops
1,378,742,873 ns
1,450,596 ops/s
34.0 % of CPU usage

Overflow throughput:
5,000,000 ops
570,891,138 ns
8,758,237 ops/s
14.7 % of CPU usage
Tests run: 9, Failures: 0, Errors: 0, Skipped: 0, Time elapsed: 20.035 sec - in com.github.plokhotnyuk.actors.AkkaBoundedActorSpec
Running com.github.plokhotnyuk.actors.AkkaNonBalanceableActorSpec
Executor service type: lbq-thread-pool

Enqueueing:
10,000,000 ops
318,502,903 ns
31,396,888 ops/s
16.1 % of CPU usage
48 bytes per instance

Dequeueing:
10,000,000 ops
811,259,368 ns
12,326,514 ops/s
15.1 % of CPU usage

Initiation:
100,000 ops
614,369,136 ns
6,143 ns/op
49.0 % of CPU usage
424 bytes per instance

Single-producer sending:
6,000,000 ops
564,801,899 ns
10,623,193 ops/s
23.5 % of CPU usage

Multi-producer sending:
6,000,000 ops
491,733,242 ns
12,201,737 ops/s
43.0 % of CPU usage

Max throughput:
12,000,000 ops
260,055,460 ns
46,144,003 ops/s
80.3 % of CPU usage

Ping latency:
1,500,000 ops
4,626,719,695 ns
3,084 ns/op
17.7 % of CPU usage

Ping throughput 10K:
2,000,000 ops
1,134,425,773 ns
1,763,006 ops/s
39.7 % of CPU usage
Tests run: 8, Failures: 0, Errors: 0, Skipped: 0, Time elapsed: 15.866 sec - in com.github.plokhotnyuk.actors.AkkaNonBalanceableActorSpec
Running com.github.plokhotnyuk.actors.AkkaNonBlockingBoundedActorSpec
Executor service type: lbq-thread-pool

Enqueueing:
10,000,000 ops
296,891,411 ns
33,682,348 ops/s
16.4 % of CPU usage
48 bytes per instance

Dequeueing:
10,000,000 ops
791,159,683 ns
12,639,673 ops/s
15.0 % of CPU usage

Initiation:
100,000 ops
663,727,364 ns
6,637 ns/op
45.8 % of CPU usage
424 bytes per instance

Single-producer sending:
6,000,000 ops
669,968,818 ns
8,955,640 ops/s
24.6 % of CPU usage

Multi-producer sending:
6,000,000 ops
1,142,136,305 ns
5,253,313 ops/s
74.5 % of CPU usage

Max throughput:
12,000,000 ops
280,301,568 ns
42,811,034 ops/s
72.7 % of CPU usage

Ping latency:
1,500,000 ops
4,740,637,815 ns
3,160 ns/op
17.8 % of CPU usage

Ping throughput 10K:
2,000,000 ops
1,258,651,039 ns
1,589,002 ops/s
38.9 % of CPU usage

Overflow throughput:
5,000,000 ops
477,088,188 ns
10,480,242 ops/s
12.8 % of CPU usage
Tests run: 9, Failures: 0, Errors: 0, Skipped: 0, Time elapsed: 17.942 sec - in com.github.plokhotnyuk.actors.AkkaNonBlockingBoundedActorSpec
Running com.github.plokhotnyuk.actors.LiftActorSpec
Executor service type: lbq-thread-pool

Enqueueing:
10,000,000 ops
372,200,749 ns
26,867,221 ops/s
13.4 % of CPU usage
24 bytes per instance

Dequeueing:
10,000,000 ops
373,784,787 ns
26,753,362 ops/s
15.4 % of CPU usage

Initiation:
10,000,000 ops
609,891,487 ns
60 ns/op
18.9 % of CPU usage
72 bytes per instance

Single-producer sending:
6,000,000 ops
604,547,197 ns
9,924,783 ops/s
28.9 % of CPU usage

Multi-producer sending:
6,000,000 ops
662,205,063 ns
9,060,637 ops/s
36.2 % of CPU usage

Max throughput:
12,000,000 ops
376,932,643 ns
31,835,926 ops/s
90.2 % of CPU usage

Ping latency:
1,500,000 ops
4,562,682,726 ns
3,041 ns/op
19.9 % of CPU usage

Ping throughput 10K:
2,000,000 ops
870,839,452 ns
2,296,634 ops/s
31.9 % of CPU usage
Tests run: 8, Failures: 0, Errors: 0, Skipped: 0, Time elapsed: 14.462 sec - in com.github.plokhotnyuk.actors.LiftActorSpec
Running com.github.plokhotnyuk.actors.MinimalistActorSpec
Executor service type: lbq-thread-pool

Enqueueing:
40,000,000 ops
630,687,015 ns
63,422,900 ops/s
12.9 % of CPU usage
24 bytes per instance

Dequeueing:
40,000,000 ops
142,393,493 ns
280,911,712 ops/s
31.6 % of CPU usage

Initiation:
2,000,000 ops
250,988,678 ns
125 ns/op
36.9 % of CPU usage
48 bytes per instance

Single-producer sending:
15,000,000 ops
171,612,344 ns
87,406,299 ops/s
32.8 % of CPU usage

Multi-producer sending:
15,000,000 ops
346,612,642 ns
43,275,974 ops/s
93.8 % of CPU usage

Max throughput:
30,000,000 ops
186,996,349 ns
160,430,939 ops/s
86.2 % of CPU usage

Ping latency:
3,000,000 ops
1,731,443,741 ns
577 ns/op
23.1 % of CPU usage

Ping throughput 10K:
6,000,000 ops
2,574,468,174 ns
2,330,578 ops/s
33.1 % of CPU usage
Tests run: 8, Failures: 0, Errors: 0, Skipped: 0, Time elapsed: 11.628 sec - in com.github.plokhotnyuk.actors.MinimalistActorSpec
Running com.github.plokhotnyuk.actors.ScalaActorSpec
Executor service type: lbq-thread-pool

Enqueueing:
20,000,000 ops
408,953,039 ns
48,905,370 ops/s
15.0 % of CPU usage
23 bytes per instance

Dequeueing:
300,000 ops
1,014,369,717 ns
295,750 ops/s
32.0 % of CPU usage

Initiation:
600,000 ops
336,542,547 ns
560 ns/op
49.0 % of CPU usage
408 bytes per instance

Single-producer sending:
300,000 ops
1,321,121,238 ns
227,079 ops/s
29.3 % of CPU usage

Multi-producer sending:
300,000 ops
1,114,408,359 ns
269,201 ops/s
28.4 % of CPU usage

Max throughput:
600,000 ops
979,753,305 ns
612,399 ops/s
22.3 % of CPU usage

Ping latency:
250,000 ops
1,868,177,971 ns
7,472 ns/op
26.3 % of CPU usage

Ping throughput 10K:
400,000 ops
1,001,533,897 ns
399,387 ops/s
18.7 % of CPU usage
Tests run: 8, Failures: 0, Errors: 0, Skipped: 0, Time elapsed: 12.012 sec - in com.github.plokhotnyuk.actors.ScalaActorSpec
Running com.github.plokhotnyuk.actors.ScalazActorSpec
Executor service type: lbq-thread-pool

Enqueueing:
40,000,000 ops
615,427,174 ns
64,995,505 ops/s
12.8 % of CPU usage
24 bytes per instance

Dequeueing:
40,000,000 ops
190,992,639 ns
209,432,155 ops/s
34.0 % of CPU usage

Initiation:
10,000,000 ops
258,689,882 ns
25 ns/op
26.1 % of CPU usage
104 bytes per instance

Single-producer sending:
15,000,000 ops
172,922,190 ns
86,744,217 ops/s
41.9 % of CPU usage

Multi-producer sending:
15,000,000 ops
381,517,180 ns
39,316,709 ops/s
92.1 % of CPU usage

Max throughput:
30,000,000 ops
182,246,569 ns
164,612,152 ops/s
79.6 % of CPU usage

Ping latency:
3,000,000 ops
3,302,339,032 ns
1,100 ns/op
21.2 % of CPU usage

Ping throughput 10K:
6,000,000 ops
2,375,263,840 ns
2,526,035 ops/s
31.2 % of CPU usage
Tests run: 8, Failures: 0, Errors: 0, Skipped: 0, Time elapsed: 15.434 sec - in com.github.plokhotnyuk.actors.ScalazActorSpec

Results :

Tests run: 74, Failures: 0, Errors: 0, Skipped: 0

[INFO] ------------------------------------------------------------------------
[INFO] BUILD SUCCESS
[INFO] ------------------------------------------------------------------------
[INFO] Total time: 02:26 min
[INFO] Finished at: 2015-04-02T17:15:54+03:00
[INFO] Final Memory: 14M/217M
[INFO] ------------------------------------------------------------------------
