[INFO] Scanning for projects...
[INFO]                                                                         
[INFO] ------------------------------------------------------------------------
[INFO] Building Actors 1.0-SNAPSHOT
[INFO] ------------------------------------------------------------------------
[INFO] 
[INFO] --- maven-clean-plugin:2.5:clean (default-clean) @ actors ---
[INFO] Deleting /home/andriy/Projects/com/github/plokhotnyuk/actors/target
[INFO] 
[INFO] --- maven-resources-plugin:2.6:resources (default-resources) @ actors ---
[INFO] Using 'UTF-8' encoding to copy filtered resources.
[INFO] skip non existing resourceDirectory /home/andriy/Projects/com/github/plokhotnyuk/actors/src/main/resources
[INFO] 
[INFO] --- maven-resources-plugin:2.6:testResources (default-testResources) @ actors ---
[INFO] Using 'UTF-8' encoding to copy filtered resources.
[INFO] skip non existing resourceDirectory /home/andriy/Projects/com/github/plokhotnyuk/actors/src/test/resources
[INFO] 
[INFO] --- scala-maven-plugin:3.2.0:testCompile (testCompile) @ actors ---
[WARNING]  Expected all dependencies to require Scala version: 2.11.6
[WARNING]  com.github.plokhotnyuk.actors:actors:1.0-SNAPSHOT requires scala version: 2.11.6
[WARNING]  com.typesafe.akka:akka-actor_2.11:2.3.9 requires scala version: 2.11.5
[WARNING] Multiple versions of scala libraries detected!
[INFO] /home/andriy/Projects/com/github/plokhotnyuk/actors/src/test/scala:-1: info: compiling
[INFO] Compiling 15 source files to /home/andriy/Projects/com/github/plokhotnyuk/actors/target/test-classes at 1427982246834
[WARNING] /home/andriy/Projects/com/github/plokhotnyuk/actors/src/test/scala/com/github/plokhotnyuk/actors/ScalaActorSpec.scala:9: warning: trait SchedulerAdapter in package actors is deprecated: Use the akka.actor package instead. For migration from the scala.actors package refer to the Actors Migration Guide.
[WARNING]   val customScheduler = new SchedulerAdapter {
[WARNING]                             ^
[WARNING] /home/andriy/Projects/com/github/plokhotnyuk/actors/src/test/scala/com/github/plokhotnyuk/actors/ScalaActorSpec.scala:66: warning: trait Actor in package actors is deprecated: Use the akka.actor package instead. For migration from the scala.actors package refer to the Actors Migration Guide.
[WARNING]     footprintedAndTimedCollect(600000)(() => new Actor {
[WARNING]                                                  ^
[WARNING] /home/andriy/Projects/com/github/plokhotnyuk/actors/src/test/scala/com/github/plokhotnyuk/actors/ScalaActorSpec.scala:139: warning: trait Actor in package actors is deprecated: Use the akka.actor package instead. For migration from the scala.actors package refer to the Actors Migration Guide.
[WARNING]   private def replayAndCountActor(l: CountDownLatch, n: Int): Actor =
[WARNING]                                                               ^
[WARNING] /home/andriy/Projects/com/github/plokhotnyuk/actors/src/test/scala/com/github/plokhotnyuk/actors/ScalaActorSpec.scala:140: warning: trait Actor in package actors is deprecated: Use the akka.actor package instead. For migration from the scala.actors package refer to the Actors Migration Guide.
[WARNING]     new Actor {
[WARNING]         ^
[WARNING] /home/andriy/Projects/com/github/plokhotnyuk/actors/src/test/scala/com/github/plokhotnyuk/actors/ScalaActorSpec.scala:154: warning: trait IScheduler in package actors is deprecated: Use the akka.actor package instead. For migration from the scala.actors package refer to the Actors Migration Guide.
[WARNING]       override def scheduler: IScheduler = customScheduler
[WARNING]                               ^
[WARNING] /home/andriy/Projects/com/github/plokhotnyuk/actors/src/test/scala/com/github/plokhotnyuk/actors/ScalaActorSpec.scala:157: warning: trait Actor in package actors is deprecated: Use the akka.actor package instead. For migration from the scala.actors package refer to the Actors Migration Guide.
[WARNING]   private def blockableCountActor(l1: CountDownLatch, l2: CountDownLatch, n: Int): Actor =
[WARNING]                                                                                    ^
[WARNING] /home/andriy/Projects/com/github/plokhotnyuk/actors/src/test/scala/com/github/plokhotnyuk/actors/ScalaActorSpec.scala:158: warning: trait Actor in package actors is deprecated: Use the akka.actor package instead. For migration from the scala.actors package refer to the Actors Migration Guide.
[WARNING]     new Actor {
[WARNING]         ^
[WARNING] /home/andriy/Projects/com/github/plokhotnyuk/actors/src/test/scala/com/github/plokhotnyuk/actors/ScalaActorSpec.scala:177: warning: trait IScheduler in package actors is deprecated: Use the akka.actor package instead. For migration from the scala.actors package refer to the Actors Migration Guide.
[WARNING]       override def scheduler: IScheduler = customScheduler
[WARNING]                               ^
[WARNING] /home/andriy/Projects/com/github/plokhotnyuk/actors/src/test/scala/com/github/plokhotnyuk/actors/ScalaActorSpec.scala:180: warning: trait Actor in package actors is deprecated: Use the akka.actor package instead. For migration from the scala.actors package refer to the Actors Migration Guide.
[WARNING]   private def countActor(l: CountDownLatch, n: Int): Actor =
[WARNING]                                                      ^
[WARNING] /home/andriy/Projects/com/github/plokhotnyuk/actors/src/test/scala/com/github/plokhotnyuk/actors/ScalaActorSpec.scala:181: warning: trait Actor in package actors is deprecated: Use the akka.actor package instead. For migration from the scala.actors package refer to the Actors Migration Guide.
[WARNING]     new Actor {
[WARNING]         ^
[WARNING] /home/andriy/Projects/com/github/plokhotnyuk/actors/src/test/scala/com/github/plokhotnyuk/actors/ScalaActorSpec.scala:194: warning: trait IScheduler in package actors is deprecated: Use the akka.actor package instead. For migration from the scala.actors package refer to the Actors Migration Guide.
[WARNING]       override def scheduler: IScheduler = customScheduler
[WARNING]                               ^
[WARNING] /home/andriy/Projects/com/github/plokhotnyuk/actors/src/test/scala/com/github/plokhotnyuk/actors/ScalaActorSpec.scala:197: warning: trait Actor in package actors is deprecated: Use the akka.actor package instead. For migration from the scala.actors package refer to the Actors Migration Guide.
[WARNING]   private def sendMessages(a: Actor, n: Int): Unit = {
[WARNING]                               ^
[WARNING] 12 warnings found
[INFO] prepare-compile in 0 s
[INFO] compile in 10 s
[INFO] ------------------------------------------------------------------------
[INFO] BUILD SUCCESS
[INFO] ------------------------------------------------------------------------
[INFO] Total time: 11.096 s
[INFO] Finished at: 2015-04-02T16:44:17+03:00
[INFO] Final Memory: 11M/217M
[INFO] ------------------------------------------------------------------------
[INFO] Scanning for projects...
[INFO]                                                                         
[INFO] ------------------------------------------------------------------------
[INFO] Building Actors 1.0-SNAPSHOT
[INFO] ------------------------------------------------------------------------
[INFO] 
[INFO] --- maven-resources-plugin:2.6:resources (default-resources) @ actors ---
[INFO] Using 'UTF-8' encoding to copy filtered resources.
[INFO] skip non existing resourceDirectory /home/andriy/Projects/com/github/plokhotnyuk/actors/src/main/resources
[INFO] 
[INFO] --- maven-resources-plugin:2.6:testResources (default-testResources) @ actors ---
[INFO] Using 'UTF-8' encoding to copy filtered resources.
[INFO] skip non existing resourceDirectory /home/andriy/Projects/com/github/plokhotnyuk/actors/src/test/resources
[INFO] 
[INFO] --- scala-maven-plugin:3.2.0:testCompile (testCompile) @ actors ---
[WARNING]  Expected all dependencies to require Scala version: 2.11.6
[WARNING]  com.github.plokhotnyuk.actors:actors:1.0-SNAPSHOT requires scala version: 2.11.6
[WARNING]  com.typesafe.akka:akka-actor_2.11:2.3.9 requires scala version: 2.11.5
[WARNING] Multiple versions of scala libraries detected!
[INFO] Nothing to compile - all classes are up to date
[INFO] 
[INFO] --- maven-surefire-plugin:2.17:test (default-test) @ actors ---
[INFO] Surefire report directory: /home/andriy/Projects/com/github/plokhotnyuk/actors/target/surefire-reports

-------------------------------------------------------
 T E S T S
-------------------------------------------------------

-------------------------------------------------------
 T E S T S
-------------------------------------------------------
Running com.github.plokhotnyuk.actors.AkkaActorSpec
Executor service type: akka-forkjoin-pool

Enqueueing:
10,000,000 ops
301,726,883 ns
33,142,555 ops/s
14.9 % of CPU usage
48 bytes per instance

Dequeueing:
10,000,000 ops
586,365,456 ns
17,054,210 ops/s
15.6 % of CPU usage

Initiation:
100,000 ops
449,100,124 ns
4,491 ns/op
36.5 % of CPU usage
389 bytes per instance

Single-producer sending:
6,000,000 ops
628,752,778 ns
9,542,701 ops/s
24.9 % of CPU usage

Multi-producer sending:
6,000,000 ops
771,885,749 ns
7,773,171 ops/s
73.0 % of CPU usage

Max throughput:
12,000,000 ops
751,708,109 ns
15,963,643 ops/s
24.3 % of CPU usage

Ping latency:
1,500,000 ops
283,392,374 ns
188 ns/op
13.2 % of CPU usage

Ping throughput 10K:
2,000,000 ops
508,636,040 ns
3,932,084 ops/s
45.7 % of CPU usage
Tests run: 8, Failures: 0, Errors: 0, Skipped: 0, Time elapsed: 10.974 sec - in com.github.plokhotnyuk.actors.AkkaActorSpec
Running com.github.plokhotnyuk.actors.AkkaBalanceableActorSpec
Executor service type: akka-forkjoin-pool

Enqueueing:
10,000,000 ops
314,841,923 ns
31,761,970 ops/s
15.1 % of CPU usage
48 bytes per instance

Dequeueing:
10,000,000 ops
513,614,993 ns
19,469,836 ops/s
14.6 % of CPU usage

Initiation:
100,000 ops
494,634,577 ns
4,946 ns/op
34.9 % of CPU usage
389 bytes per instance

Single-producer sending:
6,000,000 ops
547,322,989 ns
10,962,448 ops/s
22.2 % of CPU usage

Multi-producer sending:
6,000,000 ops
490,116,280 ns
12,241,992 ops/s
49.5 % of CPU usage

Max throughput:
12,000,000 ops
650,736,132 ns
18,440,654 ops/s
25.2 % of CPU usage

Ping latency:
1,500,000 ops
232,505,283 ns
155 ns/op
15.1 % of CPU usage

Ping throughput 10K:
2,000,000 ops
439,930,954 ns
4,546,167 ops/s
42.1 % of CPU usage
Tests run: 8, Failures: 0, Errors: 0, Skipped: 0, Time elapsed: 10.276 sec - in com.github.plokhotnyuk.actors.AkkaBalanceableActorSpec
Running com.github.plokhotnyuk.actors.AkkaBoundedActorSpec
Executor service type: akka-forkjoin-pool

Enqueueing:
10,000,000 ops
397,495,262 ns
25,157,532 ops/s
15.1 % of CPU usage
48 bytes per instance

Dequeueing:
10,000,000 ops
686,429,055 ns
14,568,147 ops/s
14.4 % of CPU usage

Initiation:
100,000 ops
463,968,416 ns
4,639 ns/op
34.2 % of CPU usage
573 bytes per instance

Single-producer sending:
6,000,000 ops
1,093,251,983 ns
5,488,213 ops/s
24.8 % of CPU usage

Multi-producer sending:
6,000,000 ops
1,871,966,192 ns
3,205,186 ops/s
37.6 % of CPU usage

Max throughput:
12,000,000 ops
845,700,332 ns
14,189,423 ops/s
22.9 % of CPU usage

Ping latency:
1,500,000 ops
300,767,240 ns
200 ns/op
13.7 % of CPU usage

Ping throughput 10K:
2,000,000 ops
527,371,741 ns
3,792,391 ops/s
36.3 % of CPU usage

Overflow throughput:
5,000,000 ops
398,841,964 ns
12,536,293 ops/s
13.5 % of CPU usage
Tests run: 9, Failures: 0, Errors: 0, Skipped: 0, Time elapsed: 14.147 sec - in com.github.plokhotnyuk.actors.AkkaBoundedActorSpec
Running com.github.plokhotnyuk.actors.AkkaNonBalanceableActorSpec
Executor service type: akka-forkjoin-pool

Enqueueing:
10,000,000 ops
236,183,305 ns
42,339,995 ops/s
14.8 % of CPU usage
48 bytes per instance

Dequeueing:
10,000,000 ops
489,769,494 ns
20,417,768 ops/s
14.8 % of CPU usage

Initiation:
100,000 ops
462,984,139 ns
4,629 ns/op
38.6 % of CPU usage
389 bytes per instance

Single-producer sending:
6,000,000 ops
743,593,430 ns
8,068,925 ops/s
26.2 % of CPU usage

Multi-producer sending:
6,000,000 ops
447,432,209 ns
13,409,852 ops/s
45.0 % of CPU usage

Max throughput:
12,000,000 ops
611,946,478 ns
19,609,558 ops/s
26.4 % of CPU usage

Ping latency:
1,500,000 ops
202,284,168 ns
134 ns/op
15.4 % of CPU usage

Ping throughput 10K:
2,000,000 ops
434,025,518 ns
4,608,023 ops/s
42.3 % of CPU usage
Tests run: 8, Failures: 0, Errors: 0, Skipped: 0, Time elapsed: 10.21 sec - in com.github.plokhotnyuk.actors.AkkaNonBalanceableActorSpec
Running com.github.plokhotnyuk.actors.AkkaNonBlockingBoundedActorSpec
Executor service type: akka-forkjoin-pool

Enqueueing:
10,000,000 ops
244,243,354 ns
40,942,772 ops/s
17.4 % of CPU usage
48 bytes per instance

Dequeueing:
10,000,000 ops
519,755,351 ns
19,239,821 ops/s
14.9 % of CPU usage

Initiation:
100,000 ops
478,185,869 ns
4,781 ns/op
34.5 % of CPU usage
389 bytes per instance

Single-producer sending:
6,000,000 ops
694,516,122 ns
8,639,108 ops/s
24.8 % of CPU usage

Multi-producer sending:
6,000,000 ops
1,017,926,520 ns
5,894,335 ops/s
76.0 % of CPU usage

Max throughput:
12,000,000 ops
692,749,390 ns
17,322,281 ops/s
24.5 % of CPU usage

Ping latency:
1,500,000 ops
240,938,460 ns
160 ns/op
13.5 % of CPU usage

Ping throughput 10K:
2,000,000 ops
479,239,668 ns
4,173,277 ops/s
47.2 % of CPU usage

Overflow throughput:
5,000,000 ops
356,036,908 ns
14,043,487 ops/s
13.0 % of CPU usage
Tests run: 9, Failures: 0, Errors: 0, Skipped: 0, Time elapsed: 11.706 sec - in com.github.plokhotnyuk.actors.AkkaNonBlockingBoundedActorSpec
Running com.github.plokhotnyuk.actors.LiftActorSpec
Executor service type: akka-forkjoin-pool

Enqueueing:
10,000,000 ops
376,591,523 ns
26,553,969 ops/s
13.6 % of CPU usage
24 bytes per instance

Dequeueing:
10,000,000 ops
383,927,419 ns
26,046,589 ops/s
14.0 % of CPU usage

Initiation:
10,000,000 ops
600,594,120 ns
60 ns/op
18.9 % of CPU usage
72 bytes per instance

Single-producer sending:
6,000,000 ops
695,827,530 ns
8,622,826 ops/s
29.1 % of CPU usage

Multi-producer sending:
6,000,000 ops
597,766,828 ns
10,037,358 ops/s
37.0 % of CPU usage

Max throughput:
12,000,000 ops
550,416,413 ns
21,801,675 ops/s
27.5 % of CPU usage

Ping latency:
1,500,000 ops
518,700,432 ns
345 ns/op
16.6 % of CPU usage

Ping throughput 10K:
2,000,000 ops
617,190,419 ns
3,240,491 ops/s
15.8 % of CPU usage
Tests run: 8, Failures: 0, Errors: 0, Skipped: 0, Time elapsed: 10.555 sec - in com.github.plokhotnyuk.actors.LiftActorSpec
Running com.github.plokhotnyuk.actors.MinimalistActorSpec
Executor service type: akka-forkjoin-pool

Enqueueing:
40,000,000 ops
625,016,093 ns
63,998,352 ops/s
12.8 % of CPU usage
24 bytes per instance

Dequeueing:
40,000,000 ops
215,590,553 ns
185,536,886 ops/s
13.9 % of CPU usage

Initiation:
2,000,000 ops
277,846,236 ns
138 ns/op
43.6 % of CPU usage
44 bytes per instance

Single-producer sending:
15,000,000 ops
405,553,368 ns
36,986,500 ops/s
28.4 % of CPU usage

Multi-producer sending:
15,000,000 ops
358,935,189 ns
41,790,274 ops/s
97.5 % of CPU usage

Max throughput:
30,000,000 ops
289,504,756 ns
103,625,240 ops/s
46.2 % of CPU usage

Ping latency:
3,000,000 ops
205,586,453 ns
68 ns/op
14.6 % of CPU usage

Ping throughput 10K:
6,000,000 ops
355,100,293 ns
16,896,634 ops/s
17.2 % of CPU usage
Tests run: 8, Failures: 0, Errors: 0, Skipped: 0, Time elapsed: 8.354 sec - in com.github.plokhotnyuk.actors.MinimalistActorSpec
Running com.github.plokhotnyuk.actors.ScalaActorSpec
Executor service type: akka-forkjoin-pool

Enqueueing:
20,000,000 ops
605,877,959 ns
33,009,948 ops/s
14.0 % of CPU usage
24 bytes per instance

Dequeueing:
300,000 ops
340,376,523 ns
881,376 ops/s
28.3 % of CPU usage

Initiation:
600,000 ops
315,061,043 ns
525 ns/op
48.0 % of CPU usage
259 bytes per instance

Single-producer sending:
300,000 ops
541,147,562 ns
554,377 ops/s
27.0 % of CPU usage

Multi-producer sending:
300,000 ops
413,713,504 ns
725,139 ops/s
20.2 % of CPU usage

Max throughput:
600,000 ops
781,635,469 ns
767,621 ops/s
13.4 % of CPU usage

Ping latency:
250,000 ops
569,747,634 ns
2,278 ns/op
21.7 % of CPU usage

Ping throughput 10K:
400,000 ops
794,729,556 ns
503,315 ops/s
13.8 % of CPU usage
Tests run: 8, Failures: 0, Errors: 0, Skipped: 0, Time elapsed: 8.267 sec - in com.github.plokhotnyuk.actors.ScalaActorSpec
Running com.github.plokhotnyuk.actors.ScalazActorSpec
Executor service type: akka-forkjoin-pool

Enqueueing:
40,000,000 ops
615,767,094 ns
64,959,625 ops/s
12.8 % of CPU usage
24 bytes per instance

Dequeueing:
40,000,000 ops
166,601,657 ns
240,093,650 ops/s
14.3 % of CPU usage

Initiation:
10,000,000 ops
276,244,465 ns
27 ns/op
27.6 % of CPU usage
104 bytes per instance

Single-producer sending:
15,000,000 ops
413,859,970 ns
36,244,143 ops/s
29.3 % of CPU usage

Multi-producer sending:
15,000,000 ops
349,291,913 ns
42,944,023 ops/s
97.7 % of CPU usage

Max throughput:
30,000,000 ops
192,991,041 ns
155,447,630 ops/s
63.5 % of CPU usage

Ping latency:
3,000,000 ops
217,731,869 ns
72 ns/op
20.1 % of CPU usage

Ping throughput 10K:
6,000,000 ops
342,086,704 ns
17,539,413 ops/s
17.2 % of CPU usage
Tests run: 8, Failures: 0, Errors: 0, Skipped: 0, Time elapsed: 10.51 sec - in com.github.plokhotnyuk.actors.ScalazActorSpec

Results :

Tests run: 74, Failures: 0, Errors: 0, Skipped: 0

[INFO] ------------------------------------------------------------------------
[INFO] BUILD SUCCESS
[INFO] ------------------------------------------------------------------------
[INFO] Total time: 01:43 min
[INFO] Finished at: 2015-04-02T16:46:01+03:00
[INFO] Final Memory: 14M/217M
[INFO] ------------------------------------------------------------------------
[INFO] Scanning for projects...
[INFO]                                                                         
[INFO] ------------------------------------------------------------------------
[INFO] Building Actors 1.0-SNAPSHOT
[INFO] ------------------------------------------------------------------------
[INFO] 
[INFO] --- maven-resources-plugin:2.6:resources (default-resources) @ actors ---
[INFO] Using 'UTF-8' encoding to copy filtered resources.
[INFO] skip non existing resourceDirectory /home/andriy/Projects/com/github/plokhotnyuk/actors/src/main/resources
[INFO] 
[INFO] --- maven-resources-plugin:2.6:testResources (default-testResources) @ actors ---
[INFO] Using 'UTF-8' encoding to copy filtered resources.
[INFO] skip non existing resourceDirectory /home/andriy/Projects/com/github/plokhotnyuk/actors/src/test/resources
[INFO] 
[INFO] --- scala-maven-plugin:3.2.0:testCompile (testCompile) @ actors ---
[WARNING]  Expected all dependencies to require Scala version: 2.11.6
[WARNING]  com.github.plokhotnyuk.actors:actors:1.0-SNAPSHOT requires scala version: 2.11.6
[WARNING]  com.typesafe.akka:akka-actor_2.11:2.3.9 requires scala version: 2.11.5
[WARNING] Multiple versions of scala libraries detected!
[INFO] Nothing to compile - all classes are up to date
[INFO] 
[INFO] --- maven-surefire-plugin:2.17:test (default-test) @ actors ---
[INFO] Surefire report directory: /home/andriy/Projects/com/github/plokhotnyuk/actors/target/surefire-reports

-------------------------------------------------------
 T E S T S
-------------------------------------------------------

-------------------------------------------------------
 T E S T S
-------------------------------------------------------
Running com.github.plokhotnyuk.actors.AkkaActorSpec
Executor service type: scala-forkjoin-pool

Enqueueing:
10,000,000 ops
246,046,158 ns
40,642,780 ops/s
17.8 % of CPU usage
48 bytes per instance

Dequeueing:
10,000,000 ops
634,840,844 ns
15,751,979 ops/s
15.4 % of CPU usage

Initiation:
100,000 ops
430,544,622 ns
4,305 ns/op
37.5 % of CPU usage
389 bytes per instance

Single-producer sending:
6,000,000 ops
599,063,149 ns
10,015,638 ops/s
21.5 % of CPU usage

Multi-producer sending:
6,000,000 ops
748,971,594 ns
8,010,984 ops/s
76.4 % of CPU usage

Max throughput:
12,000,000 ops
803,370,800 ns
14,937,062 ops/s
23.5 % of CPU usage

Ping latency:
1,500,000 ops
299,935,997 ns
199 ns/op
13.3 % of CPU usage

Ping throughput 10K:
2,000,000 ops
959,147,927 ns
2,085,184 ops/s
23.2 % of CPU usage
Tests run: 8, Failures: 0, Errors: 0, Skipped: 0, Time elapsed: 11.664 sec - in com.github.plokhotnyuk.actors.AkkaActorSpec
Running com.github.plokhotnyuk.actors.AkkaBalanceableActorSpec
Executor service type: scala-forkjoin-pool

Enqueueing:
10,000,000 ops
320,426,186 ns
31,208,435 ops/s
15.2 % of CPU usage
48 bytes per instance

Dequeueing:
10,000,000 ops
489,978,638 ns
20,409,053 ops/s
14.5 % of CPU usage

Initiation:
100,000 ops
495,793,698 ns
4,957 ns/op
34.0 % of CPU usage
389 bytes per instance

Single-producer sending:
6,000,000 ops
547,486,621 ns
10,959,171 ops/s
22.6 % of CPU usage

Multi-producer sending:
6,000,000 ops
476,312,339 ns
12,596,776 ops/s
41.2 % of CPU usage

Max throughput:
12,000,000 ops
654,449,299 ns
18,336,026 ops/s
24.6 % of CPU usage

Ping latency:
1,500,000 ops
284,247,210 ns
189 ns/op
14.5 % of CPU usage

Ping throughput 10K:
2,000,000 ops
924,477,113 ns
2,163,385 ops/s
23.3 % of CPU usage
Tests run: 8, Failures: 0, Errors: 0, Skipped: 0, Time elapsed: 11.021 sec - in com.github.plokhotnyuk.actors.AkkaBalanceableActorSpec
Running com.github.plokhotnyuk.actors.AkkaBoundedActorSpec
Executor service type: scala-forkjoin-pool

Enqueueing:
10,000,000 ops
390,821,315 ns
25,587,140 ops/s
15.4 % of CPU usage
48 bytes per instance

Dequeueing:
10,000,000 ops
603,130,079 ns
16,580,171 ops/s
14.1 % of CPU usage

Initiation:
100,000 ops
484,261,664 ns
4,842 ns/op
36.4 % of CPU usage
573 bytes per instance

Single-producer sending:
6,000,000 ops
1,055,463,483 ns
5,684,706 ops/s
23.7 % of CPU usage

Multi-producer sending:
6,000,000 ops
2,084,419,187 ns
2,878,499 ops/s
38.0 % of CPU usage

Max throughput:
12,000,000 ops
852,994,282 ns
14,068,089 ops/s
23.2 % of CPU usage

Ping latency:
1,500,000 ops
348,619,213 ns
232 ns/op
13.3 % of CPU usage

Ping throughput 10K:
2,000,000 ops
1,138,359,158 ns
1,756,914 ops/s
21.1 % of CPU usage

Overflow throughput:
5,000,000 ops
438,611,129 ns
11,399,619 ops/s
16.2 % of CPU usage
Tests run: 9, Failures: 0, Errors: 0, Skipped: 0, Time elapsed: 14.928 sec - in com.github.plokhotnyuk.actors.AkkaBoundedActorSpec
Running com.github.plokhotnyuk.actors.AkkaNonBalanceableActorSpec
Executor service type: scala-forkjoin-pool

Enqueueing:
10,000,000 ops
318,803,581 ns
31,367,276 ops/s
14.5 % of CPU usage
48 bytes per instance

Dequeueing:
10,000,000 ops
438,144,141 ns
22,823,539 ops/s
14.8 % of CPU usage

Initiation:
100,000 ops
459,224,012 ns
4,592 ns/op
38.4 % of CPU usage
389 bytes per instance

Single-producer sending:
6,000,000 ops
554,046,209 ns
10,829,421 ops/s
25.3 % of CPU usage

Multi-producer sending:
6,000,000 ops
466,339,194 ns
12,866,171 ops/s
47.7 % of CPU usage

Max throughput:
12,000,000 ops
633,212,607 ns
18,950,980 ops/s
27.0 % of CPU usage

Ping latency:
1,500,000 ops
268,642,868 ns
179 ns/op
14.4 % of CPU usage

Ping throughput 10K:
2,000,000 ops
849,004,338 ns
2,355,700 ops/s
23.6 % of CPU usage
Tests run: 8, Failures: 0, Errors: 0, Skipped: 0, Time elapsed: 10.549 sec - in com.github.plokhotnyuk.actors.AkkaNonBalanceableActorSpec
Running com.github.plokhotnyuk.actors.AkkaNonBlockingBoundedActorSpec
Executor service type: scala-forkjoin-pool

Enqueueing:
10,000,000 ops
246,678,939 ns
40,538,523 ops/s
19.8 % of CPU usage
48 bytes per instance

Dequeueing:
10,000,000 ops
486,259,353 ns
20,565,157 ops/s
14.4 % of CPU usage

Initiation:
100,000 ops
491,980,867 ns
4,919 ns/op
39.9 % of CPU usage
389 bytes per instance

Single-producer sending:
6,000,000 ops
693,906,125 ns
8,646,702 ops/s
24.5 % of CPU usage

Multi-producer sending:
6,000,000 ops
1,036,321,867 ns
5,789,707 ops/s
76.1 % of CPU usage

Max throughput:
12,000,000 ops
674,763,406 ns
17,784,011 ops/s
24.6 % of CPU usage

Ping latency:
1,500,000 ops
269,260,518 ns
179 ns/op
13.5 % of CPU usage

Ping throughput 10K:
2,000,000 ops
911,456,509 ns
2,194,290 ops/s
23.6 % of CPU usage

Overflow throughput:
5,000,000 ops
337,496,551 ns
14,814,966 ops/s
15.9 % of CPU usage
Tests run: 9, Failures: 0, Errors: 0, Skipped: 0, Time elapsed: 12.382 sec - in com.github.plokhotnyuk.actors.AkkaNonBlockingBoundedActorSpec
Running com.github.plokhotnyuk.actors.LiftActorSpec
Executor service type: scala-forkjoin-pool

Enqueueing:
10,000,000 ops
399,974,378 ns
25,001,601 ops/s
14.1 % of CPU usage
24 bytes per instance

Dequeueing:
10,000,000 ops
414,653,421 ns
24,116,525 ops/s
14.2 % of CPU usage

Initiation:
10,000,000 ops
599,543,533 ns
59 ns/op
19.2 % of CPU usage
72 bytes per instance

Single-producer sending:
6,000,000 ops
645,437,706 ns
9,296,017 ops/s
28.5 % of CPU usage

Multi-producer sending:
6,000,000 ops
642,729,536 ns
9,335,186 ops/s
37.3 % of CPU usage

Max throughput:
12,000,000 ops
562,528,045 ns
21,332,269 ops/s
26.9 % of CPU usage

Ping latency:
1,500,000 ops
533,097,598 ns
355 ns/op
17.6 % of CPU usage

Ping throughput 10K:
2,000,000 ops
625,796,824 ns
3,195,925 ops/s
16.2 % of CPU usage
Tests run: 8, Failures: 0, Errors: 0, Skipped: 0, Time elapsed: 10.75 sec - in com.github.plokhotnyuk.actors.LiftActorSpec
Running com.github.plokhotnyuk.actors.MinimalistActorSpec
Executor service type: scala-forkjoin-pool

Enqueueing:
40,000,000 ops
638,871,030 ns
62,610,445 ops/s
12.9 % of CPU usage
24 bytes per instance

Dequeueing:
40,000,000 ops
191,559,409 ns
208,812,504 ops/s
14.4 % of CPU usage

Initiation:
2,000,000 ops
267,371,321 ns
133 ns/op
38.8 % of CPU usage
42 bytes per instance

Single-producer sending:
15,000,000 ops
158,024,227 ns
94,922,153 ops/s
30.8 % of CPU usage

Multi-producer sending:
15,000,000 ops
356,283,865 ns
42,101,261 ops/s
92.3 % of CPU usage

Max throughput:
30,000,000 ops
293,390,719 ns
102,252,723 ops/s
45.6 % of CPU usage

Ping latency:
3,000,000 ops
177,189,388 ns
59 ns/op
14.8 % of CPU usage

Ping throughput 10K:
6,000,000 ops
369,481,384 ns
16,238,977 ops/s
18.6 % of CPU usage
Tests run: 8, Failures: 0, Errors: 0, Skipped: 0, Time elapsed: 7.929 sec - in com.github.plokhotnyuk.actors.MinimalistActorSpec
Running com.github.plokhotnyuk.actors.ScalaActorSpec
Executor service type: scala-forkjoin-pool

Enqueueing:
20,000,000 ops
405,819,065 ns
49,283,046 ops/s
14.5 % of CPU usage
23 bytes per instance

Dequeueing:
300,000 ops
378,836,768 ns
791,897 ops/s
29.0 % of CPU usage

Initiation:
600,000 ops
361,108,531 ns
601 ns/op
50.9 % of CPU usage
285 bytes per instance

Single-producer sending:
300,000 ops
448,811,224 ns
668,432 ops/s
26.5 % of CPU usage

Multi-producer sending:
300,000 ops
430,477,056 ns
696,901 ops/s
17.7 % of CPU usage

Max throughput:
600,000 ops
773,966,637 ns
775,227 ops/s
16.0 % of CPU usage

Ping latency:
250,000 ops
598,345,349 ns
2,393 ns/op
20.7 % of CPU usage

Ping throughput 10K:
400,000 ops
847,435,334 ns
472,012 ops/s
13.3 % of CPU usage
Tests run: 8, Failures: 0, Errors: 0, Skipped: 0, Time elapsed: 8.131 sec - in com.github.plokhotnyuk.actors.ScalaActorSpec
Running com.github.plokhotnyuk.actors.ScalazActorSpec
Executor service type: scala-forkjoin-pool

Enqueueing:
40,000,000 ops
614,891,952 ns
65,052,079 ops/s
12.8 % of CPU usage
24 bytes per instance

Dequeueing:
40,000,000 ops
157,079,083 ns
254,648,800 ops/s
13.5 % of CPU usage

Initiation:
10,000,000 ops
246,663,702 ns
24 ns/op
27.4 % of CPU usage
104 bytes per instance

Single-producer sending:
15,000,000 ops
212,560,207 ns
70,568,241 ops/s
38.2 % of CPU usage

Multi-producer sending:
15,000,000 ops
434,232,622 ns
34,543,696 ops/s
91.5 % of CPU usage

Max throughput:
30,000,000 ops
188,171,414 ns
159,429,104 ops/s
63.1 % of CPU usage

Ping latency:
3,000,000 ops
179,615,067 ns
59 ns/op
23.7 % of CPU usage

Ping throughput 10K:
6,000,000 ops
352,902,363 ns
17,001,869 ops/s
16.6 % of CPU usage
Tests run: 8, Failures: 0, Errors: 0, Skipped: 0, Time elapsed: 10.418 sec - in com.github.plokhotnyuk.actors.ScalazActorSpec

Results :

Tests run: 74, Failures: 0, Errors: 0, Skipped: 0

[INFO] ------------------------------------------------------------------------
[INFO] BUILD SUCCESS
[INFO] ------------------------------------------------------------------------
[INFO] Total time: 01:43 min
[INFO] Finished at: 2015-04-02T16:47:45+03:00
[INFO] Final Memory: 13M/317M
[INFO] ------------------------------------------------------------------------
[INFO] Scanning for projects...
[INFO]                                                                         
[INFO] ------------------------------------------------------------------------
[INFO] Building Actors 1.0-SNAPSHOT
[INFO] ------------------------------------------------------------------------
[INFO] 
[INFO] --- maven-resources-plugin:2.6:resources (default-resources) @ actors ---
[INFO] Using 'UTF-8' encoding to copy filtered resources.
[INFO] skip non existing resourceDirectory /home/andriy/Projects/com/github/plokhotnyuk/actors/src/main/resources
[INFO] 
[INFO] --- maven-resources-plugin:2.6:testResources (default-testResources) @ actors ---
[INFO] Using 'UTF-8' encoding to copy filtered resources.
[INFO] skip non existing resourceDirectory /home/andriy/Projects/com/github/plokhotnyuk/actors/src/test/resources
[INFO] 
[INFO] --- scala-maven-plugin:3.2.0:testCompile (testCompile) @ actors ---
[WARNING]  Expected all dependencies to require Scala version: 2.11.6
[WARNING]  com.github.plokhotnyuk.actors:actors:1.0-SNAPSHOT requires scala version: 2.11.6
[WARNING]  com.typesafe.akka:akka-actor_2.11:2.3.9 requires scala version: 2.11.5
[WARNING] Multiple versions of scala libraries detected!
[INFO] Nothing to compile - all classes are up to date
[INFO] 
[INFO] --- maven-surefire-plugin:2.17:test (default-test) @ actors ---
[INFO] Surefire report directory: /home/andriy/Projects/com/github/plokhotnyuk/actors/target/surefire-reports

-------------------------------------------------------
 T E S T S
-------------------------------------------------------

-------------------------------------------------------
 T E S T S
-------------------------------------------------------
Running com.github.plokhotnyuk.actors.AkkaActorSpec
Executor service type: java-forkjoin-pool

Enqueueing:
10,000,000 ops
300,323,782 ns
33,297,396 ops/s
14.6 % of CPU usage
48 bytes per instance

Dequeueing:
10,000,000 ops
592,440,382 ns
16,879,335 ops/s
16.0 % of CPU usage

Initiation:
100,000 ops
454,644,411 ns
4,546 ns/op
39.6 % of CPU usage
413 bytes per instance

Single-producer sending:
6,000,000 ops
609,216,137 ns
9,848,721 ops/s
22.8 % of CPU usage

Multi-producer sending:
6,000,000 ops
821,267,538 ns
7,305,780 ops/s
69.7 % of CPU usage

Max throughput:
12,000,000 ops
751,619,216 ns
15,965,531 ops/s
24.3 % of CPU usage

Ping latency:
1,500,000 ops
311,279,683 ns
207 ns/op
13.3 % of CPU usage

Ping throughput 10K:
2,000,000 ops
1,007,972,296 ns
1,984,181 ops/s
22.6 % of CPU usage
Tests run: 8, Failures: 0, Errors: 0, Skipped: 0, Time elapsed: 11.396 sec - in com.github.plokhotnyuk.actors.AkkaActorSpec
Running com.github.plokhotnyuk.actors.AkkaBalanceableActorSpec
Executor service type: java-forkjoin-pool

Enqueueing:
10,000,000 ops
311,839,535 ns
32,067,774 ops/s
16.0 % of CPU usage
48 bytes per instance

Dequeueing:
10,000,000 ops
483,386,002 ns
20,687,400 ops/s
14.2 % of CPU usage

Initiation:
100,000 ops
426,264,572 ns
4,262 ns/op
36.1 % of CPU usage
413 bytes per instance

Single-producer sending:
6,000,000 ops
610,062,332 ns
9,835,060 ops/s
24.0 % of CPU usage

Multi-producer sending:
6,000,000 ops
475,921,718 ns
12,607,115 ops/s
44.7 % of CPU usage

Max throughput:
12,000,000 ops
665,504,029 ns
18,031,446 ops/s
24.6 % of CPU usage

Ping latency:
1,500,000 ops
295,738,612 ns
197 ns/op
16.1 % of CPU usage

Ping throughput 10K:
2,000,000 ops
963,589,865 ns
2,075,571 ops/s
23.1 % of CPU usage
Tests run: 8, Failures: 0, Errors: 0, Skipped: 0, Time elapsed: 11.123 sec - in com.github.plokhotnyuk.actors.AkkaBalanceableActorSpec
Running com.github.plokhotnyuk.actors.AkkaBoundedActorSpec
Executor service type: java-forkjoin-pool

Enqueueing:
10,000,000 ops
418,861,977 ns
23,874,212 ops/s
15.2 % of CPU usage
48 bytes per instance

Dequeueing:
10,000,000 ops
693,938,312 ns
14,410,502 ops/s
14.6 % of CPU usage

Initiation:
100,000 ops
481,638,449 ns
4,816 ns/op
38.9 % of CPU usage
597 bytes per instance

Single-producer sending:
6,000,000 ops
1,096,194,655 ns
5,473,480 ops/s
24.3 % of CPU usage

Multi-producer sending:
6,000,000 ops
1,312,449,845 ns
4,571,603 ops/s
37.2 % of CPU usage

Max throughput:
12,000,000 ops
876,058,607 ns
13,697,713 ops/s
22.0 % of CPU usage

Ping latency:
1,500,000 ops
338,509,811 ns
225 ns/op
13.7 % of CPU usage

Ping throughput 10K:
2,000,000 ops
1,219,309,973 ns
1,640,271 ops/s
21.7 % of CPU usage

Overflow throughput:
5,000,000 ops
398,232,050 ns
12,555,493 ops/s
13.8 % of CPU usage
Tests run: 9, Failures: 0, Errors: 0, Skipped: 0, Time elapsed: 14.504 sec - in com.github.plokhotnyuk.actors.AkkaBoundedActorSpec
Running com.github.plokhotnyuk.actors.AkkaNonBalanceableActorSpec
Executor service type: java-forkjoin-pool

Enqueueing:
10,000,000 ops
314,760,618 ns
31,770,175 ops/s
16.3 % of CPU usage
48 bytes per instance

Dequeueing:
10,000,000 ops
489,366,222 ns
20,434,593 ops/s
14.6 % of CPU usage

Initiation:
100,000 ops
464,835,348 ns
4,648 ns/op
36.8 % of CPU usage
413 bytes per instance

Single-producer sending:
6,000,000 ops
544,129,012 ns
11,026,796 ops/s
22.3 % of CPU usage

Multi-producer sending:
6,000,000 ops
447,906,308 ns
13,395,658 ops/s
45.8 % of CPU usage

Max throughput:
12,000,000 ops
644,309,143 ns
18,624,599 ops/s
24.8 % of CPU usage

Ping latency:
1,500,000 ops
253,934,592 ns
169 ns/op
14.8 % of CPU usage

Ping throughput 10K:
2,000,000 ops
916,195,103 ns
2,182,941 ops/s
22.9 % of CPU usage
Tests run: 8, Failures: 0, Errors: 0, Skipped: 0, Time elapsed: 11.004 sec - in com.github.plokhotnyuk.actors.AkkaNonBalanceableActorSpec
Running com.github.plokhotnyuk.actors.AkkaNonBlockingBoundedActorSpec
Executor service type: java-forkjoin-pool

Enqueueing:
10,000,000 ops
243,624,935 ns
41,046,701 ops/s
17.4 % of CPU usage
48 bytes per instance

Dequeueing:
10,000,000 ops
492,785,465 ns
20,292,806 ops/s
14.5 % of CPU usage

Initiation:
100,000 ops
453,642,077 ns
4,536 ns/op
37.5 % of CPU usage
413 bytes per instance

Single-producer sending:
6,000,000 ops
362,899,669 ns
16,533,495 ops/s
20.7 % of CPU usage

Multi-producer sending:
6,000,000 ops
987,398,585 ns
6,076,573 ops/s
80.5 % of CPU usage

Max throughput:
12,000,000 ops
656,072,663 ns
18,290,656 ops/s
25.5 % of CPU usage

Ping latency:
1,500,000 ops
255,200,018 ns
170 ns/op
13.7 % of CPU usage

Ping throughput 10K:
2,000,000 ops
950,056,917 ns
2,105,137 ops/s
23.4 % of CPU usage

Overflow throughput:
5,000,000 ops
347,609,525 ns
14,383,955 ops/s
14.7 % of CPU usage
Tests run: 9, Failures: 0, Errors: 0, Skipped: 0, Time elapsed: 12.12 sec - in com.github.plokhotnyuk.actors.AkkaNonBlockingBoundedActorSpec
Running com.github.plokhotnyuk.actors.LiftActorSpec
Executor service type: java-forkjoin-pool

Enqueueing:
10,000,000 ops
379,722,427 ns
26,335,026 ops/s
13.5 % of CPU usage
24 bytes per instance

Dequeueing:
10,000,000 ops
359,227,465 ns
27,837,515 ops/s
15.3 % of CPU usage

Initiation:
10,000,000 ops
596,018,013 ns
59 ns/op
19.3 % of CPU usage
72 bytes per instance

Single-producer sending:
6,000,000 ops
684,755,891 ns
8,762,246 ops/s
30.1 % of CPU usage

Multi-producer sending:
6,000,000 ops
620,552,593 ns
9,668,801 ops/s
35.7 % of CPU usage

Max throughput:
12,000,000 ops
477,496,073 ns
25,131,096 ops/s
28.3 % of CPU usage

Ping latency:
1,500,000 ops
495,054,324 ns
330 ns/op
16.9 % of CPU usage

Ping throughput 10K:
2,000,000 ops
631,113,767 ns
3,169,000 ops/s
14.9 % of CPU usage
Tests run: 8, Failures: 0, Errors: 0, Skipped: 0, Time elapsed: 10.421 sec - in com.github.plokhotnyuk.actors.LiftActorSpec
Running com.github.plokhotnyuk.actors.MinimalistActorSpec
Executor service type: java-forkjoin-pool

Enqueueing:
40,000,000 ops
630,537,749 ns
63,437,914 ops/s
12.9 % of CPU usage
24 bytes per instance

Dequeueing:
40,000,000 ops
245,270,663 ns
163,085,138 ops/s
14.3 % of CPU usage

Initiation:
2,000,000 ops
333,234,564 ns
166 ns/op
42.0 % of CPU usage
41 bytes per instance

Single-producer sending:
15,000,000 ops
354,889,608 ns
42,266,664 ops/s
28.2 % of CPU usage

Multi-producer sending:
15,000,000 ops
369,074,084 ns
40,642,246 ops/s
95.8 % of CPU usage

Max throughput:
30,000,000 ops
304,697,397 ns
98,458,340 ops/s
45.1 % of CPU usage

Ping latency:
3,000,000 ops
205,007,329 ns
68 ns/op
14.6 % of CPU usage

Ping throughput 10K:
6,000,000 ops
399,585,715 ns
15,015,551 ops/s
16.6 % of CPU usage
Tests run: 8, Failures: 0, Errors: 0, Skipped: 0, Time elapsed: 8.418 sec - in com.github.plokhotnyuk.actors.MinimalistActorSpec
Running com.github.plokhotnyuk.actors.ScalaActorSpec
Executor service type: java-forkjoin-pool

Enqueueing:
20,000,000 ops
385,310,125 ns
51,906,240 ops/s
14.3 % of CPU usage
23 bytes per instance

Dequeueing:
300,000 ops
452,011,980 ns
663,699 ops/s
28.8 % of CPU usage

Initiation:
600,000 ops
427,929,320 ns
713 ns/op
55.8 % of CPU usage
298 bytes per instance

Single-producer sending:
300,000 ops
486,656,760 ns
616,450 ops/s
30.6 % of CPU usage

Multi-producer sending:
300,000 ops
390,227,829 ns
768,781 ops/s
19.5 % of CPU usage

Max throughput:
600,000 ops
727,416,492 ns
824,836 ops/s
15.5 % of CPU usage

Ping latency:
250,000 ops
559,153,790 ns
2,236 ns/op
22.6 % of CPU usage

Ping throughput 10K:
400,000 ops
720,406,481 ns
555,242 ops/s
13.9 % of CPU usage
Tests run: 8, Failures: 0, Errors: 0, Skipped: 0, Time elapsed: 8.281 sec - in com.github.plokhotnyuk.actors.ScalaActorSpec
Running com.github.plokhotnyuk.actors.ScalazActorSpec
Executor service type: java-forkjoin-pool

Enqueueing:
40,000,000 ops
593,247,324 ns
67,425,504 ops/s
12.6 % of CPU usage
24 bytes per instance

Dequeueing:
40,000,000 ops
180,798,512 ns
221,240,758 ops/s
13.8 % of CPU usage

Initiation:
10,000,000 ops
288,789,614 ns
28 ns/op
26.0 % of CPU usage
104 bytes per instance

Single-producer sending:
15,000,000 ops
398,708,591 ns
37,621,461 ops/s
28.2 % of CPU usage

Multi-producer sending:
15,000,000 ops
379,473,308 ns
39,528,471 ops/s
91.2 % of CPU usage

Max throughput:
30,000,000 ops
195,270,440 ns
153,633,084 ops/s
62.7 % of CPU usage

Ping latency:
3,000,000 ops
168,222,836 ns
56 ns/op
19.3 % of CPU usage

Ping throughput 10K:
6,000,000 ops
334,181,016 ns
17,954,341 ops/s
17.6 % of CPU usage
Tests run: 8, Failures: 0, Errors: 0, Skipped: 0, Time elapsed: 10.476 sec - in com.github.plokhotnyuk.actors.ScalazActorSpec

Results :

Tests run: 74, Failures: 0, Errors: 0, Skipped: 0

[INFO] ------------------------------------------------------------------------
[INFO] BUILD SUCCESS
[INFO] ------------------------------------------------------------------------
[INFO] Total time: 01:43 min
[INFO] Finished at: 2015-04-02T16:49:29+03:00
[INFO] Final Memory: 14M/217M
[INFO] ------------------------------------------------------------------------
[INFO] Scanning for projects...
[INFO]                                                                         
[INFO] ------------------------------------------------------------------------
[INFO] Building Actors 1.0-SNAPSHOT
[INFO] ------------------------------------------------------------------------
[INFO] 
[INFO] --- maven-resources-plugin:2.6:resources (default-resources) @ actors ---
[INFO] Using 'UTF-8' encoding to copy filtered resources.
[INFO] skip non existing resourceDirectory /home/andriy/Projects/com/github/plokhotnyuk/actors/src/main/resources
[INFO] 
[INFO] --- maven-resources-plugin:2.6:testResources (default-testResources) @ actors ---
[INFO] Using 'UTF-8' encoding to copy filtered resources.
[INFO] skip non existing resourceDirectory /home/andriy/Projects/com/github/plokhotnyuk/actors/src/test/resources
[INFO] 
[INFO] --- scala-maven-plugin:3.2.0:testCompile (testCompile) @ actors ---
[WARNING]  Expected all dependencies to require Scala version: 2.11.6
[WARNING]  com.github.plokhotnyuk.actors:actors:1.0-SNAPSHOT requires scala version: 2.11.6
[WARNING]  com.typesafe.akka:akka-actor_2.11:2.3.9 requires scala version: 2.11.5
[WARNING] Multiple versions of scala libraries detected!
[INFO] Nothing to compile - all classes are up to date
[INFO] 
[INFO] --- maven-surefire-plugin:2.17:test (default-test) @ actors ---
[INFO] Surefire report directory: /home/andriy/Projects/com/github/plokhotnyuk/actors/target/surefire-reports

-------------------------------------------------------
 T E S T S
-------------------------------------------------------

-------------------------------------------------------
 T E S T S
-------------------------------------------------------
Running com.github.plokhotnyuk.actors.AkkaActorSpec
Executor service type: abq-thread-pool

Enqueueing:
10,000,000 ops
305,287,433 ns
32,756,015 ops/s
14.7 % of CPU usage
48 bytes per instance

Dequeueing:
10,000,000 ops
659,422,895 ns
15,164,775 ops/s
16.1 % of CPU usage

Initiation:
100,000 ops
477,891,612 ns
4,778 ns/op
33.0 % of CPU usage
384 bytes per instance

Single-producer sending:
6,000,000 ops
635,053,297 ns
9,448,025 ops/s
26.2 % of CPU usage

Multi-producer sending:
6,000,000 ops
851,427,733 ns
7,046,986 ops/s
69.0 % of CPU usage

Max throughput:
12,000,000 ops
807,801,513 ns
14,855,134 ops/s
22.9 % of CPU usage

Ping latency:
1,500,000 ops
302,813,682 ns
201 ns/op
13.2 % of CPU usage

Ping throughput 10K:
2,000,000 ops
1,092,865,751 ns
1,830,050 ops/s
25.3 % of CPU usage
Tests run: 8, Failures: 0, Errors: 0, Skipped: 0, Time elapsed: 12.032 sec - in com.github.plokhotnyuk.actors.AkkaActorSpec
Running com.github.plokhotnyuk.actors.AkkaBalanceableActorSpec
Executor service type: abq-thread-pool

Enqueueing:
10,000,000 ops
320,385,644 ns
31,212,384 ops/s
16.8 % of CPU usage
48 bytes per instance

Dequeueing:
10,000,000 ops
517,286,117 ns
19,331,661 ops/s
15.0 % of CPU usage

Initiation:
100,000 ops
444,309,734 ns
4,443 ns/op
35.2 % of CPU usage
384 bytes per instance

Single-producer sending:
6,000,000 ops
552,476,321 ns
10,860,193 ops/s
23.3 % of CPU usage

Multi-producer sending:
6,000,000 ops
463,415,119 ns
12,947,354 ops/s
44.8 % of CPU usage

Max throughput:
12,000,000 ops
653,918,588 ns
18,350,908 ops/s
25.2 % of CPU usage

Ping latency:
1,500,000 ops
276,039,939 ns
184 ns/op
14.5 % of CPU usage

Ping throughput 10K:
2,000,000 ops
940,596,784 ns
2,126,309 ops/s
21.9 % of CPU usage
Tests run: 8, Failures: 0, Errors: 0, Skipped: 0, Time elapsed: 10.988 sec - in com.github.plokhotnyuk.actors.AkkaBalanceableActorSpec
Running com.github.plokhotnyuk.actors.AkkaBoundedActorSpec
Executor service type: abq-thread-pool

Enqueueing:
10,000,000 ops
390,944,897 ns
25,579,052 ops/s
16.3 % of CPU usage
48 bytes per instance

Dequeueing:
10,000,000 ops
665,425,498 ns
15,027,978 ops/s
14.3 % of CPU usage

Initiation:
100,000 ops
501,033,560 ns
5,010 ns/op
35.4 % of CPU usage
568 bytes per instance

Single-producer sending:
6,000,000 ops
1,163,084,715 ns
5,158,695 ops/s
25.0 % of CPU usage

Multi-producer sending:
6,000,000 ops
1,369,976,810 ns
4,379,636 ops/s
37.0 % of CPU usage

Max throughput:
12,000,000 ops
842,074,855 ns
14,250,514 ops/s
23.8 % of CPU usage

Ping latency:
1,500,000 ops
378,085,582 ns
252 ns/op
13.6 % of CPU usage

Ping throughput 10K:
2,000,000 ops
1,147,244,849 ns
1,743,307 ops/s
21.4 % of CPU usage

Overflow throughput:
5,000,000 ops
387,939,649 ns
12,888,602 ops/s
16.4 % of CPU usage
Tests run: 9, Failures: 0, Errors: 0, Skipped: 0, Time elapsed: 14.188 sec - in com.github.plokhotnyuk.actors.AkkaBoundedActorSpec
Running com.github.plokhotnyuk.actors.AkkaNonBalanceableActorSpec
Executor service type: abq-thread-pool

Enqueueing:
10,000,000 ops
238,690,713 ns
41,895,220 ops/s
15.2 % of CPU usage
48 bytes per instance

Dequeueing:
10,000,000 ops
471,147,818 ns
21,224,761 ops/s
14.9 % of CPU usage

Initiation:
100,000 ops
459,062,288 ns
4,590 ns/op
38.4 % of CPU usage
384 bytes per instance

Single-producer sending:
6,000,000 ops
652,159,032 ns
9,200,209 ops/s
25.9 % of CPU usage

Multi-producer sending:
6,000,000 ops
443,958,988 ns
13,514,761 ops/s
46.5 % of CPU usage

Max throughput:
12,000,000 ops
614,893,123 ns
19,515,586 ops/s
25.6 % of CPU usage

Ping latency:
1,500,000 ops
338,410,872 ns
225 ns/op
15.1 % of CPU usage

Ping throughput 10K:
2,000,000 ops
890,216,530 ns
2,246,644 ops/s
23.6 % of CPU usage
Tests run: 8, Failures: 0, Errors: 0, Skipped: 0, Time elapsed: 10.897 sec - in com.github.plokhotnyuk.actors.AkkaNonBalanceableActorSpec
Running com.github.plokhotnyuk.actors.AkkaNonBlockingBoundedActorSpec
Executor service type: abq-thread-pool

Enqueueing:
10,000,000 ops
317,941,602 ns
31,452,316 ops/s
14.9 % of CPU usage
48 bytes per instance

Dequeueing:
10,000,000 ops
489,592,901 ns
20,425,132 ops/s
15.1 % of CPU usage

Initiation:
100,000 ops
473,608,416 ns
4,736 ns/op
39.6 % of CPU usage
384 bytes per instance

Single-producer sending:
6,000,000 ops
654,651,209 ns
9,165,185 ops/s
23.9 % of CPU usage

Multi-producer sending:
6,000,000 ops
1,113,756,019 ns
5,387,176 ops/s
79.8 % of CPU usage

Max throughput:
12,000,000 ops
656,000,019 ns
18,292,682 ops/s
25.3 % of CPU usage

Ping latency:
1,500,000 ops
291,830,319 ns
194 ns/op
13.7 % of CPU usage

Ping throughput 10K:
2,000,000 ops
987,172,705 ns
2,025,987 ops/s
26.3 % of CPU usage

Overflow throughput:
5,000,000 ops
381,570,093 ns
13,103,752 ops/s
17.4 % of CPU usage
Tests run: 9, Failures: 0, Errors: 0, Skipped: 0, Time elapsed: 12.741 sec - in com.github.plokhotnyuk.actors.AkkaNonBlockingBoundedActorSpec
Running com.github.plokhotnyuk.actors.LiftActorSpec
Executor service type: abq-thread-pool

Enqueueing:
10,000,000 ops
360,792,736 ns
27,716,744 ops/s
13.9 % of CPU usage
24 bytes per instance

Dequeueing:
10,000,000 ops
361,272,838 ns
27,679,910 ops/s
15.2 % of CPU usage

Initiation:
10,000,000 ops
588,365,762 ns
58 ns/op
19.1 % of CPU usage
72 bytes per instance

Single-producer sending:
6,000,000 ops
691,984,388 ns
8,670,715 ops/s
29.4 % of CPU usage

Multi-producer sending:
6,000,000 ops
664,576,050 ns
9,028,312 ops/s
37.1 % of CPU usage

Max throughput:
12,000,000 ops
505,421,268 ns
23,742,570 ops/s
30.4 % of CPU usage

Ping latency:
1,500,000 ops
658,896,412 ns
439 ns/op
19.9 % of CPU usage

Ping throughput 10K:
2,000,000 ops
731,351,915 ns
2,734,661 ops/s
14.2 % of CPU usage
Tests run: 8, Failures: 0, Errors: 0, Skipped: 0, Time elapsed: 10.649 sec - in com.github.plokhotnyuk.actors.LiftActorSpec
Running com.github.plokhotnyuk.actors.MinimalistActorSpec
Executor service type: abq-thread-pool

Enqueueing:
40,000,000 ops
639,716,471 ns
62,527,700 ops/s
12.9 % of CPU usage
24 bytes per instance

Dequeueing:
40,000,000 ops
141,963,152 ns
281,763,256 ops/s
15.8 % of CPU usage

Initiation:
2,000,000 ops
773,974,061 ns
386 ns/op
32.0 % of CPU usage
46 bytes per instance

Single-producer sending:
15,000,000 ops
339,022,122 ns
44,244,900 ops/s
28.8 % of CPU usage

Multi-producer sending:
15,000,000 ops
365,978,031 ns
40,986,066 ops/s
91.9 % of CPU usage

Max throughput:
30,000,000 ops
298,705,130 ns
100,433,494 ops/s
43.9 % of CPU usage

Ping latency:
3,000,000 ops
361,065,005 ns
120 ns/op
13.5 % of CPU usage

Ping throughput 10K:
6,000,000 ops
707,190,352 ns
8,484,278 ops/s
13.4 % of CPU usage
Tests run: 8, Failures: 0, Errors: 0, Skipped: 0, Time elapsed: 9.192 sec - in com.github.plokhotnyuk.actors.MinimalistActorSpec
Running com.github.plokhotnyuk.actors.ScalaActorSpec
Executor service type: abq-thread-pool

Enqueueing:
20,000,000 ops
542,824,227 ns
36,844,339 ops/s
13.6 % of CPU usage
24 bytes per instance

Dequeueing:
300,000 ops
431,185,538 ns
695,756 ops/s
27.0 % of CPU usage

Initiation:
600,000 ops
315,372,080 ns
525 ns/op
46.4 % of CPU usage
272 bytes per instance

Single-producer sending:
300,000 ops
468,837,917 ns
639,879 ops/s
25.1 % of CPU usage

Multi-producer sending:
300,000 ops
407,458,074 ns
736,272 ops/s
20.2 % of CPU usage

Max throughput:
600,000 ops
731,099,017 ns
820,682 ops/s
14.5 % of CPU usage

Ping latency:
250,000 ops
623,987,444 ns
2,495 ns/op
19.8 % of CPU usage

Ping throughput 10K:
400,000 ops
829,825,798 ns
482,028 ops/s
13.6 % of CPU usage
Tests run: 8, Failures: 0, Errors: 0, Skipped: 0, Time elapsed: 8.35 sec - in com.github.plokhotnyuk.actors.ScalaActorSpec
Running com.github.plokhotnyuk.actors.ScalazActorSpec
Executor service type: abq-thread-pool

Enqueueing:
40,000,000 ops
620,402,186 ns
64,474,305 ops/s
12.9 % of CPU usage
24 bytes per instance

Dequeueing:
40,000,000 ops
204,249,214 ns
195,839,186 ops/s
20.2 % of CPU usage

Initiation:
10,000,000 ops
340,492,281 ns
34 ns/op
26.1 % of CPU usage
104 bytes per instance

Single-producer sending:
15,000,000 ops
234,007,619 ns
64,100,477 ops/s
31.5 % of CPU usage

Multi-producer sending:
15,000,000 ops
356,680,447 ns
42,054,449 ops/s
95.0 % of CPU usage

Max throughput:
30,000,000 ops
187,724,203 ns
159,808,908 ops/s
63.9 % of CPU usage

Ping latency:
3,000,000 ops
309,621,263 ns
103 ns/op
14.9 % of CPU usage

Ping throughput 10K:
6,000,000 ops
591,363,717 ns
10,146,040 ops/s
15.6 % of CPU usage
Tests run: 8, Failures: 0, Errors: 0, Skipped: 0, Time elapsed: 10.95 sec - in com.github.plokhotnyuk.actors.ScalazActorSpec

Results :

Tests run: 74, Failures: 0, Errors: 0, Skipped: 0

[INFO] ------------------------------------------------------------------------
[INFO] BUILD SUCCESS
[INFO] ------------------------------------------------------------------------
[INFO] Total time: 01:46 min
[INFO] Finished at: 2015-04-02T16:51:17+03:00
[INFO] Final Memory: 14M/217M
[INFO] ------------------------------------------------------------------------
[INFO] Scanning for projects...
[INFO]                                                                         
[INFO] ------------------------------------------------------------------------
[INFO] Building Actors 1.0-SNAPSHOT
[INFO] ------------------------------------------------------------------------
[INFO] 
[INFO] --- maven-resources-plugin:2.6:resources (default-resources) @ actors ---
[INFO] Using 'UTF-8' encoding to copy filtered resources.
[INFO] skip non existing resourceDirectory /home/andriy/Projects/com/github/plokhotnyuk/actors/src/main/resources
[INFO] 
[INFO] --- maven-resources-plugin:2.6:testResources (default-testResources) @ actors ---
[INFO] Using 'UTF-8' encoding to copy filtered resources.
[INFO] skip non existing resourceDirectory /home/andriy/Projects/com/github/plokhotnyuk/actors/src/test/resources
[INFO] 
[INFO] --- scala-maven-plugin:3.2.0:testCompile (testCompile) @ actors ---
[WARNING]  Expected all dependencies to require Scala version: 2.11.6
[WARNING]  com.github.plokhotnyuk.actors:actors:1.0-SNAPSHOT requires scala version: 2.11.6
[WARNING]  com.typesafe.akka:akka-actor_2.11:2.3.9 requires scala version: 2.11.5
[WARNING] Multiple versions of scala libraries detected!
[INFO] Nothing to compile - all classes are up to date
[INFO] 
[INFO] --- maven-surefire-plugin:2.17:test (default-test) @ actors ---
[INFO] Surefire report directory: /home/andriy/Projects/com/github/plokhotnyuk/actors/target/surefire-reports

-------------------------------------------------------
 T E S T S
-------------------------------------------------------

-------------------------------------------------------
 T E S T S
-------------------------------------------------------
Running com.github.plokhotnyuk.actors.AkkaActorSpec
Executor service type: lbq-thread-pool

Enqueueing:
10,000,000 ops
245,801,582 ns
40,683,220 ops/s
15.3 % of CPU usage
48 bytes per instance

Dequeueing:
10,000,000 ops
620,929,376 ns
16,104,891 ops/s
16.1 % of CPU usage

Initiation:
100,000 ops
476,191,834 ns
4,761 ns/op
34.9 % of CPU usage
408 bytes per instance

Single-producer sending:
6,000,000 ops
629,074,830 ns
9,537,816 ops/s
23.4 % of CPU usage

Multi-producer sending:
6,000,000 ops
835,411,337 ns
7,182,090 ops/s
70.8 % of CPU usage

Max throughput:
12,000,000 ops
755,905,700 ns
15,874,996 ops/s
23.6 % of CPU usage

Ping latency:
1,500,000 ops
402,192,129 ns
268 ns/op
13.1 % of CPU usage

Ping throughput 10K:
2,000,000 ops
1,149,726,545 ns
1,739,544 ops/s
25.1 % of CPU usage
Tests run: 8, Failures: 0, Errors: 0, Skipped: 0, Time elapsed: 12.153 sec - in com.github.plokhotnyuk.actors.AkkaActorSpec
Running com.github.plokhotnyuk.actors.AkkaBalanceableActorSpec
Executor service type: lbq-thread-pool

Enqueueing:
10,000,000 ops
315,674,590 ns
31,678,191 ops/s
16.2 % of CPU usage
48 bytes per instance

Dequeueing:
10,000,000 ops
506,481,814 ns
19,744,045 ops/s
15.3 % of CPU usage

Initiation:
100,000 ops
441,545,442 ns
4,415 ns/op
38.2 % of CPU usage
408 bytes per instance

Single-producer sending:
6,000,000 ops
641,909,262 ns
9,347,115 ops/s
23.4 % of CPU usage

Multi-producer sending:
6,000,000 ops
500,799,916 ns
11,980,832 ops/s
51.2 % of CPU usage

Max throughput:
12,000,000 ops
651,206,619 ns
18,427,331 ops/s
25.0 % of CPU usage

Ping latency:
1,500,000 ops
368,810,761 ns
245 ns/op
14.2 % of CPU usage

Ping throughput 10K:
2,000,000 ops
975,321,486 ns
2,050,605 ops/s
23.1 % of CPU usage
Tests run: 8, Failures: 0, Errors: 0, Skipped: 0, Time elapsed: 11.155 sec - in com.github.plokhotnyuk.actors.AkkaBalanceableActorSpec
Running com.github.plokhotnyuk.actors.AkkaBoundedActorSpec
Executor service type: lbq-thread-pool

Enqueueing:
10,000,000 ops
493,423,381 ns
20,266,571 ops/s
15.5 % of CPU usage
48 bytes per instance

Dequeueing:
10,000,000 ops
654,239,106 ns
15,284,931 ops/s
14.7 % of CPU usage

Initiation:
100,000 ops
451,958,652 ns
4,519 ns/op
35.1 % of CPU usage
592 bytes per instance

Single-producer sending:
6,000,000 ops
1,157,166,903 ns
5,185,077 ops/s
24.4 % of CPU usage

Multi-producer sending:
6,000,000 ops
1,805,625,581 ns
3,322,948 ops/s
35.8 % of CPU usage

Max throughput:
12,000,000 ops
889,188,206 ns
13,495,455 ops/s
27.6 % of CPU usage

Ping latency:
1,500,000 ops
430,500,305 ns
287 ns/op
13.1 % of CPU usage

Ping throughput 10K:
2,000,000 ops
1,212,504,517 ns
1,649,478 ops/s
20.3 % of CPU usage

Overflow throughput:
5,000,000 ops
638,600,509 ns
7,829,621 ops/s
14.9 % of CPU usage
Tests run: 9, Failures: 0, Errors: 0, Skipped: 0, Time elapsed: 15.564 sec - in com.github.plokhotnyuk.actors.AkkaBoundedActorSpec
Running com.github.plokhotnyuk.actors.AkkaNonBalanceableActorSpec
Executor service type: lbq-thread-pool

Enqueueing:
10,000,000 ops
268,832,191 ns
37,197,926 ops/s
15.8 % of CPU usage
48 bytes per instance

Dequeueing:
10,000,000 ops
480,754,658 ns
20,800,630 ops/s
15.3 % of CPU usage

Initiation:
100,000 ops
447,004,872 ns
4,470 ns/op
33.6 % of CPU usage
408 bytes per instance

Single-producer sending:
6,000,000 ops
519,819,177 ns
11,542,475 ops/s
24.3 % of CPU usage

Multi-producer sending:
6,000,000 ops
515,977,930 ns
11,628,404 ops/s
45.5 % of CPU usage

Max throughput:
12,000,000 ops
644,096,311 ns
18,630,754 ops/s
23.3 % of CPU usage

Ping latency:
1,500,000 ops
369,732,081 ns
246 ns/op
14.5 % of CPU usage

Ping throughput 10K:
2,000,000 ops
994,139,956 ns
2,011,789 ops/s
23.9 % of CPU usage
Tests run: 8, Failures: 0, Errors: 0, Skipped: 0, Time elapsed: 11.145 sec - in com.github.plokhotnyuk.actors.AkkaNonBalanceableActorSpec
Running com.github.plokhotnyuk.actors.AkkaNonBlockingBoundedActorSpec
Executor service type: lbq-thread-pool

Enqueueing:
10,000,000 ops
252,345,440 ns
39,628,217 ops/s
17.3 % of CPU usage
48 bytes per instance

Dequeueing:
10,000,000 ops
442,678,587 ns
22,589,753 ops/s
14.7 % of CPU usage

Initiation:
100,000 ops
458,364,505 ns
4,583 ns/op
38.7 % of CPU usage
408 bytes per instance

Single-producer sending:
6,000,000 ops
702,715,353 ns
8,538,307 ops/s
25.1 % of CPU usage

Multi-producer sending:
6,000,000 ops
1,006,765,245 ns
5,959,681 ops/s
77.2 % of CPU usage

Max throughput:
12,000,000 ops
644,008,232 ns
18,633,302 ops/s
24.8 % of CPU usage

Ping latency:
1,500,000 ops
348,292,425 ns
232 ns/op
13.6 % of CPU usage

Ping throughput 10K:
2,000,000 ops
985,645,011 ns
2,029,128 ops/s
23.1 % of CPU usage

Overflow throughput:
5,000,000 ops
348,104,526 ns
14,363,501 ops/s
15.1 % of CPU usage
Tests run: 9, Failures: 0, Errors: 0, Skipped: 0, Time elapsed: 12.22 sec - in com.github.plokhotnyuk.actors.AkkaNonBlockingBoundedActorSpec
Running com.github.plokhotnyuk.actors.LiftActorSpec
Executor service type: lbq-thread-pool

Enqueueing:
10,000,000 ops
371,411,113 ns
26,924,342 ops/s
13.5 % of CPU usage
24 bytes per instance

Dequeueing:
10,000,000 ops
374,584,431 ns
26,696,251 ops/s
15.4 % of CPU usage

Initiation:
10,000,000 ops
561,829,639 ns
56 ns/op
19.1 % of CPU usage
72 bytes per instance

Single-producer sending:
6,000,000 ops
697,247,879 ns
8,605,261 ops/s
30.3 % of CPU usage

Multi-producer sending:
6,000,000 ops
664,247,699 ns
9,032,774 ops/s
35.4 % of CPU usage

Max throughput:
12,000,000 ops
514,585,956 ns
23,319,719 ops/s
27.9 % of CPU usage

Ping latency:
1,500,000 ops
719,307,474 ns
479 ns/op
17.6 % of CPU usage

Ping throughput 10K:
2,000,000 ops
748,604,041 ns
2,671,639 ops/s
13.9 % of CPU usage
Tests run: 8, Failures: 0, Errors: 0, Skipped: 0, Time elapsed: 10.681 sec - in com.github.plokhotnyuk.actors.LiftActorSpec
Running com.github.plokhotnyuk.actors.MinimalistActorSpec
Executor service type: lbq-thread-pool

Enqueueing:
40,000,000 ops
638,269,785 ns
62,669,424 ops/s
12.7 % of CPU usage
24 bytes per instance

Dequeueing:
40,000,000 ops
167,608,049 ns
238,652,023 ops/s
13.4 % of CPU usage

Initiation:
2,000,000 ops
683,786,628 ns
341 ns/op
30.0 % of CPU usage
46 bytes per instance

Single-producer sending:
15,000,000 ops
193,402,864 ns
77,558,313 ops/s
38.8 % of CPU usage

Multi-producer sending:
15,000,000 ops
344,525,030 ns
43,538,200 ops/s
92.9 % of CPU usage

Max throughput:
30,000,000 ops
312,034,840 ns
96,143,110 ops/s
45.3 % of CPU usage

Ping latency:
3,000,000 ops
375,989,049 ns
125 ns/op
13.0 % of CPU usage

Ping throughput 10K:
6,000,000 ops
769,546,141 ns
7,796,803 ops/s
13.2 % of CPU usage
Tests run: 8, Failures: 0, Errors: 0, Skipped: 0, Time elapsed: 9.016 sec - in com.github.plokhotnyuk.actors.MinimalistActorSpec
Running com.github.plokhotnyuk.actors.ScalaActorSpec
Executor service type: lbq-thread-pool

Enqueueing:
20,000,000 ops
564,879,671 ns
35,405,770 ops/s
13.9 % of CPU usage
24 bytes per instance

Dequeueing:
300,000 ops
480,044,857 ns
624,941 ops/s
24.2 % of CPU usage

Initiation:
600,000 ops
393,672,515 ns
656 ns/op
48.3 % of CPU usage
280 bytes per instance

Single-producer sending:
300,000 ops
490,355,029 ns
611,801 ops/s
26.5 % of CPU usage

Multi-producer sending:
300,000 ops
394,012,241 ns
761,397 ops/s
18.7 % of CPU usage

Max throughput:
600,000 ops
910,358,277 ns
659,081 ops/s
13.0 % of CPU usage

Ping latency:
250,000 ops
690,752,980 ns
2,763 ns/op
19.2 % of CPU usage

Ping throughput 10K:
400,000 ops
1,040,264,806 ns
384,517 ops/s
13.7 % of CPU usage
Tests run: 8, Failures: 0, Errors: 0, Skipped: 0, Time elapsed: 9.118 sec - in com.github.plokhotnyuk.actors.ScalaActorSpec
Running com.github.plokhotnyuk.actors.ScalazActorSpec
Executor service type: lbq-thread-pool

Enqueueing:
40,000,000 ops
564,424,331 ns
70,868,667 ops/s
12.8 % of CPU usage
24 bytes per instance

Dequeueing:
40,000,000 ops
164,716,563 ns
242,841,395 ops/s
20.5 % of CPU usage

Initiation:
10,000,000 ops
259,998,269 ns
25 ns/op
26.9 % of CPU usage
104 bytes per instance

Single-producer sending:
15,000,000 ops
295,338,351 ns
50,789,204 ops/s
29.2 % of CPU usage

Multi-producer sending:
15,000,000 ops
360,915,532 ns
41,560,971 ops/s
93.5 % of CPU usage

Max throughput:
30,000,000 ops
208,795,137 ns
143,681,507 ops/s
60.5 % of CPU usage

Ping latency:
3,000,000 ops
389,172,140 ns
129 ns/op
16.7 % of CPU usage

Ping throughput 10K:
6,000,000 ops
740,934,063 ns
8,097,886 ops/s
14.2 % of CPU usage
Tests run: 8, Failures: 0, Errors: 0, Skipped: 0, Time elapsed: 10.959 sec - in com.github.plokhotnyuk.actors.ScalazActorSpec

Results :

Tests run: 74, Failures: 0, Errors: 0, Skipped: 0

[INFO] ------------------------------------------------------------------------
[INFO] BUILD SUCCESS
[INFO] ------------------------------------------------------------------------
[INFO] Total time: 01:48 min
[INFO] Finished at: 2015-04-02T16:53:06+03:00
[INFO] Final Memory: 14M/217M
[INFO] ------------------------------------------------------------------------
