[INFO] Scanning for projects...
[INFO]                                                                         
[INFO] ------------------------------------------------------------------------
[INFO] Building Actors 1.0-SNAPSHOT
[INFO] ------------------------------------------------------------------------
Downloading: http://repo.maven.apache.org/maven2/net/alchim31/maven/scala-maven-plugin/3.1.6/scala-maven-plugin-3.1.6.pom
Downloaded: http://repo.maven.apache.org/maven2/net/alchim31/maven/scala-maven-plugin/3.1.6/scala-maven-plugin-3.1.6.pom (16 KB at 61.6 KB/sec)
Downloading: http://repo.maven.apache.org/maven2/net/alchim31/maven/scala-maven-plugin/3.1.6/scala-maven-plugin-3.1.6.jar
Downloaded: http://repo.maven.apache.org/maven2/net/alchim31/maven/scala-maven-plugin/3.1.6/scala-maven-plugin-3.1.6.jar (106 KB at 139.3 KB/sec)
Downloading: https://oss.sonatype.org/content/repositories/releases/org/scala-lang/scala-library/2.10.4-RC1/scala-library-2.10.4-RC1.pom
Downloaded: https://oss.sonatype.org/content/repositories/releases/org/scala-lang/scala-library/2.10.4-RC1/scala-library-2.10.4-RC1.pom (3 KB at 1.3 KB/sec)
Downloading: https://oss.sonatype.org/content/repositories/releases/com/typesafe/akka/akka-actor_2.10/2.3-M2/akka-actor_2.10-2.3-M2.pom
Downloaded: https://oss.sonatype.org/content/repositories/releases/com/typesafe/akka/akka-actor_2.10/2.3-M2/akka-actor_2.10-2.3-M2.pom (2 KB at 3.4 KB/sec)
Downloading: https://oss.sonatype.org/content/repositories/releases/org/scala-lang/scala-library/2.10.2/scala-library-2.10.2.pom
Downloaded: https://oss.sonatype.org/content/repositories/releases/org/scala-lang/scala-library/2.10.2/scala-library-2.10.2.pom (2 KB at 5.3 KB/sec)
Downloading: https://oss.sonatype.org/content/repositories/releases/com/typesafe/config/1.0.2/config-1.0.2.pom
Downloaded: https://oss.sonatype.org/content/repositories/releases/com/typesafe/config/1.0.2/config-1.0.2.pom (2 KB at 5.3 KB/sec)
Downloading: https://oss.sonatype.org/content/repositories/releases/net/liftweb/lift-actor_2.10/2.6-M2/lift-actor_2.10-2.6-M2.pom
Downloaded: https://oss.sonatype.org/content/repositories/releases/net/liftweb/lift-actor_2.10/2.6-M2/lift-actor_2.10-2.6-M2.pom (7 KB at 13.1 KB/sec)
Downloading: https://oss.sonatype.org/content/repositories/releases/net/liftweb/lift-common_2.10/2.6-M2/lift-common_2.10-2.6-M2.pom
Downloaded: https://oss.sonatype.org/content/repositories/releases/net/liftweb/lift-common_2.10/2.6-M2/lift-common_2.10-2.6-M2.pom (8 KB at 15.2 KB/sec)
Downloading: https://oss.sonatype.org/content/repositories/releases/org/scala-lang/scala-library/2.10.0/scala-library-2.10.0.pom
Downloaded: https://oss.sonatype.org/content/repositories/releases/org/scala-lang/scala-library/2.10.0/scala-library-2.10.0.pom (2 KB at 5.5 KB/sec)
Downloading: https://oss.sonatype.org/content/repositories/releases/org/scala-lang/scala-actors/2.10.4-RC1/scala-actors-2.10.4-RC1.pom
Downloaded: https://oss.sonatype.org/content/repositories/releases/org/scala-lang/scala-actors/2.10.4-RC1/scala-actors-2.10.4-RC1.pom (2 KB at 3.8 KB/sec)
Downloading: https://oss.sonatype.org/content/repositories/releases/org/scalaz/scalaz-concurrent_2.10/7.1.0-M4/scalaz-concurrent_2.10-7.1.0-M4.pom
Downloaded: https://oss.sonatype.org/content/repositories/releases/org/scalaz/scalaz-concurrent_2.10/7.1.0-M4/scalaz-concurrent_2.10-7.1.0-M4.pom (4 KB at 5.4 KB/sec)
Downloading: https://oss.sonatype.org/content/repositories/releases/org/scalaz/scalaz-core_2.10/7.1.0-M4/scalaz-core_2.10-7.1.0-M4.pom
Downloaded: https://oss.sonatype.org/content/repositories/releases/org/scalaz/scalaz-core_2.10/7.1.0-M4/scalaz-core_2.10-7.1.0-M4.pom (3 KB at 5.9 KB/sec)
Downloading: https://oss.sonatype.org/content/repositories/releases/org/scalaz/scalaz-effect_2.10/7.1.0-M4/scalaz-effect_2.10-7.1.0-M4.pom
Downloaded: https://oss.sonatype.org/content/repositories/releases/org/scalaz/scalaz-effect_2.10/7.1.0-M4/scalaz-effect_2.10-7.1.0-M4.pom (3 KB at 6.4 KB/sec)
Downloading: https://oss.sonatype.org/content/repositories/releases/io/gatling/jsr166e/1.0/jsr166e-1.0.pom
Downloaded: https://oss.sonatype.org/content/repositories/releases/io/gatling/jsr166e/1.0/jsr166e-1.0.pom (4 KB at 5.6 KB/sec)
Downloading: https://oss.sonatype.org/content/repositories/releases/org/specs2/specs2_2.10/2.3.4-scalaz-7.1.0-M3/specs2_2.10-2.3.4-scalaz-7.1.0-M3.pom
Downloaded: https://oss.sonatype.org/content/repositories/releases/org/specs2/specs2_2.10/2.3.4-scalaz-7.1.0-M3/specs2_2.10-2.3.4-scalaz-7.1.0-M3.pom (4 KB at 7.4 KB/sec)
Downloading: https://oss.sonatype.org/content/repositories/releases/org/scala-lang/scala-compiler/2.10.3/scala-compiler-2.10.3.pom
Downloaded: https://oss.sonatype.org/content/repositories/releases/org/scala-lang/scala-compiler/2.10.3/scala-compiler-2.10.3.pom (3 KB at 5.9 KB/sec)
Downloading: https://oss.sonatype.org/content/repositories/releases/org/scala-lang/scala-library/2.10.3/scala-library-2.10.3.pom
Downloaded: https://oss.sonatype.org/content/repositories/releases/org/scala-lang/scala-library/2.10.3/scala-library-2.10.3.pom (2 KB at 5.9 KB/sec)
Downloading: https://oss.sonatype.org/content/repositories/releases/org/scala-lang/scala-reflect/2.10.3/scala-reflect-2.10.3.pom
Downloaded: https://oss.sonatype.org/content/repositories/releases/org/scala-lang/scala-reflect/2.10.3/scala-reflect-2.10.3.pom (2 KB at 5.6 KB/sec)
Downloading: https://oss.sonatype.org/content/repositories/releases/org/mockito/mockito-core/1.9.5/mockito-core-1.9.5.pom
Downloaded: https://oss.sonatype.org/content/repositories/releases/org/mockito/mockito-core/1.9.5/mockito-core-1.9.5.pom (2 KB at 4.2 KB/sec)
Downloading: https://oss.sonatype.org/content/repositories/releases/org/hamcrest/hamcrest-core/1.1/hamcrest-core-1.1.pom
Downloaded: https://oss.sonatype.org/content/repositories/releases/org/hamcrest/hamcrest-core/1.1/hamcrest-core-1.1.pom (481 B at 1.3 KB/sec)
Downloading: https://oss.sonatype.org/content/repositories/releases/org/hamcrest/hamcrest-parent/1.1/hamcrest-parent-1.1.pom
Downloaded: https://oss.sonatype.org/content/repositories/releases/org/hamcrest/hamcrest-parent/1.1/hamcrest-parent-1.1.pom (6 KB at 16.7 KB/sec)
Downloading: https://oss.sonatype.org/content/repositories/releases/org/objenesis/objenesis/1.0/objenesis-1.0.pom
Downloaded: https://oss.sonatype.org/content/repositories/releases/org/objenesis/objenesis/1.0/objenesis-1.0.pom (853 B at 2.5 KB/sec)
Downloading: https://oss.sonatype.org/content/repositories/releases/org/scalacheck/scalacheck_2.10/1.11.0/scalacheck_2.10-1.11.0.pom
Downloaded: https://oss.sonatype.org/content/repositories/releases/org/scalacheck/scalacheck_2.10/1.11.0/scalacheck_2.10-1.11.0.pom (2 KB at 4.6 KB/sec)
Downloading: https://oss.sonatype.org/content/repositories/releases/org/scala-sbt/test-interface/1.0/test-interface-1.0.pom
Downloaded: https://oss.sonatype.org/content/repositories/releases/org/scala-sbt/test-interface/1.0/test-interface-1.0.pom (2 KB at 4.8 KB/sec)
Downloading: https://oss.sonatype.org/content/repositories/releases/org/pegdown/pegdown/1.2.1/pegdown-1.2.1.pom
Downloaded: https://oss.sonatype.org/content/repositories/releases/org/pegdown/pegdown/1.2.1/pegdown-1.2.1.pom (2 KB at 5.4 KB/sec)
Downloading: https://oss.sonatype.org/content/repositories/releases/org/parboiled/parboiled-java/1.1.4/parboiled-java-1.1.4.pom
Downloaded: https://oss.sonatype.org/content/repositories/releases/org/parboiled/parboiled-java/1.1.4/parboiled-java-1.1.4.pom (3 KB at 7.3 KB/sec)
Downloading: https://oss.sonatype.org/content/repositories/releases/org/parboiled/parboiled-core/1.1.4/parboiled-core-1.1.4.pom
Downloaded: https://oss.sonatype.org/content/repositories/releases/org/parboiled/parboiled-core/1.1.4/parboiled-core-1.1.4.pom (2 KB at 4.6 KB/sec)
Downloading: https://oss.sonatype.org/content/repositories/releases/org/ow2/asm/asm/4.1/asm-4.1.pom
Downloading: https://oss.sonatype.org/content/repositories/snapshots/org/ow2/asm/asm/4.1/asm-4.1.pom
Downloading: http://repo.typesafe.com/typesafe/releases/org/ow2/asm/asm/4.1/asm-4.1.pom
Downloading: http://repo.typesafe.com/typesafe/snapshots/org/ow2/asm/asm/4.1/asm-4.1.pom
Downloading: http://repo.maven.apache.org/maven2/org/ow2/asm/asm/4.1/asm-4.1.pom
Downloaded: http://repo.maven.apache.org/maven2/org/ow2/asm/asm/4.1/asm-4.1.pom (2 KB at 17.8 KB/sec)
Downloading: https://oss.sonatype.org/content/repositories/releases/org/ow2/asm/asm-parent/4.1/asm-parent-4.1.pom
Downloading: https://oss.sonatype.org/content/repositories/snapshots/org/ow2/asm/asm-parent/4.1/asm-parent-4.1.pom
Downloading: http://repo.typesafe.com/typesafe/releases/org/ow2/asm/asm-parent/4.1/asm-parent-4.1.pom
Downloading: http://repo.typesafe.com/typesafe/snapshots/org/ow2/asm/asm-parent/4.1/asm-parent-4.1.pom
Downloading: http://repo.maven.apache.org/maven2/org/ow2/asm/asm-parent/4.1/asm-parent-4.1.pom
Downloaded: http://repo.maven.apache.org/maven2/org/ow2/asm/asm-parent/4.1/asm-parent-4.1.pom (6 KB at 73.5 KB/sec)
Downloading: https://oss.sonatype.org/content/repositories/releases/org/ow2/ow2/1.3/ow2-1.3.pom
Downloading: https://oss.sonatype.org/content/repositories/snapshots/org/ow2/ow2/1.3/ow2-1.3.pom
Downloading: http://repo.typesafe.com/typesafe/releases/org/ow2/ow2/1.3/ow2-1.3.pom
Downloading: http://repo.typesafe.com/typesafe/snapshots/org/ow2/ow2/1.3/ow2-1.3.pom
Downloading: http://repo.maven.apache.org/maven2/org/ow2/ow2/1.3/ow2-1.3.pom
Downloaded: http://repo.maven.apache.org/maven2/org/ow2/ow2/1.3/ow2-1.3.pom (10 KB at 125.5 KB/sec)
Downloading: https://oss.sonatype.org/content/repositories/releases/org/ow2/asm/asm-tree/4.1/asm-tree-4.1.pom
Downloading: https://oss.sonatype.org/content/repositories/snapshots/org/ow2/asm/asm-tree/4.1/asm-tree-4.1.pom
Downloading: http://repo.typesafe.com/typesafe/releases/org/ow2/asm/asm-tree/4.1/asm-tree-4.1.pom
Downloading: http://repo.typesafe.com/typesafe/snapshots/org/ow2/asm/asm-tree/4.1/asm-tree-4.1.pom
Downloading: http://repo.maven.apache.org/maven2/org/ow2/asm/asm-tree/4.1/asm-tree-4.1.pom
Downloaded: http://repo.maven.apache.org/maven2/org/ow2/asm/asm-tree/4.1/asm-tree-4.1.pom (3 KB at 27.8 KB/sec)
Downloading: https://oss.sonatype.org/content/repositories/releases/org/ow2/asm/asm-analysis/4.1/asm-analysis-4.1.pom
Downloading: https://oss.sonatype.org/content/repositories/snapshots/org/ow2/asm/asm-analysis/4.1/asm-analysis-4.1.pom
Downloading: http://repo.typesafe.com/typesafe/releases/org/ow2/asm/asm-analysis/4.1/asm-analysis-4.1.pom
Downloading: http://repo.typesafe.com/typesafe/snapshots/org/ow2/asm/asm-analysis/4.1/asm-analysis-4.1.pom
Downloading: http://repo.maven.apache.org/maven2/org/ow2/asm/asm-analysis/4.1/asm-analysis-4.1.pom
Downloaded: http://repo.maven.apache.org/maven2/org/ow2/asm/asm-analysis/4.1/asm-analysis-4.1.pom (3 KB at 28.0 KB/sec)
Downloading: https://oss.sonatype.org/content/repositories/releases/org/ow2/asm/asm-util/4.1/asm-util-4.1.pom
Downloading: https://oss.sonatype.org/content/repositories/snapshots/org/ow2/asm/asm-util/4.1/asm-util-4.1.pom
Downloading: http://repo.typesafe.com/typesafe/releases/org/ow2/asm/asm-util/4.1/asm-util-4.1.pom
Downloading: http://repo.typesafe.com/typesafe/snapshots/org/ow2/asm/asm-util/4.1/asm-util-4.1.pom
Downloading: http://repo.maven.apache.org/maven2/org/ow2/asm/asm-util/4.1/asm-util-4.1.pom
Downloaded: http://repo.maven.apache.org/maven2/org/ow2/asm/asm-util/4.1/asm-util-4.1.pom (3 KB at 27.9 KB/sec)
Downloading: https://oss.sonatype.org/content/repositories/releases/org/specs2/classycle/1.4.1/classycle-1.4.1.pom
Downloaded: https://oss.sonatype.org/content/repositories/releases/org/specs2/classycle/1.4.1/classycle-1.4.1.pom (2 KB at 1.2 KB/sec)
Downloading: https://oss.sonatype.org/content/repositories/releases/org/scala-lang/scala-library/2.9.1/scala-library-2.9.1.pom
Downloaded: https://oss.sonatype.org/content/repositories/releases/org/scala-lang/scala-library/2.9.1/scala-library-2.9.1.pom (2 KB at 3.9 KB/sec)
Downloading: https://oss.sonatype.org/content/repositories/releases/com/chuusai/shapeless_2.10.2/2.0.0-M1/shapeless_2.10.2-2.0.0-M1.pom
Downloaded: https://oss.sonatype.org/content/repositories/releases/com/chuusai/shapeless_2.10.2/2.0.0-M1/shapeless_2.10.2-2.0.0-M1.pom (2 KB at 5.1 KB/sec)
Downloading: https://oss.sonatype.org/content/repositories/releases/org/scala-lang/scala-compiler/2.10.2/scala-compiler-2.10.2.pom
Downloaded: https://oss.sonatype.org/content/repositories/releases/org/scala-lang/scala-compiler/2.10.2/scala-compiler-2.10.2.pom (3 KB at 5.8 KB/sec)
Downloading: https://oss.sonatype.org/content/repositories/releases/org/scala-lang/scala-reflect/2.10.2/scala-reflect-2.10.2.pom
Downloaded: https://oss.sonatype.org/content/repositories/releases/org/scala-lang/scala-reflect/2.10.2/scala-reflect-2.10.2.pom (2 KB at 5.2 KB/sec)
Downloading: https://oss.sonatype.org/content/repositories/releases/org/scalaz/scalaz-core_2.10/7.1.0-M3/scalaz-core_2.10-7.1.0-M3.pom
Downloaded: https://oss.sonatype.org/content/repositories/releases/org/scalaz/scalaz-core_2.10/7.1.0-M3/scalaz-core_2.10-7.1.0-M3.pom (3 KB at 4.8 KB/sec)
Downloading: https://oss.sonatype.org/content/repositories/releases/org/scalaz/scalaz-concurrent_2.10/7.1.0-M3/scalaz-concurrent_2.10-7.1.0-M3.pom
Downloaded: https://oss.sonatype.org/content/repositories/releases/org/scalaz/scalaz-concurrent_2.10/7.1.0-M3/scalaz-concurrent_2.10-7.1.0-M3.pom (4 KB at 6.7 KB/sec)
Downloading: https://oss.sonatype.org/content/repositories/releases/org/scalaz/scalaz-effect_2.10/7.1.0-M3/scalaz-effect_2.10-7.1.0-M3.pom
Downloaded: https://oss.sonatype.org/content/repositories/releases/org/scalaz/scalaz-effect_2.10/7.1.0-M3/scalaz-effect_2.10-7.1.0-M3.pom (3 KB at 5.2 KB/sec)
Downloading: https://oss.sonatype.org/content/repositories/releases/org/scala-lang/scala-library/2.10.4-RC1/scala-library-2.10.4-RC1.jar
Downloading: https://oss.sonatype.org/content/repositories/releases/com/typesafe/akka/akka-actor_2.10/2.3-M2/akka-actor_2.10-2.3-M2.jar
Downloading: https://oss.sonatype.org/content/repositories/releases/com/typesafe/config/1.0.2/config-1.0.2.jar
Downloading: https://oss.sonatype.org/content/repositories/releases/net/liftweb/lift-actor_2.10/2.6-M2/lift-actor_2.10-2.6-M2.jar
Downloading: https://oss.sonatype.org/content/repositories/releases/net/liftweb/lift-common_2.10/2.6-M2/lift-common_2.10-2.6-M2.jar
Downloaded: https://oss.sonatype.org/content/repositories/releases/net/liftweb/lift-actor_2.10/2.6-M2/lift-actor_2.10-2.6-M2.jar (116 KB at 28.2 KB/sec)
Downloading: https://oss.sonatype.org/content/repositories/releases/org/scala-lang/scala-actors/2.10.4-RC1/scala-actors-2.10.4-RC1.jar
Downloaded: https://oss.sonatype.org/content/repositories/releases/com/typesafe/config/1.0.2/config-1.0.2.jar (184 KB at 19.3 KB/sec)
Downloading: https://oss.sonatype.org/content/repositories/releases/org/scalaz/scalaz-concurrent_2.10/7.1.0-M4/scalaz-concurrent_2.10-7.1.0-M4.jar
Downloaded: https://oss.sonatype.org/content/repositories/releases/net/liftweb/lift-common_2.10/2.6-M2/lift-common_2.10-2.6-M2.jar (184 KB at 14.7 KB/sec)
Downloading: https://oss.sonatype.org/content/repositories/releases/org/scalaz/scalaz-core_2.10/7.1.0-M4/scalaz-core_2.10-7.1.0-M4.jar
Downloaded: https://oss.sonatype.org/content/repositories/releases/org/scala-lang/scala-actors/2.10.4-RC1/scala-actors-2.10.4-RC1.jar (466 KB at 21.8 KB/sec)
Downloading: https://oss.sonatype.org/content/repositories/releases/org/scalaz/scalaz-effect_2.10/7.1.0-M4/scalaz-effect_2.10-7.1.0-M4.jar
Downloaded: https://oss.sonatype.org/content/repositories/releases/org/scalaz/scalaz-concurrent_2.10/7.1.0-M4/scalaz-concurrent_2.10-7.1.0-M4.jar (350 KB at 21.4 KB/sec)
Downloading: https://oss.sonatype.org/content/repositories/releases/io/gatling/jsr166e/1.0/jsr166e-1.0.jar
Downloaded: https://oss.sonatype.org/content/repositories/releases/io/gatling/jsr166e/1.0/jsr166e-1.0.jar (225 KB at 33.4 KB/sec)
Downloading: https://oss.sonatype.org/content/repositories/releases/org/specs2/specs2_2.10/2.3.4-scalaz-7.1.0-M3/specs2_2.10-2.3.4-scalaz-7.1.0-M3.jar
Downloaded: https://oss.sonatype.org/content/repositories/releases/org/scalaz/scalaz-effect_2.10/7.1.0-M4/scalaz-effect_2.10-7.1.0-M4.jar (409 KB at 19.5 KB/sec)
Downloading: https://oss.sonatype.org/content/repositories/releases/org/scala-lang/scala-compiler/2.10.3/scala-compiler-2.10.3.jar
Downloaded: https://oss.sonatype.org/content/repositories/releases/com/typesafe/akka/akka-actor_2.10/2.3-M2/akka-actor_2.10-2.3-M2.jar (2572 KB at 22.4 KB/sec)
Downloading: https://oss.sonatype.org/content/repositories/releases/org/mockito/mockito-core/1.9.5/mockito-core-1.9.5.jar
Downloaded: https://oss.sonatype.org/content/repositories/releases/org/mockito/mockito-core/1.9.5/mockito-core-1.9.5.jar (1465 KB at 21.8 KB/sec)
Downloading: https://oss.sonatype.org/content/repositories/releases/org/objenesis/objenesis/1.0/objenesis-1.0.jar
Downloaded: https://oss.sonatype.org/content/repositories/releases/org/objenesis/objenesis/1.0/objenesis-1.0.jar (28 KB at 17.6 KB/sec)
Downloading: https://oss.sonatype.org/content/repositories/releases/org/scalacheck/scalacheck_2.10/1.11.0/scalacheck_2.10-1.11.0.jar
Downloaded: https://oss.sonatype.org/content/repositories/releases/org/scalacheck/scalacheck_2.10/1.11.0/scalacheck_2.10-1.11.0.jar (805 KB at 25.1 KB/sec)
Downloading: https://oss.sonatype.org/content/repositories/releases/org/scala-sbt/test-interface/1.0/test-interface-1.0.jar
Downloaded: https://oss.sonatype.org/content/repositories/releases/org/scala-sbt/test-interface/1.0/test-interface-1.0.jar (15 KB at 7.1 KB/sec)
Downloading: https://oss.sonatype.org/content/repositories/releases/org/pegdown/pegdown/1.2.1/pegdown-1.2.1.jar
Downloaded: https://oss.sonatype.org/content/repositories/releases/org/pegdown/pegdown/1.2.1/pegdown-1.2.1.jar (58 KB at 23.9 KB/sec)
Downloading: https://oss.sonatype.org/content/repositories/releases/org/parboiled/parboiled-java/1.1.4/parboiled-java-1.1.4.jar
Downloaded: https://oss.sonatype.org/content/repositories/releases/org/parboiled/parboiled-java/1.1.4/parboiled-java-1.1.4.jar (72 KB at 17.0 KB/sec)
Downloading: https://oss.sonatype.org/content/repositories/releases/org/parboiled/parboiled-core/1.1.4/parboiled-core-1.1.4.jar
Downloaded: https://oss.sonatype.org/content/repositories/releases/org/parboiled/parboiled-core/1.1.4/parboiled-core-1.1.4.jar (181 KB at 23.0 KB/sec)
Downloading: https://oss.sonatype.org/content/repositories/releases/org/ow2/asm/asm/4.1/asm-4.1.jar
Downloading: https://oss.sonatype.org/content/repositories/releases/org/ow2/asm/asm-tree/4.1/asm-tree-4.1.jar
Downloading: https://oss.sonatype.org/content/repositories/releases/org/ow2/asm/asm-analysis/4.1/asm-analysis-4.1.jar
Downloading: https://oss.sonatype.org/content/repositories/releases/org/ow2/asm/asm-util/4.1/asm-util-4.1.jar
Downloading: https://oss.sonatype.org/content/repositories/releases/org/specs2/classycle/1.4.1/classycle-1.4.1.jar
Downloaded: https://oss.sonatype.org/content/repositories/releases/org/specs2/classycle/1.4.1/classycle-1.4.1.jar (101 KB at 14.8 KB/sec)
Downloading: https://oss.sonatype.org/content/repositories/releases/com/chuusai/shapeless_2.10.2/2.0.0-M1/shapeless_2.10.2-2.0.0-M1.jar
Downloaded: https://oss.sonatype.org/content/repositories/releases/org/scala-lang/scala-library/2.10.4-RC1/scala-library-2.10.4-RC1.jar (6960 KB at 23.2 KB/sec)
Downloading: https://oss.sonatype.org/content/repositories/releases/org/scala-lang/scala-reflect/2.10.3/scala-reflect-2.10.3.jar
Downloaded: https://oss.sonatype.org/content/repositories/releases/com/chuusai/shapeless_2.10.2/2.0.0-M1/shapeless_2.10.2-2.0.0-M1.jar (1873 KB at 26.7 KB/sec)
Downloaded: https://oss.sonatype.org/content/repositories/releases/org/specs2/specs2_2.10/2.3.4-scalaz-7.1.0-M3/specs2_2.10-2.3.4-scalaz-7.1.0-M3.jar (8696 KB at 25.2 KB/sec)
Downloaded: https://oss.sonatype.org/content/repositories/releases/org/scalaz/scalaz-core_2.10/7.1.0-M4/scalaz-core_2.10-7.1.0-M4.jar (8956 KB at 24.0 KB/sec)
Downloaded: https://oss.sonatype.org/content/repositories/releases/org/scala-lang/scala-reflect/2.10.3/scala-reflect-2.10.3.jar (3132 KB at 30.9 KB/sec)
Downloaded: https://oss.sonatype.org/content/repositories/releases/org/scala-lang/scala-compiler/2.10.3/scala-compiler-2.10.3.jar (14092 KB at 35.0 KB/sec)
Downloading: https://oss.sonatype.org/content/repositories/snapshots/org/ow2/asm/asm/4.1/asm-4.1.jar
Downloading: https://oss.sonatype.org/content/repositories/snapshots/org/ow2/asm/asm-tree/4.1/asm-tree-4.1.jar
Downloading: https://oss.sonatype.org/content/repositories/snapshots/org/ow2/asm/asm-analysis/4.1/asm-analysis-4.1.jar
Downloading: https://oss.sonatype.org/content/repositories/snapshots/org/ow2/asm/asm-util/4.1/asm-util-4.1.jar
Downloading: http://repo.typesafe.com/typesafe/releases/org/ow2/asm/asm/4.1/asm-4.1.jar
Downloading: http://repo.typesafe.com/typesafe/releases/org/ow2/asm/asm-tree/4.1/asm-tree-4.1.jar
Downloading: http://repo.typesafe.com/typesafe/releases/org/ow2/asm/asm-analysis/4.1/asm-analysis-4.1.jar
Downloading: http://repo.typesafe.com/typesafe/releases/org/ow2/asm/asm-util/4.1/asm-util-4.1.jar
Downloading: http://repo.typesafe.com/typesafe/snapshots/org/ow2/asm/asm/4.1/asm-4.1.jar
Downloading: http://repo.typesafe.com/typesafe/snapshots/org/ow2/asm/asm-tree/4.1/asm-tree-4.1.jar
Downloading: http://repo.typesafe.com/typesafe/snapshots/org/ow2/asm/asm-analysis/4.1/asm-analysis-4.1.jar
Downloading: http://repo.typesafe.com/typesafe/snapshots/org/ow2/asm/asm-util/4.1/asm-util-4.1.jar
Downloading: http://repo.maven.apache.org/maven2/org/ow2/asm/asm/4.1/asm-4.1.jar
Downloading: http://repo.maven.apache.org/maven2/org/ow2/asm/asm-tree/4.1/asm-tree-4.1.jar
Downloading: http://repo.maven.apache.org/maven2/org/ow2/asm/asm-analysis/4.1/asm-analysis-4.1.jar
Downloading: http://repo.maven.apache.org/maven2/org/ow2/asm/asm-util/4.1/asm-util-4.1.jar
Downloaded: http://repo.maven.apache.org/maven2/org/ow2/asm/asm-util/4.1/asm-util-4.1.jar (37 KB at 51.1 KB/sec)
Downloaded: http://repo.maven.apache.org/maven2/org/ow2/asm/asm-analysis/4.1/asm-analysis-4.1.jar (20 KB at 23.3 KB/sec)
Downloaded: http://repo.maven.apache.org/maven2/org/ow2/asm/asm-tree/4.1/asm-tree-4.1.jar (22 KB at 22.0 KB/sec)
Downloaded: http://repo.maven.apache.org/maven2/org/ow2/asm/asm/4.1/asm-4.1.jar (47 KB at 45.0 KB/sec)
[INFO] 
[INFO] --- maven-clean-plugin:2.4.1:clean (default-clean) @ actors ---
[INFO] 
[INFO] --- maven-resources-plugin:2.5:resources (default-resources) @ actors ---
[debug] execute contextualize
[INFO] Using 'UTF-8' encoding to copy filtered resources.
[INFO] skip non existing resourceDirectory /home/dmytro.mykhailov/private/actors/src/main/resources
[INFO] 
[INFO] --- scala-maven-plugin:3.1.6:compile (compile) @ actors ---
Downloading: http://repo.maven.apache.org/maven2/org/apache/maven/maven-core/3.0.4/maven-core-3.0.4.pom
Downloaded: http://repo.maven.apache.org/maven2/org/apache/maven/maven-core/3.0.4/maven-core-3.0.4.pom (7 KB at 74.0 KB/sec)
Downloading: http://repo.maven.apache.org/maven2/org/apache/maven/maven/3.0.4/maven-3.0.4.pom
Downloaded: http://repo.maven.apache.org/maven2/org/apache/maven/maven/3.0.4/maven-3.0.4.pom (22 KB at 107.1 KB/sec)
Downloading: http://repo.maven.apache.org/maven2/org/apache/maven/maven-model/3.0.4/maven-model-3.0.4.pom
Downloaded: http://repo.maven.apache.org/maven2/org/apache/maven/maven-model/3.0.4/maven-model-3.0.4.pom (4 KB at 44.7 KB/sec)
Downloading: http://repo.maven.apache.org/maven2/org/codehaus/plexus/plexus-utils/2.0.6/plexus-utils-2.0.6.pom
Downloaded: http://repo.maven.apache.org/maven2/org/codehaus/plexus/plexus-utils/2.0.6/plexus-utils-2.0.6.pom (3 KB at 34.0 KB/sec)
Downloading: http://repo.maven.apache.org/maven2/org/apache/maven/maven-settings/3.0.4/maven-settings-3.0.4.pom
Downloaded: http://repo.maven.apache.org/maven2/org/apache/maven/maven-settings/3.0.4/maven-settings-3.0.4.pom (2 KB at 21.6 KB/sec)
Downloading: http://repo.maven.apache.org/maven2/org/apache/maven/maven-settings-builder/3.0.4/maven-settings-builder-3.0.4.pom
Downloaded: http://repo.maven.apache.org/maven2/org/apache/maven/maven-settings-builder/3.0.4/maven-settings-builder-3.0.4.pom (3 KB at 26.3 KB/sec)
Downloading: http://repo.maven.apache.org/maven2/org/apache/maven/maven-repository-metadata/3.0.4/maven-repository-metadata-3.0.4.pom
Downloaded: http://repo.maven.apache.org/maven2/org/apache/maven/maven-repository-metadata/3.0.4/maven-repository-metadata-3.0.4.pom (2 KB at 22.0 KB/sec)
Downloading: http://repo.maven.apache.org/maven2/org/apache/maven/maven-artifact/3.0.4/maven-artifact-3.0.4.pom
Downloaded: http://repo.maven.apache.org/maven2/org/apache/maven/maven-artifact/3.0.4/maven-artifact-3.0.4.pom (2 KB at 19.4 KB/sec)
Downloading: http://repo.maven.apache.org/maven2/org/apache/maven/maven-plugin-api/3.0.4/maven-plugin-api-3.0.4.pom
Downloaded: http://repo.maven.apache.org/maven2/org/apache/maven/maven-plugin-api/3.0.4/maven-plugin-api-3.0.4.pom (3 KB at 31.7 KB/sec)
Downloading: http://repo.maven.apache.org/maven2/org/sonatype/sisu/sisu-inject-plexus/2.3.0/sisu-inject-plexus-2.3.0.pom
Downloaded: http://repo.maven.apache.org/maven2/org/sonatype/sisu/sisu-inject-plexus/2.3.0/sisu-inject-plexus-2.3.0.pom (6 KB at 73.2 KB/sec)
Downloading: http://repo.maven.apache.org/maven2/org/sonatype/sisu/inject/guice-plexus/2.3.0/guice-plexus-2.3.0.pom
Downloaded: http://repo.maven.apache.org/maven2/org/sonatype/sisu/inject/guice-plexus/2.3.0/guice-plexus-2.3.0.pom (4 KB at 45.3 KB/sec)
Downloading: http://repo.maven.apache.org/maven2/org/sonatype/sisu/inject/guice-bean/2.3.0/guice-bean-2.3.0.pom
Downloaded: http://repo.maven.apache.org/maven2/org/sonatype/sisu/inject/guice-bean/2.3.0/guice-bean-2.3.0.pom (3 KB at 35.7 KB/sec)
Downloading: http://repo.maven.apache.org/maven2/org/sonatype/sisu/inject/containers/2.3.0/containers-2.3.0.pom
Downloaded: http://repo.maven.apache.org/maven2/org/sonatype/sisu/inject/containers/2.3.0/containers-2.3.0.pom (2 KB at 14.1 KB/sec)
Downloading: http://repo.maven.apache.org/maven2/org/sonatype/sisu/sisu-inject/2.3.0/sisu-inject-2.3.0.pom
Downloaded: http://repo.maven.apache.org/maven2/org/sonatype/sisu/sisu-inject/2.3.0/sisu-inject-2.3.0.pom (4 KB at 38.1 KB/sec)
Downloading: http://repo.maven.apache.org/maven2/org/sonatype/sisu/sisu-parent/2.3.0/sisu-parent-2.3.0.pom
Downloaded: http://repo.maven.apache.org/maven2/org/sonatype/sisu/sisu-parent/2.3.0/sisu-parent-2.3.0.pom (11 KB at 84.9 KB/sec)
Downloading: http://repo.maven.apache.org/maven2/org/codehaus/plexus/plexus-classworlds/2.4/plexus-classworlds-2.4.pom
Downloaded: http://repo.maven.apache.org/maven2/org/codehaus/plexus/plexus-classworlds/2.4/plexus-classworlds-2.4.pom (4 KB at 45.1 KB/sec)
Downloading: http://repo.maven.apache.org/maven2/org/sonatype/sisu/sisu-inject-bean/2.3.0/sisu-inject-bean-2.3.0.pom
Downloaded: http://repo.maven.apache.org/maven2/org/sonatype/sisu/sisu-inject-bean/2.3.0/sisu-inject-bean-2.3.0.pom (7 KB at 84.8 KB/sec)
Downloading: http://repo.maven.apache.org/maven2/org/sonatype/sisu/sisu-guice/3.1.0/sisu-guice-3.1.0.pom
Downloaded: http://repo.maven.apache.org/maven2/org/sonatype/sisu/sisu-guice/3.1.0/sisu-guice-3.1.0.pom (10 KB at 81.9 KB/sec)
Downloading: http://repo.maven.apache.org/maven2/org/sonatype/sisu/inject/guice-parent/3.1.0/guice-parent-3.1.0.pom
Downloaded: http://repo.maven.apache.org/maven2/org/sonatype/sisu/inject/guice-parent/3.1.0/guice-parent-3.1.0.pom (11 KB at 88.2 KB/sec)
Downloading: http://repo.maven.apache.org/maven2/org/sonatype/sisu/sisu-guava/0.9.9/sisu-guava-0.9.9.pom
Downloaded: http://repo.maven.apache.org/maven2/org/sonatype/sisu/sisu-guava/0.9.9/sisu-guava-0.9.9.pom (2 KB at 13.6 KB/sec)
Downloading: http://repo.maven.apache.org/maven2/org/sonatype/sisu/inject/guava-parent/0.9.9/guava-parent-0.9.9.pom
Downloaded: http://repo.maven.apache.org/maven2/org/sonatype/sisu/inject/guava-parent/0.9.9/guava-parent-0.9.9.pom (11 KB at 88.1 KB/sec)
Downloading: http://repo.maven.apache.org/maven2/org/apache/maven/maven-model-builder/3.0.4/maven-model-builder-3.0.4.pom
Downloaded: http://repo.maven.apache.org/maven2/org/apache/maven/maven-model-builder/3.0.4/maven-model-builder-3.0.4.pom (3 KB at 29.4 KB/sec)
Downloading: http://repo.maven.apache.org/maven2/org/apache/maven/maven-aether-provider/3.0.4/maven-aether-provider-3.0.4.pom
Downloaded: http://repo.maven.apache.org/maven2/org/apache/maven/maven-aether-provider/3.0.4/maven-aether-provider-3.0.4.pom (3 KB at 33.1 KB/sec)
Downloading: http://repo.maven.apache.org/maven2/org/sonatype/aether/aether-api/1.13.1/aether-api-1.13.1.pom
Downloaded: http://repo.maven.apache.org/maven2/org/sonatype/aether/aether-api/1.13.1/aether-api-1.13.1.pom (2 KB at 17.0 KB/sec)
Downloading: http://repo.maven.apache.org/maven2/org/sonatype/aether/aether/1.13.1/aether-1.13.1.pom
Downloaded: http://repo.maven.apache.org/maven2/org/sonatype/aether/aether/1.13.1/aether-1.13.1.pom (10 KB at 119.2 KB/sec)
Downloading: http://repo.maven.apache.org/maven2/org/sonatype/aether/aether-spi/1.13.1/aether-spi-1.13.1.pom
Downloaded: http://repo.maven.apache.org/maven2/org/sonatype/aether/aether-spi/1.13.1/aether-spi-1.13.1.pom (2 KB at 17.2 KB/sec)
Downloading: http://repo.maven.apache.org/maven2/org/sonatype/aether/aether-util/1.13.1/aether-util-1.13.1.pom
Downloaded: http://repo.maven.apache.org/maven2/org/sonatype/aether/aether-util/1.13.1/aether-util-1.13.1.pom (2 KB at 20.5 KB/sec)
Downloading: http://repo.maven.apache.org/maven2/org/sonatype/aether/aether-impl/1.13.1/aether-impl-1.13.1.pom
Downloaded: http://repo.maven.apache.org/maven2/org/sonatype/aether/aether-impl/1.13.1/aether-impl-1.13.1.pom (3 KB at 29.2 KB/sec)
Downloading: http://repo.maven.apache.org/maven2/org/apache/maven/shared/maven-dependency-tree/1.2/maven-dependency-tree-1.2.pom
Downloaded: http://repo.maven.apache.org/maven2/org/apache/maven/shared/maven-dependency-tree/1.2/maven-dependency-tree-1.2.pom (4 KB at 42.5 KB/sec)
Downloading: http://repo.maven.apache.org/maven2/com/typesafe/zinc/zinc/0.2.5/zinc-0.2.5.pom
Downloaded: http://repo.maven.apache.org/maven2/com/typesafe/zinc/zinc/0.2.5/zinc-0.2.5.pom (3 KB at 28.3 KB/sec)
Downloading: http://repo.maven.apache.org/maven2/org/scala-lang/scala-library/2.9.2/scala-library-2.9.2.pom
Downloaded: http://repo.maven.apache.org/maven2/org/scala-lang/scala-library/2.9.2/scala-library-2.9.2.pom (2 KB at 20.5 KB/sec)
Downloading: http://repo.maven.apache.org/maven2/com/typesafe/sbt/incremental-compiler/0.12.3/incremental-compiler-0.12.3.pom
Downloaded: http://repo.maven.apache.org/maven2/com/typesafe/sbt/incremental-compiler/0.12.3/incremental-compiler-0.12.3.pom (3 KB at 25.4 KB/sec)
Downloading: http://repo.maven.apache.org/maven2/com/typesafe/sbt/sbt-interface/0.12.3/sbt-interface-0.12.3.pom
Downloaded: http://repo.maven.apache.org/maven2/com/typesafe/sbt/sbt-interface/0.12.3/sbt-interface-0.12.3.pom (2 KB at 19.6 KB/sec)
Downloading: http://repo.maven.apache.org/maven2/org/scala-lang/scala-compiler/2.9.2/scala-compiler-2.9.2.pom
Downloaded: http://repo.maven.apache.org/maven2/org/scala-lang/scala-compiler/2.9.2/scala-compiler-2.9.2.pom (2 KB at 23.6 KB/sec)
Downloading: http://repo.maven.apache.org/maven2/com/typesafe/sbt/compiler-interface/0.12.3/compiler-interface-0.12.3.pom
Downloaded: http://repo.maven.apache.org/maven2/com/typesafe/sbt/compiler-interface/0.12.3/compiler-interface-0.12.3.pom (2 KB at 20.0 KB/sec)
Downloading: http://repo.maven.apache.org/maven2/org/sonatype/aether/aether-util/1.13.1/aether-util-1.13.1.jar
Downloading: http://repo.maven.apache.org/maven2/org/sonatype/sisu/sisu-inject-bean/2.3.0/sisu-inject-bean-2.3.0.jar
Downloading: http://repo.maven.apache.org/maven2/org/sonatype/sisu/sisu-guice/3.1.0/sisu-guice-3.1.0-no_aop.jar
Downloading: http://repo.maven.apache.org/maven2/org/sonatype/sisu/sisu-guava/0.9.9/sisu-guava-0.9.9.jar
Downloading: http://repo.maven.apache.org/maven2/org/apache/maven/shared/maven-dependency-tree/1.2/maven-dependency-tree-1.2.jar
Downloaded: http://repo.maven.apache.org/maven2/org/apache/maven/shared/maven-dependency-tree/1.2/maven-dependency-tree-1.2.jar (34 KB at 16.2 KB/sec)
Downloading: http://repo.maven.apache.org/maven2/org/codehaus/plexus/plexus-archiver/2.1/plexus-archiver-2.1.jar
Downloaded: http://repo.maven.apache.org/maven2/org/sonatype/aether/aether-util/1.13.1/aether-util-1.13.1.jar (127 KB at 24.4 KB/sec)
Downloading: http://repo.maven.apache.org/maven2/org/codehaus/plexus/plexus-io/2.0.2/plexus-io-2.0.2.jar
Downloaded: http://repo.maven.apache.org/maven2/org/codehaus/plexus/plexus-io/2.0.2/plexus-io-2.0.2.jar (57 KB at 28.5 KB/sec)
Downloading: http://repo.maven.apache.org/maven2/org/apache/maven/doxia/doxia-sink-api/1.1.2/doxia-sink-api-1.1.2.jar
Downloaded: http://repo.maven.apache.org/maven2/org/sonatype/sisu/sisu-inject-bean/2.3.0/sisu-inject-bean-2.3.0.jar (283 KB at 36.5 KB/sec)
Downloading: http://repo.maven.apache.org/maven2/org/apache/maven/doxia/doxia-logging-api/1.1.2/doxia-logging-api-1.1.2.jar
Downloaded: http://repo.maven.apache.org/maven2/org/apache/maven/doxia/doxia-sink-api/1.1.2/doxia-sink-api-1.1.2.jar (13 KB at 17.0 KB/sec)
Downloading: http://repo.maven.apache.org/maven2/com/typesafe/zinc/zinc/0.2.5/zinc-0.2.5.jar
Downloaded: http://repo.maven.apache.org/maven2/org/apache/maven/doxia/doxia-logging-api/1.1.2/doxia-logging-api-1.1.2.jar (12 KB at 12.6 KB/sec)
Downloading: http://repo.maven.apache.org/maven2/org/scala-lang/scala-library/2.9.2/scala-library-2.9.2.jar
Downloaded: http://repo.maven.apache.org/maven2/org/codehaus/plexus/plexus-archiver/2.1/plexus-archiver-2.1.jar (181 KB at 23.2 KB/sec)
Downloading: http://repo.maven.apache.org/maven2/com/typesafe/sbt/incremental-compiler/0.12.3/incremental-compiler-0.12.3.jar
Downloaded: http://repo.maven.apache.org/maven2/com/typesafe/zinc/zinc/0.2.5/zinc-0.2.5.jar (313 KB at 37.0 KB/sec)
Downloading: http://repo.maven.apache.org/maven2/com/typesafe/sbt/sbt-interface/0.12.3/sbt-interface-0.12.3.jar
Downloaded: http://repo.maven.apache.org/maven2/com/typesafe/sbt/sbt-interface/0.12.3/sbt-interface-0.12.3.jar (42 KB at 69.5 KB/sec)
Downloading: http://repo.maven.apache.org/maven2/org/scala-lang/scala-compiler/2.9.2/scala-compiler-2.9.2.jar
Downloaded: http://repo.maven.apache.org/maven2/org/sonatype/sisu/sisu-guice/3.1.0/sisu-guice-3.1.0-no_aop.jar (350 KB at 9.4 KB/sec)
Downloading: http://repo.maven.apache.org/maven2/com/typesafe/sbt/compiler-interface/0.12.3/compiler-interface-0.12.3-sources.jar
Downloaded: http://repo.maven.apache.org/maven2/com/typesafe/sbt/compiler-interface/0.12.3/compiler-interface-0.12.3-sources.jar (22 KB at 7.7 KB/sec)
Downloaded: http://repo.maven.apache.org/maven2/org/scala-lang/scala-library/2.9.2/scala-library-2.9.2.jar (8651 KB at 50.8 KB/sec)
Downloaded: http://repo.maven.apache.org/maven2/org/scala-lang/scala-compiler/2.9.2/scala-compiler-2.9.2.jar (11182 KB at 59.1 KB/sec)
Downloaded: http://repo.maven.apache.org/maven2/org/sonatype/sisu/sisu-guava/0.9.9/sisu-guava-0.9.9.jar (1473 KB at 6.8 KB/sec)
Downloaded: http://repo.maven.apache.org/maven2/com/typesafe/sbt/incremental-compiler/0.12.3/incremental-compiler-0.12.3.jar (1937 KB at 9.1 KB/sec)
[WARNING]  Expected all dependencies to require Scala version: 2.10.4-RC1
[WARNING]  com.github.plokhotnyuk.actors:actors:1.0-SNAPSHOT requires scala version: 2.10.4-RC1
[WARNING]  com.typesafe.akka:akka-actor_2.10:2.3-M2 requires scala version: 2.10.2
[WARNING] Multiple versions of scala libraries detected!
[INFO] No sources to compile
[INFO] 
[INFO] --- maven-resources-plugin:2.5:testResources (default-testResources) @ actors ---
[debug] execute contextualize
[INFO] Using 'UTF-8' encoding to copy filtered resources.
[INFO] skip non existing resourceDirectory /home/dmytro.mykhailov/private/actors/src/test/resources
[INFO] 
[INFO] --- scala-maven-plugin:3.1.6:testCompile (testCompile) @ actors ---
[WARNING]  Expected all dependencies to require Scala version: 2.10.4-RC1
[WARNING]  com.github.plokhotnyuk.actors:actors:1.0-SNAPSHOT requires scala version: 2.10.4-RC1
[WARNING]  com.typesafe.akka:akka-actor_2.10:2.3-M2 requires scala version: 2.10.2
[WARNING] Multiple versions of scala libraries detected!
[INFO] /home/dmytro.mykhailov/private/actors/src/test/scala:-1: info: compiling
[INFO] Compiling 9 source files to /home/dmytro.mykhailov/private/actors/target/test-classes at 1389976375029
Downloading: https://oss.sonatype.org/content/repositories/releases/org/scala-lang/scala-compiler/2.10.4-RC1/scala-compiler-2.10.4-RC1.jar
Downloaded: https://oss.sonatype.org/content/repositories/releases/org/scala-lang/scala-compiler/2.10.4-RC1/scala-compiler-2.10.4-RC1.jar (14106 KB at 107.2 KB/sec)
Downloading: https://oss.sonatype.org/content/repositories/releases/org/scala-lang/scala-compiler/2.10.4-RC1/scala-compiler-2.10.4-RC1.pom
Downloaded: https://oss.sonatype.org/content/repositories/releases/org/scala-lang/scala-compiler/2.10.4-RC1/scala-compiler-2.10.4-RC1.pom (3 KB at 4.6 KB/sec)
Downloading: https://oss.sonatype.org/content/repositories/releases/org/scala-lang/scala-reflect/2.10.4-RC1/scala-reflect-2.10.4-RC1.jar
Downloaded: https://oss.sonatype.org/content/repositories/releases/org/scala-lang/scala-reflect/2.10.4-RC1/scala-reflect-2.10.4-RC1.jar (3129 KB at 85.1 KB/sec)
Downloading: https://oss.sonatype.org/content/repositories/releases/org/scala-lang/scala-reflect/2.10.4-RC1/scala-reflect-2.10.4-RC1.pom
Downloaded: https://oss.sonatype.org/content/repositories/releases/org/scala-lang/scala-reflect/2.10.4-RC1/scala-reflect-2.10.4-RC1.pom (2 KB at 4.0 KB/sec)
[WARNING] warning: there were 1 feature warning(s); re-run with -feature for details
[WARNING] one warning found
[INFO] prepare-compile in 0 s
[INFO] compile in 177 s
[INFO] ------------------------------------------------------------------------
[INFO] BUILD SUCCESS
[INFO] ------------------------------------------------------------------------
[INFO] Total time: 14:49.631s
[INFO] Finished at: Fri Jan 17 18:35:52 EET 2014
[INFO] Final Memory: 9M/234M
[INFO] ------------------------------------------------------------------------
[INFO] Scanning for projects...
[INFO]                                                                         
[INFO] ------------------------------------------------------------------------
[INFO] Building Actors 1.0-SNAPSHOT
[INFO] ------------------------------------------------------------------------
Downloading: http://repo.maven.apache.org/maven2/org/apache/maven/plugins/maven-surefire-plugin/2.16/maven-surefire-plugin-2.16.pom
Downloaded: http://repo.maven.apache.org/maven2/org/apache/maven/plugins/maven-surefire-plugin/2.16/maven-surefire-plugin-2.16.pom (5 KB at 19.7 KB/sec)
Downloading: http://repo.maven.apache.org/maven2/org/apache/maven/surefire/surefire/2.16/surefire-2.16.pom
Downloaded: http://repo.maven.apache.org/maven2/org/apache/maven/surefire/surefire/2.16/surefire-2.16.pom (19 KB at 173.8 KB/sec)
Downloading: http://repo.maven.apache.org/maven2/org/apache/maven/plugins/maven-surefire-plugin/2.16/maven-surefire-plugin-2.16.jar
Downloaded: http://repo.maven.apache.org/maven2/org/apache/maven/plugins/maven-surefire-plugin/2.16/maven-surefire-plugin-2.16.jar (34 KB at 130.7 KB/sec)
[INFO] 
[INFO] --- maven-resources-plugin:2.5:resources (default-resources) @ actors ---
[debug] execute contextualize
[INFO] Using 'UTF-8' encoding to copy filtered resources.
[INFO] skip non existing resourceDirectory /home/dmytro.mykhailov/private/actors/src/main/resources
[INFO] 
[INFO] --- scala-maven-plugin:3.1.6:compile (compile) @ actors ---
[WARNING]  Expected all dependencies to require Scala version: 2.10.4-RC1
[WARNING]  com.github.plokhotnyuk.actors:actors:1.0-SNAPSHOT requires scala version: 2.10.4-RC1
[WARNING]  com.typesafe.akka:akka-actor_2.10:2.3-M2 requires scala version: 2.10.2
[WARNING] Multiple versions of scala libraries detected!
[INFO] No sources to compile
[INFO] 
[INFO] --- maven-resources-plugin:2.5:testResources (default-testResources) @ actors ---
[debug] execute contextualize
[INFO] Using 'UTF-8' encoding to copy filtered resources.
[INFO] skip non existing resourceDirectory /home/dmytro.mykhailov/private/actors/src/test/resources
[INFO] 
[INFO] --- scala-maven-plugin:3.1.6:testCompile (testCompile) @ actors ---
[WARNING]  Expected all dependencies to require Scala version: 2.10.4-RC1
[WARNING]  com.github.plokhotnyuk.actors:actors:1.0-SNAPSHOT requires scala version: 2.10.4-RC1
[WARNING]  com.typesafe.akka:akka-actor_2.10:2.3-M2 requires scala version: 2.10.2
[WARNING] Multiple versions of scala libraries detected!
[INFO] Nothing to compile - all classes are up to date
[INFO] 
[INFO] --- maven-surefire-plugin:2.16:test (default-test) @ actors ---
Downloading: http://repo.maven.apache.org/maven2/org/apache/maven/surefire/maven-surefire-common/2.16/maven-surefire-common-2.16.pom
Downloaded: http://repo.maven.apache.org/maven2/org/apache/maven/surefire/maven-surefire-common/2.16/maven-surefire-common-2.16.pom (6 KB at 55.6 KB/sec)
Downloading: http://repo.maven.apache.org/maven2/org/apache/maven/plugin-tools/maven-plugin-annotations/3.2/maven-plugin-annotations-3.2.pom
Downloaded: http://repo.maven.apache.org/maven2/org/apache/maven/plugin-tools/maven-plugin-annotations/3.2/maven-plugin-annotations-3.2.pom (2 KB at 22.0 KB/sec)
Downloading: http://repo.maven.apache.org/maven2/org/apache/maven/plugin-tools/maven-plugin-tools/3.2/maven-plugin-tools-3.2.pom
Downloaded: http://repo.maven.apache.org/maven2/org/apache/maven/plugin-tools/maven-plugin-tools/3.2/maven-plugin-tools-3.2.pom (17 KB at 114.5 KB/sec)
Downloading: http://repo.maven.apache.org/maven2/org/apache/maven/surefire/surefire-api/2.16/surefire-api-2.16.pom
Downloaded: http://repo.maven.apache.org/maven2/org/apache/maven/surefire/surefire-api/2.16/surefire-api-2.16.pom (3 KB at 30.6 KB/sec)
Downloading: http://repo.maven.apache.org/maven2/org/apache/maven/surefire/surefire-booter/2.16/surefire-booter-2.16.pom
Downloaded: http://repo.maven.apache.org/maven2/org/apache/maven/surefire/surefire-booter/2.16/surefire-booter-2.16.pom (3 KB at 37.4 KB/sec)
Downloading: http://repo.maven.apache.org/maven2/org/apache/commons/commons-lang3/3.1/commons-lang3-3.1.pom
Downloaded: http://repo.maven.apache.org/maven2/org/apache/commons/commons-lang3/3.1/commons-lang3-3.1.pom (17 KB at 114.1 KB/sec)
Downloading: http://repo.maven.apache.org/maven2/org/apache/maven/surefire/maven-surefire-common/2.16/maven-surefire-common-2.16.jar
Downloading: http://repo.maven.apache.org/maven2/org/apache/maven/surefire/surefire-booter/2.16/surefire-booter-2.16.jar
Downloading: http://repo.maven.apache.org/maven2/org/apache/commons/commons-lang3/3.1/commons-lang3-3.1.jar
Downloading: http://repo.maven.apache.org/maven2/org/apache/maven/surefire/surefire-api/2.16/surefire-api-2.16.jar
Downloading: http://repo.maven.apache.org/maven2/org/apache/maven/plugin-tools/maven-plugin-annotations/3.2/maven-plugin-annotations-3.2.jar
Downloaded: http://repo.maven.apache.org/maven2/org/apache/maven/surefire/surefire-booter/2.16/surefire-booter-2.16.jar (39 KB at 49.6 KB/sec)
Downloaded: http://repo.maven.apache.org/maven2/org/apache/maven/plugin-tools/maven-plugin-annotations/3.2/maven-plugin-annotations-3.2.jar (15 KB at 15.5 KB/sec)
Downloaded: http://repo.maven.apache.org/maven2/org/apache/maven/surefire/surefire-api/2.16/surefire-api-2.16.jar (146 KB at 42.8 KB/sec)
Downloaded: http://repo.maven.apache.org/maven2/org/apache/maven/surefire/maven-surefire-common/2.16/maven-surefire-common-2.16.jar (259 KB at 50.6 KB/sec)
Downloaded: http://repo.maven.apache.org/maven2/org/apache/commons/commons-lang3/3.1/commons-lang3-3.1.jar (309 KB at 47.2 KB/sec)
[WARNING] The parameter forkMode is deprecated since version 2.14. Use forkCount and reuseForks instead.
[INFO] Surefire report directory: /home/dmytro.mykhailov/private/actors/target/surefire-reports
Downloading: http://repo.maven.apache.org/maven2/org/apache/maven/surefire/surefire-junit4/2.16/surefire-junit4-2.16.pom
Downloaded: http://repo.maven.apache.org/maven2/org/apache/maven/surefire/surefire-junit4/2.16/surefire-junit4-2.16.pom (3 KB at 30.4 KB/sec)
Downloading: http://repo.maven.apache.org/maven2/org/apache/maven/surefire/surefire-providers/2.16/surefire-providers-2.16.pom
Downloaded: http://repo.maven.apache.org/maven2/org/apache/maven/surefire/surefire-providers/2.16/surefire-providers-2.16.pom (3 KB at 29.4 KB/sec)
Downloading: http://repo.maven.apache.org/maven2/org/apache/maven/surefire/surefire-junit4/2.16/surefire-junit4-2.16.jar
Downloaded: http://repo.maven.apache.org/maven2/org/apache/maven/surefire/surefire-junit4/2.16/surefire-junit4-2.16.jar (63 KB at 151.7 KB/sec)

-------------------------------------------------------
 T E S T S
-------------------------------------------------------

-------------------------------------------------------
 T E S T S
-------------------------------------------------------
Running com.github.plokhotnyuk.actors.AkkaActorSpec
Executor service type: jsr166e-forkjoin-pool

Single-producer sending:
12,000,000 ops
1,181 ms
10,160,880 ops/s
28.9 % of CPU usage

Multi-producer sending:
12,000,000 ops
1,460 ms
8,219,178 ops/s
66.7 % of CPU usage

Max throughput:
32,000,000 ops
512 ms
62,500,000 ops/s
87.6 % of CPU usage

Ping latency:
5,000,000 ops
1,945 ms
389 ns/op
30.3 % of CPU usage

Ping throughput 10K:
7,000,000 ops
999 ms
7,007,007 ops/s
77.1 % of CPU usage

Initiation 1M:
1,000,000 ops
3,826 ms
261,369 ops/s
36.0 % of CPU usage
429 bytes per instance
Tests run: 6, Failures: 0, Errors: 0, Skipped: 0, Time elapsed: 21.374 sec - in com.github.plokhotnyuk.actors.AkkaActorSpec
Running com.github.plokhotnyuk.actors.LiftActorSpec
Executor service type: jsr166e-forkjoin-pool

Single-producer sending:
12,000,000 ops
947 ms
12,671,594 ops/s
24.6 % of CPU usage

Multi-producer sending:
10,000,000 ops
861 ms
11,614,401 ops/s
35.9 % of CPU usage

Max throughput:
20,000,000 ops
447 ms
44,742,729 ops/s
80.0 % of CPU usage

Ping latency:
2,000,000 ops
2,564 ms
1,282 ns/op
28.8 % of CPU usage

Ping throughput 10K:
5,000,000 ops
1,156 ms
4,325,259 ops/s
46.9 % of CPU usage

Initiation 1M:
1,000,000 ops
27 ms
37,037,037 ops/s
27.8 % of CPU usage
72 bytes per instance
Tests run: 6, Failures: 0, Errors: 0, Skipped: 0, Time elapsed: 7.558 sec - in com.github.plokhotnyuk.actors.LiftActorSpec
Running com.github.plokhotnyuk.actors.ScalaActorSpec
Executor service type: jsr166e-forkjoin-pool

Single-producer sending:
800,000 ops
2,006 ms
398,803 ops/s
48.4 % of CPU usage

Multi-producer sending:
800,000 ops
1,799 ms
444,691 ops/s
48.9 % of CPU usage

Max throughput:
2,000,000 ops
634 ms
3,154,574 ops/s
87.5 % of CPU usage

Ping latency:
400,000 ops
1,126 ms
2,815 ns/op
60.1 % of CPU usage

Ping throughput 10K:
1,200,000 ops
595 ms
2,016,806 ops/s
81.3 % of CPU usage

Initiation 1M:
1,000,000 ops
114 ms
8,771,929 ops/s
19.7 % of CPU usage
144 bytes per instance
Tests run: 6, Failures: 0, Errors: 0, Skipped: 0, Time elapsed: 8.722 sec - in com.github.plokhotnyuk.actors.ScalaActorSpec
Running com.github.plokhotnyuk.actors.ScalazActor2Spec
Executor service type: jsr166e-forkjoin-pool

Single-producer sending:
32,000,000 ops
607 ms
52,718,286 ops/s
56.6 % of CPU usage

Multi-producer sending:
28,000,000 ops
2,688 ms
10,416,666 ops/s
86.9 % of CPU usage

Max throughput:
72,000,000 ops
426 ms
169,014,084 ops/s
89.2 % of CPU usage

Ping latency:
10,000,000 ops
2,110 ms
211 ns/op
86.3 % of CPU usage

Ping throughput 10K:
28,000,000 ops
2,172 ms
12,891,344 ops/s
81.6 % of CPU usage

Initiation 1M:
1,000,000 ops
38 ms
26,315,789 ops/s
29.6 % of CPU usage
103 bytes per instance
Tests run: 6, Failures: 0, Errors: 0, Skipped: 0, Time elapsed: 11.384 sec - in com.github.plokhotnyuk.actors.ScalazActor2Spec
Running com.github.plokhotnyuk.actors.ScalazActorSpec
Executor service type: jsr166e-forkjoin-pool

Single-producer sending:
32,000,000 ops
886 ms
36,117,381 ops/s
59.1 % of CPU usage

Multi-producer sending:
28,000,000 ops
2,356 ms
11,884,550 ops/s
89.5 % of CPU usage

Max throughput:
72,000,000 ops
741 ms
97,165,991 ops/s
91.1 % of CPU usage

Ping latency:
10,000,000 ops
2,584 ms
258 ns/op
86.5 % of CPU usage

Ping throughput 10K:
28,000,000 ops
2,201 ms
12,721,490 ops/s
86.3 % of CPU usage

Initiation 1M:
1,000,000 ops
55 ms
18,181,818 ops/s
18.2 % of CPU usage
184 bytes per instance
Tests run: 6, Failures: 0, Errors: 0, Skipped: 0, Time elapsed: 12.771 sec - in com.github.plokhotnyuk.actors.ScalazActorSpec

Results :

Tests run: 30, Failures: 0, Errors: 0, Skipped: 0

[INFO] ------------------------------------------------------------------------
[INFO] BUILD SUCCESS
[INFO] ------------------------------------------------------------------------
[INFO] Total time: 1:22.335s
[INFO] Finished at: Fri Jan 17 18:37:15 EET 2014
[INFO] Final Memory: 13M/421M
[INFO] ------------------------------------------------------------------------
[INFO] Scanning for projects...
[INFO]                                                                         
[INFO] ------------------------------------------------------------------------
[INFO] Building Actors 1.0-SNAPSHOT
[INFO] ------------------------------------------------------------------------
[INFO] 
[INFO] --- maven-resources-plugin:2.5:resources (default-resources) @ actors ---
[debug] execute contextualize
[INFO] Using 'UTF-8' encoding to copy filtered resources.
[INFO] skip non existing resourceDirectory /home/dmytro.mykhailov/private/actors/src/main/resources
[INFO] 
[INFO] --- scala-maven-plugin:3.1.6:compile (compile) @ actors ---
[WARNING]  Expected all dependencies to require Scala version: 2.10.4-RC1
[WARNING]  com.github.plokhotnyuk.actors:actors:1.0-SNAPSHOT requires scala version: 2.10.4-RC1
[WARNING]  com.typesafe.akka:akka-actor_2.10:2.3-M2 requires scala version: 2.10.2
[WARNING] Multiple versions of scala libraries detected!
[INFO] No sources to compile
[INFO] 
[INFO] --- maven-resources-plugin:2.5:testResources (default-testResources) @ actors ---
[debug] execute contextualize
[INFO] Using 'UTF-8' encoding to copy filtered resources.
[INFO] skip non existing resourceDirectory /home/dmytro.mykhailov/private/actors/src/test/resources
[INFO] 
[INFO] --- scala-maven-plugin:3.1.6:testCompile (testCompile) @ actors ---
[WARNING]  Expected all dependencies to require Scala version: 2.10.4-RC1
[WARNING]  com.github.plokhotnyuk.actors:actors:1.0-SNAPSHOT requires scala version: 2.10.4-RC1
[WARNING]  com.typesafe.akka:akka-actor_2.10:2.3-M2 requires scala version: 2.10.2
[WARNING] Multiple versions of scala libraries detected!
[INFO] Nothing to compile - all classes are up to date
[INFO] 
[INFO] --- maven-surefire-plugin:2.16:test (default-test) @ actors ---
[WARNING] The parameter forkMode is deprecated since version 2.14. Use forkCount and reuseForks instead.
[INFO] Surefire report directory: /home/dmytro.mykhailov/private/actors/target/surefire-reports

-------------------------------------------------------
 T E S T S
-------------------------------------------------------

-------------------------------------------------------
 T E S T S
-------------------------------------------------------
Running com.github.plokhotnyuk.actors.AkkaActorSpec
Executor service type: scala-forkjoin-pool

Single-producer sending:
12,000,000 ops
881 ms
13,620,885 ops/s
32.1 % of CPU usage

Multi-producer sending:
12,000,000 ops
1,624 ms
7,389,162 ops/s
63.0 % of CPU usage

Max throughput:
32,000,000 ops
622 ms
51,446,945 ops/s
84.8 % of CPU usage

Ping latency:
5,000,000 ops
1,721 ms
344 ns/op
86.7 % of CPU usage

Ping throughput 10K:
7,000,000 ops
958 ms
7,306,889 ops/s
85.7 % of CPU usage

Initiation 1M:
1,000,000 ops
6,056 ms
165,125 ops/s
39.6 % of CPU usage
430 bytes per instance
Tests run: 6, Failures: 0, Errors: 0, Skipped: 0, Time elapsed: 23.506 sec - in com.github.plokhotnyuk.actors.AkkaActorSpec
Running com.github.plokhotnyuk.actors.LiftActorSpec
Executor service type: scala-forkjoin-pool

Single-producer sending:
12,000,000 ops
821 ms
14,616,321 ops/s
23.0 % of CPU usage

Multi-producer sending:
10,000,000 ops
831 ms
12,033,694 ops/s
33.1 % of CPU usage

Max throughput:
20,000,000 ops
441 ms
45,351,473 ops/s
79.4 % of CPU usage

Ping latency:
2,000,000 ops
1,402 ms
701 ns/op
82.2 % of CPU usage

Ping throughput 10K:
5,000,000 ops
1,145 ms
4,366,812 ops/s
49.2 % of CPU usage

Initiation 1M:
1,000,000 ops
61 ms
16,393,442 ops/s
16.4 % of CPU usage
72 bytes per instance
Tests run: 6, Failures: 0, Errors: 0, Skipped: 0, Time elapsed: 6.278 sec - in com.github.plokhotnyuk.actors.LiftActorSpec
Running com.github.plokhotnyuk.actors.ScalaActorSpec
Executor service type: scala-forkjoin-pool

Single-producer sending:
800,000 ops
1,039 ms
769,971 ops/s
85.1 % of CPU usage

Multi-producer sending:
800,000 ops
964 ms
829,875 ops/s
84.9 % of CPU usage

Max throughput:
2,000,000 ops
678 ms
2,949,852 ops/s
86.8 % of CPU usage

Ping latency:
400,000 ops
608 ms
1,520 ns/op
86.6 % of CPU usage

Ping throughput 10K:
1,200,000 ops
579 ms
2,072,538 ops/s
83.5 % of CPU usage

Initiation 1M:
1,000,000 ops
109 ms
9,174,311 ops/s
19.5 % of CPU usage
144 bytes per instance
Tests run: 6, Failures: 0, Errors: 0, Skipped: 0, Time elapsed: 6.317 sec - in com.github.plokhotnyuk.actors.ScalaActorSpec
Running com.github.plokhotnyuk.actors.ScalazActor2Spec
Executor service type: scala-forkjoin-pool

Single-producer sending:
32,000,000 ops
565 ms
56,637,168 ops/s
65.3 % of CPU usage

Multi-producer sending:
28,000,000 ops
2,396 ms
11,686,143 ops/s
89.4 % of CPU usage

Max throughput:
72,000,000 ops
651 ms
110,599,078 ops/s
86.4 % of CPU usage

Ping latency:
10,000,000 ops
1,875 ms
187 ns/op
89.9 % of CPU usage

Ping throughput 10K:
28,000,000 ops
1,716 ms
16,317,016 ops/s
97.2 % of CPU usage

Initiation 1M:
1,000,000 ops
28 ms
35,714,285 ops/s
35.7 % of CPU usage
103 bytes per instance
Tests run: 6, Failures: 0, Errors: 0, Skipped: 0, Time elapsed: 10.554 sec - in com.github.plokhotnyuk.actors.ScalazActor2Spec
Running com.github.plokhotnyuk.actors.ScalazActorSpec
Executor service type: scala-forkjoin-pool

Single-producer sending:
32,000,000 ops
1,124 ms
28,469,750 ops/s
98.0 % of CPU usage

Multi-producer sending:
28,000,000 ops
2,404 ms
11,647,254 ops/s
97.7 % of CPU usage

Max throughput:
72,000,000 ops
748 ms
96,256,684 ops/s
99.3 % of CPU usage

Ping latency:
10,000,000 ops
2,187 ms
218 ns/op
98.4 % of CPU usage

Ping throughput 10K:
28,000,000 ops
2,091 ms
13,390,722 ops/s
90.5 % of CPU usage

Initiation 1M:
1,000,000 ops
51 ms
19,607,843 ops/s
19.6 % of CPU usage
184 bytes per instance
Tests run: 6, Failures: 0, Errors: 0, Skipped: 0, Time elapsed: 12.49 sec - in com.github.plokhotnyuk.actors.ScalazActorSpec

Results :

Tests run: 30, Failures: 0, Errors: 0, Skipped: 0

[INFO] ------------------------------------------------------------------------
[INFO] BUILD SUCCESS
[INFO] ------------------------------------------------------------------------
[INFO] Total time: 1:04.041s
[INFO] Finished at: Fri Jan 17 18:38:20 EET 2014
[INFO] Final Memory: 12M/297M
[INFO] ------------------------------------------------------------------------
[INFO] Scanning for projects...
[INFO]                                                                         
[INFO] ------------------------------------------------------------------------
[INFO] Building Actors 1.0-SNAPSHOT
[INFO] ------------------------------------------------------------------------
[INFO] 
[INFO] --- maven-resources-plugin:2.5:resources (default-resources) @ actors ---
[debug] execute contextualize
[INFO] Using 'UTF-8' encoding to copy filtered resources.
[INFO] skip non existing resourceDirectory /home/dmytro.mykhailov/private/actors/src/main/resources
[INFO] 
[INFO] --- scala-maven-plugin:3.1.6:compile (compile) @ actors ---
[WARNING]  Expected all dependencies to require Scala version: 2.10.4-RC1
[WARNING]  com.github.plokhotnyuk.actors:actors:1.0-SNAPSHOT requires scala version: 2.10.4-RC1
[WARNING]  com.typesafe.akka:akka-actor_2.10:2.3-M2 requires scala version: 2.10.2
[WARNING] Multiple versions of scala libraries detected!
[INFO] No sources to compile
[INFO] 
[INFO] --- maven-resources-plugin:2.5:testResources (default-testResources) @ actors ---
[debug] execute contextualize
[INFO] Using 'UTF-8' encoding to copy filtered resources.
[INFO] skip non existing resourceDirectory /home/dmytro.mykhailov/private/actors/src/test/resources
[INFO] 
[INFO] --- scala-maven-plugin:3.1.6:testCompile (testCompile) @ actors ---
[WARNING]  Expected all dependencies to require Scala version: 2.10.4-RC1
[WARNING]  com.github.plokhotnyuk.actors:actors:1.0-SNAPSHOT requires scala version: 2.10.4-RC1
[WARNING]  com.typesafe.akka:akka-actor_2.10:2.3-M2 requires scala version: 2.10.2
[WARNING] Multiple versions of scala libraries detected!
[INFO] Nothing to compile - all classes are up to date
[INFO] 
[INFO] --- maven-surefire-plugin:2.16:test (default-test) @ actors ---
[WARNING] The parameter forkMode is deprecated since version 2.14. Use forkCount and reuseForks instead.
[INFO] Surefire report directory: /home/dmytro.mykhailov/private/actors/target/surefire-reports

-------------------------------------------------------
 T E S T S
-------------------------------------------------------

-------------------------------------------------------
 T E S T S
-------------------------------------------------------
Running com.github.plokhotnyuk.actors.AkkaActorSpec
Executor service type: java-forkjoin-pool

Single-producer sending:
12,000,000 ops
1,197 ms
10,025,062 ops/s
31.6 % of CPU usage

Multi-producer sending:
12,000,000 ops
1,632 ms
7,352,941 ops/s
74.9 % of CPU usage

Max throughput:
32,000,000 ops
620 ms
51,612,903 ops/s
93.5 % of CPU usage

Ping latency:
5,000,000 ops
3,883 ms
776 ns/op
38.3 % of CPU usage

Ping throughput 10K:
7,000,000 ops
617 ms
11,345,218 ops/s
98.7 % of CPU usage

Initiation 1M:
1,000,000 ops
4,266 ms
234,411 ops/s
36.4 % of CPU usage
430 bytes per instance
Tests run: 6, Failures: 0, Errors: 0, Skipped: 0, Time elapsed: 23.472 sec - in com.github.plokhotnyuk.actors.AkkaActorSpec
Running com.github.plokhotnyuk.actors.LiftActorSpec
Executor service type: java-forkjoin-pool

Single-producer sending:
12,000,000 ops
823 ms
14,580,801 ops/s
23.1 % of CPU usage

Multi-producer sending:
10,000,000 ops
836 ms
11,961,722 ops/s
36.5 % of CPU usage

Max throughput:
20,000,000 ops
418 ms
47,846,889 ops/s
91.8 % of CPU usage

Ping latency:
2,000,000 ops
2,418 ms
1,209 ns/op
32.5 % of CPU usage

Ping throughput 10K:
5,000,000 ops
971 ms
5,149,330 ops/s
65.4 % of CPU usage

Initiation 1M:
1,000,000 ops
33 ms
30,303,030 ops/s
26.5 % of CPU usage
72 bytes per instance
Tests run: 6, Failures: 0, Errors: 0, Skipped: 0, Time elapsed: 7.055 sec - in com.github.plokhotnyuk.actors.LiftActorSpec
Running com.github.plokhotnyuk.actors.ScalaActorSpec
Executor service type: java-forkjoin-pool

Single-producer sending:
800,000 ops
1,784 ms
448,430 ops/s
59.6 % of CPU usage

Multi-producer sending:
800,000 ops
1,733 ms
461,627 ops/s
60.5 % of CPU usage

Max throughput:
2,000,000 ops
544 ms
3,676,470 ops/s
102.7 % of CPU usage

Ping latency:
400,000 ops
1,193 ms
2,982 ns/op
60.6 % of CPU usage

Ping throughput 10K:
1,200,000 ops
504 ms
2,380,952 ops/s
103.7 % of CPU usage

Initiation 1M:
1,000,000 ops
110 ms
9,090,909 ops/s
20.5 % of CPU usage
144 bytes per instance
Tests run: 6, Failures: 0, Errors: 0, Skipped: 0, Time elapsed: 8.299 sec - in com.github.plokhotnyuk.actors.ScalaActorSpec
Running com.github.plokhotnyuk.actors.ScalazActor2Spec
Executor service type: java-forkjoin-pool

Single-producer sending:
32,000,000 ops
635 ms
50,393,700 ops/s
72.2 % of CPU usage

Multi-producer sending:
28,000,000 ops
2,442 ms
11,466,011 ops/s
89.9 % of CPU usage

Max throughput:
72,000,000 ops
408 ms
176,470,588 ops/s
98.0 % of CPU usage

Ping latency:
10,000,000 ops
4,143 ms
414 ns/op
78.8 % of CPU usage

Ping throughput 10K:
28,000,000 ops
1,299 ms
21,555,042 ops/s
101.0 % of CPU usage

Initiation 1M:
1,000,000 ops
29 ms
34,482,758 ops/s
25.9 % of CPU usage
104 bytes per instance
Tests run: 6, Failures: 0, Errors: 0, Skipped: 0, Time elapsed: 10.494 sec - in com.github.plokhotnyuk.actors.ScalazActor2Spec
Running com.github.plokhotnyuk.actors.ScalazActorSpec
Executor service type: java-forkjoin-pool

Single-producer sending:
32,000,000 ops
918 ms
34,858,387 ops/s
67.7 % of CPU usage

Multi-producer sending:
28,000,000 ops
2,247 ms
12,461,059 ops/s
96.4 % of CPU usage

Max throughput:
72,000,000 ops
840 ms
85,714,285 ops/s
96.0 % of CPU usage

Ping latency:
10,000,000 ops
3,841 ms
384 ns/op
80.6 % of CPU usage

Ping throughput 10K:
28,000,000 ops
1,452 ms
19,283,746 ops/s
97.2 % of CPU usage

Initiation 1M:
1,000,000 ops
58 ms
17,241,379 ops/s
19.4 % of CPU usage
184 bytes per instance
Tests run: 6, Failures: 0, Errors: 0, Skipped: 0, Time elapsed: 11.316 sec - in com.github.plokhotnyuk.actors.ScalazActorSpec

Results :

Tests run: 30, Failures: 0, Errors: 0, Skipped: 0

[INFO] ------------------------------------------------------------------------
[INFO] BUILD SUCCESS
[INFO] ------------------------------------------------------------------------
[INFO] Total time: 1:06.865s
[INFO] Finished at: Fri Jan 17 18:39:28 EET 2014
[INFO] Final Memory: 12M/297M
[INFO] ------------------------------------------------------------------------
[INFO] Scanning for projects...
[INFO]                                                                         
[INFO] ------------------------------------------------------------------------
[INFO] Building Actors 1.0-SNAPSHOT
[INFO] ------------------------------------------------------------------------
[INFO] 
[INFO] --- maven-resources-plugin:2.5:resources (default-resources) @ actors ---
[debug] execute contextualize
[INFO] Using 'UTF-8' encoding to copy filtered resources.
[INFO] skip non existing resourceDirectory /home/dmytro.mykhailov/private/actors/src/main/resources
[INFO] 
[INFO] --- scala-maven-plugin:3.1.6:compile (compile) @ actors ---
[WARNING]  Expected all dependencies to require Scala version: 2.10.4-RC1
[WARNING]  com.github.plokhotnyuk.actors:actors:1.0-SNAPSHOT requires scala version: 2.10.4-RC1
[WARNING]  com.typesafe.akka:akka-actor_2.10:2.3-M2 requires scala version: 2.10.2
[WARNING] Multiple versions of scala libraries detected!
[INFO] No sources to compile
[INFO] 
[INFO] --- maven-resources-plugin:2.5:testResources (default-testResources) @ actors ---
[debug] execute contextualize
[INFO] Using 'UTF-8' encoding to copy filtered resources.
[INFO] skip non existing resourceDirectory /home/dmytro.mykhailov/private/actors/src/test/resources
[INFO] 
[INFO] --- scala-maven-plugin:3.1.6:testCompile (testCompile) @ actors ---
[WARNING]  Expected all dependencies to require Scala version: 2.10.4-RC1
[WARNING]  com.github.plokhotnyuk.actors:actors:1.0-SNAPSHOT requires scala version: 2.10.4-RC1
[WARNING]  com.typesafe.akka:akka-actor_2.10:2.3-M2 requires scala version: 2.10.2
[WARNING] Multiple versions of scala libraries detected!
[INFO] Nothing to compile - all classes are up to date
[INFO] 
[INFO] --- maven-surefire-plugin:2.16:test (default-test) @ actors ---
[WARNING] The parameter forkMode is deprecated since version 2.14. Use forkCount and reuseForks instead.
[INFO] Surefire report directory: /home/dmytro.mykhailov/private/actors/target/surefire-reports

-------------------------------------------------------
 T E S T S
-------------------------------------------------------

-------------------------------------------------------
 T E S T S
-------------------------------------------------------
Running com.github.plokhotnyuk.actors.AkkaActorSpec
Executor service type: thread-pool

Single-producer sending:
12,000,000 ops
1,019 ms
11,776,251 ops/s
34.1 % of CPU usage

Multi-producer sending:
12,000,000 ops
1,422 ms
8,438,818 ops/s
67.5 % of CPU usage

Max throughput:
32,000,000 ops
640 ms
50,000,000 ops/s
92.4 % of CPU usage

Ping latency:
5,000,000 ops
4,149 ms
829 ns/op
17.4 % of CPU usage

Ping throughput 10K:
7,000,000 ops
3,435 ms
2,037,845 ops/s
32.1 % of CPU usage

Initiation 1M:
1,000,000 ops
5,816 ms
171,939 ops/s
38.4 % of CPU usage
430 bytes per instance
Tests run: 6, Failures: 0, Errors: 0, Skipped: 0, Time elapsed: 26.277 sec - in com.github.plokhotnyuk.actors.AkkaActorSpec
Running com.github.plokhotnyuk.actors.LiftActorSpec
Executor service type: thread-pool

Single-producer sending:
12,000,000 ops
808 ms
14,851,485 ops/s
22.7 % of CPU usage

Multi-producer sending:
10,000,000 ops
863 ms
11,587,485 ops/s
37.9 % of CPU usage

Max throughput:
20,000,000 ops
422 ms
47,393,364 ops/s
86.5 % of CPU usage

Ping latency:
2,000,000 ops
1,625 ms
812 ns/op
21.2 % of CPU usage

Ping throughput 10K:
5,000,000 ops
2,217 ms
2,255,299 ops/s
34.8 % of CPU usage

Initiation 1M:
1,000,000 ops
27 ms
37,037,037 ops/s
27.8 % of CPU usage
72 bytes per instance
Tests run: 6, Failures: 0, Errors: 0, Skipped: 0, Time elapsed: 7.454 sec - in com.github.plokhotnyuk.actors.LiftActorSpec
Running com.github.plokhotnyuk.actors.ScalaActorSpec
Executor service type: thread-pool

Single-producer sending:
800,000 ops
1,887 ms
423,953 ops/s
27.0 % of CPU usage

Multi-producer sending:
800,000 ops
1,759 ms
454,803 ops/s
26.0 % of CPU usage

Max throughput:
2,000,000 ops
1,995 ms
1,002,506 ops/s
37.4 % of CPU usage

Ping latency:
400,000 ops
1,471 ms
3,677 ns/op
29.8 % of CPU usage

Ping throughput 10K:
1,200,000 ops
1,805 ms
664,819 ops/s
46.8 % of CPU usage

Initiation 1M:
1,000,000 ops
92 ms
10,869,565 ops/s
21.7 % of CPU usage
144 bytes per instance
Tests run: 6, Failures: 0, Errors: 0, Skipped: 0, Time elapsed: 11.36 sec - in com.github.plokhotnyuk.actors.ScalaActorSpec
Running com.github.plokhotnyuk.actors.ScalazActor2Spec
Executor service type: thread-pool

Single-producer sending:
32,000,000 ops
699 ms
45,779,685 ops/s
42.7 % of CPU usage

Multi-producer sending:
28,000,000 ops
2,795 ms
10,017,889 ops/s
97.2 % of CPU usage

Max throughput:
72,000,000 ops
389 ms
185,089,974 ops/s
83.5 % of CPU usage

Ping latency:
10,000,000 ops
1,925 ms
192 ns/op
21.2 % of CPU usage

Ping throughput 10K:
28,000,000 ops
6,052 ms
4,626,569 ops/s
20.9 % of CPU usage

Initiation 1M:
1,000,000 ops
35 ms
28,571,428 ops/s
28.6 % of CPU usage
104 bytes per instance
Tests run: 6, Failures: 0, Errors: 0, Skipped: 0, Time elapsed: 15.062 sec - in com.github.plokhotnyuk.actors.ScalazActor2Spec
Running com.github.plokhotnyuk.actors.ScalazActorSpec
Executor service type: thread-pool

Single-producer sending:
32,000,000 ops
997 ms
32,096,288 ops/s
34.9 % of CPU usage

Multi-producer sending:
28,000,000 ops
2,580 ms
10,852,713 ops/s
93.6 % of CPU usage

Max throughput:
72,000,000 ops
401 ms
179,551,122 ops/s
77.6 % of CPU usage

Ping latency:
10,000,000 ops
2,271 ms
227 ns/op
23.2 % of CPU usage

Ping throughput 10K:
28,000,000 ops
8,446 ms
3,315,178 ops/s
26.7 % of CPU usage

Initiation 1M:
1,000,000 ops
53 ms
18,867,924 ops/s
21.2 % of CPU usage
184 bytes per instance
Tests run: 6, Failures: 0, Errors: 0, Skipped: 0, Time elapsed: 18.451 sec - in com.github.plokhotnyuk.actors.ScalazActorSpec

Results :

Tests run: 30, Failures: 0, Errors: 0, Skipped: 0

[INFO] ------------------------------------------------------------------------
[INFO] BUILD SUCCESS
[INFO] ------------------------------------------------------------------------
[INFO] Total time: 1:23.199s
[INFO] Finished at: Fri Jan 17 18:40:52 EET 2014
[INFO] Final Memory: 12M/297M
[INFO] ------------------------------------------------------------------------
