[INFO] Scanning for projects...
[INFO]                                                                         
[INFO] ------------------------------------------------------------------------
[INFO] Building Actors 1.0-SNAPSHOT
[INFO] ------------------------------------------------------------------------
[INFO] 
[INFO] --- maven-clean-plugin:2.5:clean (default-clean) @ actors ---
[INFO] Deleting /home/andriy/Projects/com/github/plokhotnyuk/actors/target
[INFO] 
[INFO] --- maven-resources-plugin:2.6:resources (default-resources) @ actors ---
[INFO] Using 'UTF-8' encoding to copy filtered resources.
[INFO] skip non existing resourceDirectory /home/andriy/Projects/com/github/plokhotnyuk/actors/src/main/resources
[INFO] 
[INFO] --- maven-resources-plugin:2.6:testResources (default-testResources) @ actors ---
[INFO] Using 'UTF-8' encoding to copy filtered resources.
[INFO] skip non existing resourceDirectory /home/andriy/Projects/com/github/plokhotnyuk/actors/src/test/resources
[INFO] 
[INFO] --- scala-maven-plugin:3.2.0:testCompile (testCompile) @ actors ---
[WARNING]  Expected all dependencies to require Scala version: 2.11.6
[WARNING]  com.github.plokhotnyuk.actors:actors:1.0-SNAPSHOT requires scala version: 2.11.6
[WARNING]  com.typesafe.akka:akka-actor_2.11:2.3.9 requires scala version: 2.11.5
[WARNING] Multiple versions of scala libraries detected!
[INFO] /home/andriy/Projects/com/github/plokhotnyuk/actors/src/test/scala:-1: info: compiling
[INFO] Compiling 15 source files to /home/andriy/Projects/com/github/plokhotnyuk/actors/target/test-classes at 1427982816092
[WARNING] /home/andriy/Projects/com/github/plokhotnyuk/actors/src/test/scala/com/github/plokhotnyuk/actors/ScalaActorSpec.scala:9: warning: trait SchedulerAdapter in package actors is deprecated: Use the akka.actor package instead. For migration from the scala.actors package refer to the Actors Migration Guide.
[WARNING]   val customScheduler = new SchedulerAdapter {
[WARNING]                             ^
[WARNING] /home/andriy/Projects/com/github/plokhotnyuk/actors/src/test/scala/com/github/plokhotnyuk/actors/ScalaActorSpec.scala:66: warning: trait Actor in package actors is deprecated: Use the akka.actor package instead. For migration from the scala.actors package refer to the Actors Migration Guide.
[WARNING]     footprintedAndTimedCollect(600000)(() => new Actor {
[WARNING]                                                  ^
[WARNING] /home/andriy/Projects/com/github/plokhotnyuk/actors/src/test/scala/com/github/plokhotnyuk/actors/ScalaActorSpec.scala:139: warning: trait Actor in package actors is deprecated: Use the akka.actor package instead. For migration from the scala.actors package refer to the Actors Migration Guide.
[WARNING]   private def replayAndCountActor(l: CountDownLatch, n: Int): Actor =
[WARNING]                                                               ^
[WARNING] /home/andriy/Projects/com/github/plokhotnyuk/actors/src/test/scala/com/github/plokhotnyuk/actors/ScalaActorSpec.scala:140: warning: trait Actor in package actors is deprecated: Use the akka.actor package instead. For migration from the scala.actors package refer to the Actors Migration Guide.
[WARNING]     new Actor {
[WARNING]         ^
[WARNING] /home/andriy/Projects/com/github/plokhotnyuk/actors/src/test/scala/com/github/plokhotnyuk/actors/ScalaActorSpec.scala:154: warning: trait IScheduler in package actors is deprecated: Use the akka.actor package instead. For migration from the scala.actors package refer to the Actors Migration Guide.
[WARNING]       override def scheduler: IScheduler = customScheduler
[WARNING]                               ^
[WARNING] /home/andriy/Projects/com/github/plokhotnyuk/actors/src/test/scala/com/github/plokhotnyuk/actors/ScalaActorSpec.scala:157: warning: trait Actor in package actors is deprecated: Use the akka.actor package instead. For migration from the scala.actors package refer to the Actors Migration Guide.
[WARNING]   private def blockableCountActor(l1: CountDownLatch, l2: CountDownLatch, n: Int): Actor =
[WARNING]                                                                                    ^
[WARNING] /home/andriy/Projects/com/github/plokhotnyuk/actors/src/test/scala/com/github/plokhotnyuk/actors/ScalaActorSpec.scala:158: warning: trait Actor in package actors is deprecated: Use the akka.actor package instead. For migration from the scala.actors package refer to the Actors Migration Guide.
[WARNING]     new Actor {
[WARNING]         ^
[WARNING] /home/andriy/Projects/com/github/plokhotnyuk/actors/src/test/scala/com/github/plokhotnyuk/actors/ScalaActorSpec.scala:177: warning: trait IScheduler in package actors is deprecated: Use the akka.actor package instead. For migration from the scala.actors package refer to the Actors Migration Guide.
[WARNING]       override def scheduler: IScheduler = customScheduler
[WARNING]                               ^
[WARNING] /home/andriy/Projects/com/github/plokhotnyuk/actors/src/test/scala/com/github/plokhotnyuk/actors/ScalaActorSpec.scala:180: warning: trait Actor in package actors is deprecated: Use the akka.actor package instead. For migration from the scala.actors package refer to the Actors Migration Guide.
[WARNING]   private def countActor(l: CountDownLatch, n: Int): Actor =
[WARNING]                                                      ^
[WARNING] /home/andriy/Projects/com/github/plokhotnyuk/actors/src/test/scala/com/github/plokhotnyuk/actors/ScalaActorSpec.scala:181: warning: trait Actor in package actors is deprecated: Use the akka.actor package instead. For migration from the scala.actors package refer to the Actors Migration Guide.
[WARNING]     new Actor {
[WARNING]         ^
[WARNING] /home/andriy/Projects/com/github/plokhotnyuk/actors/src/test/scala/com/github/plokhotnyuk/actors/ScalaActorSpec.scala:194: warning: trait IScheduler in package actors is deprecated: Use the akka.actor package instead. For migration from the scala.actors package refer to the Actors Migration Guide.
[WARNING]       override def scheduler: IScheduler = customScheduler
[WARNING]                               ^
[WARNING] /home/andriy/Projects/com/github/plokhotnyuk/actors/src/test/scala/com/github/plokhotnyuk/actors/ScalaActorSpec.scala:197: warning: trait Actor in package actors is deprecated: Use the akka.actor package instead. For migration from the scala.actors package refer to the Actors Migration Guide.
[WARNING]   private def sendMessages(a: Actor, n: Int): Unit = {
[WARNING]                               ^
[WARNING] 12 warnings found
[INFO] prepare-compile in 0 s
[INFO] compile in 9 s
[INFO] ------------------------------------------------------------------------
[INFO] BUILD SUCCESS
[INFO] ------------------------------------------------------------------------
[INFO] Total time: 10.402 s
[INFO] Finished at: 2015-04-02T16:53:45+03:00
[INFO] Final Memory: 10M/153M
[INFO] ------------------------------------------------------------------------
[INFO] Scanning for projects...
[INFO]                                                                         
[INFO] ------------------------------------------------------------------------
[INFO] Building Actors 1.0-SNAPSHOT
[INFO] ------------------------------------------------------------------------
[INFO] 
[INFO] --- maven-resources-plugin:2.6:resources (default-resources) @ actors ---
[INFO] Using 'UTF-8' encoding to copy filtered resources.
[INFO] skip non existing resourceDirectory /home/andriy/Projects/com/github/plokhotnyuk/actors/src/main/resources
[INFO] 
[INFO] --- maven-resources-plugin:2.6:testResources (default-testResources) @ actors ---
[INFO] Using 'UTF-8' encoding to copy filtered resources.
[INFO] skip non existing resourceDirectory /home/andriy/Projects/com/github/plokhotnyuk/actors/src/test/resources
[INFO] 
[INFO] --- scala-maven-plugin:3.2.0:testCompile (testCompile) @ actors ---
[WARNING]  Expected all dependencies to require Scala version: 2.11.6
[WARNING]  com.github.plokhotnyuk.actors:actors:1.0-SNAPSHOT requires scala version: 2.11.6
[WARNING]  com.typesafe.akka:akka-actor_2.11:2.3.9 requires scala version: 2.11.5
[WARNING] Multiple versions of scala libraries detected!
[INFO] Nothing to compile - all classes are up to date
[INFO] 
[INFO] --- maven-surefire-plugin:2.17:test (default-test) @ actors ---
[INFO] Surefire report directory: /home/andriy/Projects/com/github/plokhotnyuk/actors/target/surefire-reports

-------------------------------------------------------
 T E S T S
-------------------------------------------------------

-------------------------------------------------------
 T E S T S
-------------------------------------------------------
Running com.github.plokhotnyuk.actors.AkkaActorSpec
Executor service type: akka-forkjoin-pool

Enqueueing:
10,000,000 ops
238,269,725 ns
41,969,243 ops/s
16.8 % of CPU usage
48 bytes per instance

Dequeueing:
10,000,000 ops
1,047,668,711 ns
9,545,002 ops/s
15.6 % of CPU usage

Initiation:
100,000 ops
614,152,939 ns
6,141 ns/op
45.0 % of CPU usage
426 bytes per instance

Single-producer sending:
6,000,000 ops
676,165,544 ns
8,873,566 ops/s
24.8 % of CPU usage

Multi-producer sending:
6,000,000 ops
791,761,974 ns
7,578,035 ops/s
71.0 % of CPU usage

Max throughput:
12,000,000 ops
284,943,958 ns
42,113,544 ops/s
86.9 % of CPU usage

Ping latency:
1,500,000 ops
530,743,130 ns
353 ns/op
98.7 % of CPU usage

Ping throughput 10K:
2,000,000 ops
215,730,776 ns
9,270,814 ops/s
95.6 % of CPU usage
Tests run: 8, Failures: 0, Errors: 0, Skipped: 0, Time elapsed: 11.414 sec - in com.github.plokhotnyuk.actors.AkkaActorSpec
Running com.github.plokhotnyuk.actors.AkkaBalanceableActorSpec
Executor service type: akka-forkjoin-pool

Enqueueing:
10,000,000 ops
378,433,397 ns
26,424,729 ops/s
15.5 % of CPU usage
48 bytes per instance

Dequeueing:
10,000,000 ops
869,028,626 ns
11,507,100 ops/s
15.4 % of CPU usage

Initiation:
100,000 ops
609,736,722 ns
6,097 ns/op
44.1 % of CPU usage
425 bytes per instance

Single-producer sending:
6,000,000 ops
462,548,340 ns
12,971,617 ops/s
20.3 % of CPU usage

Multi-producer sending:
6,000,000 ops
472,665,511 ns
12,693,966 ops/s
47.9 % of CPU usage

Max throughput:
12,000,000 ops
259,500,100 ns
46,242,756 ops/s
92.5 % of CPU usage

Ping latency:
1,500,000 ops
466,879,127 ns
311 ns/op
99.1 % of CPU usage

Ping throughput 10K:
2,000,000 ops
198,796,526 ns
10,060,537 ops/s
94.9 % of CPU usage
Tests run: 8, Failures: 0, Errors: 0, Skipped: 0, Time elapsed: 10.413 sec - in com.github.plokhotnyuk.actors.AkkaBalanceableActorSpec
Running com.github.plokhotnyuk.actors.AkkaBoundedActorSpec
Executor service type: akka-forkjoin-pool

Enqueueing:
10,000,000 ops
428,592,445 ns
23,332,189 ops/s
16.3 % of CPU usage
48 bytes per instance

Dequeueing:
10,000,000 ops
961,010,293 ns
10,405,715 ops/s
15.0 % of CPU usage

Initiation:
100,000 ops
593,474,144 ns
5,934 ns/op
44.2 % of CPU usage
610 bytes per instance

Single-producer sending:
6,000,000 ops
1,285,163,749 ns
4,668,665 ops/s
25.3 % of CPU usage

Multi-producer sending:
6,000,000 ops
1,129,050,845 ns
5,314,198 ops/s
34.1 % of CPU usage

Max throughput:
12,000,000 ops
374,575,441 ns
32,036,270 ops/s
93.1 % of CPU usage

Ping latency:
1,500,000 ops
633,707,147 ns
422 ns/op
99.0 % of CPU usage

Ping throughput 10K:
2,000,000 ops
195,312,885 ns
10,239,979 ops/s
96.6 % of CPU usage

Overflow throughput:
5,000,000 ops
540,426,720 ns
9,251,948 ops/s
15.5 % of CPU usage
Tests run: 9, Failures: 0, Errors: 0, Skipped: 0, Time elapsed: 14.049 sec - in com.github.plokhotnyuk.actors.AkkaBoundedActorSpec
Running com.github.plokhotnyuk.actors.AkkaNonBalanceableActorSpec
Executor service type: akka-forkjoin-pool

Enqueueing:
10,000,000 ops
313,455,294 ns
31,902,476 ops/s
16.7 % of CPU usage
48 bytes per instance

Dequeueing:
10,000,000 ops
729,534,023 ns
13,707,379 ops/s
15.6 % of CPU usage

Initiation:
100,000 ops
585,543,787 ns
5,855 ns/op
45.5 % of CPU usage
426 bytes per instance

Single-producer sending:
6,000,000 ops
408,460,580 ns
14,689,300 ops/s
21.7 % of CPU usage

Multi-producer sending:
6,000,000 ops
472,339,141 ns
12,702,737 ops/s
49.2 % of CPU usage

Max throughput:
12,000,000 ops
263,633,498 ns
45,517,736 ops/s
93.9 % of CPU usage

Ping latency:
1,500,000 ops
464,644,622 ns
309 ns/op
98.7 % of CPU usage

Ping throughput 10K:
2,000,000 ops
180,486,829 ns
11,081,140 ops/s
94.2 % of CPU usage
Tests run: 8, Failures: 0, Errors: 0, Skipped: 0, Time elapsed: 10.346 sec - in com.github.plokhotnyuk.actors.AkkaNonBalanceableActorSpec
Running com.github.plokhotnyuk.actors.AkkaNonBlockingBoundedActorSpec
Executor service type: akka-forkjoin-pool

Enqueueing:
10,000,000 ops
248,138,412 ns
40,300,088 ops/s
16.6 % of CPU usage
48 bytes per instance

Dequeueing:
10,000,000 ops
844,613,450 ns
11,839,735 ops/s
15.7 % of CPU usage

Initiation:
100,000 ops
661,168,481 ns
6,611 ns/op
43.3 % of CPU usage
425 bytes per instance

Single-producer sending:
6,000,000 ops
732,613,201 ns
8,189,860 ops/s
24.2 % of CPU usage

Multi-producer sending:
6,000,000 ops
974,258,775 ns
6,158,528 ops/s
76.7 % of CPU usage

Max throughput:
12,000,000 ops
265,021,750 ns
45,279,302 ops/s
91.5 % of CPU usage

Ping latency:
1,500,000 ops
494,299,698 ns
329 ns/op
98.6 % of CPU usage

Ping throughput 10K:
2,000,000 ops
217,681,650 ns
9,187,728 ops/s
98.2 % of CPU usage

Overflow throughput:
5,000,000 ops
423,454,746 ns
11,807,637 ops/s
21.5 % of CPU usage
Tests run: 9, Failures: 0, Errors: 0, Skipped: 0, Time elapsed: 11.654 sec - in com.github.plokhotnyuk.actors.AkkaNonBlockingBoundedActorSpec
Running com.github.plokhotnyuk.actors.LiftActorSpec
Executor service type: akka-forkjoin-pool

Enqueueing:
10,000,000 ops
381,208,568 ns
26,232,358 ops/s
13.8 % of CPU usage
24 bytes per instance

Dequeueing:
10,000,000 ops
380,909,627 ns
26,252,946 ops/s
14.1 % of CPU usage

Initiation:
10,000,000 ops
569,076,084 ns
56 ns/op
18.7 % of CPU usage
72 bytes per instance

Single-producer sending:
6,000,000 ops
652,689,032 ns
9,192,739 ops/s
29.1 % of CPU usage

Multi-producer sending:
6,000,000 ops
603,226,840 ns
9,946,507 ops/s
36.5 % of CPU usage

Max throughput:
12,000,000 ops
410,519,873 ns
29,231,227 ops/s
93.8 % of CPU usage

Ping latency:
1,500,000 ops
1,119,892,116 ns
746 ns/op
75.1 % of CPU usage

Ping throughput 10K:
2,000,000 ops
268,618,367 ns
7,445,507 ops/s
54.0 % of CPU usage
Tests run: 8, Failures: 0, Errors: 0, Skipped: 0, Time elapsed: 10.529 sec - in com.github.plokhotnyuk.actors.LiftActorSpec
Running com.github.plokhotnyuk.actors.MinimalistActorSpec
Executor service type: akka-forkjoin-pool

Enqueueing:
40,000,000 ops
598,882,836 ns
66,791,027 ops/s
12.7 % of CPU usage
24 bytes per instance

Dequeueing:
40,000,000 ops
263,495,946 ns
151,804,992 ops/s
22.3 % of CPU usage

Initiation:
2,000,000 ops
353,675,457 ns
176 ns/op
98.3 % of CPU usage
40 bytes per instance

Single-producer sending:
15,000,000 ops
194,188,608 ns
77,244,490 ops/s
30.9 % of CPU usage

Multi-producer sending:
15,000,000 ops
398,429,456 ns
37,647,818 ops/s
94.7 % of CPU usage

Max throughput:
30,000,000 ops
187,658,588 ns
159,864,785 ops/s
93.3 % of CPU usage

Ping latency:
3,000,000 ops
421,261,551 ns
140 ns/op
98.5 % of CPU usage

Ping throughput 10K:
6,000,000 ops
112,635,321 ns
53,269,258 ops/s
96.6 % of CPU usage
Tests run: 8, Failures: 0, Errors: 0, Skipped: 0, Time elapsed: 7.746 sec - in com.github.plokhotnyuk.actors.MinimalistActorSpec
Running com.github.plokhotnyuk.actors.ScalaActorSpec
Executor service type: akka-forkjoin-pool

Enqueueing:
20,000,000 ops
400,984,803 ns
49,877,201 ops/s
14.7 % of CPU usage
23 bytes per instance

Dequeueing:
300,000 ops
487,967,931 ns
614,794 ops/s
92.2 % of CPU usage

Initiation:
600,000 ops
919,970,716 ns
1,533 ns/op
75.5 % of CPU usage
224 bytes per instance

Single-producer sending:
300,000 ops
554,796,064 ns
540,739 ops/s
91.5 % of CPU usage

Multi-producer sending:
300,000 ops
470,868,451 ns
637,120 ops/s
95.6 % of CPU usage

Max throughput:
600,000 ops
232,162,826 ns
2,584,393 ops/s
95.3 % of CPU usage

Ping latency:
250,000 ops
510,363,314 ns
2,041 ns/op
97.5 % of CPU usage

Ping throughput 10K:
400,000 ops
216,758,573 ns
1,845,371 ops/s
94.0 % of CPU usage
Tests run: 8, Failures: 0, Errors: 0, Skipped: 0, Time elapsed: 7.61 sec - in com.github.plokhotnyuk.actors.ScalaActorSpec
Running com.github.plokhotnyuk.actors.ScalazActorSpec
Executor service type: akka-forkjoin-pool

Enqueueing:
40,000,000 ops
614,667,138 ns
65,075,872 ops/s
12.8 % of CPU usage
24 bytes per instance

Dequeueing:
40,000,000 ops
186,137,547 ns
214,894,848 ops/s
27.5 % of CPU usage

Initiation:
10,000,000 ops
250,907,956 ns
25 ns/op
27.9 % of CPU usage
104 bytes per instance

Single-producer sending:
15,000,000 ops
176,869,000 ns
84,808,530 ops/s
53.7 % of CPU usage

Multi-producer sending:
15,000,000 ops
374,881,190 ns
40,012,677 ops/s
92.7 % of CPU usage

Max throughput:
30,000,000 ops
209,686,120 ns
143,070,986 ops/s
98.4 % of CPU usage

Ping latency:
3,000,000 ops
464,363,506 ns
154 ns/op
99.1 % of CPU usage

Ping throughput 10K:
6,000,000 ops
104,217,665 ns
57,571,813 ops/s
96.0 % of CPU usage
Tests run: 8, Failures: 0, Errors: 0, Skipped: 0, Time elapsed: 10.041 sec - in com.github.plokhotnyuk.actors.ScalazActorSpec

Results :

Tests run: 74, Failures: 0, Errors: 0, Skipped: 0

[INFO] ------------------------------------------------------------------------
[INFO] BUILD SUCCESS
[INFO] ------------------------------------------------------------------------
[INFO] Total time: 01:42 min
[INFO] Finished at: 2015-04-02T16:55:29+03:00
[INFO] Final Memory: 13M/317M
[INFO] ------------------------------------------------------------------------
[INFO] Scanning for projects...
[INFO]                                                                         
[INFO] ------------------------------------------------------------------------
[INFO] Building Actors 1.0-SNAPSHOT
[INFO] ------------------------------------------------------------------------
[INFO] 
[INFO] --- maven-resources-plugin:2.6:resources (default-resources) @ actors ---
[INFO] Using 'UTF-8' encoding to copy filtered resources.
[INFO] skip non existing resourceDirectory /home/andriy/Projects/com/github/plokhotnyuk/actors/src/main/resources
[INFO] 
[INFO] --- maven-resources-plugin:2.6:testResources (default-testResources) @ actors ---
[INFO] Using 'UTF-8' encoding to copy filtered resources.
[INFO] skip non existing resourceDirectory /home/andriy/Projects/com/github/plokhotnyuk/actors/src/test/resources
[INFO] 
[INFO] --- scala-maven-plugin:3.2.0:testCompile (testCompile) @ actors ---
[WARNING]  Expected all dependencies to require Scala version: 2.11.6
[WARNING]  com.github.plokhotnyuk.actors:actors:1.0-SNAPSHOT requires scala version: 2.11.6
[WARNING]  com.typesafe.akka:akka-actor_2.11:2.3.9 requires scala version: 2.11.5
[WARNING] Multiple versions of scala libraries detected!
[INFO] Nothing to compile - all classes are up to date
[INFO] 
[INFO] --- maven-surefire-plugin:2.17:test (default-test) @ actors ---
[INFO] Surefire report directory: /home/andriy/Projects/com/github/plokhotnyuk/actors/target/surefire-reports

-------------------------------------------------------
 T E S T S
-------------------------------------------------------

-------------------------------------------------------
 T E S T S
-------------------------------------------------------
Running com.github.plokhotnyuk.actors.AkkaActorSpec
Executor service type: scala-forkjoin-pool

Enqueueing:
10,000,000 ops
297,153,267 ns
33,652,667 ops/s
16.4 % of CPU usage
48 bytes per instance

Dequeueing:
10,000,000 ops
1,181,048,806 ns
8,467,050 ops/s
15.1 % of CPU usage

Initiation:
100,000 ops
594,637,608 ns
5,946 ns/op
45.2 % of CPU usage
426 bytes per instance

Single-producer sending:
6,000,000 ops
729,790,542 ns
8,221,537 ops/s
22.8 % of CPU usage

Multi-producer sending:
6,000,000 ops
819,012,305 ns
7,325,897 ops/s
68.5 % of CPU usage

Max throughput:
12,000,000 ops
287,549,659 ns
41,731,922 ops/s
89.1 % of CPU usage

Ping latency:
1,500,000 ops
554,022,391 ns
369 ns/op
99.3 % of CPU usage

Ping throughput 10K:
2,000,000 ops
279,117,486 ns
7,165,441 ops/s
98.1 % of CPU usage
Tests run: 8, Failures: 0, Errors: 0, Skipped: 0, Time elapsed: 12.361 sec - in com.github.plokhotnyuk.actors.AkkaActorSpec
Running com.github.plokhotnyuk.actors.AkkaBalanceableActorSpec
Executor service type: scala-forkjoin-pool

Enqueueing:
10,000,000 ops
317,283,365 ns
31,517,567 ops/s
16.2 % of CPU usage
48 bytes per instance

Dequeueing:
10,000,000 ops
920,242,420 ns
10,866,701 ops/s
14.8 % of CPU usage

Initiation:
100,000 ops
566,549,459 ns
5,665 ns/op
45.0 % of CPU usage
426 bytes per instance

Single-producer sending:
6,000,000 ops
408,789,028 ns
14,677,497 ops/s
21.1 % of CPU usage

Multi-producer sending:
6,000,000 ops
503,615,439 ns
11,913,852 ops/s
46.2 % of CPU usage

Max throughput:
12,000,000 ops
252,670,573 ns
47,492,669 ops/s
93.5 % of CPU usage

Ping latency:
1,500,000 ops
561,702,567 ns
374 ns/op
98.8 % of CPU usage

Ping throughput 10K:
2,000,000 ops
311,985,175 ns
6,410,561 ops/s
96.2 % of CPU usage
Tests run: 8, Failures: 0, Errors: 0, Skipped: 0, Time elapsed: 11.127 sec - in com.github.plokhotnyuk.actors.AkkaBalanceableActorSpec
Running com.github.plokhotnyuk.actors.AkkaBoundedActorSpec
Executor service type: scala-forkjoin-pool

Enqueueing:
10,000,000 ops
398,757,689 ns
25,077,886 ops/s
16.6 % of CPU usage
48 bytes per instance

Dequeueing:
10,000,000 ops
1,272,049,281 ns
7,861,330 ops/s
14.2 % of CPU usage

Initiation:
100,000 ops
654,818,474 ns
6,548 ns/op
48.7 % of CPU usage
610 bytes per instance

Single-producer sending:
6,000,000 ops
1,184,543,003 ns
5,065,244 ops/s
24.7 % of CPU usage

Multi-producer sending:
6,000,000 ops
948,510,992 ns
6,325,704 ops/s
33.7 % of CPU usage

Max throughput:
12,000,000 ops
465,198,166 ns
25,795,458 ops/s
79.0 % of CPU usage

Ping latency:
1,500,000 ops
690,457,584 ns
460 ns/op
99.4 % of CPU usage

Ping throughput 10K:
2,000,000 ops
306,394,294 ns
6,527,536 ops/s
96.3 % of CPU usage

Overflow throughput:
5,000,000 ops
414,054,509 ns
12,075,704 ops/s
14.5 % of CPU usage
Tests run: 9, Failures: 0, Errors: 0, Skipped: 0, Time elapsed: 14.631 sec - in com.github.plokhotnyuk.actors.AkkaBoundedActorSpec
Running com.github.plokhotnyuk.actors.AkkaNonBalanceableActorSpec
Executor service type: scala-forkjoin-pool

Enqueueing:
10,000,000 ops
358,414,262 ns
27,900,675 ops/s
15.7 % of CPU usage
48 bytes per instance

Dequeueing:
10,000,000 ops
892,968,892 ns
11,198,598 ops/s
15.3 % of CPU usage

Initiation:
100,000 ops
578,130,469 ns
5,781 ns/op
46.9 % of CPU usage
426 bytes per instance

Single-producer sending:
6,000,000 ops
642,525,532 ns
9,338,150 ops/s
24.9 % of CPU usage

Multi-producer sending:
6,000,000 ops
504,502,909 ns
11,892,894 ops/s
50.8 % of CPU usage

Max throughput:
12,000,000 ops
266,079,307 ns
45,099,335 ops/s
89.7 % of CPU usage

Ping latency:
1,500,000 ops
529,211,456 ns
352 ns/op
99.0 % of CPU usage

Ping throughput 10K:
2,000,000 ops
286,871,020 ns
6,971,774 ops/s
97.6 % of CPU usage
Tests run: 8, Failures: 0, Errors: 0, Skipped: 0, Time elapsed: 11.261 sec - in com.github.plokhotnyuk.actors.AkkaNonBalanceableActorSpec
Running com.github.plokhotnyuk.actors.AkkaNonBlockingBoundedActorSpec
Executor service type: scala-forkjoin-pool

Enqueueing:
10,000,000 ops
337,188,255 ns
29,657,023 ops/s
16.7 % of CPU usage
48 bytes per instance

Dequeueing:
10,000,000 ops
791,786,158 ns
12,629,672 ops/s
15.6 % of CPU usage

Initiation:
100,000 ops
577,988,018 ns
5,779 ns/op
45.2 % of CPU usage
426 bytes per instance

Single-producer sending:
6,000,000 ops
661,804,290 ns
9,066,124 ops/s
24.4 % of CPU usage

Multi-producer sending:
6,000,000 ops
958,127,767 ns
6,262,212 ops/s
75.9 % of CPU usage

Max throughput:
12,000,000 ops
273,532,928 ns
43,870,403 ops/s
91.4 % of CPU usage

Ping latency:
1,500,000 ops
576,105,420 ns
384 ns/op
99.2 % of CPU usage

Ping throughput 10K:
2,000,000 ops
301,076,107 ns
6,642,838 ops/s
98.0 % of CPU usage

Overflow throughput:
5,000,000 ops
349,785,055 ns
14,294,492 ops/s
15.4 % of CPU usage
Tests run: 9, Failures: 0, Errors: 0, Skipped: 0, Time elapsed: 12.412 sec - in com.github.plokhotnyuk.actors.AkkaNonBlockingBoundedActorSpec
Running com.github.plokhotnyuk.actors.LiftActorSpec
Executor service type: scala-forkjoin-pool

Enqueueing:
10,000,000 ops
399,547,035 ns
25,028,342 ops/s
13.8 % of CPU usage
24 bytes per instance

Dequeueing:
10,000,000 ops
381,386,876 ns
26,220,094 ops/s
15.4 % of CPU usage

Initiation:
10,000,000 ops
589,680,240 ns
58 ns/op
18.7 % of CPU usage
72 bytes per instance

Single-producer sending:
6,000,000 ops
616,329,852 ns
9,735,046 ops/s
28.4 % of CPU usage

Multi-producer sending:
6,000,000 ops
636,427,067 ns
9,427,631 ops/s
37.3 % of CPU usage

Max throughput:
12,000,000 ops
378,054,232 ns
31,741,477 ops/s
91.9 % of CPU usage

Ping latency:
1,500,000 ops
1,127,828,633 ns
751 ns/op
80.5 % of CPU usage

Ping throughput 10K:
2,000,000 ops
262,588,141 ns
7,616,490 ops/s
54.3 % of CPU usage
Tests run: 8, Failures: 0, Errors: 0, Skipped: 0, Time elapsed: 10.308 sec - in com.github.plokhotnyuk.actors.LiftActorSpec
Running com.github.plokhotnyuk.actors.MinimalistActorSpec
Executor service type: scala-forkjoin-pool

Enqueueing:
40,000,000 ops
638,294,683 ns
62,666,979 ops/s
12.7 % of CPU usage
24 bytes per instance

Dequeueing:
40,000,000 ops
222,903,590 ns
179,449,779 ops/s
24.1 % of CPU usage

Initiation:
2,000,000 ops
292,132,493 ns
146 ns/op
96.3 % of CPU usage
40 bytes per instance

Single-producer sending:
15,000,000 ops
180,682,361 ns
83,018,618 ops/s
31.8 % of CPU usage

Multi-producer sending:
15,000,000 ops
372,211,078 ns
40,299,714 ops/s
95.4 % of CPU usage

Max throughput:
30,000,000 ops
182,382,856 ns
164,489,144 ops/s
95.3 % of CPU usage

Ping latency:
3,000,000 ops
413,913,587 ns
137 ns/op
99.7 % of CPU usage

Ping throughput 10K:
6,000,000 ops
113,038,911 ns
53,079,067 ops/s
96.2 % of CPU usage
Tests run: 8, Failures: 0, Errors: 0, Skipped: 0, Time elapsed: 7.714 sec - in com.github.plokhotnyuk.actors.MinimalistActorSpec
Running com.github.plokhotnyuk.actors.ScalaActorSpec
Executor service type: scala-forkjoin-pool

Enqueueing:
20,000,000 ops
595,424,690 ns
33,589,470 ops/s
14.1 % of CPU usage
24 bytes per instance

Dequeueing:
300,000 ops
563,577,662 ns
532,313 ops/s
94.7 % of CPU usage

Initiation:
600,000 ops
600,220,853 ns
1,000 ns/op
91.4 % of CPU usage
224 bytes per instance

Single-producer sending:
300,000 ops
568,013,939 ns
528,156 ops/s
92.9 % of CPU usage

Multi-producer sending:
300,000 ops
491,227,714 ns
610,714 ops/s
96.2 % of CPU usage

Max throughput:
600,000 ops
324,359,628 ns
1,849,798 ops/s
98.7 % of CPU usage

Ping latency:
250,000 ops
527,323,388 ns
2,109 ns/op
96.7 % of CPU usage

Ping throughput 10K:
400,000 ops
257,020,750 ns
1,556,294 ops/s
96.3 % of CPU usage
Tests run: 8, Failures: 0, Errors: 0, Skipped: 0, Time elapsed: 7.835 sec - in com.github.plokhotnyuk.actors.ScalaActorSpec
Running com.github.plokhotnyuk.actors.ScalazActorSpec
Executor service type: scala-forkjoin-pool

Enqueueing:
40,000,000 ops
591,525,939 ns
67,621,717 ops/s
12.7 % of CPU usage
24 bytes per instance

Dequeueing:
40,000,000 ops
177,781,657 ns
224,995,090 ops/s
32.3 % of CPU usage

Initiation:
10,000,000 ops
250,508,029 ns
25 ns/op
26.4 % of CPU usage
104 bytes per instance

Single-producer sending:
15,000,000 ops
171,982,947 ns
87,217,949 ops/s
56.7 % of CPU usage

Multi-producer sending:
15,000,000 ops
376,135,662 ns
39,879,228 ops/s
92.4 % of CPU usage

Max throughput:
30,000,000 ops
175,827,192 ns
170,622,073 ops/s
95.3 % of CPU usage

Ping latency:
3,000,000 ops
473,555,016 ns
157 ns/op
98.7 % of CPU usage

Ping throughput 10K:
6,000,000 ops
100,508,531 ns
59,696,425 ops/s
94.5 % of CPU usage
Tests run: 8, Failures: 0, Errors: 0, Skipped: 0, Time elapsed: 10.073 sec - in com.github.plokhotnyuk.actors.ScalazActorSpec

Results :

Tests run: 74, Failures: 0, Errors: 0, Skipped: 0

[INFO] ------------------------------------------------------------------------
[INFO] BUILD SUCCESS
[INFO] ------------------------------------------------------------------------
[INFO] Total time: 01:47 min
[INFO] Finished at: 2015-04-02T16:57:18+03:00
[INFO] Final Memory: 13M/221M
[INFO] ------------------------------------------------------------------------
[INFO] Scanning for projects...
[INFO]                                                                         
[INFO] ------------------------------------------------------------------------
[INFO] Building Actors 1.0-SNAPSHOT
[INFO] ------------------------------------------------------------------------
[INFO] 
[INFO] --- maven-resources-plugin:2.6:resources (default-resources) @ actors ---
[INFO] Using 'UTF-8' encoding to copy filtered resources.
[INFO] skip non existing resourceDirectory /home/andriy/Projects/com/github/plokhotnyuk/actors/src/main/resources
[INFO] 
[INFO] --- maven-resources-plugin:2.6:testResources (default-testResources) @ actors ---
[INFO] Using 'UTF-8' encoding to copy filtered resources.
[INFO] skip non existing resourceDirectory /home/andriy/Projects/com/github/plokhotnyuk/actors/src/test/resources
[INFO] 
[INFO] --- scala-maven-plugin:3.2.0:testCompile (testCompile) @ actors ---
[WARNING]  Expected all dependencies to require Scala version: 2.11.6
[WARNING]  com.github.plokhotnyuk.actors:actors:1.0-SNAPSHOT requires scala version: 2.11.6
[WARNING]  com.typesafe.akka:akka-actor_2.11:2.3.9 requires scala version: 2.11.5
[WARNING] Multiple versions of scala libraries detected!
[INFO] Nothing to compile - all classes are up to date
[INFO] 
[INFO] --- maven-surefire-plugin:2.17:test (default-test) @ actors ---
[INFO] Surefire report directory: /home/andriy/Projects/com/github/plokhotnyuk/actors/target/surefire-reports

-------------------------------------------------------
 T E S T S
-------------------------------------------------------

-------------------------------------------------------
 T E S T S
-------------------------------------------------------
Running com.github.plokhotnyuk.actors.AkkaActorSpec
Executor service type: java-forkjoin-pool

Enqueueing:
10,000,000 ops
242,303,253 ns
41,270,597 ops/s
18.6 % of CPU usage
48 bytes per instance

Dequeueing:
10,000,000 ops
1,138,100,819 ns
8,786,567 ops/s
14.9 % of CPU usage

Initiation:
100,000 ops
635,865,311 ns
6,358 ns/op
41.5 % of CPU usage
427 bytes per instance

Single-producer sending:
6,000,000 ops
486,725,696 ns
12,327,271 ops/s
21.6 % of CPU usage

Multi-producer sending:
6,000,000 ops
756,390,239 ns
7,932,413 ops/s
77.2 % of CPU usage

Max throughput:
12,000,000 ops
280,998,389 ns
42,704,871 ops/s
92.1 % of CPU usage

Ping latency:
1,500,000 ops
858,884,107 ns
572 ns/op
36.5 % of CPU usage

Ping throughput 10K:
2,000,000 ops
334,752,650 ns
5,974,560 ops/s
97.5 % of CPU usage
Tests run: 8, Failures: 0, Errors: 0, Skipped: 0, Time elapsed: 11.626 sec - in com.github.plokhotnyuk.actors.AkkaActorSpec
Running com.github.plokhotnyuk.actors.AkkaBalanceableActorSpec
Executor service type: java-forkjoin-pool

Enqueueing:
10,000,000 ops
251,135,353 ns
39,819,164 ops/s
15.4 % of CPU usage
48 bytes per instance

Dequeueing:
10,000,000 ops
969,498,803 ns
10,314,607 ops/s
14.3 % of CPU usage

Initiation:
100,000 ops
731,692,301 ns
7,316 ns/op
40.7 % of CPU usage
426 bytes per instance

Single-producer sending:
6,000,000 ops
624,218,659 ns
9,612,016 ops/s
22.8 % of CPU usage

Multi-producer sending:
6,000,000 ops
488,659,319 ns
12,278,492 ops/s
47.1 % of CPU usage

Max throughput:
12,000,000 ops
266,236,380 ns
45,072,728 ops/s
89.7 % of CPU usage

Ping latency:
1,500,000 ops
902,819,505 ns
601 ns/op
38.6 % of CPU usage

Ping throughput 10K:
2,000,000 ops
277,767,844 ns
7,200,257 ops/s
96.8 % of CPU usage
Tests run: 8, Failures: 0, Errors: 0, Skipped: 0, Time elapsed: 11.76 sec - in com.github.plokhotnyuk.actors.AkkaBalanceableActorSpec
Running com.github.plokhotnyuk.actors.AkkaBoundedActorSpec
Executor service type: java-forkjoin-pool

Enqueueing:
10,000,000 ops
505,380,229 ns
19,787,081 ops/s
16.3 % of CPU usage
48 bytes per instance

Dequeueing:
10,000,000 ops
1,290,884,538 ns
7,746,626 ops/s
14.4 % of CPU usage

Initiation:
100,000 ops
626,651,698 ns
6,266 ns/op
43.7 % of CPU usage
610 bytes per instance

Single-producer sending:
6,000,000 ops
1,140,501,317 ns
5,260,844 ops/s
24.6 % of CPU usage

Multi-producer sending:
6,000,000 ops
1,434,344,977 ns
4,183,094 ops/s
36.4 % of CPU usage

Max throughput:
12,000,000 ops
406,942,489 ns
29,488,196 ops/s
94.9 % of CPU usage

Ping latency:
1,500,000 ops
875,300,720 ns
583 ns/op
32.1 % of CPU usage

Ping throughput 10K:
2,000,000 ops
300,377,710 ns
6,658,283 ops/s
96.5 % of CPU usage

Overflow throughput:
5,000,000 ops
493,132,124 ns
10,139,270 ops/s
20.0 % of CPU usage
Tests run: 9, Failures: 0, Errors: 0, Skipped: 0, Time elapsed: 15.356 sec - in com.github.plokhotnyuk.actors.AkkaBoundedActorSpec
Running com.github.plokhotnyuk.actors.AkkaNonBalanceableActorSpec
Executor service type: java-forkjoin-pool

Enqueueing:
10,000,000 ops
338,468,450 ns
29,544,851 ops/s
15.1 % of CPU usage
48 bytes per instance

Dequeueing:
10,000,000 ops
897,975,237 ns
11,136,164 ops/s
15.2 % of CPU usage

Initiation:
100,000 ops
729,713,525 ns
7,297 ns/op
38.9 % of CPU usage
426 bytes per instance

Single-producer sending:
6,000,000 ops
647,801,108 ns
9,262,102 ops/s
24.7 % of CPU usage

Multi-producer sending:
6,000,000 ops
492,240,865 ns
12,189,154 ops/s
43.7 % of CPU usage

Max throughput:
12,000,000 ops
276,335,029 ns
43,425,547 ops/s
91.8 % of CPU usage

Ping latency:
1,500,000 ops
713,849,776 ns
475 ns/op
40.4 % of CPU usage

Ping throughput 10K:
2,000,000 ops
296,435,972 ns
6,746,819 ops/s
96.1 % of CPU usage
Tests run: 8, Failures: 0, Errors: 0, Skipped: 0, Time elapsed: 11.48 sec - in com.github.plokhotnyuk.actors.AkkaNonBalanceableActorSpec
Running com.github.plokhotnyuk.actors.AkkaNonBlockingBoundedActorSpec
Executor service type: java-forkjoin-pool

Enqueueing:
10,000,000 ops
250,822,591 ns
39,868,817 ops/s
15.9 % of CPU usage
48 bytes per instance

Dequeueing:
10,000,000 ops
564,253,790 ns
17,722,521 ops/s
15.7 % of CPU usage

Initiation:
100,000 ops
721,315,905 ns
7,213 ns/op
37.3 % of CPU usage
426 bytes per instance

Single-producer sending:
6,000,000 ops
730,608,704 ns
8,212,330 ops/s
25.2 % of CPU usage

Multi-producer sending:
6,000,000 ops
1,016,326,762 ns
5,903,613 ops/s
80.3 % of CPU usage

Max throughput:
12,000,000 ops
275,280,587 ns
43,591,886 ops/s
94.9 % of CPU usage

Ping latency:
1,500,000 ops
823,123,110 ns
548 ns/op
39.3 % of CPU usage

Ping throughput 10K:
2,000,000 ops
290,454,380 ns
6,885,762 ops/s
96.8 % of CPU usage

Overflow throughput:
5,000,000 ops
376,337,171 ns
13,285,958 ops/s
17.6 % of CPU usage
Tests run: 9, Failures: 0, Errors: 0, Skipped: 0, Time elapsed: 12.874 sec - in com.github.plokhotnyuk.actors.AkkaNonBlockingBoundedActorSpec
Running com.github.plokhotnyuk.actors.LiftActorSpec
Executor service type: java-forkjoin-pool

Enqueueing:
10,000,000 ops
364,003,603 ns
27,472,255 ops/s
13.7 % of CPU usage
24 bytes per instance

Dequeueing:
10,000,000 ops
388,702,358 ns
25,726,625 ops/s
14.1 % of CPU usage

Initiation:
10,000,000 ops
612,177,211 ns
61 ns/op
18.6 % of CPU usage
72 bytes per instance

Single-producer sending:
6,000,000 ops
675,352,250 ns
8,884,252 ops/s
29.2 % of CPU usage

Multi-producer sending:
6,000,000 ops
689,544,937 ns
8,701,390 ops/s
38.6 % of CPU usage

Max throughput:
12,000,000 ops
408,925,364 ns
29,345,208 ops/s
92.0 % of CPU usage

Ping latency:
1,500,000 ops
1,039,021,319 ns
692 ns/op
29.7 % of CPU usage

Ping throughput 10K:
2,000,000 ops
272,962,698 ns
7,327,008 ops/s
53.6 % of CPU usage
Tests run: 8, Failures: 0, Errors: 0, Skipped: 0, Time elapsed: 10.632 sec - in com.github.plokhotnyuk.actors.LiftActorSpec
Running com.github.plokhotnyuk.actors.MinimalistActorSpec
Executor service type: java-forkjoin-pool

Enqueueing:
40,000,000 ops
604,934,350 ns
66,122,877 ops/s
12.6 % of CPU usage
24 bytes per instance

Dequeueing:
40,000,000 ops
256,418,897 ns
155,994,743 ops/s
20.0 % of CPU usage

Initiation:
2,000,000 ops
300,520,613 ns
150 ns/op
95.7 % of CPU usage
40 bytes per instance

Single-producer sending:
15,000,000 ops
199,755,817 ns
75,091,680 ops/s
28.8 % of CPU usage

Multi-producer sending:
15,000,000 ops
360,684,791 ns
41,587,558 ops/s
94.3 % of CPU usage

Max throughput:
30,000,000 ops
178,023,698 ns
168,516,890 ops/s
96.2 % of CPU usage

Ping latency:
3,000,000 ops
549,480,906 ns
183 ns/op
99.4 % of CPU usage

Ping throughput 10K:
6,000,000 ops
104,040,695 ns
57,669,741 ops/s
97.3 % of CPU usage
Tests run: 8, Failures: 0, Errors: 0, Skipped: 0, Time elapsed: 7.842 sec - in com.github.plokhotnyuk.actors.MinimalistActorSpec
Running com.github.plokhotnyuk.actors.ScalaActorSpec
Executor service type: java-forkjoin-pool

Enqueueing:
20,000,000 ops
604,563,589 ns
33,081,714 ops/s
14.3 % of CPU usage
24 bytes per instance

Dequeueing:
300,000 ops
912,372,466 ns
328,813 ops/s
51.1 % of CPU usage

Initiation:
600,000 ops
1,115,101,420 ns
1,858 ns/op
49.1 % of CPU usage
224 bytes per instance

Single-producer sending:
300,000 ops
1,065,431,447 ns
281,576 ops/s
43.6 % of CPU usage

Multi-producer sending:
300,000 ops
999,654,909 ns
300,103 ops/s
41.3 % of CPU usage

Max throughput:
600,000 ops
294,614,690 ns
2,036,558 ops/s
94.2 % of CPU usage

Ping latency:
250,000 ops
801,003,166 ns
3,204 ns/op
59.3 % of CPU usage

Ping throughput 10K:
400,000 ops
246,524,414 ns
1,622,557 ops/s
90.8 % of CPU usage
Tests run: 8, Failures: 0, Errors: 0, Skipped: 0, Time elapsed: 9.931 sec - in com.github.plokhotnyuk.actors.ScalaActorSpec
Running com.github.plokhotnyuk.actors.ScalazActorSpec
Executor service type: java-forkjoin-pool

Enqueueing:
40,000,000 ops
609,609,504 ns
65,615,774 ops/s
12.9 % of CPU usage
24 bytes per instance

Dequeueing:
40,000,000 ops
200,837,041 ns
199,166,447 ops/s
22.4 % of CPU usage

Initiation:
10,000,000 ops
238,227,107 ns
23 ns/op
26.8 % of CPU usage
104 bytes per instance

Single-producer sending:
15,000,000 ops
199,268,722 ns
75,275,235 ops/s
52.7 % of CPU usage

Multi-producer sending:
15,000,000 ops
389,628,781 ns
38,498,182 ops/s
95.9 % of CPU usage

Max throughput:
30,000,000 ops
185,336,330 ns
161,867,886 ops/s
95.1 % of CPU usage

Ping latency:
3,000,000 ops
591,868,705 ns
197 ns/op
99.3 % of CPU usage

Ping throughput 10K:
6,000,000 ops
110,366,553 ns
54,364,296 ops/s
95.1 % of CPU usage
Tests run: 8, Failures: 0, Errors: 0, Skipped: 0, Time elapsed: 10.208 sec - in com.github.plokhotnyuk.actors.ScalazActorSpec

Results :

Tests run: 74, Failures: 0, Errors: 0, Skipped: 0

[INFO] ------------------------------------------------------------------------
[INFO] BUILD SUCCESS
[INFO] ------------------------------------------------------------------------
[INFO] Total time: 01:49 min
[INFO] Finished at: 2015-04-02T16:59:08+03:00
[INFO] Final Memory: 14M/217M
[INFO] ------------------------------------------------------------------------
[INFO] Scanning for projects...
[INFO]                                                                         
[INFO] ------------------------------------------------------------------------
[INFO] Building Actors 1.0-SNAPSHOT
[INFO] ------------------------------------------------------------------------
[INFO] 
[INFO] --- maven-resources-plugin:2.6:resources (default-resources) @ actors ---
[INFO] Using 'UTF-8' encoding to copy filtered resources.
[INFO] skip non existing resourceDirectory /home/andriy/Projects/com/github/plokhotnyuk/actors/src/main/resources
[INFO] 
[INFO] --- maven-resources-plugin:2.6:testResources (default-testResources) @ actors ---
[INFO] Using 'UTF-8' encoding to copy filtered resources.
[INFO] skip non existing resourceDirectory /home/andriy/Projects/com/github/plokhotnyuk/actors/src/test/resources
[INFO] 
[INFO] --- scala-maven-plugin:3.2.0:testCompile (testCompile) @ actors ---
[WARNING]  Expected all dependencies to require Scala version: 2.11.6
[WARNING]  com.github.plokhotnyuk.actors:actors:1.0-SNAPSHOT requires scala version: 2.11.6
[WARNING]  com.typesafe.akka:akka-actor_2.11:2.3.9 requires scala version: 2.11.5
[WARNING] Multiple versions of scala libraries detected!
[INFO] Nothing to compile - all classes are up to date
[INFO] 
[INFO] --- maven-surefire-plugin:2.17:test (default-test) @ actors ---
[INFO] Surefire report directory: /home/andriy/Projects/com/github/plokhotnyuk/actors/target/surefire-reports

-------------------------------------------------------
 T E S T S
-------------------------------------------------------

-------------------------------------------------------
 T E S T S
-------------------------------------------------------
Running com.github.plokhotnyuk.actors.AkkaActorSpec
Executor service type: abq-thread-pool

Enqueueing:
10,000,000 ops
241,964,517 ns
41,328,373 ops/s
16.0 % of CPU usage
48 bytes per instance

Dequeueing:
10,000,000 ops
953,116,630 ns
10,491,895 ops/s
16.0 % of CPU usage

Initiation:
100,000 ops
695,077,471 ns
6,950 ns/op
45.0 % of CPU usage
424 bytes per instance

Single-producer sending:
6,000,000 ops
652,438,176 ns
9,196,273 ops/s
21.6 % of CPU usage

Multi-producer sending:
6,000,000 ops
881,728,986 ns
6,804,812 ops/s
70.0 % of CPU usage

Max throughput:
12,000,000 ops
306,719,233 ns
39,123,728 ops/s
86.4 % of CPU usage

Ping latency:
1,500,000 ops
4,157,221,582 ns
2,771 ns/op
17.8 % of CPU usage

Ping throughput 10K:
2,000,000 ops
1,371,144,113 ns
1,458,635 ops/s
34.2 % of CPU usage
Tests run: 8, Failures: 0, Errors: 0, Skipped: 0, Time elapsed: 16.626 sec - in com.github.plokhotnyuk.actors.AkkaActorSpec
Running com.github.plokhotnyuk.actors.AkkaBalanceableActorSpec
Executor service type: abq-thread-pool

Enqueueing:
10,000,000 ops
315,420,842 ns
31,703,675 ops/s
15.5 % of CPU usage
48 bytes per instance

Dequeueing:
10,000,000 ops
910,126,375 ns
10,987,485 ops/s
17.7 % of CPU usage

Initiation:
100,000 ops
686,602,770 ns
6,866 ns/op
45.7 % of CPU usage
424 bytes per instance

Single-producer sending:
6,000,000 ops
583,864,444 ns
10,276,357 ops/s
23.8 % of CPU usage

Multi-producer sending:
6,000,000 ops
586,766,614 ns
10,225,530 ops/s
40.7 % of CPU usage

Max throughput:
12,000,000 ops
264,695,230 ns
45,335,157 ops/s
82.2 % of CPU usage

Ping latency:
1,500,000 ops
3,742,402,461 ns
2,494 ns/op
17.7 % of CPU usage

Ping throughput 10K:
2,000,000 ops
1,369,496,953 ns
1,460,390 ops/s
36.2 % of CPU usage
Tests run: 8, Failures: 0, Errors: 0, Skipped: 0, Time elapsed: 15.552 sec - in com.github.plokhotnyuk.actors.AkkaBalanceableActorSpec
Running com.github.plokhotnyuk.actors.AkkaBoundedActorSpec
Executor service type: abq-thread-pool

Enqueueing:
10,000,000 ops
528,130,186 ns
18,934,725 ops/s
15.6 % of CPU usage
48 bytes per instance

Dequeueing:
10,000,000 ops
995,541,918 ns
10,044,780 ops/s
15.4 % of CPU usage

Initiation:
100,000 ops
715,110,623 ns
7,151 ns/op
43.3 % of CPU usage
608 bytes per instance

Single-producer sending:
6,000,000 ops
1,405,106,879 ns
4,270,137 ops/s
24.6 % of CPU usage

Multi-producer sending:
6,000,000 ops
1,465,279,517 ns
4,094,781 ops/s
33.4 % of CPU usage

Max throughput:
12,000,000 ops
372,648,552 ns
32,201,923 ops/s
86.9 % of CPU usage

Ping latency:
1,500,000 ops
3,599,056,457 ns
2,399 ns/op
18.2 % of CPU usage

Ping throughput 10K:
2,000,000 ops
1,422,129,715 ns
1,406,341 ops/s
36.9 % of CPU usage

Overflow throughput:
5,000,000 ops
446,477,864 ns
11,198,763 ops/s
15.1 % of CPU usage
Tests run: 9, Failures: 0, Errors: 0, Skipped: 0, Time elapsed: 19.328 sec - in com.github.plokhotnyuk.actors.AkkaBoundedActorSpec
Running com.github.plokhotnyuk.actors.AkkaNonBalanceableActorSpec
Executor service type: abq-thread-pool

Enqueueing:
10,000,000 ops
311,754,550 ns
32,076,516 ops/s
14.8 % of CPU usage
48 bytes per instance

Dequeueing:
10,000,000 ops
843,234,708 ns
11,859,094 ops/s
16.8 % of CPU usage

Initiation:
100,000 ops
687,010,992 ns
6,870 ns/op
47.7 % of CPU usage
424 bytes per instance

Single-producer sending:
6,000,000 ops
548,101,576 ns
10,946,876 ops/s
22.1 % of CPU usage

Multi-producer sending:
6,000,000 ops
503,162,183 ns
11,924,584 ops/s
40.0 % of CPU usage

Max throughput:
12,000,000 ops
251,432,914 ns
47,726,448 ops/s
85.0 % of CPU usage

Ping latency:
1,500,000 ops
3,852,353,085 ns
2,568 ns/op
17.5 % of CPU usage

Ping throughput 10K:
2,000,000 ops
1,376,238,564 ns
1,453,236 ops/s
34.2 % of CPU usage
Tests run: 8, Failures: 0, Errors: 0, Skipped: 0, Time elapsed: 15.507 sec - in com.github.plokhotnyuk.actors.AkkaNonBalanceableActorSpec
Running com.github.plokhotnyuk.actors.AkkaNonBlockingBoundedActorSpec
Executor service type: abq-thread-pool

Enqueueing:
10,000,000 ops
321,158,031 ns
31,137,318 ops/s
16.7 % of CPU usage
48 bytes per instance

Dequeueing:
10,000,000 ops
819,732,757 ns
12,199,097 ops/s
16.0 % of CPU usage

Initiation:
100,000 ops
699,213,230 ns
6,992 ns/op
45.4 % of CPU usage
424 bytes per instance

Single-producer sending:
6,000,000 ops
515,322,146 ns
11,643,202 ops/s
23.3 % of CPU usage

Multi-producer sending:
6,000,000 ops
1,070,504,273 ns
5,604,835 ops/s
73.6 % of CPU usage

Max throughput:
12,000,000 ops
262,599,337 ns
45,696,992 ops/s
82.3 % of CPU usage

Ping latency:
1,500,000 ops
3,899,780,883 ns
2,599 ns/op
18.2 % of CPU usage

Ping throughput 10K:
2,000,000 ops
1,296,622,084 ns
1,542,469 ops/s
35.5 % of CPU usage

Overflow throughput:
5,000,000 ops
328,729,119 ns
15,210,091 ops/s
15.6 % of CPU usage
Tests run: 9, Failures: 0, Errors: 0, Skipped: 0, Time elapsed: 16.79 sec - in com.github.plokhotnyuk.actors.AkkaNonBlockingBoundedActorSpec
Running com.github.plokhotnyuk.actors.LiftActorSpec
Executor service type: abq-thread-pool

Enqueueing:
10,000,000 ops
396,121,110 ns
25,244,804 ops/s
13.6 % of CPU usage
24 bytes per instance

Dequeueing:
10,000,000 ops
368,797,955 ns
27,115,117 ops/s
15.3 % of CPU usage

Initiation:
10,000,000 ops
610,817,559 ns
61 ns/op
19.0 % of CPU usage
72 bytes per instance

Single-producer sending:
6,000,000 ops
656,823,990 ns
9,134,867 ops/s
28.7 % of CPU usage

Multi-producer sending:
6,000,000 ops
604,673,557 ns
9,922,709 ops/s
38.0 % of CPU usage

Max throughput:
12,000,000 ops
376,266,223 ns
31,892,312 ops/s
92.4 % of CPU usage

Ping latency:
1,500,000 ops
4,903,654,438 ns
3,269 ns/op
20.2 % of CPU usage

Ping throughput 10K:
2,000,000 ops
960,432,120 ns
2,082,395 ops/s
43.3 % of CPU usage
Tests run: 8, Failures: 0, Errors: 0, Skipped: 0, Time elapsed: 14.843 sec - in com.github.plokhotnyuk.actors.LiftActorSpec
Running com.github.plokhotnyuk.actors.MinimalistActorSpec
Executor service type: abq-thread-pool

Enqueueing:
40,000,000 ops
624,525,627 ns
64,048,612 ops/s
12.8 % of CPU usage
24 bytes per instance

Dequeueing:
40,000,000 ops
180,491,991 ns
221,616,481 ops/s
21.5 % of CPU usage

Initiation:
2,000,000 ops
3,978,667,196 ns
1,989 ns/op
18.7 % of CPU usage
40 bytes per instance

Single-producer sending:
15,000,000 ops
173,013,832 ns
86,698,270 ops/s
36.8 % of CPU usage

Multi-producer sending:
15,000,000 ops
347,397,564 ns
43,178,195 ops/s
90.3 % of CPU usage

Max throughput:
30,000,000 ops
228,161,380 ns
131,485,880 ops/s
65.7 % of CPU usage

Ping latency:
3,000,000 ops
3,919,139,337 ns
1,306 ns/op
17.8 % of CPU usage

Ping throughput 10K:
6,000,000 ops
2,097,170,311 ns
2,860,997 ops/s
25.3 % of CPU usage
Tests run: 8, Failures: 0, Errors: 0, Skipped: 0, Time elapsed: 17.236 sec - in com.github.plokhotnyuk.actors.MinimalistActorSpec
Running com.github.plokhotnyuk.actors.ScalaActorSpec
Executor service type: abq-thread-pool

Enqueueing:
20,000,000 ops
408,129,479 ns
49,004,056 ops/s
14.7 % of CPU usage
23 bytes per instance

Dequeueing:
300,000 ops
1,523,983,107 ns
196,852 ops/s
26.3 % of CPU usage

Initiation:
600,000 ops
1,573,006,438 ns
2,621 ns/op
28.2 % of CPU usage
224 bytes per instance

Single-producer sending:
300,000 ops
3,124,821,429 ns
96,005 ops/s
20.4 % of CPU usage

Multi-producer sending:
300,000 ops
3,257,058,719 ns
92,107 ops/s
19.6 % of CPU usage

Max throughput:
600,000 ops
1,236,636,571 ns
485,187 ops/s
37.3 % of CPU usage

Ping latency:
250,000 ops
1,748,749,271 ns
6,994 ns/op
26.9 % of CPU usage

Ping throughput 10K:
400,000 ops
947,528,035 ns
422,151 ops/s
24.7 % of CPU usage
Tests run: 8, Failures: 0, Errors: 0, Skipped: 0, Time elapsed: 17.704 sec - in com.github.plokhotnyuk.actors.ScalaActorSpec
Running com.github.plokhotnyuk.actors.ScalazActorSpec
Executor service type: abq-thread-pool

Enqueueing:
40,000,000 ops
621,553,521 ns
64,354,876 ops/s
12.9 % of CPU usage
24 bytes per instance

Dequeueing:
40,000,000 ops
291,529,058 ns
137,207,591 ops/s
20.6 % of CPU usage

Initiation:
10,000,000 ops
265,984,164 ns
26 ns/op
27.3 % of CPU usage
104 bytes per instance

Single-producer sending:
15,000,000 ops
173,559,524 ns
86,425,680 ops/s
43.2 % of CPU usage

Multi-producer sending:
15,000,000 ops
364,315,621 ns
41,173,090 ops/s
88.9 % of CPU usage

Max throughput:
30,000,000 ops
201,396,867 ns
148,959,616 ops/s
67.7 % of CPU usage

Ping latency:
3,000,000 ops
4,634,459,137 ns
1,544 ns/op
17.8 % of CPU usage

Ping throughput 10K:
6,000,000 ops
1,812,219,083 ns
3,310,857 ops/s
25.2 % of CPU usage
Tests run: 8, Failures: 0, Errors: 0, Skipped: 0, Time elapsed: 16.486 sec - in com.github.plokhotnyuk.actors.ScalazActorSpec

Results :

Tests run: 74, Failures: 0, Errors: 0, Skipped: 0

[INFO] ------------------------------------------------------------------------
[INFO] BUILD SUCCESS
[INFO] ------------------------------------------------------------------------
[INFO] Total time: 02:37 min
[INFO] Finished at: 2015-04-02T17:01:46+03:00
[INFO] Final Memory: 14M/217M
[INFO] ------------------------------------------------------------------------
[INFO] Scanning for projects...
[INFO]                                                                         
[INFO] ------------------------------------------------------------------------
[INFO] Building Actors 1.0-SNAPSHOT
[INFO] ------------------------------------------------------------------------
[INFO] 
[INFO] --- maven-resources-plugin:2.6:resources (default-resources) @ actors ---
[INFO] Using 'UTF-8' encoding to copy filtered resources.
[INFO] skip non existing resourceDirectory /home/andriy/Projects/com/github/plokhotnyuk/actors/src/main/resources
[INFO] 
[INFO] --- maven-resources-plugin:2.6:testResources (default-testResources) @ actors ---
[INFO] Using 'UTF-8' encoding to copy filtered resources.
[INFO] skip non existing resourceDirectory /home/andriy/Projects/com/github/plokhotnyuk/actors/src/test/resources
[INFO] 
[INFO] --- scala-maven-plugin:3.2.0:testCompile (testCompile) @ actors ---
[WARNING]  Expected all dependencies to require Scala version: 2.11.6
[WARNING]  com.github.plokhotnyuk.actors:actors:1.0-SNAPSHOT requires scala version: 2.11.6
[WARNING]  com.typesafe.akka:akka-actor_2.11:2.3.9 requires scala version: 2.11.5
[WARNING] Multiple versions of scala libraries detected!
[INFO] Nothing to compile - all classes are up to date
[INFO] 
[INFO] --- maven-surefire-plugin:2.17:test (default-test) @ actors ---
[INFO] Surefire report directory: /home/andriy/Projects/com/github/plokhotnyuk/actors/target/surefire-reports

-------------------------------------------------------
 T E S T S
-------------------------------------------------------

-------------------------------------------------------
 T E S T S
-------------------------------------------------------
Running com.github.plokhotnyuk.actors.AkkaActorSpec
Executor service type: lbq-thread-pool

Enqueueing:
10,000,000 ops
237,306,267 ns
42,139,637 ops/s
17.4 % of CPU usage
48 bytes per instance

Dequeueing:
10,000,000 ops
1,079,809,143 ns
9,260,895 ops/s
16.2 % of CPU usage

Initiation:
100,000 ops
675,271,516 ns
6,752 ns/op
47.6 % of CPU usage
424 bytes per instance

Single-producer sending:
6,000,000 ops
678,587,535 ns
8,841,895 ops/s
22.3 % of CPU usage

Multi-producer sending:
6,000,000 ops
876,551,495 ns
6,845,005 ops/s
67.3 % of CPU usage

Max throughput:
12,000,000 ops
284,561,509 ns
42,170,144 ops/s
91.4 % of CPU usage

Ping latency:
1,500,000 ops
4,121,172,809 ns
2,747 ns/op
18.4 % of CPU usage

Ping throughput 10K:
2,000,000 ops
1,212,828,981 ns
1,649,037 ops/s
40.2 % of CPU usage
Tests run: 8, Failures: 0, Errors: 0, Skipped: 0, Time elapsed: 16.35 sec - in com.github.plokhotnyuk.actors.AkkaActorSpec
Running com.github.plokhotnyuk.actors.AkkaBalanceableActorSpec
Executor service type: lbq-thread-pool

Enqueueing:
10,000,000 ops
313,307,532 ns
31,917,521 ops/s
14.8 % of CPU usage
48 bytes per instance

Dequeueing:
10,000,000 ops
792,296,760 ns
12,621,533 ops/s
15.5 % of CPU usage

Initiation:
100,000 ops
636,009,524 ns
6,360 ns/op
49.5 % of CPU usage
424 bytes per instance

Single-producer sending:
6,000,000 ops
628,933,964 ns
9,539,952 ops/s
22.9 % of CPU usage

Multi-producer sending:
6,000,000 ops
474,989,673 ns
12,631,853 ops/s
42.4 % of CPU usage

Max throughput:
12,000,000 ops
257,513,388 ns
46,599,518 ops/s
91.3 % of CPU usage

Ping latency:
1,500,000 ops
3,938,112,802 ns
2,625 ns/op
18.2 % of CPU usage

Ping throughput 10K:
2,000,000 ops
1,191,944,878 ns
1,677,929 ops/s
39.7 % of CPU usage
Tests run: 8, Failures: 0, Errors: 0, Skipped: 0, Time elapsed: 15.148 sec - in com.github.plokhotnyuk.actors.AkkaBalanceableActorSpec
Running com.github.plokhotnyuk.actors.AkkaBoundedActorSpec
Executor service type: lbq-thread-pool

Enqueueing:
10,000,000 ops
544,145,291 ns
18,377,444 ops/s
15.2 % of CPU usage
48 bytes per instance

Dequeueing:
10,000,000 ops
1,135,125,337 ns
8,809,599 ops/s
15.5 % of CPU usage

Initiation:
100,000 ops
637,630,325 ns
6,376 ns/op
44.5 % of CPU usage
608 bytes per instance

Single-producer sending:
6,000,000 ops
1,253,488,362 ns
4,786,641 ops/s
26.3 % of CPU usage

Multi-producer sending:
6,000,000 ops
1,485,507,009 ns
4,039,025 ops/s
33.2 % of CPU usage

Max throughput:
12,000,000 ops
414,548,003 ns
28,947,190 ops/s
95.6 % of CPU usage

Ping latency:
1,500,000 ops
3,782,144,956 ns
2,521 ns/op
18.5 % of CPU usage

Ping throughput 10K:
2,000,000 ops
1,189,244,151 ns
1,681,740 ops/s
32.3 % of CPU usage

Overflow throughput:
5,000,000 ops
464,750,081 ns
10,758,470 ops/s
17.8 % of CPU usage
Tests run: 9, Failures: 0, Errors: 0, Skipped: 0, Time elapsed: 18.99 sec - in com.github.plokhotnyuk.actors.AkkaBoundedActorSpec
Running com.github.plokhotnyuk.actors.AkkaNonBalanceableActorSpec
Executor service type: lbq-thread-pool

Enqueueing:
10,000,000 ops
320,713,694 ns
31,180,458 ops/s
14.8 % of CPU usage
48 bytes per instance

Dequeueing:
10,000,000 ops
780,490,863 ns
12,812,449 ops/s
16.5 % of CPU usage

Initiation:
100,000 ops
632,007,709 ns
6,320 ns/op
47.9 % of CPU usage
424 bytes per instance

Single-producer sending:
6,000,000 ops
542,531,504 ns
11,059,265 ops/s
23.7 % of CPU usage

Multi-producer sending:
6,000,000 ops
496,548,422 ns
12,083,413 ops/s
45.1 % of CPU usage

Max throughput:
12,000,000 ops
237,719,995 ns
50,479,556 ops/s
91.0 % of CPU usage

Ping latency:
1,500,000 ops
4,026,114,951 ns
2,684 ns/op
18.0 % of CPU usage

Ping throughput 10K:
2,000,000 ops
1,156,795,467 ns
1,728,914 ops/s
39.9 % of CPU usage
Tests run: 8, Failures: 0, Errors: 0, Skipped: 0, Time elapsed: 15.231 sec - in com.github.plokhotnyuk.actors.AkkaNonBalanceableActorSpec
Running com.github.plokhotnyuk.actors.AkkaNonBlockingBoundedActorSpec
Executor service type: lbq-thread-pool

Enqueueing:
10,000,000 ops
246,974,797 ns
40,489,961 ops/s
16.7 % of CPU usage
48 bytes per instance

Dequeueing:
10,000,000 ops
806,419,971 ns
12,400,486 ops/s
15.7 % of CPU usage

Initiation:
100,000 ops
694,449,449 ns
6,944 ns/op
48.1 % of CPU usage
424 bytes per instance

Single-producer sending:
6,000,000 ops
582,056,518 ns
10,308,277 ops/s
23.4 % of CPU usage

Multi-producer sending:
6,000,000 ops
1,104,116,341 ns
5,434,209 ops/s
77.9 % of CPU usage

Max throughput:
12,000,000 ops
255,912,147 ns
46,891,091 ops/s
86.9 % of CPU usage

Ping latency:
1,500,000 ops
3,767,562,299 ns
2,511 ns/op
17.8 % of CPU usage

Ping throughput 10K:
2,000,000 ops
1,073,989,626 ns
1,862,215 ops/s
39.3 % of CPU usage

Overflow throughput:
5,000,000 ops
342,743,163 ns
14,588,183 ops/s
16.4 % of CPU usage
Tests run: 9, Failures: 0, Errors: 0, Skipped: 0, Time elapsed: 16.302 sec - in com.github.plokhotnyuk.actors.AkkaNonBlockingBoundedActorSpec
Running com.github.plokhotnyuk.actors.LiftActorSpec
Executor service type: lbq-thread-pool

Enqueueing:
10,000,000 ops
365,105,542 ns
27,389,340 ops/s
13.4 % of CPU usage
24 bytes per instance

Dequeueing:
10,000,000 ops
368,787,215 ns
27,115,907 ops/s
15.6 % of CPU usage

Initiation:
10,000,000 ops
583,418,682 ns
58 ns/op
19.3 % of CPU usage
72 bytes per instance

Single-producer sending:
6,000,000 ops
637,300,488 ns
9,414,711 ops/s
28.6 % of CPU usage

Multi-producer sending:
6,000,000 ops
636,123,094 ns
9,432,136 ops/s
37.3 % of CPU usage

Max throughput:
12,000,000 ops
376,496,739 ns
31,872,786 ops/s
93.0 % of CPU usage

Ping latency:
1,500,000 ops
3,462,187,916 ns
2,308 ns/op
22.1 % of CPU usage

Ping throughput 10K:
2,000,000 ops
834,074,988 ns
2,397,865 ops/s
26.5 % of CPU usage
Tests run: 8, Failures: 0, Errors: 0, Skipped: 0, Time elapsed: 13.263 sec - in com.github.plokhotnyuk.actors.LiftActorSpec
Running com.github.plokhotnyuk.actors.MinimalistActorSpec
Executor service type: lbq-thread-pool

Enqueueing:
40,000,000 ops
600,172,615 ns
66,647,492 ops/s
12.7 % of CPU usage
24 bytes per instance

Dequeueing:
40,000,000 ops
184,667,064 ns
216,606,032 ops/s
21.0 % of CPU usage

Initiation:
2,000,000 ops
765,412,111 ns
382 ns/op
38.7 % of CPU usage
45 bytes per instance

Single-producer sending:
15,000,000 ops
210,487,741 ns
71,263,057 ops/s
36.2 % of CPU usage

Multi-producer sending:
15,000,000 ops
355,280,095 ns
42,220,209 ops/s
92.2 % of CPU usage

Max throughput:
30,000,000 ops
251,431,249 ns
119,316,911 ops/s
84.0 % of CPU usage

Ping latency:
3,000,000 ops
831,014,523 ns
277 ns/op
23.6 % of CPU usage

Ping throughput 10K:
6,000,000 ops
2,362,793,968 ns
2,539,366 ops/s
25.7 % of CPU usage
Tests run: 8, Failures: 0, Errors: 0, Skipped: 0, Time elapsed: 11.098 sec - in com.github.plokhotnyuk.actors.MinimalistActorSpec
Running com.github.plokhotnyuk.actors.ScalaActorSpec
Executor service type: lbq-thread-pool

Enqueueing:
20,000,000 ops
580,229,281 ns
34,469,132 ops/s
13.8 % of CPU usage
24 bytes per instance

Dequeueing:
300,000 ops
912,593,924 ns
328,733 ops/s
33.8 % of CPU usage

Initiation:
600,000 ops
313,133,306 ns
521 ns/op
51.5 % of CPU usage
283 bytes per instance

Single-producer sending:
300,000 ops
1,095,802,728 ns
273,771 ops/s
29.7 % of CPU usage

Multi-producer sending:
300,000 ops
1,059,474,763 ns
283,159 ops/s
29.5 % of CPU usage

Max throughput:
600,000 ops
1,056,961,947 ns
567,664 ops/s
20.3 % of CPU usage

Ping latency:
250,000 ops
1,122,464,894 ns
4,489 ns/op
32.7 % of CPU usage

Ping throughput 10K:
400,000 ops
974,547,875 ns
410,446 ops/s
17.2 % of CPU usage
Tests run: 8, Failures: 0, Errors: 0, Skipped: 0, Time elapsed: 10.936 sec - in com.github.plokhotnyuk.actors.ScalaActorSpec
Running com.github.plokhotnyuk.actors.ScalazActorSpec
Executor service type: lbq-thread-pool

Enqueueing:
40,000,000 ops
628,984,659 ns
63,594,555 ops/s
12.7 % of CPU usage
24 bytes per instance

Dequeueing:
40,000,000 ops
310,316,516 ns
128,900,648 ops/s
20.5 % of CPU usage

Initiation:
10,000,000 ops
280,941,701 ns
28 ns/op
27.1 % of CPU usage
104 bytes per instance

Single-producer sending:
15,000,000 ops
166,231,945 ns
90,235,363 ops/s
39.9 % of CPU usage

Multi-producer sending:
15,000,000 ops
341,042,335 ns
43,982,809 ops/s
97.9 % of CPU usage

Max throughput:
30,000,000 ops
193,875,298 ns
154,738,640 ops/s
80.6 % of CPU usage

Ping latency:
3,000,000 ops
1,003,175,349 ns
334 ns/op
26.5 % of CPU usage

Ping throughput 10K:
6,000,000 ops
1,898,351,916 ns
3,160,636 ops/s
28.2 % of CPU usage
Tests run: 8, Failures: 0, Errors: 0, Skipped: 0, Time elapsed: 12.85 sec - in com.github.plokhotnyuk.actors.ScalazActorSpec

Results :

Tests run: 74, Failures: 0, Errors: 0, Skipped: 0

[INFO] ------------------------------------------------------------------------
[INFO] BUILD SUCCESS
[INFO] ------------------------------------------------------------------------
[INFO] Total time: 02:21 min
[INFO] Finished at: 2015-04-02T17:04:09+03:00
[INFO] Final Memory: 14M/217M
[INFO] ------------------------------------------------------------------------
