[INFO] Scanning for projects...
[INFO]                                                                         
[INFO] ------------------------------------------------------------------------
[INFO] Building Actors 1.0-SNAPSHOT
[INFO] ------------------------------------------------------------------------
[INFO] 
[INFO] --- maven-clean-plugin:2.5:clean (default-clean) @ actors ---
[INFO] Deleting /home/andriy/Projects/com/github/plokhotnyuk/actors/target
[INFO] 
[INFO] --- maven-resources-plugin:2.6:resources (default-resources) @ actors ---
[INFO] Using 'UTF-8' encoding to copy filtered resources.
[INFO] skip non existing resourceDirectory /home/andriy/Projects/com/github/plokhotnyuk/actors/src/main/resources
[INFO] 
[INFO] --- maven-resources-plugin:2.6:testResources (default-testResources) @ actors ---
[INFO] Using 'UTF-8' encoding to copy filtered resources.
[INFO] skip non existing resourceDirectory /home/andriy/Projects/com/github/plokhotnyuk/actors/src/test/resources
[INFO] 
[INFO] --- scala-maven-plugin:3.2.0:testCompile (testCompile) @ actors ---
[WARNING]  Expected all dependencies to require Scala version: 2.11.6
[WARNING]  com.github.plokhotnyuk.actors:actors:1.0-SNAPSHOT requires scala version: 2.11.6
[WARNING]  com.typesafe.akka:akka-actor_2.11:2.3.9 requires scala version: 2.11.5
[WARNING] Multiple versions of scala libraries detected!
[INFO] /home/andriy/Projects/com/github/plokhotnyuk/actors/src/test/scala:-1: info: compiling
[INFO] Compiling 15 source files to /home/andriy/Projects/com/github/plokhotnyuk/actors/target/test-classes at 1427986095395
[WARNING] /home/andriy/Projects/com/github/plokhotnyuk/actors/src/test/scala/com/github/plokhotnyuk/actors/ScalaActorSpec.scala:9: warning: trait SchedulerAdapter in package actors is deprecated: Use the akka.actor package instead. For migration from the scala.actors package refer to the Actors Migration Guide.
[WARNING]   val customScheduler = new SchedulerAdapter {
[WARNING]                             ^
[WARNING] /home/andriy/Projects/com/github/plokhotnyuk/actors/src/test/scala/com/github/plokhotnyuk/actors/ScalaActorSpec.scala:66: warning: trait Actor in package actors is deprecated: Use the akka.actor package instead. For migration from the scala.actors package refer to the Actors Migration Guide.
[WARNING]     footprintedAndTimedCollect(600000)(() => new Actor {
[WARNING]                                                  ^
[WARNING] /home/andriy/Projects/com/github/plokhotnyuk/actors/src/test/scala/com/github/plokhotnyuk/actors/ScalaActorSpec.scala:139: warning: trait Actor in package actors is deprecated: Use the akka.actor package instead. For migration from the scala.actors package refer to the Actors Migration Guide.
[WARNING]   private def replayAndCountActor(l: CountDownLatch, n: Int): Actor =
[WARNING]                                                               ^
[WARNING] /home/andriy/Projects/com/github/plokhotnyuk/actors/src/test/scala/com/github/plokhotnyuk/actors/ScalaActorSpec.scala:140: warning: trait Actor in package actors is deprecated: Use the akka.actor package instead. For migration from the scala.actors package refer to the Actors Migration Guide.
[WARNING]     new Actor {
[WARNING]         ^
[WARNING] /home/andriy/Projects/com/github/plokhotnyuk/actors/src/test/scala/com/github/plokhotnyuk/actors/ScalaActorSpec.scala:154: warning: trait IScheduler in package actors is deprecated: Use the akka.actor package instead. For migration from the scala.actors package refer to the Actors Migration Guide.
[WARNING]       override def scheduler: IScheduler = customScheduler
[WARNING]                               ^
[WARNING] /home/andriy/Projects/com/github/plokhotnyuk/actors/src/test/scala/com/github/plokhotnyuk/actors/ScalaActorSpec.scala:157: warning: trait Actor in package actors is deprecated: Use the akka.actor package instead. For migration from the scala.actors package refer to the Actors Migration Guide.
[WARNING]   private def blockableCountActor(l1: CountDownLatch, l2: CountDownLatch, n: Int): Actor =
[WARNING]                                                                                    ^
[WARNING] /home/andriy/Projects/com/github/plokhotnyuk/actors/src/test/scala/com/github/plokhotnyuk/actors/ScalaActorSpec.scala:158: warning: trait Actor in package actors is deprecated: Use the akka.actor package instead. For migration from the scala.actors package refer to the Actors Migration Guide.
[WARNING]     new Actor {
[WARNING]         ^
[WARNING] /home/andriy/Projects/com/github/plokhotnyuk/actors/src/test/scala/com/github/plokhotnyuk/actors/ScalaActorSpec.scala:177: warning: trait IScheduler in package actors is deprecated: Use the akka.actor package instead. For migration from the scala.actors package refer to the Actors Migration Guide.
[WARNING]       override def scheduler: IScheduler = customScheduler
[WARNING]                               ^
[WARNING] /home/andriy/Projects/com/github/plokhotnyuk/actors/src/test/scala/com/github/plokhotnyuk/actors/ScalaActorSpec.scala:180: warning: trait Actor in package actors is deprecated: Use the akka.actor package instead. For migration from the scala.actors package refer to the Actors Migration Guide.
[WARNING]   private def countActor(l: CountDownLatch, n: Int): Actor =
[WARNING]                                                      ^
[WARNING] /home/andriy/Projects/com/github/plokhotnyuk/actors/src/test/scala/com/github/plokhotnyuk/actors/ScalaActorSpec.scala:181: warning: trait Actor in package actors is deprecated: Use the akka.actor package instead. For migration from the scala.actors package refer to the Actors Migration Guide.
[WARNING]     new Actor {
[WARNING]         ^
[WARNING] /home/andriy/Projects/com/github/plokhotnyuk/actors/src/test/scala/com/github/plokhotnyuk/actors/ScalaActorSpec.scala:194: warning: trait IScheduler in package actors is deprecated: Use the akka.actor package instead. For migration from the scala.actors package refer to the Actors Migration Guide.
[WARNING]       override def scheduler: IScheduler = customScheduler
[WARNING]                               ^
[WARNING] /home/andriy/Projects/com/github/plokhotnyuk/actors/src/test/scala/com/github/plokhotnyuk/actors/ScalaActorSpec.scala:197: warning: trait Actor in package actors is deprecated: Use the akka.actor package instead. For migration from the scala.actors package refer to the Actors Migration Guide.
[WARNING]   private def sendMessages(a: Actor, n: Int): Unit = {
[WARNING]                               ^
[WARNING] 12 warnings found
[INFO] prepare-compile in 0 s
[INFO] compile in 8 s
[INFO] ------------------------------------------------------------------------
[INFO] BUILD SUCCESS
[INFO] ------------------------------------------------------------------------
[INFO] Total time: 8.973 s
[INFO] Finished at: 2015-04-02T17:48:23+03:00
[INFO] Final Memory: 9M/150M
[INFO] ------------------------------------------------------------------------
[INFO] Scanning for projects...
[INFO]                                                                         
[INFO] ------------------------------------------------------------------------
[INFO] Building Actors 1.0-SNAPSHOT
[INFO] ------------------------------------------------------------------------
[INFO] 
[INFO] --- maven-resources-plugin:2.6:resources (default-resources) @ actors ---
[INFO] Using 'UTF-8' encoding to copy filtered resources.
[INFO] skip non existing resourceDirectory /home/andriy/Projects/com/github/plokhotnyuk/actors/src/main/resources
[INFO] 
[INFO] --- maven-resources-plugin:2.6:testResources (default-testResources) @ actors ---
[INFO] Using 'UTF-8' encoding to copy filtered resources.
[INFO] skip non existing resourceDirectory /home/andriy/Projects/com/github/plokhotnyuk/actors/src/test/resources
[INFO] 
[INFO] --- scala-maven-plugin:3.2.0:testCompile (testCompile) @ actors ---
[WARNING]  Expected all dependencies to require Scala version: 2.11.6
[WARNING]  com.github.plokhotnyuk.actors:actors:1.0-SNAPSHOT requires scala version: 2.11.6
[WARNING]  com.typesafe.akka:akka-actor_2.11:2.3.9 requires scala version: 2.11.5
[WARNING] Multiple versions of scala libraries detected!
[INFO] Nothing to compile - all classes are up to date
[INFO] 
[INFO] --- maven-surefire-plugin:2.17:test (default-test) @ actors ---
[INFO] Surefire report directory: /home/andriy/Projects/com/github/plokhotnyuk/actors/target/surefire-reports

-------------------------------------------------------
 T E S T S
-------------------------------------------------------

-------------------------------------------------------
 T E S T S
-------------------------------------------------------
Running com.github.plokhotnyuk.actors.AkkaActorSpec
Executor service type: akka-forkjoin-pool

Enqueueing:
10,000,000 ops
308,641,021 ns
32,400,100 ops/s
17.4 % of CPU usage
48 bytes per instance

Dequeueing:
10,000,000 ops
861,680,144 ns
11,605,234 ops/s
15.2 % of CPU usage

Initiation:
100,000 ops
594,298,021 ns
5,942 ns/op
43.7 % of CPU usage
426 bytes per instance

Single-producer sending:
6,000,000 ops
671,323,319 ns
8,937,571 ops/s
24.6 % of CPU usage

Multi-producer sending:
6,000,000 ops
833,368,304 ns
7,199,697 ops/s
72.6 % of CPU usage

Max throughput:
12,000,000 ops
325,612,008 ns
36,853,677 ops/s
91.0 % of CPU usage

Ping latency:
1,500,000 ops
518,311,527 ns
345 ns/op
99.1 % of CPU usage

Ping throughput 10K:
2,000,000 ops
199,041,154 ns
10,048,173 ops/s
97.3 % of CPU usage
Tests run: 8, Failures: 0, Errors: 0, Skipped: 0, Time elapsed: 11.223 sec - in com.github.plokhotnyuk.actors.AkkaActorSpec
Running com.github.plokhotnyuk.actors.AkkaBalanceableActorSpec
Executor service type: akka-forkjoin-pool

Enqueueing:
10,000,000 ops
231,444,965 ns
43,206,815 ops/s
20.5 % of CPU usage
48 bytes per instance

Dequeueing:
10,000,000 ops
799,651,876 ns
12,505,441 ops/s
15.6 % of CPU usage

Initiation:
100,000 ops
608,232,322 ns
6,082 ns/op
43.0 % of CPU usage
426 bytes per instance

Single-producer sending:
6,000,000 ops
574,995,562 ns
10,434,863 ops/s
23.5 % of CPU usage

Multi-producer sending:
6,000,000 ops
814,077,216 ns
7,370,308 ops/s
69.1 % of CPU usage

Max throughput:
12,000,000 ops
259,184,663 ns
46,299,035 ops/s
89.2 % of CPU usage

Ping latency:
1,500,000 ops
450,739,637 ns
300 ns/op
99.0 % of CPU usage

Ping throughput 10K:
2,000,000 ops
151,877,890 ns
13,168,473 ops/s
93.8 % of CPU usage
Tests run: 8, Failures: 0, Errors: 0, Skipped: 0, Time elapsed: 10.597 sec - in com.github.plokhotnyuk.actors.AkkaBalanceableActorSpec
Running com.github.plokhotnyuk.actors.AkkaBoundedActorSpec
Executor service type: akka-forkjoin-pool

Enqueueing:
10,000,000 ops
649,348,282 ns
15,400,056 ops/s
14.2 % of CPU usage
48 bytes per instance

Dequeueing:
10,000,000 ops
1,138,529,754 ns
8,783,257 ops/s
14.5 % of CPU usage

Initiation:
100,000 ops
658,695,618 ns
6,586 ns/op
44.6 % of CPU usage
610 bytes per instance

Single-producer sending:
6,000,000 ops
1,261,543,789 ns
4,756,077 ops/s
25.6 % of CPU usage

Multi-producer sending:
6,000,000 ops
974,493,093 ns
6,157,047 ops/s
31.3 % of CPU usage

Max throughput:
12,000,000 ops
501,633,440 ns
23,921,850 ops/s
88.7 % of CPU usage

Ping latency:
1,500,000 ops
581,548,468 ns
387 ns/op
99.1 % of CPU usage

Ping throughput 10K:
2,000,000 ops
184,262,554 ns
10,854,077 ops/s
94.3 % of CPU usage

Overflow throughput:
5,000,000 ops
441,472,945 ns
11,325,722 ops/s
17.8 % of CPU usage
Tests run: 9, Failures: 0, Errors: 0, Skipped: 0, Time elapsed: 14.401 sec - in com.github.plokhotnyuk.actors.AkkaBoundedActorSpec
Running com.github.plokhotnyuk.actors.AkkaNonBalanceableActorSpec
Executor service type: akka-forkjoin-pool

Enqueueing:
10,000,000 ops
236,666,851 ns
42,253,488 ops/s
17.4 % of CPU usage
48 bytes per instance

Dequeueing:
10,000,000 ops
796,289,623 ns
12,558,244 ops/s
15.2 % of CPU usage

Initiation:
100,000 ops
629,737,270 ns
6,297 ns/op
44.5 % of CPU usage
427 bytes per instance

Single-producer sending:
6,000,000 ops
681,338,619 ns
8,806,193 ops/s
22.4 % of CPU usage

Multi-producer sending:
6,000,000 ops
871,901,227 ns
6,881,513 ops/s
68.7 % of CPU usage

Max throughput:
12,000,000 ops
250,874,612 ns
47,832,659 ops/s
90.2 % of CPU usage

Ping latency:
1,500,000 ops
438,023,541 ns
292 ns/op
98.7 % of CPU usage

Ping throughput 10K:
2,000,000 ops
175,134,191 ns
11,419,814 ops/s
92.8 % of CPU usage
Tests run: 8, Failures: 0, Errors: 0, Skipped: 0, Time elapsed: 10.754 sec - in com.github.plokhotnyuk.actors.AkkaNonBalanceableActorSpec
Running com.github.plokhotnyuk.actors.AkkaNonBlockingBoundedActorSpec
Executor service type: akka-forkjoin-pool

Enqueueing:
10,000,000 ops
338,886,036 ns
29,508,445 ops/s
20.7 % of CPU usage
48 bytes per instance

Dequeueing:
10,000,000 ops
711,101,953 ns
14,062,681 ops/s
15.3 % of CPU usage

Initiation:
100,000 ops
648,984,473 ns
6,489 ns/op
42.0 % of CPU usage
426 bytes per instance

Single-producer sending:
6,000,000 ops
433,034,164 ns
13,855,719 ops/s
21.9 % of CPU usage

Multi-producer sending:
6,000,000 ops
1,006,714,769 ns
5,959,980 ops/s
84.9 % of CPU usage

Max throughput:
12,000,000 ops
277,529,292 ns
43,238,679 ops/s
88.3 % of CPU usage

Ping latency:
1,500,000 ops
452,308,930 ns
301 ns/op
98.7 % of CPU usage

Ping throughput 10K:
2,000,000 ops
175,399,777 ns
11,402,523 ops/s
98.3 % of CPU usage

Overflow throughput:
5,000,000 ops
382,523,598 ns
13,071,089 ops/s
17.6 % of CPU usage
Tests run: 9, Failures: 0, Errors: 0, Skipped: 0, Time elapsed: 11.42 sec - in com.github.plokhotnyuk.actors.AkkaNonBlockingBoundedActorSpec
Running com.github.plokhotnyuk.actors.LiftActorSpec
Executor service type: akka-forkjoin-pool

Enqueueing:
10,000,000 ops
379,704,067 ns
26,336,299 ops/s
13.5 % of CPU usage
24 bytes per instance

Dequeueing:
10,000,000 ops
354,016,908 ns
28,247,238 ops/s
15.9 % of CPU usage

Initiation:
10,000,000 ops
610,366,104 ns
61 ns/op
19.7 % of CPU usage
72 bytes per instance

Single-producer sending:
6,000,000 ops
651,385,270 ns
9,211,138 ops/s
29.7 % of CPU usage

Multi-producer sending:
6,000,000 ops
665,710,627 ns
9,012,925 ops/s
39.2 % of CPU usage

Max throughput:
12,000,000 ops
380,954,731 ns
31,499,805 ops/s
90.9 % of CPU usage

Ping latency:
1,500,000 ops
1,205,066,273 ns
803 ns/op
72.6 % of CPU usage

Ping throughput 10K:
2,000,000 ops
267,413,575 ns
7,479,051 ops/s
54.2 % of CPU usage
Tests run: 8, Failures: 0, Errors: 0, Skipped: 0, Time elapsed: 10.602 sec - in com.github.plokhotnyuk.actors.LiftActorSpec
Running com.github.plokhotnyuk.actors.MinimalistActorSpec
Executor service type: akka-forkjoin-pool

Enqueueing:
40,000,000 ops
651,733,784 ns
61,374,752 ops/s
13.0 % of CPU usage
24 bytes per instance

Dequeueing:
40,000,000 ops
282,605,364 ns
141,540,130 ops/s
24.3 % of CPU usage

Initiation:
2,000,000 ops
406,126,767 ns
203 ns/op
97.9 % of CPU usage
40 bytes per instance

Single-producer sending:
15,000,000 ops
208,714,095 ns
71,868,648 ops/s
32.3 % of CPU usage

Multi-producer sending:
15,000,000 ops
1,140,185,843 ns
13,155,750 ops/s
98.2 % of CPU usage

Max throughput:
30,000,000 ops
186,261,047 ns
161,064,272 ops/s
96.0 % of CPU usage

Ping latency:
3,000,000 ops
418,662,487 ns
139 ns/op
99.1 % of CPU usage

Ping throughput 10K:
6,000,000 ops
80,128,538 ns
74,879,688 ops/s
96.7 % of CPU usage
Tests run: 8, Failures: 0, Errors: 0, Skipped: 0, Time elapsed: 8.678 sec - in com.github.plokhotnyuk.actors.MinimalistActorSpec
Running com.github.plokhotnyuk.actors.ScalaActorSpec
Executor service type: akka-forkjoin-pool

Enqueueing:
20,000,000 ops
451,235,977 ns
44,322,707 ops/s
14.4 % of CPU usage
23 bytes per instance

Dequeueing:
300,000 ops
506,301,830 ns
592,531 ops/s
94.6 % of CPU usage

Initiation:
600,000 ops
870,990,533 ns
1,451 ns/op
79.7 % of CPU usage
224 bytes per instance

Single-producer sending:
300,000 ops
539,794,054 ns
555,767 ops/s
93.1 % of CPU usage

Multi-producer sending:
300,000 ops
534,184,909 ns
561,603 ops/s
95.0 % of CPU usage

Max throughput:
600,000 ops
239,983,573 ns
2,500,171 ops/s
95.3 % of CPU usage

Ping latency:
250,000 ops
472,880,045 ns
1,891 ns/op
98.1 % of CPU usage

Ping throughput 10K:
400,000 ops
223,744,125 ns
1,787,756 ops/s
96.7 % of CPU usage
Tests run: 8, Failures: 0, Errors: 0, Skipped: 0, Time elapsed: 7.808 sec - in com.github.plokhotnyuk.actors.ScalaActorSpec
Running com.github.plokhotnyuk.actors.ScalazActorSpec
Executor service type: akka-forkjoin-pool

Enqueueing:
40,000,000 ops
713,629,686 ns
56,051,479 ops/s
13.0 % of CPU usage
24 bytes per instance

Dequeueing:
40,000,000 ops
185,163,029 ns
216,025,846 ops/s
28.4 % of CPU usage

Initiation:
10,000,000 ops
267,862,984 ns
26 ns/op
25.7 % of CPU usage
104 bytes per instance

Single-producer sending:
15,000,000 ops
514,862,533 ns
29,133,990 ops/s
26.9 % of CPU usage

Multi-producer sending:
15,000,000 ops
1,263,458,587 ns
11,872,173 ops/s
98.2 % of CPU usage

Max throughput:
30,000,000 ops
218,824,395 ns
137,096,231 ops/s
94.3 % of CPU usage

Ping latency:
3,000,000 ops
473,042,586 ns
157 ns/op
99.1 % of CPU usage

Ping throughput 10K:
6,000,000 ops
104,554,762 ns
57,386,195 ops/s
95.6 % of CPU usage
Tests run: 8, Failures: 0, Errors: 0, Skipped: 0, Time elapsed: 11.566 sec - in com.github.plokhotnyuk.actors.ScalazActorSpec

Results :

Tests run: 74, Failures: 0, Errors: 0, Skipped: 0

[INFO] ------------------------------------------------------------------------
[INFO] BUILD SUCCESS
[INFO] ------------------------------------------------------------------------
[INFO] Total time: 01:42 min
[INFO] Finished at: 2015-04-02T17:50:07+03:00
[INFO] Final Memory: 14M/213M
[INFO] ------------------------------------------------------------------------
[INFO] Scanning for projects...
[INFO]                                                                         
[INFO] ------------------------------------------------------------------------
[INFO] Building Actors 1.0-SNAPSHOT
[INFO] ------------------------------------------------------------------------
[INFO] 
[INFO] --- maven-resources-plugin:2.6:resources (default-resources) @ actors ---
[INFO] Using 'UTF-8' encoding to copy filtered resources.
[INFO] skip non existing resourceDirectory /home/andriy/Projects/com/github/plokhotnyuk/actors/src/main/resources
[INFO] 
[INFO] --- maven-resources-plugin:2.6:testResources (default-testResources) @ actors ---
[INFO] Using 'UTF-8' encoding to copy filtered resources.
[INFO] skip non existing resourceDirectory /home/andriy/Projects/com/github/plokhotnyuk/actors/src/test/resources
[INFO] 
[INFO] --- scala-maven-plugin:3.2.0:testCompile (testCompile) @ actors ---
[WARNING]  Expected all dependencies to require Scala version: 2.11.6
[WARNING]  com.github.plokhotnyuk.actors:actors:1.0-SNAPSHOT requires scala version: 2.11.6
[WARNING]  com.typesafe.akka:akka-actor_2.11:2.3.9 requires scala version: 2.11.5
[WARNING] Multiple versions of scala libraries detected!
[INFO] Nothing to compile - all classes are up to date
[INFO] 
[INFO] --- maven-surefire-plugin:2.17:test (default-test) @ actors ---
[INFO] Surefire report directory: /home/andriy/Projects/com/github/plokhotnyuk/actors/target/surefire-reports

-------------------------------------------------------
 T E S T S
-------------------------------------------------------

-------------------------------------------------------
 T E S T S
-------------------------------------------------------
Running com.github.plokhotnyuk.actors.AkkaActorSpec
Executor service type: scala-forkjoin-pool

Enqueueing:
10,000,000 ops
255,182,116 ns
39,187,699 ops/s
18.1 % of CPU usage
48 bytes per instance

Dequeueing:
10,000,000 ops
1,242,065,256 ns
8,051,106 ops/s
15.7 % of CPU usage

Initiation:
100,000 ops
561,114,933 ns
5,611 ns/op
50.1 % of CPU usage
426 bytes per instance

Single-producer sending:
6,000,000 ops
720,619,130 ns
8,326,173 ops/s
23.6 % of CPU usage

Multi-producer sending:
6,000,000 ops
849,712,104 ns
7,061,215 ops/s
69.4 % of CPU usage

Max throughput:
12,000,000 ops
325,750,191 ns
36,838,044 ops/s
92.5 % of CPU usage

Ping latency:
1,500,000 ops
627,242,925 ns
418 ns/op
99.2 % of CPU usage

Ping throughput 10K:
2,000,000 ops
308,041,273 ns
6,492,636 ops/s
99.4 % of CPU usage
Tests run: 8, Failures: 0, Errors: 0, Skipped: 0, Time elapsed: 12.268 sec - in com.github.plokhotnyuk.actors.AkkaActorSpec
Running com.github.plokhotnyuk.actors.AkkaBalanceableActorSpec
Executor service type: scala-forkjoin-pool

Enqueueing:
10,000,000 ops
229,154,747 ns
43,638,633 ops/s
15.3 % of CPU usage
48 bytes per instance

Dequeueing:
10,000,000 ops
958,107,688 ns
10,437,240 ops/s
14.5 % of CPU usage

Initiation:
100,000 ops
650,434,405 ns
6,504 ns/op
49.0 % of CPU usage
426 bytes per instance

Single-producer sending:
6,000,000 ops
583,313,062 ns
10,286,071 ops/s
23.8 % of CPU usage

Multi-producer sending:
6,000,000 ops
895,356,955 ns
6,701,237 ops/s
73.2 % of CPU usage

Max throughput:
12,000,000 ops
260,256,712 ns
46,108,320 ops/s
95.6 % of CPU usage

Ping latency:
1,500,000 ops
513,095,932 ns
342 ns/op
98.9 % of CPU usage

Ping throughput 10K:
2,000,000 ops
271,577,238 ns
7,364,387 ops/s
98.5 % of CPU usage
Tests run: 8, Failures: 0, Errors: 0, Skipped: 0, Time elapsed: 11.637 sec - in com.github.plokhotnyuk.actors.AkkaBalanceableActorSpec
Running com.github.plokhotnyuk.actors.AkkaBoundedActorSpec
Executor service type: scala-forkjoin-pool

Enqueueing:
10,000,000 ops
571,767,748 ns
17,489,618 ops/s
14.6 % of CPU usage
48 bytes per instance

Dequeueing:
10,000,000 ops
1,313,087,011 ns
7,615,641 ops/s
13.9 % of CPU usage

Initiation:
100,000 ops
666,408,741 ns
6,664 ns/op
50.3 % of CPU usage
610 bytes per instance

Single-producer sending:
6,000,000 ops
1,049,704,407 ns
5,715,894 ops/s
23.9 % of CPU usage

Multi-producer sending:
6,000,000 ops
927,752,633 ns
6,467,241 ops/s
36.0 % of CPU usage

Max throughput:
12,000,000 ops
424,287,998 ns
28,282,676 ops/s
83.4 % of CPU usage

Ping latency:
1,500,000 ops
682,437,694 ns
454 ns/op
99.5 % of CPU usage

Ping throughput 10K:
2,000,000 ops
374,906,365 ns
5,334,665 ops/s
97.4 % of CPU usage

Overflow throughput:
5,000,000 ops
394,633,949 ns
12,669,969 ops/s
16.5 % of CPU usage
Tests run: 9, Failures: 0, Errors: 0, Skipped: 0, Time elapsed: 14.726 sec - in com.github.plokhotnyuk.actors.AkkaBoundedActorSpec
Running com.github.plokhotnyuk.actors.AkkaNonBalanceableActorSpec
Executor service type: scala-forkjoin-pool

Enqueueing:
10,000,000 ops
228,432,376 ns
43,776,631 ops/s
15.9 % of CPU usage
48 bytes per instance

Dequeueing:
10,000,000 ops
743,045,613 ns
13,458,124 ops/s
15.3 % of CPU usage

Initiation:
100,000 ops
569,065,912 ns
5,690 ns/op
48.3 % of CPU usage
426 bytes per instance

Single-producer sending:
6,000,000 ops
602,370,860 ns
9,960,641 ops/s
25.3 % of CPU usage

Multi-producer sending:
6,000,000 ops
830,798,955 ns
7,221,963 ops/s
67.7 % of CPU usage

Max throughput:
12,000,000 ops
256,290,656 ns
46,821,839 ops/s
93.6 % of CPU usage

Ping latency:
1,500,000 ops
540,821,001 ns
360 ns/op
99.2 % of CPU usage

Ping throughput 10K:
2,000,000 ops
271,114,160 ns
7,376,966 ops/s
98.7 % of CPU usage
Tests run: 8, Failures: 0, Errors: 0, Skipped: 0, Time elapsed: 11.156 sec - in com.github.plokhotnyuk.actors.AkkaNonBalanceableActorSpec
Running com.github.plokhotnyuk.actors.AkkaNonBlockingBoundedActorSpec
Executor service type: scala-forkjoin-pool

Enqueueing:
10,000,000 ops
259,774,980 ns
38,494,854 ops/s
16.8 % of CPU usage
48 bytes per instance

Dequeueing:
10,000,000 ops
1,003,124,200 ns
9,968,855 ops/s
15.1 % of CPU usage

Initiation:
100,000 ops
628,644,084 ns
6,286 ns/op
45.5 % of CPU usage
427 bytes per instance

Single-producer sending:
6,000,000 ops
734,321,264 ns
8,170,810 ops/s
24.7 % of CPU usage

Multi-producer sending:
6,000,000 ops
971,848,513 ns
6,173,801 ops/s
80.9 % of CPU usage

Max throughput:
12,000,000 ops
295,545,851 ns
40,602,836 ops/s
96.9 % of CPU usage

Ping latency:
1,500,000 ops
525,320,069 ns
350 ns/op
99.0 % of CPU usage

Ping throughput 10K:
2,000,000 ops
299,929,708 ns
6,668,229 ops/s
97.9 % of CPU usage

Overflow throughput:
5,000,000 ops
395,777,665 ns
12,633,355 ops/s
16.4 % of CPU usage
Tests run: 9, Failures: 0, Errors: 0, Skipped: 0, Time elapsed: 12.684 sec - in com.github.plokhotnyuk.actors.AkkaNonBlockingBoundedActorSpec
Running com.github.plokhotnyuk.actors.LiftActorSpec
Executor service type: scala-forkjoin-pool

Enqueueing:
10,000,000 ops
382,135,080 ns
26,168,756 ops/s
13.7 % of CPU usage
24 bytes per instance

Dequeueing:
10,000,000 ops
385,622,038 ns
25,932,127 ops/s
15.2 % of CPU usage

Initiation:
10,000,000 ops
607,446,925 ns
60 ns/op
18.7 % of CPU usage
72 bytes per instance

Single-producer sending:
6,000,000 ops
650,040,557 ns
9,230,193 ops/s
30.2 % of CPU usage

Multi-producer sending:
6,000,000 ops
610,865,414 ns
9,822,130 ops/s
38.9 % of CPU usage

Max throughput:
12,000,000 ops
383,375,026 ns
31,300,943 ops/s
88.7 % of CPU usage

Ping latency:
1,500,000 ops
1,159,273,284 ns
772 ns/op
68.6 % of CPU usage

Ping throughput 10K:
2,000,000 ops
305,035,554 ns
6,556,612 ops/s
55.3 % of CPU usage
Tests run: 8, Failures: 0, Errors: 0, Skipped: 0, Time elapsed: 10.739 sec - in com.github.plokhotnyuk.actors.LiftActorSpec
Running com.github.plokhotnyuk.actors.MinimalistActorSpec
Executor service type: scala-forkjoin-pool

Enqueueing:
40,000,000 ops
657,027,170 ns
60,880,282 ops/s
12.9 % of CPU usage
24 bytes per instance

Dequeueing:
40,000,000 ops
240,629,047 ns
166,230,970 ops/s
24.4 % of CPU usage

Initiation:
2,000,000 ops
309,989,568 ns
154 ns/op
98.8 % of CPU usage
40 bytes per instance

Single-producer sending:
15,000,000 ops
173,134,140 ns
86,638,025 ops/s
31.8 % of CPU usage

Multi-producer sending:
15,000,000 ops
1,308,749,818 ns
11,461,319 ops/s
98.6 % of CPU usage

Max throughput:
30,000,000 ops
183,266,580 ns
163,695,966 ops/s
94.1 % of CPU usage

Ping latency:
3,000,000 ops
425,049,636 ns
141 ns/op
99.4 % of CPU usage

Ping throughput 10K:
6,000,000 ops
119,065,186 ns
50,392,563 ops/s
94.5 % of CPU usage
Tests run: 8, Failures: 0, Errors: 0, Skipped: 0, Time elapsed: 8.838 sec - in com.github.plokhotnyuk.actors.MinimalistActorSpec
Running com.github.plokhotnyuk.actors.ScalaActorSpec
Executor service type: scala-forkjoin-pool

Enqueueing:
20,000,000 ops
627,830,508 ns
31,855,731 ops/s
13.5 % of CPU usage
24 bytes per instance

Dequeueing:
300,000 ops
559,795,230 ns
535,910 ops/s
92.9 % of CPU usage

Initiation:
600,000 ops
669,764,794 ns
1,116 ns/op
89.6 % of CPU usage
224 bytes per instance

Single-producer sending:
300,000 ops
609,330,873 ns
492,343 ops/s
93.1 % of CPU usage

Multi-producer sending:
300,000 ops
574,134,438 ns
522,525 ops/s
93.6 % of CPU usage

Max throughput:
600,000 ops
304,419,421 ns
1,970,964 ops/s
99.0 % of CPU usage

Ping latency:
250,000 ops
579,292,455 ns
2,317 ns/op
96.5 % of CPU usage

Ping throughput 10K:
400,000 ops
274,722,708 ns
1,456,013 ops/s
95.1 % of CPU usage
Tests run: 8, Failures: 0, Errors: 0, Skipped: 0, Time elapsed: 8.095 sec - in com.github.plokhotnyuk.actors.ScalaActorSpec
Running com.github.plokhotnyuk.actors.ScalazActorSpec
Executor service type: scala-forkjoin-pool

Enqueueing:
40,000,000 ops
713,460,768 ns
56,064,750 ops/s
13.0 % of CPU usage
24 bytes per instance

Dequeueing:
40,000,000 ops
238,639,116 ns
167,617,114 ops/s
28.8 % of CPU usage

Initiation:
10,000,000 ops
270,161,405 ns
27 ns/op
27.3 % of CPU usage
104 bytes per instance

Single-producer sending:
15,000,000 ops
495,351,376 ns
30,281,534 ops/s
27.5 % of CPU usage

Multi-producer sending:
15,000,000 ops
1,350,053,532 ns
11,110,670 ops/s
99.5 % of CPU usage

Max throughput:
30,000,000 ops
208,764,890 ns
143,702,324 ops/s
92.8 % of CPU usage

Ping latency:
3,000,000 ops
491,332,636 ns
163 ns/op
98.7 % of CPU usage

Ping throughput 10K:
6,000,000 ops
112,214,258 ns
53,469,141 ops/s
96.9 % of CPU usage
Tests run: 8, Failures: 0, Errors: 0, Skipped: 0, Time elapsed: 11.657 sec - in com.github.plokhotnyuk.actors.ScalazActorSpec

Results :

Tests run: 74, Failures: 0, Errors: 0, Skipped: 0

[INFO] ------------------------------------------------------------------------
[INFO] BUILD SUCCESS
[INFO] ------------------------------------------------------------------------
[INFO] Total time: 01:51 min
[INFO] Finished at: 2015-04-02T17:51:59+03:00
[INFO] Final Memory: 15M/213M
[INFO] ------------------------------------------------------------------------
[INFO] Scanning for projects...
[INFO]                                                                         
[INFO] ------------------------------------------------------------------------
[INFO] Building Actors 1.0-SNAPSHOT
[INFO] ------------------------------------------------------------------------
[INFO] 
[INFO] --- maven-resources-plugin:2.6:resources (default-resources) @ actors ---
[INFO] Using 'UTF-8' encoding to copy filtered resources.
[INFO] skip non existing resourceDirectory /home/andriy/Projects/com/github/plokhotnyuk/actors/src/main/resources
[INFO] 
[INFO] --- maven-resources-plugin:2.6:testResources (default-testResources) @ actors ---
[INFO] Using 'UTF-8' encoding to copy filtered resources.
[INFO] skip non existing resourceDirectory /home/andriy/Projects/com/github/plokhotnyuk/actors/src/test/resources
[INFO] 
[INFO] --- scala-maven-plugin:3.2.0:testCompile (testCompile) @ actors ---
[WARNING]  Expected all dependencies to require Scala version: 2.11.6
[WARNING]  com.github.plokhotnyuk.actors:actors:1.0-SNAPSHOT requires scala version: 2.11.6
[WARNING]  com.typesafe.akka:akka-actor_2.11:2.3.9 requires scala version: 2.11.5
[WARNING] Multiple versions of scala libraries detected!
[INFO] Nothing to compile - all classes are up to date
[INFO] 
[INFO] --- maven-surefire-plugin:2.17:test (default-test) @ actors ---
[INFO] Surefire report directory: /home/andriy/Projects/com/github/plokhotnyuk/actors/target/surefire-reports

-------------------------------------------------------
 T E S T S
-------------------------------------------------------

-------------------------------------------------------
 T E S T S
-------------------------------------------------------
Running com.github.plokhotnyuk.actors.AkkaActorSpec
Executor service type: java-forkjoin-pool

Enqueueing:
10,000,000 ops
254,339,652 ns
39,317,502 ops/s
17.7 % of CPU usage
48 bytes per instance

Dequeueing:
10,000,000 ops
667,447,979 ns
14,982,441 ops/s
17.6 % of CPU usage

Initiation:
100,000 ops
750,577,252 ns
7,505 ns/op
39.8 % of CPU usage
426 bytes per instance

Single-producer sending:
6,000,000 ops
631,667,267 ns
9,498,671 ops/s
22.2 % of CPU usage

Multi-producer sending:
6,000,000 ops
858,121,578 ns
6,992,016 ops/s
69.3 % of CPU usage

Max throughput:
12,000,000 ops
295,151,145 ns
40,657,135 ops/s
89.8 % of CPU usage

Ping latency:
1,500,000 ops
1,227,845,510 ns
818 ns/op
43.7 % of CPU usage

Ping throughput 10K:
2,000,000 ops
221,479,596 ns
9,030,177 ops/s
92.6 % of CPU usage
Tests run: 8, Failures: 0, Errors: 0, Skipped: 0, Time elapsed: 11.619 sec - in com.github.plokhotnyuk.actors.AkkaActorSpec
Running com.github.plokhotnyuk.actors.AkkaBalanceableActorSpec
Executor service type: java-forkjoin-pool

Enqueueing:
10,000,000 ops
236,455,790 ns
42,291,203 ops/s
16.4 % of CPU usage
48 bytes per instance

Dequeueing:
10,000,000 ops
515,929,428 ns
19,382,495 ops/s
15.0 % of CPU usage

Initiation:
100,000 ops
617,478,588 ns
6,174 ns/op
39.5 % of CPU usage
426 bytes per instance

Single-producer sending:
6,000,000 ops
682,951,832 ns
8,785,392 ops/s
24.9 % of CPU usage

Multi-producer sending:
6,000,000 ops
847,876,018 ns
7,076,506 ops/s
70.2 % of CPU usage

Max throughput:
12,000,000 ops
267,152,351 ns
44,918,189 ops/s
91.2 % of CPU usage

Ping latency:
1,500,000 ops
1,208,100,329 ns
805 ns/op
43.1 % of CPU usage

Ping throughput 10K:
2,000,000 ops
236,051,425 ns
8,472,730 ops/s
94.8 % of CPU usage
Tests run: 8, Failures: 0, Errors: 0, Skipped: 0, Time elapsed: 11.622 sec - in com.github.plokhotnyuk.actors.AkkaBalanceableActorSpec
Running com.github.plokhotnyuk.actors.AkkaBoundedActorSpec
Executor service type: java-forkjoin-pool

Enqueueing:
10,000,000 ops
462,267,884 ns
21,632,478 ops/s
16.8 % of CPU usage
48 bytes per instance

Dequeueing:
10,000,000 ops
698,699,718 ns
14,312,300 ops/s
14.3 % of CPU usage

Initiation:
100,000 ops
673,891,516 ns
6,738 ns/op
42.3 % of CPU usage
610 bytes per instance

Single-producer sending:
6,000,000 ops
1,145,387,805 ns
5,238,400 ops/s
24.6 % of CPU usage

Multi-producer sending:
6,000,000 ops
1,284,043,822 ns
4,672,737 ops/s
35.4 % of CPU usage

Max throughput:
12,000,000 ops
403,567,708 ns
29,734,787 ops/s
92.6 % of CPU usage

Ping latency:
1,500,000 ops
1,260,259,362 ns
840 ns/op
43.1 % of CPU usage

Ping throughput 10K:
2,000,000 ops
265,410,005 ns
7,535,510 ops/s
97.0 % of CPU usage

Overflow throughput:
5,000,000 ops
507,263,825 ns
9,856,803 ops/s
14.3 % of CPU usage
Tests run: 9, Failures: 0, Errors: 0, Skipped: 0, Time elapsed: 14.427 sec - in com.github.plokhotnyuk.actors.AkkaBoundedActorSpec
Running com.github.plokhotnyuk.actors.AkkaNonBalanceableActorSpec
Executor service type: java-forkjoin-pool

Enqueueing:
10,000,000 ops
233,943,754 ns
42,745,317 ops/s
16.0 % of CPU usage
48 bytes per instance

Dequeueing:
10,000,000 ops
543,269,197 ns
18,407,080 ops/s
15.4 % of CPU usage

Initiation:
100,000 ops
701,600,665 ns
7,016 ns/op
40.6 % of CPU usage
427 bytes per instance

Single-producer sending:
6,000,000 ops
645,850,106 ns
9,290,081 ops/s
26.1 % of CPU usage

Multi-producer sending:
6,000,000 ops
840,845,763 ns
7,135,672 ops/s
71.1 % of CPU usage

Max throughput:
12,000,000 ops
283,155,151 ns
42,379,592 ops/s
89.6 % of CPU usage

Ping latency:
1,500,000 ops
1,203,203,786 ns
802 ns/op
44.4 % of CPU usage

Ping throughput 10K:
2,000,000 ops
187,730,647 ns
10,653,561 ops/s
93.9 % of CPU usage
Tests run: 8, Failures: 0, Errors: 0, Skipped: 0, Time elapsed: 11.318 sec - in com.github.plokhotnyuk.actors.AkkaNonBalanceableActorSpec
Running com.github.plokhotnyuk.actors.AkkaNonBlockingBoundedActorSpec
Executor service type: java-forkjoin-pool

Enqueueing:
10,000,000 ops
323,663,725 ns
30,896,264 ops/s
15.8 % of CPU usage
48 bytes per instance

Dequeueing:
10,000,000 ops
468,739,034 ns
21,333,832 ops/s
15.7 % of CPU usage

Initiation:
100,000 ops
553,151,472 ns
5,531 ns/op
42.5 % of CPU usage
426 bytes per instance

Single-producer sending:
6,000,000 ops
613,443,409 ns
9,780,853 ops/s
24.0 % of CPU usage

Multi-producer sending:
6,000,000 ops
988,913,616 ns
6,067,264 ops/s
85.2 % of CPU usage

Max throughput:
12,000,000 ops
262,692,799 ns
45,680,734 ops/s
91.4 % of CPU usage

Ping latency:
1,500,000 ops
1,190,057,926 ns
793 ns/op
43.4 % of CPU usage

Ping throughput 10K:
2,000,000 ops
198,043,975 ns
10,098,767 ops/s
94.7 % of CPU usage

Overflow throughput:
5,000,000 ops
359,128,598 ns
13,922,589 ops/s
16.0 % of CPU usage
Tests run: 9, Failures: 0, Errors: 0, Skipped: 0, Time elapsed: 12.016 sec - in com.github.plokhotnyuk.actors.AkkaNonBlockingBoundedActorSpec
Running com.github.plokhotnyuk.actors.LiftActorSpec
Executor service type: java-forkjoin-pool

Enqueueing:
10,000,000 ops
385,762,093 ns
25,922,712 ops/s
13.9 % of CPU usage
24 bytes per instance

Dequeueing:
10,000,000 ops
427,337,625 ns
23,400,701 ops/s
14.0 % of CPU usage

Initiation:
10,000,000 ops
607,292,663 ns
60 ns/op
18.7 % of CPU usage
72 bytes per instance

Single-producer sending:
6,000,000 ops
437,719,678 ns
13,707,402 ops/s
28.8 % of CPU usage

Multi-producer sending:
6,000,000 ops
696,210,558 ns
8,618,082 ops/s
39.0 % of CPU usage

Max throughput:
12,000,000 ops
410,558,097 ns
29,228,506 ops/s
89.2 % of CPU usage

Ping latency:
1,500,000 ops
1,815,948,097 ns
1,210 ns/op
37.0 % of CPU usage

Ping throughput 10K:
2,000,000 ops
354,848,415 ns
5,636,209 ops/s
58.1 % of CPU usage
Tests run: 8, Failures: 0, Errors: 0, Skipped: 0, Time elapsed: 11.71 sec - in com.github.plokhotnyuk.actors.LiftActorSpec
Running com.github.plokhotnyuk.actors.MinimalistActorSpec
Executor service type: java-forkjoin-pool

Enqueueing:
40,000,000 ops
619,929,160 ns
64,523,501 ops/s
12.9 % of CPU usage
24 bytes per instance

Dequeueing:
40,000,000 ops
144,682,166 ns
276,468,075 ops/s
22.5 % of CPU usage

Initiation:
2,000,000 ops
501,002,053 ns
250 ns/op
97.8 % of CPU usage
43 bytes per instance

Single-producer sending:
15,000,000 ops
220,209,490 ns
68,116,955 ops/s
39.2 % of CPU usage

Multi-producer sending:
15,000,000 ops
1,297,976,497 ns
11,556,449 ops/s
97.6 % of CPU usage

Max throughput:
30,000,000 ops
190,972,118 ns
157,090,994 ops/s
87.7 % of CPU usage

Ping latency:
3,000,000 ops
861,086,945 ns
287 ns/op
84.5 % of CPU usage

Ping throughput 10K:
6,000,000 ops
332,867,108 ns
18,025,211 ops/s
97.3 % of CPU usage
Tests run: 8, Failures: 0, Errors: 0, Skipped: 0, Time elapsed: 9.541 sec - in com.github.plokhotnyuk.actors.MinimalistActorSpec
Running com.github.plokhotnyuk.actors.ScalaActorSpec
Executor service type: java-forkjoin-pool

Enqueueing:
20,000,000 ops
514,616,120 ns
38,863,920 ops/s
13.6 % of CPU usage
23 bytes per instance

Dequeueing:
300,000 ops
804,960,654 ns
372,689 ops/s
70.7 % of CPU usage

Initiation:
600,000 ops
981,655,541 ns
1,636 ns/op
53.0 % of CPU usage
224 bytes per instance

Single-producer sending:
300,000 ops
955,711,122 ns
313,902 ops/s
58.6 % of CPU usage

Multi-producer sending:
300,000 ops
863,352,365 ns
347,482 ops/s
56.9 % of CPU usage

Max throughput:
600,000 ops
221,172,981 ns
2,712,808 ops/s
97.2 % of CPU usage

Ping latency:
250,000 ops
768,792,508 ns
3,075 ns/op
68.3 % of CPU usage

Ping throughput 10K:
400,000 ops
277,809,830 ns
1,439,833 ops/s
93.1 % of CPU usage
Tests run: 8, Failures: 0, Errors: 0, Skipped: 0, Time elapsed: 9.295 sec - in com.github.plokhotnyuk.actors.ScalaActorSpec
Running com.github.plokhotnyuk.actors.ScalazActorSpec
Executor service type: java-forkjoin-pool

Enqueueing:
40,000,000 ops
706,446,662 ns
56,621,401 ops/s
13.1 % of CPU usage
24 bytes per instance

Dequeueing:
40,000,000 ops
178,576,982 ns
223,993,033 ops/s
22.4 % of CPU usage

Initiation:
10,000,000 ops
322,073,694 ns
32 ns/op
27.2 % of CPU usage
104 bytes per instance

Single-producer sending:
15,000,000 ops
491,291,672 ns
30,531,761 ops/s
26.2 % of CPU usage

Multi-producer sending:
15,000,000 ops
1,480,741,005 ns
10,130,063 ops/s
98.2 % of CPU usage

Max throughput:
30,000,000 ops
188,961,630 ns
158,762,390 ops/s
95.3 % of CPU usage

Ping latency:
3,000,000 ops
966,104,902 ns
322 ns/op
87.5 % of CPU usage

Ping throughput 10K:
6,000,000 ops
367,685,806 ns
16,318,280 ops/s
99.3 % of CPU usage
Tests run: 8, Failures: 0, Errors: 0, Skipped: 0, Time elapsed: 12.674 sec - in com.github.plokhotnyuk.actors.ScalazActorSpec

Results :

Tests run: 74, Failures: 0, Errors: 0, Skipped: 0

[INFO] ------------------------------------------------------------------------
[INFO] BUILD SUCCESS
[INFO] ------------------------------------------------------------------------
[INFO] Total time: 01:51 min
[INFO] Finished at: 2015-04-02T17:53:52+03:00
[INFO] Final Memory: 15M/213M
[INFO] ------------------------------------------------------------------------
[INFO] Scanning for projects...
[INFO]                                                                         
[INFO] ------------------------------------------------------------------------
[INFO] Building Actors 1.0-SNAPSHOT
[INFO] ------------------------------------------------------------------------
[INFO] 
[INFO] --- maven-resources-plugin:2.6:resources (default-resources) @ actors ---
[INFO] Using 'UTF-8' encoding to copy filtered resources.
[INFO] skip non existing resourceDirectory /home/andriy/Projects/com/github/plokhotnyuk/actors/src/main/resources
[INFO] 
[INFO] --- maven-resources-plugin:2.6:testResources (default-testResources) @ actors ---
[INFO] Using 'UTF-8' encoding to copy filtered resources.
[INFO] skip non existing resourceDirectory /home/andriy/Projects/com/github/plokhotnyuk/actors/src/test/resources
[INFO] 
[INFO] --- scala-maven-plugin:3.2.0:testCompile (testCompile) @ actors ---
[WARNING]  Expected all dependencies to require Scala version: 2.11.6
[WARNING]  com.github.plokhotnyuk.actors:actors:1.0-SNAPSHOT requires scala version: 2.11.6
[WARNING]  com.typesafe.akka:akka-actor_2.11:2.3.9 requires scala version: 2.11.5
[WARNING] Multiple versions of scala libraries detected!
[INFO] Nothing to compile - all classes are up to date
[INFO] 
[INFO] --- maven-surefire-plugin:2.17:test (default-test) @ actors ---
[INFO] Surefire report directory: /home/andriy/Projects/com/github/plokhotnyuk/actors/target/surefire-reports

-------------------------------------------------------
 T E S T S
-------------------------------------------------------

-------------------------------------------------------
 T E S T S
-------------------------------------------------------
Running com.github.plokhotnyuk.actors.AkkaActorSpec
Executor service type: abq-thread-pool

Enqueueing:
10,000,000 ops
304,879,167 ns
32,799,879 ops/s
17.2 % of CPU usage
48 bytes per instance

Dequeueing:
10,000,000 ops
999,385,131 ns
10,006,152 ops/s
17.8 % of CPU usage

Initiation:
100,000 ops
698,876,662 ns
6,988 ns/op
47.8 % of CPU usage
424 bytes per instance

Single-producer sending:
6,000,000 ops
705,815,260 ns
8,500,807 ops/s
22.7 % of CPU usage

Multi-producer sending:
6,000,000 ops
855,637,084 ns
7,012,318 ops/s
69.5 % of CPU usage

Max throughput:
12,000,000 ops
273,311,723 ns
43,905,910 ops/s
85.5 % of CPU usage

Ping latency:
1,500,000 ops
3,924,374,278 ns
2,616 ns/op
17.7 % of CPU usage

Ping throughput 10K:
2,000,000 ops
1,356,565,054 ns
1,474,311 ops/s
35.8 % of CPU usage
Tests run: 8, Failures: 0, Errors: 0, Skipped: 0, Time elapsed: 16.318 sec - in com.github.plokhotnyuk.actors.AkkaActorSpec
Running com.github.plokhotnyuk.actors.AkkaBalanceableActorSpec
Executor service type: abq-thread-pool

Enqueueing:
10,000,000 ops
258,360,798 ns
38,705,562 ops/s
16.9 % of CPU usage
48 bytes per instance

Dequeueing:
10,000,000 ops
819,354,645 ns
12,204,727 ops/s
16.8 % of CPU usage

Initiation:
100,000 ops
655,926,044 ns
6,559 ns/op
47.6 % of CPU usage
424 bytes per instance

Single-producer sending:
6,000,000 ops
597,030,302 ns
10,049,741 ops/s
23.2 % of CPU usage

Multi-producer sending:
6,000,000 ops
873,455,619 ns
6,869,267 ops/s
72.3 % of CPU usage

Max throughput:
12,000,000 ops
253,260,979 ns
47,381,953 ops/s
84.9 % of CPU usage

Ping latency:
1,500,000 ops
3,610,611,313 ns
2,407 ns/op
17.5 % of CPU usage

Ping throughput 10K:
2,000,000 ops
1,206,271,748 ns
1,658,001 ops/s
36.6 % of CPU usage
Tests run: 8, Failures: 0, Errors: 0, Skipped: 0, Time elapsed: 15.637 sec - in com.github.plokhotnyuk.actors.AkkaBalanceableActorSpec
Running com.github.plokhotnyuk.actors.AkkaBoundedActorSpec
Executor service type: abq-thread-pool

Enqueueing:
10,000,000 ops
452,519,099 ns
22,098,514 ops/s
16.6 % of CPU usage
48 bytes per instance

Dequeueing:
10,000,000 ops
1,120,581,557 ns
8,923,937 ops/s
15.3 % of CPU usage

Initiation:
100,000 ops
663,847,489 ns
6,638 ns/op
46.9 % of CPU usage
608 bytes per instance

Single-producer sending:
6,000,000 ops
1,052,318,010 ns
5,701,698 ops/s
25.5 % of CPU usage

Multi-producer sending:
6,000,000 ops
1,045,779,478 ns
5,737,347 ops/s
35.6 % of CPU usage

Max throughput:
12,000,000 ops
353,146,656 ns
33,980,216 ops/s
89.6 % of CPU usage

Ping latency:
1,500,000 ops
4,713,182,802 ns
3,142 ns/op
17.5 % of CPU usage

Ping throughput 10K:
2,000,000 ops
1,362,547,287 ns
1,467,838 ops/s
37.6 % of CPU usage

Overflow throughput:
5,000,000 ops
429,811,840 ns
11,632,997 ops/s
13.4 % of CPU usage
Tests run: 9, Failures: 0, Errors: 0, Skipped: 0, Time elapsed: 19.204 sec - in com.github.plokhotnyuk.actors.AkkaBoundedActorSpec
Running com.github.plokhotnyuk.actors.AkkaNonBalanceableActorSpec
Executor service type: abq-thread-pool

Enqueueing:
10,000,000 ops
227,611,108 ns
43,934,586 ops/s
15.4 % of CPU usage
48 bytes per instance

Dequeueing:
10,000,000 ops
774,302,135 ns
12,914,855 ops/s
15.2 % of CPU usage

Initiation:
100,000 ops
648,864,066 ns
6,488 ns/op
50.9 % of CPU usage
424 bytes per instance

Single-producer sending:
6,000,000 ops
645,843,333 ns
9,290,178 ops/s
23.2 % of CPU usage

Multi-producer sending:
6,000,000 ops
905,890,041 ns
6,623,320 ops/s
72.4 % of CPU usage

Max throughput:
12,000,000 ops
243,425,569 ns
49,296,382 ops/s
85.2 % of CPU usage

Ping latency:
1,500,000 ops
3,329,902,044 ns
2,219 ns/op
17.8 % of CPU usage

Ping throughput 10K:
2,000,000 ops
1,246,986,851 ns
1,603,866 ops/s
35.2 % of CPU usage
Tests run: 8, Failures: 0, Errors: 0, Skipped: 0, Time elapsed: 15.188 sec - in com.github.plokhotnyuk.actors.AkkaNonBalanceableActorSpec
Running com.github.plokhotnyuk.actors.AkkaNonBlockingBoundedActorSpec
Executor service type: abq-thread-pool

Enqueueing:
10,000,000 ops
255,010,413 ns
39,214,084 ops/s
19.1 % of CPU usage
48 bytes per instance

Dequeueing:
10,000,000 ops
885,009,115 ns
11,299,318 ops/s
15.7 % of CPU usage

Initiation:
100,000 ops
714,368,520 ns
7,143 ns/op
44.4 % of CPU usage
424 bytes per instance

Single-producer sending:
6,000,000 ops
742,965,895 ns
8,075,740 ops/s
22.4 % of CPU usage

Multi-producer sending:
6,000,000 ops
995,020,869 ns
6,030,024 ops/s
79.5 % of CPU usage

Max throughput:
12,000,000 ops
257,644,726 ns
46,575,764 ops/s
83.4 % of CPU usage

Ping latency:
1,500,000 ops
4,019,617,195 ns
2,679 ns/op
17.2 % of CPU usage

Ping throughput 10K:
2,000,000 ops
1,174,042,002 ns
1,703,516 ops/s
35.3 % of CPU usage

Overflow throughput:
5,000,000 ops
370,230,769 ns
13,505,090 ops/s
15.9 % of CPU usage
Tests run: 9, Failures: 0, Errors: 0, Skipped: 0, Time elapsed: 16.803 sec - in com.github.plokhotnyuk.actors.AkkaNonBlockingBoundedActorSpec
Running com.github.plokhotnyuk.actors.LiftActorSpec
Executor service type: abq-thread-pool

Enqueueing:
10,000,000 ops
367,701,772 ns
27,195,952 ops/s
13.6 % of CPU usage
24 bytes per instance

Dequeueing:
10,000,000 ops
357,728,681 ns
27,954,146 ops/s
15.0 % of CPU usage

Initiation:
10,000,000 ops
594,279,319 ns
59 ns/op
19.1 % of CPU usage
72 bytes per instance

Single-producer sending:
6,000,000 ops
550,223,380 ns
10,904,662 ops/s
30.2 % of CPU usage

Multi-producer sending:
6,000,000 ops
633,112,507 ns
9,476,988 ops/s
38.1 % of CPU usage

Max throughput:
12,000,000 ops
384,275,971 ns
31,227,557 ops/s
93.0 % of CPU usage

Ping latency:
1,500,000 ops
4,358,549,722 ns
2,905 ns/op
20.5 % of CPU usage

Ping throughput 10K:
2,000,000 ops
981,179,785 ns
2,038,362 ops/s
43.4 % of CPU usage
Tests run: 8, Failures: 0, Errors: 0, Skipped: 0, Time elapsed: 14.387 sec - in com.github.plokhotnyuk.actors.LiftActorSpec
Running com.github.plokhotnyuk.actors.MinimalistActorSpec
Executor service type: abq-thread-pool

Enqueueing:
40,000,000 ops
667,011,200 ns
59,969,008 ops/s
13.1 % of CPU usage
24 bytes per instance

Dequeueing:
40,000,000 ops
209,001,956 ns
191,385,768 ops/s
22.7 % of CPU usage

Initiation:
2,000,000 ops
3,802,682,731 ns
1,901 ns/op
18.7 % of CPU usage
40 bytes per instance

Single-producer sending:
15,000,000 ops
240,541,597 ns
62,359,276 ops/s
34.3 % of CPU usage

Multi-producer sending:
15,000,000 ops
1,368,527,989 ns
10,960,681 ops/s
93.2 % of CPU usage

Max throughput:
30,000,000 ops
235,863,680 ns
127,192,113 ops/s
62.5 % of CPU usage

Ping latency:
3,000,000 ops
4,362,687,760 ns
1,454 ns/op
17.2 % of CPU usage

Ping throughput 10K:
6,000,000 ops
1,834,802,221 ns
3,270,107 ops/s
24.8 % of CPU usage
Tests run: 8, Failures: 0, Errors: 0, Skipped: 0, Time elapsed: 18.252 sec - in com.github.plokhotnyuk.actors.MinimalistActorSpec
Running com.github.plokhotnyuk.actors.ScalaActorSpec
Executor service type: abq-thread-pool

Enqueueing:
20,000,000 ops
430,780,620 ns
46,427,343 ops/s
13.9 % of CPU usage
23 bytes per instance

Dequeueing:
300,000 ops
1,361,912,811 ns
220,278 ops/s
27.8 % of CPU usage

Initiation:
600,000 ops
1,199,974,487 ns
1,999 ns/op
31.0 % of CPU usage
224 bytes per instance

Single-producer sending:
300,000 ops
1,540,295,473 ns
194,767 ops/s
24.8 % of CPU usage

Multi-producer sending:
300,000 ops
1,493,802,486 ns
200,829 ops/s
24.1 % of CPU usage

Max throughput:
600,000 ops
955,649,377 ns
627,845 ops/s
40.3 % of CPU usage

Ping latency:
250,000 ops
1,657,598,256 ns
6,630 ns/op
26.9 % of CPU usage

Ping throughput 10K:
400,000 ops
950,852,695 ns
420,675 ops/s
19.2 % of CPU usage
Tests run: 8, Failures: 0, Errors: 0, Skipped: 0, Time elapsed: 13.494 sec - in com.github.plokhotnyuk.actors.ScalaActorSpec
Running com.github.plokhotnyuk.actors.ScalazActorSpec
Executor service type: abq-thread-pool

Enqueueing:
40,000,000 ops
704,617,610 ns
56,768,379 ops/s
13.0 % of CPU usage
24 bytes per instance

Dequeueing:
40,000,000 ops
244,386,373 ns
163,675,247 ops/s
20.5 % of CPU usage

Initiation:
10,000,000 ops
280,355,429 ns
28 ns/op
28.5 % of CPU usage
104 bytes per instance

Single-producer sending:
15,000,000 ops
507,336,189 ns
29,566,193 ops/s
26.6 % of CPU usage

Multi-producer sending:
15,000,000 ops
1,536,128,638 ns
9,764,807 ops/s
96.2 % of CPU usage

Max throughput:
30,000,000 ops
195,613,045 ns
153,364,004 ops/s
70.3 % of CPU usage

Ping latency:
3,000,000 ops
4,736,110,368 ns
1,578 ns/op
17.9 % of CPU usage

Ping throughput 10K:
6,000,000 ops
1,657,365,672 ns
3,620,202 ops/s
25.3 % of CPU usage
Tests run: 8, Failures: 0, Errors: 0, Skipped: 0, Time elapsed: 17.926 sec - in com.github.plokhotnyuk.actors.ScalazActorSpec

Results :

Tests run: 74, Failures: 0, Errors: 0, Skipped: 0

[INFO] ------------------------------------------------------------------------
[INFO] BUILD SUCCESS
[INFO] ------------------------------------------------------------------------
[INFO] Total time: 02:33 min
[INFO] Finished at: 2015-04-02T17:56:26+03:00
[INFO] Final Memory: 13M/213M
[INFO] ------------------------------------------------------------------------
[INFO] Scanning for projects...
[INFO]                                                                         
[INFO] ------------------------------------------------------------------------
[INFO] Building Actors 1.0-SNAPSHOT
[INFO] ------------------------------------------------------------------------
[INFO] 
[INFO] --- maven-resources-plugin:2.6:resources (default-resources) @ actors ---
[INFO] Using 'UTF-8' encoding to copy filtered resources.
[INFO] skip non existing resourceDirectory /home/andriy/Projects/com/github/plokhotnyuk/actors/src/main/resources
[INFO] 
[INFO] --- maven-resources-plugin:2.6:testResources (default-testResources) @ actors ---
[INFO] Using 'UTF-8' encoding to copy filtered resources.
[INFO] skip non existing resourceDirectory /home/andriy/Projects/com/github/plokhotnyuk/actors/src/test/resources
[INFO] 
[INFO] --- scala-maven-plugin:3.2.0:testCompile (testCompile) @ actors ---
[WARNING]  Expected all dependencies to require Scala version: 2.11.6
[WARNING]  com.github.plokhotnyuk.actors:actors:1.0-SNAPSHOT requires scala version: 2.11.6
[WARNING]  com.typesafe.akka:akka-actor_2.11:2.3.9 requires scala version: 2.11.5
[WARNING] Multiple versions of scala libraries detected!
[INFO] Nothing to compile - all classes are up to date
[INFO] 
[INFO] --- maven-surefire-plugin:2.17:test (default-test) @ actors ---
[INFO] Surefire report directory: /home/andriy/Projects/com/github/plokhotnyuk/actors/target/surefire-reports

-------------------------------------------------------
 T E S T S
-------------------------------------------------------

-------------------------------------------------------
 T E S T S
-------------------------------------------------------
Running com.github.plokhotnyuk.actors.AkkaActorSpec
Executor service type: lbq-thread-pool

Enqueueing:
10,000,000 ops
270,431,424 ns
36,977,951 ops/s
16.6 % of CPU usage
48 bytes per instance

Dequeueing:
10,000,000 ops
1,106,092,974 ns
9,040,831 ops/s
16.7 % of CPU usage

Initiation:
100,000 ops
679,625,532 ns
6,796 ns/op
45.4 % of CPU usage
424 bytes per instance

Single-producer sending:
6,000,000 ops
622,605,295 ns
9,636,924 ops/s
23.5 % of CPU usage

Multi-producer sending:
6,000,000 ops
967,090,266 ns
6,204,177 ops/s
66.0 % of CPU usage

Max throughput:
12,000,000 ops
272,001,493 ns
44,117,404 ops/s
87.8 % of CPU usage

Ping latency:
1,500,000 ops
3,928,924,864 ns
2,619 ns/op
18.1 % of CPU usage

Ping throughput 10K:
2,000,000 ops
1,239,341,470 ns
1,613,760 ops/s
39.5 % of CPU usage
Tests run: 8, Failures: 0, Errors: 0, Skipped: 0, Time elapsed: 15.993 sec - in com.github.plokhotnyuk.actors.AkkaActorSpec
Running com.github.plokhotnyuk.actors.AkkaBalanceableActorSpec
Executor service type: lbq-thread-pool

Enqueueing:
10,000,000 ops
234,781,831 ns
42,592,733 ops/s
17.6 % of CPU usage
48 bytes per instance

Dequeueing:
10,000,000 ops
866,664,989 ns
11,538,483 ops/s
15.3 % of CPU usage

Initiation:
100,000 ops
696,020,574 ns
6,960 ns/op
44.4 % of CPU usage
424 bytes per instance

Single-producer sending:
6,000,000 ops
561,670,700 ns
10,682,415 ops/s
23.8 % of CPU usage

Multi-producer sending:
6,000,000 ops
895,959,302 ns
6,696,732 ops/s
68.8 % of CPU usage

Max throughput:
12,000,000 ops
251,880,446 ns
47,641,649 ops/s
90.3 % of CPU usage

Ping latency:
1,500,000 ops
3,622,796,531 ns
2,415 ns/op
18.3 % of CPU usage

Ping throughput 10K:
2,000,000 ops
1,109,401,182 ns
1,802,774 ops/s
41.4 % of CPU usage
Tests run: 8, Failures: 0, Errors: 0, Skipped: 0, Time elapsed: 15.217 sec - in com.github.plokhotnyuk.actors.AkkaBalanceableActorSpec
Running com.github.plokhotnyuk.actors.AkkaBoundedActorSpec
Executor service type: lbq-thread-pool

Enqueueing:
10,000,000 ops
459,729,919 ns
21,751,901 ops/s
16.3 % of CPU usage
48 bytes per instance

Dequeueing:
10,000,000 ops
1,178,105,409 ns
8,488,204 ops/s
15.1 % of CPU usage

Initiation:
100,000 ops
666,147,436 ns
6,661 ns/op
46.2 % of CPU usage
608 bytes per instance

Single-producer sending:
6,000,000 ops
1,094,937,412 ns
5,479,765 ops/s
26.0 % of CPU usage

Multi-producer sending:
6,000,000 ops
1,262,981,186 ns
4,750,664 ops/s
32.7 % of CPU usage

Max throughput:
12,000,000 ops
371,118,792 ns
32,334,660 ops/s
93.3 % of CPU usage

Ping latency:
1,500,000 ops
3,135,121,971 ns
2,090 ns/op
18.5 % of CPU usage

Ping throughput 10K:
2,000,000 ops
1,126,628,019 ns
1,775,208 ops/s
37.5 % of CPU usage

Overflow throughput:
5,000,000 ops
415,007,719 ns
12,047,968 ops/s
16.0 % of CPU usage
Tests run: 9, Failures: 0, Errors: 0, Skipped: 0, Time elapsed: 18.169 sec - in com.github.plokhotnyuk.actors.AkkaBoundedActorSpec
Running com.github.plokhotnyuk.actors.AkkaNonBalanceableActorSpec
Executor service type: lbq-thread-pool

Enqueueing:
10,000,000 ops
224,352,333 ns
44,572,747 ops/s
15.6 % of CPU usage
48 bytes per instance

Dequeueing:
10,000,000 ops
679,788,585 ns
14,710,455 ops/s
15.8 % of CPU usage

Initiation:
100,000 ops
746,127,499 ns
7,461 ns/op
45.4 % of CPU usage
424 bytes per instance

Single-producer sending:
6,000,000 ops
606,287,947 ns
9,896,287 ops/s
23.9 % of CPU usage

Multi-producer sending:
6,000,000 ops
861,218,836 ns
6,966,870 ops/s
70.2 % of CPU usage

Max throughput:
12,000,000 ops
262,312,163 ns
45,747,020 ops/s
83.4 % of CPU usage

Ping latency:
1,500,000 ops
3,852,283,146 ns
2,568 ns/op
17.9 % of CPU usage

Ping throughput 10K:
2,000,000 ops
1,115,250,621 ns
1,793,318 ops/s
38.3 % of CPU usage
Tests run: 8, Failures: 0, Errors: 0, Skipped: 0, Time elapsed: 15.233 sec - in com.github.plokhotnyuk.actors.AkkaNonBalanceableActorSpec
Running com.github.plokhotnyuk.actors.AkkaNonBlockingBoundedActorSpec
Executor service type: lbq-thread-pool

Enqueueing:
10,000,000 ops
243,539,120 ns
41,061,165 ops/s
17.5 % of CPU usage
48 bytes per instance

Dequeueing:
10,000,000 ops
906,040,014 ns
11,037,040 ops/s
17.9 % of CPU usage

Initiation:
100,000 ops
689,065,877 ns
6,890 ns/op
45.7 % of CPU usage
424 bytes per instance

Single-producer sending:
6,000,000 ops
635,189,531 ns
9,445,999 ops/s
24.2 % of CPU usage

Multi-producer sending:
6,000,000 ops
982,177,331 ns
6,108,876 ops/s
78.3 % of CPU usage

Max throughput:
12,000,000 ops
259,361,230 ns
46,267,516 ops/s
89.6 % of CPU usage

Ping latency:
1,500,000 ops
3,376,696,108 ns
2,251 ns/op
17.9 % of CPU usage

Ping throughput 10K:
2,000,000 ops
1,086,301,964 ns
1,841,108 ops/s
41.4 % of CPU usage

Overflow throughput:
5,000,000 ops
415,812,753 ns
12,024,643 ops/s
15.9 % of CPU usage
Tests run: 9, Failures: 0, Errors: 0, Skipped: 0, Time elapsed: 16.101 sec - in com.github.plokhotnyuk.actors.AkkaNonBlockingBoundedActorSpec
Running com.github.plokhotnyuk.actors.LiftActorSpec
Executor service type: lbq-thread-pool

Enqueueing:
10,000,000 ops
379,108,593 ns
26,377,666 ops/s
13.8 % of CPU usage
24 bytes per instance

Dequeueing:
10,000,000 ops
360,830,202 ns
27,713,866 ops/s
15.2 % of CPU usage

Initiation:
10,000,000 ops
584,313,407 ns
58 ns/op
19.3 % of CPU usage
72 bytes per instance

Single-producer sending:
6,000,000 ops
683,483,492 ns
8,778,558 ops/s
28.5 % of CPU usage

Multi-producer sending:
6,000,000 ops
624,265,233 ns
9,611,299 ops/s
38.2 % of CPU usage

Max throughput:
12,000,000 ops
377,176,429 ns
31,815,349 ops/s
91.8 % of CPU usage

Ping latency:
1,500,000 ops
3,047,323,677 ns
2,031 ns/op
23.2 % of CPU usage

Ping throughput 10K:
2,000,000 ops
964,662,880 ns
2,073,263 ops/s
34.9 % of CPU usage
Tests run: 8, Failures: 0, Errors: 0, Skipped: 0, Time elapsed: 13.009 sec - in com.github.plokhotnyuk.actors.LiftActorSpec
Running com.github.plokhotnyuk.actors.MinimalistActorSpec
Executor service type: lbq-thread-pool

Enqueueing:
40,000,000 ops
628,901,051 ns
63,603,010 ops/s
12.9 % of CPU usage
24 bytes per instance

Dequeueing:
40,000,000 ops
223,673,942 ns
178,831,738 ops/s
20.7 % of CPU usage

Initiation:
2,000,000 ops
720,775,349 ns
360 ns/op
38.8 % of CPU usage
46 bytes per instance

Single-producer sending:
15,000,000 ops
210,534,046 ns
71,247,383 ops/s
32.7 % of CPU usage

Multi-producer sending:
15,000,000 ops
1,352,218,620 ns
11,092,880 ops/s
94.3 % of CPU usage

Max throughput:
30,000,000 ops
187,225,431 ns
160,234,642 ops/s
84.1 % of CPU usage

Ping latency:
3,000,000 ops
808,716,310 ns
269 ns/op
24.1 % of CPU usage

Ping throughput 10K:
6,000,000 ops
2,251,449,562 ns
2,664,949 ops/s
25.8 % of CPU usage
Tests run: 8, Failures: 0, Errors: 0, Skipped: 0, Time elapsed: 11.922 sec - in com.github.plokhotnyuk.actors.MinimalistActorSpec
Running com.github.plokhotnyuk.actors.ScalaActorSpec
Executor service type: lbq-thread-pool

Enqueueing:
20,000,000 ops
438,286,532 ns
45,632,248 ops/s
14.0 % of CPU usage
23 bytes per instance

Dequeueing:
300,000 ops
1,016,456,243 ns
295,143 ops/s
33.2 % of CPU usage

Initiation:
600,000 ops
339,196,894 ns
565 ns/op
52.7 % of CPU usage
269 bytes per instance

Single-producer sending:
300,000 ops
1,014,856,069 ns
295,608 ops/s
30.1 % of CPU usage

Multi-producer sending:
300,000 ops
1,080,789,654 ns
277,574 ops/s
28.3 % of CPU usage

Max throughput:
600,000 ops
955,556,169 ns
627,906 ops/s
22.1 % of CPU usage

Ping latency:
250,000 ops
1,096,683,412 ns
4,386 ns/op
32.1 % of CPU usage

Ping throughput 10K:
400,000 ops
968,988,540 ns
412,801 ops/s
18.1 % of CPU usage
Tests run: 8, Failures: 0, Errors: 0, Skipped: 0, Time elapsed: 10.909 sec - in com.github.plokhotnyuk.actors.ScalaActorSpec
Running com.github.plokhotnyuk.actors.ScalazActorSpec
Executor service type: lbq-thread-pool

Enqueueing:
40,000,000 ops
713,789,516 ns
56,038,928 ops/s
13.0 % of CPU usage
24 bytes per instance

Dequeueing:
40,000,000 ops
355,286,806 ns
112,585,098 ops/s
20.8 % of CPU usage

Initiation:
10,000,000 ops
274,407,612 ns
27 ns/op
27.8 % of CPU usage
104 bytes per instance

Single-producer sending:
15,000,000 ops
522,264,036 ns
28,721,104 ops/s
27.3 % of CPU usage

Multi-producer sending:
15,000,000 ops
1,498,076,628 ns
10,012,838 ops/s
96.3 % of CPU usage

Max throughput:
30,000,000 ops
180,553,940 ns
166,155,332 ops/s
85.8 % of CPU usage

Ping latency:
3,000,000 ops
720,983,990 ns
240 ns/op
24.8 % of CPU usage

Ping throughput 10K:
6,000,000 ops
2,000,036,341 ns
2,999,945 ops/s
25.4 % of CPU usage
Tests run: 8, Failures: 0, Errors: 0, Skipped: 0, Time elapsed: 14.271 sec - in com.github.plokhotnyuk.actors.ScalazActorSpec

Results :

Tests run: 74, Failures: 0, Errors: 0, Skipped: 0

[INFO] ------------------------------------------------------------------------
[INFO] BUILD SUCCESS
[INFO] ------------------------------------------------------------------------
[INFO] Total time: 02:21 min
[INFO] Finished at: 2015-04-02T17:58:48+03:00
[INFO] Final Memory: 13M/213M
[INFO] ------------------------------------------------------------------------
