[INFO] Scanning for projects...
[INFO]                                                                         
[INFO] ------------------------------------------------------------------------
[INFO] Building Actors 1.0-SNAPSHOT
[INFO] ------------------------------------------------------------------------
[INFO] 
[INFO] --- maven-clean-plugin:2.5:clean (default-clean) @ actors ---
[INFO] Deleting /home/andriy/Projects/com/github/plokhotnyuk/actors/target
[INFO] 
[INFO] --- maven-resources-plugin:2.6:resources (default-resources) @ actors ---
[INFO] Using 'UTF-8' encoding to copy filtered resources.
[INFO] skip non existing resourceDirectory /home/andriy/Projects/com/github/plokhotnyuk/actors/src/main/resources
[INFO] 
[INFO] --- maven-resources-plugin:2.6:testResources (default-testResources) @ actors ---
[INFO] Using 'UTF-8' encoding to copy filtered resources.
[INFO] skip non existing resourceDirectory /home/andriy/Projects/com/github/plokhotnyuk/actors/src/test/resources
[INFO] 
[INFO] --- scala-maven-plugin:3.2.0:testCompile (testCompile) @ actors ---
[WARNING]  Expected all dependencies to require Scala version: 2.11.6
[WARNING]  com.github.plokhotnyuk.actors:actors:1.0-SNAPSHOT requires scala version: 2.11.6
[WARNING]  com.typesafe.akka:akka-actor_2.11:2.3.9 requires scala version: 2.11.5
[WARNING] Multiple versions of scala libraries detected!
[INFO] /home/andriy/Projects/com/github/plokhotnyuk/actors/src/test/scala:-1: info: compiling
[INFO] Compiling 15 source files to /home/andriy/Projects/com/github/plokhotnyuk/actors/target/test-classes at 1427984774228
[WARNING] /home/andriy/Projects/com/github/plokhotnyuk/actors/src/test/scala/com/github/plokhotnyuk/actors/ScalaActorSpec.scala:9: warning: trait SchedulerAdapter in package actors is deprecated: Use the akka.actor package instead. For migration from the scala.actors package refer to the Actors Migration Guide.
[WARNING]   val customScheduler = new SchedulerAdapter {
[WARNING]                             ^
[WARNING] /home/andriy/Projects/com/github/plokhotnyuk/actors/src/test/scala/com/github/plokhotnyuk/actors/ScalaActorSpec.scala:66: warning: trait Actor in package actors is deprecated: Use the akka.actor package instead. For migration from the scala.actors package refer to the Actors Migration Guide.
[WARNING]     footprintedAndTimedCollect(600000)(() => new Actor {
[WARNING]                                                  ^
[WARNING] /home/andriy/Projects/com/github/plokhotnyuk/actors/src/test/scala/com/github/plokhotnyuk/actors/ScalaActorSpec.scala:139: warning: trait Actor in package actors is deprecated: Use the akka.actor package instead. For migration from the scala.actors package refer to the Actors Migration Guide.
[WARNING]   private def replayAndCountActor(l: CountDownLatch, n: Int): Actor =
[WARNING]                                                               ^
[WARNING] /home/andriy/Projects/com/github/plokhotnyuk/actors/src/test/scala/com/github/plokhotnyuk/actors/ScalaActorSpec.scala:140: warning: trait Actor in package actors is deprecated: Use the akka.actor package instead. For migration from the scala.actors package refer to the Actors Migration Guide.
[WARNING]     new Actor {
[WARNING]         ^
[WARNING] /home/andriy/Projects/com/github/plokhotnyuk/actors/src/test/scala/com/github/plokhotnyuk/actors/ScalaActorSpec.scala:154: warning: trait IScheduler in package actors is deprecated: Use the akka.actor package instead. For migration from the scala.actors package refer to the Actors Migration Guide.
[WARNING]       override def scheduler: IScheduler = customScheduler
[WARNING]                               ^
[WARNING] /home/andriy/Projects/com/github/plokhotnyuk/actors/src/test/scala/com/github/plokhotnyuk/actors/ScalaActorSpec.scala:157: warning: trait Actor in package actors is deprecated: Use the akka.actor package instead. For migration from the scala.actors package refer to the Actors Migration Guide.
[WARNING]   private def blockableCountActor(l1: CountDownLatch, l2: CountDownLatch, n: Int): Actor =
[WARNING]                                                                                    ^
[WARNING] /home/andriy/Projects/com/github/plokhotnyuk/actors/src/test/scala/com/github/plokhotnyuk/actors/ScalaActorSpec.scala:158: warning: trait Actor in package actors is deprecated: Use the akka.actor package instead. For migration from the scala.actors package refer to the Actors Migration Guide.
[WARNING]     new Actor {
[WARNING]         ^
[WARNING] /home/andriy/Projects/com/github/plokhotnyuk/actors/src/test/scala/com/github/plokhotnyuk/actors/ScalaActorSpec.scala:177: warning: trait IScheduler in package actors is deprecated: Use the akka.actor package instead. For migration from the scala.actors package refer to the Actors Migration Guide.
[WARNING]       override def scheduler: IScheduler = customScheduler
[WARNING]                               ^
[WARNING] /home/andriy/Projects/com/github/plokhotnyuk/actors/src/test/scala/com/github/plokhotnyuk/actors/ScalaActorSpec.scala:180: warning: trait Actor in package actors is deprecated: Use the akka.actor package instead. For migration from the scala.actors package refer to the Actors Migration Guide.
[WARNING]   private def countActor(l: CountDownLatch, n: Int): Actor =
[WARNING]                                                      ^
[WARNING] /home/andriy/Projects/com/github/plokhotnyuk/actors/src/test/scala/com/github/plokhotnyuk/actors/ScalaActorSpec.scala:181: warning: trait Actor in package actors is deprecated: Use the akka.actor package instead. For migration from the scala.actors package refer to the Actors Migration Guide.
[WARNING]     new Actor {
[WARNING]         ^
[WARNING] /home/andriy/Projects/com/github/plokhotnyuk/actors/src/test/scala/com/github/plokhotnyuk/actors/ScalaActorSpec.scala:194: warning: trait IScheduler in package actors is deprecated: Use the akka.actor package instead. For migration from the scala.actors package refer to the Actors Migration Guide.
[WARNING]       override def scheduler: IScheduler = customScheduler
[WARNING]                               ^
[WARNING] /home/andriy/Projects/com/github/plokhotnyuk/actors/src/test/scala/com/github/plokhotnyuk/actors/ScalaActorSpec.scala:197: warning: trait Actor in package actors is deprecated: Use the akka.actor package instead. For migration from the scala.actors package refer to the Actors Migration Guide.
[WARNING]   private def sendMessages(a: Actor, n: Int): Unit = {
[WARNING]                               ^
[WARNING] 12 warnings found
[INFO] prepare-compile in 0 s
[INFO] compile in 9 s
[INFO] ------------------------------------------------------------------------
[INFO] BUILD SUCCESS
[INFO] ------------------------------------------------------------------------
[INFO] Total time: 9.993 s
[INFO] Finished at: 2015-04-02T17:26:23+03:00
[INFO] Final Memory: 9M/150M
[INFO] ------------------------------------------------------------------------
[INFO] Scanning for projects...
[INFO]                                                                         
[INFO] ------------------------------------------------------------------------
[INFO] Building Actors 1.0-SNAPSHOT
[INFO] ------------------------------------------------------------------------
[INFO] 
[INFO] --- maven-resources-plugin:2.6:resources (default-resources) @ actors ---
[INFO] Using 'UTF-8' encoding to copy filtered resources.
[INFO] skip non existing resourceDirectory /home/andriy/Projects/com/github/plokhotnyuk/actors/src/main/resources
[INFO] 
[INFO] --- maven-resources-plugin:2.6:testResources (default-testResources) @ actors ---
[INFO] Using 'UTF-8' encoding to copy filtered resources.
[INFO] skip non existing resourceDirectory /home/andriy/Projects/com/github/plokhotnyuk/actors/src/test/resources
[INFO] 
[INFO] --- scala-maven-plugin:3.2.0:testCompile (testCompile) @ actors ---
[WARNING]  Expected all dependencies to require Scala version: 2.11.6
[WARNING]  com.github.plokhotnyuk.actors:actors:1.0-SNAPSHOT requires scala version: 2.11.6
[WARNING]  com.typesafe.akka:akka-actor_2.11:2.3.9 requires scala version: 2.11.5
[WARNING] Multiple versions of scala libraries detected!
[INFO] Nothing to compile - all classes are up to date
[INFO] 
[INFO] --- maven-surefire-plugin:2.17:test (default-test) @ actors ---
[INFO] Surefire report directory: /home/andriy/Projects/com/github/plokhotnyuk/actors/target/surefire-reports

-------------------------------------------------------
 T E S T S
-------------------------------------------------------

-------------------------------------------------------
 T E S T S
-------------------------------------------------------
Running com.github.plokhotnyuk.actors.AkkaActorSpec
Executor service type: akka-forkjoin-pool

Enqueueing:
10,000,000 ops
296,564,668 ns
33,719,458 ops/s
15.6 % of CPU usage
48 bytes per instance

Dequeueing:
10,000,000 ops
1,097,705,033 ns
9,109,915 ops/s
16.3 % of CPU usage

Initiation:
100,000 ops
622,566,242 ns
6,225 ns/op
45.4 % of CPU usage
426 bytes per instance

Single-producer sending:
6,000,000 ops
677,933,001 ns
8,850,432 ops/s
23.4 % of CPU usage

Multi-producer sending:
6,000,000 ops
804,946,575 ns
7,453,910 ops/s
75.3 % of CPU usage

Max throughput:
12,000,000 ops
334,653,824 ns
35,857,949 ops/s
90.4 % of CPU usage

Ping latency:
1,500,000 ops
464,478,108 ns
309 ns/op
99.0 % of CPU usage

Ping throughput 10K:
2,000,000 ops
214,993,953 ns
9,302,587 ops/s
91.9 % of CPU usage
Tests run: 8, Failures: 0, Errors: 0, Skipped: 0, Time elapsed: 11.591 sec - in com.github.plokhotnyuk.actors.AkkaActorSpec
Running com.github.plokhotnyuk.actors.AkkaBalanceableActorSpec
Executor service type: akka-forkjoin-pool

Enqueueing:
10,000,000 ops
253,445,276 ns
39,456,249 ops/s
16.8 % of CPU usage
48 bytes per instance

Dequeueing:
10,000,000 ops
735,978,456 ns
13,587,354 ops/s
15.3 % of CPU usage

Initiation:
100,000 ops
582,656,619 ns
5,826 ns/op
45.3 % of CPU usage
425 bytes per instance

Single-producer sending:
6,000,000 ops
635,602,584 ns
9,439,860 ops/s
23.6 % of CPU usage

Multi-producer sending:
6,000,000 ops
875,664,389 ns
6,851,940 ops/s
72.1 % of CPU usage

Max throughput:
12,000,000 ops
262,858,747 ns
45,651,895 ops/s
91.3 % of CPU usage

Ping latency:
1,500,000 ops
431,426,663 ns
287 ns/op
99.1 % of CPU usage

Ping throughput 10K:
2,000,000 ops
182,347,479 ns
10,968,070 ops/s
93.9 % of CPU usage
Tests run: 8, Failures: 0, Errors: 0, Skipped: 0, Time elapsed: 10.953 sec - in com.github.plokhotnyuk.actors.AkkaBalanceableActorSpec
Running com.github.plokhotnyuk.actors.AkkaBoundedActorSpec
Executor service type: akka-forkjoin-pool

Enqueueing:
10,000,000 ops
453,128,306 ns
22,068,804 ops/s
17.7 % of CPU usage
48 bytes per instance

Dequeueing:
10,000,000 ops
1,071,016,754 ns
9,336,922 ops/s
14.6 % of CPU usage

Initiation:
100,000 ops
619,118,515 ns
6,191 ns/op
46.0 % of CPU usage
610 bytes per instance

Single-producer sending:
6,000,000 ops
874,572,991 ns
6,860,490 ops/s
22.9 % of CPU usage

Multi-producer sending:
6,000,000 ops
964,251,583 ns
6,222,442 ops/s
36.4 % of CPU usage

Max throughput:
12,000,000 ops
381,311,622 ns
31,470,323 ops/s
92.1 % of CPU usage

Ping latency:
1,500,000 ops
539,240,171 ns
359 ns/op
99.4 % of CPU usage

Ping throughput 10K:
2,000,000 ops
224,702,832 ns
8,900,644 ops/s
96.2 % of CPU usage

Overflow throughput:
5,000,000 ops
422,885,041 ns
11,823,544 ops/s
16.6 % of CPU usage
Tests run: 9, Failures: 0, Errors: 0, Skipped: 0, Time elapsed: 13.495 sec - in com.github.plokhotnyuk.actors.AkkaBoundedActorSpec
Running com.github.plokhotnyuk.actors.AkkaNonBalanceableActorSpec
Executor service type: akka-forkjoin-pool

Enqueueing:
10,000,000 ops
233,974,337 ns
42,739,730 ops/s
16.6 % of CPU usage
48 bytes per instance

Dequeueing:
10,000,000 ops
713,578,059 ns
14,013,883 ops/s
15.8 % of CPU usage

Initiation:
100,000 ops
682,642,148 ns
6,826 ns/op
47.8 % of CPU usage
425 bytes per instance

Single-producer sending:
6,000,000 ops
548,448,166 ns
10,939,958 ops/s
21.9 % of CPU usage

Multi-producer sending:
6,000,000 ops
816,271,362 ns
7,350,496 ops/s
75.5 % of CPU usage

Max throughput:
12,000,000 ops
248,016,733 ns
48,383,832 ops/s
93.2 % of CPU usage

Ping latency:
1,500,000 ops
406,265,991 ns
270 ns/op
99.4 % of CPU usage

Ping throughput 10K:
2,000,000 ops
169,341,730 ns
11,810,437 ops/s
93.7 % of CPU usage
Tests run: 8, Failures: 0, Errors: 0, Skipped: 0, Time elapsed: 10.659 sec - in com.github.plokhotnyuk.actors.AkkaNonBalanceableActorSpec
Running com.github.plokhotnyuk.actors.AkkaNonBlockingBoundedActorSpec
Executor service type: akka-forkjoin-pool

Enqueueing:
10,000,000 ops
269,235,554 ns
37,142,197 ops/s
17.2 % of CPU usage
48 bytes per instance

Dequeueing:
10,000,000 ops
891,809,934 ns
11,213,151 ops/s
15.6 % of CPU usage

Initiation:
100,000 ops
618,236,718 ns
6,182 ns/op
47.1 % of CPU usage
426 bytes per instance

Single-producer sending:
6,000,000 ops
678,176,224 ns
8,847,257 ops/s
24.9 % of CPU usage

Multi-producer sending:
6,000,000 ops
1,057,199,748 ns
5,675,370 ops/s
84.9 % of CPU usage

Max throughput:
12,000,000 ops
263,533,900 ns
45,534,938 ops/s
91.1 % of CPU usage

Ping latency:
1,500,000 ops
419,326,808 ns
279 ns/op
98.7 % of CPU usage

Ping throughput 10K:
2,000,000 ops
195,540,171 ns
10,228,077 ops/s
96.5 % of CPU usage

Overflow throughput:
5,000,000 ops
387,986,937 ns
12,887,031 ops/s
19.7 % of CPU usage
Tests run: 9, Failures: 0, Errors: 0, Skipped: 0, Time elapsed: 11.845 sec - in com.github.plokhotnyuk.actors.AkkaNonBlockingBoundedActorSpec
Running com.github.plokhotnyuk.actors.LiftActorSpec
Executor service type: akka-forkjoin-pool

Enqueueing:
10,000,000 ops
373,504,739 ns
26,773,422 ops/s
13.7 % of CPU usage
24 bytes per instance

Dequeueing:
10,000,000 ops
393,600,497 ns
25,406,471 ops/s
15.6 % of CPU usage

Initiation:
10,000,000 ops
591,525,717 ns
59 ns/op
19.2 % of CPU usage
72 bytes per instance

Single-producer sending:
6,000,000 ops
679,131,492 ns
8,834,813 ops/s
28.7 % of CPU usage

Multi-producer sending:
6,000,000 ops
625,387,925 ns
9,594,045 ops/s
39.2 % of CPU usage

Max throughput:
12,000,000 ops
378,973,378 ns
31,664,493 ops/s
90.0 % of CPU usage

Ping latency:
1,500,000 ops
970,739,133 ns
647 ns/op
94.9 % of CPU usage

Ping throughput 10K:
2,000,000 ops
380,343,962 ns
5,258,398 ops/s
66.4 % of CPU usage
Tests run: 8, Failures: 0, Errors: 0, Skipped: 0, Time elapsed: 10.382 sec - in com.github.plokhotnyuk.actors.LiftActorSpec
Running com.github.plokhotnyuk.actors.MinimalistActorSpec
Executor service type: akka-forkjoin-pool

Enqueueing:
40,000,000 ops
657,211,070 ns
60,863,247 ops/s
12.9 % of CPU usage
24 bytes per instance

Dequeueing:
40,000,000 ops
304,429,194 ns
131,393,443 ops/s
22.6 % of CPU usage

Initiation:
2,000,000 ops
476,004,892 ns
238 ns/op
98.0 % of CPU usage
40 bytes per instance

Single-producer sending:
15,000,000 ops
201,441,732 ns
74,463,219 ops/s
34.1 % of CPU usage

Multi-producer sending:
15,000,000 ops
1,215,890,716 ns
12,336,635 ops/s
98.9 % of CPU usage

Max throughput:
30,000,000 ops
177,526,302 ns
168,989,043 ops/s
96.5 % of CPU usage

Ping latency:
3,000,000 ops
412,924,983 ns
137 ns/op
99.0 % of CPU usage

Ping throughput 10K:
6,000,000 ops
119,867,313 ns
50,055,347 ops/s
95.9 % of CPU usage
Tests run: 8, Failures: 0, Errors: 0, Skipped: 0, Time elapsed: 8.928 sec - in com.github.plokhotnyuk.actors.MinimalistActorSpec
Running com.github.plokhotnyuk.actors.ScalaActorSpec
Executor service type: akka-forkjoin-pool

Enqueueing:
20,000,000 ops
451,520,542 ns
44,294,773 ops/s
14.4 % of CPU usage
23 bytes per instance

Dequeueing:
300,000 ops
526,805,179 ns
569,470 ops/s
93.3 % of CPU usage

Initiation:
600,000 ops
674,299,121 ns
1,123 ns/op
95.7 % of CPU usage
224 bytes per instance

Single-producer sending:
300,000 ops
465,615,004 ns
644,309 ops/s
96.1 % of CPU usage

Multi-producer sending:
300,000 ops
404,087,381 ns
742,413 ops/s
95.3 % of CPU usage

Max throughput:
600,000 ops
210,583,862 ns
2,849,221 ops/s
92.0 % of CPU usage

Ping latency:
250,000 ops
444,080,446 ns
1,776 ns/op
98.2 % of CPU usage

Ping throughput 10K:
400,000 ops
217,452,859 ns
1,839,479 ops/s
98.3 % of CPU usage
Tests run: 8, Failures: 0, Errors: 0, Skipped: 0, Time elapsed: 7.269 sec - in com.github.plokhotnyuk.actors.ScalaActorSpec
Running com.github.plokhotnyuk.actors.ScalazActorSpec
Executor service type: akka-forkjoin-pool

Enqueueing:
40,000,000 ops
700,029,067 ns
57,140,484 ops/s
12.9 % of CPU usage
24 bytes per instance

Dequeueing:
40,000,000 ops
215,984,404 ns
185,198,557 ops/s
31.3 % of CPU usage

Initiation:
10,000,000 ops
260,127,154 ns
26 ns/op
26.4 % of CPU usage
104 bytes per instance

Single-producer sending:
15,000,000 ops
505,306,354 ns
29,684,962 ops/s
26.5 % of CPU usage

Multi-producer sending:
15,000,000 ops
1,236,666,353 ns
12,129,383 ops/s
98.8 % of CPU usage

Max throughput:
30,000,000 ops
212,303,732 ns
141,306,983 ops/s
97.1 % of CPU usage

Ping latency:
3,000,000 ops
472,670,833 ns
157 ns/op
98.1 % of CPU usage

Ping throughput 10K:
6,000,000 ops
120,116,680 ns
49,951,430 ops/s
88.5 % of CPU usage
Tests run: 8, Failures: 0, Errors: 0, Skipped: 0, Time elapsed: 11.52 sec - in com.github.plokhotnyuk.actors.ScalazActorSpec

Results :

Tests run: 74, Failures: 0, Errors: 0, Skipped: 0

[INFO] ------------------------------------------------------------------------
[INFO] BUILD SUCCESS
[INFO] ------------------------------------------------------------------------
[INFO] Total time: 01:46 min
[INFO] Finished at: 2015-04-02T17:28:11+03:00
[INFO] Final Memory: 16M/213M
[INFO] ------------------------------------------------------------------------
[INFO] Scanning for projects...
[INFO]                                                                         
[INFO] ------------------------------------------------------------------------
[INFO] Building Actors 1.0-SNAPSHOT
[INFO] ------------------------------------------------------------------------
[INFO] 
[INFO] --- maven-resources-plugin:2.6:resources (default-resources) @ actors ---
[INFO] Using 'UTF-8' encoding to copy filtered resources.
[INFO] skip non existing resourceDirectory /home/andriy/Projects/com/github/plokhotnyuk/actors/src/main/resources
[INFO] 
[INFO] --- maven-resources-plugin:2.6:testResources (default-testResources) @ actors ---
[INFO] Using 'UTF-8' encoding to copy filtered resources.
[INFO] skip non existing resourceDirectory /home/andriy/Projects/com/github/plokhotnyuk/actors/src/test/resources
[INFO] 
[INFO] --- scala-maven-plugin:3.2.0:testCompile (testCompile) @ actors ---
[WARNING]  Expected all dependencies to require Scala version: 2.11.6
[WARNING]  com.github.plokhotnyuk.actors:actors:1.0-SNAPSHOT requires scala version: 2.11.6
[WARNING]  com.typesafe.akka:akka-actor_2.11:2.3.9 requires scala version: 2.11.5
[WARNING] Multiple versions of scala libraries detected!
[INFO] Nothing to compile - all classes are up to date
[INFO] 
[INFO] --- maven-surefire-plugin:2.17:test (default-test) @ actors ---
[INFO] Surefire report directory: /home/andriy/Projects/com/github/plokhotnyuk/actors/target/surefire-reports

-------------------------------------------------------
 T E S T S
-------------------------------------------------------

-------------------------------------------------------
 T E S T S
-------------------------------------------------------
Running com.github.plokhotnyuk.actors.AkkaActorSpec
Executor service type: scala-forkjoin-pool

Enqueueing:
10,000,000 ops
261,879,841 ns
38,185,451 ops/s
16.7 % of CPU usage
48 bytes per instance

Dequeueing:
10,000,000 ops
1,090,983,664 ns
9,166,040 ops/s
15.9 % of CPU usage

Initiation:
100,000 ops
589,032,765 ns
5,890 ns/op
49.4 % of CPU usage
426 bytes per instance

Single-producer sending:
6,000,000 ops
667,811,157 ns
8,984,575 ops/s
24.0 % of CPU usage

Multi-producer sending:
6,000,000 ops
842,510,192 ns
7,121,575 ops/s
71.7 % of CPU usage

Max throughput:
12,000,000 ops
299,223,347 ns
40,103,822 ops/s
93.6 % of CPU usage

Ping latency:
1,500,000 ops
508,839,367 ns
339 ns/op
98.5 % of CPU usage

Ping throughput 10K:
2,000,000 ops
295,459,106 ns
6,769,126 ops/s
96.5 % of CPU usage
Tests run: 8, Failures: 0, Errors: 0, Skipped: 0, Time elapsed: 11.708 sec - in com.github.plokhotnyuk.actors.AkkaActorSpec
Running com.github.plokhotnyuk.actors.AkkaBalanceableActorSpec
Executor service type: scala-forkjoin-pool

Enqueueing:
10,000,000 ops
328,787,035 ns
30,414,824 ops/s
16.0 % of CPU usage
48 bytes per instance

Dequeueing:
10,000,000 ops
763,976,542 ns
13,089,407 ops/s
14.6 % of CPU usage

Initiation:
100,000 ops
559,546,005 ns
5,595 ns/op
47.1 % of CPU usage
426 bytes per instance

Single-producer sending:
6,000,000 ops
423,865,827 ns
14,155,422 ops/s
20.1 % of CPU usage

Multi-producer sending:
6,000,000 ops
839,137,113 ns
7,150,202 ops/s
72.8 % of CPU usage

Max throughput:
12,000,000 ops
272,898,099 ns
43,972,457 ops/s
93.4 % of CPU usage

Ping latency:
1,500,000 ops
472,661,419 ns
315 ns/op
98.9 % of CPU usage

Ping throughput 10K:
2,000,000 ops
292,397,433 ns
6,840,005 ops/s
95.8 % of CPU usage
Tests run: 8, Failures: 0, Errors: 0, Skipped: 0, Time elapsed: 11.405 sec - in com.github.plokhotnyuk.actors.AkkaBalanceableActorSpec
Running com.github.plokhotnyuk.actors.AkkaBoundedActorSpec
Executor service type: scala-forkjoin-pool

Enqueueing:
10,000,000 ops
439,830,957 ns
22,736,007 ops/s
15.9 % of CPU usage
48 bytes per instance

Dequeueing:
10,000,000 ops
1,270,226,156 ns
7,872,613 ops/s
14.1 % of CPU usage

Initiation:
100,000 ops
617,323,795 ns
6,173 ns/op
48.4 % of CPU usage
610 bytes per instance

Single-producer sending:
6,000,000 ops
1,085,080,664 ns
5,529,542 ops/s
24.4 % of CPU usage

Multi-producer sending:
6,000,000 ops
938,870,523 ns
6,390,657 ops/s
36.6 % of CPU usage

Max throughput:
12,000,000 ops
356,782,730 ns
33,633,914 ops/s
93.2 % of CPU usage

Ping latency:
1,500,000 ops
558,152,770 ns
372 ns/op
99.4 % of CPU usage

Ping throughput 10K:
2,000,000 ops
316,761,587 ns
6,313,896 ops/s
95.1 % of CPU usage

Overflow throughput:
5,000,000 ops
411,282,986 ns
12,157,079 ops/s
15.8 % of CPU usage
Tests run: 9, Failures: 0, Errors: 0, Skipped: 0, Time elapsed: 13.824 sec - in com.github.plokhotnyuk.actors.AkkaBoundedActorSpec
Running com.github.plokhotnyuk.actors.AkkaNonBalanceableActorSpec
Executor service type: scala-forkjoin-pool

Enqueueing:
10,000,000 ops
235,779,426 ns
42,412,521 ops/s
18.0 % of CPU usage
48 bytes per instance

Dequeueing:
10,000,000 ops
916,994,383 ns
10,905,192 ops/s
15.4 % of CPU usage

Initiation:
100,000 ops
699,648,442 ns
6,996 ns/op
46.6 % of CPU usage
426 bytes per instance

Single-producer sending:
6,000,000 ops
587,361,359 ns
10,215,176 ops/s
25.5 % of CPU usage

Multi-producer sending:
6,000,000 ops
762,028,828 ns
7,873,717 ops/s
70.4 % of CPU usage

Max throughput:
12,000,000 ops
253,501,981 ns
47,336,908 ops/s
88.8 % of CPU usage

Ping latency:
1,500,000 ops
447,754,297 ns
298 ns/op
99.1 % of CPU usage

Ping throughput 10K:
2,000,000 ops
313,247,397 ns
6,384,729 ops/s
97.8 % of CPU usage
Tests run: 8, Failures: 0, Errors: 0, Skipped: 0, Time elapsed: 11.187 sec - in com.github.plokhotnyuk.actors.AkkaNonBalanceableActorSpec
Running com.github.plokhotnyuk.actors.AkkaNonBlockingBoundedActorSpec
Executor service type: scala-forkjoin-pool

Enqueueing:
10,000,000 ops
239,409,868 ns
41,769,372 ops/s
15.7 % of CPU usage
48 bytes per instance

Dequeueing:
10,000,000 ops
865,104,010 ns
11,559,303 ops/s
15.6 % of CPU usage

Initiation:
100,000 ops
617,631,030 ns
6,176 ns/op
46.1 % of CPU usage
426 bytes per instance

Single-producer sending:
6,000,000 ops
427,831,759 ns
14,024,204 ops/s
21.9 % of CPU usage

Multi-producer sending:
6,000,000 ops
989,297,500 ns
6,064,909 ops/s
87.1 % of CPU usage

Max throughput:
12,000,000 ops
269,106,247 ns
44,592,052 ops/s
88.7 % of CPU usage

Ping latency:
1,500,000 ops
499,960,420 ns
333 ns/op
98.8 % of CPU usage

Ping throughput 10K:
2,000,000 ops
307,877,447 ns
6,496,091 ops/s
95.0 % of CPU usage

Overflow throughput:
5,000,000 ops
365,348,238 ns
13,685,573 ops/s
14.7 % of CPU usage
Tests run: 9, Failures: 0, Errors: 0, Skipped: 0, Time elapsed: 12.098 sec - in com.github.plokhotnyuk.actors.AkkaNonBlockingBoundedActorSpec
Running com.github.plokhotnyuk.actors.LiftActorSpec
Executor service type: scala-forkjoin-pool

Enqueueing:
10,000,000 ops
392,334,864 ns
25,488,430 ops/s
13.7 % of CPU usage
24 bytes per instance

Dequeueing:
10,000,000 ops
435,853,397 ns
22,943,494 ops/s
13.8 % of CPU usage

Initiation:
10,000,000 ops
600,108,556 ns
60 ns/op
19.4 % of CPU usage
72 bytes per instance

Single-producer sending:
6,000,000 ops
600,855,682 ns
9,985,758 ops/s
29.5 % of CPU usage

Multi-producer sending:
6,000,000 ops
634,913,465 ns
9,450,106 ops/s
39.2 % of CPU usage

Max throughput:
12,000,000 ops
415,340,982 ns
28,891,923 ops/s
90.6 % of CPU usage

Ping latency:
1,500,000 ops
965,472,875 ns
643 ns/op
93.0 % of CPU usage

Ping throughput 10K:
2,000,000 ops
397,247,336 ns
5,034,646 ops/s
65.1 % of CPU usage
Tests run: 8, Failures: 0, Errors: 0, Skipped: 0, Time elapsed: 10.758 sec - in com.github.plokhotnyuk.actors.LiftActorSpec
Running com.github.plokhotnyuk.actors.MinimalistActorSpec
Executor service type: scala-forkjoin-pool

Enqueueing:
40,000,000 ops
650,515,542 ns
61,489,691 ops/s
12.9 % of CPU usage
24 bytes per instance

Dequeueing:
40,000,000 ops
132,017,438 ns
302,990,276 ops/s
33.1 % of CPU usage

Initiation:
2,000,000 ops
362,808,888 ns
181 ns/op
96.8 % of CPU usage
40 bytes per instance

Single-producer sending:
15,000,000 ops
204,373,161 ns
73,395,155 ops/s
32.4 % of CPU usage

Multi-producer sending:
15,000,000 ops
1,212,106,144 ns
12,375,153 ops/s
97.7 % of CPU usage

Max throughput:
30,000,000 ops
183,244,941 ns
163,715,297 ops/s
93.5 % of CPU usage

Ping latency:
3,000,000 ops
394,385,612 ns
131 ns/op
95.7 % of CPU usage

Ping throughput 10K:
6,000,000 ops
102,175,543 ns
58,722,467 ops/s
95.4 % of CPU usage
Tests run: 8, Failures: 0, Errors: 0, Skipped: 0, Time elapsed: 8.569 sec - in com.github.plokhotnyuk.actors.MinimalistActorSpec
Running com.github.plokhotnyuk.actors.ScalaActorSpec
Executor service type: scala-forkjoin-pool

Enqueueing:
20,000,000 ops
409,185,523 ns
48,877,584 ops/s
14.1 % of CPU usage
23 bytes per instance

Dequeueing:
300,000 ops
518,013,636 ns
579,135 ops/s
93.9 % of CPU usage

Initiation:
600,000 ops
602,915,774 ns
1,004 ns/op
94.5 % of CPU usage
224 bytes per instance

Single-producer sending:
300,000 ops
518,281,933 ns
578,835 ops/s
94.5 % of CPU usage

Multi-producer sending:
300,000 ops
432,559,640 ns
693,545 ops/s
96.2 % of CPU usage

Max throughput:
600,000 ops
352,162,624 ns
1,703,758 ops/s
96.5 % of CPU usage

Ping latency:
250,000 ops
492,285,556 ns
1,969 ns/op
96.5 % of CPU usage

Ping throughput 10K:
400,000 ops
260,222,934 ns
1,537,143 ops/s
96.1 % of CPU usage
Tests run: 8, Failures: 0, Errors: 0, Skipped: 0, Time elapsed: 7.408 sec - in com.github.plokhotnyuk.actors.ScalaActorSpec
Running com.github.plokhotnyuk.actors.ScalazActorSpec
Executor service type: scala-forkjoin-pool

Enqueueing:
40,000,000 ops
700,037,599 ns
57,139,788 ops/s
12.9 % of CPU usage
24 bytes per instance

Dequeueing:
40,000,000 ops
183,035,092 ns
218,537,328 ops/s
26.6 % of CPU usage

Initiation:
10,000,000 ops
292,214,596 ns
29 ns/op
27.4 % of CPU usage
104 bytes per instance

Single-producer sending:
15,000,000 ops
523,481,781 ns
28,654,292 ops/s
27.0 % of CPU usage

Multi-producer sending:
15,000,000 ops
1,346,821,782 ns
11,137,331 ops/s
98.4 % of CPU usage

Max throughput:
30,000,000 ops
247,788,533 ns
121,070,977 ops/s
91.3 % of CPU usage

Ping latency:
3,000,000 ops
419,091,248 ns
139 ns/op
97.5 % of CPU usage

Ping throughput 10K:
6,000,000 ops
119,513,444 ns
50,203,557 ops/s
97.3 % of CPU usage
Tests run: 8, Failures: 0, Errors: 0, Skipped: 0, Time elapsed: 11.667 sec - in com.github.plokhotnyuk.actors.ScalazActorSpec

Results :

Tests run: 74, Failures: 0, Errors: 0, Skipped: 0

[INFO] ------------------------------------------------------------------------
[INFO] BUILD SUCCESS
[INFO] ------------------------------------------------------------------------
[INFO] Total time: 01:44 min
[INFO] Finished at: 2015-04-02T17:29:56+03:00
[INFO] Final Memory: 15M/217M
[INFO] ------------------------------------------------------------------------
[INFO] Scanning for projects...
[INFO]                                                                         
[INFO] ------------------------------------------------------------------------
[INFO] Building Actors 1.0-SNAPSHOT
[INFO] ------------------------------------------------------------------------
[INFO] 
[INFO] --- maven-resources-plugin:2.6:resources (default-resources) @ actors ---
[INFO] Using 'UTF-8' encoding to copy filtered resources.
[INFO] skip non existing resourceDirectory /home/andriy/Projects/com/github/plokhotnyuk/actors/src/main/resources
[INFO] 
[INFO] --- maven-resources-plugin:2.6:testResources (default-testResources) @ actors ---
[INFO] Using 'UTF-8' encoding to copy filtered resources.
[INFO] skip non existing resourceDirectory /home/andriy/Projects/com/github/plokhotnyuk/actors/src/test/resources
[INFO] 
[INFO] --- scala-maven-plugin:3.2.0:testCompile (testCompile) @ actors ---
[WARNING]  Expected all dependencies to require Scala version: 2.11.6
[WARNING]  com.github.plokhotnyuk.actors:actors:1.0-SNAPSHOT requires scala version: 2.11.6
[WARNING]  com.typesafe.akka:akka-actor_2.11:2.3.9 requires scala version: 2.11.5
[WARNING] Multiple versions of scala libraries detected!
[INFO] Nothing to compile - all classes are up to date
[INFO] 
[INFO] --- maven-surefire-plugin:2.17:test (default-test) @ actors ---
[INFO] Surefire report directory: /home/andriy/Projects/com/github/plokhotnyuk/actors/target/surefire-reports

-------------------------------------------------------
 T E S T S
-------------------------------------------------------

-------------------------------------------------------
 T E S T S
-------------------------------------------------------
Running com.github.plokhotnyuk.actors.AkkaActorSpec
Executor service type: java-forkjoin-pool

Enqueueing:
10,000,000 ops
312,215,233 ns
32,029,186 ops/s
17.6 % of CPU usage
48 bytes per instance

Dequeueing:
10,000,000 ops
655,193,678 ns
15,262,662 ops/s
17.7 % of CPU usage

Initiation:
100,000 ops
630,543,060 ns
6,305 ns/op
39.8 % of CPU usage
426 bytes per instance

Single-producer sending:
6,000,000 ops
597,796,650 ns
10,036,857 ops/s
24.0 % of CPU usage

Multi-producer sending:
6,000,000 ops
789,840,037 ns
7,596,474 ops/s
75.3 % of CPU usage

Max throughput:
12,000,000 ops
278,009,222 ns
43,164,035 ops/s
90.8 % of CPU usage

Ping latency:
1,500,000 ops
1,274,089,317 ns
849 ns/op
40.0 % of CPU usage

Ping throughput 10K:
2,000,000 ops
256,570,565 ns
7,795,126 ops/s
93.1 % of CPU usage
Tests run: 8, Failures: 0, Errors: 0, Skipped: 0, Time elapsed: 11.47 sec - in com.github.plokhotnyuk.actors.AkkaActorSpec
Running com.github.plokhotnyuk.actors.AkkaBalanceableActorSpec
Executor service type: java-forkjoin-pool

Enqueueing:
10,000,000 ops
227,285,632 ns
43,997,501 ops/s
15.9 % of CPU usage
48 bytes per instance

Dequeueing:
10,000,000 ops
541,370,033 ns
18,471,654 ops/s
15.5 % of CPU usage

Initiation:
100,000 ops
757,307,201 ns
7,573 ns/op
36.1 % of CPU usage
426 bytes per instance

Single-producer sending:
6,000,000 ops
683,812,186 ns
8,774,339 ops/s
22.8 % of CPU usage

Multi-producer sending:
6,000,000 ops
860,337,586 ns
6,974,006 ops/s
66.3 % of CPU usage

Max throughput:
12,000,000 ops
281,149,029 ns
42,681,989 ops/s
89.8 % of CPU usage

Ping latency:
1,500,000 ops
1,174,249,377 ns
782 ns/op
40.7 % of CPU usage

Ping throughput 10K:
2,000,000 ops
223,259,047 ns
8,958,203 ops/s
96.9 % of CPU usage
Tests run: 8, Failures: 0, Errors: 0, Skipped: 0, Time elapsed: 11.102 sec - in com.github.plokhotnyuk.actors.AkkaBalanceableActorSpec
Running com.github.plokhotnyuk.actors.AkkaBoundedActorSpec
Executor service type: java-forkjoin-pool

Enqueueing:
10,000,000 ops
478,617,612 ns
20,893,506 ops/s
16.7 % of CPU usage
48 bytes per instance

Dequeueing:
10,000,000 ops
678,197,612 ns
14,744,964 ops/s
14.0 % of CPU usage

Initiation:
100,000 ops
697,793,771 ns
6,977 ns/op
39.6 % of CPU usage
610 bytes per instance

Single-producer sending:
6,000,000 ops
1,114,873,063 ns
5,381,778 ops/s
24.4 % of CPU usage

Multi-producer sending:
6,000,000 ops
1,304,799,020 ns
4,598,409 ops/s
35.7 % of CPU usage

Max throughput:
12,000,000 ops
370,451,632 ns
32,392,892 ops/s
86.4 % of CPU usage

Ping latency:
1,500,000 ops
1,336,178,250 ns
890 ns/op
39.2 % of CPU usage

Ping throughput 10K:
2,000,000 ops
298,636,718 ns
6,697,100 ops/s
97.1 % of CPU usage

Overflow throughput:
5,000,000 ops
400,158,529 ns
12,495,047 ops/s
15.3 % of CPU usage
Tests run: 9, Failures: 0, Errors: 0, Skipped: 0, Time elapsed: 14.192 sec - in com.github.plokhotnyuk.actors.AkkaBoundedActorSpec
Running com.github.plokhotnyuk.actors.AkkaNonBalanceableActorSpec
Executor service type: java-forkjoin-pool

Enqueueing:
10,000,000 ops
228,707,684 ns
43,723,935 ops/s
16.4 % of CPU usage
48 bytes per instance

Dequeueing:
10,000,000 ops
556,554,996 ns
17,967,676 ops/s
15.3 % of CPU usage

Initiation:
100,000 ops
648,362,458 ns
6,483 ns/op
41.5 % of CPU usage
425 bytes per instance

Single-producer sending:
6,000,000 ops
606,932,921 ns
9,885,771 ops/s
25.7 % of CPU usage

Multi-producer sending:
6,000,000 ops
706,978,281 ns
8,486,823 ops/s
69.5 % of CPU usage

Max throughput:
12,000,000 ops
245,187,276 ns
48,942,180 ops/s
93.8 % of CPU usage

Ping latency:
1,500,000 ops
1,186,376,456 ns
790 ns/op
40.6 % of CPU usage

Ping throughput 10K:
2,000,000 ops
211,742,837 ns
9,445,419 ops/s
94.5 % of CPU usage
Tests run: 8, Failures: 0, Errors: 0, Skipped: 0, Time elapsed: 10.916 sec - in com.github.plokhotnyuk.actors.AkkaNonBalanceableActorSpec
Running com.github.plokhotnyuk.actors.AkkaNonBlockingBoundedActorSpec
Executor service type: java-forkjoin-pool

Enqueueing:
10,000,000 ops
235,495,282 ns
42,463,695 ops/s
15.4 % of CPU usage
48 bytes per instance

Dequeueing:
10,000,000 ops
526,594,708 ns
18,989,936 ops/s
15.7 % of CPU usage

Initiation:
100,000 ops
642,336,068 ns
6,423 ns/op
38.3 % of CPU usage
426 bytes per instance

Single-producer sending:
6,000,000 ops
723,182,432 ns
8,296,661 ops/s
25.1 % of CPU usage

Multi-producer sending:
6,000,000 ops
1,042,585,102 ns
5,754,925 ops/s
80.1 % of CPU usage

Max throughput:
12,000,000 ops
261,207,970 ns
45,940,405 ops/s
90.9 % of CPU usage

Ping latency:
1,500,000 ops
1,176,683,442 ns
784 ns/op
39.8 % of CPU usage

Ping throughput 10K:
2,000,000 ops
199,671,508 ns
10,016,451 ops/s
93.9 % of CPU usage

Overflow throughput:
5,000,000 ops
359,734,973 ns
13,899,121 ops/s
15.3 % of CPU usage
Tests run: 9, Failures: 0, Errors: 0, Skipped: 0, Time elapsed: 12.478 sec - in com.github.plokhotnyuk.actors.AkkaNonBlockingBoundedActorSpec
Running com.github.plokhotnyuk.actors.LiftActorSpec
Executor service type: java-forkjoin-pool

Enqueueing:
10,000,000 ops
377,366,260 ns
26,499,454 ops/s
13.9 % of CPU usage
24 bytes per instance

Dequeueing:
10,000,000 ops
350,427,895 ns
28,536,541 ops/s
15.3 % of CPU usage

Initiation:
10,000,000 ops
605,927,495 ns
60 ns/op
18.4 % of CPU usage
72 bytes per instance

Single-producer sending:
6,000,000 ops
643,664,752 ns
9,321,622 ops/s
29.9 % of CPU usage

Multi-producer sending:
6,000,000 ops
636,428,596 ns
9,427,609 ops/s
38.5 % of CPU usage

Max throughput:
12,000,000 ops
387,276,542 ns
30,985,610 ops/s
93.0 % of CPU usage

Ping latency:
1,500,000 ops
1,840,633,260 ns
1,227 ns/op
35.2 % of CPU usage

Ping throughput 10K:
2,000,000 ops
385,181,107 ns
5,192,362 ops/s
64.6 % of CPU usage
Tests run: 8, Failures: 0, Errors: 0, Skipped: 0, Time elapsed: 11.321 sec - in com.github.plokhotnyuk.actors.LiftActorSpec
Running com.github.plokhotnyuk.actors.MinimalistActorSpec
Executor service type: java-forkjoin-pool

Enqueueing:
40,000,000 ops
639,055,581 ns
62,592,364 ops/s
12.7 % of CPU usage
24 bytes per instance

Dequeueing:
40,000,000 ops
209,801,405 ns
190,656,492 ops/s
21.4 % of CPU usage

Initiation:
2,000,000 ops
412,401,525 ns
206 ns/op
99.1 % of CPU usage
41 bytes per instance

Single-producer sending:
15,000,000 ops
190,849,263 ns
78,596,059 ops/s
34.1 % of CPU usage

Multi-producer sending:
15,000,000 ops
1,297,636,205 ns
11,559,480 ops/s
97.1 % of CPU usage

Max throughput:
30,000,000 ops
187,627,715 ns
159,891,090 ops/s
94.6 % of CPU usage

Ping latency:
3,000,000 ops
1,284,482,374 ns
428 ns/op
77.6 % of CPU usage

Ping throughput 10K:
6,000,000 ops
283,291,587 ns
21,179,591 ops/s
96.6 % of CPU usage
Tests run: 8, Failures: 0, Errors: 0, Skipped: 0, Time elapsed: 9.735 sec - in com.github.plokhotnyuk.actors.MinimalistActorSpec
Running com.github.plokhotnyuk.actors.ScalaActorSpec
Executor service type: java-forkjoin-pool

Enqueueing:
20,000,000 ops
424,051,215 ns
47,164,114 ops/s
14.1 % of CPU usage
23 bytes per instance

Dequeueing:
300,000 ops
903,990,226 ns
331,861 ops/s
56.4 % of CPU usage

Initiation:
600,000 ops
1,131,410,284 ns
1,885 ns/op
50.5 % of CPU usage
224 bytes per instance

Single-producer sending:
300,000 ops
1,042,801,116 ns
287,686 ops/s
49.6 % of CPU usage

Multi-producer sending:
300,000 ops
964,878,846 ns
310,919 ops/s
45.3 % of CPU usage

Max throughput:
600,000 ops
272,210,983 ns
2,204,172 ops/s
90.9 % of CPU usage

Ping latency:
250,000 ops
785,538,551 ns
3,142 ns/op
66.0 % of CPU usage

Ping throughput 10K:
400,000 ops
206,272,375 ns
1,939,183 ops/s
93.3 % of CPU usage
Tests run: 8, Failures: 0, Errors: 0, Skipped: 0, Time elapsed: 9.705 sec - in com.github.plokhotnyuk.actors.ScalaActorSpec
Running com.github.plokhotnyuk.actors.ScalazActorSpec
Executor service type: java-forkjoin-pool

Enqueueing:
40,000,000 ops
694,175,502 ns
57,622,315 ops/s
13.0 % of CPU usage
24 bytes per instance

Dequeueing:
40,000,000 ops
191,021,848 ns
209,400,131 ops/s
22.9 % of CPU usage

Initiation:
10,000,000 ops
260,053,594 ns
26 ns/op
27.4 % of CPU usage
104 bytes per instance

Single-producer sending:
15,000,000 ops
540,650,751 ns
27,744,343 ops/s
26.6 % of CPU usage

Multi-producer sending:
15,000,000 ops
1,324,387,834 ns
11,325,987 ops/s
96.5 % of CPU usage

Max throughput:
30,000,000 ops
201,511,129 ns
148,875,152 ops/s
89.9 % of CPU usage

Ping latency:
3,000,000 ops
1,199,326,293 ns
399 ns/op
79.3 % of CPU usage

Ping throughput 10K:
6,000,000 ops
268,345,944 ns
22,359,197 ops/s
99.2 % of CPU usage
Tests run: 8, Failures: 0, Errors: 0, Skipped: 0, Time elapsed: 12.568 sec - in com.github.plokhotnyuk.actors.ScalazActorSpec

Results :

Tests run: 74, Failures: 0, Errors: 0, Skipped: 0

[INFO] ------------------------------------------------------------------------
[INFO] BUILD SUCCESS
[INFO] ------------------------------------------------------------------------
[INFO] Total time: 01:49 min
[INFO] Finished at: 2015-04-02T17:31:46+03:00
[INFO] Final Memory: 13M/213M
[INFO] ------------------------------------------------------------------------
[INFO] Scanning for projects...
[INFO]                                                                         
[INFO] ------------------------------------------------------------------------
[INFO] Building Actors 1.0-SNAPSHOT
[INFO] ------------------------------------------------------------------------
[INFO] 
[INFO] --- maven-resources-plugin:2.6:resources (default-resources) @ actors ---
[INFO] Using 'UTF-8' encoding to copy filtered resources.
[INFO] skip non existing resourceDirectory /home/andriy/Projects/com/github/plokhotnyuk/actors/src/main/resources
[INFO] 
[INFO] --- maven-resources-plugin:2.6:testResources (default-testResources) @ actors ---
[INFO] Using 'UTF-8' encoding to copy filtered resources.
[INFO] skip non existing resourceDirectory /home/andriy/Projects/com/github/plokhotnyuk/actors/src/test/resources
[INFO] 
[INFO] --- scala-maven-plugin:3.2.0:testCompile (testCompile) @ actors ---
[WARNING]  Expected all dependencies to require Scala version: 2.11.6
[WARNING]  com.github.plokhotnyuk.actors:actors:1.0-SNAPSHOT requires scala version: 2.11.6
[WARNING]  com.typesafe.akka:akka-actor_2.11:2.3.9 requires scala version: 2.11.5
[WARNING] Multiple versions of scala libraries detected!
[INFO] Nothing to compile - all classes are up to date
[INFO] 
[INFO] --- maven-surefire-plugin:2.17:test (default-test) @ actors ---
[INFO] Surefire report directory: /home/andriy/Projects/com/github/plokhotnyuk/actors/target/surefire-reports

-------------------------------------------------------
 T E S T S
-------------------------------------------------------

-------------------------------------------------------
 T E S T S
-------------------------------------------------------
Running com.github.plokhotnyuk.actors.AkkaActorSpec
Executor service type: abq-thread-pool

Enqueueing:
10,000,000 ops
295,094,949 ns
33,887,398 ops/s
16.1 % of CPU usage
48 bytes per instance

Dequeueing:
10,000,000 ops
961,512,209 ns
10,400,283 ops/s
17.4 % of CPU usage

Initiation:
100,000 ops
701,942,245 ns
7,019 ns/op
45.6 % of CPU usage
424 bytes per instance

Single-producer sending:
6,000,000 ops
700,184,142 ns
8,569,174 ops/s
23.9 % of CPU usage

Multi-producer sending:
6,000,000 ops
885,546,498 ns
6,775,477 ops/s
68.3 % of CPU usage

Max throughput:
12,000,000 ops
285,403,193 ns
42,045,780 ops/s
95.0 % of CPU usage

Ping latency:
1,500,000 ops
3,787,312,332 ns
2,524 ns/op
17.8 % of CPU usage

Ping throughput 10K:
2,000,000 ops
1,328,064,680 ns
1,505,950 ops/s
35.1 % of CPU usage
Tests run: 8, Failures: 0, Errors: 0, Skipped: 0, Time elapsed: 16.063 sec - in com.github.plokhotnyuk.actors.AkkaActorSpec
Running com.github.plokhotnyuk.actors.AkkaBalanceableActorSpec
Executor service type: abq-thread-pool

Enqueueing:
10,000,000 ops
334,287,502 ns
29,914,369 ops/s
15.7 % of CPU usage
48 bytes per instance

Dequeueing:
10,000,000 ops
855,276,495 ns
11,692,125 ops/s
15.6 % of CPU usage

Initiation:
100,000 ops
712,954,869 ns
7,129 ns/op
47.0 % of CPU usage
424 bytes per instance

Single-producer sending:
6,000,000 ops
655,032,201 ns
9,159,855 ops/s
23.7 % of CPU usage

Multi-producer sending:
6,000,000 ops
937,704,672 ns
6,398,603 ops/s
62.0 % of CPU usage

Max throughput:
12,000,000 ops
250,730,172 ns
47,860,215 ops/s
90.7 % of CPU usage

Ping latency:
1,500,000 ops
3,149,520,171 ns
2,099 ns/op
17.7 % of CPU usage

Ping throughput 10K:
2,000,000 ops
1,244,437,532 ns
1,607,151 ops/s
35.9 % of CPU usage
Tests run: 8, Failures: 0, Errors: 0, Skipped: 0, Time elapsed: 15.147 sec - in com.github.plokhotnyuk.actors.AkkaBalanceableActorSpec
Running com.github.plokhotnyuk.actors.AkkaBoundedActorSpec
Executor service type: abq-thread-pool

Enqueueing:
10,000,000 ops
696,963,796 ns
14,347,947 ops/s
14.2 % of CPU usage
48 bytes per instance

Dequeueing:
10,000,000 ops
1,072,441,671 ns
9,324,516 ops/s
16.6 % of CPU usage

Initiation:
100,000 ops
704,780,315 ns
7,047 ns/op
47.9 % of CPU usage
608 bytes per instance

Single-producer sending:
6,000,000 ops
1,264,940,151 ns
4,743,307 ops/s
26.5 % of CPU usage

Multi-producer sending:
6,000,000 ops
1,501,638,875 ns
3,995,634 ops/s
32.1 % of CPU usage

Max throughput:
12,000,000 ops
379,727,681 ns
31,601,593 ops/s
91.2 % of CPU usage

Ping latency:
1,500,000 ops
2,575,652,873 ns
1,717 ns/op
18.8 % of CPU usage

Ping throughput 10K:
2,000,000 ops
1,452,275,482 ns
1,377,149 ops/s
33.7 % of CPU usage

Overflow throughput:
5,000,000 ops
460,293,778 ns
10,862,627 ops/s
18.2 % of CPU usage
Tests run: 9, Failures: 0, Errors: 0, Skipped: 0, Time elapsed: 18.33 sec - in com.github.plokhotnyuk.actors.AkkaBoundedActorSpec
Running com.github.plokhotnyuk.actors.AkkaNonBalanceableActorSpec
Executor service type: abq-thread-pool

Enqueueing:
10,000,000 ops
241,840,412 ns
41,349,582 ops/s
17.6 % of CPU usage
48 bytes per instance

Dequeueing:
10,000,000 ops
874,681,788 ns
11,432,729 ops/s
16.7 % of CPU usage

Initiation:
100,000 ops
673,308,877 ns
6,733 ns/op
43.8 % of CPU usage
424 bytes per instance

Single-producer sending:
6,000,000 ops
569,958,876 ns
10,527,075 ops/s
24.1 % of CPU usage

Multi-producer sending:
6,000,000 ops
825,356,036 ns
7,269,590 ops/s
73.8 % of CPU usage

Max throughput:
12,000,000 ops
287,256,431 ns
41,774,521 ops/s
59.6 % of CPU usage

Ping latency:
1,500,000 ops
2,825,921,735 ns
1,883 ns/op
17.7 % of CPU usage

Ping throughput 10K:
2,000,000 ops
1,274,808,937 ns
1,568,862 ops/s
34.8 % of CPU usage
Tests run: 8, Failures: 0, Errors: 0, Skipped: 0, Time elapsed: 14.67 sec - in com.github.plokhotnyuk.actors.AkkaNonBalanceableActorSpec
Running com.github.plokhotnyuk.actors.AkkaNonBlockingBoundedActorSpec
Executor service type: abq-thread-pool

Enqueueing:
10,000,000 ops
251,121,150 ns
39,821,416 ops/s
16.4 % of CPU usage
48 bytes per instance

Dequeueing:
10,000,000 ops
820,461,437 ns
12,188,263 ops/s
16.1 % of CPU usage

Initiation:
100,000 ops
686,706,094 ns
6,867 ns/op
45.1 % of CPU usage
424 bytes per instance

Single-producer sending:
6,000,000 ops
672,521,733 ns
8,921,644 ops/s
22.5 % of CPU usage

Multi-producer sending:
6,000,000 ops
998,825,399 ns
6,007,055 ops/s
78.2 % of CPU usage

Max throughput:
12,000,000 ops
262,421,239 ns
45,728,006 ops/s
92.9 % of CPU usage

Ping latency:
1,500,000 ops
3,050,291,188 ns
2,033 ns/op
18.2 % of CPU usage

Ping throughput 10K:
2,000,000 ops
1,303,707,313 ns
1,534,086 ops/s
35.6 % of CPU usage

Overflow throughput:
5,000,000 ops
382,814,077 ns
13,061,170 ops/s
14.0 % of CPU usage
Tests run: 9, Failures: 0, Errors: 0, Skipped: 0, Time elapsed: 15.957 sec - in com.github.plokhotnyuk.actors.AkkaNonBlockingBoundedActorSpec
Running com.github.plokhotnyuk.actors.LiftActorSpec
Executor service type: abq-thread-pool

Enqueueing:
10,000,000 ops
389,602,779 ns
25,667,168 ops/s
13.5 % of CPU usage
24 bytes per instance

Dequeueing:
10,000,000 ops
353,337,717 ns
28,301,535 ops/s
14.9 % of CPU usage

Initiation:
10,000,000 ops
602,901,606 ns
60 ns/op
19.5 % of CPU usage
72 bytes per instance

Single-producer sending:
6,000,000 ops
608,444,960 ns
9,861,204 ops/s
28.4 % of CPU usage

Multi-producer sending:
6,000,000 ops
694,965,111 ns
8,633,526 ops/s
39.4 % of CPU usage

Max throughput:
12,000,000 ops
380,609,096 ns
31,528,410 ops/s
92.0 % of CPU usage

Ping latency:
1,500,000 ops
3,339,529,611 ns
2,226 ns/op
20.7 % of CPU usage

Ping throughput 10K:
2,000,000 ops
1,212,115,944 ns
1,650,007 ops/s
43.3 % of CPU usage
Tests run: 8, Failures: 0, Errors: 0, Skipped: 0, Time elapsed: 13.727 sec - in com.github.plokhotnyuk.actors.LiftActorSpec
Running com.github.plokhotnyuk.actors.MinimalistActorSpec
Executor service type: abq-thread-pool

Enqueueing:
40,000,000 ops
624,642,694 ns
64,036,609 ops/s
12.8 % of CPU usage
24 bytes per instance

Dequeueing:
40,000,000 ops
404,395,139 ns
98,913,157 ops/s
20.7 % of CPU usage

Initiation:
2,000,000 ops
2,577,444,491 ns
1,288 ns/op
20.6 % of CPU usage
40 bytes per instance

Single-producer sending:
15,000,000 ops
203,185,210 ns
73,824,270 ops/s
33.8 % of CPU usage

Multi-producer sending:
15,000,000 ops
1,469,321,561 ns
10,208,793 ops/s
95.8 % of CPU usage

Max throughput:
30,000,000 ops
187,653,695 ns
159,868,954 ops/s
84.6 % of CPU usage

Ping latency:
3,000,000 ops
3,506,490,549 ns
1,168 ns/op
18.0 % of CPU usage

Ping throughput 10K:
6,000,000 ops
1,863,775,247 ns
3,219,272 ops/s
24.7 % of CPU usage
Tests run: 8, Failures: 0, Errors: 0, Skipped: 0, Time elapsed: 16.486 sec - in com.github.plokhotnyuk.actors.MinimalistActorSpec
Running com.github.plokhotnyuk.actors.ScalaActorSpec
Executor service type: abq-thread-pool

Enqueueing:
20,000,000 ops
610,325,435 ns
32,769,402 ops/s
13.5 % of CPU usage
24 bytes per instance

Dequeueing:
300,000 ops
1,555,121,192 ns
192,911 ops/s
27.7 % of CPU usage

Initiation:
600,000 ops
1,330,914,959 ns
2,218 ns/op
31.2 % of CPU usage
224 bytes per instance

Single-producer sending:
300,000 ops
1,678,314,448 ns
178,750 ops/s
23.7 % of CPU usage

Multi-producer sending:
300,000 ops
1,714,240,336 ns
175,004 ops/s
22.6 % of CPU usage

Max throughput:
600,000 ops
1,013,969,632 ns
591,733 ops/s
41.8 % of CPU usage

Ping latency:
250,000 ops
1,444,964,391 ns
5,779 ns/op
27.0 % of CPU usage

Ping throughput 10K:
400,000 ops
735,559,148 ns
543,803 ops/s
44.9 % of CPU usage
Tests run: 8, Failures: 0, Errors: 0, Skipped: 0, Time elapsed: 13.935 sec - in com.github.plokhotnyuk.actors.ScalaActorSpec
Running com.github.plokhotnyuk.actors.ScalazActorSpec
Executor service type: abq-thread-pool

Enqueueing:
40,000,000 ops
679,250,051 ns
58,888,475 ops/s
12.9 % of CPU usage
24 bytes per instance

Dequeueing:
40,000,000 ops
186,614,849 ns
214,345,215 ops/s
23.4 % of CPU usage

Initiation:
10,000,000 ops
284,453,154 ns
28 ns/op
27.7 % of CPU usage
104 bytes per instance

Single-producer sending:
15,000,000 ops
569,050,062 ns
26,359,719 ops/s
25.7 % of CPU usage

Multi-producer sending:
15,000,000 ops
1,587,217,249 ns
9,450,502 ops/s
97.6 % of CPU usage

Max throughput:
30,000,000 ops
187,300,968 ns
160,170,021 ops/s
82.1 % of CPU usage

Ping latency:
3,000,000 ops
2,880,434,339 ns
960 ns/op
18.4 % of CPU usage

Ping throughput 10K:
6,000,000 ops
1,592,888,238 ns
3,766,742 ops/s
26.0 % of CPU usage
Tests run: 8, Failures: 0, Errors: 0, Skipped: 0, Time elapsed: 16.011 sec - in com.github.plokhotnyuk.actors.ScalazActorSpec

Results :

Tests run: 74, Failures: 0, Errors: 0, Skipped: 0

[INFO] ------------------------------------------------------------------------
[INFO] BUILD SUCCESS
[INFO] ------------------------------------------------------------------------
[INFO] Total time: 02:29 min
[INFO] Finished at: 2015-04-02T17:34:17+03:00
[INFO] Final Memory: 14M/213M
[INFO] ------------------------------------------------------------------------
[INFO] Scanning for projects...
[INFO]                                                                         
[INFO] ------------------------------------------------------------------------
[INFO] Building Actors 1.0-SNAPSHOT
[INFO] ------------------------------------------------------------------------
[INFO] 
[INFO] --- maven-resources-plugin:2.6:resources (default-resources) @ actors ---
[INFO] Using 'UTF-8' encoding to copy filtered resources.
[INFO] skip non existing resourceDirectory /home/andriy/Projects/com/github/plokhotnyuk/actors/src/main/resources
[INFO] 
[INFO] --- maven-resources-plugin:2.6:testResources (default-testResources) @ actors ---
[INFO] Using 'UTF-8' encoding to copy filtered resources.
[INFO] skip non existing resourceDirectory /home/andriy/Projects/com/github/plokhotnyuk/actors/src/test/resources
[INFO] 
[INFO] --- scala-maven-plugin:3.2.0:testCompile (testCompile) @ actors ---
[WARNING]  Expected all dependencies to require Scala version: 2.11.6
[WARNING]  com.github.plokhotnyuk.actors:actors:1.0-SNAPSHOT requires scala version: 2.11.6
[WARNING]  com.typesafe.akka:akka-actor_2.11:2.3.9 requires scala version: 2.11.5
[WARNING] Multiple versions of scala libraries detected!
[INFO] Nothing to compile - all classes are up to date
[INFO] 
[INFO] --- maven-surefire-plugin:2.17:test (default-test) @ actors ---
[INFO] Surefire report directory: /home/andriy/Projects/com/github/plokhotnyuk/actors/target/surefire-reports

-------------------------------------------------------
 T E S T S
-------------------------------------------------------

-------------------------------------------------------
 T E S T S
-------------------------------------------------------
Running com.github.plokhotnyuk.actors.AkkaActorSpec
Executor service type: lbq-thread-pool

Enqueueing:
10,000,000 ops
267,656,390 ns
37,361,334 ops/s
19.6 % of CPU usage
48 bytes per instance

Dequeueing:
10,000,000 ops
966,510,509 ns
10,346,498 ops/s
17.1 % of CPU usage

Initiation:
100,000 ops
695,615,266 ns
6,956 ns/op
46.4 % of CPU usage
424 bytes per instance

Single-producer sending:
6,000,000 ops
579,386,591 ns
10,355,779 ops/s
23.3 % of CPU usage

Multi-producer sending:
6,000,000 ops
852,013,361 ns
7,042,143 ops/s
65.4 % of CPU usage

Max throughput:
12,000,000 ops
271,330,251 ns
44,226,546 ops/s
94.4 % of CPU usage

Ping latency:
1,500,000 ops
3,758,032,766 ns
2,505 ns/op
18.4 % of CPU usage

Ping throughput 10K:
2,000,000 ops
1,080,141,962 ns
1,851,608 ops/s
40.7 % of CPU usage
Tests run: 8, Failures: 0, Errors: 0, Skipped: 0, Time elapsed: 15.404 sec - in com.github.plokhotnyuk.actors.AkkaActorSpec
Running com.github.plokhotnyuk.actors.AkkaBalanceableActorSpec
Executor service type: lbq-thread-pool

Enqueueing:
10,000,000 ops
233,880,045 ns
42,756,961 ops/s
15.0 % of CPU usage
48 bytes per instance

Dequeueing:
10,000,000 ops
889,401,046 ns
11,243,521 ops/s
15.6 % of CPU usage

Initiation:
100,000 ops
672,323,891 ns
6,723 ns/op
46.3 % of CPU usage
424 bytes per instance

Single-producer sending:
6,000,000 ops
607,144,709 ns
9,882,322 ops/s
23.3 % of CPU usage

Multi-producer sending:
6,000,000 ops
923,568,878 ns
6,496,537 ops/s
67.9 % of CPU usage

Max throughput:
12,000,000 ops
277,675,417 ns
43,215,925 ops/s
87.8 % of CPU usage

Ping latency:
1,500,000 ops
3,510,064,392 ns
2,340 ns/op
18.0 % of CPU usage

Ping throughput 10K:
2,000,000 ops
1,153,343,396 ns
1,734,088 ops/s
40.2 % of CPU usage
Tests run: 8, Failures: 0, Errors: 0, Skipped: 0, Time elapsed: 15.281 sec - in com.github.plokhotnyuk.actors.AkkaBalanceableActorSpec
Running com.github.plokhotnyuk.actors.AkkaBoundedActorSpec
Executor service type: lbq-thread-pool

Enqueueing:
10,000,000 ops
458,953,592 ns
21,788,695 ops/s
15.5 % of CPU usage
48 bytes per instance

Dequeueing:
10,000,000 ops
1,012,233,928 ns
9,879,139 ops/s
16.4 % of CPU usage

Initiation:
100,000 ops
709,853,263 ns
7,098 ns/op
48.2 % of CPU usage
608 bytes per instance

Single-producer sending:
6,000,000 ops
1,209,079,135 ns
4,962,454 ops/s
24.9 % of CPU usage

Multi-producer sending:
6,000,000 ops
1,049,325,816 ns
5,717,957 ops/s
34.7 % of CPU usage

Max throughput:
12,000,000 ops
323,690,208 ns
37,072,483 ops/s
91.9 % of CPU usage

Ping latency:
1,500,000 ops
2,511,042,130 ns
1,674 ns/op
19.2 % of CPU usage

Ping throughput 10K:
2,000,000 ops
1,106,178,881 ns
1,808,025 ops/s
43.4 % of CPU usage

Overflow throughput:
5,000,000 ops
411,895,424 ns
12,139,003 ops/s
16.7 % of CPU usage
Tests run: 9, Failures: 0, Errors: 0, Skipped: 0, Time elapsed: 16.84 sec - in com.github.plokhotnyuk.actors.AkkaBoundedActorSpec
Running com.github.plokhotnyuk.actors.AkkaNonBalanceableActorSpec
Executor service type: lbq-thread-pool

Enqueueing:
10,000,000 ops
230,276,632 ns
43,426,030 ops/s
16.3 % of CPU usage
48 bytes per instance

Dequeueing:
10,000,000 ops
839,063,125 ns
11,918,054 ops/s
15.9 % of CPU usage

Initiation:
100,000 ops
755,704,204 ns
7,557 ns/op
48.1 % of CPU usage
424 bytes per instance

Single-producer sending:
6,000,000 ops
565,651,581 ns
10,607,236 ops/s
24.5 % of CPU usage

Multi-producer sending:
6,000,000 ops
839,258,846 ns
7,149,165 ops/s
72.5 % of CPU usage

Max throughput:
12,000,000 ops
255,880,023 ns
46,896,978 ops/s
92.3 % of CPU usage

Ping latency:
1,500,000 ops
3,346,495,601 ns
2,230 ns/op
18.2 % of CPU usage

Ping throughput 10K:
2,000,000 ops
1,105,009,525 ns
1,809,939 ops/s
40.8 % of CPU usage
Tests run: 8, Failures: 0, Errors: 0, Skipped: 0, Time elapsed: 14.887 sec - in com.github.plokhotnyuk.actors.AkkaNonBalanceableActorSpec
Running com.github.plokhotnyuk.actors.AkkaNonBlockingBoundedActorSpec
Executor service type: lbq-thread-pool

Enqueueing:
10,000,000 ops
236,645,220 ns
42,257,350 ops/s
15.8 % of CPU usage
48 bytes per instance

Dequeueing:
10,000,000 ops
929,840,635 ns
10,754,531 ops/s
17.9 % of CPU usage

Initiation:
100,000 ops
672,784,475 ns
6,727 ns/op
44.2 % of CPU usage
424 bytes per instance

Single-producer sending:
6,000,000 ops
721,301,038 ns
8,318,302 ops/s
21.5 % of CPU usage

Multi-producer sending:
6,000,000 ops
1,134,750,870 ns
5,287,504 ops/s
76.7 % of CPU usage

Max throughput:
12,000,000 ops
249,529,397 ns
48,090,526 ops/s
92.7 % of CPU usage

Ping latency:
1,500,000 ops
3,499,440,193 ns
2,332 ns/op
18.0 % of CPU usage

Ping throughput 10K:
2,000,000 ops
1,171,893,317 ns
1,706,639 ops/s
37.7 % of CPU usage

Overflow throughput:
5,000,000 ops
355,693,377 ns
14,057,051 ops/s
18.6 % of CPU usage
Tests run: 9, Failures: 0, Errors: 0, Skipped: 0, Time elapsed: 16.39 sec - in com.github.plokhotnyuk.actors.AkkaNonBlockingBoundedActorSpec
Running com.github.plokhotnyuk.actors.LiftActorSpec
Executor service type: lbq-thread-pool

Enqueueing:
10,000,000 ops
367,223,899 ns
27,231,343 ops/s
13.6 % of CPU usage
24 bytes per instance

Dequeueing:
10,000,000 ops
352,482,091 ns
28,370,235 ops/s
15.2 % of CPU usage

Initiation:
10,000,000 ops
591,382,495 ns
59 ns/op
19.2 % of CPU usage
72 bytes per instance

Single-producer sending:
6,000,000 ops
769,534,097 ns
7,796,925 ops/s
29.6 % of CPU usage

Multi-producer sending:
6,000,000 ops
678,649,742 ns
8,841,084 ops/s
38.1 % of CPU usage

Max throughput:
12,000,000 ops
382,135,738 ns
31,402,454 ops/s
89.6 % of CPU usage

Ping latency:
1,500,000 ops
3,101,796,441 ns
2,067 ns/op
21.7 % of CPU usage

Ping throughput 10K:
2,000,000 ops
920,135,766 ns
2,173,592 ops/s
40.8 % of CPU usage
Tests run: 8, Failures: 0, Errors: 0, Skipped: 0, Time elapsed: 13.114 sec - in com.github.plokhotnyuk.actors.LiftActorSpec
Running com.github.plokhotnyuk.actors.MinimalistActorSpec
Executor service type: lbq-thread-pool

Enqueueing:
40,000,000 ops
657,230,129 ns
60,861,482 ops/s
12.9 % of CPU usage
24 bytes per instance

Dequeueing:
40,000,000 ops
142,436,528 ns
280,826,839 ops/s
26.3 % of CPU usage

Initiation:
2,000,000 ops
597,758,555 ns
298 ns/op
41.0 % of CPU usage
46 bytes per instance

Single-producer sending:
15,000,000 ops
263,276,936 ns
56,974,227 ops/s
39.9 % of CPU usage

Multi-producer sending:
15,000,000 ops
1,445,964,970 ns
10,373,695 ops/s
96.7 % of CPU usage

Max throughput:
30,000,000 ops
180,143,611 ns
166,533,799 ops/s
95.1 % of CPU usage

Ping latency:
3,000,000 ops
775,872,802 ns
258 ns/op
23.8 % of CPU usage

Ping throughput 10K:
6,000,000 ops
2,226,468,173 ns
2,694,851 ops/s
25.5 % of CPU usage
Tests run: 8, Failures: 0, Errors: 0, Skipped: 0, Time elapsed: 11.844 sec - in com.github.plokhotnyuk.actors.MinimalistActorSpec
Running com.github.plokhotnyuk.actors.ScalaActorSpec
Executor service type: lbq-thread-pool

Enqueueing:
20,000,000 ops
602,819,044 ns
33,177,452 ops/s
13.7 % of CPU usage
24 bytes per instance

Dequeueing:
300,000 ops
953,332,458 ns
314,685 ops/s
32.3 % of CPU usage

Initiation:
600,000 ops
379,398,447 ns
632 ns/op
56.0 % of CPU usage
272 bytes per instance

Single-producer sending:
300,000 ops
989,051,256 ns
303,320 ops/s
31.1 % of CPU usage

Multi-producer sending:
300,000 ops
1,032,674,864 ns
290,507 ops/s
29.5 % of CPU usage

Max throughput:
600,000 ops
739,280,444 ns
811,599 ops/s
52.9 % of CPU usage

Ping latency:
250,000 ops
1,078,382,205 ns
4,313 ns/op
33.7 % of CPU usage

Ping throughput 10K:
400,000 ops
620,214,757 ns
644,937 ops/s
63.5 % of CPU usage
Tests run: 8, Failures: 0, Errors: 0, Skipped: 0, Time elapsed: 10.388 sec - in com.github.plokhotnyuk.actors.ScalaActorSpec
Running com.github.plokhotnyuk.actors.ScalazActorSpec
Executor service type: lbq-thread-pool

Enqueueing:
40,000,000 ops
669,577,904 ns
59,739,127 ops/s
12.9 % of CPU usage
24 bytes per instance

Dequeueing:
40,000,000 ops
354,368,713 ns
112,876,782 ops/s
20.8 % of CPU usage

Initiation:
10,000,000 ops
274,279,132 ns
27 ns/op
27.3 % of CPU usage
104 bytes per instance

Single-producer sending:
15,000,000 ops
524,976,590 ns
28,572,702 ops/s
26.7 % of CPU usage

Multi-producer sending:
15,000,000 ops
1,384,032,713 ns
10,837,894 ops/s
93.2 % of CPU usage

Max throughput:
30,000,000 ops
178,082,605 ns
168,461,147 ops/s
92.7 % of CPU usage

Ping latency:
3,000,000 ops
817,662,319 ns
272 ns/op
24.9 % of CPU usage

Ping throughput 10K:
6,000,000 ops
2,143,426,009 ns
2,799,256 ops/s
25.7 % of CPU usage
Tests run: 8, Failures: 0, Errors: 0, Skipped: 0, Time elapsed: 14.406 sec - in com.github.plokhotnyuk.actors.ScalazActorSpec

Results :

Tests run: 74, Failures: 0, Errors: 0, Skipped: 0

[INFO] ------------------------------------------------------------------------
[INFO] BUILD SUCCESS
[INFO] ------------------------------------------------------------------------
[INFO] Total time: 02:24 min
[INFO] Finished at: 2015-04-02T17:36:42+03:00
[INFO] Final Memory: 14M/213M
[INFO] ------------------------------------------------------------------------
