[INFO] Scanning for projects...
[INFO]                                                                         
[INFO] ------------------------------------------------------------------------
[INFO] Building Actors 1.0-SNAPSHOT
[INFO] ------------------------------------------------------------------------
[INFO] 
[INFO] --- maven-clean-plugin:2.5:clean (default-clean) @ actors ---
[INFO] Deleting /home/andriy/Projects/com/github/plokhotnyuk/actors/target
[INFO] 
[INFO] --- maven-resources-plugin:2.6:resources (default-resources) @ actors ---
[INFO] Using 'UTF-8' encoding to copy filtered resources.
[INFO] skip non existing resourceDirectory /home/andriy/Projects/com/github/plokhotnyuk/actors/src/main/resources
[INFO] 
[INFO] --- maven-resources-plugin:2.6:testResources (default-testResources) @ actors ---
[INFO] Using 'UTF-8' encoding to copy filtered resources.
[INFO] skip non existing resourceDirectory /home/andriy/Projects/com/github/plokhotnyuk/actors/src/test/resources
[INFO] 
[INFO] --- scala-maven-plugin:3.2.0:testCompile (testCompile) @ actors ---
[WARNING]  Expected all dependencies to require Scala version: 2.11.6
[WARNING]  com.github.plokhotnyuk.actors:actors:1.0-SNAPSHOT requires scala version: 2.11.6
[WARNING]  com.typesafe.akka:akka-actor_2.11:2.3.9 requires scala version: 2.11.5
[WARNING] Multiple versions of scala libraries detected!
[INFO] /home/andriy/Projects/com/github/plokhotnyuk/actors/src/test/scala:-1: info: compiling
[INFO] Compiling 15 source files to /home/andriy/Projects/com/github/plokhotnyuk/actors/target/test-classes at 1427986753721
[WARNING] /home/andriy/Projects/com/github/plokhotnyuk/actors/src/test/scala/com/github/plokhotnyuk/actors/ScalaActorSpec.scala:9: warning: trait SchedulerAdapter in package actors is deprecated: Use the akka.actor package instead. For migration from the scala.actors package refer to the Actors Migration Guide.
[WARNING]   val customScheduler = new SchedulerAdapter {
[WARNING]                             ^
[WARNING] /home/andriy/Projects/com/github/plokhotnyuk/actors/src/test/scala/com/github/plokhotnyuk/actors/ScalaActorSpec.scala:66: warning: trait Actor in package actors is deprecated: Use the akka.actor package instead. For migration from the scala.actors package refer to the Actors Migration Guide.
[WARNING]     footprintedAndTimedCollect(600000)(() => new Actor {
[WARNING]                                                  ^
[WARNING] /home/andriy/Projects/com/github/plokhotnyuk/actors/src/test/scala/com/github/plokhotnyuk/actors/ScalaActorSpec.scala:139: warning: trait Actor in package actors is deprecated: Use the akka.actor package instead. For migration from the scala.actors package refer to the Actors Migration Guide.
[WARNING]   private def replayAndCountActor(l: CountDownLatch, n: Int): Actor =
[WARNING]                                                               ^
[WARNING] /home/andriy/Projects/com/github/plokhotnyuk/actors/src/test/scala/com/github/plokhotnyuk/actors/ScalaActorSpec.scala:140: warning: trait Actor in package actors is deprecated: Use the akka.actor package instead. For migration from the scala.actors package refer to the Actors Migration Guide.
[WARNING]     new Actor {
[WARNING]         ^
[WARNING] /home/andriy/Projects/com/github/plokhotnyuk/actors/src/test/scala/com/github/plokhotnyuk/actors/ScalaActorSpec.scala:154: warning: trait IScheduler in package actors is deprecated: Use the akka.actor package instead. For migration from the scala.actors package refer to the Actors Migration Guide.
[WARNING]       override def scheduler: IScheduler = customScheduler
[WARNING]                               ^
[WARNING] /home/andriy/Projects/com/github/plokhotnyuk/actors/src/test/scala/com/github/plokhotnyuk/actors/ScalaActorSpec.scala:157: warning: trait Actor in package actors is deprecated: Use the akka.actor package instead. For migration from the scala.actors package refer to the Actors Migration Guide.
[WARNING]   private def blockableCountActor(l1: CountDownLatch, l2: CountDownLatch, n: Int): Actor =
[WARNING]                                                                                    ^
[WARNING] /home/andriy/Projects/com/github/plokhotnyuk/actors/src/test/scala/com/github/plokhotnyuk/actors/ScalaActorSpec.scala:158: warning: trait Actor in package actors is deprecated: Use the akka.actor package instead. For migration from the scala.actors package refer to the Actors Migration Guide.
[WARNING]     new Actor {
[WARNING]         ^
[WARNING] /home/andriy/Projects/com/github/plokhotnyuk/actors/src/test/scala/com/github/plokhotnyuk/actors/ScalaActorSpec.scala:177: warning: trait IScheduler in package actors is deprecated: Use the akka.actor package instead. For migration from the scala.actors package refer to the Actors Migration Guide.
[WARNING]       override def scheduler: IScheduler = customScheduler
[WARNING]                               ^
[WARNING] /home/andriy/Projects/com/github/plokhotnyuk/actors/src/test/scala/com/github/plokhotnyuk/actors/ScalaActorSpec.scala:180: warning: trait Actor in package actors is deprecated: Use the akka.actor package instead. For migration from the scala.actors package refer to the Actors Migration Guide.
[WARNING]   private def countActor(l: CountDownLatch, n: Int): Actor =
[WARNING]                                                      ^
[WARNING] /home/andriy/Projects/com/github/plokhotnyuk/actors/src/test/scala/com/github/plokhotnyuk/actors/ScalaActorSpec.scala:181: warning: trait Actor in package actors is deprecated: Use the akka.actor package instead. For migration from the scala.actors package refer to the Actors Migration Guide.
[WARNING]     new Actor {
[WARNING]         ^
[WARNING] /home/andriy/Projects/com/github/plokhotnyuk/actors/src/test/scala/com/github/plokhotnyuk/actors/ScalaActorSpec.scala:194: warning: trait IScheduler in package actors is deprecated: Use the akka.actor package instead. For migration from the scala.actors package refer to the Actors Migration Guide.
[WARNING]       override def scheduler: IScheduler = customScheduler
[WARNING]                               ^
[WARNING] /home/andriy/Projects/com/github/plokhotnyuk/actors/src/test/scala/com/github/plokhotnyuk/actors/ScalaActorSpec.scala:197: warning: trait Actor in package actors is deprecated: Use the akka.actor package instead. For migration from the scala.actors package refer to the Actors Migration Guide.
[WARNING]   private def sendMessages(a: Actor, n: Int): Unit = {
[WARNING]                               ^
[WARNING] 12 warnings found
[INFO] prepare-compile in 0 s
[INFO] compile in 8 s
[INFO] ------------------------------------------------------------------------
[INFO] BUILD SUCCESS
[INFO] ------------------------------------------------------------------------
[INFO] Total time: 9.091 s
[INFO] Finished at: 2015-04-02T17:59:21+03:00
[INFO] Final Memory: 11M/213M
[INFO] ------------------------------------------------------------------------
[INFO] Scanning for projects...
[INFO]                                                                         
[INFO] ------------------------------------------------------------------------
[INFO] Building Actors 1.0-SNAPSHOT
[INFO] ------------------------------------------------------------------------
[INFO] 
[INFO] --- maven-resources-plugin:2.6:resources (default-resources) @ actors ---
[INFO] Using 'UTF-8' encoding to copy filtered resources.
[INFO] skip non existing resourceDirectory /home/andriy/Projects/com/github/plokhotnyuk/actors/src/main/resources
[INFO] 
[INFO] --- maven-resources-plugin:2.6:testResources (default-testResources) @ actors ---
[INFO] Using 'UTF-8' encoding to copy filtered resources.
[INFO] skip non existing resourceDirectory /home/andriy/Projects/com/github/plokhotnyuk/actors/src/test/resources
[INFO] 
[INFO] --- scala-maven-plugin:3.2.0:testCompile (testCompile) @ actors ---
[WARNING]  Expected all dependencies to require Scala version: 2.11.6
[WARNING]  com.github.plokhotnyuk.actors:actors:1.0-SNAPSHOT requires scala version: 2.11.6
[WARNING]  com.typesafe.akka:akka-actor_2.11:2.3.9 requires scala version: 2.11.5
[WARNING] Multiple versions of scala libraries detected!
[INFO] Nothing to compile - all classes are up to date
[INFO] 
[INFO] --- maven-surefire-plugin:2.17:test (default-test) @ actors ---
[INFO] Surefire report directory: /home/andriy/Projects/com/github/plokhotnyuk/actors/target/surefire-reports

-------------------------------------------------------
 T E S T S
-------------------------------------------------------

-------------------------------------------------------
 T E S T S
-------------------------------------------------------
Running com.github.plokhotnyuk.actors.AkkaActorSpec
Executor service type: akka-forkjoin-pool

Enqueueing:
10,000,000 ops
271,409,442 ns
36,844,701 ops/s
17.0 % of CPU usage
48 bytes per instance

Dequeueing:
10,000,000 ops
1,056,052,244 ns
9,469,228 ops/s
16.1 % of CPU usage

Initiation:
100,000 ops
599,473,272 ns
5,994 ns/op
45.5 % of CPU usage
456 bytes per instance

Single-producer sending:
6,000,000 ops
678,074,103 ns
8,848,590 ops/s
24.0 % of CPU usage

Multi-producer sending:
6,000,000 ops
868,005,486 ns
6,912,398 ops/s
69.0 % of CPU usage

Max throughput:
12,000,000 ops
355,698,039 ns
33,736,480 ops/s
82.2 % of CPU usage

Ping latency:
1,500,000 ops
967,375,578 ns
644 ns/op
81.1 % of CPU usage

Ping throughput 10K:
2,000,000 ops
321,564,005 ns
6,219,601 ops/s
98.7 % of CPU usage
Tests run: 8, Failures: 0, Errors: 0, Skipped: 0, Time elapsed: 12.106 sec - in com.github.plokhotnyuk.actors.AkkaActorSpec
Running com.github.plokhotnyuk.actors.AkkaBalanceableActorSpec
Executor service type: akka-forkjoin-pool

Enqueueing:
10,000,000 ops
253,520,940 ns
39,444,473 ops/s
16.3 % of CPU usage
48 bytes per instance

Dequeueing:
10,000,000 ops
866,602,426 ns
11,539,316 ops/s
15.3 % of CPU usage

Initiation:
100,000 ops
703,437,120 ns
7,034 ns/op
42.5 % of CPU usage
428 bytes per instance

Single-producer sending:
6,000,000 ops
615,993,764 ns
9,740,358 ops/s
24.6 % of CPU usage

Multi-producer sending:
6,000,000 ops
830,940,781 ns
7,220,731 ops/s
74.8 % of CPU usage

Max throughput:
12,000,000 ops
341,477,642 ns
35,141,392 ops/s
83.1 % of CPU usage

Ping latency:
1,500,000 ops
932,854,195 ns
621 ns/op
86.3 % of CPU usage

Ping throughput 10K:
2,000,000 ops
301,967,718 ns
6,623,224 ops/s
98.5 % of CPU usage
Tests run: 8, Failures: 0, Errors: 0, Skipped: 0, Time elapsed: 11.76 sec - in com.github.plokhotnyuk.actors.AkkaBalanceableActorSpec
Running com.github.plokhotnyuk.actors.AkkaBoundedActorSpec
Executor service type: akka-forkjoin-pool

Enqueueing:
10,000,000 ops
613,489,143 ns
16,300,206 ops/s
14.9 % of CPU usage
48 bytes per instance

Dequeueing:
10,000,000 ops
887,894,629 ns
11,262,597 ops/s
14.5 % of CPU usage

Initiation:
100,000 ops
908,831,336 ns
9,088 ns/op
59.7 % of CPU usage
640 bytes per instance

Single-producer sending:
6,000,000 ops
1,173,887,962 ns
5,111,220 ops/s
24.4 % of CPU usage

Multi-producer sending:
6,000,000 ops
966,659,169 ns
6,206,944 ops/s
31.0 % of CPU usage

Max throughput:
12,000,000 ops
996,897,468 ns
12,037,346 ops/s
94.0 % of CPU usage

Ping latency:
1,500,000 ops
994,705,736 ns
663 ns/op
75.7 % of CPU usage

Ping throughput 10K:
2,000,000 ops
332,484,725 ns
6,015,313 ops/s
99.6 % of CPU usage

Overflow throughput:
5,000,000 ops
483,910,965 ns
10,332,479 ops/s
19.6 % of CPU usage
Tests run: 9, Failures: 0, Errors: 0, Skipped: 0, Time elapsed: 15.824 sec - in com.github.plokhotnyuk.actors.AkkaBoundedActorSpec
Running com.github.plokhotnyuk.actors.AkkaNonBalanceableActorSpec
Executor service type: akka-forkjoin-pool

Enqueueing:
10,000,000 ops
232,074,788 ns
43,089,557 ops/s
16.2 % of CPU usage
48 bytes per instance

Dequeueing:
10,000,000 ops
753,715,968 ns
13,267,597 ops/s
14.9 % of CPU usage

Initiation:
100,000 ops
638,018,270 ns
6,380 ns/op
45.6 % of CPU usage
427 bytes per instance

Single-producer sending:
6,000,000 ops
569,736,751 ns
10,531,179 ops/s
23.9 % of CPU usage

Multi-producer sending:
6,000,000 ops
836,141,454 ns
7,175,819 ops/s
75.6 % of CPU usage

Max throughput:
12,000,000 ops
386,306,286 ns
31,063,434 ops/s
76.4 % of CPU usage

Ping latency:
1,500,000 ops
879,295,724 ns
586 ns/op
85.3 % of CPU usage

Ping throughput 10K:
2,000,000 ops
311,738,107 ns
6,415,641 ops/s
99.8 % of CPU usage
Tests run: 8, Failures: 0, Errors: 0, Skipped: 0, Time elapsed: 11.249 sec - in com.github.plokhotnyuk.actors.AkkaNonBalanceableActorSpec
Running com.github.plokhotnyuk.actors.AkkaNonBlockingBoundedActorSpec
Executor service type: akka-forkjoin-pool

Enqueueing:
10,000,000 ops
239,761,929 ns
41,708,039 ops/s
16.2 % of CPU usage
48 bytes per instance

Dequeueing:
10,000,000 ops
894,052,428 ns
11,185,026 ops/s
15.5 % of CPU usage

Initiation:
100,000 ops
658,893,306 ns
6,588 ns/op
44.8 % of CPU usage
456 bytes per instance

Single-producer sending:
6,000,000 ops
655,279,760 ns
9,156,394 ops/s
22.9 % of CPU usage

Multi-producer sending:
6,000,000 ops
1,066,312,337 ns
5,626,869 ops/s
76.0 % of CPU usage

Max throughput:
12,000,000 ops
329,643,123 ns
36,403,004 ops/s
87.2 % of CPU usage

Ping latency:
1,500,000 ops
893,033,179 ns
595 ns/op
81.9 % of CPU usage

Ping throughput 10K:
2,000,000 ops
278,527,373 ns
7,180,622 ops/s
99.6 % of CPU usage

Overflow throughput:
5,000,000 ops
421,783,518 ns
11,854,422 ops/s
25.5 % of CPU usage
Tests run: 9, Failures: 0, Errors: 0, Skipped: 0, Time elapsed: 12.783 sec - in com.github.plokhotnyuk.actors.AkkaNonBlockingBoundedActorSpec
Running com.github.plokhotnyuk.actors.LiftActorSpec
Executor service type: akka-forkjoin-pool

Enqueueing:
10,000,000 ops
386,830,557 ns
25,851,111 ops/s
13.6 % of CPU usage
24 bytes per instance

Dequeueing:
10,000,000 ops
358,815,569 ns
27,869,470 ops/s
15.7 % of CPU usage

Initiation:
10,000,000 ops
569,594,244 ns
56 ns/op
18.4 % of CPU usage
72 bytes per instance

Single-producer sending:
6,000,000 ops
667,058,150 ns
8,994,718 ops/s
30.5 % of CPU usage

Multi-producer sending:
6,000,000 ops
625,169,949 ns
9,597,390 ops/s
38.4 % of CPU usage

Max throughput:
12,000,000 ops
384,156,463 ns
31,237,272 ops/s
89.5 % of CPU usage

Ping latency:
1,500,000 ops
1,337,828,536 ns
891 ns/op
54.9 % of CPU usage

Ping throughput 10K:
2,000,000 ops
2,409,082,147 ns
830,191 ops/s
87.0 % of CPU usage
Tests run: 8, Failures: 0, Errors: 0, Skipped: 0, Time elapsed: 12.793 sec - in com.github.plokhotnyuk.actors.LiftActorSpec
Running com.github.plokhotnyuk.actors.MinimalistActorSpec
Executor service type: akka-forkjoin-pool

Enqueueing:
40,000,000 ops
618,790,898 ns
64,642,191 ops/s
12.9 % of CPU usage
24 bytes per instance

Dequeueing:
40,000,000 ops
131,375,850 ns
304,469,961 ops/s
25.7 % of CPU usage

Initiation:
2,000,000 ops
314,382,368 ns
157 ns/op
93.0 % of CPU usage
42 bytes per instance

Single-producer sending:
15,000,000 ops
196,301,760 ns
76,412,967 ops/s
32.5 % of CPU usage

Multi-producer sending:
15,000,000 ops
794,981,967 ns
18,868,352 ops/s
96.7 % of CPU usage

Max throughput:
30,000,000 ops
199,179,181 ns
150,618,151 ops/s
88.5 % of CPU usage

Ping latency:
3,000,000 ops
507,713,741 ns
169 ns/op
99.7 % of CPU usage

Ping throughput 10K:
6,000,000 ops
191,426,559 ns
31,343,613 ops/s
98.6 % of CPU usage
Tests run: 8, Failures: 0, Errors: 0, Skipped: 0, Time elapsed: 8.265 sec - in com.github.plokhotnyuk.actors.MinimalistActorSpec
Running com.github.plokhotnyuk.actors.ScalaActorSpec
Executor service type: akka-forkjoin-pool

Enqueueing:
20,000,000 ops
390,352,161 ns
51,235,786 ops/s
13.8 % of CPU usage
23 bytes per instance

Dequeueing:
300,000 ops
676,988,274 ns
443,139 ops/s
93.6 % of CPU usage

Initiation:
600,000 ops
1,733,217,194 ns
2,888 ns/op
94.3 % of CPU usage
224 bytes per instance

Single-producer sending:
300,000 ops
1,257,607,677 ns
238,548 ops/s
90.4 % of CPU usage

Multi-producer sending:
300,000 ops
1,133,955,262 ns
264,560 ops/s
88.4 % of CPU usage

Max throughput:
600,000 ops
840,802,849 ns
713,603 ops/s
99.3 % of CPU usage

Ping latency:
250,000 ops
1,535,267,112 ns
6,141 ns/op
91.4 % of CPU usage

Ping throughput 10K:
400,000 ops
233,130,391 ns
1,715,778 ops/s
93.8 % of CPU usage
Tests run: 8, Failures: 0, Errors: 0, Skipped: 0, Time elapsed: 11.719 sec - in com.github.plokhotnyuk.actors.ScalaActorSpec
Running com.github.plokhotnyuk.actors.ScalazActorSpec
Executor service type: akka-forkjoin-pool

Enqueueing:
40,000,000 ops
686,331,018 ns
58,280,915 ops/s
12.7 % of CPU usage
24 bytes per instance

Dequeueing:
40,000,000 ops
216,995,017 ns
184,336,030 ops/s
37.4 % of CPU usage

Initiation:
10,000,000 ops
244,599,374 ns
24 ns/op
27.1 % of CPU usage
104 bytes per instance

Single-producer sending:
15,000,000 ops
491,223,087 ns
30,536,024 ops/s
26.7 % of CPU usage

Multi-producer sending:
15,000,000 ops
665,050,273 ns
22,554,685 ops/s
96.4 % of CPU usage

Max throughput:
30,000,000 ops
290,627,712 ns
103,224,843 ops/s
95.5 % of CPU usage

Ping latency:
3,000,000 ops
755,384,720 ns
251 ns/op
99.5 % of CPU usage

Ping throughput 10K:
6,000,000 ops
92,002,977 ns
65,215,281 ops/s
96.5 % of CPU usage
Tests run: 8, Failures: 0, Errors: 0, Skipped: 0, Time elapsed: 11.223 sec - in com.github.plokhotnyuk.actors.ScalazActorSpec

Results :

Tests run: 74, Failures: 0, Errors: 0, Skipped: 0

[INFO] ------------------------------------------------------------------------
[INFO] BUILD SUCCESS
[INFO] ------------------------------------------------------------------------
[INFO] Total time: 01:59 min
[INFO] Finished at: 2015-04-02T18:01:22+03:00
[INFO] Final Memory: 13M/213M
[INFO] ------------------------------------------------------------------------
[INFO] Scanning for projects...
[INFO]                                                                         
[INFO] ------------------------------------------------------------------------
[INFO] Building Actors 1.0-SNAPSHOT
[INFO] ------------------------------------------------------------------------
[INFO] 
[INFO] --- maven-resources-plugin:2.6:resources (default-resources) @ actors ---
[INFO] Using 'UTF-8' encoding to copy filtered resources.
[INFO] skip non existing resourceDirectory /home/andriy/Projects/com/github/plokhotnyuk/actors/src/main/resources
[INFO] 
[INFO] --- maven-resources-plugin:2.6:testResources (default-testResources) @ actors ---
[INFO] Using 'UTF-8' encoding to copy filtered resources.
[INFO] skip non existing resourceDirectory /home/andriy/Projects/com/github/plokhotnyuk/actors/src/test/resources
[INFO] 
[INFO] --- scala-maven-plugin:3.2.0:testCompile (testCompile) @ actors ---
[WARNING]  Expected all dependencies to require Scala version: 2.11.6
[WARNING]  com.github.plokhotnyuk.actors:actors:1.0-SNAPSHOT requires scala version: 2.11.6
[WARNING]  com.typesafe.akka:akka-actor_2.11:2.3.9 requires scala version: 2.11.5
[WARNING] Multiple versions of scala libraries detected!
[INFO] Nothing to compile - all classes are up to date
[INFO] 
[INFO] --- maven-surefire-plugin:2.17:test (default-test) @ actors ---
[INFO] Surefire report directory: /home/andriy/Projects/com/github/plokhotnyuk/actors/target/surefire-reports

-------------------------------------------------------
 T E S T S
-------------------------------------------------------

-------------------------------------------------------
 T E S T S
-------------------------------------------------------
Running com.github.plokhotnyuk.actors.AkkaActorSpec
Executor service type: scala-forkjoin-pool

Enqueueing:
10,000,000 ops
286,797,319 ns
34,867,829 ops/s
16.6 % of CPU usage
48 bytes per instance

Dequeueing:
10,000,000 ops
1,137,154,093 ns
8,793,882 ops/s
15.3 % of CPU usage

Initiation:
100,000 ops
649,109,308 ns
6,491 ns/op
43.9 % of CPU usage
426 bytes per instance

Single-producer sending:
6,000,000 ops
619,445,783 ns
9,686,077 ops/s
24.4 % of CPU usage

Multi-producer sending:
6,000,000 ops
885,195,597 ns
6,778,162 ops/s
69.6 % of CPU usage

Max throughput:
12,000,000 ops
418,586,254 ns
28,667,926 ops/s
81.2 % of CPU usage

Ping latency:
1,500,000 ops
1,121,451,401 ns
747 ns/op
81.1 % of CPU usage

Ping throughput 10K:
2,000,000 ops
576,196,922 ns
3,471,035 ops/s
99.1 % of CPU usage
Tests run: 8, Failures: 0, Errors: 0, Skipped: 0, Time elapsed: 13.23 sec - in com.github.plokhotnyuk.actors.AkkaActorSpec
Running com.github.plokhotnyuk.actors.AkkaBalanceableActorSpec
Executor service type: scala-forkjoin-pool

Enqueueing:
10,000,000 ops
227,294,048 ns
43,995,872 ops/s
20.9 % of CPU usage
48 bytes per instance

Dequeueing:
10,000,000 ops
963,457,251 ns
10,379,287 ops/s
15.6 % of CPU usage

Initiation:
100,000 ops
591,501,938 ns
5,915 ns/op
46.1 % of CPU usage
456 bytes per instance

Single-producer sending:
6,000,000 ops
599,734,770 ns
10,004,422 ops/s
23.3 % of CPU usage

Multi-producer sending:
6,000,000 ops
878,256,685 ns
6,831,715 ops/s
73.2 % of CPU usage

Max throughput:
12,000,000 ops
325,684,193 ns
36,845,509 ops/s
87.5 % of CPU usage

Ping latency:
1,500,000 ops
1,226,659,662 ns
817 ns/op
88.9 % of CPU usage

Ping throughput 10K:
2,000,000 ops
381,942,666 ns
5,236,388 ops/s
99.2 % of CPU usage
Tests run: 8, Failures: 0, Errors: 0, Skipped: 0, Time elapsed: 12.418 sec - in com.github.plokhotnyuk.actors.AkkaBalanceableActorSpec
Running com.github.plokhotnyuk.actors.AkkaBoundedActorSpec
Executor service type: scala-forkjoin-pool

Enqueueing:
10,000,000 ops
474,900,971 ns
21,057,021 ops/s
16.1 % of CPU usage
48 bytes per instance

Dequeueing:
10,000,000 ops
1,225,069,324 ns
8,162,803 ops/s
13.7 % of CPU usage

Initiation:
100,000 ops
678,982,090 ns
6,789 ns/op
41.4 % of CPU usage
612 bytes per instance

Single-producer sending:
6,000,000 ops
1,293,811,156 ns
4,637,461 ops/s
24.6 % of CPU usage

Multi-producer sending:
6,000,000 ops
1,053,037,240 ns
5,697,804 ops/s
33.6 % of CPU usage

Max throughput:
12,000,000 ops
542,199,764 ns
22,132,064 ops/s
85.3 % of CPU usage

Ping latency:
1,500,000 ops
1,153,049,953 ns
768 ns/op
73.3 % of CPU usage

Ping throughput 10K:
2,000,000 ops
454,531,656 ns
4,400,133 ops/s
97.9 % of CPU usage

Overflow throughput:
5,000,000 ops
435,188,246 ns
11,489,280 ops/s
16.9 % of CPU usage
Tests run: 9, Failures: 0, Errors: 0, Skipped: 0, Time elapsed: 15.99 sec - in com.github.plokhotnyuk.actors.AkkaBoundedActorSpec
Running com.github.plokhotnyuk.actors.AkkaNonBalanceableActorSpec
Executor service type: scala-forkjoin-pool

Enqueueing:
10,000,000 ops
241,000,522 ns
41,493,686 ops/s
15.6 % of CPU usage
48 bytes per instance

Dequeueing:
10,000,000 ops
635,275,692 ns
15,741,197 ops/s
14.6 % of CPU usage

Initiation:
100,000 ops
636,801,124 ns
6,368 ns/op
43.8 % of CPU usage
456 bytes per instance

Single-producer sending:
6,000,000 ops
630,110,611 ns
9,522,137 ops/s
22.8 % of CPU usage

Multi-producer sending:
6,000,000 ops
824,832,997 ns
7,274,199 ops/s
67.6 % of CPU usage

Max throughput:
12,000,000 ops
353,462,344 ns
33,949,868 ops/s
92.7 % of CPU usage

Ping latency:
1,500,000 ops
1,098,707,306 ns
732 ns/op
82.5 % of CPU usage

Ping throughput 10K:
2,000,000 ops
403,180,515 ns
4,960,557 ops/s
98.9 % of CPU usage
Tests run: 8, Failures: 0, Errors: 0, Skipped: 0, Time elapsed: 11.671 sec - in com.github.plokhotnyuk.actors.AkkaNonBalanceableActorSpec
Running com.github.plokhotnyuk.actors.AkkaNonBlockingBoundedActorSpec
Executor service type: scala-forkjoin-pool

Enqueueing:
10,000,000 ops
329,310,624 ns
30,366,466 ops/s
15.6 % of CPU usage
48 bytes per instance

Dequeueing:
10,000,000 ops
899,558,842 ns
11,116,560 ops/s
15.3 % of CPU usage

Initiation:
100,000 ops
647,328,715 ns
6,473 ns/op
44.6 % of CPU usage
456 bytes per instance

Single-producer sending:
6,000,000 ops
780,004,178 ns
7,692,266 ops/s
24.5 % of CPU usage

Multi-producer sending:
6,000,000 ops
1,032,520,356 ns
5,811,023 ops/s
86.1 % of CPU usage

Max throughput:
12,000,000 ops
327,632,371 ns
36,626,417 ops/s
94.6 % of CPU usage

Ping latency:
1,500,000 ops
1,068,751,098 ns
712 ns/op
81.8 % of CPU usage

Ping throughput 10K:
2,000,000 ops
454,282,274 ns
4,402,549 ops/s
99.9 % of CPU usage

Overflow throughput:
5,000,000 ops
402,769,296 ns
12,414,054 ops/s
16.8 % of CPU usage
Tests run: 9, Failures: 0, Errors: 0, Skipped: 0, Time elapsed: 13.54 sec - in com.github.plokhotnyuk.actors.AkkaNonBlockingBoundedActorSpec
Running com.github.plokhotnyuk.actors.LiftActorSpec
Executor service type: scala-forkjoin-pool

Enqueueing:
10,000,000 ops
366,985,291 ns
27,249,048 ops/s
13.3 % of CPU usage
24 bytes per instance

Dequeueing:
10,000,000 ops
381,746,471 ns
26,195,396 ops/s
15.7 % of CPU usage

Initiation:
10,000,000 ops
605,154,820 ns
60 ns/op
19.4 % of CPU usage
72 bytes per instance

Single-producer sending:
6,000,000 ops
398,000,788 ns
15,075,347 ops/s
27.6 % of CPU usage

Multi-producer sending:
6,000,000 ops
617,786,835 ns
9,712,087 ops/s
38.2 % of CPU usage

Max throughput:
12,000,000 ops
381,562,054 ns
31,449,668 ops/s
93.7 % of CPU usage

Ping latency:
1,500,000 ops
1,315,307,912 ns
876 ns/op
53.9 % of CPU usage

Ping throughput 10K:
2,000,000 ops
2,032,428,755 ns
984,044 ops/s
83.9 % of CPU usage
Tests run: 8, Failures: 0, Errors: 0, Skipped: 0, Time elapsed: 12.255 sec - in com.github.plokhotnyuk.actors.LiftActorSpec
Running com.github.plokhotnyuk.actors.MinimalistActorSpec
Executor service type: scala-forkjoin-pool

Enqueueing:
40,000,000 ops
613,900,652 ns
65,157,122 ops/s
12.8 % of CPU usage
24 bytes per instance

Dequeueing:
40,000,000 ops
130,742,497 ns
305,944,898 ops/s
40.2 % of CPU usage

Initiation:
2,000,000 ops
705,352,575 ns
352 ns/op
96.8 % of CPU usage
41 bytes per instance

Single-producer sending:
15,000,000 ops
347,411,146 ns
43,176,507 ops/s
51.1 % of CPU usage

Multi-producer sending:
15,000,000 ops
849,388,791 ns
17,659,757 ops/s
93.7 % of CPU usage

Max throughput:
30,000,000 ops
477,641,784 ns
62,808,575 ops/s
98.4 % of CPU usage

Ping latency:
3,000,000 ops
486,053,445 ns
162 ns/op
99.5 % of CPU usage

Ping throughput 10K:
6,000,000 ops
158,564,082 ns
37,839,590 ops/s
98.5 % of CPU usage
Tests run: 8, Failures: 0, Errors: 0, Skipped: 0, Time elapsed: 9.153 sec - in com.github.plokhotnyuk.actors.MinimalistActorSpec
Running com.github.plokhotnyuk.actors.ScalaActorSpec
Executor service type: scala-forkjoin-pool

Enqueueing:
20,000,000 ops
424,343,634 ns
47,131,613 ops/s
14.1 % of CPU usage
23 bytes per instance

Dequeueing:
300,000 ops
665,176,818 ns
451,007 ops/s
92.3 % of CPU usage

Initiation:
600,000 ops
1,410,857,845 ns
2,351 ns/op
92.3 % of CPU usage
224 bytes per instance

Single-producer sending:
300,000 ops
1,332,212,107 ns
225,189 ops/s
89.7 % of CPU usage

Multi-producer sending:
300,000 ops
1,391,249,999 ns
215,633 ops/s
91.4 % of CPU usage

Max throughput:
600,000 ops
872,816,870 ns
687,429 ops/s
99.7 % of CPU usage

Ping latency:
250,000 ops
1,489,700,364 ns
5,958 ns/op
96.2 % of CPU usage

Ping throughput 10K:
400,000 ops
272,025,979 ns
1,470,447 ops/s
96.0 % of CPU usage
Tests run: 8, Failures: 0, Errors: 0, Skipped: 0, Time elapsed: 11.802 sec - in com.github.plokhotnyuk.actors.ScalaActorSpec
Running com.github.plokhotnyuk.actors.ScalazActorSpec
Executor service type: scala-forkjoin-pool

Enqueueing:
40,000,000 ops
676,938,114 ns
59,089,596 ops/s
12.9 % of CPU usage
24 bytes per instance

Dequeueing:
40,000,000 ops
175,657,047 ns
227,716,454 ops/s
46.3 % of CPU usage

Initiation:
10,000,000 ops
241,582,988 ns
24 ns/op
26.9 % of CPU usage
104 bytes per instance

Single-producer sending:
15,000,000 ops
466,267,247 ns
32,170,391 ops/s
27.9 % of CPU usage

Multi-producer sending:
15,000,000 ops
731,183,020 ns
20,514,699 ops/s
96.2 % of CPU usage

Max throughput:
30,000,000 ops
284,618,241 ns
105,404,347 ops/s
97.9 % of CPU usage

Ping latency:
3,000,000 ops
649,818,927 ns
216 ns/op
99.3 % of CPU usage

Ping throughput 10K:
6,000,000 ops
167,782,517 ns
35,760,579 ops/s
98.3 % of CPU usage
Tests run: 8, Failures: 0, Errors: 0, Skipped: 0, Time elapsed: 11.295 sec - in com.github.plokhotnyuk.actors.ScalazActorSpec

Results :

Tests run: 74, Failures: 0, Errors: 0, Skipped: 0

[INFO] ------------------------------------------------------------------------
[INFO] BUILD SUCCESS
[INFO] ------------------------------------------------------------------------
[INFO] Total time: 02:00 min
[INFO] Finished at: 2015-04-02T18:03:23+03:00
[INFO] Final Memory: 15M/213M
[INFO] ------------------------------------------------------------------------
[INFO] Scanning for projects...
[INFO]                                                                         
[INFO] ------------------------------------------------------------------------
[INFO] Building Actors 1.0-SNAPSHOT
[INFO] ------------------------------------------------------------------------
[INFO] 
[INFO] --- maven-resources-plugin:2.6:resources (default-resources) @ actors ---
[INFO] Using 'UTF-8' encoding to copy filtered resources.
[INFO] skip non existing resourceDirectory /home/andriy/Projects/com/github/plokhotnyuk/actors/src/main/resources
[INFO] 
[INFO] --- maven-resources-plugin:2.6:testResources (default-testResources) @ actors ---
[INFO] Using 'UTF-8' encoding to copy filtered resources.
[INFO] skip non existing resourceDirectory /home/andriy/Projects/com/github/plokhotnyuk/actors/src/test/resources
[INFO] 
[INFO] --- scala-maven-plugin:3.2.0:testCompile (testCompile) @ actors ---
[WARNING]  Expected all dependencies to require Scala version: 2.11.6
[WARNING]  com.github.plokhotnyuk.actors:actors:1.0-SNAPSHOT requires scala version: 2.11.6
[WARNING]  com.typesafe.akka:akka-actor_2.11:2.3.9 requires scala version: 2.11.5
[WARNING] Multiple versions of scala libraries detected!
[INFO] Nothing to compile - all classes are up to date
[INFO] 
[INFO] --- maven-surefire-plugin:2.17:test (default-test) @ actors ---
[INFO] Surefire report directory: /home/andriy/Projects/com/github/plokhotnyuk/actors/target/surefire-reports

-------------------------------------------------------
 T E S T S
-------------------------------------------------------

-------------------------------------------------------
 T E S T S
-------------------------------------------------------
Running com.github.plokhotnyuk.actors.AkkaActorSpec
Executor service type: java-forkjoin-pool

Enqueueing:
10,000,000 ops
250,881,978 ns
39,859,379 ops/s
16.4 % of CPU usage
48 bytes per instance

Dequeueing:
10,000,000 ops
618,830,197 ns
16,159,521 ops/s
16.2 % of CPU usage

Initiation:
100,000 ops
741,669,659 ns
7,416 ns/op
36.6 % of CPU usage
429 bytes per instance

Single-producer sending:
6,000,000 ops
683,056,496 ns
8,784,046 ops/s
23.4 % of CPU usage

Multi-producer sending:
6,000,000 ops
804,166,486 ns
7,461,141 ops/s
74.3 % of CPU usage

Max throughput:
12,000,000 ops
558,731,519 ns
21,477,220 ops/s
86.6 % of CPU usage

Ping latency:
1,500,000 ops
1,331,462,744 ns
887 ns/op
83.6 % of CPU usage

Ping throughput 10K:
2,000,000 ops
792,868,120 ns
2,522,487 ops/s
97.1 % of CPU usage
Tests run: 8, Failures: 0, Errors: 0, Skipped: 0, Time elapsed: 13.023 sec - in com.github.plokhotnyuk.actors.AkkaActorSpec
Running com.github.plokhotnyuk.actors.AkkaBalanceableActorSpec
Executor service type: java-forkjoin-pool

Enqueueing:
10,000,000 ops
253,523,497 ns
39,444,075 ops/s
18.2 % of CPU usage
48 bytes per instance

Dequeueing:
10,000,000 ops
544,117,826 ns
18,378,372 ops/s
15.2 % of CPU usage

Initiation:
100,000 ops
687,637,917 ns
6,876 ns/op
39.8 % of CPU usage
432 bytes per instance

Single-producer sending:
6,000,000 ops
558,672,632 ns
10,739,742 ops/s
23.9 % of CPU usage

Multi-producer sending:
6,000,000 ops
867,060,166 ns
6,919,935 ops/s
73.1 % of CPU usage

Max throughput:
12,000,000 ops
482,061,792 ns
24,893,074 ops/s
85.6 % of CPU usage

Ping latency:
1,500,000 ops
1,266,559,764 ns
844 ns/op
83.9 % of CPU usage

Ping throughput 10K:
2,000,000 ops
324,703,830 ns
6,159,459 ops/s
99.3 % of CPU usage
Tests run: 8, Failures: 0, Errors: 0, Skipped: 0, Time elapsed: 12.11 sec - in com.github.plokhotnyuk.actors.AkkaBalanceableActorSpec
Running com.github.plokhotnyuk.actors.AkkaBoundedActorSpec
Executor service type: java-forkjoin-pool

Enqueueing:
10,000,000 ops
622,015,052 ns
16,076,781 ops/s
14.3 % of CPU usage
48 bytes per instance

Dequeueing:
10,000,000 ops
671,856,273 ns
14,884,135 ops/s
14.1 % of CPU usage

Initiation:
100,000 ops
825,868,440 ns
8,258 ns/op
36.5 % of CPU usage
612 bytes per instance

Single-producer sending:
6,000,000 ops
1,355,003,661 ns
4,428,032 ops/s
25.6 % of CPU usage

Multi-producer sending:
6,000,000 ops
1,550,469,310 ns
3,869,796 ops/s
34.3 % of CPU usage

Max throughput:
12,000,000 ops
803,709,758 ns
14,930,763 ops/s
88.0 % of CPU usage

Ping latency:
1,500,000 ops
1,319,028,893 ns
879 ns/op
79.8 % of CPU usage

Ping throughput 10K:
2,000,000 ops
431,902,830 ns
4,630,671 ops/s
99.6 % of CPU usage

Overflow throughput:
5,000,000 ops
442,514,717 ns
11,299,059 ops/s
18.6 % of CPU usage
Tests run: 9, Failures: 0, Errors: 0, Skipped: 0, Time elapsed: 15.845 sec - in com.github.plokhotnyuk.actors.AkkaBoundedActorSpec
Running com.github.plokhotnyuk.actors.AkkaNonBalanceableActorSpec
Executor service type: java-forkjoin-pool

Enqueueing:
10,000,000 ops
228,067,427 ns
43,846,682 ops/s
17.5 % of CPU usage
48 bytes per instance

Dequeueing:
10,000,000 ops
526,103,387 ns
19,007,670 ops/s
15.9 % of CPU usage

Initiation:
100,000 ops
759,819,532 ns
7,598 ns/op
38.3 % of CPU usage
428 bytes per instance

Single-producer sending:
6,000,000 ops
557,888,342 ns
10,754,840 ops/s
24.2 % of CPU usage

Multi-producer sending:
6,000,000 ops
830,834,922 ns
7,221,651 ops/s
68.3 % of CPU usage

Max throughput:
12,000,000 ops
499,723,034 ns
24,013,301 ops/s
85.3 % of CPU usage

Ping latency:
1,500,000 ops
1,182,844,820 ns
788 ns/op
82.1 % of CPU usage

Ping throughput 10K:
2,000,000 ops
702,790,281 ns
2,845,799 ops/s
98.4 % of CPU usage
Tests run: 8, Failures: 0, Errors: 0, Skipped: 0, Time elapsed: 12.169 sec - in com.github.plokhotnyuk.actors.AkkaNonBalanceableActorSpec
Running com.github.plokhotnyuk.actors.AkkaNonBlockingBoundedActorSpec
Executor service type: java-forkjoin-pool

Enqueueing:
10,000,000 ops
244,869,750 ns
40,838,037 ops/s
15.8 % of CPU usage
48 bytes per instance

Dequeueing:
10,000,000 ops
523,152,421 ns
19,114,888 ops/s
15.5 % of CPU usage

Initiation:
100,000 ops
768,531,610 ns
7,685 ns/op
39.0 % of CPU usage
456 bytes per instance

Single-producer sending:
6,000,000 ops
742,727,060 ns
8,078,337 ops/s
24.4 % of CPU usage

Multi-producer sending:
6,000,000 ops
1,125,664,538 ns
5,330,184 ops/s
80.1 % of CPU usage

Max throughput:
12,000,000 ops
364,388,437 ns
32,931,890 ops/s
84.4 % of CPU usage

Ping latency:
1,500,000 ops
1,241,414,584 ns
827 ns/op
81.5 % of CPU usage

Ping throughput 10K:
2,000,000 ops
375,130,441 ns
5,331,478 ops/s
95.6 % of CPU usage

Overflow throughput:
5,000,000 ops
409,285,841 ns
12,216,401 ops/s
18.6 % of CPU usage
Tests run: 9, Failures: 0, Errors: 0, Skipped: 0, Time elapsed: 13.419 sec - in com.github.plokhotnyuk.actors.AkkaNonBlockingBoundedActorSpec
Running com.github.plokhotnyuk.actors.LiftActorSpec
Executor service type: java-forkjoin-pool

Enqueueing:
10,000,000 ops
374,389,671 ns
26,710,138 ops/s
14.0 % of CPU usage
24 bytes per instance

Dequeueing:
10,000,000 ops
393,276,454 ns
25,427,405 ops/s
15.6 % of CPU usage

Initiation:
10,000,000 ops
602,907,698 ns
60 ns/op
18.7 % of CPU usage
72 bytes per instance

Single-producer sending:
6,000,000 ops
621,889,280 ns
9,648,019 ops/s
29.3 % of CPU usage

Multi-producer sending:
6,000,000 ops
668,304,954 ns
8,977,937 ops/s
38.5 % of CPU usage

Max throughput:
12,000,000 ops
390,049,994 ns
30,765,286 ops/s
89.1 % of CPU usage

Ping latency:
1,500,000 ops
1,769,641,155 ns
1,179 ns/op
38.6 % of CPU usage

Ping throughput 10K:
2,000,000 ops
2,658,688,872 ns
752,250 ops/s
83.7 % of CPU usage
Tests run: 8, Failures: 0, Errors: 0, Skipped: 0, Time elapsed: 13.557 sec - in com.github.plokhotnyuk.actors.LiftActorSpec
Running com.github.plokhotnyuk.actors.MinimalistActorSpec
Executor service type: java-forkjoin-pool

Enqueueing:
40,000,000 ops
622,253,219 ns
64,282,511 ops/s
12.9 % of CPU usage
24 bytes per instance

Dequeueing:
40,000,000 ops
152,967,450 ns
261,493,539 ops/s
22.1 % of CPU usage

Initiation:
2,000,000 ops
1,924,903,636 ns
962 ns/op
99.3 % of CPU usage
43 bytes per instance

Single-producer sending:
15,000,000 ops
210,555,037 ns
71,240,280 ops/s
32.7 % of CPU usage

Multi-producer sending:
15,000,000 ops
1,175,458,650 ns
12,760,976 ops/s
99.3 % of CPU usage

Max throughput:
30,000,000 ops
197,252,642 ns
152,089,217 ops/s
86.8 % of CPU usage

Ping latency:
3,000,000 ops
676,543,889 ns
225 ns/op
99.6 % of CPU usage

Ping throughput 10K:
6,000,000 ops
1,186,453,006 ns
5,057,090 ops/s
98.6 % of CPU usage
Tests run: 8, Failures: 0, Errors: 0, Skipped: 0, Time elapsed: 11.59 sec - in com.github.plokhotnyuk.actors.MinimalistActorSpec
Running com.github.plokhotnyuk.actors.ScalaActorSpec
Executor service type: java-forkjoin-pool

Enqueueing:
20,000,000 ops
615,544,559 ns
32,491,555 ops/s
13.6 % of CPU usage
24 bytes per instance

Dequeueing:
300,000 ops
605,138,579 ns
495,754 ops/s
84.7 % of CPU usage

Initiation:
600,000 ops
2,592,886,409 ns
4,321 ns/op
94.2 % of CPU usage
232 bytes per instance

Single-producer sending:
300,000 ops
793,269,822 ns
378,181 ops/s
95.8 % of CPU usage

Multi-producer sending:
300,000 ops
659,725,255 ns
454,734 ops/s
96.8 % of CPU usage

Max throughput:
600,000 ops
477,390,253 ns
1,256,833 ops/s
99.5 % of CPU usage

Ping latency:
250,000 ops
701,989,563 ns
2,807 ns/op
97.6 % of CPU usage

Ping throughput 10K:
400,000 ops
389,561,365 ns
1,026,795 ops/s
91.4 % of CPU usage
Tests run: 8, Failures: 0, Errors: 0, Skipped: 0, Time elapsed: 11.033 sec - in com.github.plokhotnyuk.actors.ScalaActorSpec
Running com.github.plokhotnyuk.actors.ScalazActorSpec
Executor service type: java-forkjoin-pool

Enqueueing:
40,000,000 ops
699,382,747 ns
57,193,289 ops/s
12.9 % of CPU usage
24 bytes per instance

Dequeueing:
40,000,000 ops
180,517,901 ns
221,584,672 ops/s
23.5 % of CPU usage

Initiation:
10,000,000 ops
316,791,802 ns
31 ns/op
26.0 % of CPU usage
104 bytes per instance

Single-producer sending:
15,000,000 ops
521,853,290 ns
28,743,710 ops/s
26.1 % of CPU usage

Multi-producer sending:
15,000,000 ops
1,357,469,339 ns
11,049,973 ops/s
98.1 % of CPU usage

Max throughput:
30,000,000 ops
336,280,823 ns
89,211,153 ops/s
82.9 % of CPU usage

Ping latency:
3,000,000 ops
898,110,389 ns
299 ns/op
99.7 % of CPU usage

Ping throughput 10K:
6,000,000 ops
1,451,296,563 ns
4,134,234 ops/s
99.5 % of CPU usage
Tests run: 8, Failures: 0, Errors: 0, Skipped: 0, Time elapsed: 13.673 sec - in com.github.plokhotnyuk.actors.ScalazActorSpec

Results :

Tests run: 74, Failures: 0, Errors: 0, Skipped: 0

[INFO] ------------------------------------------------------------------------
[INFO] BUILD SUCCESS
[INFO] ------------------------------------------------------------------------
[INFO] Total time: 02:02 min
[INFO] Finished at: 2015-04-02T18:05:27+03:00
[INFO] Final Memory: 14M/213M
[INFO] ------------------------------------------------------------------------
[INFO] Scanning for projects...
[INFO]                                                                         
[INFO] ------------------------------------------------------------------------
[INFO] Building Actors 1.0-SNAPSHOT
[INFO] ------------------------------------------------------------------------
[INFO] 
[INFO] --- maven-resources-plugin:2.6:resources (default-resources) @ actors ---
[INFO] Using 'UTF-8' encoding to copy filtered resources.
[INFO] skip non existing resourceDirectory /home/andriy/Projects/com/github/plokhotnyuk/actors/src/main/resources
[INFO] 
[INFO] --- maven-resources-plugin:2.6:testResources (default-testResources) @ actors ---
[INFO] Using 'UTF-8' encoding to copy filtered resources.
[INFO] skip non existing resourceDirectory /home/andriy/Projects/com/github/plokhotnyuk/actors/src/test/resources
[INFO] 
[INFO] --- scala-maven-plugin:3.2.0:testCompile (testCompile) @ actors ---
[WARNING]  Expected all dependencies to require Scala version: 2.11.6
[WARNING]  com.github.plokhotnyuk.actors:actors:1.0-SNAPSHOT requires scala version: 2.11.6
[WARNING]  com.typesafe.akka:akka-actor_2.11:2.3.9 requires scala version: 2.11.5
[WARNING] Multiple versions of scala libraries detected!
[INFO] Nothing to compile - all classes are up to date
[INFO] 
[INFO] --- maven-surefire-plugin:2.17:test (default-test) @ actors ---
[INFO] Surefire report directory: /home/andriy/Projects/com/github/plokhotnyuk/actors/target/surefire-reports

-------------------------------------------------------
 T E S T S
-------------------------------------------------------

-------------------------------------------------------
 T E S T S
-------------------------------------------------------
Running com.github.plokhotnyuk.actors.AkkaActorSpec
Executor service type: abq-thread-pool

Enqueueing:
10,000,000 ops
296,049,378 ns
33,778,148 ops/s
17.7 % of CPU usage
48 bytes per instance

Dequeueing:
10,000,000 ops
765,385,102 ns
13,065,318 ops/s
15.5 % of CPU usage

Initiation:
100,000 ops
779,398,686 ns
7,793 ns/op
47.8 % of CPU usage
424 bytes per instance

Single-producer sending:
6,000,000 ops
664,178,110 ns
9,033,721 ops/s
22.8 % of CPU usage

Multi-producer sending:
6,000,000 ops
797,347,823 ns
7,524,946 ops/s
74.5 % of CPU usage

Max throughput:
12,000,000 ops
324,259,431 ns
37,007,404 ops/s
72.1 % of CPU usage

Ping latency:
1,500,000 ops
5,463,900,041 ns
3,642 ns/op
17.2 % of CPU usage

Ping throughput 10K:
2,000,000 ops
1,331,936,631 ns
1,501,572 ops/s
36.2 % of CPU usage
Tests run: 8, Failures: 0, Errors: 0, Skipped: 0, Time elapsed: 17.924 sec - in com.github.plokhotnyuk.actors.AkkaActorSpec
Running com.github.plokhotnyuk.actors.AkkaBalanceableActorSpec
Executor service type: abq-thread-pool

Enqueueing:
10,000,000 ops
244,522,211 ns
40,896,080 ops/s
22.5 % of CPU usage
48 bytes per instance

Dequeueing:
10,000,000 ops
652,685,622 ns
15,321,311 ops/s
15.9 % of CPU usage

Initiation:
100,000 ops
722,199,218 ns
7,221 ns/op
44.1 % of CPU usage
424 bytes per instance

Single-producer sending:
6,000,000 ops
586,315,898 ns
10,233,391 ops/s
23.7 % of CPU usage

Multi-producer sending:
6,000,000 ops
903,775,070 ns
6,638,819 ops/s
73.9 % of CPU usage

Max throughput:
12,000,000 ops
280,847,788 ns
42,727,771 ops/s
74.3 % of CPU usage

Ping latency:
1,500,000 ops
5,139,274,942 ns
3,426 ns/op
16.9 % of CPU usage

Ping throughput 10K:
2,000,000 ops
1,158,253,604 ns
1,726,737 ops/s
33.5 % of CPU usage
Tests run: 8, Failures: 0, Errors: 0, Skipped: 0, Time elapsed: 16.748 sec - in com.github.plokhotnyuk.actors.AkkaBalanceableActorSpec
Running com.github.plokhotnyuk.actors.AkkaBoundedActorSpec
Executor service type: abq-thread-pool

Enqueueing:
10,000,000 ops
473,967,385 ns
21,098,498 ops/s
15.0 % of CPU usage
48 bytes per instance

Dequeueing:
10,000,000 ops
918,124,733 ns
10,891,766 ops/s
14.4 % of CPU usage

Initiation:
100,000 ops
710,787,285 ns
7,107 ns/op
48.2 % of CPU usage
608 bytes per instance

Single-producer sending:
6,000,000 ops
1,177,394,515 ns
5,095,997 ops/s
23.9 % of CPU usage

Multi-producer sending:
6,000,000 ops
1,043,691,234 ns
5,748,826 ops/s
34.3 % of CPU usage

Max throughput:
12,000,000 ops
374,696,262 ns
32,025,939 ops/s
80.1 % of CPU usage

Ping latency:
1,500,000 ops
5,420,020,685 ns
3,613 ns/op
17.3 % of CPU usage

Ping throughput 10K:
2,000,000 ops
1,441,462,500 ns
1,387,479 ops/s
37.0 % of CPU usage

Overflow throughput:
5,000,000 ops
433,834,264 ns
11,525,138 ops/s
14.4 % of CPU usage
Tests run: 9, Failures: 0, Errors: 0, Skipped: 0, Time elapsed: 20.151 sec - in com.github.plokhotnyuk.actors.AkkaBoundedActorSpec
Running com.github.plokhotnyuk.actors.AkkaNonBalanceableActorSpec
Executor service type: abq-thread-pool

Enqueueing:
10,000,000 ops
227,175,790 ns
44,018,775 ops/s
16.5 % of CPU usage
48 bytes per instance

Dequeueing:
10,000,000 ops
745,012,391 ns
13,422,595 ops/s
15.1 % of CPU usage

Initiation:
100,000 ops
700,040,836 ns
7,000 ns/op
50.0 % of CPU usage
424 bytes per instance

Single-producer sending:
6,000,000 ops
539,657,978 ns
11,118,153 ops/s
23.9 % of CPU usage

Multi-producer sending:
6,000,000 ops
922,730,337 ns
6,502,441 ops/s
69.0 % of CPU usage

Max throughput:
12,000,000 ops
266,160,217 ns
45,085,626 ops/s
72.8 % of CPU usage

Ping latency:
1,500,000 ops
4,925,472,919 ns
3,283 ns/op
16.9 % of CPU usage

Ping throughput 10K:
2,000,000 ops
1,260,675,675 ns
1,586,450 ops/s
35.2 % of CPU usage
Tests run: 8, Failures: 0, Errors: 0, Skipped: 0, Time elapsed: 16.567 sec - in com.github.plokhotnyuk.actors.AkkaNonBalanceableActorSpec
Running com.github.plokhotnyuk.actors.AkkaNonBlockingBoundedActorSpec
Executor service type: abq-thread-pool

Enqueueing:
10,000,000 ops
245,673,460 ns
40,704,437 ops/s
17.3 % of CPU usage
48 bytes per instance

Dequeueing:
10,000,000 ops
777,668,783 ns
12,858,944 ops/s
15.3 % of CPU usage

Initiation:
100,000 ops
717,922,143 ns
7,179 ns/op
45.3 % of CPU usage
424 bytes per instance

Single-producer sending:
6,000,000 ops
683,936,186 ns
8,772,748 ops/s
25.8 % of CPU usage

Multi-producer sending:
6,000,000 ops
991,139,321 ns
6,053,639 ops/s
83.2 % of CPU usage

Max throughput:
12,000,000 ops
276,207,166 ns
43,445,650 ops/s
76.9 % of CPU usage

Ping latency:
1,500,000 ops
5,058,273,078 ns
3,372 ns/op
17.1 % of CPU usage

Ping throughput 10K:
2,000,000 ops
1,017,683,656 ns
1,965,247 ops/s
35.9 % of CPU usage

Overflow throughput:
5,000,000 ops
427,633,545 ns
11,692,253 ops/s
13.2 % of CPU usage
Tests run: 9, Failures: 0, Errors: 0, Skipped: 0, Time elapsed: 18.094 sec - in com.github.plokhotnyuk.actors.AkkaNonBlockingBoundedActorSpec
Running com.github.plokhotnyuk.actors.LiftActorSpec
Executor service type: abq-thread-pool

Enqueueing:
10,000,000 ops
384,179,453 ns
26,029,502 ops/s
13.7 % of CPU usage
24 bytes per instance

Dequeueing:
10,000,000 ops
380,446,775 ns
26,284,885 ops/s
15.4 % of CPU usage

Initiation:
10,000,000 ops
589,345,253 ns
58 ns/op
18.9 % of CPU usage
72 bytes per instance

Single-producer sending:
6,000,000 ops
617,798,394 ns
9,711,906 ops/s
28.5 % of CPU usage

Multi-producer sending:
6,000,000 ops
642,347,404 ns
9,340,739 ops/s
38.9 % of CPU usage

Max throughput:
12,000,000 ops
378,672,483 ns
31,689,654 ops/s
90.8 % of CPU usage

Ping latency:
1,500,000 ops
5,324,395,430 ns
3,549 ns/op
19.2 % of CPU usage

Ping throughput 10K:
2,000,000 ops
875,683,007 ns
2,283,931 ops/s
41.0 % of CPU usage
Tests run: 8, Failures: 0, Errors: 0, Skipped: 0, Time elapsed: 15.193 sec - in com.github.plokhotnyuk.actors.LiftActorSpec
Running com.github.plokhotnyuk.actors.MinimalistActorSpec
Executor service type: abq-thread-pool

Enqueueing:
40,000,000 ops
639,405,630 ns
62,558,097 ops/s
13.1 % of CPU usage
24 bytes per instance

Dequeueing:
40,000,000 ops
223,993,649 ns
178,576,491 ops/s
24.0 % of CPU usage

Initiation:
2,000,000 ops
13,394,812,401 ns
6,697 ns/op
18.7 % of CPU usage
40 bytes per instance

Single-producer sending:
15,000,000 ops
216,264,808 ns
69,359,412 ops/s
35.3 % of CPU usage

Multi-producer sending:
15,000,000 ops
1,332,890,087 ns
11,253,741 ops/s
95.6 % of CPU usage

Max throughput:
30,000,000 ops
236,247,985 ns
126,985,210 ops/s
70.9 % of CPU usage

Ping latency:
3,000,000 ops
10,185,948,926 ns
3,395 ns/op
16.4 % of CPU usage

Ping throughput 10K:
6,000,000 ops
1,780,262,600 ns
3,370,289 ops/s
25.1 % of CPU usage
Tests run: 8, Failures: 0, Errors: 0, Skipped: 0, Time elapsed: 33.729 sec - in com.github.plokhotnyuk.actors.MinimalistActorSpec
Running com.github.plokhotnyuk.actors.ScalaActorSpec
Executor service type: abq-thread-pool

Enqueueing:
20,000,000 ops
399,275,014 ns
50,090,787 ops/s
14.1 % of CPU usage
23 bytes per instance

Dequeueing:
300,000 ops
2,127,390,421 ns
141,017 ops/s
24.0 % of CPU usage

Initiation:
600,000 ops
2,437,379,913 ns
4,062 ns/op
24.6 % of CPU usage
224 bytes per instance

Single-producer sending:
300,000 ops
2,157,467,914 ns
139,051 ops/s
22.9 % of CPU usage

Multi-producer sending:
300,000 ops
2,059,832,778 ns
145,642 ops/s
22.3 % of CPU usage

Max throughput:
600,000 ops
3,381,620,641 ns
177,429 ops/s
22.4 % of CPU usage

Ping latency:
250,000 ops
1,858,493,267 ns
7,433 ns/op
25.1 % of CPU usage

Ping throughput 10K:
400,000 ops
900,273,142 ns
444,309 ops/s
29.0 % of CPU usage
Tests run: 8, Failures: 0, Errors: 0, Skipped: 0, Time elapsed: 19.329 sec - in com.github.plokhotnyuk.actors.ScalaActorSpec
Running com.github.plokhotnyuk.actors.ScalazActorSpec
Executor service type: abq-thread-pool

Enqueueing:
40,000,000 ops
673,452,018 ns
59,395,471 ops/s
12.8 % of CPU usage
24 bytes per instance

Dequeueing:
40,000,000 ops
231,596,401 ns
172,714,255 ops/s
22.1 % of CPU usage

Initiation:
10,000,000 ops
284,100,003 ns
28 ns/op
28.2 % of CPU usage
104 bytes per instance

Single-producer sending:
15,000,000 ops
489,357,083 ns
30,652,463 ops/s
26.3 % of CPU usage

Multi-producer sending:
15,000,000 ops
1,323,305,532 ns
11,335,250 ops/s
90.5 % of CPU usage

Max throughput:
30,000,000 ops
210,057,461 ns
142,818,064 ops/s
66.1 % of CPU usage

Ping latency:
3,000,000 ops
10,043,490,211 ns
3,347 ns/op
16.9 % of CPU usage

Ping throughput 10K:
6,000,000 ops
1,711,145,941 ns
3,506,422 ops/s
25.2 % of CPU usage
Tests run: 8, Failures: 0, Errors: 0, Skipped: 0, Time elapsed: 23.135 sec - in com.github.plokhotnyuk.actors.ScalazActorSpec

Results :

Tests run: 74, Failures: 0, Errors: 0, Skipped: 0

[INFO] ------------------------------------------------------------------------
[INFO] BUILD SUCCESS
[INFO] ------------------------------------------------------------------------
[INFO] Total time: 03:09 min
[INFO] Finished at: 2015-04-02T18:08:37+03:00
[INFO] Final Memory: 14M/213M
[INFO] ------------------------------------------------------------------------
[INFO] Scanning for projects...
[INFO]                                                                         
[INFO] ------------------------------------------------------------------------
[INFO] Building Actors 1.0-SNAPSHOT
[INFO] ------------------------------------------------------------------------
[INFO] 
[INFO] --- maven-resources-plugin:2.6:resources (default-resources) @ actors ---
[INFO] Using 'UTF-8' encoding to copy filtered resources.
[INFO] skip non existing resourceDirectory /home/andriy/Projects/com/github/plokhotnyuk/actors/src/main/resources
[INFO] 
[INFO] --- maven-resources-plugin:2.6:testResources (default-testResources) @ actors ---
[INFO] Using 'UTF-8' encoding to copy filtered resources.
[INFO] skip non existing resourceDirectory /home/andriy/Projects/com/github/plokhotnyuk/actors/src/test/resources
[INFO] 
[INFO] --- scala-maven-plugin:3.2.0:testCompile (testCompile) @ actors ---
[WARNING]  Expected all dependencies to require Scala version: 2.11.6
[WARNING]  com.github.plokhotnyuk.actors:actors:1.0-SNAPSHOT requires scala version: 2.11.6
[WARNING]  com.typesafe.akka:akka-actor_2.11:2.3.9 requires scala version: 2.11.5
[WARNING] Multiple versions of scala libraries detected!
[INFO] Nothing to compile - all classes are up to date
[INFO] 
[INFO] --- maven-surefire-plugin:2.17:test (default-test) @ actors ---
[INFO] Surefire report directory: /home/andriy/Projects/com/github/plokhotnyuk/actors/target/surefire-reports

-------------------------------------------------------
 T E S T S
-------------------------------------------------------

-------------------------------------------------------
 T E S T S
-------------------------------------------------------
Running com.github.plokhotnyuk.actors.AkkaActorSpec
Executor service type: lbq-thread-pool

Enqueueing:
10,000,000 ops
268,078,981 ns
37,302,439 ops/s
17.7 % of CPU usage
48 bytes per instance

Dequeueing:
10,000,000 ops
976,186,886 ns
10,243,940 ops/s
16.1 % of CPU usage

Initiation:
100,000 ops
723,615,038 ns
7,236 ns/op
50.1 % of CPU usage
424 bytes per instance

Single-producer sending:
6,000,000 ops
688,614,521 ns
8,713,147 ops/s
23.4 % of CPU usage

Multi-producer sending:
6,000,000 ops
809,283,292 ns
7,413,967 ops/s
72.1 % of CPU usage

Max throughput:
12,000,000 ops
311,653,093 ns
38,504,350 ops/s
81.8 % of CPU usage

Ping latency:
1,500,000 ops
4,669,186,053 ns
3,112 ns/op
17.7 % of CPU usage

Ping throughput 10K:
2,000,000 ops
1,175,727,703 ns
1,701,074 ops/s
40.6 % of CPU usage
Tests run: 8, Failures: 0, Errors: 0, Skipped: 0, Time elapsed: 16.745 sec - in com.github.plokhotnyuk.actors.AkkaActorSpec
Running com.github.plokhotnyuk.actors.AkkaBalanceableActorSpec
Executor service type: lbq-thread-pool

Enqueueing:
10,000,000 ops
330,542,208 ns
30,253,322 ops/s
15.5 % of CPU usage
48 bytes per instance

Dequeueing:
10,000,000 ops
895,958,524 ns
11,161,230 ops/s
17.0 % of CPU usage

Initiation:
100,000 ops
694,820,421 ns
6,948 ns/op
48.2 % of CPU usage
424 bytes per instance

Single-producer sending:
6,000,000 ops
647,902,715 ns
9,260,649 ops/s
23.5 % of CPU usage

Multi-producer sending:
6,000,000 ops
885,962,605 ns
6,772,294 ops/s
67.2 % of CPU usage

Max throughput:
12,000,000 ops
294,937,682 ns
40,686,561 ops/s
69.5 % of CPU usage

Ping latency:
1,500,000 ops
4,694,942,528 ns
3,129 ns/op
17.5 % of CPU usage

Ping throughput 10K:
2,000,000 ops
1,227,207,714 ns
1,629,715 ops/s
38.6 % of CPU usage
Tests run: 8, Failures: 0, Errors: 0, Skipped: 0, Time elapsed: 16.798 sec - in com.github.plokhotnyuk.actors.AkkaBalanceableActorSpec
Running com.github.plokhotnyuk.actors.AkkaBoundedActorSpec
Executor service type: lbq-thread-pool

Enqueueing:
10,000,000 ops
648,036,690 ns
15,431,225 ops/s
14.5 % of CPU usage
48 bytes per instance

Dequeueing:
10,000,000 ops
1,012,768,962 ns
9,873,920 ops/s
14.4 % of CPU usage

Initiation:
100,000 ops
704,445,183 ns
7,044 ns/op
46.0 % of CPU usage
608 bytes per instance

Single-producer sending:
6,000,000 ops
1,269,528,309 ns
4,726,164 ops/s
25.8 % of CPU usage

Multi-producer sending:
6,000,000 ops
1,099,267,107 ns
5,458,182 ops/s
31.4 % of CPU usage

Max throughput:
12,000,000 ops
386,592,978 ns
31,040,398 ops/s
88.9 % of CPU usage

Ping latency:
1,500,000 ops
4,633,201,022 ns
3,088 ns/op
17.9 % of CPU usage

Ping throughput 10K:
2,000,000 ops
1,269,576,813 ns
1,575,328 ops/s
39.6 % of CPU usage

Overflow throughput:
5,000,000 ops
405,393,883 ns
12,333,683 ops/s
14.8 % of CPU usage
Tests run: 9, Failures: 0, Errors: 0, Skipped: 0, Time elapsed: 19.392 sec - in com.github.plokhotnyuk.actors.AkkaBoundedActorSpec
Running com.github.plokhotnyuk.actors.AkkaNonBalanceableActorSpec
Executor service type: lbq-thread-pool

Enqueueing:
10,000,000 ops
244,405,301 ns
40,915,642 ops/s
17.4 % of CPU usage
48 bytes per instance

Dequeueing:
10,000,000 ops
729,260,395 ns
13,712,523 ops/s
18.7 % of CPU usage

Initiation:
100,000 ops
674,830,385 ns
6,748 ns/op
45.4 % of CPU usage
424 bytes per instance

Single-producer sending:
6,000,000 ops
583,738,738 ns
10,278,570 ops/s
23.6 % of CPU usage

Multi-producer sending:
6,000,000 ops
819,105,930 ns
7,325,059 ops/s
67.8 % of CPU usage

Max throughput:
12,000,000 ops
305,809,629 ns
39,240,098 ops/s
71.5 % of CPU usage

Ping latency:
1,500,000 ops
4,640,400,379 ns
3,093 ns/op
17.4 % of CPU usage

Ping throughput 10K:
2,000,000 ops
1,046,327,903 ns
1,911,446 ops/s
39.5 % of CPU usage
Tests run: 8, Failures: 0, Errors: 0, Skipped: 0, Time elapsed: 16.003 sec - in com.github.plokhotnyuk.actors.AkkaNonBalanceableActorSpec
Running com.github.plokhotnyuk.actors.AkkaNonBlockingBoundedActorSpec
Executor service type: lbq-thread-pool

Enqueueing:
10,000,000 ops
261,002,645 ns
38,313,787 ops/s
16.3 % of CPU usage
48 bytes per instance

Dequeueing:
10,000,000 ops
687,933,488 ns
14,536,289 ops/s
15.3 % of CPU usage

Initiation:
100,000 ops
733,956,424 ns
7,339 ns/op
45.0 % of CPU usage
445 bytes per instance

Single-producer sending:
6,000,000 ops
585,202,029 ns
10,252,869 ops/s
24.4 % of CPU usage

Multi-producer sending:
6,000,000 ops
1,027,952,556 ns
5,836,845 ops/s
80.4 % of CPU usage

Max throughput:
12,000,000 ops
299,776,443 ns
40,029,829 ops/s
76.7 % of CPU usage

Ping latency:
1,500,000 ops
4,630,058,350 ns
3,086 ns/op
17.4 % of CPU usage

Ping throughput 10K:
2,000,000 ops
1,102,983,344 ns
1,813,264 ops/s
40.2 % of CPU usage

Overflow throughput:
5,000,000 ops
372,442,143 ns
13,424,903 ops/s
16.4 % of CPU usage
Tests run: 9, Failures: 0, Errors: 0, Skipped: 0, Time elapsed: 17.244 sec - in com.github.plokhotnyuk.actors.AkkaNonBlockingBoundedActorSpec
Running com.github.plokhotnyuk.actors.LiftActorSpec
Executor service type: lbq-thread-pool

Enqueueing:
10,000,000 ops
383,771,230 ns
26,057,190 ops/s
13.7 % of CPU usage
24 bytes per instance

Dequeueing:
10,000,000 ops
372,274,071 ns
26,861,929 ops/s
15.4 % of CPU usage

Initiation:
10,000,000 ops
602,201,357 ns
60 ns/op
19.1 % of CPU usage
72 bytes per instance

Single-producer sending:
6,000,000 ops
646,364,395 ns
9,282,689 ops/s
28.4 % of CPU usage

Multi-producer sending:
6,000,000 ops
745,636,405 ns
8,046,817 ops/s
38.9 % of CPU usage

Max throughput:
12,000,000 ops
391,596,684 ns
30,643,773 ops/s
85.2 % of CPU usage

Ping latency:
1,500,000 ops
4,654,417,270 ns
3,102 ns/op
19.6 % of CPU usage

Ping throughput 10K:
2,000,000 ops
943,303,929 ns
2,120,207 ops/s
33.9 % of CPU usage
Tests run: 8, Failures: 0, Errors: 0, Skipped: 0, Time elapsed: 14.788 sec - in com.github.plokhotnyuk.actors.LiftActorSpec
Running com.github.plokhotnyuk.actors.MinimalistActorSpec
Executor service type: lbq-thread-pool

Enqueueing:
40,000,000 ops
616,485,758 ns
64,883,899 ops/s
13.0 % of CPU usage
24 bytes per instance

Dequeueing:
40,000,000 ops
200,649,104 ns
199,352,995 ops/s
21.8 % of CPU usage

Initiation:
2,000,000 ops
624,141,940 ns
312 ns/op
38.1 % of CPU usage
46 bytes per instance

Single-producer sending:
15,000,000 ops
179,540,848 ns
83,546,447 ops/s
38.3 % of CPU usage

Multi-producer sending:
15,000,000 ops
1,414,249,669 ns
10,606,330 ops/s
96.6 % of CPU usage

Max throughput:
30,000,000 ops
185,397,455 ns
161,814,518 ops/s
83.6 % of CPU usage

Ping latency:
3,000,000 ops
911,392,920 ns
303 ns/op
24.0 % of CPU usage

Ping throughput 10K:
6,000,000 ops
2,156,147,016 ns
2,782,741 ops/s
26.8 % of CPU usage
Tests run: 8, Failures: 0, Errors: 0, Skipped: 0, Time elapsed: 11.926 sec - in com.github.plokhotnyuk.actors.MinimalistActorSpec
Running com.github.plokhotnyuk.actors.ScalaActorSpec
Executor service type: lbq-thread-pool

Enqueueing:
20,000,000 ops
449,527,260 ns
44,491,183 ops/s
14.2 % of CPU usage
23 bytes per instance

Dequeueing:
300,000 ops
1,039,972,666 ns
288,469 ops/s
31.5 % of CPU usage

Initiation:
600,000 ops
333,273,518 ns
555 ns/op
45.8 % of CPU usage
302 bytes per instance

Single-producer sending:
300,000 ops
1,100,087,464 ns
272,705 ops/s
30.2 % of CPU usage

Multi-producer sending:
300,000 ops
1,035,322,712 ns
289,764 ops/s
29.2 % of CPU usage

Max throughput:
600,000 ops
967,723,629 ns
620,011 ops/s
24.2 % of CPU usage

Ping latency:
250,000 ops
1,745,235,659 ns
6,980 ns/op
25.3 % of CPU usage

Ping throughput 10K:
400,000 ops
903,857,237 ns
442,547 ops/s
20.1 % of CPU usage
Tests run: 8, Failures: 0, Errors: 0, Skipped: 0, Time elapsed: 11.666 sec - in com.github.plokhotnyuk.actors.ScalaActorSpec
Running com.github.plokhotnyuk.actors.ScalazActorSpec
Executor service type: lbq-thread-pool

Enqueueing:
40,000,000 ops
705,244,346 ns
56,717,930 ops/s
12.9 % of CPU usage
24 bytes per instance

Dequeueing:
40,000,000 ops
168,168,694 ns
237,856,399 ops/s
24.5 % of CPU usage

Initiation:
10,000,000 ops
225,350,615 ns
22 ns/op
26.1 % of CPU usage
104 bytes per instance

Single-producer sending:
15,000,000 ops
480,542,079 ns
31,214,748 ops/s
26.8 % of CPU usage

Multi-producer sending:
15,000,000 ops
1,458,625,229 ns
10,283,655 ops/s
95.1 % of CPU usage

Max throughput:
30,000,000 ops
178,675,899 ns
167,901,771 ops/s
83.3 % of CPU usage

Ping latency:
3,000,000 ops
1,595,422,209 ns
531 ns/op
22.3 % of CPU usage

Ping throughput 10K:
6,000,000 ops
2,197,491,499 ns
2,730,385 ops/s
25.9 % of CPU usage
Tests run: 8, Failures: 0, Errors: 0, Skipped: 0, Time elapsed: 14.966 sec - in com.github.plokhotnyuk.actors.ScalazActorSpec

Results :

Tests run: 74, Failures: 0, Errors: 0, Skipped: 0

[INFO] ------------------------------------------------------------------------
[INFO] BUILD SUCCESS
[INFO] ------------------------------------------------------------------------
[INFO] Total time: 02:31 min
[INFO] Finished at: 2015-04-02T18:11:10+03:00
[INFO] Final Memory: 14M/213M
[INFO] ------------------------------------------------------------------------
