[INFO] Scanning for projects...
[INFO]                                                                         
[INFO] ------------------------------------------------------------------------
[INFO] Building Actors 1.0-SNAPSHOT
[INFO] ------------------------------------------------------------------------
[INFO] 
[INFO] --- maven-clean-plugin:2.5:clean (default-clean) @ actors ---
[INFO] Deleting /home/andriy/Projects/com/github/plokhotnyuk/actors/target
[INFO] 
[INFO] --- maven-resources-plugin:2.6:resources (default-resources) @ actors ---
[INFO] Using 'UTF-8' encoding to copy filtered resources.
[INFO] skip non existing resourceDirectory /home/andriy/Projects/com/github/plokhotnyuk/actors/src/main/resources
[INFO] 
[INFO] --- maven-resources-plugin:2.6:testResources (default-testResources) @ actors ---
[INFO] Using 'UTF-8' encoding to copy filtered resources.
[INFO] skip non existing resourceDirectory /home/andriy/Projects/com/github/plokhotnyuk/actors/src/test/resources
[INFO] 
[INFO] --- scala-maven-plugin:3.2.0:testCompile (testCompile) @ actors ---
[WARNING]  Expected all dependencies to require Scala version: 2.11.6
[WARNING]  com.github.plokhotnyuk.actors:actors:1.0-SNAPSHOT requires scala version: 2.11.6
[WARNING]  com.typesafe.akka:akka-actor_2.11:2.3.9 requires scala version: 2.11.5
[WARNING] Multiple versions of scala libraries detected!
[INFO] /home/andriy/Projects/com/github/plokhotnyuk/actors/src/test/scala:-1: info: compiling
[INFO] Compiling 15 source files to /home/andriy/Projects/com/github/plokhotnyuk/actors/target/test-classes at 1427985458140
[WARNING] /home/andriy/Projects/com/github/plokhotnyuk/actors/src/test/scala/com/github/plokhotnyuk/actors/ScalaActorSpec.scala:9: warning: trait SchedulerAdapter in package actors is deprecated: Use the akka.actor package instead. For migration from the scala.actors package refer to the Actors Migration Guide.
[WARNING]   val customScheduler = new SchedulerAdapter {
[WARNING]                             ^
[WARNING] /home/andriy/Projects/com/github/plokhotnyuk/actors/src/test/scala/com/github/plokhotnyuk/actors/ScalaActorSpec.scala:66: warning: trait Actor in package actors is deprecated: Use the akka.actor package instead. For migration from the scala.actors package refer to the Actors Migration Guide.
[WARNING]     footprintedAndTimedCollect(600000)(() => new Actor {
[WARNING]                                                  ^
[WARNING] /home/andriy/Projects/com/github/plokhotnyuk/actors/src/test/scala/com/github/plokhotnyuk/actors/ScalaActorSpec.scala:139: warning: trait Actor in package actors is deprecated: Use the akka.actor package instead. For migration from the scala.actors package refer to the Actors Migration Guide.
[WARNING]   private def replayAndCountActor(l: CountDownLatch, n: Int): Actor =
[WARNING]                                                               ^
[WARNING] /home/andriy/Projects/com/github/plokhotnyuk/actors/src/test/scala/com/github/plokhotnyuk/actors/ScalaActorSpec.scala:140: warning: trait Actor in package actors is deprecated: Use the akka.actor package instead. For migration from the scala.actors package refer to the Actors Migration Guide.
[WARNING]     new Actor {
[WARNING]         ^
[WARNING] /home/andriy/Projects/com/github/plokhotnyuk/actors/src/test/scala/com/github/plokhotnyuk/actors/ScalaActorSpec.scala:154: warning: trait IScheduler in package actors is deprecated: Use the akka.actor package instead. For migration from the scala.actors package refer to the Actors Migration Guide.
[WARNING]       override def scheduler: IScheduler = customScheduler
[WARNING]                               ^
[WARNING] /home/andriy/Projects/com/github/plokhotnyuk/actors/src/test/scala/com/github/plokhotnyuk/actors/ScalaActorSpec.scala:157: warning: trait Actor in package actors is deprecated: Use the akka.actor package instead. For migration from the scala.actors package refer to the Actors Migration Guide.
[WARNING]   private def blockableCountActor(l1: CountDownLatch, l2: CountDownLatch, n: Int): Actor =
[WARNING]                                                                                    ^
[WARNING] /home/andriy/Projects/com/github/plokhotnyuk/actors/src/test/scala/com/github/plokhotnyuk/actors/ScalaActorSpec.scala:158: warning: trait Actor in package actors is deprecated: Use the akka.actor package instead. For migration from the scala.actors package refer to the Actors Migration Guide.
[WARNING]     new Actor {
[WARNING]         ^
[WARNING] /home/andriy/Projects/com/github/plokhotnyuk/actors/src/test/scala/com/github/plokhotnyuk/actors/ScalaActorSpec.scala:177: warning: trait IScheduler in package actors is deprecated: Use the akka.actor package instead. For migration from the scala.actors package refer to the Actors Migration Guide.
[WARNING]       override def scheduler: IScheduler = customScheduler
[WARNING]                               ^
[WARNING] /home/andriy/Projects/com/github/plokhotnyuk/actors/src/test/scala/com/github/plokhotnyuk/actors/ScalaActorSpec.scala:180: warning: trait Actor in package actors is deprecated: Use the akka.actor package instead. For migration from the scala.actors package refer to the Actors Migration Guide.
[WARNING]   private def countActor(l: CountDownLatch, n: Int): Actor =
[WARNING]                                                      ^
[WARNING] /home/andriy/Projects/com/github/plokhotnyuk/actors/src/test/scala/com/github/plokhotnyuk/actors/ScalaActorSpec.scala:181: warning: trait Actor in package actors is deprecated: Use the akka.actor package instead. For migration from the scala.actors package refer to the Actors Migration Guide.
[WARNING]     new Actor {
[WARNING]         ^
[WARNING] /home/andriy/Projects/com/github/plokhotnyuk/actors/src/test/scala/com/github/plokhotnyuk/actors/ScalaActorSpec.scala:194: warning: trait IScheduler in package actors is deprecated: Use the akka.actor package instead. For migration from the scala.actors package refer to the Actors Migration Guide.
[WARNING]       override def scheduler: IScheduler = customScheduler
[WARNING]                               ^
[WARNING] /home/andriy/Projects/com/github/plokhotnyuk/actors/src/test/scala/com/github/plokhotnyuk/actors/ScalaActorSpec.scala:197: warning: trait Actor in package actors is deprecated: Use the akka.actor package instead. For migration from the scala.actors package refer to the Actors Migration Guide.
[WARNING]   private def sendMessages(a: Actor, n: Int): Unit = {
[WARNING]                               ^
[WARNING] 12 warnings found
[INFO] prepare-compile in 0 s
[INFO] compile in 7 s
[INFO] ------------------------------------------------------------------------
[INFO] BUILD SUCCESS
[INFO] ------------------------------------------------------------------------
[INFO] Total time: 8.761 s
[INFO] Finished at: 2015-04-02T17:37:45+03:00
[INFO] Final Memory: 11M/213M
[INFO] ------------------------------------------------------------------------
[INFO] Scanning for projects...
[INFO]                                                                         
[INFO] ------------------------------------------------------------------------
[INFO] Building Actors 1.0-SNAPSHOT
[INFO] ------------------------------------------------------------------------
[INFO] 
[INFO] --- maven-resources-plugin:2.6:resources (default-resources) @ actors ---
[INFO] Using 'UTF-8' encoding to copy filtered resources.
[INFO] skip non existing resourceDirectory /home/andriy/Projects/com/github/plokhotnyuk/actors/src/main/resources
[INFO] 
[INFO] --- maven-resources-plugin:2.6:testResources (default-testResources) @ actors ---
[INFO] Using 'UTF-8' encoding to copy filtered resources.
[INFO] skip non existing resourceDirectory /home/andriy/Projects/com/github/plokhotnyuk/actors/src/test/resources
[INFO] 
[INFO] --- scala-maven-plugin:3.2.0:testCompile (testCompile) @ actors ---
[WARNING]  Expected all dependencies to require Scala version: 2.11.6
[WARNING]  com.github.plokhotnyuk.actors:actors:1.0-SNAPSHOT requires scala version: 2.11.6
[WARNING]  com.typesafe.akka:akka-actor_2.11:2.3.9 requires scala version: 2.11.5
[WARNING] Multiple versions of scala libraries detected!
[INFO] Nothing to compile - all classes are up to date
[INFO] 
[INFO] --- maven-surefire-plugin:2.17:test (default-test) @ actors ---
[INFO] Surefire report directory: /home/andriy/Projects/com/github/plokhotnyuk/actors/target/surefire-reports

-------------------------------------------------------
 T E S T S
-------------------------------------------------------

-------------------------------------------------------
 T E S T S
-------------------------------------------------------
Running com.github.plokhotnyuk.actors.AkkaActorSpec
Executor service type: akka-forkjoin-pool

Enqueueing:
10,000,000 ops
309,153,768 ns
32,346,362 ops/s
19.4 % of CPU usage
48 bytes per instance

Dequeueing:
10,000,000 ops
659,546,761 ns
15,161,927 ops/s
16.1 % of CPU usage

Initiation:
100,000 ops
516,397,271 ns
5,163 ns/op
34.4 % of CPU usage
389 bytes per instance

Single-producer sending:
6,000,000 ops
624,150,945 ns
9,613,059 ops/s
26.0 % of CPU usage

Multi-producer sending:
6,000,000 ops
845,777,053 ns
7,094,068 ops/s
71.8 % of CPU usage

Max throughput:
12,000,000 ops
806,139,667 ns
14,885,758 ops/s
24.8 % of CPU usage

Ping latency:
1,500,000 ops
306,095,935 ns
204 ns/op
13.1 % of CPU usage

Ping throughput 10K:
2,000,000 ops
500,775,409 ns
3,993,806 ops/s
44.7 % of CPU usage
Tests run: 8, Failures: 0, Errors: 0, Skipped: 0, Time elapsed: 11.456 sec - in com.github.plokhotnyuk.actors.AkkaActorSpec
Running com.github.plokhotnyuk.actors.AkkaBalanceableActorSpec
Executor service type: akka-forkjoin-pool

Enqueueing:
10,000,000 ops
333,079,583 ns
30,022,854 ops/s
18.0 % of CPU usage
48 bytes per instance

Dequeueing:
10,000,000 ops
520,414,349 ns
19,215,457 ops/s
14.7 % of CPU usage

Initiation:
100,000 ops
525,150,597 ns
5,251 ns/op
39.5 % of CPU usage
389 bytes per instance

Single-producer sending:
6,000,000 ops
576,071,507 ns
10,415,373 ops/s
29.3 % of CPU usage

Multi-producer sending:
6,000,000 ops
863,960,983 ns
6,944,758 ops/s
71.8 % of CPU usage

Max throughput:
12,000,000 ops
642,087,103 ns
18,689,053 ops/s
25.1 % of CPU usage

Ping latency:
1,500,000 ops
218,722,344 ns
145 ns/op
13.7 % of CPU usage

Ping throughput 10K:
2,000,000 ops
489,689,158 ns
4,084,223 ops/s
40.3 % of CPU usage
Tests run: 8, Failures: 0, Errors: 0, Skipped: 0, Time elapsed: 11.073 sec - in com.github.plokhotnyuk.actors.AkkaBalanceableActorSpec
Running com.github.plokhotnyuk.actors.AkkaBoundedActorSpec
Executor service type: akka-forkjoin-pool

Enqueueing:
10,000,000 ops
455,500,999 ns
21,953,848 ops/s
15.1 % of CPU usage
48 bytes per instance

Dequeueing:
10,000,000 ops
643,193,652 ns
15,547,417 ops/s
13.6 % of CPU usage

Initiation:
100,000 ops
524,326,332 ns
5,243 ns/op
33.4 % of CPU usage
573 bytes per instance

Single-producer sending:
6,000,000 ops
1,035,691,240 ns
5,793,232 ops/s
26.9 % of CPU usage

Multi-producer sending:
6,000,000 ops
1,816,342,248 ns
3,303,342 ops/s
38.0 % of CPU usage

Max throughput:
12,000,000 ops
851,206,908 ns
14,097,629 ops/s
23.5 % of CPU usage

Ping latency:
1,500,000 ops
336,969,222 ns
224 ns/op
14.1 % of CPU usage

Ping throughput 10K:
2,000,000 ops
652,376,779 ns
3,065,713 ops/s
34.5 % of CPU usage

Overflow throughput:
5,000,000 ops
427,940,623 ns
11,683,863 ops/s
13.1 % of CPU usage
Tests run: 9, Failures: 0, Errors: 0, Skipped: 0, Time elapsed: 14.316 sec - in com.github.plokhotnyuk.actors.AkkaBoundedActorSpec
Running com.github.plokhotnyuk.actors.AkkaNonBalanceableActorSpec
Executor service type: akka-forkjoin-pool

Enqueueing:
10,000,000 ops
237,307,199 ns
42,139,471 ops/s
15.8 % of CPU usage
48 bytes per instance

Dequeueing:
10,000,000 ops
430,227,023 ns
23,243,542 ops/s
14.2 % of CPU usage

Initiation:
100,000 ops
499,570,629 ns
4,995 ns/op
33.0 % of CPU usage
389 bytes per instance

Single-producer sending:
6,000,000 ops
478,050,284 ns
12,550,980 ops/s
28.0 % of CPU usage

Multi-producer sending:
6,000,000 ops
791,646,497 ns
7,579,140 ops/s
68.2 % of CPU usage

Max throughput:
12,000,000 ops
617,070,988 ns
19,446,709 ops/s
26.9 % of CPU usage

Ping latency:
1,500,000 ops
220,308,766 ns
146 ns/op
15.3 % of CPU usage

Ping throughput 10K:
2,000,000 ops
476,531,525 ns
4,196,994 ops/s
52.2 % of CPU usage
Tests run: 8, Failures: 0, Errors: 0, Skipped: 0, Time elapsed: 10.278 sec - in com.github.plokhotnyuk.actors.AkkaNonBalanceableActorSpec
Running com.github.plokhotnyuk.actors.AkkaNonBlockingBoundedActorSpec
Executor service type: akka-forkjoin-pool

Enqueueing:
10,000,000 ops
242,720,411 ns
41,199,666 ops/s
15.4 % of CPU usage
48 bytes per instance

Dequeueing:
10,000,000 ops
497,745,338 ns
20,090,595 ops/s
14.8 % of CPU usage

Initiation:
100,000 ops
483,178,521 ns
4,831 ns/op
37.8 % of CPU usage
389 bytes per instance

Single-producer sending:
6,000,000 ops
620,068,764 ns
9,676,346 ops/s
28.0 % of CPU usage

Multi-producer sending:
6,000,000 ops
992,129,188 ns
6,047,599 ops/s
87.9 % of CPU usage

Max throughput:
12,000,000 ops
656,628,915 ns
18,275,162 ops/s
25.7 % of CPU usage

Ping latency:
1,500,000 ops
231,977,372 ns
154 ns/op
14.0 % of CPU usage

Ping throughput 10K:
2,000,000 ops
486,934,095 ns
4,107,332 ops/s
52.4 % of CPU usage

Overflow throughput:
5,000,000 ops
355,528,457 ns
14,063,571 ops/s
13.4 % of CPU usage
Tests run: 9, Failures: 0, Errors: 0, Skipped: 0, Time elapsed: 11.354 sec - in com.github.plokhotnyuk.actors.AkkaNonBlockingBoundedActorSpec
Running com.github.plokhotnyuk.actors.LiftActorSpec
Executor service type: akka-forkjoin-pool

Enqueueing:
10,000,000 ops
401,148,676 ns
24,928,413 ops/s
13.4 % of CPU usage
24 bytes per instance

Dequeueing:
10,000,000 ops
386,723,496 ns
25,858,268 ops/s
15.5 % of CPU usage

Initiation:
10,000,000 ops
614,752,645 ns
61 ns/op
19.5 % of CPU usage
72 bytes per instance

Single-producer sending:
6,000,000 ops
693,386,724 ns
8,653,179 ops/s
28.8 % of CPU usage

Multi-producer sending:
6,000,000 ops
694,586,464 ns
8,638,233 ops/s
38.7 % of CPU usage

Max throughput:
12,000,000 ops
539,080,310 ns
22,260,134 ops/s
32.0 % of CPU usage

Ping latency:
1,500,000 ops
539,888,904 ns
359 ns/op
17.4 % of CPU usage

Ping throughput 10K:
2,000,000 ops
647,076,263 ns
3,090,825 ops/s
14.9 % of CPU usage
Tests run: 8, Failures: 0, Errors: 0, Skipped: 0, Time elapsed: 10.881 sec - in com.github.plokhotnyuk.actors.LiftActorSpec
Running com.github.plokhotnyuk.actors.MinimalistActorSpec
Executor service type: akka-forkjoin-pool

Enqueueing:
40,000,000 ops
657,257,550 ns
60,858,943 ops/s
12.9 % of CPU usage
24 bytes per instance

Dequeueing:
40,000,000 ops
249,805,417 ns
160,124,630 ops/s
14.5 % of CPU usage

Initiation:
2,000,000 ops
284,462,710 ns
142 ns/op
43.9 % of CPU usage
43 bytes per instance

Single-producer sending:
15,000,000 ops
589,681,558 ns
25,437,458 ops/s
27.6 % of CPU usage

Multi-producer sending:
15,000,000 ops
1,431,424,426 ns
10,479,072 ops/s
97.0 % of CPU usage

Max throughput:
30,000,000 ops
277,380,198 ns
108,154,800 ops/s
47.3 % of CPU usage

Ping latency:
3,000,000 ops
198,096,092 ns
66 ns/op
15.8 % of CPU usage

Ping throughput 10K:
6,000,000 ops
439,520,439 ns
13,651,242 ops/s
16.8 % of CPU usage
Tests run: 8, Failures: 0, Errors: 0, Skipped: 0, Time elapsed: 9.535 sec - in com.github.plokhotnyuk.actors.MinimalistActorSpec
Running com.github.plokhotnyuk.actors.ScalaActorSpec
Executor service type: akka-forkjoin-pool

Enqueueing:
20,000,000 ops
438,547,570 ns
45,605,086 ops/s
14.3 % of CPU usage
23 bytes per instance

Dequeueing:
300,000 ops
469,667,796 ns
638,749 ops/s
27.7 % of CPU usage

Initiation:
600,000 ops
410,572,429 ns
684 ns/op
49.9 % of CPU usage
260 bytes per instance

Single-producer sending:
300,000 ops
498,542,354 ns
601,754 ops/s
23.8 % of CPU usage

Multi-producer sending:
300,000 ops
437,054,793 ns
686,412 ops/s
18.0 % of CPU usage

Max throughput:
600,000 ops
843,361,540 ns
711,438 ops/s
14.4 % of CPU usage

Ping latency:
250,000 ops
558,858,473 ns
2,235 ns/op
19.9 % of CPU usage

Ping throughput 10K:
400,000 ops
823,136,176 ns
485,946 ops/s
13.5 % of CPU usage
Tests run: 8, Failures: 0, Errors: 0, Skipped: 0, Time elapsed: 8.529 sec - in com.github.plokhotnyuk.actors.ScalaActorSpec
Running com.github.plokhotnyuk.actors.ScalazActorSpec
Executor service type: akka-forkjoin-pool

Enqueueing:
40,000,000 ops
687,656,357 ns
58,168,588 ops/s
12.9 % of CPU usage
24 bytes per instance

Dequeueing:
40,000,000 ops
161,574,206 ns
247,564,267 ops/s
13.9 % of CPU usage

Initiation:
10,000,000 ops
274,767,287 ns
27 ns/op
27.3 % of CPU usage
104 bytes per instance

Single-producer sending:
15,000,000 ops
502,743,504 ns
29,836,288 ops/s
25.6 % of CPU usage

Multi-producer sending:
15,000,000 ops
1,458,449,314 ns
10,284,896 ops/s
93.6 % of CPU usage

Max throughput:
30,000,000 ops
198,832,735 ns
150,880,588 ops/s
61.0 % of CPU usage

Ping latency:
3,000,000 ops
224,807,464 ns
74 ns/op
17.8 % of CPU usage

Ping throughput 10K:
6,000,000 ops
352,669,167 ns
17,013,111 ops/s
14.9 % of CPU usage
Tests run: 8, Failures: 0, Errors: 0, Skipped: 0, Time elapsed: 11.89 sec - in com.github.plokhotnyuk.actors.ScalazActorSpec

Results :

Tests run: 74, Failures: 0, Errors: 0, Skipped: 0

[INFO] ------------------------------------------------------------------------
[INFO] BUILD SUCCESS
[INFO] ------------------------------------------------------------------------
[INFO] Total time: 01:45 min
[INFO] Finished at: 2015-04-02T17:39:32+03:00
[INFO] Final Memory: 13M/213M
[INFO] ------------------------------------------------------------------------
[INFO] Scanning for projects...
[INFO]                                                                         
[INFO] ------------------------------------------------------------------------
[INFO] Building Actors 1.0-SNAPSHOT
[INFO] ------------------------------------------------------------------------
[INFO] 
[INFO] --- maven-resources-plugin:2.6:resources (default-resources) @ actors ---
[INFO] Using 'UTF-8' encoding to copy filtered resources.
[INFO] skip non existing resourceDirectory /home/andriy/Projects/com/github/plokhotnyuk/actors/src/main/resources
[INFO] 
[INFO] --- maven-resources-plugin:2.6:testResources (default-testResources) @ actors ---
[INFO] Using 'UTF-8' encoding to copy filtered resources.
[INFO] skip non existing resourceDirectory /home/andriy/Projects/com/github/plokhotnyuk/actors/src/test/resources
[INFO] 
[INFO] --- scala-maven-plugin:3.2.0:testCompile (testCompile) @ actors ---
[WARNING]  Expected all dependencies to require Scala version: 2.11.6
[WARNING]  com.github.plokhotnyuk.actors:actors:1.0-SNAPSHOT requires scala version: 2.11.6
[WARNING]  com.typesafe.akka:akka-actor_2.11:2.3.9 requires scala version: 2.11.5
[WARNING] Multiple versions of scala libraries detected!
[INFO] Nothing to compile - all classes are up to date
[INFO] 
[INFO] --- maven-surefire-plugin:2.17:test (default-test) @ actors ---
[INFO] Surefire report directory: /home/andriy/Projects/com/github/plokhotnyuk/actors/target/surefire-reports

-------------------------------------------------------
 T E S T S
-------------------------------------------------------

-------------------------------------------------------
 T E S T S
-------------------------------------------------------
Running com.github.plokhotnyuk.actors.AkkaActorSpec
Executor service type: scala-forkjoin-pool

Enqueueing:
10,000,000 ops
306,298,193 ns
32,647,923 ops/s
17.1 % of CPU usage
48 bytes per instance

Dequeueing:
10,000,000 ops
582,044,679 ns
17,180,811 ops/s
15.5 % of CPU usage

Initiation:
100,000 ops
501,434,963 ns
5,014 ns/op
33.4 % of CPU usage
389 bytes per instance

Single-producer sending:
6,000,000 ops
596,022,276 ns
10,066,737 ops/s
28.1 % of CPU usage

Multi-producer sending:
6,000,000 ops
797,329,278 ns
7,525,121 ops/s
75.7 % of CPU usage

Max throughput:
12,000,000 ops
784,275,018 ns
15,300,755 ops/s
24.7 % of CPU usage

Ping latency:
1,500,000 ops
359,594,826 ns
239 ns/op
12.9 % of CPU usage

Ping throughput 10K:
2,000,000 ops
991,920,713 ns
2,016,290 ops/s
23.8 % of CPU usage
Tests run: 8, Failures: 0, Errors: 0, Skipped: 0, Time elapsed: 11.768 sec - in com.github.plokhotnyuk.actors.AkkaActorSpec
Running com.github.plokhotnyuk.actors.AkkaBalanceableActorSpec
Executor service type: scala-forkjoin-pool

Enqueueing:
10,000,000 ops
332,727,008 ns
30,054,668 ops/s
15.0 % of CPU usage
48 bytes per instance

Dequeueing:
10,000,000 ops
479,866,323 ns
20,839,136 ops/s
14.8 % of CPU usage

Initiation:
100,000 ops
504,203,474 ns
5,042 ns/op
33.5 % of CPU usage
389 bytes per instance

Single-producer sending:
6,000,000 ops
512,221,222 ns
11,713,688 ops/s
26.4 % of CPU usage

Multi-producer sending:
6,000,000 ops
854,993,416 ns
7,017,597 ops/s
74.3 % of CPU usage

Max throughput:
12,000,000 ops
639,112,458 ns
18,776,038 ops/s
25.0 % of CPU usage

Ping latency:
1,500,000 ops
294,322,125 ns
196 ns/op
14.0 % of CPU usage

Ping throughput 10K:
2,000,000 ops
884,768,844 ns
2,260,477 ops/s
23.7 % of CPU usage
Tests run: 8, Failures: 0, Errors: 0, Skipped: 0, Time elapsed: 11.22 sec - in com.github.plokhotnyuk.actors.AkkaBalanceableActorSpec
Running com.github.plokhotnyuk.actors.AkkaBoundedActorSpec
Executor service type: scala-forkjoin-pool

Enqueueing:
10,000,000 ops
462,632,734 ns
21,615,418 ops/s
18.9 % of CPU usage
48 bytes per instance

Dequeueing:
10,000,000 ops
694,702,850 ns
14,394,643 ops/s
14.0 % of CPU usage

Initiation:
100,000 ops
444,534,138 ns
4,445 ns/op
33.5 % of CPU usage
573 bytes per instance

Single-producer sending:
6,000,000 ops
1,045,528,326 ns
5,738,725 ops/s
25.5 % of CPU usage

Multi-producer sending:
6,000,000 ops
1,916,933,866 ns
3,129,998 ops/s
38.5 % of CPU usage

Max throughput:
12,000,000 ops
859,494,843 ns
13,961,689 ops/s
23.0 % of CPU usage

Ping latency:
1,500,000 ops
348,395,998 ns
232 ns/op
13.3 % of CPU usage

Ping throughput 10K:
2,000,000 ops
1,229,887,902 ns
1,626,164 ops/s
22.4 % of CPU usage

Overflow throughput:
5,000,000 ops
428,512,799 ns
11,668,262 ops/s
14.6 % of CPU usage
Tests run: 9, Failures: 0, Errors: 0, Skipped: 0, Time elapsed: 15.023 sec - in com.github.plokhotnyuk.actors.AkkaBoundedActorSpec
Running com.github.plokhotnyuk.actors.AkkaNonBalanceableActorSpec
Executor service type: scala-forkjoin-pool

Enqueueing:
10,000,000 ops
236,730,547 ns
42,242,119 ops/s
20.1 % of CPU usage
48 bytes per instance

Dequeueing:
10,000,000 ops
459,760,312 ns
21,750,463 ops/s
15.0 % of CPU usage

Initiation:
100,000 ops
475,803,044 ns
4,758 ns/op
38.1 % of CPU usage
389 bytes per instance

Single-producer sending:
6,000,000 ops
551,379,926 ns
10,881,788 ops/s
25.8 % of CPU usage

Multi-producer sending:
6,000,000 ops
791,003,560 ns
7,585,300 ops/s
70.6 % of CPU usage

Max throughput:
12,000,000 ops
625,783,067 ns
19,175,974 ops/s
25.4 % of CPU usage

Ping latency:
1,500,000 ops
265,629,523 ns
177 ns/op
13.6 % of CPU usage

Ping throughput 10K:
2,000,000 ops
946,983,235 ns
2,111,969 ops/s
25.6 % of CPU usage
Tests run: 8, Failures: 0, Errors: 0, Skipped: 0, Time elapsed: 10.949 sec - in com.github.plokhotnyuk.actors.AkkaNonBalanceableActorSpec
Running com.github.plokhotnyuk.actors.AkkaNonBlockingBoundedActorSpec
Executor service type: scala-forkjoin-pool

Enqueueing:
10,000,000 ops
325,000,657 ns
30,769,168 ops/s
16.5 % of CPU usage
48 bytes per instance

Dequeueing:
10,000,000 ops
490,534,932 ns
20,385,908 ops/s
14.5 % of CPU usage

Initiation:
100,000 ops
474,162,531 ns
4,741 ns/op
32.7 % of CPU usage
389 bytes per instance

Single-producer sending:
6,000,000 ops
542,958,448 ns
11,050,569 ops/s
28.3 % of CPU usage

Multi-producer sending:
6,000,000 ops
1,016,013,226 ns
5,905,434 ops/s
81.4 % of CPU usage

Max throughput:
12,000,000 ops
644,885,906 ns
18,607,942 ops/s
25.4 % of CPU usage

Ping latency:
1,500,000 ops
286,836,513 ns
191 ns/op
13.9 % of CPU usage

Ping throughput 10K:
2,000,000 ops
1,009,940,134 ns
1,980,315 ops/s
25.4 % of CPU usage

Overflow throughput:
5,000,000 ops
365,682,265 ns
13,673,072 ops/s
15.0 % of CPU usage
Tests run: 9, Failures: 0, Errors: 0, Skipped: 0, Time elapsed: 12.1 sec - in com.github.plokhotnyuk.actors.AkkaNonBlockingBoundedActorSpec
Running com.github.plokhotnyuk.actors.LiftActorSpec
Executor service type: scala-forkjoin-pool

Enqueueing:
10,000,000 ops
395,359,201 ns
25,293,454 ops/s
13.9 % of CPU usage
24 bytes per instance

Dequeueing:
10,000,000 ops
423,330,029 ns
23,622,231 ops/s
13.9 % of CPU usage

Initiation:
10,000,000 ops
619,358,227 ns
61 ns/op
19.2 % of CPU usage
72 bytes per instance

Single-producer sending:
6,000,000 ops
418,394,046 ns
14,340,548 ops/s
25.7 % of CPU usage

Multi-producer sending:
6,000,000 ops
668,773,730 ns
8,971,644 ops/s
40.2 % of CPU usage

Max throughput:
12,000,000 ops
655,661,691 ns
18,302,121 ops/s
25.2 % of CPU usage

Ping latency:
1,500,000 ops
547,858,664 ns
365 ns/op
16.4 % of CPU usage

Ping throughput 10K:
2,000,000 ops
633,238,643 ns
3,158,366 ops/s
15.6 % of CPU usage
Tests run: 8, Failures: 0, Errors: 0, Skipped: 0, Time elapsed: 10.853 sec - in com.github.plokhotnyuk.actors.LiftActorSpec
Running com.github.plokhotnyuk.actors.MinimalistActorSpec
Executor service type: scala-forkjoin-pool

Enqueueing:
40,000,000 ops
665,158,990 ns
60,135,998 ops/s
13.0 % of CPU usage
24 bytes per instance

Dequeueing:
40,000,000 ops
250,252,871 ns
159,838,326 ops/s
14.5 % of CPU usage

Initiation:
2,000,000 ops
269,865,559 ns
134 ns/op
44.0 % of CPU usage
43 bytes per instance

Single-producer sending:
15,000,000 ops
306,343,028 ns
48,964,718 ops/s
31.0 % of CPU usage

Multi-producer sending:
15,000,000 ops
1,478,854,084 ns
10,142,988 ops/s
96.7 % of CPU usage

Max throughput:
30,000,000 ops
307,030,772 ns
97,710,075 ops/s
52.5 % of CPU usage

Ping latency:
3,000,000 ops
183,775,233 ns
61 ns/op
16.3 % of CPU usage

Ping throughput 10K:
6,000,000 ops
344,262,709 ns
17,428,550 ops/s
14.5 % of CPU usage
Tests run: 8, Failures: 0, Errors: 0, Skipped: 0, Time elapsed: 9.355 sec - in com.github.plokhotnyuk.actors.MinimalistActorSpec
Running com.github.plokhotnyuk.actors.ScalaActorSpec
Executor service type: scala-forkjoin-pool

Enqueueing:
20,000,000 ops
434,753,837 ns
46,003,044 ops/s
14.1 % of CPU usage
23 bytes per instance

Dequeueing:
300,000 ops
488,158,987 ns
614,553 ops/s
24.8 % of CPU usage

Initiation:
600,000 ops
345,742,695 ns
576 ns/op
50.6 % of CPU usage
297 bytes per instance

Single-producer sending:
300,000 ops
534,609,131 ns
561,157 ops/s
24.6 % of CPU usage

Multi-producer sending:
300,000 ops
467,370,577 ns
641,888 ops/s
17.4 % of CPU usage

Max throughput:
600,000 ops
949,675,722 ns
631,794 ops/s
13.4 % of CPU usage

Ping latency:
250,000 ops
612,244,979 ns
2,448 ns/op
18.6 % of CPU usage

Ping throughput 10K:
400,000 ops
949,389,480 ns
421,323 ops/s
14.1 % of CPU usage
Tests run: 8, Failures: 0, Errors: 0, Skipped: 0, Time elapsed: 9.024 sec - in com.github.plokhotnyuk.actors.ScalaActorSpec
Running com.github.plokhotnyuk.actors.ScalazActorSpec
Executor service type: scala-forkjoin-pool

Enqueueing:
40,000,000 ops
669,828,345 ns
59,716,792 ops/s
12.7 % of CPU usage
24 bytes per instance

Dequeueing:
40,000,000 ops
162,399,781 ns
246,305,750 ops/s
13.9 % of CPU usage

Initiation:
10,000,000 ops
258,638,244 ns
25 ns/op
27.1 % of CPU usage
104 bytes per instance

Single-producer sending:
15,000,000 ops
261,818,556 ns
57,291,584 ops/s
33.4 % of CPU usage

Multi-producer sending:
15,000,000 ops
1,384,186,815 ns
10,836,687 ops/s
88.9 % of CPU usage

Max throughput:
30,000,000 ops
190,877,821 ns
157,168,600 ops/s
64.8 % of CPU usage

Ping latency:
3,000,000 ops
175,466,791 ns
58 ns/op
22.1 % of CPU usage

Ping throughput 10K:
6,000,000 ops
335,155,097 ns
17,902,159 ops/s
16.8 % of CPU usage
Tests run: 8, Failures: 0, Errors: 0, Skipped: 0, Time elapsed: 11.583 sec - in com.github.plokhotnyuk.actors.ScalazActorSpec

Results :

Tests run: 74, Failures: 0, Errors: 0, Skipped: 0

[INFO] ------------------------------------------------------------------------
[INFO] BUILD SUCCESS
[INFO] ------------------------------------------------------------------------
[INFO] Total time: 01:47 min
[INFO] Finished at: 2015-04-02T17:41:21+03:00
[INFO] Final Memory: 13M/217M
[INFO] ------------------------------------------------------------------------
[INFO] Scanning for projects...
[INFO]                                                                         
[INFO] ------------------------------------------------------------------------
[INFO] Building Actors 1.0-SNAPSHOT
[INFO] ------------------------------------------------------------------------
[INFO] 
[INFO] --- maven-resources-plugin:2.6:resources (default-resources) @ actors ---
[INFO] Using 'UTF-8' encoding to copy filtered resources.
[INFO] skip non existing resourceDirectory /home/andriy/Projects/com/github/plokhotnyuk/actors/src/main/resources
[INFO] 
[INFO] --- maven-resources-plugin:2.6:testResources (default-testResources) @ actors ---
[INFO] Using 'UTF-8' encoding to copy filtered resources.
[INFO] skip non existing resourceDirectory /home/andriy/Projects/com/github/plokhotnyuk/actors/src/test/resources
[INFO] 
[INFO] --- scala-maven-plugin:3.2.0:testCompile (testCompile) @ actors ---
[WARNING]  Expected all dependencies to require Scala version: 2.11.6
[WARNING]  com.github.plokhotnyuk.actors:actors:1.0-SNAPSHOT requires scala version: 2.11.6
[WARNING]  com.typesafe.akka:akka-actor_2.11:2.3.9 requires scala version: 2.11.5
[WARNING] Multiple versions of scala libraries detected!
[INFO] Nothing to compile - all classes are up to date
[INFO] 
[INFO] --- maven-surefire-plugin:2.17:test (default-test) @ actors ---
[INFO] Surefire report directory: /home/andriy/Projects/com/github/plokhotnyuk/actors/target/surefire-reports

-------------------------------------------------------
 T E S T S
-------------------------------------------------------

-------------------------------------------------------
 T E S T S
-------------------------------------------------------
Running com.github.plokhotnyuk.actors.AkkaActorSpec
Executor service type: java-forkjoin-pool

Enqueueing:
10,000,000 ops
261,655,307 ns
38,218,219 ops/s
19.1 % of CPU usage
48 bytes per instance

Dequeueing:
10,000,000 ops
600,067,032 ns
16,664,804 ops/s
17.3 % of CPU usage

Initiation:
100,000 ops
460,913,058 ns
4,609 ns/op
35.8 % of CPU usage
421 bytes per instance

Single-producer sending:
6,000,000 ops
521,537,657 ns
11,504,442 ops/s
25.4 % of CPU usage

Multi-producer sending:
6,000,000 ops
861,572,286 ns
6,964,012 ops/s
68.6 % of CPU usage

Max throughput:
12,000,000 ops
793,547,135 ns
15,121,975 ops/s
23.9 % of CPU usage

Ping latency:
1,500,000 ops
261,668,824 ns
174 ns/op
13.9 % of CPU usage

Ping throughput 10K:
2,000,000 ops
613,225,660 ns
3,261,442 ops/s
35.1 % of CPU usage
Tests run: 8, Failures: 0, Errors: 0, Skipped: 0, Time elapsed: 11.163 sec - in com.github.plokhotnyuk.actors.AkkaActorSpec
Running com.github.plokhotnyuk.actors.AkkaBalanceableActorSpec
Executor service type: java-forkjoin-pool

Enqueueing:
10,000,000 ops
235,182,164 ns
42,520,231 ops/s
17.5 % of CPU usage
48 bytes per instance

Dequeueing:
10,000,000 ops
494,575,198 ns
20,219,372 ops/s
14.7 % of CPU usage

Initiation:
100,000 ops
443,389,488 ns
4,433 ns/op
35.2 % of CPU usage
421 bytes per instance

Single-producer sending:
6,000,000 ops
507,592,604 ns
11,820,503 ops/s
27.8 % of CPU usage

Multi-producer sending:
6,000,000 ops
831,732,758 ns
7,213,855 ops/s
74.4 % of CPU usage

Max throughput:
12,000,000 ops
634,154,984 ns
18,922,819 ops/s
25.6 % of CPU usage

Ping latency:
1,500,000 ops
248,129,386 ns
165 ns/op
13.6 % of CPU usage

Ping throughput 10K:
2,000,000 ops
578,946,614 ns
3,454,549 ops/s
38.2 % of CPU usage
Tests run: 8, Failures: 0, Errors: 0, Skipped: 0, Time elapsed: 10.926 sec - in com.github.plokhotnyuk.actors.AkkaBalanceableActorSpec
Running com.github.plokhotnyuk.actors.AkkaBoundedActorSpec
Executor service type: java-forkjoin-pool

Enqueueing:
10,000,000 ops
441,299,931 ns
22,660,325 ops/s
16.1 % of CPU usage
48 bytes per instance

Dequeueing:
10,000,000 ops
688,600,843 ns
14,522,201 ops/s
14.0 % of CPU usage

Initiation:
100,000 ops
470,784,849 ns
4,707 ns/op
35.0 % of CPU usage
605 bytes per instance

Single-producer sending:
6,000,000 ops
821,833,378 ns
7,300,749 ops/s
25.9 % of CPU usage

Multi-producer sending:
6,000,000 ops
1,319,347,734 ns
4,547,701 ops/s
37.1 % of CPU usage

Max throughput:
12,000,000 ops
860,842,324 ns
13,939,835 ops/s
22.7 % of CPU usage

Ping latency:
1,500,000 ops
317,605,888 ns
211 ns/op
14.2 % of CPU usage

Ping throughput 10K:
2,000,000 ops
564,351,511 ns
3,543,890 ops/s
35.0 % of CPU usage

Overflow throughput:
5,000,000 ops
423,884,830 ns
11,795,656 ops/s
13.3 % of CPU usage
Tests run: 9, Failures: 0, Errors: 0, Skipped: 0, Time elapsed: 13.488 sec - in com.github.plokhotnyuk.actors.AkkaBoundedActorSpec
Running com.github.plokhotnyuk.actors.AkkaNonBalanceableActorSpec
Executor service type: java-forkjoin-pool

Enqueueing:
10,000,000 ops
232,944,120 ns
42,928,750 ops/s
15.6 % of CPU usage
48 bytes per instance

Dequeueing:
10,000,000 ops
442,761,915 ns
22,585,501 ops/s
14.1 % of CPU usage

Initiation:
100,000 ops
455,338,943 ns
4,553 ns/op
36.5 % of CPU usage
421 bytes per instance

Single-producer sending:
6,000,000 ops
477,276,058 ns
12,571,340 ops/s
28.3 % of CPU usage

Multi-producer sending:
6,000,000 ops
809,805,000 ns
7,409,191 ops/s
69.5 % of CPU usage

Max throughput:
12,000,000 ops
627,740,473 ns
19,116,180 ops/s
25.9 % of CPU usage

Ping latency:
1,500,000 ops
272,947,790 ns
181 ns/op
13.3 % of CPU usage

Ping throughput 10K:
2,000,000 ops
469,964,243 ns
4,255,642 ops/s
46.0 % of CPU usage
Tests run: 8, Failures: 0, Errors: 0, Skipped: 0, Time elapsed: 10.444 sec - in com.github.plokhotnyuk.actors.AkkaNonBalanceableActorSpec
Running com.github.plokhotnyuk.actors.AkkaNonBlockingBoundedActorSpec
Executor service type: java-forkjoin-pool

Enqueueing:
10,000,000 ops
240,828,957 ns
41,523,245 ops/s
16.1 % of CPU usage
48 bytes per instance

Dequeueing:
10,000,000 ops
497,583,290 ns
20,097,137 ops/s
14.3 % of CPU usage

Initiation:
100,000 ops
481,387,773 ns
4,813 ns/op
33.8 % of CPU usage
421 bytes per instance

Single-producer sending:
6,000,000 ops
563,221,120 ns
10,653,009 ops/s
22.4 % of CPU usage

Multi-producer sending:
6,000,000 ops
1,054,087,287 ns
5,692,128 ops/s
82.8 % of CPU usage

Max throughput:
12,000,000 ops
635,838,904 ns
18,872,704 ops/s
25.6 % of CPU usage

Ping latency:
1,500,000 ops
233,311,837 ns
155 ns/op
13.9 % of CPU usage

Ping throughput 10K:
2,000,000 ops
579,018,409 ns
3,454,121 ops/s
37.3 % of CPU usage

Overflow throughput:
5,000,000 ops
363,833,096 ns
13,742,565 ops/s
13.1 % of CPU usage
Tests run: 9, Failures: 0, Errors: 0, Skipped: 0, Time elapsed: 11.793 sec - in com.github.plokhotnyuk.actors.AkkaNonBlockingBoundedActorSpec
Running com.github.plokhotnyuk.actors.LiftActorSpec
Executor service type: java-forkjoin-pool

Enqueueing:
10,000,000 ops
357,256,686 ns
27,991,078 ops/s
13.6 % of CPU usage
24 bytes per instance

Dequeueing:
10,000,000 ops
377,995,337 ns
26,455,352 ops/s
14.9 % of CPU usage

Initiation:
10,000,000 ops
594,949,206 ns
59 ns/op
19.1 % of CPU usage
72 bytes per instance

Single-producer sending:
6,000,000 ops
711,759,778 ns
8,429,810 ops/s
29.5 % of CPU usage

Multi-producer sending:
6,000,000 ops
691,721,409 ns
8,674,012 ops/s
37.9 % of CPU usage

Max throughput:
12,000,000 ops
502,764,262 ns
23,868,044 ops/s
27.8 % of CPU usage

Ping latency:
1,500,000 ops
625,798,390 ns
417 ns/op
16.2 % of CPU usage

Ping throughput 10K:
2,000,000 ops
606,536,211 ns
3,297,412 ops/s
14.6 % of CPU usage
Tests run: 8, Failures: 0, Errors: 0, Skipped: 0, Time elapsed: 10.784 sec - in com.github.plokhotnyuk.actors.LiftActorSpec
Running com.github.plokhotnyuk.actors.MinimalistActorSpec
Executor service type: java-forkjoin-pool

Enqueueing:
40,000,000 ops
651,849,981 ns
61,363,812 ops/s
13.0 % of CPU usage
24 bytes per instance

Dequeueing:
40,000,000 ops
155,837,050 ns
256,678,370 ops/s
12.8 % of CPU usage

Initiation:
2,000,000 ops
355,620,873 ns
177 ns/op
38.0 % of CPU usage
40 bytes per instance

Single-producer sending:
15,000,000 ops
273,471,803 ns
54,850,261 ops/s
27.4 % of CPU usage

Multi-producer sending:
15,000,000 ops
1,325,383,274 ns
11,317,480 ops/s
90.7 % of CPU usage

Max throughput:
30,000,000 ops
284,963,125 ns
105,276,779 ops/s
48.3 % of CPU usage

Ping latency:
3,000,000 ops
223,196,376 ns
74 ns/op
15.1 % of CPU usage

Ping throughput 10K:
6,000,000 ops
394,571,446 ns
15,206,371 ops/s
13.9 % of CPU usage
Tests run: 8, Failures: 0, Errors: 0, Skipped: 0, Time elapsed: 9.254 sec - in com.github.plokhotnyuk.actors.MinimalistActorSpec
Running com.github.plokhotnyuk.actors.ScalaActorSpec
Executor service type: java-forkjoin-pool

Enqueueing:
20,000,000 ops
436,276,789 ns
45,842,457 ops/s
14.3 % of CPU usage
23 bytes per instance

Dequeueing:
300,000 ops
408,850,305 ns
733,764 ops/s
29.4 % of CPU usage

Initiation:
600,000 ops
358,878,264 ns
598 ns/op
50.2 % of CPU usage
295 bytes per instance

Single-producer sending:
300,000 ops
492,967,049 ns
608,559 ops/s
24.1 % of CPU usage

Multi-producer sending:
300,000 ops
406,618,762 ns
737,791 ops/s
18.4 % of CPU usage

Max throughput:
600,000 ops
933,510,981 ns
642,734 ops/s
13.1 % of CPU usage

Ping latency:
250,000 ops
620,655,859 ns
2,482 ns/op
18.9 % of CPU usage

Ping throughput 10K:
400,000 ops
891,348,759 ns
448,758 ops/s
13.6 % of CPU usage
Tests run: 8, Failures: 0, Errors: 0, Skipped: 0, Time elapsed: 8.841 sec - in com.github.plokhotnyuk.actors.ScalaActorSpec
Running com.github.plokhotnyuk.actors.ScalazActorSpec
Executor service type: java-forkjoin-pool

Enqueueing:
40,000,000 ops
644,582,851 ns
62,055,637 ops/s
12.6 % of CPU usage
24 bytes per instance

Dequeueing:
40,000,000 ops
166,348,725 ns
240,458,711 ops/s
13.5 % of CPU usage

Initiation:
10,000,000 ops
276,116,408 ns
27 ns/op
27.2 % of CPU usage
104 bytes per instance

Single-producer sending:
15,000,000 ops
435,260,293 ns
34,462,137 ops/s
25.6 % of CPU usage

Multi-producer sending:
15,000,000 ops
1,371,219,482 ns
10,939,167 ops/s
87.7 % of CPU usage

Max throughput:
30,000,000 ops
228,714,139 ns
131,168,104 ops/s
57.4 % of CPU usage

Ping latency:
3,000,000 ops
233,007,389 ns
77 ns/op
19.8 % of CPU usage

Ping throughput 10K:
6,000,000 ops
345,917,652 ns
17,345,168 ops/s
16.6 % of CPU usage
Tests run: 8, Failures: 0, Errors: 0, Skipped: 0, Time elapsed: 11.58 sec - in com.github.plokhotnyuk.actors.ScalazActorSpec

Results :

Tests run: 74, Failures: 0, Errors: 0, Skipped: 0

[INFO] ------------------------------------------------------------------------
[INFO] BUILD SUCCESS
[INFO] ------------------------------------------------------------------------
[INFO] Total time: 01:45 min
[INFO] Finished at: 2015-04-02T17:43:07+03:00
[INFO] Final Memory: 14M/213M
[INFO] ------------------------------------------------------------------------
[INFO] Scanning for projects...
[INFO]                                                                         
[INFO] ------------------------------------------------------------------------
[INFO] Building Actors 1.0-SNAPSHOT
[INFO] ------------------------------------------------------------------------
[INFO] 
[INFO] --- maven-resources-plugin:2.6:resources (default-resources) @ actors ---
[INFO] Using 'UTF-8' encoding to copy filtered resources.
[INFO] skip non existing resourceDirectory /home/andriy/Projects/com/github/plokhotnyuk/actors/src/main/resources
[INFO] 
[INFO] --- maven-resources-plugin:2.6:testResources (default-testResources) @ actors ---
[INFO] Using 'UTF-8' encoding to copy filtered resources.
[INFO] skip non existing resourceDirectory /home/andriy/Projects/com/github/plokhotnyuk/actors/src/test/resources
[INFO] 
[INFO] --- scala-maven-plugin:3.2.0:testCompile (testCompile) @ actors ---
[WARNING]  Expected all dependencies to require Scala version: 2.11.6
[WARNING]  com.github.plokhotnyuk.actors:actors:1.0-SNAPSHOT requires scala version: 2.11.6
[WARNING]  com.typesafe.akka:akka-actor_2.11:2.3.9 requires scala version: 2.11.5
[WARNING] Multiple versions of scala libraries detected!
[INFO] Nothing to compile - all classes are up to date
[INFO] 
[INFO] --- maven-surefire-plugin:2.17:test (default-test) @ actors ---
[INFO] Surefire report directory: /home/andriy/Projects/com/github/plokhotnyuk/actors/target/surefire-reports

-------------------------------------------------------
 T E S T S
-------------------------------------------------------

-------------------------------------------------------
 T E S T S
-------------------------------------------------------
Running com.github.plokhotnyuk.actors.AkkaActorSpec
Executor service type: abq-thread-pool

Enqueueing:
10,000,000 ops
268,382,767 ns
37,260,216 ops/s
17.2 % of CPU usage
48 bytes per instance

Dequeueing:
10,000,000 ops
645,852,837 ns
15,483,403 ops/s
16.8 % of CPU usage

Initiation:
100,000 ops
532,159,120 ns
5,321 ns/op
37.1 % of CPU usage
384 bytes per instance

Single-producer sending:
6,000,000 ops
539,612,306 ns
11,119,094 ops/s
26.9 % of CPU usage

Multi-producer sending:
6,000,000 ops
811,575,664 ns
7,393,026 ops/s
72.7 % of CPU usage

Max throughput:
12,000,000 ops
781,668,517 ns
15,351,776 ops/s
23.2 % of CPU usage

Ping latency:
1,500,000 ops
344,212,663 ns
229 ns/op
14.2 % of CPU usage

Ping throughput 10K:
2,000,000 ops
1,017,777,380 ns
1,965,066 ops/s
23.2 % of CPU usage
Tests run: 8, Failures: 0, Errors: 0, Skipped: 0, Time elapsed: 11.712 sec - in com.github.plokhotnyuk.actors.AkkaActorSpec
Running com.github.plokhotnyuk.actors.AkkaBalanceableActorSpec
Executor service type: abq-thread-pool

Enqueueing:
10,000,000 ops
226,106,684 ns
44,226,910 ops/s
16.6 % of CPU usage
48 bytes per instance

Dequeueing:
10,000,000 ops
563,420,492 ns
17,748,733 ops/s
14.9 % of CPU usage

Initiation:
100,000 ops
493,108,260 ns
4,931 ns/op
34.7 % of CPU usage
384 bytes per instance

Single-producer sending:
6,000,000 ops
396,972,992 ns
15,114,378 ops/s
28.7 % of CPU usage

Multi-producer sending:
6,000,000 ops
773,921,607 ns
7,752,723 ops/s
74.8 % of CPU usage

Max throughput:
12,000,000 ops
642,993,898 ns
18,662,696 ops/s
25.3 % of CPU usage

Ping latency:
1,500,000 ops
321,537,171 ns
214 ns/op
13.6 % of CPU usage

Ping throughput 10K:
2,000,000 ops
915,490,428 ns
2,184,621 ops/s
23.9 % of CPU usage
Tests run: 8, Failures: 0, Errors: 0, Skipped: 0, Time elapsed: 11.214 sec - in com.github.plokhotnyuk.actors.AkkaBalanceableActorSpec
Running com.github.plokhotnyuk.actors.AkkaBoundedActorSpec
Executor service type: abq-thread-pool

Enqueueing:
10,000,000 ops
473,146,852 ns
21,135,087 ops/s
18.8 % of CPU usage
48 bytes per instance

Dequeueing:
10,000,000 ops
722,826,443 ns
13,834,579 ops/s
13.7 % of CPU usage

Initiation:
100,000 ops
456,271,296 ns
4,562 ns/op
35.3 % of CPU usage
568 bytes per instance

Single-producer sending:
6,000,000 ops
1,285,210,164 ns
4,668,497 ops/s
25.1 % of CPU usage

Multi-producer sending:
6,000,000 ops
1,671,998,364 ns
3,588,520 ops/s
35.9 % of CPU usage

Max throughput:
12,000,000 ops
996,973,311 ns
12,036,430 ops/s
25.8 % of CPU usage

Ping latency:
1,500,000 ops
383,666,987 ns
255 ns/op
13.7 % of CPU usage

Ping throughput 10K:
2,000,000 ops
1,242,727,209 ns
1,609,363 ops/s
22.6 % of CPU usage

Overflow throughput:
5,000,000 ops
395,263,406 ns
12,649,792 ops/s
14.2 % of CPU usage
Tests run: 9, Failures: 0, Errors: 0, Skipped: 0, Time elapsed: 15.256 sec - in com.github.plokhotnyuk.actors.AkkaBoundedActorSpec
Running com.github.plokhotnyuk.actors.AkkaNonBalanceableActorSpec
Executor service type: abq-thread-pool

Enqueueing:
10,000,000 ops
230,023,064 ns
43,473,901 ops/s
15.2 % of CPU usage
48 bytes per instance

Dequeueing:
10,000,000 ops
517,583,324 ns
19,320,560 ops/s
15.2 % of CPU usage

Initiation:
100,000 ops
523,212,379 ns
5,232 ns/op
35.1 % of CPU usage
384 bytes per instance

Single-producer sending:
6,000,000 ops
472,882,114 ns
12,688,151 ops/s
27.8 % of CPU usage

Multi-producer sending:
6,000,000 ops
809,232,139 ns
7,414,436 ops/s
74.0 % of CPU usage

Max throughput:
12,000,000 ops
619,144,607 ns
19,381,578 ops/s
25.2 % of CPU usage

Ping latency:
1,500,000 ops
310,645,476 ns
207 ns/op
13.7 % of CPU usage

Ping throughput 10K:
2,000,000 ops
932,389,456 ns
2,145,026 ops/s
25.5 % of CPU usage
Tests run: 8, Failures: 0, Errors: 0, Skipped: 0, Time elapsed: 11.463 sec - in com.github.plokhotnyuk.actors.AkkaNonBalanceableActorSpec
Running com.github.plokhotnyuk.actors.AkkaNonBlockingBoundedActorSpec
Executor service type: abq-thread-pool

Enqueueing:
10,000,000 ops
243,265,256 ns
41,107,391 ops/s
18.0 % of CPU usage
48 bytes per instance

Dequeueing:
10,000,000 ops
522,571,492 ns
19,136,137 ops/s
15.3 % of CPU usage

Initiation:
100,000 ops
457,500,220 ns
4,575 ns/op
35.8 % of CPU usage
384 bytes per instance

Single-producer sending:
6,000,000 ops
373,249,621 ns
16,075,033 ops/s
20.4 % of CPU usage

Multi-producer sending:
6,000,000 ops
1,036,914,325 ns
5,786,398 ops/s
86.3 % of CPU usage

Max throughput:
12,000,000 ops
650,888,197 ns
18,436,345 ops/s
25.5 % of CPU usage

Ping latency:
1,500,000 ops
312,797,026 ns
208 ns/op
14.0 % of CPU usage

Ping throughput 10K:
2,000,000 ops
996,003,345 ns
2,008,025 ops/s
25.0 % of CPU usage

Overflow throughput:
5,000,000 ops
348,881,753 ns
14,331,503 ops/s
13.3 % of CPU usage
Tests run: 9, Failures: 0, Errors: 0, Skipped: 0, Time elapsed: 12.066 sec - in com.github.plokhotnyuk.actors.AkkaNonBlockingBoundedActorSpec
Running com.github.plokhotnyuk.actors.LiftActorSpec
Executor service type: abq-thread-pool

Enqueueing:
10,000,000 ops
385,865,058 ns
25,915,795 ops/s
13.9 % of CPU usage
24 bytes per instance

Dequeueing:
10,000,000 ops
388,873,985 ns
25,715,271 ops/s
15.8 % of CPU usage

Initiation:
10,000,000 ops
616,800,639 ns
61 ns/op
18.4 % of CPU usage
72 bytes per instance

Single-producer sending:
6,000,000 ops
636,236,138 ns
9,430,460 ops/s
28.9 % of CPU usage

Multi-producer sending:
6,000,000 ops
680,089,534 ns
8,822,367 ops/s
38.6 % of CPU usage

Max throughput:
12,000,000 ops
513,782,943 ns
23,356,166 ops/s
29.7 % of CPU usage

Ping latency:
1,500,000 ops
667,054,265 ns
444 ns/op
18.2 % of CPU usage

Ping throughput 10K:
2,000,000 ops
729,692,954 ns
2,740,878 ops/s
14.0 % of CPU usage
Tests run: 8, Failures: 0, Errors: 0, Skipped: 0, Time elapsed: 10.81 sec - in com.github.plokhotnyuk.actors.LiftActorSpec
Running com.github.plokhotnyuk.actors.MinimalistActorSpec
Executor service type: abq-thread-pool

Enqueueing:
40,000,000 ops
657,363,133 ns
60,849,168 ops/s
13.1 % of CPU usage
24 bytes per instance

Dequeueing:
40,000,000 ops
148,722,881 ns
268,956,597 ops/s
15.1 % of CPU usage

Initiation:
2,000,000 ops
805,053,152 ns
402 ns/op
30.0 % of CPU usage
46 bytes per instance

Single-producer sending:
15,000,000 ops
400,268,621 ns
37,474,833 ops/s
29.0 % of CPU usage

Multi-producer sending:
15,000,000 ops
1,426,189,430 ns
10,517,536 ops/s
94.3 % of CPU usage

Max throughput:
30,000,000 ops
283,347,062 ns
105,877,222 ops/s
48.1 % of CPU usage

Ping latency:
3,000,000 ops
406,212,966 ns
135 ns/op
13.5 % of CPU usage

Ping throughput 10K:
6,000,000 ops
736,178,274 ns
8,150,199 ops/s
13.9 % of CPU usage
Tests run: 8, Failures: 0, Errors: 0, Skipped: 0, Time elapsed: 10.57 sec - in com.github.plokhotnyuk.actors.MinimalistActorSpec
Running com.github.plokhotnyuk.actors.ScalaActorSpec
Executor service type: abq-thread-pool

Enqueueing:
20,000,000 ops
390,812,450 ns
51,175,442 ops/s
14.1 % of CPU usage
23 bytes per instance

Dequeueing:
300,000 ops
505,090,823 ns
593,952 ops/s
23.8 % of CPU usage

Initiation:
600,000 ops
387,017,558 ns
645 ns/op
45.9 % of CPU usage
263 bytes per instance

Single-producer sending:
300,000 ops
425,593,851 ns
704,897 ops/s
24.7 % of CPU usage

Multi-producer sending:
300,000 ops
416,937,890 ns
719,531 ops/s
18.3 % of CPU usage

Max throughput:
600,000 ops
873,206,230 ns
687,122 ops/s
13.2 % of CPU usage

Ping latency:
250,000 ops
621,412,453 ns
2,485 ns/op
19.9 % of CPU usage

Ping throughput 10K:
400,000 ops
823,646,135 ns
485,645 ops/s
14.3 % of CPU usage
Tests run: 8, Failures: 0, Errors: 0, Skipped: 0, Time elapsed: 8.417 sec - in com.github.plokhotnyuk.actors.ScalaActorSpec
Running com.github.plokhotnyuk.actors.ScalazActorSpec
Executor service type: abq-thread-pool

Enqueueing:
40,000,000 ops
711,213,532 ns
56,241,899 ops/s
13.0 % of CPU usage
24 bytes per instance

Dequeueing:
40,000,000 ops
182,974,889 ns
218,609,232 ops/s
19.8 % of CPU usage

Initiation:
10,000,000 ops
275,128,888 ns
27 ns/op
26.4 % of CPU usage
104 bytes per instance

Single-producer sending:
15,000,000 ops
247,035,222 ns
60,720,086 ops/s
34.9 % of CPU usage

Multi-producer sending:
15,000,000 ops
1,539,318,089 ns
9,744,574 ops/s
94.4 % of CPU usage

Max throughput:
30,000,000 ops
212,278,755 ns
141,323,610 ops/s
61.8 % of CPU usage

Ping latency:
3,000,000 ops
384,086,804 ns
128 ns/op
17.2 % of CPU usage

Ping throughput 10K:
6,000,000 ops
663,650,819 ns
9,040,898 ops/s
14.9 % of CPU usage
Tests run: 8, Failures: 0, Errors: 0, Skipped: 0, Time elapsed: 12.529 sec - in com.github.plokhotnyuk.actors.ScalazActorSpec

Results :

Tests run: 74, Failures: 0, Errors: 0, Skipped: 0

[INFO] ------------------------------------------------------------------------
[INFO] BUILD SUCCESS
[INFO] ------------------------------------------------------------------------
[INFO] Total time: 01:54 min
[INFO] Finished at: 2015-04-02T17:45:02+03:00
[INFO] Final Memory: 14M/213M
[INFO] ------------------------------------------------------------------------
[INFO] Scanning for projects...
[INFO]                                                                         
[INFO] ------------------------------------------------------------------------
[INFO] Building Actors 1.0-SNAPSHOT
[INFO] ------------------------------------------------------------------------
[INFO] 
[INFO] --- maven-resources-plugin:2.6:resources (default-resources) @ actors ---
[INFO] Using 'UTF-8' encoding to copy filtered resources.
[INFO] skip non existing resourceDirectory /home/andriy/Projects/com/github/plokhotnyuk/actors/src/main/resources
[INFO] 
[INFO] --- maven-resources-plugin:2.6:testResources (default-testResources) @ actors ---
[INFO] Using 'UTF-8' encoding to copy filtered resources.
[INFO] skip non existing resourceDirectory /home/andriy/Projects/com/github/plokhotnyuk/actors/src/test/resources
[INFO] 
[INFO] --- scala-maven-plugin:3.2.0:testCompile (testCompile) @ actors ---
[WARNING]  Expected all dependencies to require Scala version: 2.11.6
[WARNING]  com.github.plokhotnyuk.actors:actors:1.0-SNAPSHOT requires scala version: 2.11.6
[WARNING]  com.typesafe.akka:akka-actor_2.11:2.3.9 requires scala version: 2.11.5
[WARNING] Multiple versions of scala libraries detected!
[INFO] Nothing to compile - all classes are up to date
[INFO] 
[INFO] --- maven-surefire-plugin:2.17:test (default-test) @ actors ---
[INFO] Surefire report directory: /home/andriy/Projects/com/github/plokhotnyuk/actors/target/surefire-reports

-------------------------------------------------------
 T E S T S
-------------------------------------------------------

-------------------------------------------------------
 T E S T S
-------------------------------------------------------
Running com.github.plokhotnyuk.actors.AkkaActorSpec
Executor service type: lbq-thread-pool

Enqueueing:
10,000,000 ops
271,096,580 ns
36,887,222 ops/s
20.7 % of CPU usage
48 bytes per instance

Dequeueing:
10,000,000 ops
564,200,575 ns
17,724,193 ops/s
15.7 % of CPU usage

Initiation:
100,000 ops
492,476,961 ns
4,924 ns/op
34.5 % of CPU usage
408 bytes per instance

Single-producer sending:
6,000,000 ops
591,520,955 ns
10,143,343 ops/s
26.8 % of CPU usage

Multi-producer sending:
6,000,000 ops
800,546,323 ns
7,494,881 ops/s
70.0 % of CPU usage

Max throughput:
12,000,000 ops
796,579,861 ns
15,064,402 ops/s
22.8 % of CPU usage

Ping latency:
1,500,000 ops
394,020,237 ns
262 ns/op
14.0 % of CPU usage

Ping throughput 10K:
2,000,000 ops
1,096,715,821 ns
1,823,626 ops/s
24.0 % of CPU usage
Tests run: 8, Failures: 0, Errors: 0, Skipped: 0, Time elapsed: 11.912 sec - in com.github.plokhotnyuk.actors.AkkaActorSpec
Running com.github.plokhotnyuk.actors.AkkaBalanceableActorSpec
Executor service type: lbq-thread-pool

Enqueueing:
10,000,000 ops
229,736,634 ns
43,528,103 ops/s
15.8 % of CPU usage
48 bytes per instance

Dequeueing:
10,000,000 ops
492,413,374 ns
20,308,140 ops/s
14.2 % of CPU usage

Initiation:
100,000 ops
525,975,067 ns
5,259 ns/op
41.8 % of CPU usage
408 bytes per instance

Single-producer sending:
6,000,000 ops
365,807,984 ns
16,402,047 ops/s
19.8 % of CPU usage

Multi-producer sending:
6,000,000 ops
876,757,248 ns
6,843,399 ops/s
72.9 % of CPU usage

Max throughput:
12,000,000 ops
653,587,993 ns
18,360,190 ops/s
24.9 % of CPU usage

Ping latency:
1,500,000 ops
339,907,771 ns
226 ns/op
13.2 % of CPU usage

Ping throughput 10K:
2,000,000 ops
967,019,668 ns
2,068,210 ops/s
22.8 % of CPU usage
Tests run: 8, Failures: 0, Errors: 0, Skipped: 0, Time elapsed: 11.314 sec - in com.github.plokhotnyuk.actors.AkkaBalanceableActorSpec
Running com.github.plokhotnyuk.actors.AkkaBoundedActorSpec
Executor service type: lbq-thread-pool

Enqueueing:
10,000,000 ops
470,535,850 ns
21,252,365 ops/s
15.1 % of CPU usage
48 bytes per instance

Dequeueing:
10,000,000 ops
624,138,650 ns
16,022,080 ops/s
14.0 % of CPU usage

Initiation:
100,000 ops
461,925,197 ns
4,619 ns/op
37.6 % of CPU usage
592 bytes per instance

Single-producer sending:
6,000,000 ops
1,052,264,219 ns
5,701,989 ops/s
23.8 % of CPU usage

Multi-producer sending:
6,000,000 ops
1,316,785,614 ns
4,556,550 ops/s
37.2 % of CPU usage

Max throughput:
12,000,000 ops
865,454,133 ns
13,865,552 ops/s
23.7 % of CPU usage

Ping latency:
1,500,000 ops
437,513,715 ns
291 ns/op
13.7 % of CPU usage

Ping throughput 10K:
2,000,000 ops
1,226,738,538 ns
1,630,339 ops/s
21.2 % of CPU usage

Overflow throughput:
5,000,000 ops
473,429,358 ns
10,561,237 ops/s
15.3 % of CPU usage
Tests run: 9, Failures: 0, Errors: 0, Skipped: 0, Time elapsed: 14.445 sec - in com.github.plokhotnyuk.actors.AkkaBoundedActorSpec
Running com.github.plokhotnyuk.actors.AkkaNonBalanceableActorSpec
Executor service type: lbq-thread-pool

Enqueueing:
10,000,000 ops
325,085,292 ns
30,761,157 ops/s
19.2 % of CPU usage
48 bytes per instance

Dequeueing:
10,000,000 ops
482,650,416 ns
20,718,929 ops/s
14.2 % of CPU usage

Initiation:
100,000 ops
440,224,180 ns
4,402 ns/op
34.4 % of CPU usage
408 bytes per instance

Single-producer sending:
6,000,000 ops
589,154,157 ns
10,184,091 ops/s
24.6 % of CPU usage

Multi-producer sending:
6,000,000 ops
782,379,945 ns
7,668,908 ops/s
77.6 % of CPU usage

Max throughput:
12,000,000 ops
629,222,737 ns
19,071,148 ops/s
25.8 % of CPU usage

Ping latency:
1,500,000 ops
341,140,575 ns
227 ns/op
13.2 % of CPU usage

Ping throughput 10K:
2,000,000 ops
1,065,567,548 ns
1,876,934 ops/s
25.3 % of CPU usage
Tests run: 8, Failures: 0, Errors: 0, Skipped: 0, Time elapsed: 11.47 sec - in com.github.plokhotnyuk.actors.AkkaNonBalanceableActorSpec
Running com.github.plokhotnyuk.actors.AkkaNonBlockingBoundedActorSpec
Executor service type: lbq-thread-pool

Enqueueing:
10,000,000 ops
243,345,572 ns
41,093,823 ops/s
17.5 % of CPU usage
48 bytes per instance

Dequeueing:
10,000,000 ops
523,222,496 ns
19,112,328 ops/s
15.3 % of CPU usage

Initiation:
100,000 ops
472,013,246 ns
4,720 ns/op
36.3 % of CPU usage
408 bytes per instance

Single-producer sending:
6,000,000 ops
528,635,162 ns
11,349,982 ops/s
30.0 % of CPU usage

Multi-producer sending:
6,000,000 ops
925,281,335 ns
6,484,514 ops/s
77.9 % of CPU usage

Max throughput:
12,000,000 ops
645,101,293 ns
18,601,729 ops/s
25.0 % of CPU usage

Ping latency:
1,500,000 ops
353,160,101 ns
235 ns/op
13.1 % of CPU usage

Ping throughput 10K:
2,000,000 ops
1,056,293,439 ns
1,893,413 ops/s
24.0 % of CPU usage

Overflow throughput:
5,000,000 ops
335,437,036 ns
14,905,927 ops/s
14.9 % of CPU usage
Tests run: 9, Failures: 0, Errors: 0, Skipped: 0, Time elapsed: 12.228 sec - in com.github.plokhotnyuk.actors.AkkaNonBlockingBoundedActorSpec
Running com.github.plokhotnyuk.actors.LiftActorSpec
Executor service type: lbq-thread-pool

Enqueueing:
10,000,000 ops
371,577,761 ns
26,912,267 ops/s
13.8 % of CPU usage
24 bytes per instance

Dequeueing:
10,000,000 ops
381,654,833 ns
26,201,685 ops/s
15.4 % of CPU usage

Initiation:
10,000,000 ops
607,193,253 ns
60 ns/op
18.7 % of CPU usage
72 bytes per instance

Single-producer sending:
6,000,000 ops
668,388,498 ns
8,976,815 ops/s
29.2 % of CPU usage

Multi-producer sending:
6,000,000 ops
669,626,733 ns
8,960,215 ops/s
39.4 % of CPU usage

Max throughput:
12,000,000 ops
504,834,612 ns
23,770,160 ops/s
28.7 % of CPU usage

Ping latency:
1,500,000 ops
723,841,578 ns
482 ns/op
18.3 % of CPU usage

Ping throughput 10K:
2,000,000 ops
805,358,439 ns
2,483,366 ops/s
13.8 % of CPU usage
Tests run: 8, Failures: 0, Errors: 0, Skipped: 0, Time elapsed: 10.907 sec - in com.github.plokhotnyuk.actors.LiftActorSpec
Running com.github.plokhotnyuk.actors.MinimalistActorSpec
Executor service type: lbq-thread-pool

Enqueueing:
40,000,000 ops
608,933,699 ns
65,688,596 ops/s
12.9 % of CPU usage
24 bytes per instance

Dequeueing:
40,000,000 ops
202,111,238 ns
197,910,815 ops/s
16.1 % of CPU usage

Initiation:
2,000,000 ops
710,188,964 ns
355 ns/op
31.0 % of CPU usage
46 bytes per instance

Single-producer sending:
15,000,000 ops
212,505,608 ns
70,586,372 ops/s
30.6 % of CPU usage

Multi-producer sending:
15,000,000 ops
1,480,890,709 ns
10,129,039 ops/s
96.1 % of CPU usage

Max throughput:
30,000,000 ops
288,976,306 ns
103,814,739 ops/s
46.7 % of CPU usage

Ping latency:
3,000,000 ops
418,059,189 ns
139 ns/op
12.9 % of CPU usage

Ping throughput 10K:
6,000,000 ops
823,614,437 ns
7,284,962 ops/s
13.1 % of CPU usage
Tests run: 8, Failures: 0, Errors: 0, Skipped: 0, Time elapsed: 10.554 sec - in com.github.plokhotnyuk.actors.MinimalistActorSpec
Running com.github.plokhotnyuk.actors.ScalaActorSpec
Executor service type: lbq-thread-pool

Enqueueing:
20,000,000 ops
398,612,257 ns
50,174,071 ops/s
13.8 % of CPU usage
23 bytes per instance

Dequeueing:
300,000 ops
509,068,678 ns
589,311 ops/s
24.8 % of CPU usage

Initiation:
600,000 ops
386,508,843 ns
644 ns/op
44.3 % of CPU usage
254 bytes per instance

Single-producer sending:
300,000 ops
540,319,543 ns
555,227 ops/s
23.8 % of CPU usage

Multi-producer sending:
300,000 ops
488,400,469 ns
614,250 ops/s
16.9 % of CPU usage

Max throughput:
600,000 ops
980,556,313 ns
611,897 ops/s
15.4 % of CPU usage

Ping latency:
250,000 ops
644,921,263 ns
2,579 ns/op
17.4 % of CPU usage

Ping throughput 10K:
400,000 ops
963,341,091 ns
415,221 ops/s
13.2 % of CPU usage
Tests run: 8, Failures: 0, Errors: 0, Skipped: 0, Time elapsed: 9.069 sec - in com.github.plokhotnyuk.actors.ScalaActorSpec
Running com.github.plokhotnyuk.actors.ScalazActorSpec
Executor service type: lbq-thread-pool

Enqueueing:
40,000,000 ops
698,064,964 ns
57,301,257 ops/s
12.9 % of CPU usage
24 bytes per instance

Dequeueing:
40,000,000 ops
160,363,722 ns
249,432,973 ops/s
24.9 % of CPU usage

Initiation:
10,000,000 ops
276,976,094 ns
27 ns/op
28.9 % of CPU usage
104 bytes per instance

Single-producer sending:
15,000,000 ops
452,794,530 ns
33,127,608 ops/s
25.7 % of CPU usage

Multi-producer sending:
15,000,000 ops
1,440,577,229 ns
10,412,492 ops/s
92.8 % of CPU usage

Max throughput:
30,000,000 ops
200,247,848 ns
149,814,344 ops/s
61.2 % of CPU usage

Ping latency:
3,000,000 ops
392,617,857 ns
130 ns/op
14.6 % of CPU usage

Ping throughput 10K:
6,000,000 ops
828,766,518 ns
7,239,674 ops/s
15.8 % of CPU usage
Tests run: 8, Failures: 0, Errors: 0, Skipped: 0, Time elapsed: 12.75 sec - in com.github.plokhotnyuk.actors.ScalazActorSpec

Results :

Tests run: 74, Failures: 0, Errors: 0, Skipped: 0

[INFO] ------------------------------------------------------------------------
[INFO] BUILD SUCCESS
[INFO] ------------------------------------------------------------------------
[INFO] Total time: 01:51 min
[INFO] Finished at: 2015-04-02T17:46:55+03:00
[INFO] Final Memory: 13M/213M
[INFO] ------------------------------------------------------------------------
