[INFO] Scanning for projects...
[INFO]                                                                         
[INFO] ------------------------------------------------------------------------
[INFO] Building Actors 1.0-SNAPSHOT
[INFO] ------------------------------------------------------------------------
[INFO]
[INFO] --- maven-clean-plugin:2.5:clean (default-clean) @ actors ---
[INFO] Deleting /home/aplokhotnyuk/actors/target
[INFO] 
[INFO] --- maven-resources-plugin:2.6:resources (default-resources) @ actors ---
[INFO] Using 'UTF-8' encoding to copy filtered resources.
[INFO] skip non existing resourceDirectory /home/aplokhotnyuk/actors/src/main/resources
[INFO] 
[INFO] --- maven-resources-plugin:2.6:testResources (default-testResources) @ actors ---
[INFO] Using 'UTF-8' encoding to copy filtered resources.
[INFO] skip non existing resourceDirectory /home/aplokhotnyuk/actors/src/test/resources
[INFO] 
[INFO] --- scala-maven-plugin:3.2.0:testCompile (testCompile) @ actors ---
[WARNING]  Expected all dependencies to require Scala version: 2.11.6
[WARNING]  com.github.plokhotnyuk.actors:actors:1.0-SNAPSHOT requires scala version: 2.11.6
[WARNING]  com.typesafe.akka:akka-actor_2.11:2.3.9 requires scala version: 2.11.5
[WARNING] Multiple versions of scala libraries detected!
[INFO] /home/aplokhotnyuk/actors/src/test/scala:-1: info: compiling
[INFO] Compiling 15 source files to /home/aplokhotnyuk/actors/target/test-classes at 1429264124897
[WARNING] /home/aplokhotnyuk/actors/src/test/scala/com/github/plokhotnyuk/actors/ScalaActorSpec.scala:9: warning: trait SchedulerAdapter in package actors is deprecated: Use the akka.actor package instead. For migration from the scala.actors package refer to the Actors Migration Guide.
[WARNING]   val customScheduler = new SchedulerAdapter {
[WARNING]                             ^
[WARNING] /home/aplokhotnyuk/actors/src/test/scala/com/github/plokhotnyuk/actors/ScalaActorSpec.scala:66: warning: trait Actor in package actors is deprecated: Use the akka.actor package instead. For migration from the scala.actors package refer to the Actors Migration Guide.
[WARNING]     footprintedAndTimedCollect(600000)(() => new Actor {
[WARNING]                                                  ^
[WARNING] /home/aplokhotnyuk/actors/src/test/scala/com/github/plokhotnyuk/actors/ScalaActorSpec.scala:139: warning: trait Actor in package actors is deprecated: Use the akka.actor package instead. For migration from the scala.actors package refer to the Actors Migration Guide.
[WARNING]   private def replayAndCountActor(l: CountDownLatch, n: Int): Actor =
[WARNING]                                                               ^
[WARNING] /home/aplokhotnyuk/actors/src/test/scala/com/github/plokhotnyuk/actors/ScalaActorSpec.scala:140: warning: trait Actor in package actors is deprecated: Use the akka.actor package instead. For migration from the scala.actors package refer to the Actors Migration Guide.
[WARNING]     new Actor {
[WARNING]         ^
[WARNING] /home/aplokhotnyuk/actors/src/test/scala/com/github/plokhotnyuk/actors/ScalaActorSpec.scala:154: warning: trait IScheduler in package actors is deprecated: Use the akka.actor package instead. For migration from the scala.actors package refer to the Actors Migration Guide.
[WARNING]       override def scheduler: IScheduler = customScheduler
[WARNING]                               ^
[WARNING] /home/aplokhotnyuk/actors/src/test/scala/com/github/plokhotnyuk/actors/ScalaActorSpec.scala:157: warning: trait Actor in package actors is deprecated: Use the akka.actor package instead. For migration from the scala.actors package refer to the Actors Migration Guide.
[WARNING]   private def blockableCountActor(l1: CountDownLatch, l2: CountDownLatch, n: Int): Actor =
[WARNING]                                                                                    ^
[WARNING] /home/aplokhotnyuk/actors/src/test/scala/com/github/plokhotnyuk/actors/ScalaActorSpec.scala:158: warning: trait Actor in package actors is deprecated: Use the akka.actor package instead. For migration from the scala.actors package refer to the Actors Migration Guide.
[WARNING]     new Actor {
[WARNING]         ^
[WARNING] /home/aplokhotnyuk/actors/src/test/scala/com/github/plokhotnyuk/actors/ScalaActorSpec.scala:177: warning: trait IScheduler in package actors is deprecated: Use the akka.actor package instead. For migration from the scala.actors package refer to the Actors Migration Guide.
[WARNING]       override def scheduler: IScheduler = customScheduler
[WARNING]                               ^
[WARNING] /home/aplokhotnyuk/actors/src/test/scala/com/github/plokhotnyuk/actors/ScalaActorSpec.scala:180: warning: trait Actor in package actors is deprecated: Use the akka.actor package instead. For migration from the scala.actors package refer to the Actors Migration Guide.
[WARNING]   private def countActor(l: CountDownLatch, n: Int): Actor =
[WARNING]                                                      ^
[WARNING] /home/aplokhotnyuk/actors/src/test/scala/com/github/plokhotnyuk/actors/ScalaActorSpec.scala:181: warning: trait Actor in package actors is deprecated: Use the akka.actor package instead. For migration from the scala.actors package refer to the Actors Migration Guide.
[WARNING]     new Actor {
[WARNING]         ^
[WARNING] /home/aplokhotnyuk/actors/src/test/scala/com/github/plokhotnyuk/actors/ScalaActorSpec.scala:194: warning: trait IScheduler in package actors is deprecated: Use the akka.actor package instead. For migration from the scala.actors package refer to the Actors Migration Guide.
[WARNING]       override def scheduler: IScheduler = customScheduler
[WARNING]                               ^
[WARNING] /home/aplokhotnyuk/actors/src/test/scala/com/github/plokhotnyuk/actors/ScalaActorSpec.scala:197: warning: trait Actor in package actors is deprecated: Use the akka.actor package instead. For migration from the scala.actors package refer to the Actors Migration Guide.
[WARNING]   private def sendMessages(a: Actor, n: Int): Unit = {
[WARNING]                               ^
[WARNING] 12 warnings found
[INFO] prepare-compile in 0 s
[INFO] compile in 13 s
[INFO] ------------------------------------------------------------------------
[INFO] BUILD SUCCESS
[INFO] ------------------------------------------------------------------------
[INFO] Total time: 16.023 s
[INFO] Finished at: 2015-04-17T09:48:58+00:00
[INFO] Final Memory: 21M/1501M
[INFO] ------------------------------------------------------------------------
[INFO] Scanning for projects...
[INFO]                                                                         
[INFO] ------------------------------------------------------------------------
[INFO] Building Actors 1.0-SNAPSHOT
[INFO] ------------------------------------------------------------------------
[INFO] 
[INFO] --- maven-resources-plugin:2.6:resources (default-resources) @ actors ---
[INFO] Using 'UTF-8' encoding to copy filtered resources.
[INFO] skip non existing resourceDirectory /home/aplokhotnyuk/actors/src/main/resources
[INFO] 
[INFO] --- maven-resources-plugin:2.6:testResources (default-testResources) @ actors ---
[INFO] Using 'UTF-8' encoding to copy filtered resources.
[INFO] skip non existing resourceDirectory /home/aplokhotnyuk/actors/src/test/resources
[INFO] 
[INFO] --- scala-maven-plugin:3.2.0:testCompile (testCompile) @ actors ---
[WARNING]  Expected all dependencies to require Scala version: 2.11.6
[WARNING]  com.github.plokhotnyuk.actors:actors:1.0-SNAPSHOT requires scala version: 2.11.6
[WARNING]  com.typesafe.akka:akka-actor_2.11:2.3.9 requires scala version: 2.11.5
[WARNING] Multiple versions of scala libraries detected!
[INFO] Nothing to compile - all classes are up to date
[INFO] 
[INFO] --- maven-surefire-plugin:2.18.1:test (default-test) @ actors ---
[INFO] Surefire report directory: /home/aplokhotnyuk/actors/target/surefire-reports

-------------------------------------------------------
 T E S T S
-------------------------------------------------------
Running com.github.plokhotnyuk.actors.AkkaActorSpec
Executor service type: akka-forkjoin-pool

Enqueueing:
10,000,000 ops
613,065,063 ns
16,311,482 ops/s
2.9 % of CPU usage
48 bytes per instance

Dequeueing:
10,000,000 ops
1,762,020,916 ns
5,675,301 ops/s
1.8 % of CPU usage

Initiation:
100,000 ops
1,334,322,954 ns
13,343 ns/op
65.5 % of CPU usage
447 bytes per instance

Single-producer sending:
6,000,000 ops
1,842,105,520 ns
3,257,142 ops/s
2.9 % of CPU usage

Multi-producer sending:
5,999,976 ops
3,918,403,729 ns
1,531,229 ops/s
68.5 % of CPU usage

Max throughput:
11,999,952 ops
173,098,678 ns
69,324,342 ops/s
83.1 % of CPU usage

Ping latency:
1,500,000 ops
4,193,304,299 ns
2,795 ns/op
19.4 % of CPU usage

Ping throughput 10K:
2,000,000 ops
267,387,148 ns
7,479,791 ops/s
91.5 % of CPU usage
Tests run: 8, Failures: 0, Errors: 0, Skipped: 0, Time elapsed: 24.44 sec - in com.github.plokhotnyuk.actors.AkkaActorSpec
Running com.github.plokhotnyuk.actors.AkkaBalanceableActorSpec
Executor service type: akka-forkjoin-pool

Enqueueing:
10,000,000 ops
576,121,968 ns
17,357,435 ops/s
1.7 % of CPU usage
48 bytes per instance

Dequeueing:
10,000,000 ops
1,333,120,857 ns
7,501,195 ops/s
1.8 % of CPU usage

Initiation:
100,000 ops
1,094,567,792 ns
10,945 ns/op
50.1 % of CPU usage
447 bytes per instance

Single-producer sending:
6,000,000 ops
1,848,642,755 ns
3,245,624 ops/s
2.7 % of CPU usage

Multi-producer sending:
5,999,976 ops
1,700,842,240 ns
3,527,649 ops/s
35.7 % of CPU usage

Max throughput:
11,999,952 ops
155,355,393 ns
77,241,940 ops/s
77.8 % of CPU usage

Ping latency:
1,500,000 ops
4,183,357,768 ns
2,788 ns/op
15.3 % of CPU usage

Ping throughput 10K:
2,000,000 ops
172,558,916 ns
11,590,244 ops/s
88.1 % of CPU usage
Tests run: 8, Failures: 0, Errors: 0, Skipped: 0, Time elapsed: 21.647 sec - in com.github.plokhotnyuk.actors.AkkaBalanceableActorSpec
Running com.github.plokhotnyuk.actors.AkkaBoundedActorSpec
Executor service type: akka-forkjoin-pool

Enqueueing:
10,000,000 ops
1,003,285,711 ns
9,967,250 ops/s
1.8 % of CPU usage
48 bytes per instance

Dequeueing:
10,000,000 ops
1,737,549,558 ns
5,755,231 ops/s
1.7 % of CPU usage

Initiation:
100,000 ops
1,188,837,002 ns
11,888 ns/op
54.2 % of CPU usage
631 bytes per instance

Single-producer sending:
6,000,000 ops
3,413,359,265 ns
1,757,799 ops/s
2.7 % of CPU usage

Multi-producer sending:
5,999,976 ops
7,141,717,039 ns
840,130 ops/s
5.2 % of CPU usage

Max throughput:
11,999,952 ops
260,185,744 ns
46,120,712 ops/s
58.1 % of CPU usage

Ping latency:
1,500,000 ops
4,497,105,167 ns
2,998 ns/op
10.5 % of CPU usage

Ping throughput 10K:
2,000,000 ops
201,721,037 ns
9,914,682 ops/s
89.5 % of CPU usage

Overflow throughput:
5,000,000 ops
872,331,986 ns
5,731,762 ops/s
2.5 % of CPU usage
Tests run: 9, Failures: 0, Errors: 0, Skipped: 0, Time elapsed: 32.034 sec - in com.github.plokhotnyuk.actors.AkkaBoundedActorSpec
Running com.github.plokhotnyuk.actors.AkkaNonBalanceableActorSpec
Executor service type: akka-forkjoin-pool

Enqueueing:
10,000,000 ops
596,172,677 ns
16,773,663 ops/s
1.7 % of CPU usage
48 bytes per instance

Dequeueing:
10,000,000 ops
1,287,007,705 ns
7,769,961 ops/s
1.8 % of CPU usage

Initiation:
100,000 ops
1,434,512,574 ns
14,345 ns/op
73.2 % of CPU usage
448 bytes per instance

Single-producer sending:
6,000,000 ops
2,003,916,381 ns
2,994,136 ops/s
2.9 % of CPU usage

Multi-producer sending:
5,999,976 ops
1,712,162,846 ns
3,504,325 ops/s
30.4 % of CPU usage

Max throughput:
11,999,952 ops
131,088,979 ns
91,540,510 ops/s
72.6 % of CPU usage

Ping latency:
1,500,000 ops
3,939,300,837 ns
2,626 ns/op
15.0 % of CPU usage

Ping throughput 10K:
2,000,000 ops
216,606,304 ns
9,233,341 ops/s
87.3 % of CPU usage
Tests run: 8, Failures: 0, Errors: 0, Skipped: 0, Time elapsed: 21.584 sec - in com.github.plokhotnyuk.actors.AkkaNonBalanceableActorSpec
Running com.github.plokhotnyuk.actors.AkkaNonBlockingBoundedActorSpec
Executor service type: akka-forkjoin-pool

Enqueueing:
10,000,000 ops
564,610,503 ns
17,711,324 ops/s
1.8 % of CPU usage
48 bytes per instance

Dequeueing:
10,000,000 ops
1,543,460,850 ns
6,478,946 ops/s
1.8 % of CPU usage

Initiation:
100,000 ops
1,160,726,006 ns
11,607 ns/op
50.5 % of CPU usage
424 bytes per instance

Single-producer sending:
6,000,000 ops
1,468,771,358 ns
4,085,046 ops/s
2.9 % of CPU usage

Multi-producer sending:
5,999,976 ops
4,793,065,307 ns
1,251,803 ops/s
64.0 % of CPU usage

Max throughput:
11,999,952 ops
141,806,113 ns
84,622,247 ops/s
81.9 % of CPU usage

Ping latency:
1,500,000 ops
4,253,178,502 ns
2,835 ns/op
14.4 % of CPU usage

Ping throughput 10K:
2,000,000 ops
153,718,009 ns
13,010,837 ops/s
92.3 % of CPU usage

Overflow throughput:
5,000,000 ops
642,705,267 ns
7,779,615 ops/s
5.4 % of CPU usage
Tests run: 9, Failures: 0, Errors: 0, Skipped: 0, Time elapsed: 25.208 sec - in com.github.plokhotnyuk.actors.AkkaNonBlockingBoundedActorSpec
Running com.github.plokhotnyuk.actors.LiftActorSpec
Executor service type: akka-forkjoin-pool

Enqueueing:
10,000,000 ops
789,483,645 ns
12,666,506 ops/s
1.5 % of CPU usage
24 bytes per instance

Dequeueing:
10,000,000 ops
756,029,989 ns
13,226,988 ops/s
1.7 % of CPU usage

Initiation:
10,000,000 ops
945,082,451 ns
94 ns/op
2.2 % of CPU usage
72 bytes per instance

Single-producer sending:
6,000,000 ops
1,979,138,607 ns
3,031,621 ops/s
3.2 % of CPU usage

Multi-producer sending:
5,999,976 ops
3,511,484,150 ns
1,708,672 ops/s
4.4 % of CPU usage

Max throughput:
11,999,952 ops
195,835,182 ns
61,275,772 ops/s
72.9 % of CPU usage

Ping latency:
1,500,000 ops
4,666,978,442 ns
3,111 ns/op
14.2 % of CPU usage

Ping throughput 10K:
2,000,000 ops
1,777,694,366 ns
1,125,052 ops/s
5.8 % of CPU usage
Tests run: 8, Failures: 0, Errors: 0, Skipped: 0, Time elapsed: 24.805 sec - in com.github.plokhotnyuk.actors.LiftActorSpec
Running com.github.plokhotnyuk.actors.MinimalistActorSpec
Executor service type: akka-forkjoin-pool

Enqueueing:
40,000,000 ops
1,213,032,792 ns
32,975,200 ops/s
1.4 % of CPU usage
24 bytes per instance

Dequeueing:
40,000,000 ops
569,331,019 ns
70,257,896 ops/s
47.4 % of CPU usage

Initiation:
2,000,000 ops
889,826,470 ns
444 ns/op
93.8 % of CPU usage
41 bytes per instance

Single-producer sending:
15,000,000 ops
404,030,988 ns
37,125,865 ops/s
14.0 % of CPU usage

Multi-producer sending:
14,999,976 ops
1,212,153,493 ns
12,374,650 ops/s
78.2 % of CPU usage

Max throughput:
29,999,952 ops
58,383,044 ns
513,846,999 ops/s
84.2 % of CPU usage

Ping latency:
3,000,000 ops
5,068,247,781 ns
1,689 ns/op
45.7 % of CPU usage

Ping throughput 10K:
6,000,000 ops
218,248,120 ns
27,491,645 ops/s
91.0 % of CPU usage
Tests run: 8, Failures: 0, Errors: 0, Skipped: 0, Time elapsed: 18.289 sec - in com.github.plokhotnyuk.actors.MinimalistActorSpec
Running com.github.plokhotnyuk.actors.ScalaActorSpec
Executor service type: akka-forkjoin-pool

Enqueueing:
20,000,000 ops
951,024,647 ns
21,029,949 ops/s
1.5 % of CPU usage
24 bytes per instance

Dequeueing:
300,000 ops
1,653,041,806 ns
181,483 ops/s
38.7 % of CPU usage

Initiation:
600,000 ops
2,480,172,063 ns
4,133 ns/op
20.3 % of CPU usage
224 bytes per instance

Single-producer sending:
300,000 ops
2,076,494,152 ns
144,474 ops/s
12.4 % of CPU usage

Multi-producer sending:
299,952 ops
2,075,641,978 ns
144,510 ops/s
11.9 % of CPU usage

Max throughput:
599,976 ops
196,603,443 ns
3,051,706 ops/s
89.9 % of CPU usage

Ping latency:
250,000 ops
1,628,201,975 ns
6,512 ns/op
15.0 % of CPU usage

Ping throughput 10K:
400,000 ops
263,114,081 ns
1,520,253 ops/s
77.9 % of CPU usage
Tests run: 8, Failures: 0, Errors: 0, Skipped: 0, Time elapsed: 17.093 sec - in com.github.plokhotnyuk.actors.ScalaActorSpec
Running com.github.plokhotnyuk.actors.ScalazActorSpec
Executor service type: akka-forkjoin-pool

Enqueueing:
40,000,000 ops
1,201,143,371 ns
33,301,603 ops/s
1.4 % of CPU usage
24 bytes per instance

Dequeueing:
40,000,000 ops
506,200,073 ns
79,020,138 ops/s
56.6 % of CPU usage

Initiation:
10,000,000 ops
454,985,140 ns
45 ns/op
3.4 % of CPU usage
104 bytes per instance

Single-producer sending:
15,000,000 ops
831,821,484 ns
18,032,715 ops/s
3.3 % of CPU usage

Multi-producer sending:
14,999,976 ops
1,512,263,741 ns
9,918,888 ops/s
60.8 % of CPU usage

Max throughput:
29,999,952 ops
121,705,381 ns
246,496,512 ops/s
93.1 % of CPU usage

Ping latency:
3,000,000 ops
3,781,283,550 ns
1,260 ns/op
51.5 % of CPU usage

Ping throughput 10K:
6,000,000 ops
86,102,739 ns
69,684,194 ops/s
81.9 % of CPU usage
Tests run: 8, Failures: 0, Errors: 0, Skipped: 0, Time elapsed: 20.428 sec - in com.github.plokhotnyuk.actors.ScalazActorSpec

Results :

Tests run: 74, Failures: 0, Errors: 0, Skipped: 0

[INFO] ------------------------------------------------------------------------
[INFO] BUILD SUCCESS
[INFO] ------------------------------------------------------------------------
[INFO] Total time: 03:41 min
[INFO] Finished at: 2015-04-17T09:52:42+00:00
[INFO] Final Memory: 17M/1471M
[INFO] ------------------------------------------------------------------------
[INFO] Scanning for projects...
[INFO]                                                                         
[INFO] ------------------------------------------------------------------------
[INFO] Building Actors 1.0-SNAPSHOT
[INFO] ------------------------------------------------------------------------
[INFO] 
[INFO] --- maven-resources-plugin:2.6:resources (default-resources) @ actors ---
[INFO] Using 'UTF-8' encoding to copy filtered resources.
[INFO] skip non existing resourceDirectory /home/aplokhotnyuk/actors/src/main/resources
[INFO] 
[INFO] --- maven-resources-plugin:2.6:testResources (default-testResources) @ actors ---
[INFO] Using 'UTF-8' encoding to copy filtered resources.
[INFO] skip non existing resourceDirectory /home/aplokhotnyuk/actors/src/test/resources
[INFO] 
[INFO] --- scala-maven-plugin:3.2.0:testCompile (testCompile) @ actors ---
[WARNING]  Expected all dependencies to require Scala version: 2.11.6
[WARNING]  com.github.plokhotnyuk.actors:actors:1.0-SNAPSHOT requires scala version: 2.11.6
[WARNING]  com.typesafe.akka:akka-actor_2.11:2.3.9 requires scala version: 2.11.5
[WARNING] Multiple versions of scala libraries detected!
[INFO] Nothing to compile - all classes are up to date
[INFO] 
[INFO] --- maven-surefire-plugin:2.18.1:test (default-test) @ actors ---
[INFO] Surefire report directory: /home/aplokhotnyuk/actors/target/surefire-reports

-------------------------------------------------------
 T E S T S
-------------------------------------------------------
Running com.github.plokhotnyuk.actors.AkkaActorSpec
Executor service type: scala-forkjoin-pool

Enqueueing:
10,000,000 ops
569,177,927 ns
17,569,198 ops/s
1.8 % of CPU usage
48 bytes per instance

Dequeueing:
10,000,000 ops
1,453,621,639 ns
6,879,369 ops/s
1.8 % of CPU usage

Initiation:
100,000 ops
1,585,092,827 ns
15,850 ns/op
75.8 % of CPU usage
448 bytes per instance

Single-producer sending:
6,000,000 ops
1,410,028,561 ns
4,255,232 ops/s
2.8 % of CPU usage

Multi-producer sending:
5,999,976 ops
3,956,667,738 ns
1,516,421 ops/s
75.9 % of CPU usage

Max throughput:
11,999,952 ops
249,670,802 ns
48,063,097 ops/s
83.9 % of CPU usage

Ping latency:
1,500,000 ops
5,394,887,548 ns
3,596 ns/op
10.3 % of CPU usage

Ping throughput 10K:
2,000,000 ops
324,940,645 ns
6,154,970 ops/s
93.6 % of CPU usage
Tests run: 8, Failures: 0, Errors: 0, Skipped: 0, Time elapsed: 25.207 sec - in com.github.plokhotnyuk.actors.AkkaActorSpec
Running com.github.plokhotnyuk.actors.AkkaBalanceableActorSpec
Executor service type: scala-forkjoin-pool

Enqueueing:
10,000,000 ops
585,808,309 ns
17,070,430 ops/s
1.7 % of CPU usage
48 bytes per instance

Dequeueing:
10,000,000 ops
1,524,089,154 ns
6,561,295 ops/s
1.7 % of CPU usage

Initiation:
100,000 ops
1,433,312,649 ns
14,333 ns/op
56.2 % of CPU usage
447 bytes per instance

Single-producer sending:
6,000,000 ops
1,394,792,467 ns
4,301,715 ops/s
2.7 % of CPU usage

Multi-producer sending:
5,999,976 ops
1,590,907,459 ns
3,771,417 ops/s
31.5 % of CPU usage

Max throughput:
11,999,952 ops
164,059,348 ns
73,143,969 ops/s
84.4 % of CPU usage

Ping latency:
1,500,000 ops
5,164,306,491 ns
3,442 ns/op
10.4 % of CPU usage

Ping throughput 10K:
2,000,000 ops
275,032,286 ns
7,271,873 ops/s
94.4 % of CPU usage
Tests run: 8, Failures: 0, Errors: 0, Skipped: 0, Time elapsed: 21.962 sec - in com.github.plokhotnyuk.actors.AkkaBalanceableActorSpec
Running com.github.plokhotnyuk.actors.AkkaBoundedActorSpec
Executor service type: scala-forkjoin-pool

Enqueueing:
10,000,000 ops
965,535,869 ns
10,356,943 ops/s
2.4 % of CPU usage
48 bytes per instance

Dequeueing:
10,000,000 ops
1,921,496,959 ns
5,204,275 ops/s
1.7 % of CPU usage

Initiation:
100,000 ops
1,065,491,922 ns
10,654 ns/op
39.8 % of CPU usage
631 bytes per instance

Single-producer sending:
6,000,000 ops
4,701,326,006 ns
1,276,235 ops/s
2.8 % of CPU usage

Multi-producer sending:
5,999,976 ops
9,043,767,628 ns
663,437 ops/s
5.6 % of CPU usage

Max throughput:
11,999,952 ops
298,049,653 ns
40,261,586 ops/s
77.0 % of CPU usage

Ping latency:
1,500,000 ops
4,700,872,182 ns
3,133 ns/op
24.1 % of CPU usage

Ping throughput 10K:
2,000,000 ops
295,852,792 ns
6,760,118 ops/s
94.5 % of CPU usage

Overflow throughput:
5,000,000 ops
860,951,919 ns
5,807,525 ops/s
2.4 % of CPU usage
Tests run: 9, Failures: 0, Errors: 0, Skipped: 0, Time elapsed: 36.178 sec - in com.github.plokhotnyuk.actors.AkkaBoundedActorSpec
Running com.github.plokhotnyuk.actors.AkkaNonBalanceableActorSpec
Executor service type: scala-forkjoin-pool

Enqueueing:
10,000,000 ops
579,244,715 ns
17,263,860 ops/s
1.7 % of CPU usage
48 bytes per instance

Dequeueing:
10,000,000 ops
1,363,661,694 ns
7,333,197 ops/s
1.8 % of CPU usage

Initiation:
100,000 ops
1,203,584,885 ns
12,035 ns/op
51.6 % of CPU usage
447 bytes per instance

Single-producer sending:
6,000,000 ops
1,740,760,800 ns
3,446,768 ops/s
2.8 % of CPU usage

Multi-producer sending:
5,999,976 ops
1,681,961,901 ns
3,567,248 ops/s
29.3 % of CPU usage

Max throughput:
11,999,952 ops
263,642,422 ns
45,516,013 ops/s
90.3 % of CPU usage

Ping latency:
1,500,000 ops
4,714,624,258 ns
3,143 ns/op
7.9 % of CPU usage

Ping throughput 10K:
2,000,000 ops
306,989,085 ns
6,514,889 ops/s
92.3 % of CPU usage
Tests run: 8, Failures: 0, Errors: 0, Skipped: 0, Time elapsed: 22.442 sec - in com.github.plokhotnyuk.actors.AkkaNonBalanceableActorSpec
Running com.github.plokhotnyuk.actors.AkkaNonBlockingBoundedActorSpec
Executor service type: scala-forkjoin-pool

Enqueueing:
10,000,000 ops
600,222,192 ns
16,660,496 ops/s
1.8 % of CPU usage
48 bytes per instance

Dequeueing:
10,000,000 ops
1,252,037,990 ns
7,986,978 ops/s
1.9 % of CPU usage

Initiation:
100,000 ops
1,266,127,441 ns
12,661 ns/op
54.8 % of CPU usage
446 bytes per instance

Single-producer sending:
6,000,000 ops
1,930,880,609 ns
3,107,390 ops/s
2.8 % of CPU usage

Multi-producer sending:
5,999,976 ops
6,677,457,911 ns
898,541 ops/s
71.2 % of CPU usage

Max throughput:
11,999,952 ops
176,755,848 ns
67,889,985 ops/s
84.7 % of CPU usage

Ping latency:
1,500,000 ops
5,379,160,035 ns
3,586 ns/op
9.5 % of CPU usage

Ping throughput 10K:
2,000,000 ops
333,727,258 ns
5,992,917 ops/s
88.0 % of CPU usage

Overflow throughput:
5,000,000 ops
702,551,459 ns
7,116,916 ops/s
3.8 % of CPU usage
Tests run: 9, Failures: 0, Errors: 0, Skipped: 0, Time elapsed: 29.355 sec - in com.github.plokhotnyuk.actors.AkkaNonBlockingBoundedActorSpec
Running com.github.plokhotnyuk.actors.LiftActorSpec
Executor service type: scala-forkjoin-pool

Enqueueing:
10,000,000 ops
694,690,952 ns
14,394,890 ops/s
1.5 % of CPU usage
24 bytes per instance

Dequeueing:
10,000,000 ops
724,196,729 ns
13,808,402 ops/s
1.7 % of CPU usage

Initiation:
10,000,000 ops
951,888,671 ns
95 ns/op
2.2 % of CPU usage
72 bytes per instance

Single-producer sending:
6,000,000 ops
2,412,733,102 ns
2,486,806 ops/s
3.1 % of CPU usage

Multi-producer sending:
5,999,976 ops
3,457,879,856 ns
1,735,160 ops/s
4.5 % of CPU usage

Max throughput:
11,999,952 ops
178,508,491 ns
67,223,424 ops/s
77.9 % of CPU usage

Ping latency:
1,500,000 ops
4,785,008,696 ns
3,190 ns/op
14.5 % of CPU usage

Ping throughput 10K:
2,000,000 ops
1,811,747,673 ns
1,103,906 ops/s
5.8 % of CPU usage
Tests run: 8, Failures: 0, Errors: 0, Skipped: 0, Time elapsed: 24.965 sec - in com.github.plokhotnyuk.actors.LiftActorSpec
Running com.github.plokhotnyuk.actors.MinimalistActorSpec
Executor service type: scala-forkjoin-pool

Enqueueing:
40,000,000 ops
866,919,132 ns
46,140,405 ops/s
1.4 % of CPU usage
24 bytes per instance

Dequeueing:
40,000,000 ops
470,938,806 ns
84,936,725 ops/s
46.0 % of CPU usage

Initiation:
2,000,000 ops
4,998,813,799 ns
2,499 ns/op
42.3 % of CPU usage
41 bytes per instance

Single-producer sending:
15,000,000 ops
423,121,042 ns
35,450,848 ops/s
3.7 % of CPU usage

Multi-producer sending:
14,999,976 ops
1,196,160,601 ns
12,540,102 ops/s
80.2 % of CPU usage

Max throughput:
29,999,952 ops
51,478,593 ns
582,765,577 ops/s
80.7 % of CPU usage

Ping latency:
3,000,000 ops
4,759,504,966 ns
1,586 ns/op
49.7 % of CPU usage

Ping throughput 10K:
6,000,000 ops
162,670,906 ns
36,884,284 ops/s
86.6 % of CPU usage
Tests run: 8, Failures: 0, Errors: 0, Skipped: 0, Time elapsed: 21.407 sec - in com.github.plokhotnyuk.actors.MinimalistActorSpec
Running com.github.plokhotnyuk.actors.ScalaActorSpec
Executor service type: scala-forkjoin-pool

Enqueueing:
20,000,000 ops
1,067,927,368 ns
18,727,865 ops/s
1.5 % of CPU usage
24 bytes per instance

Dequeueing:
300,000 ops
2,198,102,178 ns
136,481 ops/s
27.0 % of CPU usage

Initiation:
600,000 ops
2,237,423,433 ns
3,729 ns/op
24.5 % of CPU usage
224 bytes per instance

Single-producer sending:
300,000 ops
2,325,682,502 ns
128,994 ops/s
11.1 % of CPU usage

Multi-producer sending:
299,952 ops
2,330,532,305 ns
128,705 ops/s
10.8 % of CPU usage

Max throughput:
599,976 ops
235,737,160 ns
2,545,105 ops/s
93.4 % of CPU usage

Ping latency:
250,000 ops
1,634,414,947 ns
6,537 ns/op
16.0 % of CPU usage

Ping throughput 10K:
400,000 ops
234,124,075 ns
1,708,495 ops/s
81.3 % of CPU usage
Tests run: 8, Failures: 0, Errors: 0, Skipped: 0, Time elapsed: 17.834 sec - in com.github.plokhotnyuk.actors.ScalaActorSpec
Running com.github.plokhotnyuk.actors.ScalazActorSpec
Executor service type: scala-forkjoin-pool

Enqueueing:
40,000,000 ops
1,115,518,012 ns
35,857,780 ops/s
1.4 % of CPU usage
24 bytes per instance

Dequeueing:
40,000,000 ops
509,916,325 ns
78,444,242 ops/s
43.4 % of CPU usage

Initiation:
10,000,000 ops
502,583,933 ns
50 ns/op
2.9 % of CPU usage
104 bytes per instance

Single-producer sending:
15,000,000 ops
853,983,210 ns
17,564,748 ops/s
3.2 % of CPU usage

Multi-producer sending:
14,999,976 ops
1,415,645,051 ns
10,595,859 ops/s
61.3 % of CPU usage

Max throughput:
29,999,952 ops
115,071,443 ns
260,707,185 ops/s
89.1 % of CPU usage

Ping latency:
3,000,000 ops
3,739,779,184 ns
1,246 ns/op
50.6 % of CPU usage

Ping throughput 10K:
6,000,000 ops
242,804,121 ns
24,711,277 ops/s
88.6 % of CPU usage
Tests run: 8, Failures: 0, Errors: 0, Skipped: 0, Time elapsed: 20.119 sec - in com.github.plokhotnyuk.actors.ScalazActorSpec

Results :

Tests run: 74, Failures: 0, Errors: 0, Skipped: 0

[INFO] ------------------------------------------------------------------------
[INFO] BUILD SUCCESS
[INFO] ------------------------------------------------------------------------
[INFO] Total time: 03:55 min
[INFO] Finished at: 2015-04-17T09:56:38+00:00
[INFO] Final Memory: 19M/1538M
[INFO] ------------------------------------------------------------------------
[INFO] Scanning for projects...
[INFO]                                                                         
[INFO] ------------------------------------------------------------------------
[INFO] Building Actors 1.0-SNAPSHOT
[INFO] ------------------------------------------------------------------------
[INFO] 
[INFO] --- maven-resources-plugin:2.6:resources (default-resources) @ actors ---
[INFO] Using 'UTF-8' encoding to copy filtered resources.
[INFO] skip non existing resourceDirectory /home/aplokhotnyuk/actors/src/main/resources
[INFO] 
[INFO] --- maven-resources-plugin:2.6:testResources (default-testResources) @ actors ---
[INFO] Using 'UTF-8' encoding to copy filtered resources.
[INFO] skip non existing resourceDirectory /home/aplokhotnyuk/actors/src/test/resources
[INFO] 
[INFO] --- scala-maven-plugin:3.2.0:testCompile (testCompile) @ actors ---
[WARNING]  Expected all dependencies to require Scala version: 2.11.6
[WARNING]  com.github.plokhotnyuk.actors:actors:1.0-SNAPSHOT requires scala version: 2.11.6
[WARNING]  com.typesafe.akka:akka-actor_2.11:2.3.9 requires scala version: 2.11.5
[WARNING] Multiple versions of scala libraries detected!
[INFO] Nothing to compile - all classes are up to date
[INFO] 
[INFO] --- maven-surefire-plugin:2.18.1:test (default-test) @ actors ---
[INFO] Surefire report directory: /home/aplokhotnyuk/actors/target/surefire-reports

-------------------------------------------------------
 T E S T S
-------------------------------------------------------
Running com.github.plokhotnyuk.actors.AkkaActorSpec
Executor service type: java-forkjoin-pool

Enqueueing:
10,000,000 ops
600,543,670 ns
16,651,578 ops/s
1.8 % of CPU usage
48 bytes per instance

Dequeueing:
10,000,000 ops
1,862,768,583 ns
5,368,353 ops/s
2.5 % of CPU usage

Initiation:
100,000 ops
958,799,444 ns
9,587 ns/op
37.2 % of CPU usage
447 bytes per instance

Single-producer sending:
6,000,000 ops
1,421,307,003 ns
4,221,466 ops/s
3.1 % of CPU usage

Multi-producer sending:
5,999,976 ops
3,996,164,169 ns
1,501,433 ops/s
69.5 % of CPU usage

Max throughput:
11,999,952 ops
269,170,896 ns
44,581,164 ops/s
79.2 % of CPU usage

Ping latency:
1,500,000 ops
5,403,847,853 ns
3,602 ns/op
74.7 % of CPU usage

Ping throughput 10K:
2,000,000 ops
241,610,881 ns
8,277,772 ops/s
91.7 % of CPU usage
Tests run: 8, Failures: 0, Errors: 0, Skipped: 0, Time elapsed: 25.114 sec - in com.github.plokhotnyuk.actors.AkkaActorSpec
Running com.github.plokhotnyuk.actors.AkkaBalanceableActorSpec
Executor service type: java-forkjoin-pool

Enqueueing:
10,000,000 ops
564,164,176 ns
17,725,336 ops/s
1.8 % of CPU usage
48 bytes per instance

Dequeueing:
10,000,000 ops
1,566,540,220 ns
6,383,493 ops/s
2.4 % of CPU usage

Initiation:
100,000 ops
897,954,826 ns
8,979 ns/op
46.0 % of CPU usage
447 bytes per instance

Single-producer sending:
6,000,000 ops
1,933,899,629 ns
3,102,539 ops/s
3.1 % of CPU usage

Multi-producer sending:
5,999,976 ops
1,766,467,514 ns
3,396,595 ops/s
34.9 % of CPU usage

Max throughput:
11,999,952 ops
246,847,298 ns
48,612,855 ops/s
87.9 % of CPU usage

Ping latency:
1,500,000 ops
3,687,490,840 ns
2,458 ns/op
89.6 % of CPU usage

Ping throughput 10K:
2,000,000 ops
221,518,193 ns
9,028,603 ops/s
93.6 % of CPU usage
Tests run: 8, Failures: 0, Errors: 0, Skipped: 0, Time elapsed: 20.406 sec - in com.github.plokhotnyuk.actors.AkkaBalanceableActorSpec
Running com.github.plokhotnyuk.actors.AkkaBoundedActorSpec
Executor service type: java-forkjoin-pool

Enqueueing:
10,000,000 ops
1,050,127,658 ns
9,522,651 ops/s
1.8 % of CPU usage
48 bytes per instance

Dequeueing:
10,000,000 ops
1,635,119,391 ns
6,115,761 ops/s
2.3 % of CPU usage

Initiation:
100,000 ops
1,001,808,556 ns
10,018 ns/op
51.1 % of CPU usage
631 bytes per instance

Single-producer sending:
6,000,000 ops
4,081,438,066 ns
1,470,070 ops/s
2.9 % of CPU usage

Multi-producer sending:
5,999,976 ops
7,604,617,320 ns
788,991 ops/s
5.7 % of CPU usage

Max throughput:
11,999,952 ops
286,270,255 ns
41,918,263 ops/s
88.8 % of CPU usage

Ping latency:
1,500,000 ops
6,447,843,544 ns
4,298 ns/op
13.4 % of CPU usage

Ping throughput 10K:
2,000,000 ops
227,375,625 ns
8,796,017 ops/s
92.7 % of CPU usage

Overflow throughput:
5,000,000 ops
792,380,714 ns
6,310,098 ops/s
3.0 % of CPU usage
Tests run: 9, Failures: 0, Errors: 0, Skipped: 0, Time elapsed: 35.152 sec - in com.github.plokhotnyuk.actors.AkkaBoundedActorSpec
Running com.github.plokhotnyuk.actors.AkkaNonBalanceableActorSpec
Executor service type: java-forkjoin-pool

Enqueueing:
10,000,000 ops
549,777,013 ns
18,189,192 ops/s
1.7 % of CPU usage
48 bytes per instance

Dequeueing:
10,000,000 ops
1,449,203,339 ns
6,900,342 ops/s
2.5 % of CPU usage

Initiation:
100,000 ops
692,734,915 ns
6,927 ns/op
29.3 % of CPU usage
446 bytes per instance

Single-producer sending:
6,000,000 ops
2,144,030,401 ns
2,798,467 ops/s
3.0 % of CPU usage

Multi-producer sending:
5,999,976 ops
1,551,364,690 ns
3,867,547 ops/s
34.4 % of CPU usage

Max throughput:
11,999,952 ops
210,554,469 ns
56,992,150 ops/s
84.8 % of CPU usage

Ping latency:
1,500,000 ops
6,269,711,785 ns
4,179 ns/op
62.1 % of CPU usage

Ping throughput 10K:
2,000,000 ops
266,559,629 ns
7,503,011 ops/s
90.3 % of CPU usage
Tests run: 8, Failures: 0, Errors: 0, Skipped: 0, Time elapsed: 23.479 sec - in com.github.plokhotnyuk.actors.AkkaNonBalanceableActorSpec
Running com.github.plokhotnyuk.actors.AkkaNonBlockingBoundedActorSpec
Executor service type: java-forkjoin-pool

Enqueueing:
10,000,000 ops
671,285,599 ns
14,896,789 ops/s
1.8 % of CPU usage
48 bytes per instance

Dequeueing:
10,000,000 ops
1,581,036,347 ns
6,324,965 ops/s
2.4 % of CPU usage

Initiation:
100,000 ops
965,169,017 ns
9,651 ns/op
28.8 % of CPU usage
445 bytes per instance

Single-producer sending:
6,000,000 ops
2,590,527,091 ns
2,316,130 ops/s
2.9 % of CPU usage

Multi-producer sending:
5,999,976 ops
4,903,587,705 ns
1,223,589 ops/s
65.7 % of CPU usage

Max throughput:
11,999,952 ops
201,608,031 ns
59,521,200 ops/s
86.3 % of CPU usage

Ping latency:
1,500,000 ops
4,830,362,698 ns
3,220 ns/op
83.8 % of CPU usage

Ping throughput 10K:
2,000,000 ops
270,839,703 ns
7,384,441 ops/s
91.9 % of CPU usage

Overflow throughput:
5,000,000 ops
726,185,602 ns
6,885,292 ops/s
3.4 % of CPU usage
Tests run: 9, Failures: 0, Errors: 0, Skipped: 0, Time elapsed: 27.307 sec - in com.github.plokhotnyuk.actors.AkkaNonBlockingBoundedActorSpec
Running com.github.plokhotnyuk.actors.LiftActorSpec
Executor service type: java-forkjoin-pool

Enqueueing:
10,000,000 ops
635,584,976 ns
15,733,537 ops/s
1.5 % of CPU usage
24 bytes per instance

Dequeueing:
10,000,000 ops
825,996,834 ns
12,106,583 ops/s
1.7 % of CPU usage

Initiation:
10,000,000 ops
1,058,031,710 ns
105 ns/op
2.1 % of CPU usage
72 bytes per instance

Single-producer sending:
6,000,000 ops
1,693,820,349 ns
3,542,288 ops/s
3.2 % of CPU usage

Multi-producer sending:
5,999,976 ops
3,818,836,109 ns
1,571,153 ops/s
4.5 % of CPU usage

Max throughput:
11,999,952 ops
222,645,241 ns
53,897,186 ops/s
74.6 % of CPU usage

Ping latency:
1,500,000 ops
4,210,076,663 ns
2,806 ns/op
18.2 % of CPU usage

Ping throughput 10K:
2,000,000 ops
1,876,144,004 ns
1,066,016 ops/s
6.1 % of CPU usage
Tests run: 8, Failures: 0, Errors: 0, Skipped: 0, Time elapsed: 24.23 sec - in com.github.plokhotnyuk.actors.LiftActorSpec
Running com.github.plokhotnyuk.actors.MinimalistActorSpec
Executor service type: java-forkjoin-pool

Enqueueing:
40,000,000 ops
1,277,930,655 ns
31,300,602 ops/s
1.4 % of CPU usage
24 bytes per instance

Dequeueing:
40,000,000 ops
441,855,270 ns
90,527,380 ops/s
3.4 % of CPU usage

Initiation:
2,000,000 ops
2,613,488,740 ns
1,306 ns/op
94.7 % of CPU usage
41 bytes per instance

Single-producer sending:
15,000,000 ops
565,669,119 ns
26,517,268 ops/s
59.8 % of CPU usage

Multi-producer sending:
14,999,976 ops
986,403,471 ns
15,206,734 ops/s
66.5 % of CPU usage

Max throughput:
29,999,952 ops
289,293,185 ns
103,700,859 ops/s
94.5 % of CPU usage

Ping latency:
3,000,000 ops
2,599,810,332 ns
866 ns/op
98.0 % of CPU usage

Ping throughput 10K:
6,000,000 ops
47,138,058 ns
127,285,684 ops/s
78.4 % of CPU usage
Tests run: 8, Failures: 0, Errors: 0, Skipped: 0, Time elapsed: 17.613 sec - in com.github.plokhotnyuk.actors.MinimalistActorSpec
Running com.github.plokhotnyuk.actors.ScalaActorSpec
Executor service type: java-forkjoin-pool

Enqueueing:
20,000,000 ops
995,486,152 ns
20,090,686 ops/s
1.5 % of CPU usage
24 bytes per instance

Dequeueing:
300,000 ops
2,301,255,527 ns
130,363 ops/s
21.6 % of CPU usage

Initiation:
600,000 ops
1,203,284,993 ns
2,005 ns/op
95.7 % of CPU usage
224 bytes per instance

Single-producer sending:
300,000 ops
2,116,485,537 ns
141,744 ops/s
15.3 % of CPU usage

Multi-producer sending:
299,952 ops
2,349,400,746 ns
127,671 ops/s
12.9 % of CPU usage

Max throughput:
599,976 ops
256,417,479 ns
2,339,840 ops/s
91.3 % of CPU usage

Ping latency:
250,000 ops
1,575,713,692 ns
6,302 ns/op
26.0 % of CPU usage

Ping throughput 10K:
400,000 ops
265,118,943 ns
1,508,756 ops/s
82.3 % of CPU usage
Tests run: 8, Failures: 0, Errors: 0, Skipped: 0, Time elapsed: 16.996 sec - in com.github.plokhotnyuk.actors.ScalaActorSpec
Running com.github.plokhotnyuk.actors.ScalazActorSpec
Executor service type: java-forkjoin-pool

Enqueueing:
40,000,000 ops
1,313,096,369 ns
30,462,349 ops/s
1.4 % of CPU usage
24 bytes per instance

Dequeueing:
40,000,000 ops
418,328,741 ns
95,618,579 ops/s
2.9 % of CPU usage

Initiation:
10,000,000 ops
435,638,371 ns
43 ns/op
3.1 % of CPU usage
104 bytes per instance

Single-producer sending:
15,000,000 ops
836,545,157 ns
17,930,890 ops/s
4.0 % of CPU usage

Multi-producer sending:
14,999,976 ops
1,546,436,728 ns
9,699,702 ops/s
61.5 % of CPU usage

Max throughput:
29,999,952 ops
103,374,576 ns
290,206,288 ops/s
88.8 % of CPU usage

Ping latency:
3,000,000 ops
2,420,208,316 ns
806 ns/op
97.2 % of CPU usage

Ping throughput 10K:
6,000,000 ops
69,975,762 ns
85,743,975 ops/s
85.1 % of CPU usage
Tests run: 8, Failures: 0, Errors: 0, Skipped: 0, Time elapsed: 18.869 sec - in com.github.plokhotnyuk.actors.ScalazActorSpec

Results :

Tests run: 74, Failures: 0, Errors: 0, Skipped: 0

[INFO] ------------------------------------------------------------------------
[INFO] BUILD SUCCESS
[INFO] ------------------------------------------------------------------------
[INFO] Total time: 03:45 min
[INFO] Finished at: 2015-04-17T10:00:25+00:00
[INFO] Final Memory: 19M/1538M
[INFO] ------------------------------------------------------------------------
[INFO] Scanning for projects...
[INFO]                                                                         
[INFO] ------------------------------------------------------------------------
[INFO] Building Actors 1.0-SNAPSHOT
[INFO] ------------------------------------------------------------------------
[INFO] 
[INFO] --- maven-resources-plugin:2.6:resources (default-resources) @ actors ---
[INFO] Using 'UTF-8' encoding to copy filtered resources.
[INFO] skip non existing resourceDirectory /home/aplokhotnyuk/actors/src/main/resources
[INFO] 
[INFO] --- maven-resources-plugin:2.6:testResources (default-testResources) @ actors ---
[INFO] Using 'UTF-8' encoding to copy filtered resources.
[INFO] skip non existing resourceDirectory /home/aplokhotnyuk/actors/src/test/resources
[INFO] 
[INFO] --- scala-maven-plugin:3.2.0:testCompile (testCompile) @ actors ---
[WARNING]  Expected all dependencies to require Scala version: 2.11.6
[WARNING]  com.github.plokhotnyuk.actors:actors:1.0-SNAPSHOT requires scala version: 2.11.6
[WARNING]  com.typesafe.akka:akka-actor_2.11:2.3.9 requires scala version: 2.11.5
[WARNING] Multiple versions of scala libraries detected!
[INFO] Nothing to compile - all classes are up to date
[INFO] 
[INFO] --- maven-surefire-plugin:2.18.1:test (default-test) @ actors ---
[INFO] Surefire report directory: /home/aplokhotnyuk/actors/target/surefire-reports

-------------------------------------------------------
 T E S T S
-------------------------------------------------------
Running com.github.plokhotnyuk.actors.AkkaActorSpec
Executor service type: abq-thread-pool

Enqueueing:
10,000,000 ops
583,148,555 ns
17,148,289 ops/s
1.9 % of CPU usage
48 bytes per instance

Dequeueing:
10,000,000 ops
1,568,925,806 ns
6,373,787 ops/s
1.9 % of CPU usage

Initiation:
100,000 ops
2,021,326,575 ns
20,213 ns/op
5.3 % of CPU usage
424 bytes per instance

Single-producer sending:
6,000,000 ops
1,868,722,244 ns
3,210,750 ops/s
2.8 % of CPU usage

Multi-producer sending:
5,999,976 ops
4,402,077,892 ns
1,362,987 ops/s
67.3 % of CPU usage

Max throughput:
11,999,952 ops
149,350,846 ns
80,347,398 ops/s
82.0 % of CPU usage

Ping latency:
1,500,000 ops
23,156,161,578 ns
15,437 ns/op
1.8 % of CPU usage

Ping throughput 10K:
2,000,000 ops
4,368,340,150 ns
457,839 ops/s
3.8 % of CPU usage
Tests run: 8, Failures: 0, Errors: 0, Skipped: 0, Time elapsed: 51.042 sec - in com.github.plokhotnyuk.actors.AkkaActorSpec
Running com.github.plokhotnyuk.actors.AkkaBalanceableActorSpec
Executor service type: abq-thread-pool

Enqueueing:
10,000,000 ops
528,472,190 ns
18,922,471 ops/s
3.0 % of CPU usage
48 bytes per instance

Dequeueing:
10,000,000 ops
1,356,872,713 ns
7,369,888 ops/s
2.0 % of CPU usage

Initiation:
100,000 ops
1,990,024,724 ns
19,900 ns/op
4.9 % of CPU usage
424 bytes per instance

Single-producer sending:
6,000,000 ops
1,723,673,572 ns
3,480,937 ops/s
2.7 % of CPU usage

Multi-producer sending:
5,999,976 ops
1,743,504,296 ns
3,441,331 ops/s
31.3 % of CPU usage

Max throughput:
11,999,952 ops
167,453,068 ns
71,661,583 ops/s
79.8 % of CPU usage

Ping latency:
1,500,000 ops
21,490,806,745 ns
14,327 ns/op
1.8 % of CPU usage

Ping throughput 10K:
2,000,000 ops
4,329,844,778 ns
461,910 ops/s
3.6 % of CPU usage
Tests run: 8, Failures: 0, Errors: 0, Skipped: 0, Time elapsed: 45.399 sec - in com.github.plokhotnyuk.actors.AkkaBalanceableActorSpec
Running com.github.plokhotnyuk.actors.AkkaBoundedActorSpec
Executor service type: abq-thread-pool

Enqueueing:
10,000,000 ops
997,423,925 ns
10,025,827 ops/s
1.8 % of CPU usage
48 bytes per instance

Dequeueing:
10,000,000 ops
1,737,635,027 ns
5,754,948 ops/s
2.0 % of CPU usage

Initiation:
100,000 ops
1,929,993,815 ns
19,299 ns/op
5.3 % of CPU usage
608 bytes per instance

Single-producer sending:
6,000,000 ops
4,664,164,764 ns
1,286,403 ops/s
2.7 % of CPU usage

Multi-producer sending:
5,999,976 ops
5,219,722,856 ns
1,149,481 ops/s
4.1 % of CPU usage

Max throughput:
11,999,952 ops
231,198,135 ns
51,903,325 ops/s
61.6 % of CPU usage

Ping latency:
1,500,000 ops
23,870,985,764 ns
15,913 ns/op
1.8 % of CPU usage

Ping throughput 10K:
2,000,000 ops
5,120,435,345 ns
390,591 ops/s
3.6 % of CPU usage

Overflow throughput:
5,000,000 ops
779,342,862 ns
6,415,661 ops/s
1.9 % of CPU usage
Tests run: 9, Failures: 0, Errors: 0, Skipped: 0, Time elapsed: 58.397 sec - in com.github.plokhotnyuk.actors.AkkaBoundedActorSpec
Running com.github.plokhotnyuk.actors.AkkaNonBalanceableActorSpec
Executor service type: abq-thread-pool

Enqueueing:
10,000,000 ops
568,379,272 ns
17,593,885 ops/s
1.7 % of CPU usage
48 bytes per instance

Dequeueing:
10,000,000 ops
1,141,560,588 ns
8,759,938 ops/s
2.0 % of CPU usage

Initiation:
100,000 ops
2,143,414,410 ns
21,434 ns/op
5.2 % of CPU usage
424 bytes per instance

Single-producer sending:
6,000,000 ops
1,946,944,146 ns
3,081,752 ops/s
2.7 % of CPU usage

Multi-producer sending:
5,999,976 ops
1,732,807,418 ns
3,462,575 ops/s
34.2 % of CPU usage

Max throughput:
11,999,952 ops
92,207,089 ns
130,141,317 ops/s
77.0 % of CPU usage

Ping latency:
1,500,000 ops
21,170,138,082 ns
14,113 ns/op
1.8 % of CPU usage

Ping throughput 10K:
2,000,000 ops
4,158,305,326 ns
480,965 ops/s
3.6 % of CPU usage
Tests run: 8, Failures: 0, Errors: 0, Skipped: 0, Time elapsed: 45.599 sec - in com.github.plokhotnyuk.actors.AkkaNonBalanceableActorSpec
Running com.github.plokhotnyuk.actors.AkkaNonBlockingBoundedActorSpec
Executor service type: abq-thread-pool

Enqueueing:
10,000,000 ops
606,300,897 ns
16,493,460 ops/s
1.8 % of CPU usage
48 bytes per instance

Dequeueing:
10,000,000 ops
1,212,931,444 ns
8,244,489 ops/s
1.9 % of CPU usage

Initiation:
100,000 ops
2,034,139,824 ns
20,341 ns/op
5.2 % of CPU usage
424 bytes per instance

Single-producer sending:
6,000,000 ops
2,222,021,483 ns
2,700,243 ops/s
2.7 % of CPU usage

Multi-producer sending:
5,999,976 ops
5,150,417,480 ns
1,164,949 ops/s
62.0 % of CPU usage

Max throughput:
11,999,952 ops
110,369,524 ns
108,725,231 ops/s
74.0 % of CPU usage

Ping latency:
1,500,000 ops
22,450,196,582 ns
14,966 ns/op
1.8 % of CPU usage

Ping throughput 10K:
2,000,000 ops
4,516,928,067 ns
442,778 ops/s
3.5 % of CPU usage

Overflow throughput:
5,000,000 ops
584,527,958 ns
8,553,910 ops/s
2.1 % of CPU usage
Tests run: 9, Failures: 0, Errors: 0, Skipped: 0, Time elapsed: 51.628 sec - in com.github.plokhotnyuk.actors.AkkaNonBlockingBoundedActorSpec
Running com.github.plokhotnyuk.actors.LiftActorSpec
Executor service type: abq-thread-pool

Enqueueing:
10,000,000 ops
634,400,918 ns
15,762,902 ops/s
1.5 % of CPU usage
24 bytes per instance

Dequeueing:
10,000,000 ops
740,432,249 ns
13,505,624 ops/s
1.7 % of CPU usage

Initiation:
10,000,000 ops
952,145,600 ns
95 ns/op
2.2 % of CPU usage
72 bytes per instance

Single-producer sending:
6,000,000 ops
1,755,517,347 ns
3,417,795 ops/s
3.1 % of CPU usage

Multi-producer sending:
5,999,976 ops
3,370,366,726 ns
1,780,214 ops/s
4.4 % of CPU usage

Max throughput:
11,999,952 ops
168,283,629 ns
71,307,898 ops/s
78.0 % of CPU usage

Ping latency:
1,500,000 ops
24,044,272,328 ns
16,029 ns/op
1.9 % of CPU usage

Ping throughput 10K:
2,000,000 ops
6,150,454,863 ns
325,179 ops/s
4.0 % of CPU usage
Tests run: 8, Failures: 0, Errors: 0, Skipped: 0, Time elapsed: 48.068 sec - in com.github.plokhotnyuk.actors.LiftActorSpec
Running com.github.plokhotnyuk.actors.MinimalistActorSpec
Executor service type: abq-thread-pool

Enqueueing:
40,000,000 ops
1,132,424,412 ns
35,322,445 ops/s
1.4 % of CPU usage
24 bytes per instance

Dequeueing:
40,000,000 ops
756,733,872 ns
52,858,741 ops/s
2.4 % of CPU usage

Initiation:
2,000,000 ops
34,383,116,075 ns
17,191 ns/op
1.8 % of CPU usage
40 bytes per instance

Single-producer sending:
15,000,000 ops
549,432,436 ns
27,300,900 ops/s
4.1 % of CPU usage

Multi-producer sending:
14,999,976 ops
1,054,780,394 ns
14,220,946 ops/s
76.5 % of CPU usage

Max throughput:
29,999,952 ops
143,724,220 ns
208,732,752 ops/s
25.4 % of CPU usage

Ping latency:
3,000,000 ops
35,652,128,691 ns
11,884 ns/op
1.8 % of CPU usage

Ping throughput 10K:
6,000,000 ops
8,150,257,089 ns
736,173 ops/s
2.7 % of CPU usage
Tests run: 8, Failures: 0, Errors: 0, Skipped: 0, Time elapsed: 91.858 sec - in com.github.plokhotnyuk.actors.MinimalistActorSpec
Running com.github.plokhotnyuk.actors.ScalaActorSpec
Executor service type: abq-thread-pool

Enqueueing:
20,000,000 ops
1,043,391,367 ns
19,168,262 ops/s
1.5 % of CPU usage
24 bytes per instance

Dequeueing:
300,000 ops
9,404,739,934 ns
31,898 ops/s
2.3 % of CPU usage

Initiation:
600,000 ops
11,147,721,618 ns
18,579 ns/op
2.0 % of CPU usage
224 bytes per instance

Single-producer sending:
300,000 ops
9,762,870,696 ns
30,728 ops/s
2.1 % of CPU usage

Multi-producer sending:
299,952 ops
10,503,384,763 ns
28,557 ops/s
2.1 % of CPU usage

Max throughput:
599,976 ops
4,011,511,065 ns
149,563 ops/s
3.6 % of CPU usage

Ping latency:
250,000 ops
9,014,034,989 ns
36,056 ns/op
2.2 % of CPU usage

Ping throughput 10K:
400,000 ops
2,929,935,678 ns
136,521 ops/s
3.7 % of CPU usage
Tests run: 8, Failures: 0, Errors: 0, Skipped: 0, Time elapsed: 63.895 sec - in com.github.plokhotnyuk.actors.ScalaActorSpec
Running com.github.plokhotnyuk.actors.ScalazActorSpec
Executor service type: abq-thread-pool

Enqueueing:
40,000,000 ops
1,171,633,395 ns
34,140,372 ops/s
1.4 % of CPU usage
24 bytes per instance

Dequeueing:
40,000,000 ops
741,522,083 ns
53,943,100 ops/s
2.5 % of CPU usage

Initiation:
10,000,000 ops
460,326,766 ns
46 ns/op
3.1 % of CPU usage
104 bytes per instance

Single-producer sending:
15,000,000 ops
907,611,277 ns
16,526,899 ops/s
3.0 % of CPU usage

Multi-producer sending:
14,999,976 ops
1,606,918,973 ns
9,334,618 ops/s
54.7 % of CPU usage

Max throughput:
29,999,952 ops
132,105,924 ns
227,090,134 ops/s
24.3 % of CPU usage

Ping latency:
3,000,000 ops
40,870,795,125 ns
13,623 ns/op
1.8 % of CPU usage

Ping throughput 10K:
6,000,000 ops
8,815,947,060 ns
680,584 ops/s
2.8 % of CPU usage
Tests run: 8, Failures: 0, Errors: 0, Skipped: 0, Time elapsed: 67.042 sec - in com.github.plokhotnyuk.actors.ScalazActorSpec

Results :

Tests run: 74, Failures: 0, Errors: 0, Skipped: 0

[INFO] ------------------------------------------------------------------------
[INFO] BUILD SUCCESS
[INFO] ------------------------------------------------------------------------
[INFO] Total time: 08:59 min
[INFO] Finished at: 2015-04-17T10:09:27+00:00
[INFO] Final Memory: 17M/1489M
[INFO] ------------------------------------------------------------------------
[INFO] Scanning for projects...
[INFO]                                                                         
[INFO] ------------------------------------------------------------------------
[INFO] Building Actors 1.0-SNAPSHOT
[INFO] ------------------------------------------------------------------------
[INFO] 
[INFO] --- maven-resources-plugin:2.6:resources (default-resources) @ actors ---
[INFO] Using 'UTF-8' encoding to copy filtered resources.
[INFO] skip non existing resourceDirectory /home/aplokhotnyuk/actors/src/main/resources
[INFO] 
[INFO] --- maven-resources-plugin:2.6:testResources (default-testResources) @ actors ---
[INFO] Using 'UTF-8' encoding to copy filtered resources.
[INFO] skip non existing resourceDirectory /home/aplokhotnyuk/actors/src/test/resources
[INFO] 
[INFO] --- scala-maven-plugin:3.2.0:testCompile (testCompile) @ actors ---
[WARNING]  Expected all dependencies to require Scala version: 2.11.6
[WARNING]  com.github.plokhotnyuk.actors:actors:1.0-SNAPSHOT requires scala version: 2.11.6
[WARNING]  com.typesafe.akka:akka-actor_2.11:2.3.9 requires scala version: 2.11.5
[WARNING] Multiple versions of scala libraries detected!
[INFO] Nothing to compile - all classes are up to date
[INFO] 
[INFO] --- maven-surefire-plugin:2.18.1:test (default-test) @ actors ---
[INFO] Surefire report directory: /home/aplokhotnyuk/actors/target/surefire-reports

-------------------------------------------------------
 T E S T S
-------------------------------------------------------
Running com.github.plokhotnyuk.actors.AkkaActorSpec
Executor service type: lbq-thread-pool

Enqueueing:
10,000,000 ops
663,212,417 ns
15,078,125 ops/s
1.8 % of CPU usage
48 bytes per instance

Dequeueing:
10,000,000 ops
1,273,950,996 ns
7,849,595 ops/s
2.3 % of CPU usage

Initiation:
100,000 ops
1,907,143,399 ns
19,071 ns/op
5.5 % of CPU usage
424 bytes per instance

Single-producer sending:
6,000,000 ops
2,174,962,182 ns
2,758,668 ops/s
2.6 % of CPU usage

Multi-producer sending:
5,999,976 ops
4,497,758,965 ns
1,333,992 ops/s
68.7 % of CPU usage

Max throughput:
11,999,952 ops
119,477,259 ns
100,437,121 ops/s
79.0 % of CPU usage

Ping latency:
1,500,000 ops
20,742,023,291 ns
13,828 ns/op
1.8 % of CPU usage

Ping throughput 10K:
2,000,000 ops
4,436,064,756 ns
450,850 ops/s
4.3 % of CPU usage
Tests run: 8, Failures: 0, Errors: 0, Skipped: 0, Time elapsed: 46.466 sec - in com.github.plokhotnyuk.actors.AkkaActorSpec
Running com.github.plokhotnyuk.actors.AkkaBalanceableActorSpec
Executor service type: lbq-thread-pool

Enqueueing:
10,000,000 ops
606,983,753 ns
16,474,905 ops/s
1.7 % of CPU usage
48 bytes per instance

Dequeueing:
10,000,000 ops
1,182,013,601 ns
8,460,139 ops/s
1.9 % of CPU usage

Initiation:
100,000 ops
1,886,466,419 ns
18,864 ns/op
5.8 % of CPU usage
424 bytes per instance

Single-producer sending:
6,000,000 ops
2,172,604,556 ns
2,761,662 ops/s
2.7 % of CPU usage

Multi-producer sending:
5,999,976 ops
1,772,648,227 ns
3,384,752 ops/s
31.3 % of CPU usage

Max throughput:
11,999,952 ops
93,862,953 ns
127,845,455 ops/s
84.3 % of CPU usage

Ping latency:
1,500,000 ops
21,051,782,015 ns
14,034 ns/op
1.8 % of CPU usage

Ping throughput 10K:
2,000,000 ops
4,396,799,934 ns
454,876 ops/s
5.0 % of CPU usage
Tests run: 8, Failures: 0, Errors: 0, Skipped: 0, Time elapsed: 43.155 sec - in com.github.plokhotnyuk.actors.AkkaBalanceableActorSpec
Running com.github.plokhotnyuk.actors.AkkaBoundedActorSpec
Executor service type: lbq-thread-pool

Enqueueing:
10,000,000 ops
980,862,200 ns
10,195,112 ops/s
2.4 % of CPU usage
48 bytes per instance

Dequeueing:
10,000,000 ops
1,302,923,142 ns
7,675,049 ops/s
2.1 % of CPU usage

Initiation:
100,000 ops
1,917,504,126 ns
19,175 ns/op
6.1 % of CPU usage
608 bytes per instance

Single-producer sending:
6,000,000 ops
5,010,018,052 ns
1,197,600 ops/s
2.8 % of CPU usage

Multi-producer sending:
5,999,976 ops
5,185,342,359 ns
1,157,103 ops/s
4.1 % of CPU usage

Max throughput:
11,999,952 ops
193,513,203 ns
62,011,024 ops/s
69.6 % of CPU usage

Ping latency:
1,500,000 ops
22,204,910,477 ns
14,803 ns/op
1.8 % of CPU usage

Ping throughput 10K:
2,000,000 ops
4,370,177,357 ns
457,647 ops/s
5.0 % of CPU usage

Overflow throughput:
5,000,000 ops
808,058,038 ns
6,187,674 ops/s
2.3 % of CPU usage
Tests run: 9, Failures: 0, Errors: 0, Skipped: 0, Time elapsed: 54.322 sec - in com.github.plokhotnyuk.actors.AkkaBoundedActorSpec
Running com.github.plokhotnyuk.actors.AkkaNonBalanceableActorSpec
Executor service type: lbq-thread-pool

Enqueueing:
10,000,000 ops
585,417,147 ns
17,081,836 ops/s
1.7 % of CPU usage
48 bytes per instance

Dequeueing:
10,000,000 ops
956,618,800 ns
10,453,484 ops/s
2.4 % of CPU usage

Initiation:
100,000 ops
1,903,454,652 ns
19,034 ns/op
5.4 % of CPU usage
424 bytes per instance

Single-producer sending:
6,000,000 ops
2,060,368,121 ns
2,912,100 ops/s
2.8 % of CPU usage

Multi-producer sending:
5,999,976 ops
1,864,766,896 ns
3,217,547 ops/s
30.8 % of CPU usage

Max throughput:
11,999,952 ops
100,875,143 ns
118,958,463 ops/s
73.0 % of CPU usage

Ping latency:
1,500,000 ops
21,745,711,893 ns
14,497 ns/op
1.8 % of CPU usage

Ping throughput 10K:
2,000,000 ops
4,066,434,712 ns
491,831 ops/s
4.5 % of CPU usage
Tests run: 8, Failures: 0, Errors: 0, Skipped: 0, Time elapsed: 43.763 sec - in com.github.plokhotnyuk.actors.AkkaNonBalanceableActorSpec
Running com.github.plokhotnyuk.actors.AkkaNonBlockingBoundedActorSpec
Executor service type: lbq-thread-pool

Enqueueing:
10,000,000 ops
593,428,136 ns
16,851,240 ops/s
2.8 % of CPU usage
47 bytes per instance

Dequeueing:
10,000,000 ops
1,205,870,026 ns
8,292,767 ops/s
2.1 % of CPU usage

Initiation:
100,000 ops
2,074,972,359 ns
20,749 ns/op
5.8 % of CPU usage
424 bytes per instance

Single-producer sending:
6,000,000 ops
1,879,175,140 ns
3,192,890 ops/s
2.5 % of CPU usage

Multi-producer sending:
5,999,976 ops
4,855,188,668 ns
1,235,786 ops/s
66.7 % of CPU usage

Max throughput:
11,999,952 ops
105,456,992 ns
113,790,008 ops/s
80.9 % of CPU usage

Ping latency:
1,500,000 ops
21,730,282,791 ns
14,486 ns/op
1.8 % of CPU usage

Ping throughput 10K:
2,000,000 ops
4,184,565,419 ns
477,946 ops/s
4.9 % of CPU usage

Overflow throughput:
5,000,000 ops
767,650,098 ns
6,513,384 ops/s
1.7 % of CPU usage
Tests run: 9, Failures: 0, Errors: 0, Skipped: 0, Time elapsed: 48.288 sec - in com.github.plokhotnyuk.actors.AkkaNonBlockingBoundedActorSpec
Running com.github.plokhotnyuk.actors.LiftActorSpec
Executor service type: lbq-thread-pool

Enqueueing:
10,000,000 ops
668,708,377 ns
14,954,201 ops/s
1.5 % of CPU usage
24 bytes per instance

Dequeueing:
10,000,000 ops
813,089,561 ns
12,298,768 ops/s
1.8 % of CPU usage

Initiation:
10,000,000 ops
795,103,714 ns
79 ns/op
2.4 % of CPU usage
72 bytes per instance

Single-producer sending:
6,000,000 ops
1,904,958,083 ns
3,149,675 ops/s
3.1 % of CPU usage

Multi-producer sending:
5,999,976 ops
3,109,802,427 ns
1,929,375 ops/s
4.4 % of CPU usage

Max throughput:
11,999,952 ops
136,513,407 ns
87,903,102 ops/s
72.5 % of CPU usage

Ping latency:
1,500,000 ops
21,737,523,302 ns
14,491 ns/op
1.9 % of CPU usage

Ping throughput 10K:
2,000,000 ops
4,120,640,367 ns
485,361 ops/s
4.3 % of CPU usage
Tests run: 8, Failures: 0, Errors: 0, Skipped: 0, Time elapsed: 42.859 sec - in com.github.plokhotnyuk.actors.LiftActorSpec
Running com.github.plokhotnyuk.actors.MinimalistActorSpec
Executor service type: lbq-thread-pool

Enqueueing:
40,000,000 ops
1,301,362,939 ns
30,737,005 ops/s
1.4 % of CPU usage
24 bytes per instance

Dequeueing:
40,000,000 ops
531,865,691 ns
75,206,956 ops/s
3.5 % of CPU usage

Initiation:
2,000,000 ops
3,036,517,467 ns
1,518 ns/op
4.9 % of CPU usage
46 bytes per instance

Single-producer sending:
15,000,000 ops
431,960,325 ns
34,725,411 ops/s
3.9 % of CPU usage

Multi-producer sending:
14,999,976 ops
1,234,570,557 ns
12,149,954 ops/s
76.2 % of CPU usage

Max throughput:
29,999,952 ops
94,109,897 ns
318,775,739 ops/s
49.7 % of CPU usage

Ping latency:
3,000,000 ops
2,903,489,636 ns
967 ns/op
2.6 % of CPU usage

Ping throughput 10K:
6,000,000 ops
8,316,450,150 ns
721,461 ops/s
3.0 % of CPU usage
Tests run: 8, Failures: 0, Errors: 0, Skipped: 0, Time elapsed: 26.595 sec - in com.github.plokhotnyuk.actors.MinimalistActorSpec
Running com.github.plokhotnyuk.actors.ScalaActorSpec
Executor service type: lbq-thread-pool

Enqueueing:
20,000,000 ops
1,055,395,390 ns
18,950,243 ops/s
1.5 % of CPU usage
24 bytes per instance

Dequeueing:
300,000 ops
2,029,153,169 ns
147,844 ops/s
4.6 % of CPU usage

Initiation:
600,000 ops
578,889,717 ns
964 ns/op
8.5 % of CPU usage
352 bytes per instance

Single-producer sending:
300,000 ops
3,737,028,880 ns
80,277 ops/s
3.7 % of CPU usage

Multi-producer sending:
299,952 ops
2,619,965,884 ns
114,486 ops/s
3.2 % of CPU usage

Max throughput:
599,976 ops
3,343,333,589 ns
179,454 ops/s
4.8 % of CPU usage

Ping latency:
250,000 ops
6,663,700,206 ns
26,654 ns/op
2.4 % of CPU usage

Ping throughput 10K:
400,000 ops
2,415,102,217 ns
165,624 ops/s
5.4 % of CPU usage
Tests run: 8, Failures: 0, Errors: 0, Skipped: 0, Time elapsed: 28.735 sec - in com.github.plokhotnyuk.actors.ScalaActorSpec
Running com.github.plokhotnyuk.actors.ScalazActorSpec
Executor service type: lbq-thread-pool

Enqueueing:
40,000,000 ops
1,231,163,969 ns
32,489,579 ops/s
1.4 % of CPU usage
24 bytes per instance

Dequeueing:
40,000,000 ops
497,804,931 ns
80,352,759 ops/s
3.0 % of CPU usage

Initiation:
10,000,000 ops
455,278,895 ns
45 ns/op
3.0 % of CPU usage
104 bytes per instance

Single-producer sending:
15,000,000 ops
853,822,973 ns
17,568,044 ops/s
3.1 % of CPU usage

Multi-producer sending:
14,999,976 ops
1,724,440,116 ns
8,698,461 ops/s
48.8 % of CPU usage

Max throughput:
29,999,952 ops
124,942,257 ns
240,110,533 ops/s
28.9 % of CPU usage

Ping latency:
3,000,000 ops
3,402,768,329 ns
1,134 ns/op
2.6 % of CPU usage

Ping throughput 10K:
6,000,000 ops
8,674,749,050 ns
691,662 ops/s
3.3 % of CPU usage
Tests run: 8, Failures: 0, Errors: 0, Skipped: 0, Time elapsed: 29.531 sec - in com.github.plokhotnyuk.actors.ScalazActorSpec

Results :

Tests run: 74, Failures: 0, Errors: 0, Skipped: 0

[INFO] ------------------------------------------------------------------------
[INFO] BUILD SUCCESS
[INFO] ------------------------------------------------------------------------
[INFO] Total time: 06:19 min
[INFO] Finished at: 2015-04-17T10:15:48+00:00
[INFO] Final Memory: 17M/1471M
[INFO] ------------------------------------------------------------------------
