[INFO] Scanning for projects...
[INFO]                                                                         
[INFO] ------------------------------------------------------------------------
[INFO] Building Actors 1.0-SNAPSHOT
[INFO] ------------------------------------------------------------------------
[INFO] 
[INFO] --- maven-clean-plugin:2.5:clean (default-clean) @ actors ---
[INFO] Deleting /home/aplokhotnyuk/actors/target
[INFO] 
[INFO] --- maven-resources-plugin:2.6:resources (default-resources) @ actors ---
[INFO] Using 'UTF-8' encoding to copy filtered resources.
[INFO] skip non existing resourceDirectory /home/aplokhotnyuk/actors/src/main/resources
[INFO] 
[INFO] --- maven-resources-plugin:2.6:testResources (default-testResources) @ actors ---
[INFO] Using 'UTF-8' encoding to copy filtered resources.
[INFO] skip non existing resourceDirectory /home/aplokhotnyuk/actors/src/test/resources
[INFO] 
[INFO] --- scala-maven-plugin:3.2.0:testCompile (testCompile) @ actors ---
[WARNING]  Expected all dependencies to require Scala version: 2.11.6
[WARNING]  com.github.plokhotnyuk.actors:actors:1.0-SNAPSHOT requires scala version: 2.11.6
[WARNING]  com.typesafe.akka:akka-actor_2.11:2.3.9 requires scala version: 2.11.5
[WARNING] Multiple versions of scala libraries detected!
[INFO] /home/aplokhotnyuk/actors/src/test/scala:-1: info: compiling
[INFO] Compiling 15 source files to /home/aplokhotnyuk/actors/target/test-classes at 1429269143518
[WARNING] /home/aplokhotnyuk/actors/src/test/scala/com/github/plokhotnyuk/actors/ScalaActorSpec.scala:9: warning: trait SchedulerAdapter in package actors is deprecated: Use the akka.actor package instead. For migration from the scala.actors package refer to the Actors Migration Guide.
[WARNING]   val customScheduler = new SchedulerAdapter {
[WARNING]                             ^
[WARNING] /home/aplokhotnyuk/actors/src/test/scala/com/github/plokhotnyuk/actors/ScalaActorSpec.scala:66: warning: trait Actor in package actors is deprecated: Use the akka.actor package instead. For migration from the scala.actors package refer to the Actors Migration Guide.
[WARNING]     footprintedAndTimedCollect(600000)(() => new Actor {
[WARNING]                                                  ^
[WARNING] /home/aplokhotnyuk/actors/src/test/scala/com/github/plokhotnyuk/actors/ScalaActorSpec.scala:139: warning: trait Actor in package actors is deprecated: Use the akka.actor package instead. For migration from the scala.actors package refer to the Actors Migration Guide.
[WARNING]   private def replayAndCountActor(l: CountDownLatch, n: Int): Actor =
[WARNING]                                                               ^
[WARNING] /home/aplokhotnyuk/actors/src/test/scala/com/github/plokhotnyuk/actors/ScalaActorSpec.scala:140: warning: trait Actor in package actors is deprecated: Use the akka.actor package instead. For migration from the scala.actors package refer to the Actors Migration Guide.
[WARNING]     new Actor {
[WARNING]         ^
[WARNING] /home/aplokhotnyuk/actors/src/test/scala/com/github/plokhotnyuk/actors/ScalaActorSpec.scala:154: warning: trait IScheduler in package actors is deprecated: Use the akka.actor package instead. For migration from the scala.actors package refer to the Actors Migration Guide.
[WARNING]       override def scheduler: IScheduler = customScheduler
[WARNING]                               ^
[WARNING] /home/aplokhotnyuk/actors/src/test/scala/com/github/plokhotnyuk/actors/ScalaActorSpec.scala:157: warning: trait Actor in package actors is deprecated: Use the akka.actor package instead. For migration from the scala.actors package refer to the Actors Migration Guide.
[WARNING]   private def blockableCountActor(l1: CountDownLatch, l2: CountDownLatch, n: Int): Actor =
[WARNING]                                                                                    ^
[WARNING] /home/aplokhotnyuk/actors/src/test/scala/com/github/plokhotnyuk/actors/ScalaActorSpec.scala:158: warning: trait Actor in package actors is deprecated: Use the akka.actor package instead. For migration from the scala.actors package refer to the Actors Migration Guide.
[WARNING]     new Actor {
[WARNING]         ^
[WARNING] /home/aplokhotnyuk/actors/src/test/scala/com/github/plokhotnyuk/actors/ScalaActorSpec.scala:177: warning: trait IScheduler in package actors is deprecated: Use the akka.actor package instead. For migration from the scala.actors package refer to the Actors Migration Guide.
[WARNING]       override def scheduler: IScheduler = customScheduler
[WARNING]                               ^
[WARNING] /home/aplokhotnyuk/actors/src/test/scala/com/github/plokhotnyuk/actors/ScalaActorSpec.scala:180: warning: trait Actor in package actors is deprecated: Use the akka.actor package instead. For migration from the scala.actors package refer to the Actors Migration Guide.
[WARNING]   private def countActor(l: CountDownLatch, n: Int): Actor =
[WARNING]                                                      ^
[WARNING] /home/aplokhotnyuk/actors/src/test/scala/com/github/plokhotnyuk/actors/ScalaActorSpec.scala:181: warning: trait Actor in package actors is deprecated: Use the akka.actor package instead. For migration from the scala.actors package refer to the Actors Migration Guide.
[WARNING]     new Actor {
[WARNING]         ^
[WARNING] /home/aplokhotnyuk/actors/src/test/scala/com/github/plokhotnyuk/actors/ScalaActorSpec.scala:194: warning: trait IScheduler in package actors is deprecated: Use the akka.actor package instead. For migration from the scala.actors package refer to the Actors Migration Guide.
[WARNING]       override def scheduler: IScheduler = customScheduler
[WARNING]                               ^
[WARNING] /home/aplokhotnyuk/actors/src/test/scala/com/github/plokhotnyuk/actors/ScalaActorSpec.scala:197: warning: trait Actor in package actors is deprecated: Use the akka.actor package instead. For migration from the scala.actors package refer to the Actors Migration Guide.
[WARNING]   private def sendMessages(a: Actor, n: Int): Unit = {
[WARNING]                               ^
[WARNING] 12 warnings found
[INFO] prepare-compile in 0 s
[INFO] compile in 14 s
[INFO] ------------------------------------------------------------------------
[INFO] BUILD SUCCESS
[INFO] ------------------------------------------------------------------------
[INFO] Total time: 15.036 s
[INFO] Finished at: 2015-04-17T11:12:37+00:00
[INFO] Final Memory: 25M/1932M
[INFO] ------------------------------------------------------------------------
[INFO] Scanning for projects...
[INFO]                                                                         
[INFO] ------------------------------------------------------------------------
[INFO] Building Actors 1.0-SNAPSHOT
[INFO] ------------------------------------------------------------------------
[INFO] 
[INFO] --- maven-resources-plugin:2.6:resources (default-resources) @ actors ---
[INFO] Using 'UTF-8' encoding to copy filtered resources.
[INFO] skip non existing resourceDirectory /home/aplokhotnyuk/actors/src/main/resources
[INFO] 
[INFO] --- maven-resources-plugin:2.6:testResources (default-testResources) @ actors ---
[INFO] Using 'UTF-8' encoding to copy filtered resources.
[INFO] skip non existing resourceDirectory /home/aplokhotnyuk/actors/src/test/resources
[INFO] 
[INFO] --- scala-maven-plugin:3.2.0:testCompile (testCompile) @ actors ---
[WARNING]  Expected all dependencies to require Scala version: 2.11.6
[WARNING]  com.github.plokhotnyuk.actors:actors:1.0-SNAPSHOT requires scala version: 2.11.6
[WARNING]  com.typesafe.akka:akka-actor_2.11:2.3.9 requires scala version: 2.11.5
[WARNING] Multiple versions of scala libraries detected!
[INFO] Nothing to compile - all classes are up to date
[INFO] 
[INFO] --- maven-surefire-plugin:2.18.1:test (default-test) @ actors ---
[INFO] Surefire report directory: /home/aplokhotnyuk/actors/target/surefire-reports

-------------------------------------------------------
 T E S T S
-------------------------------------------------------
Running com.github.plokhotnyuk.actors.AkkaActorSpec
Executor service type: akka-forkjoin-pool

Enqueueing:
10,000,000 ops
576,765,641 ns
17,338,064 ops/s
1.8 % of CPU usage
48 bytes per instance

Dequeueing:
10,000,000 ops
948,803,021 ns
10,539,595 ops/s
2.0 % of CPU usage

Initiation:
100,000 ops
563,681,974 ns
5,636 ns/op
7.0 % of CPU usage
389 bytes per instance

Single-producer sending:
6,000,000 ops
1,355,505,088 ns
4,426,394 ops/s
3.5 % of CPU usage

Multi-producer sending:
5,999,976 ops
3,154,975,168 ns
1,901,750 ops/s
79.7 % of CPU usage

Max throughput:
11,999,952 ops
1,303,123,627 ns
9,208,605 ops/s
3.3 % of CPU usage

Ping latency:
1,500,000 ops
445,669,207 ns
297 ns/op
1.5 % of CPU usage

Ping throughput 10K:
2,000,000 ops
778,020,181 ns
2,570,627 ops/s
5.4 % of CPU usage
Tests run: 8, Failures: 0, Errors: 0, Skipped: 0, Time elapsed: 19.113 sec - in com.github.plokhotnyuk.actors.AkkaActorSpec
Running com.github.plokhotnyuk.actors.AkkaBalanceableActorSpec
Executor service type: akka-forkjoin-pool

Enqueueing:
10,000,000 ops
646,631,325 ns
15,464,762 ops/s
2.4 % of CPU usage
48 bytes per instance

Dequeueing:
10,000,000 ops
883,494,090 ns
11,318,694 ops/s
1.9 % of CPU usage

Initiation:
100,000 ops
568,023,735 ns
5,680 ns/op
7.4 % of CPU usage
389 bytes per instance

Single-producer sending:
6,000,000 ops
1,169,694,185 ns
5,129,545 ops/s
4.0 % of CPU usage

Multi-producer sending:
5,999,976 ops
1,848,551,971 ns
3,245,770 ops/s
44.3 % of CPU usage

Max throughput:
11,999,952 ops
1,024,862,898 ns
11,708,836 ops/s
3.0 % of CPU usage

Ping latency:
1,500,000 ops
381,578,592 ns
254 ns/op
1.5 % of CPU usage

Ping throughput 10K:
2,000,000 ops
719,301,812 ns
2,780,474 ops/s
7.7 % of CPU usage
Tests run: 8, Failures: 0, Errors: 0, Skipped: 0, Time elapsed: 16.8 sec - in com.github.plokhotnyuk.actors.AkkaBalanceableActorSpec
Running com.github.plokhotnyuk.actors.AkkaBoundedActorSpec
Executor service type: akka-forkjoin-pool

Enqueueing:
10,000,000 ops
1,061,531,489 ns
9,420,351 ops/s
1.8 % of CPU usage
48 bytes per instance

Dequeueing:
10,000,000 ops
1,268,998,610 ns
7,880,229 ops/s
1.7 % of CPU usage

Initiation:
100,000 ops
599,725,520 ns
5,997 ns/op
6.9 % of CPU usage
573 bytes per instance

Single-producer sending:
6,000,000 ops
3,748,678,965 ns
1,600,563 ops/s
3.1 % of CPU usage

Multi-producer sending:
5,999,976 ops
8,606,037,259 ns
697,182 ops/s
4.2 % of CPU usage

Max throughput:
11,999,952 ops
1,359,846,897 ns
8,824,487 ops/s
3.8 % of CPU usage

Ping latency:
1,500,000 ops
563,017,736 ns
375 ns/op
1.5 % of CPU usage

Ping throughput 10K:
2,000,000 ops
924,016,980 ns
2,164,462 ops/s
5.2 % of CPU usage

Overflow throughput:
5,000,000 ops
830,064,324 ns
6,023,629 ops/s
2.1 % of CPU usage
Tests run: 9, Failures: 0, Errors: 0, Skipped: 0, Time elapsed: 29.703 sec - in com.github.plokhotnyuk.actors.AkkaBoundedActorSpec
Running com.github.plokhotnyuk.actors.AkkaNonBalanceableActorSpec
Executor service type: akka-forkjoin-pool

Enqueueing:
10,000,000 ops
586,157,940 ns
17,060,248 ops/s
2.5 % of CPU usage
48 bytes per instance

Dequeueing:
10,000,000 ops
858,896,061 ns
11,642,852 ops/s
1.9 % of CPU usage

Initiation:
100,000 ops
572,135,123 ns
5,721 ns/op
6.8 % of CPU usage
389 bytes per instance

Single-producer sending:
6,000,000 ops
1,520,724,897 ns
3,945,486 ops/s
3.6 % of CPU usage

Multi-producer sending:
5,999,976 ops
1,904,369,946 ns
3,150,635 ops/s
44.8 % of CPU usage

Max throughput:
11,999,952 ops
1,038,090,038 ns
11,559,644 ops/s
3.1 % of CPU usage

Ping latency:
1,500,000 ops
392,246,596 ns
261 ns/op
1.7 % of CPU usage

Ping throughput 10K:
2,000,000 ops
622,012,017 ns
3,215,371 ops/s
8.7 % of CPU usage
Tests run: 8, Failures: 0, Errors: 0, Skipped: 0, Time elapsed: 17.011 sec - in com.github.plokhotnyuk.actors.AkkaNonBalanceableActorSpec
Running com.github.plokhotnyuk.actors.AkkaNonBlockingBoundedActorSpec
Executor service type: akka-forkjoin-pool

Enqueueing:
10,000,000 ops
587,400,477 ns
17,024,160 ops/s
1.8 % of CPU usage
48 bytes per instance

Dequeueing:
10,000,000 ops
895,519,470 ns
11,166,703 ops/s
1.9 % of CPU usage

Initiation:
100,000 ops
608,992,704 ns
6,089 ns/op
6.9 % of CPU usage
389 bytes per instance

Single-producer sending:
6,000,000 ops
2,511,208,178 ns
2,389,288 ops/s
3.3 % of CPU usage

Multi-producer sending:
5,999,976 ops
4,454,058,744 ns
1,347,080 ops/s
70.0 % of CPU usage

Max throughput:
11,999,952 ops
1,075,136,562 ns
11,161,328 ops/s
3.1 % of CPU usage

Ping latency:
1,500,000 ops
425,749,089 ns
283 ns/op
1.5 % of CPU usage

Ping throughput 10K:
2,000,000 ops
758,491,187 ns
2,636,813 ops/s
6.3 % of CPU usage

Overflow throughput:
5,000,000 ops
657,424,643 ns
7,605,434 ops/s
2.1 % of CPU usage
Tests run: 9, Failures: 0, Errors: 0, Skipped: 0, Time elapsed: 22.243 sec - in com.github.plokhotnyuk.actors.AkkaNonBlockingBoundedActorSpec
Running com.github.plokhotnyuk.actors.LiftActorSpec
Executor service type: akka-forkjoin-pool

Enqueueing:
10,000,000 ops
632,995,307 ns
15,797,905 ops/s
1.5 % of CPU usage
24 bytes per instance

Dequeueing:
10,000,000 ops
717,653,108 ns
13,934,308 ops/s
1.7 % of CPU usage

Initiation:
10,000,000 ops
960,746,943 ns
96 ns/op
2.2 % of CPU usage
72 bytes per instance

Single-producer sending:
6,000,000 ops
2,134,227,025 ns
2,811,322 ops/s
3.1 % of CPU usage

Multi-producer sending:
5,999,976 ops
3,366,102,243 ns
1,782,469 ops/s
4.4 % of CPU usage

Max throughput:
11,999,952 ops
828,872,652 ns
14,477,437 ops/s
4.2 % of CPU usage

Ping latency:
1,500,000 ops
705,459,154 ns
470 ns/op
2.2 % of CPU usage

Ping throughput 10K:
2,000,000 ops
969,985,527 ns
2,061,886 ops/s
2.0 % of CPU usage
Tests run: 8, Failures: 0, Errors: 0, Skipped: 0, Time elapsed: 20.379 sec - in com.github.plokhotnyuk.actors.LiftActorSpec
Running com.github.plokhotnyuk.actors.MinimalistActorSpec
Executor service type: akka-forkjoin-pool

Enqueueing:
40,000,000 ops
1,209,700,495 ns
33,066,035 ops/s
1.4 % of CPU usage
24 bytes per instance

Dequeueing:
40,000,000 ops
297,848,973 ns
134,296,249 ops/s
1.5 % of CPU usage

Initiation:
2,000,000 ops
622,688,740 ns
311 ns/op
5.3 % of CPU usage
41 bytes per instance

Single-producer sending:
15,000,000 ops
967,860,053 ns
15,498,108 ops/s
3.1 % of CPU usage

Multi-producer sending:
14,999,976 ops
1,058,204,055 ns
14,174,937 ops/s
87.5 % of CPU usage

Max throughput:
29,999,952 ops
372,263,153 ns
80,588,024 ops/s
7.5 % of CPU usage

Ping latency:
3,000,000 ops
332,704,843 ns
110 ns/op
1.6 % of CPU usage

Ping throughput 10K:
6,000,000 ops
524,758,135 ns
11,433,838 ops/s
2.0 % of CPU usage
Tests run: 8, Failures: 0, Errors: 0, Skipped: 0, Time elapsed: 13.314 sec - in com.github.plokhotnyuk.actors.MinimalistActorSpec
Running com.github.plokhotnyuk.actors.ScalaActorSpec
Executor service type: akka-forkjoin-pool

Enqueueing:
20,000,000 ops
976,080,283 ns
20,490,117 ops/s
1.6 % of CPU usage
24 bytes per instance

Dequeueing:
300,000 ops
576,634,262 ns
520,260 ops/s
5.5 % of CPU usage

Initiation:
600,000 ops
764,997,916 ns
1,274 ns/op
5.4 % of CPU usage
225 bytes per instance

Single-producer sending:
300,000 ops
763,463,834 ns
392,945 ops/s
4.5 % of CPU usage

Multi-producer sending:
299,952 ops
717,582,070 ns
418,003 ops/s
2.8 % of CPU usage

Max throughput:
599,976 ops
1,106,092,410 ns
542,428 ops/s
1.8 % of CPU usage

Ping latency:
250,000 ops
746,064,442 ns
2,984 ns/op
3.1 % of CPU usage

Ping throughput 10K:
400,000 ops
886,894,463 ns
451,011 ops/s
2.3 % of CPU usage
Tests run: 8, Failures: 0, Errors: 0, Skipped: 0, Time elapsed: 12.59 sec - in com.github.plokhotnyuk.actors.ScalaActorSpec
Running com.github.plokhotnyuk.actors.ScalazActorSpec
Executor service type: akka-forkjoin-pool

Enqueueing:
40,000,000 ops
1,160,409,777 ns
34,470,581 ops/s
1.4 % of CPU usage
24 bytes per instance

Dequeueing:
40,000,000 ops
203,247,354 ns
196,804,530 ops/s
1.6 % of CPU usage

Initiation:
10,000,000 ops
457,709,944 ns
45 ns/op
3.1 % of CPU usage
104 bytes per instance

Single-producer sending:
15,000,000 ops
2,100,809,895 ns
7,140,103 ops/s
3.2 % of CPU usage

Multi-producer sending:
14,999,976 ops
1,370,676,034 ns
10,943,487 ops/s
63.8 % of CPU usage

Max throughput:
29,999,952 ops
258,123,893 ns
116,223,072 ops/s
10.8 % of CPU usage

Ping latency:
3,000,000 ops
384,817,172 ns
128 ns/op
2.8 % of CPU usage

Ping throughput 10K:
6,000,000 ops
603,190,253 ns
9,947,110 ops/s
2.7 % of CPU usage
Tests run: 8, Failures: 0, Errors: 0, Skipped: 0, Time elapsed: 18.033 sec - in com.github.plokhotnyuk.actors.ScalazActorSpec

Results :

Tests run: 74, Failures: 0, Errors: 0, Skipped: 0

[INFO] ------------------------------------------------------------------------
[INFO] BUILD SUCCESS
[INFO] ------------------------------------------------------------------------
[INFO] Total time: 03:06 min
[INFO] Finished at: 2015-04-17T11:15:45+00:00
[INFO] Final Memory: 19M/1538M
[INFO] ------------------------------------------------------------------------
[INFO] Scanning for projects...
[INFO]                                                                         
[INFO] ------------------------------------------------------------------------
[INFO] Building Actors 1.0-SNAPSHOT
[INFO] ------------------------------------------------------------------------
[INFO] 
[INFO] --- maven-resources-plugin:2.6:resources (default-resources) @ actors ---
[INFO] Using 'UTF-8' encoding to copy filtered resources.
[INFO] skip non existing resourceDirectory /home/aplokhotnyuk/actors/src/main/resources
[INFO] 
[INFO] --- maven-resources-plugin:2.6:testResources (default-testResources) @ actors ---
[INFO] Using 'UTF-8' encoding to copy filtered resources.
[INFO] skip non existing resourceDirectory /home/aplokhotnyuk/actors/src/test/resources
[INFO] 
[INFO] --- scala-maven-plugin:3.2.0:testCompile (testCompile) @ actors ---
[WARNING]  Expected all dependencies to require Scala version: 2.11.6
[WARNING]  com.github.plokhotnyuk.actors:actors:1.0-SNAPSHOT requires scala version: 2.11.6
[WARNING]  com.typesafe.akka:akka-actor_2.11:2.3.9 requires scala version: 2.11.5
[WARNING] Multiple versions of scala libraries detected!
[INFO] Nothing to compile - all classes are up to date
[INFO] 
[INFO] --- maven-surefire-plugin:2.18.1:test (default-test) @ actors ---
[INFO] Surefire report directory: /home/aplokhotnyuk/actors/target/surefire-reports

-------------------------------------------------------
 T E S T S
-------------------------------------------------------
Running com.github.plokhotnyuk.actors.AkkaActorSpec
Executor service type: scala-forkjoin-pool

Enqueueing:
10,000,000 ops
566,554,747 ns
17,650,544 ops/s
1.9 % of CPU usage
48 bytes per instance

Dequeueing:
10,000,000 ops
1,066,484,415 ns
9,376,602 ops/s
2.1 % of CPU usage

Initiation:
100,000 ops
574,056,580 ns
5,740 ns/op
7.4 % of CPU usage
389 bytes per instance

Single-producer sending:
6,000,000 ops
1,081,589,715 ns
5,547,390 ops/s
3.8 % of CPU usage

Multi-producer sending:
5,999,976 ops
3,826,284,319 ns
1,568,094 ops/s
71.7 % of CPU usage

Max throughput:
11,999,952 ops
1,374,429,369 ns
8,730,861 ops/s
3.0 % of CPU usage

Ping latency:
1,500,000 ops
552,751,078 ns
368 ns/op
1.5 % of CPU usage

Ping throughput 10K:
2,000,000 ops
1,021,866,413 ns
1,957,202 ops/s
4.7 % of CPU usage
Tests run: 8, Failures: 0, Errors: 0, Skipped: 0, Time elapsed: 19.58 sec - in com.github.plokhotnyuk.actors.AkkaActorSpec
Running com.github.plokhotnyuk.actors.AkkaBalanceableActorSpec
Executor service type: scala-forkjoin-pool

Enqueueing:
10,000,000 ops
594,278,585 ns
16,827,124 ops/s
1.7 % of CPU usage
48 bytes per instance

Dequeueing:
10,000,000 ops
893,336,077 ns
11,193,995 ops/s
2.0 % of CPU usage

Initiation:
100,000 ops
583,239,474 ns
5,832 ns/op
6.5 % of CPU usage
389 bytes per instance

Single-producer sending:
6,000,000 ops
1,068,019,289 ns
5,617,876 ops/s
3.9 % of CPU usage

Multi-producer sending:
5,999,976 ops
1,412,976,969 ns
4,246,336 ops/s
36.5 % of CPU usage

Max throughput:
11,999,952 ops
1,200,886,887 ns
9,992,574 ops/s
2.9 % of CPU usage

Ping latency:
1,500,000 ops
443,750,215 ns
295 ns/op
1.5 % of CPU usage

Ping throughput 10K:
2,000,000 ops
1,074,198,562 ns
1,861,853 ops/s
4.7 % of CPU usage
Tests run: 8, Failures: 0, Errors: 0, Skipped: 0, Time elapsed: 16.636 sec - in com.github.plokhotnyuk.actors.AkkaBalanceableActorSpec
Running com.github.plokhotnyuk.actors.AkkaBoundedActorSpec
Executor service type: scala-forkjoin-pool

Enqueueing:
10,000,000 ops
985,031,070 ns
10,151,964 ops/s
3.0 % of CPU usage
48 bytes per instance

Dequeueing:
10,000,000 ops
1,355,468,800 ns
7,377,521 ops/s
1.8 % of CPU usage

Initiation:
100,000 ops
685,664,996 ns
6,856 ns/op
7.1 % of CPU usage
573 bytes per instance

Single-producer sending:
6,000,000 ops
1,708,403,723 ns
3,512,050 ops/s
3.4 % of CPU usage

Multi-producer sending:
5,999,976 ops
7,756,768,928 ns
773,514 ops/s
4.1 % of CPU usage

Max throughput:
11,999,952 ops
1,294,511,325 ns
9,269,870 ops/s
3.6 % of CPU usage

Ping latency:
1,500,000 ops
596,150,827 ns
397 ns/op
1.6 % of CPU usage

Ping throughput 10K:
2,000,000 ops
1,054,078,167 ns
1,897,392 ops/s
4.5 % of CPU usage

Overflow throughput:
5,000,000 ops
841,659,808 ns
5,940,642 ops/s
2.7 % of CPU usage
Tests run: 9, Failures: 0, Errors: 0, Skipped: 0, Time elapsed: 27.152 sec - in com.github.plokhotnyuk.actors.AkkaBoundedActorSpec
Running com.github.plokhotnyuk.actors.AkkaNonBalanceableActorSpec
Executor service type: scala-forkjoin-pool

Enqueueing:
10,000,000 ops
645,975,723 ns
15,480,457 ops/s
1.6 % of CPU usage
48 bytes per instance

Dequeueing:
10,000,000 ops
864,780,345 ns
11,563,630 ops/s
2.1 % of CPU usage

Initiation:
100,000 ops
554,092,585 ns
5,540 ns/op
7.2 % of CPU usage
389 bytes per instance

Single-producer sending:
6,000,000 ops
1,023,116,310 ns
5,864,435 ops/s
4.0 % of CPU usage

Multi-producer sending:
5,999,976 ops
1,746,186,388 ns
3,436,045 ops/s
50.0 % of CPU usage

Max throughput:
11,999,952 ops
996,964,715 ns
12,036,486 ops/s
3.3 % of CPU usage

Ping latency:
1,500,000 ops
429,453,124 ns
286 ns/op
1.5 % of CPU usage

Ping throughput 10K:
2,000,000 ops
880,366,700 ns
2,271,780 ops/s
5.6 % of CPU usage
Tests run: 8, Failures: 0, Errors: 0, Skipped: 0, Time elapsed: 16.503 sec - in com.github.plokhotnyuk.actors.AkkaNonBalanceableActorSpec
Running com.github.plokhotnyuk.actors.AkkaNonBlockingBoundedActorSpec
Executor service type: scala-forkjoin-pool

Enqueueing:
10,000,000 ops
663,290,303 ns
15,076,354 ops/s
2.5 % of CPU usage
48 bytes per instance

Dequeueing:
10,000,000 ops
887,679,455 ns
11,265,327 ops/s
1.8 % of CPU usage

Initiation:
100,000 ops
628,890,770 ns
6,288 ns/op
6.5 % of CPU usage
389 bytes per instance

Single-producer sending:
6,000,000 ops
1,246,084,407 ns
4,815,083 ops/s
3.7 % of CPU usage

Multi-producer sending:
5,999,976 ops
6,642,142,519 ns
903,319 ops/s
75.4 % of CPU usage

Max throughput:
11,999,952 ops
1,158,503,483 ns
10,358,149 ops/s
3.1 % of CPU usage

Ping latency:
1,500,000 ops
462,572,446 ns
308 ns/op
1.4 % of CPU usage

Ping throughput 10K:
2,000,000 ops
1,030,608,866 ns
1,940,600 ops/s
4.8 % of CPU usage

Overflow throughput:
5,000,000 ops
619,200,960 ns
8,074,922 ops/s
3.0 % of CPU usage
Tests run: 9, Failures: 0, Errors: 0, Skipped: 0, Time elapsed: 23.663 sec - in com.github.plokhotnyuk.actors.AkkaNonBlockingBoundedActorSpec
Running com.github.plokhotnyuk.actors.LiftActorSpec
Executor service type: scala-forkjoin-pool

Enqueueing:
10,000,000 ops
662,369,985 ns
15,097,302 ops/s
1.5 % of CPU usage
24 bytes per instance

Dequeueing:
10,000,000 ops
720,919,060 ns
13,871,182 ops/s
1.7 % of CPU usage

Initiation:
10,000,000 ops
1,029,972,100 ns
102 ns/op
2.1 % of CPU usage
72 bytes per instance

Single-producer sending:
6,000,000 ops
1,611,979,017 ns
3,722,132 ops/s
3.2 % of CPU usage

Multi-producer sending:
5,999,976 ops
3,483,527,821 ns
1,722,384 ops/s
4.5 % of CPU usage

Max throughput:
11,999,952 ops
1,051,843,812 ns
11,408,492 ops/s
3.7 % of CPU usage

Ping latency:
1,500,000 ops
782,229,482 ns
521 ns/op
2.0 % of CPU usage

Ping throughput 10K:
2,000,000 ops
1,012,244,953 ns
1,975,806 ops/s
1.8 % of CPU usage
Tests run: 8, Failures: 0, Errors: 0, Skipped: 0, Time elapsed: 20.449 sec - in com.github.plokhotnyuk.actors.LiftActorSpec
Running com.github.plokhotnyuk.actors.MinimalistActorSpec
Executor service type: scala-forkjoin-pool

Enqueueing:
40,000,000 ops
1,259,713,048 ns
31,753,263 ops/s
1.4 % of CPU usage
24 bytes per instance

Dequeueing:
40,000,000 ops
301,533,384 ns
132,655,294 ops/s
1.5 % of CPU usage

Initiation:
2,000,000 ops
594,327,398 ns
297 ns/op
5.3 % of CPU usage
41 bytes per instance

Single-producer sending:
15,000,000 ops
1,174,158,122 ns
12,775,110 ops/s
3.2 % of CPU usage

Multi-producer sending:
14,999,976 ops
1,087,779,058 ns
13,789,542 ops/s
80.6 % of CPU usage

Max throughput:
29,999,952 ops
444,740,776 ns
67,454,916 ops/s
5.9 % of CPU usage

Ping latency:
3,000,000 ops
340,841,124 ns
113 ns/op
1.7 % of CPU usage

Ping throughput 10K:
6,000,000 ops
525,164,844 ns
11,424,984 ops/s
1.9 % of CPU usage
Tests run: 8, Failures: 0, Errors: 0, Skipped: 0, Time elapsed: 14.522 sec - in com.github.plokhotnyuk.actors.MinimalistActorSpec
Running com.github.plokhotnyuk.actors.ScalaActorSpec
Executor service type: scala-forkjoin-pool

Enqueueing:
20,000,000 ops
874,143,033 ns
22,879,550 ops/s
1.6 % of CPU usage
24 bytes per instance

Dequeueing:
300,000 ops
563,180,430 ns
532,688 ops/s
5.6 % of CPU usage

Initiation:
600,000 ops
459,642,124 ns
766 ns/op
8.0 % of CPU usage
223 bytes per instance

Single-producer sending:
300,000 ops
793,184,392 ns
378,222 ops/s
4.7 % of CPU usage

Multi-producer sending:
299,952 ops
787,945,161 ns
380,676 ops/s
2.6 % of CPU usage

Max throughput:
599,976 ops
1,244,572,842 ns
482,073 ops/s
1.8 % of CPU usage

Ping latency:
250,000 ops
770,418,507 ns
3,081 ns/op
4.3 % of CPU usage

Ping throughput 10K:
400,000 ops
1,009,200,916 ns
396,353 ops/s
1.8 % of CPU usage
Tests run: 8, Failures: 0, Errors: 0, Skipped: 0, Time elapsed: 12.124 sec - in com.github.plokhotnyuk.actors.ScalaActorSpec
Running com.github.plokhotnyuk.actors.ScalazActorSpec
Executor service type: scala-forkjoin-pool

Enqueueing:
40,000,000 ops
1,125,000,242 ns
35,555,547 ops/s
1.4 % of CPU usage
24 bytes per instance

Dequeueing:
40,000,000 ops
268,150,685 ns
149,169,859 ops/s
1.7 % of CPU usage

Initiation:
10,000,000 ops
491,201,784 ns
49 ns/op
2.9 % of CPU usage
104 bytes per instance

Single-producer sending:
15,000,000 ops
2,460,945,177 ns
6,095,219 ops/s
3.2 % of CPU usage

Multi-producer sending:
14,999,976 ops
1,472,279,622 ns
10,188,265 ops/s
58.8 % of CPU usage

Max throughput:
29,999,952 ops
300,723,126 ns
99,759,378 ops/s
8.8 % of CPU usage

Ping latency:
3,000,000 ops
331,265,415 ns
110 ns/op
2.5 % of CPU usage

Ping throughput 10K:
6,000,000 ops
589,376,661 ns
10,180,247 ops/s
2.1 % of CPU usage
Tests run: 8, Failures: 0, Errors: 0, Skipped: 0, Time elapsed: 18.907 sec - in com.github.plokhotnyuk.actors.ScalazActorSpec

Results :

Tests run: 74, Failures: 0, Errors: 0, Skipped: 0

[INFO] ------------------------------------------------------------------------
[INFO] BUILD SUCCESS
[INFO] ------------------------------------------------------------------------
[INFO] Total time: 03:05 min
[INFO] Finished at: 2015-04-17T11:18:53+00:00
[INFO] Final Memory: 17M/1458M
[INFO] ------------------------------------------------------------------------
[INFO] Scanning for projects...
[INFO]                                                                         
[INFO] ------------------------------------------------------------------------
[INFO] Building Actors 1.0-SNAPSHOT
[INFO] ------------------------------------------------------------------------
[INFO] 
[INFO] --- maven-resources-plugin:2.6:resources (default-resources) @ actors ---
[INFO] Using 'UTF-8' encoding to copy filtered resources.
[INFO] skip non existing resourceDirectory /home/aplokhotnyuk/actors/src/main/resources
[INFO] 
[INFO] --- maven-resources-plugin:2.6:testResources (default-testResources) @ actors ---
[INFO] Using 'UTF-8' encoding to copy filtered resources.
[INFO] skip non existing resourceDirectory /home/aplokhotnyuk/actors/src/test/resources
[INFO] 
[INFO] --- scala-maven-plugin:3.2.0:testCompile (testCompile) @ actors ---
[WARNING]  Expected all dependencies to require Scala version: 2.11.6
[WARNING]  com.github.plokhotnyuk.actors:actors:1.0-SNAPSHOT requires scala version: 2.11.6
[WARNING]  com.typesafe.akka:akka-actor_2.11:2.3.9 requires scala version: 2.11.5
[WARNING] Multiple versions of scala libraries detected!
[INFO] Nothing to compile - all classes are up to date
[INFO] 
[INFO] --- maven-surefire-plugin:2.18.1:test (default-test) @ actors ---
[INFO] Surefire report directory: /home/aplokhotnyuk/actors/target/surefire-reports

-------------------------------------------------------
 T E S T S
-------------------------------------------------------
Running com.github.plokhotnyuk.actors.AkkaActorSpec
Executor service type: java-forkjoin-pool

Enqueueing:
10,000,000 ops
577,046,965 ns
17,329,611 ops/s
1.9 % of CPU usage
48 bytes per instance

Dequeueing:
10,000,000 ops
987,076,196 ns
10,130,930 ops/s
2.2 % of CPU usage

Initiation:
100,000 ops
586,930,790 ns
5,869 ns/op
6.7 % of CPU usage
413 bytes per instance

Single-producer sending:
6,000,000 ops
1,315,456,901 ns
4,561,152 ops/s
3.7 % of CPU usage

Multi-producer sending:
5,999,976 ops
3,230,643,205 ns
1,857,207 ops/s
84.2 % of CPU usage

Max throughput:
11,999,952 ops
1,298,947,624 ns
9,238,210 ops/s
2.9 % of CPU usage

Ping latency:
1,500,000 ops
586,740,673 ns
391 ns/op
1.5 % of CPU usage

Ping throughput 10K:
2,000,000 ops
948,386,780 ns
2,108,844 ops/s
4.4 % of CPU usage
Tests run: 8, Failures: 0, Errors: 0, Skipped: 0, Time elapsed: 18.759 sec - in com.github.plokhotnyuk.actors.AkkaActorSpec
Running com.github.plokhotnyuk.actors.AkkaBalanceableActorSpec
Executor service type: java-forkjoin-pool

Enqueueing:
10,000,000 ops
606,180,113 ns
16,496,747 ops/s
1.7 % of CPU usage
48 bytes per instance

Dequeueing:
10,000,000 ops
970,001,856 ns
10,309,258 ops/s
2.0 % of CPU usage

Initiation:
100,000 ops
629,085,002 ns
6,290 ns/op
6.6 % of CPU usage
413 bytes per instance

Single-producer sending:
6,000,000 ops
1,239,763,140 ns
4,839,634 ops/s
3.8 % of CPU usage

Multi-producer sending:
5,999,976 ops
1,586,232,042 ns
3,782,533 ops/s
29.6 % of CPU usage

Max throughput:
11,999,952 ops
1,080,472,550 ns
11,106,207 ops/s
7.2 % of CPU usage

Ping latency:
1,500,000 ops
582,572,099 ns
388 ns/op
1.5 % of CPU usage

Ping throughput 10K:
2,000,000 ops
837,680,103 ns
2,387,546 ops/s
4.9 % of CPU usage
Tests run: 8, Failures: 0, Errors: 0, Skipped: 0, Time elapsed: 16.662 sec - in com.github.plokhotnyuk.actors.AkkaBalanceableActorSpec
Running com.github.plokhotnyuk.actors.AkkaBoundedActorSpec
Executor service type: java-forkjoin-pool

Enqueueing:
10,000,000 ops
1,032,069,893 ns
9,689,266 ops/s
1.8 % of CPU usage
48 bytes per instance

Dequeueing:
10,000,000 ops
1,242,710,570 ns
8,046,926 ops/s
1.7 % of CPU usage

Initiation:
100,000 ops
599,630,661 ns
5,996 ns/op
7.2 % of CPU usage
597 bytes per instance

Single-producer sending:
6,000,000 ops
4,512,748,059 ns
1,329,566 ops/s
3.1 % of CPU usage

Multi-producer sending:
Running com.github.plokhotnyuk.actors.AkkaNonBalanceableActorSpec
Executor service type: java-forkjoin-pool

Enqueueing:
10,000,000 ops
568,315,102 ns
17,595,872 ops/s
1.7 % of CPU usage
48 bytes per instance

Dequeueing:
10,000,000 ops
871,815,334 ns
11,470,319 ops/s
1.8 % of CPU usage

Initiation:
100,000 ops
587,275,450 ns
5,872 ns/op
7.1 % of CPU usage
413 bytes per instance

Single-producer sending:
6,000,000 ops
1,318,928,707 ns
4,549,146 ops/s
3.7 % of CPU usage

Multi-producer sending:
5,999,976 ops
1,541,784,439 ns
3,891,579 ops/s
37.9 % of CPU usage

Max throughput:
11,999,952 ops
1,240,888,690 ns
9,670,449 ops/s
11.0 % of CPU usage

Ping latency:
1,500,000 ops
538,661,111 ns
359 ns/op
1.6 % of CPU usage

Ping throughput 10K:
2,000,000 ops
956,232,596 ns
2,091,541 ops/s
5.3 % of CPU usage
Tests run: 8, Failures: 0, Errors: 0, Skipped: 0, Time elapsed: 16.572 sec - in com.github.plokhotnyuk.actors.AkkaNonBalanceableActorSpec
Running com.github.plokhotnyuk.actors.AkkaNonBlockingBoundedActorSpec
Executor service type: java-forkjoin-pool

Enqueueing:
10,000,000 ops
619,095,768 ns
16,152,589 ops/s
2.8 % of CPU usage
48 bytes per instance

Dequeueing:
10,000,000 ops
870,974,062 ns
11,481,398 ops/s
1.7 % of CPU usage

Initiation:
100,000 ops
550,118,488 ns
5,501 ns/op
6.7 % of CPU usage
413 bytes per instance

Single-producer sending:
6,000,000 ops
1,238,336,053 ns
4,845,211 ops/s
4.1 % of CPU usage

Multi-producer sending:
5,999,976 ops
4,565,273,345 ns
1,314,264 ops/s
65.2 % of CPU usage

Max throughput:
11,999,952 ops
1,145,983,636 ns
10,471,311 ops/s
3.1 % of CPU usage

Ping latency:
1,500,000 ops
425,775,938 ns
283 ns/op
1.5 % of CPU usage

Ping throughput 10K:
2,000,000 ops
851,252,551 ns
2,349,479 ops/s
5.7 % of CPU usage

Overflow throughput:
5,000,000 ops
664,595,386 ns
7,523,374 ops/s
3.7 % of CPU usage
Tests run: 9, Failures: 0, Errors: 0, Skipped: 0, Time elapsed: 20.781 sec - in com.github.plokhotnyuk.actors.AkkaNonBlockingBoundedActorSpec
Running com.github.plokhotnyuk.actors.LiftActorSpec
Executor service type: java-forkjoin-pool

Enqueueing:
10,000,000 ops
655,698,061 ns
15,250,922 ops/s
1.5 % of CPU usage
24 bytes per instance

Dequeueing:
10,000,000 ops
882,364,477 ns
11,333,185 ops/s
1.6 % of CPU usage

Initiation:
10,000,000 ops
969,917,651 ns
96 ns/op
2.1 % of CPU usage
72 bytes per instance

Single-producer sending:
6,000,000 ops
1,769,465,538 ns
3,390,854 ops/s
3.2 % of CPU usage

Multi-producer sending:
5,999,976 ops
3,424,822,593 ns
1,751,908 ops/s
4.4 % of CPU usage

Max throughput:
11,999,952 ops
1,007,274,872 ns
11,913,284 ops/s
3.7 % of CPU usage

Ping latency:
1,500,000 ops
724,813,483 ns
483 ns/op
2.1 % of CPU usage

Ping throughput 10K:
2,000,000 ops
999,327,741 ns
2,001,345 ops/s
1.9 % of CPU usage
Tests run: 8, Failures: 0, Errors: 0, Skipped: 0, Time elapsed: 20.559 sec - in com.github.plokhotnyuk.actors.LiftActorSpec
Running com.github.plokhotnyuk.actors.MinimalistActorSpec
Executor service type: java-forkjoin-pool

Enqueueing:
40,000,000 ops
1,157,983,180 ns
34,542,816 ops/s
1.4 % of CPU usage
24 bytes per instance

Dequeueing:
40,000,000 ops
430,542,649 ns
92,906,010 ops/s
1.6 % of CPU usage

Initiation:
2,000,000 ops
754,602,829 ns
377 ns/op
4.2 % of CPU usage
41 bytes per instance

Single-producer sending:
Running com.github.plokhotnyuk.actors.ScalaActorSpec
Executor service type: java-forkjoin-pool

Enqueueing:
20,000,000 ops
1,131,439,754 ns
17,676,592 ops/s
1.5 % of CPU usage
24 bytes per instance

Dequeueing:
300,000 ops
549,332,183 ns
546,117 ops/s
6.4 % of CPU usage

Initiation:
600,000 ops
473,095,287 ns
788 ns/op
6.8 % of CPU usage
232 bytes per instance

Single-producer sending:
300,000 ops
869,373,096 ns
345,076 ops/s
3.7 % of CPU usage

Multi-producer sending:
299,952 ops
827,363,751 ns
362,539 ops/s
2.7 % of CPU usage

Max throughput:
599,976 ops
1,143,997,685 ns
524,455 ops/s
1.8 % of CPU usage

Ping latency:
250,000 ops
742,406,441 ns
2,969 ns/op
3.5 % of CPU usage

Ping throughput 10K:
400,000 ops
1,083,144,839 ns
369,295 ops/s
2.0 % of CPU usage
Tests run: 8, Failures: 0, Errors: 0, Skipped: 0, Time elapsed: 12.508 sec - in com.github.plokhotnyuk.actors.ScalaActorSpec
Running com.github.plokhotnyuk.actors.ScalazActorSpec
Executor service type: java-forkjoin-pool

Enqueueing:
40,000,000 ops
1,278,110,232 ns
31,296,205 ops/s
1.4 % of CPU usage
24 bytes per instance

Dequeueing:
40,000,000 ops
297,889,899 ns
134,277,799 ops/s
1.6 % of CPU usage

Initiation:
10,000,000 ops
474,644,882 ns
47 ns/op
3.0 % of CPU usage
104 bytes per instance

Single-producer sending:
15,000,000 ops
2,156,656,554 ns
6,955,210 ops/s
3.1 % of CPU usage

Multi-producer sending:
14,999,976 ops
1,223,827,166 ns
12,256,613 ops/s
67.2 % of CPU usage

Max throughput:
29,999,952 ops
233,664,167 ns
128,389,185 ops/s
11.7 % of CPU usage

Ping latency:
3,000,000 ops
379,581,701 ns
126 ns/op
2.3 % of CPU usage

Ping throughput 10K:
6,000,000 ops
605,826,523 ns
9,903,825 ops/s
2.1 % of CPU usage
Tests run: 8, Failures: 0, Errors: 0, Skipped: 0, Time elapsed: 18.795 sec - in com.github.plokhotnyuk.actors.ScalazActorSpec

Results :

Tests run: 57, Failures: 0, Errors: 0, Skipped: 0

[INFO] ------------------------------------------------------------------------
[INFO] BUILD FAILURE
[INFO] ------------------------------------------------------------------------
[INFO] Total time: 04:22 min
[INFO] Finished at: 2015-04-17T11:23:17+00:00
[INFO] Final Memory: 17M/1469M
[INFO] ------------------------------------------------------------------------
[ERROR] Failed to execute goal org.apache.maven.plugins:maven-surefire-plugin:2.18.1:test (default-test) on project actors: ExecutionException: java.lang.RuntimeException: The forked VM terminated without properly saying goodbye. VM crash or System.exit called?
[ERROR] Command was /bin/sh -c cd /home/aplokhotnyuk/actors && /usr/java/jdk1.8.0_40/jre/bin/java -server -Xms4096m -Xmx4096m -XX:NewSize=3584m -XX:MaxNewSize=3584m -Xss256k -XX:+UseG1GC -XX:+TieredCompilation -XX:+UseNUMA -XX:-UseBiasedLocking -XX:+AlwaysPreTouch -jar /home/aplokhotnyuk/actors/target/surefire/surefirebooter744058139380610124.jar /home/aplokhotnyuk/actors/target/surefire/surefire8096178641233763856tmp /home/aplokhotnyuk/actors/target/surefire/surefire_2415073670607980250tmp
[ERROR] -> [Help 1]
[ERROR] 
[ERROR] To see the full stack trace of the errors, re-run Maven with the -e switch.
[ERROR] Re-run Maven using the -X switch to enable full debug logging.
[ERROR] 
[ERROR] For more information about the errors and possible solutions, please read the following articles:
[ERROR] [Help 1] http://cwiki.apache.org/confluence/display/MAVEN/MojoFailureException
[INFO] Scanning for projects...
[INFO]                                                                         
[INFO] ------------------------------------------------------------------------
[INFO] Building Actors 1.0-SNAPSHOT
[INFO] ------------------------------------------------------------------------
[INFO] 
[INFO] --- maven-resources-plugin:2.6:resources (default-resources) @ actors ---
[INFO] Using 'UTF-8' encoding to copy filtered resources.
[INFO] skip non existing resourceDirectory /home/aplokhotnyuk/actors/src/main/resources
[INFO] 
[INFO] --- maven-resources-plugin:2.6:testResources (default-testResources) @ actors ---
[INFO] Using 'UTF-8' encoding to copy filtered resources.
[INFO] skip non existing resourceDirectory /home/aplokhotnyuk/actors/src/test/resources
[INFO] 
[INFO] --- scala-maven-plugin:3.2.0:testCompile (testCompile) @ actors ---
[WARNING]  Expected all dependencies to require Scala version: 2.11.6
[WARNING]  com.github.plokhotnyuk.actors:actors:1.0-SNAPSHOT requires scala version: 2.11.6
[WARNING]  com.typesafe.akka:akka-actor_2.11:2.3.9 requires scala version: 2.11.5
[WARNING] Multiple versions of scala libraries detected!
[INFO] Nothing to compile - all classes are up to date
[INFO] 
[INFO] --- maven-surefire-plugin:2.18.1:test (default-test) @ actors ---
[INFO] Surefire report directory: /home/aplokhotnyuk/actors/target/surefire-reports

-------------------------------------------------------
 T E S T S
-------------------------------------------------------
Running com.github.plokhotnyuk.actors.AkkaActorSpec
Executor service type: abq-thread-pool

Enqueueing:
10,000,000 ops
589,656,435 ns
16,959,028 ops/s
1.8 % of CPU usage
48 bytes per instance

Dequeueing:
10,000,000 ops
953,899,913 ns
10,483,280 ops/s
2.0 % of CPU usage

Initiation:
100,000 ops
554,054,251 ns
5,540 ns/op
6.8 % of CPU usage
384 bytes per instance

Single-producer sending:
6,000,000 ops
1,108,066,597 ns
5,414,836 ops/s
3.8 % of CPU usage

Multi-producer sending:
5,999,976 ops
3,621,698,090 ns
1,656,674 ops/s
72.5 % of CPU usage

Max throughput:
11,999,952 ops
1,195,874,638 ns
10,034,456 ops/s
3.3 % of CPU usage

Ping latency:
1,500,000 ops
554,048,479 ns
369 ns/op
1.7 % of CPU usage

Ping throughput 10K:
2,000,000 ops
1,244,202,891 ns
1,607,454 ops/s
4.4 % of CPU usage
Tests run: 8, Failures: 0, Errors: 0, Skipped: 0, Time elapsed: 20.175 sec - in com.github.plokhotnyuk.actors.AkkaActorSpec
Running com.github.plokhotnyuk.actors.AkkaBalanceableActorSpec
Executor service type: abq-thread-pool

Enqueueing:
10,000,000 ops
622,582,823 ns
16,062,119 ops/s
1.7 % of CPU usage
48 bytes per instance

Dequeueing:
10,000,000 ops
911,248,612 ns
10,973,953 ops/s
1.7 % of CPU usage

Initiation:
100,000 ops
556,945,091 ns
5,569 ns/op
7.5 % of CPU usage
384 bytes per instance

Single-producer sending:
6,000,000 ops
1,066,837,630 ns
5,624,098 ops/s
4.0 % of CPU usage

Multi-producer sending:
5,999,976 ops
1,856,877,927 ns
3,231,217 ops/s
44.8 % of CPU usage

Max throughput:
11,999,952 ops
1,234,107,449 ns
9,723,587 ops/s
2.9 % of CPU usage

Ping latency:
1,500,000 ops
519,353,300 ns
346 ns/op
1.6 % of CPU usage

Ping throughput 10K:
2,000,000 ops
1,055,907,774 ns
1,894,104 ops/s
4.0 % of CPU usage
Tests run: 8, Failures: 0, Errors: 0, Skipped: 0, Time elapsed: 17.487 sec - in com.github.plokhotnyuk.actors.AkkaBalanceableActorSpec
Running com.github.plokhotnyuk.actors.AkkaBoundedActorSpec
Executor service type: abq-thread-pool

Enqueueing:
10,000,000 ops
989,908,383 ns
10,101,944 ops/s
1.8 % of CPU usage
48 bytes per instance

Dequeueing:
10,000,000 ops
929,684,974 ns
10,756,331 ops/s
1.9 % of CPU usage

Initiation:
100,000 ops
571,939,478 ns
5,719 ns/op
7.4 % of CPU usage
568 bytes per instance

Single-producer sending:
6,000,000 ops
2,027,255,780 ns
2,959,665 ops/s
3.5 % of CPU usage

Multi-producer sending:
5,999,976 ops
8,211,264,117 ns
730,700 ops/s
4.0 % of CPU usage

Max throughput:
11,999,952 ops
1,416,698,301 ns
8,470,365 ops/s
3.5 % of CPU usage

Ping latency:
1,500,000 ops
729,927,593 ns
486 ns/op
2.1 % of CPU usage

Ping throughput 10K:
2,000,000 ops
1,514,813,714 ns
1,320,294 ops/s
3.8 % of CPU usage

Overflow throughput:
5,000,000 ops
768,900,112 ns
6,502,795 ops/s
3.0 % of CPU usage
Tests run: 9, Failures: 0, Errors: 0, Skipped: 0, Time elapsed: 28.358 sec - in com.github.plokhotnyuk.actors.AkkaBoundedActorSpec
Running com.github.plokhotnyuk.actors.AkkaNonBalanceableActorSpec
Executor service type: abq-thread-pool

Enqueueing:
10,000,000 ops
570,315,381 ns
17,534,157 ops/s
2.8 % of CPU usage
48 bytes per instance

Dequeueing:
10,000,000 ops
920,312,990 ns
10,865,868 ops/s
1.8 % of CPU usage

Initiation:
100,000 ops
554,953,021 ns
5,549 ns/op
7.7 % of CPU usage
384 bytes per instance

Single-producer sending:
6,000,000 ops
1,083,563,131 ns
5,537,286 ops/s
3.9 % of CPU usage

Multi-producer sending:
5,999,976 ops
1,509,697,684 ns
3,974,289 ops/s
42.8 % of CPU usage

Max throughput:
11,999,952 ops
1,139,690,068 ns
10,529,136 ops/s
3.1 % of CPU usage

Ping latency:
1,500,000 ops
505,803,062 ns
337 ns/op
1.5 % of CPU usage

Ping throughput 10K:
2,000,000 ops
969,316,375 ns
2,063,309 ops/s
4.0 % of CPU usage
Tests run: 8, Failures: 0, Errors: 0, Skipped: 0, Time elapsed: 17.063 sec - in com.github.plokhotnyuk.actors.AkkaNonBalanceableActorSpec
Running com.github.plokhotnyuk.actors.AkkaNonBlockingBoundedActorSpec
Executor service type: abq-thread-pool

Enqueueing:
10,000,000 ops
579,668,741 ns
17,251,232 ops/s
2.8 % of CPU usage
48 bytes per instance

Dequeueing:
10,000,000 ops
932,121,139 ns
10,728,219 ops/s
1.8 % of CPU usage

Initiation:
100,000 ops
583,460,526 ns
5,834 ns/op
6.1 % of CPU usage
384 bytes per instance

Single-producer sending:
6,000,000 ops
1,954,109,818 ns
3,070,451 ops/s
3.5 % of CPU usage

Multi-producer sending:
5,999,976 ops
4,133,755,838 ns
1,451,458 ops/s
71.3 % of CPU usage

Max throughput:
11,999,952 ops
968,986,681 ns
12,384,021 ops/s
3.6 % of CPU usage

Ping latency:
1,500,000 ops
524,986,817 ns
349 ns/op
1.6 % of CPU usage

Ping throughput 10K:
2,000,000 ops
1,268,173,672 ns
1,577,071 ops/s
4.5 % of CPU usage

Overflow throughput:
5,000,000 ops
611,926,099 ns
8,170,921 ops/s
2.2 % of CPU usage
Tests run: 9, Failures: 0, Errors: 0, Skipped: 0, Time elapsed: 21.981 sec - in com.github.plokhotnyuk.actors.AkkaNonBlockingBoundedActorSpec
Running com.github.plokhotnyuk.actors.LiftActorSpec
Executor service type: abq-thread-pool

Enqueueing:
10,000,000 ops
623,033,258 ns
16,050,507 ops/s
1.5 % of CPU usage
24 bytes per instance

Dequeueing:
10,000,000 ops
818,542,302 ns
12,216,839 ops/s
1.8 % of CPU usage

Initiation:
10,000,000 ops
924,968,883 ns
92 ns/op
2.2 % of CPU usage
72 bytes per instance

Single-producer sending:
6,000,000 ops
1,253,663,407 ns
4,785,973 ops/s
3.2 % of CPU usage

Multi-producer sending:
5,999,976 ops
3,763,294,616 ns
1,594,341 ops/s
4.4 % of CPU usage

Max throughput:
11,999,952 ops
1,166,476,311 ns
10,287,351 ops/s
3.6 % of CPU usage

Ping latency:
1,500,000 ops
953,537,891 ns
635 ns/op
2.4 % of CPU usage

Ping throughput 10K:
2,000,000 ops
1,050,007,182 ns
1,904,748 ops/s
1.8 % of CPU usage
Tests run: 8, Failures: 0, Errors: 0, Skipped: 0, Time elapsed: 21.562 sec - in com.github.plokhotnyuk.actors.LiftActorSpec
Running com.github.plokhotnyuk.actors.MinimalistActorSpec
Executor service type: abq-thread-pool

Enqueueing:
40,000,000 ops
1,096,745,606 ns
36,471,538 ops/s
1.4 % of CPU usage
24 bytes per instance

Dequeueing:
40,000,000 ops
293,244,806 ns
136,404,803 ops/s
1.6 % of CPU usage

Initiation:
2,000,000 ops
1,584,816,037 ns
792 ns/op
4.2 % of CPU usage
47 bytes per instance

Single-producer sending:
15,000,000 ops
884,609,993 ns
16,956,625 ops/s
3.2 % of CPU usage

Multi-producer sending:
14,999,976 ops
1,001,797,256 ns
14,973,065 ops/s
88.1 % of CPU usage

Max throughput:
29,999,952 ops
447,952,542 ns
66,971,273 ops/s
6.4 % of CPU usage

Ping latency:
3,000,000 ops
560,656,643 ns
186 ns/op
1.5 % of CPU usage

Ping throughput 10K:
6,000,000 ops
932,870,193 ns
6,431,763 ops/s
1.5 % of CPU usage
Tests run: 8, Failures: 0, Errors: 0, Skipped: 0, Time elapsed: 15.495 sec - in com.github.plokhotnyuk.actors.MinimalistActorSpec
Running com.github.plokhotnyuk.actors.ScalaActorSpec
Executor service type: abq-thread-pool

Enqueueing:
20,000,000 ops
1,045,888,318 ns
19,122,500 ops/s
1.5 % of CPU usage
24 bytes per instance

Dequeueing:
300,000 ops
594,533,899 ns
504,596 ops/s
5.3 % of CPU usage

Initiation:
600,000 ops
706,493,487 ns
1,177 ns/op
5.2 % of CPU usage
221 bytes per instance

Single-producer sending:
300,000 ops
806,844,004 ns
371,819 ops/s
4.0 % of CPU usage

Multi-producer sending:
299,952 ops
782,442,243 ns
383,353 ops/s
2.9 % of CPU usage

Max throughput:
599,976 ops
1,188,259,338 ns
504,920 ops/s
1.7 % of CPU usage

Ping latency:
250,000 ops
866,287,115 ns
3,465 ns/op
3.1 % of CPU usage

Ping throughput 10K:
400,000 ops
1,070,830,915 ns
373,541 ops/s
1.8 % of CPU usage
Tests run: 8, Failures: 0, Errors: 0, Skipped: 0, Time elapsed: 12.55 sec - in com.github.plokhotnyuk.actors.ScalaActorSpec
Running com.github.plokhotnyuk.actors.ScalazActorSpec
Executor service type: abq-thread-pool

Enqueueing:
40,000,000 ops
1,217,333,544 ns
32,858,701 ops/s
1.4 % of CPU usage
24 bytes per instance

Dequeueing:
40,000,000 ops
317,367,755 ns
126,036,748 ops/s
2.2 % of CPU usage

Initiation:
10,000,000 ops
457,450,075 ns
45 ns/op
3.0 % of CPU usage
104 bytes per instance

Single-producer sending:
15,000,000 ops
2,235,591,945 ns
6,709,632 ops/s
3.1 % of CPU usage

Multi-producer sending:
14,999,976 ops
1,392,647,095 ns
10,770,837 ops/s
60.0 % of CPU usage

Max throughput:
29,999,952 ops
259,115,947 ns
115,778,099 ops/s
9.6 % of CPU usage

Ping latency:
3,000,000 ops
663,935,669 ns
221 ns/op
1.6 % of CPU usage

Ping throughput 10K:
6,000,000 ops
1,251,190,930 ns
4,795,431 ops/s
1.9 % of CPU usage
Tests run: 8, Failures: 0, Errors: 0, Skipped: 0, Time elapsed: 20.66 sec - in com.github.plokhotnyuk.actors.ScalazActorSpec

Results :

Tests run: 74, Failures: 0, Errors: 0, Skipped: 0

[INFO] ------------------------------------------------------------------------
[INFO] BUILD SUCCESS
[INFO] ------------------------------------------------------------------------
[INFO] Total time: 03:11 min
[INFO] Finished at: 2015-04-17T11:26:31+00:00
[INFO] Final Memory: 17M/1471M
[INFO] ------------------------------------------------------------------------
[INFO] Scanning for projects...
[INFO]                                                                         
[INFO] ------------------------------------------------------------------------
[INFO] Building Actors 1.0-SNAPSHOT
[INFO] ------------------------------------------------------------------------
[INFO] 
[INFO] --- maven-resources-plugin:2.6:resources (default-resources) @ actors ---
[INFO] Using 'UTF-8' encoding to copy filtered resources.
[INFO] skip non existing resourceDirectory /home/aplokhotnyuk/actors/src/main/resources
[INFO] 
[INFO] --- maven-resources-plugin:2.6:testResources (default-testResources) @ actors ---
[INFO] Using 'UTF-8' encoding to copy filtered resources.
[INFO] skip non existing resourceDirectory /home/aplokhotnyuk/actors/src/test/resources
[INFO] 
[INFO] --- scala-maven-plugin:3.2.0:testCompile (testCompile) @ actors ---
[WARNING]  Expected all dependencies to require Scala version: 2.11.6
[WARNING]  com.github.plokhotnyuk.actors:actors:1.0-SNAPSHOT requires scala version: 2.11.6
[WARNING]  com.typesafe.akka:akka-actor_2.11:2.3.9 requires scala version: 2.11.5
[WARNING] Multiple versions of scala libraries detected!
[INFO] Nothing to compile - all classes are up to date
[INFO] 
[INFO] --- maven-surefire-plugin:2.18.1:test (default-test) @ actors ---
[INFO] Surefire report directory: /home/aplokhotnyuk/actors/target/surefire-reports

-------------------------------------------------------
 T E S T S
-------------------------------------------------------
Running com.github.plokhotnyuk.actors.AkkaActorSpec
Executor service type: lbq-thread-pool

Enqueueing:
10,000,000 ops
605,057,434 ns
16,527,356 ops/s
1.8 % of CPU usage
48 bytes per instance

Dequeueing:
10,000,000 ops
987,790,390 ns
10,123,605 ops/s
2.0 % of CPU usage

Initiation:
100,000 ops
572,681,642 ns
5,726 ns/op
7.3 % of CPU usage
408 bytes per instance

Single-producer sending:
6,000,000 ops
1,463,683,818 ns
4,099,245 ops/s
3.7 % of CPU usage

Multi-producer sending:
5,999,976 ops
3,809,938,252 ns
1,574,822 ops/s
74.3 % of CPU usage

Max throughput:
11,999,952 ops
880,380,539 ns
13,630,414 ops/s
4.1 % of CPU usage

Ping latency:
1,500,000 ops
666,653,969 ns
444 ns/op
1.4 % of CPU usage

Ping throughput 10K:
2,000,000 ops
1,326,546,369 ns
1,507,674 ops/s
4.0 % of CPU usage
Tests run: 8, Failures: 0, Errors: 0, Skipped: 0, Time elapsed: 20.125 sec - in com.github.plokhotnyuk.actors.AkkaActorSpec
Running com.github.plokhotnyuk.actors.AkkaBalanceableActorSpec
Executor service type: lbq-thread-pool

Enqueueing:
10,000,000 ops
554,390,410 ns
18,037,830 ops/s
1.7 % of CPU usage
48 bytes per instance

Dequeueing:
10,000,000 ops
896,721,515 ns
11,151,734 ops/s
1.8 % of CPU usage

Initiation:
100,000 ops
550,393,798 ns
5,503 ns/op
7.9 % of CPU usage
408 bytes per instance

Single-producer sending:
6,000,000 ops
1,112,584,707 ns
5,392,847 ops/s
4.2 % of CPU usage

Multi-producer sending:
5,999,976 ops
1,566,097,952 ns
3,831,162 ops/s
37.2 % of CPU usage

Max throughput:
11,999,952 ops
1,046,355,435 ns
11,468,332 ops/s
3.3 % of CPU usage

Ping latency:
1,500,000 ops
594,426,322 ns
396 ns/op
1.4 % of CPU usage

Ping throughput 10K:
2,000,000 ops
1,167,890,524 ns
1,712,489 ops/s
4.4 % of CPU usage
Tests run: 8, Failures: 0, Errors: 0, Skipped: 0, Time elapsed: 17.302 sec - in com.github.plokhotnyuk.actors.AkkaBalanceableActorSpec
Running com.github.plokhotnyuk.actors.AkkaBoundedActorSpec
Executor service type: lbq-thread-pool

Enqueueing:
10,000,000 ops
923,291,246 ns
10,830,818 ops/s
2.4 % of CPU usage
48 bytes per instance

Dequeueing:
10,000,000 ops
1,038,794,655 ns
9,626,541 ops/s
1.8 % of CPU usage

Initiation:
100,000 ops
559,627,501 ns
5,596 ns/op
6.5 % of CPU usage
592 bytes per instance

Single-producer sending:
6,000,000 ops
1,854,867,270 ns
3,234,732 ops/s
3.6 % of CPU usage

Multi-producer sending:
5,999,976 ops
6,512,625,468 ns
921,283 ops/s
4.1 % of CPU usage

Max throughput:
11,999,952 ops
1,407,857,949 ns
8,523,553 ops/s
3.4 % of CPU usage

Ping latency:
1,500,000 ops
786,716,416 ns
524 ns/op
1.5 % of CPU usage

Ping throughput 10K:
2,000,000 ops
1,303,115,951 ns
1,534,782 ops/s
3.5 % of CPU usage

Overflow throughput:
5,000,000 ops
871,164,600 ns
5,739,443 ops/s
2.5 % of CPU usage
Tests run: 9, Failures: 0, Errors: 0, Skipped: 0, Time elapsed: 26.444 sec - in com.github.plokhotnyuk.actors.AkkaBoundedActorSpec
Running com.github.plokhotnyuk.actors.AkkaNonBalanceableActorSpec
Executor service type: lbq-thread-pool

Enqueueing:
10,000,000 ops
582,476,894 ns
17,168,062 ops/s
1.7 % of CPU usage
48 bytes per instance

Dequeueing:
10,000,000 ops
958,250,990 ns
10,435,679 ops/s
1.8 % of CPU usage

Initiation:
100,000 ops
639,262,757 ns
6,392 ns/op
7.2 % of CPU usage
408 bytes per instance

Single-producer sending:
6,000,000 ops
1,332,625,702 ns
4,502,389 ops/s
4.1 % of CPU usage

Multi-producer sending:
5,999,976 ops
1,587,073,511 ns
3,780,528 ops/s
40.5 % of CPU usage

Max throughput:
11,999,952 ops
1,062,006,620 ns
11,299,319 ops/s
2.9 % of CPU usage

Ping latency:
1,500,000 ops
594,534,077 ns
396 ns/op
1.7 % of CPU usage

Ping throughput 10K:
2,000,000 ops
1,011,469,738 ns
1,977,320 ops/s
4.0 % of CPU usage
Tests run: 8, Failures: 0, Errors: 0, Skipped: 0, Time elapsed: 17.572 sec - in com.github.plokhotnyuk.actors.AkkaNonBalanceableActorSpec
Running com.github.plokhotnyuk.actors.AkkaNonBlockingBoundedActorSpec
Executor service type: lbq-thread-pool

Enqueueing:
10,000,000 ops
648,646,340 ns
15,416,721 ops/s
1.8 % of CPU usage
48 bytes per instance

Dequeueing:
10,000,000 ops
897,116,108 ns
11,146,829 ops/s
1.7 % of CPU usage

Initiation:
100,000 ops
563,470,358 ns
5,634 ns/op
7.1 % of CPU usage
408 bytes per instance

Single-producer sending:
6,000,000 ops
1,091,734,600 ns
5,495,841 ops/s
4.3 % of CPU usage

Multi-producer sending:
5,999,976 ops
6,094,968,246 ns
984,414 ops/s
72.1 % of CPU usage

Max throughput:
11,999,952 ops
1,069,037,433 ns
11,225,006 ops/s
3.1 % of CPU usage

Ping latency:
1,500,000 ops
633,121,633 ns
422 ns/op
1.4 % of CPU usage

Ping throughput 10K:
2,000,000 ops
1,208,166,924 ns
1,655,400 ops/s
4.3 % of CPU usage

Overflow throughput:
5,000,000 ops
614,221,391 ns
8,140,387 ops/s
2.0 % of CPU usage
Tests run: 9, Failures: 0, Errors: 0, Skipped: 0, Time elapsed: 22.995 sec - in com.github.plokhotnyuk.actors.AkkaNonBlockingBoundedActorSpec
Running com.github.plokhotnyuk.actors.LiftActorSpec
Executor service type: lbq-thread-pool

Enqueueing:
10,000,000 ops
709,047,238 ns
14,103,432 ops/s
1.5 % of CPU usage
24 bytes per instance

Dequeueing:
10,000,000 ops
715,569,939 ns
13,974,874 ops/s
1.7 % of CPU usage

Initiation:
10,000,000 ops
1,010,286,327 ns
101 ns/op
2.2 % of CPU usage
72 bytes per instance

Single-producer sending:
6,000,000 ops
1,856,303,986 ns
3,232,229 ops/s
3.2 % of CPU usage

Multi-producer sending:
5,999,976 ops
3,525,708,650 ns
1,701,778 ops/s
4.4 % of CPU usage

Max throughput:
11,999,952 ops
827,062,603 ns
14,509,121 ops/s
4.1 % of CPU usage

Ping latency:
1,500,000 ops
752,725,079 ns
501 ns/op
2.7 % of CPU usage

Ping throughput 10K:
2,000,000 ops
1,000,578,802 ns
1,998,843 ops/s
1.7 % of CPU usage
Tests run: 8, Failures: 0, Errors: 0, Skipped: 0, Time elapsed: 20.593 sec - in com.github.plokhotnyuk.actors.LiftActorSpec
Running com.github.plokhotnyuk.actors.MinimalistActorSpec
Executor service type: lbq-thread-pool

Enqueueing:
40,000,000 ops
1,227,107,711 ns
32,596,975 ops/s
1.4 % of CPU usage
24 bytes per instance

Dequeueing:
40,000,000 ops
277,938,206 ns
143,916,882 ops/s
1.6 % of CPU usage

Initiation:
2,000,000 ops
1,996,544,646 ns
998 ns/op
3.6 % of CPU usage
47 bytes per instance

Single-producer sending:
15,000,000 ops
408,825,866 ns
36,690,437 ops/s
3.5 % of CPU usage

Multi-producer sending:
14,999,976 ops
1,134,978,224 ns
13,216,091 ops/s
81.5 % of CPU usage

Max throughput:
29,999,952 ops
528,924,623 ns
56,718,766 ops/s
21.6 % of CPU usage

Ping latency:
3,000,000 ops
677,101,389 ns
225 ns/op
1.6 % of CPU usage

Ping throughput 10K:
6,000,000 ops
1,320,989,300 ns
4,542,050 ops/s
1.5 % of CPU usage
Tests run: 8, Failures: 0, Errors: 0, Skipped: 0, Time elapsed: 16.634 sec - in com.github.plokhotnyuk.actors.MinimalistActorSpec
Running com.github.plokhotnyuk.actors.ScalaActorSpec
Executor service type: lbq-thread-pool

Enqueueing:
20,000,000 ops
1,068,054,255 ns
18,725,640 ops/s
1.5 % of CPU usage
24 bytes per instance

Dequeueing:
300,000 ops
714,261,609 ns
420,014 ops/s
5.2 % of CPU usage

Initiation:
600,000 ops
807,151,295 ns
1,345 ns/op
7.1 % of CPU usage
224 bytes per instance

Single-producer sending:
300,000 ops
782,424,066 ns
383,423 ops/s
2.8 % of CPU usage

Multi-producer sending:
299,952 ops
789,455,679 ns
379,947 ops/s
2.6 % of CPU usage

Max throughput:
599,976 ops
1,563,546,659 ns
383,727 ops/s
1.6 % of CPU usage

Ping latency:
250,000 ops
922,227,440 ns
3,688 ns/op
2.5 % of CPU usage

Ping throughput 10K:
400,000 ops
1,104,598,187 ns
362,122 ops/s
1.7 % of CPU usage
Tests run: 8, Failures: 0, Errors: 0, Skipped: 0, Time elapsed: 13.357 sec - in com.github.plokhotnyuk.actors.ScalaActorSpec
Running com.github.plokhotnyuk.actors.ScalazActorSpec
Executor service type: lbq-thread-pool

Enqueueing:
40,000,000 ops
1,155,727,433 ns
34,610,236 ops/s
1.4 % of CPU usage
24 bytes per instance

Dequeueing:
40,000,000 ops
395,718,883 ns
101,081,858 ops/s
2.6 % of CPU usage

Initiation:
10,000,000 ops
439,336,822 ns
43 ns/op
3.4 % of CPU usage
104 bytes per instance

Single-producer sending:
15,000,000 ops
2,405,856,373 ns
6,234,786 ops/s
3.2 % of CPU usage

Multi-producer sending:
14,999,976 ops
1,384,044,527 ns
10,837,784 ops/s
56.8 % of CPU usage

Max throughput:
29,999,952 ops
302,704,533 ns
99,106,385 ops/s
10.1 % of CPU usage

Ping latency:
3,000,000 ops
717,234,628 ns
239 ns/op
1.6 % of CPU usage

Ping throughput 10K:
6,000,000 ops
1,196,625,267 ns
5,014,101 ops/s
1.7 % of CPU usage
Tests run: 8, Failures: 0, Errors: 0, Skipped: 0, Time elapsed: 19.523 sec - in com.github.plokhotnyuk.actors.ScalazActorSpec

Results :

Tests run: 74, Failures: 0, Errors: 0, Skipped: 0

[INFO] ------------------------------------------------------------------------
[INFO] BUILD SUCCESS
[INFO] ------------------------------------------------------------------------
[INFO] Total time: 03:11 min
[INFO] Finished at: 2015-04-17T11:29:44+00:00
[INFO] Final Memory: 17M/1481M
[INFO] ------------------------------------------------------------------------
