[INFO] Scanning for projects...
[INFO]                                                                         
[INFO] ------------------------------------------------------------------------
[INFO] Building Actors 1.0-SNAPSHOT
[INFO] ------------------------------------------------------------------------
[INFO] 
[INFO] --- maven-clean-plugin:2.5:clean (default-clean) @ actors ---
[INFO] Deleting /home/aplokhotnyuk/actors/target
[INFO] 
[INFO] --- maven-resources-plugin:2.6:resources (default-resources) @ actors ---
[INFO] Using 'UTF-8' encoding to copy filtered resources.
[INFO] skip non existing resourceDirectory /home/aplokhotnyuk/actors/src/main/resources
[INFO] 
[INFO] --- maven-resources-plugin:2.6:testResources (default-testResources) @ actors ---
[INFO] Using 'UTF-8' encoding to copy filtered resources.
[INFO] skip non existing resourceDirectory /home/aplokhotnyuk/actors/src/test/resources
[INFO] 
[INFO] --- scala-maven-plugin:3.2.0:testCompile (testCompile) @ actors ---
[WARNING]  Expected all dependencies to require Scala version: 2.11.6
[WARNING]  com.github.plokhotnyuk.actors:actors:1.0-SNAPSHOT requires scala version: 2.11.6
[WARNING]  com.typesafe.akka:akka-actor_2.11:2.3.9 requires scala version: 2.11.5
[WARNING] Multiple versions of scala libraries detected!
[INFO] /home/aplokhotnyuk/actors/src/test/scala:-1: info: compiling
[INFO] Compiling 15 source files to /home/aplokhotnyuk/actors/target/test-classes at 1429267868102
[WARNING] /home/aplokhotnyuk/actors/src/test/scala/com/github/plokhotnyuk/actors/ScalaActorSpec.scala:9: warning: trait SchedulerAdapter in package actors is deprecated: Use the akka.actor package instead. For migration from the scala.actors package refer to the Actors Migration Guide.
[WARNING]   val customScheduler = new SchedulerAdapter {
[WARNING]                             ^
[WARNING] /home/aplokhotnyuk/actors/src/test/scala/com/github/plokhotnyuk/actors/ScalaActorSpec.scala:66: warning: trait Actor in package actors is deprecated: Use the akka.actor package instead. For migration from the scala.actors package refer to the Actors Migration Guide.
[WARNING]     footprintedAndTimedCollect(600000)(() => new Actor {
[WARNING]                                                  ^
[WARNING] /home/aplokhotnyuk/actors/src/test/scala/com/github/plokhotnyuk/actors/ScalaActorSpec.scala:139: warning: trait Actor in package actors is deprecated: Use the akka.actor package instead. For migration from the scala.actors package refer to the Actors Migration Guide.
[WARNING]   private def replayAndCountActor(l: CountDownLatch, n: Int): Actor =
[WARNING]                                                               ^
[WARNING] /home/aplokhotnyuk/actors/src/test/scala/com/github/plokhotnyuk/actors/ScalaActorSpec.scala:140: warning: trait Actor in package actors is deprecated: Use the akka.actor package instead. For migration from the scala.actors package refer to the Actors Migration Guide.
[WARNING]     new Actor {
[WARNING]         ^
[WARNING] /home/aplokhotnyuk/actors/src/test/scala/com/github/plokhotnyuk/actors/ScalaActorSpec.scala:154: warning: trait IScheduler in package actors is deprecated: Use the akka.actor package instead. For migration from the scala.actors package refer to the Actors Migration Guide.
[WARNING]       override def scheduler: IScheduler = customScheduler
[WARNING]                               ^
[WARNING] /home/aplokhotnyuk/actors/src/test/scala/com/github/plokhotnyuk/actors/ScalaActorSpec.scala:157: warning: trait Actor in package actors is deprecated: Use the akka.actor package instead. For migration from the scala.actors package refer to the Actors Migration Guide.
[WARNING]   private def blockableCountActor(l1: CountDownLatch, l2: CountDownLatch, n: Int): Actor =
[WARNING]                                                                                    ^
[WARNING] /home/aplokhotnyuk/actors/src/test/scala/com/github/plokhotnyuk/actors/ScalaActorSpec.scala:158: warning: trait Actor in package actors is deprecated: Use the akka.actor package instead. For migration from the scala.actors package refer to the Actors Migration Guide.
[WARNING]     new Actor {
[WARNING]         ^
[WARNING] /home/aplokhotnyuk/actors/src/test/scala/com/github/plokhotnyuk/actors/ScalaActorSpec.scala:177: warning: trait IScheduler in package actors is deprecated: Use the akka.actor package instead. For migration from the scala.actors package refer to the Actors Migration Guide.
[WARNING]       override def scheduler: IScheduler = customScheduler
[WARNING]                               ^
[WARNING] /home/aplokhotnyuk/actors/src/test/scala/com/github/plokhotnyuk/actors/ScalaActorSpec.scala:180: warning: trait Actor in package actors is deprecated: Use the akka.actor package instead. For migration from the scala.actors package refer to the Actors Migration Guide.
[WARNING]   private def countActor(l: CountDownLatch, n: Int): Actor =
[WARNING]                                                      ^
[WARNING] /home/aplokhotnyuk/actors/src/test/scala/com/github/plokhotnyuk/actors/ScalaActorSpec.scala:181: warning: trait Actor in package actors is deprecated: Use the akka.actor package instead. For migration from the scala.actors package refer to the Actors Migration Guide.
[WARNING]     new Actor {
[WARNING]         ^
[WARNING] /home/aplokhotnyuk/actors/src/test/scala/com/github/plokhotnyuk/actors/ScalaActorSpec.scala:194: warning: trait IScheduler in package actors is deprecated: Use the akka.actor package instead. For migration from the scala.actors package refer to the Actors Migration Guide.
[WARNING]       override def scheduler: IScheduler = customScheduler
[WARNING]                               ^
[WARNING] /home/aplokhotnyuk/actors/src/test/scala/com/github/plokhotnyuk/actors/ScalaActorSpec.scala:197: warning: trait Actor in package actors is deprecated: Use the akka.actor package instead. For migration from the scala.actors package refer to the Actors Migration Guide.
[WARNING]   private def sendMessages(a: Actor, n: Int): Unit = {
[WARNING]                               ^
[WARNING] 12 warnings found
[INFO] prepare-compile in 0 s
[INFO] compile in 11 s
[INFO] ------------------------------------------------------------------------
[INFO] BUILD SUCCESS
[INFO] ------------------------------------------------------------------------
[INFO] Total time: 12.493 s
[INFO] Finished at: 2015-04-17T10:51:19+00:00
[INFO] Final Memory: 25M/1932M
[INFO] ------------------------------------------------------------------------
[INFO] Scanning for projects...
[INFO]                                                                         
[INFO] ------------------------------------------------------------------------
[INFO] Building Actors 1.0-SNAPSHOT
[INFO] ------------------------------------------------------------------------
[INFO] 
[INFO] --- maven-resources-plugin:2.6:resources (default-resources) @ actors ---
[INFO] Using 'UTF-8' encoding to copy filtered resources.
[INFO] skip non existing resourceDirectory /home/aplokhotnyuk/actors/src/main/resources
[INFO] 
[INFO] --- maven-resources-plugin:2.6:testResources (default-testResources) @ actors ---
[INFO] Using 'UTF-8' encoding to copy filtered resources.
[INFO] skip non existing resourceDirectory /home/aplokhotnyuk/actors/src/test/resources
[INFO] 
[INFO] --- scala-maven-plugin:3.2.0:testCompile (testCompile) @ actors ---
[WARNING]  Expected all dependencies to require Scala version: 2.11.6
[WARNING]  com.github.plokhotnyuk.actors:actors:1.0-SNAPSHOT requires scala version: 2.11.6
[WARNING]  com.typesafe.akka:akka-actor_2.11:2.3.9 requires scala version: 2.11.5
[WARNING] Multiple versions of scala libraries detected!
[INFO] Nothing to compile - all classes are up to date
[INFO] 
[INFO] --- maven-surefire-plugin:2.18.1:test (default-test) @ actors ---
[INFO] Surefire report directory: /home/aplokhotnyuk/actors/target/surefire-reports

-------------------------------------------------------
 T E S T S
-------------------------------------------------------
Running com.github.plokhotnyuk.actors.AkkaActorSpec
Executor service type: akka-forkjoin-pool

Enqueueing:
10,000,000 ops
591,364,368 ns
16,910,048 ops/s
2.9 % of CPU usage
47 bytes per instance

Dequeueing:
10,000,000 ops
1,394,837,458 ns
7,169,294 ops/s
1.8 % of CPU usage

Initiation:
100,000 ops
693,182,257 ns
6,931 ns/op
16.1 % of CPU usage
427 bytes per instance

Single-producer sending:
6,000,000 ops
1,753,988,020 ns
3,420,775 ops/s
2.7 % of CPU usage

Multi-producer sending:
5,999,976 ops
3,219,911,268 ns
1,863,397 ops/s
78.6 % of CPU usage

Max throughput:
11,999,952 ops
230,775,198 ns
51,998,447 ops/s
25.9 % of CPU usage

Ping latency:
1,500,000 ops
2,465,391,228 ns
1,643 ns/op
13.9 % of CPU usage

Ping throughput 10K:
2,000,000 ops
237,689,781 ns
8,414,328 ops/s
28.9 % of CPU usage
Tests run: 8, Failures: 0, Errors: 0, Skipped: 0, Time elapsed: 20.461 sec - in com.github.plokhotnyuk.actors.AkkaActorSpec
Running com.github.plokhotnyuk.actors.AkkaBalanceableActorSpec
Executor service type: akka-forkjoin-pool

Enqueueing:
10,000,000 ops
562,584,630 ns
17,775,103 ops/s
1.8 % of CPU usage
48 bytes per instance

Dequeueing:
10,000,000 ops
1,558,601,200 ns
6,416,009 ops/s
1.8 % of CPU usage

Initiation:
100,000 ops
761,245,892 ns
7,612 ns/op
13.3 % of CPU usage
424 bytes per instance

Single-producer sending:
6,000,000 ops
1,831,110,444 ns
3,276,700 ops/s
2.6 % of CPU usage

Multi-producer sending:
5,999,976 ops
1,736,128,670 ns
3,455,951 ops/s
30.1 % of CPU usage

Max throughput:
11,999,952 ops
246,142,174 ns
48,752,116 ops/s
23.5 % of CPU usage

Ping latency:
1,500,000 ops
2,383,811,901 ns
1,589 ns/op
13.8 % of CPU usage

Ping throughput 10K:
2,000,000 ops
201,799,122 ns
9,910,845 ops/s
28.9 % of CPU usage
Tests run: 8, Failures: 0, Errors: 0, Skipped: 0, Time elapsed: 19.001 sec - in com.github.plokhotnyuk.actors.AkkaBalanceableActorSpec
Running com.github.plokhotnyuk.actors.AkkaBoundedActorSpec
Executor service type: akka-forkjoin-pool

Enqueueing:
10,000,000 ops
1,068,870,850 ns
9,355,667 ops/s
1.8 % of CPU usage
48 bytes per instance

Dequeueing:
10,000,000 ops
2,080,827,305 ns
4,805,780 ops/s
1.7 % of CPU usage

Initiation:
100,000 ops
648,587,668 ns
6,485 ns/op
18.7 % of CPU usage
611 bytes per instance

Single-producer sending:
6,000,000 ops
4,778,889,909 ns
1,255,521 ops/s
2.9 % of CPU usage

Multi-producer sending:
5,999,976 ops
9,700,652,179 ns
618,512 ops/s
5.6 % of CPU usage

Max throughput:
11,999,952 ops
266,244,667 ns
45,071,145 ops/s
24.9 % of CPU usage

Ping latency:
1,500,000 ops
3,869,109,703 ns
2,579 ns/op
13.5 % of CPU usage

Ping throughput 10K:
2,000,000 ops
224,907,516 ns
8,892,544 ops/s
27.7 % of CPU usage

Overflow throughput:
5,000,000 ops
1,120,547,910 ns
4,462,102 ops/s
2.7 % of CPU usage
Tests run: 9, Failures: 0, Errors: 0, Skipped: 0, Time elapsed: 35.359 sec - in com.github.plokhotnyuk.actors.AkkaBoundedActorSpec
Running com.github.plokhotnyuk.actors.AkkaNonBalanceableActorSpec
Executor service type: akka-forkjoin-pool

Enqueueing:
10,000,000 ops
623,050,538 ns
16,050,062 ops/s
1.7 % of CPU usage
48 bytes per instance

Dequeueing:
10,000,000 ops
1,468,640,953 ns
6,809,016 ops/s
1.7 % of CPU usage

Initiation:
100,000 ops
642,311,837 ns
6,423 ns/op
20.0 % of CPU usage
425 bytes per instance

Single-producer sending:
6,000,000 ops
1,700,440,592 ns
3,528,497 ops/s
2.6 % of CPU usage

Multi-producer sending:
5,999,976 ops
1,458,268,614 ns
4,114,451 ops/s
31.4 % of CPU usage

Max throughput:
11,999,952 ops
220,567,307 ns
54,404,944 ops/s
23.7 % of CPU usage

Ping latency:
1,500,000 ops
1,888,249,217 ns
1,258 ns/op
13.9 % of CPU usage

Ping throughput 10K:
2,000,000 ops
214,806,228 ns
9,310,717 ops/s
27.9 % of CPU usage
Tests run: 8, Failures: 0, Errors: 0, Skipped: 0, Time elapsed: 17.588 sec - in com.github.plokhotnyuk.actors.AkkaNonBalanceableActorSpec
Running com.github.plokhotnyuk.actors.AkkaNonBlockingBoundedActorSpec
Executor service type: akka-forkjoin-pool

Enqueueing:
10,000,000 ops
631,008,364 ns
15,847,650 ops/s
1.8 % of CPU usage
48 bytes per instance

Dequeueing:
10,000,000 ops
1,415,643,938 ns
7,063,923 ops/s
1.8 % of CPU usage

Initiation:
100,000 ops
693,037,306 ns
6,930 ns/op
13.2 % of CPU usage
424 bytes per instance

Single-producer sending:
6,000,000 ops
2,165,235,265 ns
2,771,061 ops/s
2.8 % of CPU usage

Multi-producer sending:
5,999,976 ops
4,875,225,712 ns
1,230,707 ops/s
65.7 % of CPU usage

Max throughput:
11,999,952 ops
234,785,552 ns
51,110,265 ops/s
23.1 % of CPU usage

Ping latency:
1,500,000 ops
2,340,888,452 ns
1,560 ns/op
13.8 % of CPU usage

Ping throughput 10K:
2,000,000 ops
195,187,034 ns
10,246,582 ops/s
29.2 % of CPU usage

Overflow throughput:
5,000,000 ops
686,651,093 ns
7,281,718 ops/s
3.5 % of CPU usage
Tests run: 9, Failures: 0, Errors: 0, Skipped: 0, Time elapsed: 24.108 sec - in com.github.plokhotnyuk.actors.AkkaNonBlockingBoundedActorSpec
Running com.github.plokhotnyuk.actors.LiftActorSpec
Executor service type: akka-forkjoin-pool

Enqueueing:
10,000,000 ops
687,613,994 ns
14,543,043 ops/s
1.5 % of CPU usage
24 bytes per instance

Dequeueing:
10,000,000 ops
717,540,600 ns
13,936,493 ops/s
1.7 % of CPU usage

Initiation:
10,000,000 ops
1,084,893,050 ns
108 ns/op
2.1 % of CPU usage
72 bytes per instance

Single-producer sending:
6,000,000 ops
1,634,087,892 ns
3,671,773 ops/s
3.3 % of CPU usage

Multi-producer sending:
5,999,976 ops
3,065,644,748 ns
1,957,166 ops/s
4.4 % of CPU usage

Max throughput:
11,999,952 ops
202,791,740 ns
59,173,771 ops/s
25.9 % of CPU usage

Ping latency:
1,500,000 ops
1,710,619,867 ns
1,140 ns/op
14.4 % of CPU usage

Ping throughput 10K:
2,000,000 ops
1,884,195,152 ns
1,061,461 ops/s
5.8 % of CPU usage
Tests run: 8, Failures: 0, Errors: 0, Skipped: 0, Time elapsed: 21.338 sec - in com.github.plokhotnyuk.actors.LiftActorSpec
Running com.github.plokhotnyuk.actors.MinimalistActorSpec
Executor service type: akka-forkjoin-pool

Enqueueing:
40,000,000 ops
1,182,622,220 ns
33,823,142 ops/s
1.4 % of CPU usage
24 bytes per instance

Dequeueing:
40,000,000 ops
867,866,544 ns
46,090,035 ops/s
4.8 % of CPU usage

Initiation:
2,000,000 ops
498,723,454 ns
249 ns/op
19.0 % of CPU usage
41 bytes per instance

Single-producer sending:
15,000,000 ops
443,992,557 ns
33,784,350 ops/s
3.2 % of CPU usage

Multi-producer sending:
14,999,976 ops
1,033,483,758 ns
14,513,992 ops/s
85.9 % of CPU usage

Max throughput:
29,999,952 ops
83,961,727 ns
357,305,084 ops/s
39.5 % of CPU usage

Ping latency:
3,000,000 ops
2,612,804,308 ns
870 ns/op
13.9 % of CPU usage

Ping throughput 10K:
6,000,000 ops
139,381,297 ns
43,047,382 ops/s
15.2 % of CPU usage
Tests run: 8, Failures: 0, Errors: 0, Skipped: 0, Time elapsed: 15.062 sec - in com.github.plokhotnyuk.actors.MinimalistActorSpec
Running com.github.plokhotnyuk.actors.ScalaActorSpec
Executor service type: akka-forkjoin-pool

Enqueueing:
20,000,000 ops
991,715,882 ns
20,167,066 ops/s
1.5 % of CPU usage
24 bytes per instance

Dequeueing:
300,000 ops
1,455,717,419 ns
206,083 ops/s
15.1 % of CPU usage

Initiation:
600,000 ops
1,225,073,777 ns
2,041 ns/op
16.4 % of CPU usage
225 bytes per instance

Single-producer sending:
300,000 ops
1,409,694,917 ns
212,812 ops/s
14.2 % of CPU usage

Multi-producer sending:
299,952 ops
1,456,490,634 ns
205,941 ops/s
13.0 % of CPU usage

Max throughput:
599,976 ops
295,533,213 ns
2,030,147 ops/s
15.1 % of CPU usage

Ping latency:
250,000 ops
1,043,504,999 ns
4,174 ns/op
15.0 % of CPU usage

Ping throughput 10K:
400,000 ops
327,269,525 ns
1,222,234 ops/s
14.3 % of CPU usage
Tests run: 8, Failures: 0, Errors: 0, Skipped: 0, Time elapsed: 13.668 sec - in com.github.plokhotnyuk.actors.ScalaActorSpec
Running com.github.plokhotnyuk.actors.ScalazActorSpec
Executor service type: akka-forkjoin-pool

Enqueueing:
40,000,000 ops
1,281,679,660 ns
31,209,046 ops/s
1.4 % of CPU usage
24 bytes per instance

Dequeueing:
40,000,000 ops
389,430,423 ns
102,714,111 ops/s
10.0 % of CPU usage

Initiation:
10,000,000 ops
482,762,110 ns
48 ns/op
3.0 % of CPU usage
104 bytes per instance

Single-producer sending:
15,000,000 ops
688,507,136 ns
21,786,266 ops/s
3.0 % of CPU usage

Multi-producer sending:
14,999,976 ops
1,531,990,936 ns
9,791,164 ops/s
60.5 % of CPU usage

Max throughput:
29,999,952 ops
68,971,148 ns
434,963,790 ops/s
47.9 % of CPU usage

Ping latency:
3,000,000 ops
2,070,779,352 ns
690 ns/op
14.1 % of CPU usage

Ping throughput 10K:
6,000,000 ops
147,878,685 ns
40,573,798 ops/s
15.5 % of CPU usage
Tests run: 8, Failures: 0, Errors: 0, Skipped: 0, Time elapsed: 18.15 sec - in com.github.plokhotnyuk.actors.ScalazActorSpec

Results :

Tests run: 74, Failures: 0, Errors: 0, Skipped: 0

[INFO] ------------------------------------------------------------------------
[INFO] BUILD SUCCESS
[INFO] ------------------------------------------------------------------------
[INFO] Total time: 03:20 min
[INFO] Finished at: 2015-04-17T10:54:42+00:00
[INFO] Final Memory: 19M/1538M
[INFO] ------------------------------------------------------------------------
[INFO] Scanning for projects...
[INFO]                                                                         
[INFO] ------------------------------------------------------------------------
[INFO] Building Actors 1.0-SNAPSHOT
[INFO] ------------------------------------------------------------------------
[INFO] 
[INFO] --- maven-resources-plugin:2.6:resources (default-resources) @ actors ---
[INFO] Using 'UTF-8' encoding to copy filtered resources.
[INFO] skip non existing resourceDirectory /home/aplokhotnyuk/actors/src/main/resources
[INFO] 
[INFO] --- maven-resources-plugin:2.6:testResources (default-testResources) @ actors ---
[INFO] Using 'UTF-8' encoding to copy filtered resources.
[INFO] skip non existing resourceDirectory /home/aplokhotnyuk/actors/src/test/resources
[INFO] 
[INFO] --- scala-maven-plugin:3.2.0:testCompile (testCompile) @ actors ---
[WARNING]  Expected all dependencies to require Scala version: 2.11.6
[WARNING]  com.github.plokhotnyuk.actors:actors:1.0-SNAPSHOT requires scala version: 2.11.6
[WARNING]  com.typesafe.akka:akka-actor_2.11:2.3.9 requires scala version: 2.11.5
[WARNING] Multiple versions of scala libraries detected!
[INFO] Nothing to compile - all classes are up to date
[INFO] 
[INFO] --- maven-surefire-plugin:2.18.1:test (default-test) @ actors ---
[INFO] Surefire report directory: /home/aplokhotnyuk/actors/target/surefire-reports

-------------------------------------------------------
 T E S T S
-------------------------------------------------------
Running com.github.plokhotnyuk.actors.AkkaActorSpec
Executor service type: scala-forkjoin-pool

Enqueueing:
10,000,000 ops
560,325,501 ns
17,846,769 ops/s
1.9 % of CPU usage
48 bytes per instance

Dequeueing:
10,000,000 ops
1,618,509,021 ns
6,178,525 ops/s
1.8 % of CPU usage

Initiation:
100,000 ops
706,111,814 ns
7,061 ns/op
15.6 % of CPU usage
427 bytes per instance

Single-producer sending:
6,000,000 ops
1,465,380,197 ns
4,094,500 ops/s
2.9 % of CPU usage

Multi-producer sending:
5,999,976 ops
3,822,129,663 ns
1,569,799 ops/s
69.2 % of CPU usage

Max throughput:
11,999,952 ops
221,789,590 ns
54,105,118 ops/s
26.7 % of CPU usage

Ping latency:
1,500,000 ops
3,251,723,906 ns
2,167 ns/op
13.7 % of CPU usage

Ping throughput 10K:
2,000,000 ops
532,283,446 ns
3,757,396 ops/s
18.4 % of CPU usage
Tests run: 8, Failures: 0, Errors: 0, Skipped: 0, Time elapsed: 22.617 sec - in com.github.plokhotnyuk.actors.AkkaActorSpec
Running com.github.plokhotnyuk.actors.AkkaBalanceableActorSpec
Executor service type: scala-forkjoin-pool

Enqueueing:
10,000,000 ops
583,570,445 ns
17,135,891 ops/s
2.8 % of CPU usage
48 bytes per instance

Dequeueing:
10,000,000 ops
1,454,765,417 ns
6,873,960 ops/s
1.7 % of CPU usage

Initiation:
100,000 ops
738,858,805 ns
7,388 ns/op
14.8 % of CPU usage
424 bytes per instance

Single-producer sending:
6,000,000 ops
1,945,005,892 ns
3,084,823 ops/s
2.8 % of CPU usage

Multi-producer sending:
5,999,976 ops
1,697,587,308 ns
3,534,413 ops/s
35.3 % of CPU usage

Max throughput:
11,999,952 ops
215,705,732 ns
55,631,122 ops/s
23.2 % of CPU usage

Ping latency:
1,500,000 ops
3,143,127,485 ns
2,095 ns/op
13.7 % of CPU usage

Ping throughput 10K:
2,000,000 ops
524,615,562 ns
3,812,315 ops/s
19.1 % of CPU usage
Tests run: 8, Failures: 0, Errors: 0, Skipped: 0, Time elapsed: 20.713 sec - in com.github.plokhotnyuk.actors.AkkaBalanceableActorSpec
Running com.github.plokhotnyuk.actors.AkkaBoundedActorSpec
Executor service type: scala-forkjoin-pool

Enqueueing:
10,000,000 ops
1,042,200,691 ns
9,595,080 ops/s
1.7 % of CPU usage
48 bytes per instance

Dequeueing:
10,000,000 ops
2,032,701,046 ns
4,919,562 ops/s
1.7 % of CPU usage

Initiation:
100,000 ops
690,998,411 ns
6,909 ns/op
20.5 % of CPU usage
611 bytes per instance

Single-producer sending:
6,000,000 ops
4,285,565,948 ns
1,400,048 ops/s
2.9 % of CPU usage

Multi-producer sending:
5,999,976 ops
8,755,014,440 ns
685,318 ops/s
6.9 % of CPU usage

Max throughput:
11,999,952 ops
291,772,615 ns
41,127,752 ops/s
26.0 % of CPU usage

Ping latency:
1,500,000 ops
4,324,450,876 ns
2,882 ns/op
13.4 % of CPU usage

Ping throughput 10K:
2,000,000 ops
466,385,033 ns
4,288,302 ops/s
18.9 % of CPU usage

Overflow throughput:
5,000,000 ops
735,516,100 ns
6,797,947 ops/s
3.6 % of CPU usage
Tests run: 9, Failures: 0, Errors: 0, Skipped: 0, Time elapsed: 34.899 sec - in com.github.plokhotnyuk.actors.AkkaBoundedActorSpec
Running com.github.plokhotnyuk.actors.AkkaNonBalanceableActorSpec
Executor service type: scala-forkjoin-pool

Enqueueing:
10,000,000 ops
587,497,323 ns
17,021,354 ops/s
1.7 % of CPU usage
48 bytes per instance

Dequeueing:
10,000,000 ops
1,366,536,376 ns
7,317,770 ops/s
1.8 % of CPU usage

Initiation:
100,000 ops
682,454,341 ns
6,824 ns/op
18.8 % of CPU usage
427 bytes per instance

Single-producer sending:
6,000,000 ops
2,019,213,777 ns
2,971,453 ops/s
2.8 % of CPU usage

Multi-producer sending:
5,999,976 ops
1,700,421,323 ns
3,528,523 ops/s
31.9 % of CPU usage

Max throughput:
11,999,952 ops
213,499,065 ns
56,206,110 ops/s
24.7 % of CPU usage

Ping latency:
1,500,000 ops
3,027,315,503 ns
2,018 ns/op
13.7 % of CPU usage

Ping throughput 10K:
2,000,000 ops
453,635,249 ns
4,408,828 ops/s
19.4 % of CPU usage
Tests run: 8, Failures: 0, Errors: 0, Skipped: 0, Time elapsed: 20.064 sec - in com.github.plokhotnyuk.actors.AkkaNonBalanceableActorSpec
Running com.github.plokhotnyuk.actors.AkkaNonBlockingBoundedActorSpec
Executor service type: scala-forkjoin-pool

Enqueueing:
10,000,000 ops
650,485,681 ns
15,373,128 ops/s
1.8 % of CPU usage
48 bytes per instance

Dequeueing:
10,000,000 ops
1,587,518,332 ns
6,299,139 ops/s
1.7 % of CPU usage

Initiation:
100,000 ops
716,474,693 ns
7,164 ns/op
18.9 % of CPU usage
425 bytes per instance

Single-producer sending:
6,000,000 ops
2,484,866,714 ns
2,414,616 ops/s
2.8 % of CPU usage

Multi-producer sending:
5,999,976 ops
4,893,216,963 ns
1,226,182 ops/s
65.7 % of CPU usage

Max throughput:
11,999,952 ops
218,090,312 ns
55,022,856 ops/s
26.5 % of CPU usage

Ping latency:
1,500,000 ops
2,889,741,382 ns
1,926 ns/op
13.7 % of CPU usage

Ping throughput 10K:
2,000,000 ops
388,205,345 ns
5,151,912 ops/s
19.1 % of CPU usage

Overflow throughput:
5,000,000 ops
662,430,116 ns
7,547,966 ops/s
4.2 % of CPU usage
Tests run: 9, Failures: 0, Errors: 0, Skipped: 0, Time elapsed: 25.382 sec - in com.github.plokhotnyuk.actors.AkkaNonBlockingBoundedActorSpec
Running com.github.plokhotnyuk.actors.LiftActorSpec
Executor service type: scala-forkjoin-pool

Enqueueing:
10,000,000 ops
638,030,231 ns
15,673,238 ops/s
1.5 % of CPU usage
24 bytes per instance

Dequeueing:
10,000,000 ops
910,468,590 ns
10,983,355 ops/s
1.7 % of CPU usage

Initiation:
10,000,000 ops
1,045,950,602 ns
104 ns/op
2.1 % of CPU usage
72 bytes per instance

Single-producer sending:
6,000,000 ops
1,410,262,633 ns
4,254,526 ops/s
3.2 % of CPU usage

Multi-producer sending:
5,999,976 ops
3,160,181,838 ns
1,898,617 ops/s
4.4 % of CPU usage

Max throughput:
11,999,952 ops
259,531,705 ns
46,236,940 ops/s
22.7 % of CPU usage

Ping latency:
1,500,000 ops
2,422,887,213 ns
1,615 ns/op
14.3 % of CPU usage

Ping throughput 10K:
2,000,000 ops
1,904,633,817 ns
1,050,070 ops/s
5.4 % of CPU usage
Tests run: 8, Failures: 0, Errors: 0, Skipped: 0, Time elapsed: 22.26 sec - in com.github.plokhotnyuk.actors.LiftActorSpec
Running com.github.plokhotnyuk.actors.MinimalistActorSpec
Executor service type: scala-forkjoin-pool

Enqueueing:
40,000,000 ops
1,273,728,090 ns
31,403,876 ops/s
1.4 % of CPU usage
24 bytes per instance

Dequeueing:
40,000,000 ops
852,599,176 ns
46,915,363 ops/s
2.3 % of CPU usage

Initiation:
2,000,000 ops
969,081,103 ns
484 ns/op
16.3 % of CPU usage
42 bytes per instance

Single-producer sending:
15,000,000 ops
423,104,439 ns
35,452,239 ops/s
3.2 % of CPU usage

Multi-producer sending:
14,999,976 ops
1,112,015,270 ns
13,489,001 ops/s
84.0 % of CPU usage

Max throughput:
29,999,952 ops
89,085,809 ns
336,753,432 ops/s
37.6 % of CPU usage

Ping latency:
3,000,000 ops
2,654,449,698 ns
884 ns/op
14.0 % of CPU usage

Ping throughput 10K:
6,000,000 ops
146,582,889 ns
40,932,472 ops/s
14.9 % of CPU usage
Tests run: 8, Failures: 0, Errors: 0, Skipped: 0, Time elapsed: 15.758 sec - in com.github.plokhotnyuk.actors.MinimalistActorSpec
Running com.github.plokhotnyuk.actors.ScalaActorSpec
Executor service type: scala-forkjoin-pool

Enqueueing:
20,000,000 ops
1,004,168,762 ns
19,916,970 ops/s
1.5 % of CPU usage
24 bytes per instance

Dequeueing:
300,000 ops
1,547,542,822 ns
193,855 ops/s
15.3 % of CPU usage

Initiation:
600,000 ops
1,009,381,594 ns
1,682 ns/op
17.0 % of CPU usage
224 bytes per instance

Single-producer sending:
300,000 ops
1,527,909,849 ns
196,346 ops/s
13.9 % of CPU usage

Multi-producer sending:
299,952 ops
1,602,047,832 ns
187,230 ops/s
13.0 % of CPU usage

Max throughput:
599,976 ops
345,490,006 ns
1,736,594 ops/s
15.7 % of CPU usage

Ping latency:
250,000 ops
1,140,397,735 ns
4,561 ns/op
15.5 % of CPU usage

Ping throughput 10K:
400,000 ops
322,608,317 ns
1,239,893 ops/s
14.6 % of CPU usage
Tests run: 8, Failures: 0, Errors: 0, Skipped: 0, Time elapsed: 13.713 sec - in com.github.plokhotnyuk.actors.ScalaActorSpec
Running com.github.plokhotnyuk.actors.ScalazActorSpec
Executor service type: scala-forkjoin-pool

Enqueueing:
40,000,000 ops
1,204,798,987 ns
33,200,559 ops/s
1.4 % of CPU usage
24 bytes per instance

Dequeueing:
40,000,000 ops
548,765,448 ns
72,890,886 ops/s
5.9 % of CPU usage

Initiation:
10,000,000 ops
460,788,064 ns
46 ns/op
3.4 % of CPU usage
104 bytes per instance

Single-producer sending:
15,000,000 ops
964,312,379 ns
15,555,125 ops/s
3.2 % of CPU usage

Multi-producer sending:
14,999,976 ops
1,581,367,414 ns
9,485,446 ops/s
57.4 % of CPU usage

Max throughput:
29,999,952 ops
228,670,642 ns
131,192,844 ops/s
23.8 % of CPU usage

Ping latency:
3,000,000 ops
2,003,728,766 ns
667 ns/op
14.4 % of CPU usage

Ping throughput 10K:
6,000,000 ops
200,378,376 ns
29,943,350 ops/s
16.6 % of CPU usage
Tests run: 8, Failures: 0, Errors: 0, Skipped: 0, Time elapsed: 19.522 sec - in com.github.plokhotnyuk.actors.ScalazActorSpec

Results :

Tests run: 74, Failures: 0, Errors: 0, Skipped: 0

[INFO] ------------------------------------------------------------------------
[INFO] BUILD SUCCESS
[INFO] ------------------------------------------------------------------------
[INFO] Total time: 03:31 min
[INFO] Finished at: 2015-04-17T10:58:15+00:00
[INFO] Final Memory: 17M/1478M
[INFO] ------------------------------------------------------------------------
[INFO] Scanning for projects...
[INFO]                                                                         
[INFO] ------------------------------------------------------------------------
[INFO] Building Actors 1.0-SNAPSHOT
[INFO] ------------------------------------------------------------------------
[INFO] 
[INFO] --- maven-resources-plugin:2.6:resources (default-resources) @ actors ---
[INFO] Using 'UTF-8' encoding to copy filtered resources.
[INFO] skip non existing resourceDirectory /home/aplokhotnyuk/actors/src/main/resources
[INFO] 
[INFO] --- maven-resources-plugin:2.6:testResources (default-testResources) @ actors ---
[INFO] Using 'UTF-8' encoding to copy filtered resources.
[INFO] skip non existing resourceDirectory /home/aplokhotnyuk/actors/src/test/resources
[INFO] 
[INFO] --- scala-maven-plugin:3.2.0:testCompile (testCompile) @ actors ---
[WARNING]  Expected all dependencies to require Scala version: 2.11.6
[WARNING]  com.github.plokhotnyuk.actors:actors:1.0-SNAPSHOT requires scala version: 2.11.6
[WARNING]  com.typesafe.akka:akka-actor_2.11:2.3.9 requires scala version: 2.11.5
[WARNING] Multiple versions of scala libraries detected!
[INFO] Nothing to compile - all classes are up to date
[INFO] 
[INFO] --- maven-surefire-plugin:2.18.1:test (default-test) @ actors ---
[INFO] Surefire report directory: /home/aplokhotnyuk/actors/target/surefire-reports

-------------------------------------------------------
 T E S T S
-------------------------------------------------------
Running com.github.plokhotnyuk.actors.AkkaActorSpec
Executor service type: java-forkjoin-pool

Enqueueing:
10,000,000 ops
519,862,074 ns
19,235,871 ops/s
1.9 % of CPU usage
48 bytes per instance

Dequeueing:
10,000,000 ops
1,575,353,671 ns
6,347,780 ops/s
2.5 % of CPU usage

Initiation:
100,000 ops
693,011,842 ns
6,930 ns/op
10.2 % of CPU usage
426 bytes per instance

Single-producer sending:
6,000,000 ops
2,074,732,007 ns
2,891,939 ops/s
2.9 % of CPU usage

Multi-producer sending:
5,999,976 ops
4,122,852,046 ns
1,455,297 ops/s
73.5 % of CPU usage

Max throughput:
11,999,952 ops
233,066,026 ns
51,487,349 ops/s
25.6 % of CPU usage

Ping latency:
1,500,000 ops
5,068,710,774 ns
3,379 ns/op
4.3 % of CPU usage

Ping throughput 10K:
2,000,000 ops
498,381,528 ns
4,012,989 ops/s
20.0 % of CPU usage
Tests run: 8, Failures: 0, Errors: 0, Skipped: 0, Time elapsed: 25.189 sec - in com.github.plokhotnyuk.actors.AkkaActorSpec
Running com.github.plokhotnyuk.actors.AkkaBalanceableActorSpec
Executor service type: java-forkjoin-pool

Enqueueing:
10,000,000 ops
573,241,872 ns
17,444,643 ops/s
1.7 % of CPU usage
48 bytes per instance

Dequeueing:
10,000,000 ops
1,588,523,625 ns
6,295,153 ops/s
2.4 % of CPU usage

Initiation:
100,000 ops
649,933,361 ns
6,499 ns/op
10.2 % of CPU usage
427 bytes per instance

Single-producer sending:
6,000,000 ops
1,839,325,521 ns
3,262,065 ops/s
2.8 % of CPU usage

Multi-producer sending:
5,999,976 ops
1,653,940,749 ns
3,627,684 ops/s
38.4 % of CPU usage

Max throughput:
11,999,952 ops
194,946,160 ns
61,555,210 ops/s
26.1 % of CPU usage

Ping latency:
1,500,000 ops
5,069,051,628 ns
3,379 ns/op
3.8 % of CPU usage

Ping throughput 10K:
2,000,000 ops
488,835,239 ns
4,091,358 ops/s
19.5 % of CPU usage
Tests run: 8, Failures: 0, Errors: 0, Skipped: 0, Time elapsed: 22.173 sec - in com.github.plokhotnyuk.actors.AkkaBalanceableActorSpec
Running com.github.plokhotnyuk.actors.AkkaBoundedActorSpec
Executor service type: java-forkjoin-pool

Enqueueing:
10,000,000 ops
991,312,780 ns
10,087,633 ops/s
1.8 % of CPU usage
48 bytes per instance

Dequeueing:
10,000,000 ops
2,064,738,792 ns
4,843,227 ops/s
2.1 % of CPU usage

Initiation:
100,000 ops
659,672,723 ns
6,596 ns/op
10.6 % of CPU usage
611 bytes per instance

Single-producer sending:
6,000,000 ops
3,473,158,386 ns
1,727,534 ops/s
3.0 % of CPU usage

Multi-producer sending:
5,999,976 ops
7,320,394,007 ns
819,624 ops/s
4.7 % of CPU usage

Max throughput:
11,999,952 ops
241,426,685 ns
49,704,331 ops/s
29.2 % of CPU usage

Ping latency:
1,500,000 ops
5,924,291,703 ns
3,949 ns/op
3.3 % of CPU usage

Ping throughput 10K:
2,000,000 ops
496,249,337 ns
4,030,232 ops/s
21.2 % of CPU usage

Overflow throughput:
5,000,000 ops
788,582,307 ns
6,340,492 ops/s
3.0 % of CPU usage
Tests run: 9, Failures: 0, Errors: 0, Skipped: 0, Time elapsed: 33.304 sec - in com.github.plokhotnyuk.actors.AkkaBoundedActorSpec
Running com.github.plokhotnyuk.actors.AkkaNonBalanceableActorSpec
Executor service type: java-forkjoin-pool

Enqueueing:
10,000,000 ops
553,810,736 ns
18,056,710 ops/s
2.8 % of CPU usage
48 bytes per instance

Dequeueing:
10,000,000 ops
1,476,990,097 ns
6,770,526 ops/s
2.5 % of CPU usage

Initiation:
100,000 ops
638,554,965 ns
6,385 ns/op
8.8 % of CPU usage
426 bytes per instance

Single-producer sending:
6,000,000 ops
1,809,352,081 ns
3,316,104 ops/s
2.9 % of CPU usage

Multi-producer sending:
5,999,976 ops
1,598,059,553 ns
3,754,538 ops/s
36.7 % of CPU usage

Max throughput:
11,999,952 ops
214,585,114 ns
55,921,642 ops/s
25.4 % of CPU usage

Ping latency:
1,500,000 ops
5,166,212,458 ns
3,444 ns/op
3.6 % of CPU usage

Ping throughput 10K:
2,000,000 ops
487,808,366 ns
4,099,970 ops/s
19.8 % of CPU usage
Tests run: 8, Failures: 0, Errors: 0, Skipped: 0, Time elapsed: 22.024 sec - in com.github.plokhotnyuk.actors.AkkaNonBalanceableActorSpec
Running com.github.plokhotnyuk.actors.AkkaNonBlockingBoundedActorSpec
Executor service type: java-forkjoin-pool

Enqueueing:
10,000,000 ops
574,329,425 ns
17,411,610 ops/s
2.9 % of CPU usage
48 bytes per instance

Dequeueing:
10,000,000 ops
1,570,382,406 ns
6,367,875 ops/s
2.4 % of CPU usage

Initiation:
100,000 ops
656,036,257 ns
6,560 ns/op
10.6 % of CPU usage
426 bytes per instance

Single-producer sending:
6,000,000 ops
2,114,678,940 ns
2,837,310 ops/s
2.7 % of CPU usage

Multi-producer sending:
5,999,976 ops
4,687,595,667 ns
1,279,968 ops/s
64.7 % of CPU usage

Max throughput:
11,999,952 ops
242,454,391 ns
49,493,646 ops/s
23.5 % of CPU usage

Ping latency:
1,500,000 ops
4,714,714,930 ns
3,143 ns/op
4.3 % of CPU usage

Ping throughput 10K:
2,000,000 ops
443,766,048 ns
4,506,879 ops/s
21.7 % of CPU usage

Overflow throughput:
5,000,000 ops
623,087,979 ns
8,024,548 ops/s
4.5 % of CPU usage
Tests run: 9, Failures: 0, Errors: 0, Skipped: 0, Time elapsed: 26.454 sec - in com.github.plokhotnyuk.actors.AkkaNonBlockingBoundedActorSpec
Running com.github.plokhotnyuk.actors.LiftActorSpec
Executor service type: java-forkjoin-pool

Enqueueing:
10,000,000 ops
649,682,737 ns
15,392,128 ops/s
1.5 % of CPU usage
24 bytes per instance

Dequeueing:
10,000,000 ops
724,730,226 ns
13,798,237 ops/s
1.7 % of CPU usage

Initiation:
10,000,000 ops
1,056,962,194 ns
105 ns/op
2.1 % of CPU usage
72 bytes per instance

Single-producer sending:
6,000,000 ops
1,618,158,710 ns
3,707,918 ops/s
3.3 % of CPU usage

Multi-producer sending:
5,999,976 ops
3,372,687,361 ns
1,778,989 ops/s
4.4 % of CPU usage

Max throughput:
11,999,952 ops
188,404,455 ns
63,692,506 ops/s
25.3 % of CPU usage

Ping latency:
1,500,000 ops
2,451,850,427 ns
1,634 ns/op
4.8 % of CPU usage

Ping throughput 10K:
2,000,000 ops
1,929,295,145 ns
1,036,648 ops/s
5.5 % of CPU usage
Tests run: 8, Failures: 0, Errors: 0, Skipped: 0, Time elapsed: 21.872 sec - in com.github.plokhotnyuk.actors.LiftActorSpec
Running com.github.plokhotnyuk.actors.MinimalistActorSpec
Executor service type: java-forkjoin-pool

Enqueueing:
40,000,000 ops
1,267,193,392 ns
31,565,821 ops/s
1.4 % of CPU usage
24 bytes per instance

Dequeueing:
40,000,000 ops
388,642,629 ns
102,922,317 ops/s
3.0 % of CPU usage

Initiation:
2,000,000 ops
1,374,236,398 ns
687 ns/op
15.8 % of CPU usage
42 bytes per instance

Single-producer sending:
15,000,000 ops
359,840,180 ns
41,685,172 ops/s
9.0 % of CPU usage

Multi-producer sending:
14,999,976 ops
1,037,219,423 ns
14,461,719 ops/s
89.9 % of CPU usage

Max throughput:
29,999,952 ops
90,412,381 ns
331,812,431 ops/s
36.3 % of CPU usage

Ping latency:
3,000,000 ops
2,205,543,262 ns
735 ns/op
13.9 % of CPU usage

Ping throughput 10K:
6,000,000 ops
197,011,505 ns
30,455,074 ops/s
14.8 % of CPU usage
Tests run: 8, Failures: 0, Errors: 0, Skipped: 0, Time elapsed: 15.252 sec - in com.github.plokhotnyuk.actors.MinimalistActorSpec
Running com.github.plokhotnyuk.actors.ScalaActorSpec
Executor service type: java-forkjoin-pool

Enqueueing:
20,000,000 ops
922,261,244 ns
21,685,829 ops/s
1.6 % of CPU usage
24 bytes per instance

Dequeueing:
300,000 ops
2,097,325,798 ns
143,039 ops/s
6.1 % of CPU usage

Initiation:
600,000 ops
1,341,996,642 ns
2,236 ns/op
11.7 % of CPU usage
224 bytes per instance

Single-producer sending:
300,000 ops
1,932,947,153 ns
155,203 ops/s
6.4 % of CPU usage

Multi-producer sending:
299,952 ops
2,102,233,736 ns
142,682 ops/s
5.9 % of CPU usage

Max throughput:
599,976 ops
412,880,879 ns
1,453,145 ops/s
15.1 % of CPU usage

Ping latency:
250,000 ops
1,592,395,108 ns
6,369 ns/op
9.5 % of CPU usage

Ping throughput 10K:
400,000 ops
399,512,596 ns
1,001,219 ops/s
14.9 % of CPU usage
Tests run: 8, Failures: 0, Errors: 0, Skipped: 0, Time elapsed: 16.269 sec - in com.github.plokhotnyuk.actors.ScalaActorSpec
Running com.github.plokhotnyuk.actors.ScalazActorSpec
Executor service type: java-forkjoin-pool

Enqueueing:
40,000,000 ops
1,166,888,794 ns
34,279,187 ops/s
1.4 % of CPU usage
24 bytes per instance

Dequeueing:
40,000,000 ops
354,522,086 ns
112,827,949 ops/s
3.3 % of CPU usage

Initiation:
10,000,000 ops
454,673,578 ns
45 ns/op
3.0 % of CPU usage
104 bytes per instance

Single-producer sending:
15,000,000 ops
707,069,629 ns
21,214,318 ops/s
3.8 % of CPU usage

Multi-producer sending:
14,999,976 ops
1,513,965,557 ns
9,907,739 ops/s
58.1 % of CPU usage

Max throughput:
29,999,952 ops
103,617,470 ns
289,526,003 ops/s
36.3 % of CPU usage

Ping latency:
3,000,000 ops
3,078,359,314 ns
1,026 ns/op
14.2 % of CPU usage

Ping throughput 10K:
6,000,000 ops
158,302,295 ns
37,902,166 ops/s
17.0 % of CPU usage
Tests run: 8, Failures: 0, Errors: 0, Skipped: 0, Time elapsed: 18.373 sec - in com.github.plokhotnyuk.actors.ScalazActorSpec

Results :

Tests run: 74, Failures: 0, Errors: 0, Skipped: 0

[INFO] ------------------------------------------------------------------------
[INFO] BUILD SUCCESS
[INFO] ------------------------------------------------------------------------
[INFO] Total time: 03:36 min
[INFO] Finished at: 2015-04-17T11:01:54+00:00
[INFO] Final Memory: 19M/1538M
[INFO] ------------------------------------------------------------------------
[INFO] Scanning for projects...
[INFO]                                                                         
[INFO] ------------------------------------------------------------------------
[INFO] Building Actors 1.0-SNAPSHOT
[INFO] ------------------------------------------------------------------------
[INFO] 
[INFO] --- maven-resources-plugin:2.6:resources (default-resources) @ actors ---
[INFO] Using 'UTF-8' encoding to copy filtered resources.
[INFO] skip non existing resourceDirectory /home/aplokhotnyuk/actors/src/main/resources
[INFO] 
[INFO] --- maven-resources-plugin:2.6:testResources (default-testResources) @ actors ---
[INFO] Using 'UTF-8' encoding to copy filtered resources.
[INFO] skip non existing resourceDirectory /home/aplokhotnyuk/actors/src/test/resources
[INFO] 
[INFO] --- scala-maven-plugin:3.2.0:testCompile (testCompile) @ actors ---
[WARNING]  Expected all dependencies to require Scala version: 2.11.6
[WARNING]  com.github.plokhotnyuk.actors:actors:1.0-SNAPSHOT requires scala version: 2.11.6
[WARNING]  com.typesafe.akka:akka-actor_2.11:2.3.9 requires scala version: 2.11.5
[WARNING] Multiple versions of scala libraries detected!
[INFO] Nothing to compile - all classes are up to date
[INFO] 
[INFO] --- maven-surefire-plugin:2.18.1:test (default-test) @ actors ---
[INFO] Surefire report directory: /home/aplokhotnyuk/actors/target/surefire-reports

-------------------------------------------------------
 T E S T S
-------------------------------------------------------
Running com.github.plokhotnyuk.actors.AkkaActorSpec
Executor service type: abq-thread-pool

Enqueueing:
10,000,000 ops
599,999,463 ns
16,666,681 ops/s
1.8 % of CPU usage
48 bytes per instance

Dequeueing:
10,000,000 ops
1,528,452,877 ns
6,542,563 ops/s
2.0 % of CPU usage

Initiation:
100,000 ops
1,466,498,886 ns
14,664 ns/op
6.0 % of CPU usage
424 bytes per instance

Single-producer sending:
6,000,000 ops
1,543,885,480 ns
3,886,298 ops/s
2.7 % of CPU usage

Multi-producer sending:
5,999,976 ops
4,466,973,579 ns
1,343,185 ops/s
64.7 % of CPU usage

Max throughput:
11,999,952 ops
238,981,552 ns
50,212,880 ops/s
26.3 % of CPU usage

Ping latency:
1,500,000 ops
9,715,304,844 ns
6,476 ns/op
2.0 % of CPU usage

Ping throughput 10K:
2,000,000 ops
4,203,523,427 ns
475,791 ops/s
3.7 % of CPU usage
Tests run: 8, Failures: 0, Errors: 0, Skipped: 0, Time elapsed: 35.084 sec - in com.github.plokhotnyuk.actors.AkkaActorSpec
Running com.github.plokhotnyuk.actors.AkkaBalanceableActorSpec
Executor service type: abq-thread-pool

Enqueueing:
10,000,000 ops
559,487,526 ns
17,873,499 ops/s
1.7 % of CPU usage
48 bytes per instance

Dequeueing:
10,000,000 ops
1,422,462,645 ns
7,030,061 ops/s
1.8 % of CPU usage

Initiation:
100,000 ops
1,349,222,759 ns
13,492 ns/op
6.3 % of CPU usage
424 bytes per instance

Single-producer sending:
6,000,000 ops
1,603,593,290 ns
3,741,597 ops/s
2.5 % of CPU usage

Multi-producer sending:
5,999,976 ops
1,813,672,229 ns
3,308,192 ops/s
31.7 % of CPU usage

Max throughput:
11,999,952 ops
215,097,361 ns
55,788,466 ops/s
23.3 % of CPU usage

Ping latency:
1,500,000 ops
6,453,499,538 ns
4,302 ns/op
1.9 % of CPU usage

Ping throughput 10K:
2,000,000 ops
4,120,065,459 ns
485,429 ops/s
3.9 % of CPU usage
Tests run: 8, Failures: 0, Errors: 0, Skipped: 0, Time elapsed: 28.558 sec - in com.github.plokhotnyuk.actors.AkkaBalanceableActorSpec
Running com.github.plokhotnyuk.actors.AkkaBoundedActorSpec
Executor service type: abq-thread-pool

Enqueueing:
10,000,000 ops
1,032,290,230 ns
9,687,198 ops/s
2.5 % of CPU usage
48 bytes per instance

Dequeueing:
10,000,000 ops
1,642,474,736 ns
6,088,373 ops/s
1.9 % of CPU usage

Initiation:
100,000 ops
1,474,632,790 ns
14,746 ns/op
5.4 % of CPU usage
608 bytes per instance

Single-producer sending:
6,000,000 ops
4,136,060,962 ns
1,450,655 ops/s
2.8 % of CPU usage

Multi-producer sending:
5,999,976 ops
5,258,266,131 ns
1,141,055 ops/s
4.1 % of CPU usage

Max throughput:
11,999,952 ops
252,055,782 ns
47,608,318 ops/s
24.9 % of CPU usage

Ping latency:
1,500,000 ops
8,702,584,006 ns
5,801 ns/op
1.9 % of CPU usage

Ping throughput 10K:
2,000,000 ops
3,825,412,454 ns
522,819 ops/s
3.8 % of CPU usage

Overflow throughput:
5,000,000 ops
713,443,360 ns
7,008,264 ops/s
1.9 % of CPU usage
Tests run: 9, Failures: 0, Errors: 0, Skipped: 0, Time elapsed: 39.54 sec - in com.github.plokhotnyuk.actors.AkkaBoundedActorSpec
Running com.github.plokhotnyuk.actors.AkkaNonBalanceableActorSpec
Executor service type: abq-thread-pool

Enqueueing:
10,000,000 ops
580,270,999 ns
17,233,327 ops/s
1.7 % of CPU usage
48 bytes per instance

Dequeueing:
10,000,000 ops
1,398,381,380 ns
7,151,124 ops/s
1.8 % of CPU usage

Initiation:
100,000 ops
1,377,926,445 ns
13,779 ns/op
5.8 % of CPU usage
424 bytes per instance

Single-producer sending:
6,000,000 ops
1,893,062,543 ns
3,169,467 ops/s
2.8 % of CPU usage

Multi-producer sending:
5,999,976 ops
1,815,304,327 ns
3,305,217 ops/s
32.5 % of CPU usage

Max throughput:
11,999,952 ops
202,633,535 ns
59,219,970 ops/s
26.1 % of CPU usage

Ping latency:
1,500,000 ops
7,631,218,206 ns
5,087 ns/op
2.0 % of CPU usage

Ping throughput 10K:
2,000,000 ops
4,106,700,059 ns
487,009 ops/s
3.8 % of CPU usage
Tests run: 8, Failures: 0, Errors: 0, Skipped: 0, Time elapsed: 30.136 sec - in com.github.plokhotnyuk.actors.AkkaNonBalanceableActorSpec
Running com.github.plokhotnyuk.actors.AkkaNonBlockingBoundedActorSpec
Executor service type: abq-thread-pool

Enqueueing:
10,000,000 ops
587,723,154 ns
17,014,813 ops/s
1.8 % of CPU usage
48 bytes per instance

Dequeueing:
10,000,000 ops
1,224,024,367 ns
8,169,771 ops/s
1.9 % of CPU usage

Initiation:
100,000 ops
1,395,872,918 ns
13,958 ns/op
5.8 % of CPU usage
424 bytes per instance

Single-producer sending:
6,000,000 ops
3,002,889,027 ns
1,998,075 ops/s
2.7 % of CPU usage

Multi-producer sending:
5,999,976 ops
5,039,672,261 ns
1,190,548 ops/s
62.3 % of CPU usage

Max throughput:
11,999,952 ops
237,216,119 ns
50,586,579 ops/s
24.4 % of CPU usage

Ping latency:
1,500,000 ops
7,132,885,005 ns
4,755 ns/op
2.0 % of CPU usage

Ping throughput 10K:
2,000,000 ops
3,989,608,298 ns
501,302 ops/s
3.7 % of CPU usage

Overflow throughput:
5,000,000 ops
685,033,397 ns
7,298,914 ops/s
2.0 % of CPU usage
Tests run: 9, Failures: 0, Errors: 0, Skipped: 0, Time elapsed: 34.34 sec - in com.github.plokhotnyuk.actors.AkkaNonBlockingBoundedActorSpec
Running com.github.plokhotnyuk.actors.LiftActorSpec
Executor service type: abq-thread-pool

Enqueueing:
10,000,000 ops
651,679,263 ns
15,344,971 ops/s
1.5 % of CPU usage
24 bytes per instance

Dequeueing:
10,000,000 ops
732,504,538 ns
13,651,792 ops/s
1.7 % of CPU usage

Initiation:
10,000,000 ops
906,426,553 ns
90 ns/op
2.2 % of CPU usage
72 bytes per instance

Single-producer sending:
6,000,000 ops
1,264,964,801 ns
4,743,214 ops/s
3.2 % of CPU usage

Multi-producer sending:
5,999,976 ops
3,522,198,656 ns
1,703,474 ops/s
4.5 % of CPU usage

Max throughput:
11,999,952 ops
233,833,948 ns
51,318,262 ops/s
22.9 % of CPU usage

Ping latency:
1,500,000 ops
9,591,070,229 ns
6,394 ns/op
2.2 % of CPU usage

Ping throughput 10K:
2,000,000 ops
4,909,972,434 ns
407,334 ops/s
3.9 % of CPU usage
Tests run: 8, Failures: 0, Errors: 0, Skipped: 0, Time elapsed: 31.961 sec - in com.github.plokhotnyuk.actors.LiftActorSpec
Running com.github.plokhotnyuk.actors.MinimalistActorSpec
Executor service type: abq-thread-pool

Enqueueing:
40,000,000 ops
1,132,094,684 ns
35,332,733 ops/s
1.4 % of CPU usage
24 bytes per instance

Dequeueing:
40,000,000 ops
846,546,540 ns
47,250,798 ops/s
2.0 % of CPU usage

Initiation:
2,000,000 ops
9,141,464,707 ns
4,570 ns/op
2.2 % of CPU usage
40 bytes per instance

Single-producer sending:
15,000,000 ops
499,746,361 ns
30,015,226 ops/s
3.6 % of CPU usage

Multi-producer sending:
14,999,976 ops
1,173,710,292 ns
12,779,964 ops/s
81.6 % of CPU usage

Max throughput:
29,999,952 ops
122,904,371 ns
244,091,823 ops/s
30.1 % of CPU usage

Ping latency:
3,000,000 ops
7,593,694,543 ns
2,531 ns/op
2.1 % of CPU usage

Ping throughput 10K:
6,000,000 ops
8,472,500,879 ns
708,173 ops/s
2.6 % of CPU usage
Tests run: 8, Failures: 0, Errors: 0, Skipped: 0, Time elapsed: 37.745 sec - in com.github.plokhotnyuk.actors.MinimalistActorSpec
Running com.github.plokhotnyuk.actors.ScalaActorSpec
Executor service type: abq-thread-pool

Enqueueing:
20,000,000 ops
1,022,528,357 ns
19,559,359 ops/s
1.5 % of CPU usage
24 bytes per instance

Dequeueing:
300,000 ops
3,945,655,330 ns
76,032 ops/s
3.0 % of CPU usage

Initiation:
600,000 ops
5,333,039,529 ns
8,888 ns/op
2.6 % of CPU usage
224 bytes per instance

Single-producer sending:
300,000 ops
4,538,826,539 ns
66,096 ops/s
2.5 % of CPU usage

Multi-producer sending:
299,952 ops
4,303,371,493 ns
69,701 ops/s
2.4 % of CPU usage

Max throughput:
599,976 ops
3,889,195,053 ns
154,267 ops/s
3.3 % of CPU usage

Ping latency:
250,000 ops
4,424,875,693 ns
17,699 ns/op
2.7 % of CPU usage

Ping throughput 10K:
400,000 ops
2,574,732,812 ns
155,355 ops/s
3.9 % of CPU usage
Tests run: 8, Failures: 0, Errors: 0, Skipped: 0, Time elapsed: 35.913 sec - in com.github.plokhotnyuk.actors.ScalaActorSpec
Running com.github.plokhotnyuk.actors.ScalazActorSpec
Executor service type: abq-thread-pool

Enqueueing:
40,000,000 ops
1,107,465,281 ns
36,118,513 ops/s
1.4 % of CPU usage
24 bytes per instance

Dequeueing:
40,000,000 ops
623,590,713 ns
64,144,637 ops/s
2.2 % of CPU usage

Initiation:
10,000,000 ops
455,580,166 ns
45 ns/op
3.0 % of CPU usage
104 bytes per instance

Single-producer sending:
15,000,000 ops
930,967,724 ns
16,112,266 ops/s
3.1 % of CPU usage

Multi-producer sending:
14,999,976 ops
1,377,171,181 ns
10,891,874 ops/s
61.5 % of CPU usage

Max throughput:
29,999,952 ops
96,306,864 ns
311,503,778 ops/s
32.2 % of CPU usage

Ping latency:
3,000,000 ops
9,158,388,373 ns
3,052 ns/op
2.0 % of CPU usage

Ping throughput 10K:
6,000,000 ops
8,202,884,740 ns
731,449 ops/s
2.6 % of CPU usage
Tests run: 8, Failures: 0, Errors: 0, Skipped: 0, Time elapsed: 34.175 sec - in com.github.plokhotnyuk.actors.ScalazActorSpec

Results :

Tests run: 74, Failures: 0, Errors: 0, Skipped: 0

[INFO] ------------------------------------------------------------------------
[INFO] BUILD SUCCESS
[INFO] ------------------------------------------------------------------------
[INFO] Total time: 05:23 min
[INFO] Finished at: 2015-04-17T11:07:19+00:00
[INFO] Final Memory: 17M/1495M
[INFO] ------------------------------------------------------------------------
[INFO] Scanning for projects...
[INFO]                                                                         
[INFO] ------------------------------------------------------------------------
[INFO] Building Actors 1.0-SNAPSHOT
[INFO] ------------------------------------------------------------------------
[INFO] 
[INFO] --- maven-resources-plugin:2.6:resources (default-resources) @ actors ---
[INFO] Using 'UTF-8' encoding to copy filtered resources.
[INFO] skip non existing resourceDirectory /home/aplokhotnyuk/actors/src/main/resources
[INFO] 
[INFO] --- maven-resources-plugin:2.6:testResources (default-testResources) @ actors ---
[INFO] Using 'UTF-8' encoding to copy filtered resources.
[INFO] skip non existing resourceDirectory /home/aplokhotnyuk/actors/src/test/resources
[INFO] 
[INFO] --- scala-maven-plugin:3.2.0:testCompile (testCompile) @ actors ---
[WARNING]  Expected all dependencies to require Scala version: 2.11.6
[WARNING]  com.github.plokhotnyuk.actors:actors:1.0-SNAPSHOT requires scala version: 2.11.6
[WARNING]  com.typesafe.akka:akka-actor_2.11:2.3.9 requires scala version: 2.11.5
[WARNING] Multiple versions of scala libraries detected!
[INFO] Nothing to compile - all classes are up to date
[INFO] 
[INFO] --- maven-surefire-plugin:2.18.1:test (default-test) @ actors ---
[INFO] Surefire report directory: /home/aplokhotnyuk/actors/target/surefire-reports

-------------------------------------------------------
 T E S T S
-------------------------------------------------------
Running com.github.plokhotnyuk.actors.AkkaActorSpec
Executor service type: lbq-thread-pool

Enqueueing:
10,000,000 ops
675,956,096 ns
14,793,860 ops/s
1.8 % of CPU usage
47 bytes per instance

Dequeueing:
10,000,000 ops
1,520,954,970 ns
6,574,816 ops/s
2.2 % of CPU usage

Initiation:
100,000 ops
1,348,711,558 ns
13,487 ns/op
6.7 % of CPU usage
424 bytes per instance

Single-producer sending:
6,000,000 ops
2,139,771,366 ns
2,804,037 ops/s
2.7 % of CPU usage

Multi-producer sending:
5,999,976 ops
4,136,149,579 ns
1,450,618 ops/s
62.0 % of CPU usage

Max throughput:
11,999,952 ops
238,078,062 ns
50,403,434 ops/s
26.4 % of CPU usage

Ping latency:
1,500,000 ops
6,372,387,488 ns
4,248 ns/op
2.0 % of CPU usage

Ping throughput 10K:
2,000,000 ops
3,447,956,609 ns
580,053 ops/s
5.4 % of CPU usage
Tests run: 8, Failures: 0, Errors: 0, Skipped: 0, Time elapsed: 30.301 sec - in com.github.plokhotnyuk.actors.AkkaActorSpec
Running com.github.plokhotnyuk.actors.AkkaBalanceableActorSpec
Executor service type: lbq-thread-pool

Enqueueing:
10,000,000 ops
565,868,552 ns
17,671,948 ops/s
1.8 % of CPU usage
48 bytes per instance

Dequeueing:
10,000,000 ops
1,315,715,733 ns
7,600,425 ops/s
2.2 % of CPU usage

Initiation:
100,000 ops
1,153,023,049 ns
11,530 ns/op
7.3 % of CPU usage
424 bytes per instance

Single-producer sending:
6,000,000 ops
1,792,279,488 ns
3,347,692 ops/s
2.6 % of CPU usage

Multi-producer sending:
5,999,976 ops
1,843,410,673 ns
3,254,823 ops/s
32.9 % of CPU usage

Max throughput:
11,999,952 ops
227,454,402 ns
52,757,616 ops/s
23.7 % of CPU usage

Ping latency:
1,500,000 ops
9,135,648,143 ns
6,090 ns/op
2.0 % of CPU usage

Ping throughput 10K:
2,000,000 ops
3,912,312,525 ns
511,206 ops/s
5.1 % of CPU usage
Tests run: 8, Failures: 0, Errors: 0, Skipped: 0, Time elapsed: 30.517 sec - in com.github.plokhotnyuk.actors.AkkaBalanceableActorSpec
Running com.github.plokhotnyuk.actors.AkkaBoundedActorSpec
Executor service type: lbq-thread-pool

Enqueueing:
10,000,000 ops
961,113,786 ns
10,404,595 ops/s
1.9 % of CPU usage
48 bytes per instance

Dequeueing:
10,000,000 ops
1,662,784,814 ns
6,014,007 ops/s
1.9 % of CPU usage

Initiation:
100,000 ops
1,287,185,902 ns
12,871 ns/op
7.0 % of CPU usage
608 bytes per instance

Single-producer sending:
6,000,000 ops
4,857,159,281 ns
1,235,289 ops/s
2.8 % of CPU usage

Multi-producer sending:
5,999,976 ops
5,331,926,890 ns
1,125,292 ops/s
4.0 % of CPU usage

Max throughput:
11,999,952 ops
244,440,760 ns
49,091,452 ops/s
27.0 % of CPU usage

Ping latency:
1,500,000 ops
7,750,513,592 ns
5,167 ns/op
2.0 % of CPU usage

Ping throughput 10K:
2,000,000 ops
3,927,015,091 ns
509,292 ops/s
5.6 % of CPU usage

Overflow throughput:
5,000,000 ops
740,271,842 ns
6,754,275 ops/s
2.2 % of CPU usage
Tests run: 9, Failures: 0, Errors: 0, Skipped: 0, Time elapsed: 39.235 sec - in com.github.plokhotnyuk.actors.AkkaBoundedActorSpec
Running com.github.plokhotnyuk.actors.AkkaNonBalanceableActorSpec
Executor service type: lbq-thread-pool

Enqueueing:
10,000,000 ops
554,431,736 ns
18,036,485 ops/s
1.9 % of CPU usage
48 bytes per instance

Dequeueing:
10,000,000 ops
1,313,953,037 ns
7,610,622 ops/s
2.4 % of CPU usage

Initiation:
100,000 ops
1,297,118,464 ns
12,971 ns/op
6.9 % of CPU usage
424 bytes per instance

Single-producer sending:
6,000,000 ops
1,704,805,658 ns
3,519,462 ops/s
2.6 % of CPU usage

Multi-producer sending:
5,999,976 ops
1,670,867,064 ns
3,590,935 ops/s
35.9 % of CPU usage

Max throughput:
11,999,952 ops
207,329,766 ns
57,878,577 ops/s
25.3 % of CPU usage

Ping latency:
1,500,000 ops
6,125,594,289 ns
4,083 ns/op
2.0 % of CPU usage

Ping throughput 10K:
2,000,000 ops
3,404,530,330 ns
587,452 ops/s
5.1 % of CPU usage
Tests run: 8, Failures: 0, Errors: 0, Skipped: 0, Time elapsed: 26.915 sec - in com.github.plokhotnyuk.actors.AkkaNonBalanceableActorSpec
Running com.github.plokhotnyuk.actors.AkkaNonBlockingBoundedActorSpec
Executor service type: lbq-thread-pool

Enqueueing:
10,000,000 ops
598,914,644 ns
16,696,870 ops/s
2.7 % of CPU usage
48 bytes per instance

Dequeueing:
10,000,000 ops
1,535,209,708 ns
6,513,768 ops/s
2.3 % of CPU usage

Initiation:
100,000 ops
1,360,913,434 ns
13,609 ns/op
6.6 % of CPU usage
424 bytes per instance

Single-producer sending:
6,000,000 ops
2,870,208,634 ns
2,090,440 ops/s
2.7 % of CPU usage

Multi-producer sending:
5,999,976 ops
5,432,631,130 ns
1,104,432 ops/s
59.0 % of CPU usage

Max throughput:
11,999,952 ops
187,510,502 ns
63,996,159 ops/s
24.7 % of CPU usage

Ping latency:
1,500,000 ops
7,282,770,053 ns
4,855 ns/op
2.0 % of CPU usage

Ping throughput 10K:
2,000,000 ops
3,242,167,884 ns
616,871 ops/s
4.7 % of CPU usage

Overflow throughput:
5,000,000 ops
721,894,821 ns
6,926,216 ops/s
1.8 % of CPU usage
Tests run: 9, Failures: 0, Errors: 0, Skipped: 0, Time elapsed: 33.936 sec - in com.github.plokhotnyuk.actors.AkkaNonBlockingBoundedActorSpec
Running com.github.plokhotnyuk.actors.LiftActorSpec
Executor service type: lbq-thread-pool

Enqueueing:
10,000,000 ops
748,880,968 ns
13,353,256 ops/s
1.5 % of CPU usage
24 bytes per instance

Dequeueing:
10,000,000 ops
721,146,915 ns
13,866,799 ops/s
1.7 % of CPU usage

Initiation:
10,000,000 ops
1,013,595,018 ns
101 ns/op
2.1 % of CPU usage
72 bytes per instance

Single-producer sending:
6,000,000 ops
1,661,108,332 ns
3,612,046 ops/s
3.2 % of CPU usage

Multi-producer sending:
5,999,976 ops
3,483,105,412 ns
1,722,593 ops/s
4.5 % of CPU usage

Max throughput:
11,999,952 ops
206,390,435 ns
58,141,996 ops/s
24.8 % of CPU usage

Ping latency:
1,500,000 ops
8,504,863,688 ns
5,669 ns/op
2.3 % of CPU usage

Ping throughput 10K:
2,000,000 ops
3,113,230,563 ns
642,419 ops/s
5.5 % of CPU usage
Tests run: 8, Failures: 0, Errors: 0, Skipped: 0, Time elapsed: 29.715 sec - in com.github.plokhotnyuk.actors.LiftActorSpec
Running com.github.plokhotnyuk.actors.MinimalistActorSpec
Executor service type: lbq-thread-pool

Enqueueing:
40,000,000 ops
1,384,662,360 ns
28,887,908 ops/s
1.4 % of CPU usage
24 bytes per instance

Dequeueing:
40,000,000 ops
595,562,206 ns
67,163,429 ops/s
2.3 % of CPU usage

Initiation:
2,000,000 ops
1,494,873,650 ns
747 ns/op
4.6 % of CPU usage
47 bytes per instance

Single-producer sending:
15,000,000 ops
463,822,638 ns
32,339,948 ops/s
3.4 % of CPU usage

Multi-producer sending:
14,999,976 ops
868,182,025 ns
17,277,455 ops/s
68.6 % of CPU usage

Max throughput:
29,999,952 ops
100,257,040 ns
299,230,378 ops/s
42.0 % of CPU usage

Ping latency:
3,000,000 ops
3,212,685,391 ns
1,070 ns/op
2.6 % of CPU usage

Ping throughput 10K:
6,000,000 ops
8,714,888,314 ns
688,476 ops/s
3.6 % of CPU usage
Tests run: 8, Failures: 0, Errors: 0, Skipped: 0, Time elapsed: 25.962 sec - in com.github.plokhotnyuk.actors.MinimalistActorSpec
Running com.github.plokhotnyuk.actors.ScalaActorSpec
Executor service type: lbq-thread-pool

Enqueueing:
20,000,000 ops
971,470,799 ns
20,587,340 ops/s
1.5 % of CPU usage
24 bytes per instance

Dequeueing:
300,000 ops
2,342,560,961 ns
128,064 ops/s
4.2 % of CPU usage

Initiation:
600,000 ops
661,221,199 ns
1,102 ns/op
6.7 % of CPU usage
248 bytes per instance

Single-producer sending:
300,000 ops
3,496,385,886 ns
85,802 ops/s
3.7 % of CPU usage

Multi-producer sending:
299,952 ops
2,722,357,900 ns
110,180 ops/s
3.1 % of CPU usage

Max throughput:
599,976 ops
3,006,417,318 ns
199,565 ops/s
5.3 % of CPU usage

Ping latency:
250,000 ops
3,037,846,383 ns
12,151 ns/op
3.3 % of CPU usage

Ping throughput 10K:
400,000 ops
2,003,970,186 ns
199,603 ops/s
5.7 % of CPU usage
Tests run: 8, Failures: 0, Errors: 0, Skipped: 0, Time elapsed: 24.116 sec - in com.github.plokhotnyuk.actors.ScalaActorSpec
Running com.github.plokhotnyuk.actors.ScalazActorSpec
Executor service type: lbq-thread-pool

Enqueueing:
40,000,000 ops
1,142,409,456 ns
35,013,715 ops/s
1.4 % of CPU usage
24 bytes per instance

Dequeueing:
40,000,000 ops
636,663,228 ns
62,827,564 ops/s
2.3 % of CPU usage

Initiation:
10,000,000 ops
401,071,263 ns
40 ns/op
3.2 % of CPU usage
104 bytes per instance

Single-producer sending:
15,000,000 ops
880,691,534 ns
17,032,070 ops/s
3.1 % of CPU usage

Multi-producer sending:
14,999,976 ops
1,520,132,222 ns
9,867,546 ops/s
53.3 % of CPU usage

Max throughput:
29,999,952 ops
116,472,473 ns
257,571,177 ops/s
30.5 % of CPU usage

Ping latency:
3,000,000 ops
2,918,753,212 ns
972 ns/op
2.6 % of CPU usage

Ping throughput 10K:
6,000,000 ops
8,538,901,081 ns
702,666 ops/s
3.4 % of CPU usage
Tests run: 8, Failures: 0, Errors: 0, Skipped: 0, Time elapsed: 28.514 sec - in com.github.plokhotnyuk.actors.ScalazActorSpec

Results :

Tests run: 74, Failures: 0, Errors: 0, Skipped: 0

[INFO] ------------------------------------------------------------------------
[INFO] BUILD SUCCESS
[INFO] ------------------------------------------------------------------------
[INFO] Total time: 04:45 min
[INFO] Finished at: 2015-04-17T11:12:06+00:00
[INFO] Final Memory: 19M/1538M
[INFO] ------------------------------------------------------------------------
