[INFO] Scanning for projects...
[INFO]                                                                         
[INFO] ------------------------------------------------------------------------
[INFO] Building Actors 1.0-SNAPSHOT
[INFO] ------------------------------------------------------------------------
[INFO] 
[INFO] --- maven-clean-plugin:2.5:clean (default-clean) @ actors ---
[INFO] Deleting /home/aplokhotnyuk/actors/target
[INFO] 
[INFO] --- maven-resources-plugin:2.6:resources (default-resources) @ actors ---
[INFO] Using 'UTF-8' encoding to copy filtered resources.
[INFO] skip non existing resourceDirectory /home/aplokhotnyuk/actors/src/main/resources
[INFO] 
[INFO] --- maven-resources-plugin:2.6:testResources (default-testResources) @ actors ---
[INFO] Using 'UTF-8' encoding to copy filtered resources.
[INFO] skip non existing resourceDirectory /home/aplokhotnyuk/actors/src/test/resources
[INFO] 
[INFO] --- scala-maven-plugin:3.2.0:testCompile (testCompile) @ actors ---
[WARNING]  Expected all dependencies to require Scala version: 2.11.6
[WARNING]  com.github.plokhotnyuk.actors:actors:1.0-SNAPSHOT requires scala version: 2.11.6
[WARNING]  com.typesafe.akka:akka-actor_2.11:2.3.9 requires scala version: 2.11.5
[WARNING] Multiple versions of scala libraries detected!
[INFO] /home/aplokhotnyuk/actors/src/test/scala:-1: info: compiling
[INFO] Compiling 15 source files to /home/aplokhotnyuk/actors/target/test-classes at 1429266105547
[WARNING] /home/aplokhotnyuk/actors/src/test/scala/com/github/plokhotnyuk/actors/ScalaActorSpec.scala:9: warning: trait SchedulerAdapter in package actors is deprecated: Use the akka.actor package instead. For migration from the scala.actors package refer to the Actors Migration Guide.
[WARNING]   val customScheduler = new SchedulerAdapter {
[WARNING]                             ^
[WARNING] /home/aplokhotnyuk/actors/src/test/scala/com/github/plokhotnyuk/actors/ScalaActorSpec.scala:66: warning: trait Actor in package actors is deprecated: Use the akka.actor package instead. For migration from the scala.actors package refer to the Actors Migration Guide.
[WARNING]     footprintedAndTimedCollect(600000)(() => new Actor {
[WARNING]                                                  ^
[WARNING] /home/aplokhotnyuk/actors/src/test/scala/com/github/plokhotnyuk/actors/ScalaActorSpec.scala:139: warning: trait Actor in package actors is deprecated: Use the akka.actor package instead. For migration from the scala.actors package refer to the Actors Migration Guide.
[WARNING]   private def replayAndCountActor(l: CountDownLatch, n: Int): Actor =
[WARNING]                                                               ^
[WARNING] /home/aplokhotnyuk/actors/src/test/scala/com/github/plokhotnyuk/actors/ScalaActorSpec.scala:140: warning: trait Actor in package actors is deprecated: Use the akka.actor package instead. For migration from the scala.actors package refer to the Actors Migration Guide.
[WARNING]     new Actor {
[WARNING]         ^
[WARNING] /home/aplokhotnyuk/actors/src/test/scala/com/github/plokhotnyuk/actors/ScalaActorSpec.scala:154: warning: trait IScheduler in package actors is deprecated: Use the akka.actor package instead. For migration from the scala.actors package refer to the Actors Migration Guide.
[WARNING]       override def scheduler: IScheduler = customScheduler
[WARNING]                               ^
[WARNING] /home/aplokhotnyuk/actors/src/test/scala/com/github/plokhotnyuk/actors/ScalaActorSpec.scala:157: warning: trait Actor in package actors is deprecated: Use the akka.actor package instead. For migration from the scala.actors package refer to the Actors Migration Guide.
[WARNING]   private def blockableCountActor(l1: CountDownLatch, l2: CountDownLatch, n: Int): Actor =
[WARNING]                                                                                    ^
[WARNING] /home/aplokhotnyuk/actors/src/test/scala/com/github/plokhotnyuk/actors/ScalaActorSpec.scala:158: warning: trait Actor in package actors is deprecated: Use the akka.actor package instead. For migration from the scala.actors package refer to the Actors Migration Guide.
[WARNING]     new Actor {
[WARNING]         ^
[WARNING] /home/aplokhotnyuk/actors/src/test/scala/com/github/plokhotnyuk/actors/ScalaActorSpec.scala:177: warning: trait IScheduler in package actors is deprecated: Use the akka.actor package instead. For migration from the scala.actors package refer to the Actors Migration Guide.
[WARNING]       override def scheduler: IScheduler = customScheduler
[WARNING]                               ^
[WARNING] /home/aplokhotnyuk/actors/src/test/scala/com/github/plokhotnyuk/actors/ScalaActorSpec.scala:180: warning: trait Actor in package actors is deprecated: Use the akka.actor package instead. For migration from the scala.actors package refer to the Actors Migration Guide.
[WARNING]   private def countActor(l: CountDownLatch, n: Int): Actor =
[WARNING]                                                      ^
[WARNING] /home/aplokhotnyuk/actors/src/test/scala/com/github/plokhotnyuk/actors/ScalaActorSpec.scala:181: warning: trait Actor in package actors is deprecated: Use the akka.actor package instead. For migration from the scala.actors package refer to the Actors Migration Guide.
[WARNING]     new Actor {
[WARNING]         ^
[WARNING] /home/aplokhotnyuk/actors/src/test/scala/com/github/plokhotnyuk/actors/ScalaActorSpec.scala:194: warning: trait IScheduler in package actors is deprecated: Use the akka.actor package instead. For migration from the scala.actors package refer to the Actors Migration Guide.
[WARNING]       override def scheduler: IScheduler = customScheduler
[WARNING]                               ^
[WARNING] /home/aplokhotnyuk/actors/src/test/scala/com/github/plokhotnyuk/actors/ScalaActorSpec.scala:197: warning: trait Actor in package actors is deprecated: Use the akka.actor package instead. For migration from the scala.actors package refer to the Actors Migration Guide.
[WARNING]   private def sendMessages(a: Actor, n: Int): Unit = {
[WARNING]                               ^
[WARNING] 12 warnings found
[INFO] prepare-compile in 0 s
[INFO] compile in 14 s
[INFO] ------------------------------------------------------------------------
[INFO] BUILD SUCCESS
[INFO] ------------------------------------------------------------------------
[INFO] Total time: 15.834 s
[INFO] Finished at: 2015-04-17T10:22:00+00:00
[INFO] Final Memory: 25M/1932M
[INFO] ------------------------------------------------------------------------
[INFO] Scanning for projects...
[INFO]                                                                         
[INFO] ------------------------------------------------------------------------
[INFO] Building Actors 1.0-SNAPSHOT
[INFO] ------------------------------------------------------------------------
[INFO] 
[INFO] --- maven-resources-plugin:2.6:resources (default-resources) @ actors ---
[INFO] Using 'UTF-8' encoding to copy filtered resources.
[INFO] skip non existing resourceDirectory /home/aplokhotnyuk/actors/src/main/resources
[INFO] 
[INFO] --- maven-resources-plugin:2.6:testResources (default-testResources) @ actors ---
[INFO] Using 'UTF-8' encoding to copy filtered resources.
[INFO] skip non existing resourceDirectory /home/aplokhotnyuk/actors/src/test/resources
[INFO] 
[INFO] --- scala-maven-plugin:3.2.0:testCompile (testCompile) @ actors ---
[WARNING]  Expected all dependencies to require Scala version: 2.11.6
[WARNING]  com.github.plokhotnyuk.actors:actors:1.0-SNAPSHOT requires scala version: 2.11.6
[WARNING]  com.typesafe.akka:akka-actor_2.11:2.3.9 requires scala version: 2.11.5
[WARNING] Multiple versions of scala libraries detected!
[INFO] Nothing to compile - all classes are up to date
[INFO] 
[INFO] --- maven-surefire-plugin:2.18.1:test (default-test) @ actors ---
[INFO] Surefire report directory: /home/aplokhotnyuk/actors/target/surefire-reports

-------------------------------------------------------
 T E S T S
-------------------------------------------------------
Running com.github.plokhotnyuk.actors.AkkaActorSpec
Executor service type: akka-forkjoin-pool

Enqueueing:
10,000,000 ops
611,275,267 ns
16,359,241 ops/s
1.8 % of CPU usage
48 bytes per instance

Dequeueing:
10,000,000 ops
1,382,746,864 ns
7,231,981 ops/s
2.1 % of CPU usage

Initiation:
100,000 ops
1,118,311,005 ns
11,183 ns/op
40.5 % of CPU usage
457 bytes per instance

Single-producer sending:
6,000,000 ops
1,175,311,942 ns
5,105,027 ops/s
2.8 % of CPU usage

Multi-producer sending:
5,999,976 ops
4,106,619,098 ns
1,461,050 ops/s
76.6 % of CPU usage

Max throughput:
11,999,952 ops
172,101,395 ns
69,726,058 ops/s
79.5 % of CPU usage

Ping latency:
1,500,000 ops
4,461,767,483 ns
2,974 ns/op
13.6 % of CPU usage

Ping throughput 10K:
2,000,000 ops
435,757,664 ns
4,589,706 ops/s
93.9 % of CPU usage
Tests run: 8, Failures: 0, Errors: 0, Skipped: 0, Time elapsed: 23.496 sec - in com.github.plokhotnyuk.actors.AkkaActorSpec
Running com.github.plokhotnyuk.actors.AkkaBalanceableActorSpec
Executor service type: akka-forkjoin-pool

Enqueueing:
10,000,000 ops
567,265,040 ns
17,628,444 ops/s
1.7 % of CPU usage
48 bytes per instance

Dequeueing:
10,000,000 ops
1,209,497,809 ns
8,267,894 ops/s
1.9 % of CPU usage

Initiation:
100,000 ops
1,267,556,214 ns
12,675 ns/op
62.3 % of CPU usage
456 bytes per instance

Single-producer sending:
6,000,000 ops
1,689,128,906 ns
3,552,126 ops/s
2.7 % of CPU usage

Multi-producer sending:
5,999,976 ops
1,747,528,973 ns
3,433,405 ops/s
35.0 % of CPU usage

Max throughput:
11,999,952 ops
166,613,303 ns
72,022,772 ops/s
86.4 % of CPU usage

Ping latency:
1,500,000 ops
4,178,356,581 ns
2,785 ns/op
13.1 % of CPU usage

Ping throughput 10K:
2,000,000 ops
251,125,456 ns
7,964,146 ops/s
90.8 % of CPU usage
Tests run: 8, Failures: 0, Errors: 0, Skipped: 0, Time elapsed: 20.789 sec - in com.github.plokhotnyuk.actors.AkkaBalanceableActorSpec
Running com.github.plokhotnyuk.actors.AkkaBoundedActorSpec
Executor service type: akka-forkjoin-pool

Enqueueing:
10,000,000 ops
988,388,071 ns
10,117,483 ops/s
1.9 % of CPU usage
48 bytes per instance

Dequeueing:
10,000,000 ops
1,836,182,359 ns
5,446,082 ops/s
1.7 % of CPU usage

Initiation:
100,000 ops
1,006,995,860 ns
10,069 ns/op
42.3 % of CPU usage
608 bytes per instance

Single-producer sending:
6,000,000 ops
2,162,971,082 ns
2,773,962 ops/s
2.7 % of CPU usage

Multi-producer sending:
5,999,976 ops
8,696,882,023 ns
689,899 ops/s
5.4 % of CPU usage

Max throughput:
11,999,952 ops
245,349,696 ns
48,909,585 ops/s
65.7 % of CPU usage

Ping latency:
1,500,000 ops
4,061,853,468 ns
2,707 ns/op
9.7 % of CPU usage

Ping throughput 10K:
2,000,000 ops
266,570,145 ns
7,502,715 ops/s
88.8 % of CPU usage

Overflow throughput:
5,000,000 ops
996,357,449 ns
5,018,279 ops/s
2.7 % of CPU usage
Tests run: 9, Failures: 0, Errors: 0, Skipped: 0, Time elapsed: 32.568 sec - in com.github.plokhotnyuk.actors.AkkaBoundedActorSpec
Running com.github.plokhotnyuk.actors.AkkaNonBalanceableActorSpec
Executor service type: akka-forkjoin-pool

Enqueueing:
10,000,000 ops
584,248,648 ns
17,116,000 ops/s
1.7 % of CPU usage
48 bytes per instance

Dequeueing:
10,000,000 ops
1,118,796,568 ns
8,938,175 ops/s
1.9 % of CPU usage

Initiation:
100,000 ops
1,507,122,353 ns
15,071 ns/op
66.2 % of CPU usage
456 bytes per instance

Single-producer sending:
6,000,000 ops
2,217,261,322 ns
2,706,040 ops/s
2.8 % of CPU usage

Multi-producer sending:
5,999,976 ops
1,720,503,504 ns
3,487,337 ops/s
31.9 % of CPU usage

Max throughput:
11,999,952 ops
140,694,196 ns
85,291,023 ops/s
66.6 % of CPU usage

Ping latency:
1,500,000 ops
4,135,605,830 ns
2,757 ns/op
12.4 % of CPU usage

Ping throughput 10K:
2,000,000 ops
208,362,140 ns
9,598,672 ops/s
90.2 % of CPU usage
Tests run: 8, Failures: 0, Errors: 0, Skipped: 0, Time elapsed: 21.399 sec - in com.github.plokhotnyuk.actors.AkkaNonBalanceableActorSpec
Running com.github.plokhotnyuk.actors.AkkaNonBlockingBoundedActorSpec
Executor service type: akka-forkjoin-pool

Enqueueing:
10,000,000 ops
625,249,203 ns
15,993,622 ops/s
1.8 % of CPU usage
48 bytes per instance

Dequeueing:
10,000,000 ops
1,507,579,259 ns
6,633,150 ops/s
1.9 % of CPU usage

Initiation:
100,000 ops
1,339,839,155 ns
13,398 ns/op
66.2 % of CPU usage
456 bytes per instance

Single-producer sending:
6,000,000 ops
1,220,626,815 ns
4,915,507 ops/s
3.1 % of CPU usage

Multi-producer sending:
5,999,976 ops
4,754,691,188 ns
1,261,906 ops/s
65.6 % of CPU usage

Max throughput:
11,999,952 ops
127,136,706 ns
94,386,211 ops/s
75.7 % of CPU usage

Ping latency:
1,500,000 ops
3,880,257,658 ns
2,586 ns/op
44.6 % of CPU usage

Ping throughput 10K:
2,000,000 ops
211,074,939 ns
9,475,307 ops/s
90.9 % of CPU usage

Overflow throughput:
5,000,000 ops
608,542,693 ns
8,216,350 ops/s
3.1 % of CPU usage
Tests run: 9, Failures: 0, Errors: 0, Skipped: 0, Time elapsed: 24.882 sec - in com.github.plokhotnyuk.actors.AkkaNonBlockingBoundedActorSpec
Running com.github.plokhotnyuk.actors.LiftActorSpec
Executor service type: akka-forkjoin-pool

Enqueueing:
10,000,000 ops
743,707,705 ns
13,446,142 ops/s
1.5 % of CPU usage
24 bytes per instance

Dequeueing:
10,000,000 ops
768,656,017 ns
13,009,720 ops/s
1.7 % of CPU usage

Initiation:
10,000,000 ops
897,696,174 ns
89 ns/op
2.2 % of CPU usage
72 bytes per instance

Single-producer sending:
6,000,000 ops
1,813,099,275 ns
3,309,250 ops/s
7.8 % of CPU usage

Multi-producer sending:
5,999,976 ops
3,493,234,772 ns
1,717,598 ops/s
4.3 % of CPU usage

Max throughput:
11,999,952 ops
155,993,953 ns
76,925,751 ops/s
71.8 % of CPU usage

Ping latency:
1,500,000 ops
4,577,564,693 ns
3,051 ns/op
13.9 % of CPU usage

Ping throughput 10K:
2,000,000 ops
1,806,472,563 ns
1,107,130 ops/s
6.3 % of CPU usage
Tests run: 8, Failures: 0, Errors: 0, Skipped: 0, Time elapsed: 24.637 sec - in com.github.plokhotnyuk.actors.LiftActorSpec
Running com.github.plokhotnyuk.actors.MinimalistActorSpec
Executor service type: akka-forkjoin-pool

Enqueueing:
40,000,000 ops
1,126,676,707 ns
35,502,642 ops/s
1.4 % of CPU usage
24 bytes per instance

Dequeueing:
40,000,000 ops
578,174,515 ns
69,183,263 ops/s
45.3 % of CPU usage

Initiation:
2,000,000 ops
2,362,097,951 ns
1,181 ns/op
52.5 % of CPU usage
41 bytes per instance

Single-producer sending:
15,000,000 ops
417,212,807 ns
35,952,875 ops/s
4.3 % of CPU usage

Multi-producer sending:
14,999,976 ops
1,153,117,905 ns
13,008,189 ops/s
78.8 % of CPU usage

Max throughput:
29,999,952 ops
60,286,289 ns
497,624,791 ops/s
89.2 % of CPU usage

Ping latency:
3,000,000 ops
4,391,460,473 ns
1,463 ns/op
51.4 % of CPU usage

Ping throughput 10K:
6,000,000 ops
96,515,395 ns
62,166,248 ops/s
86.6 % of CPU usage
Tests run: 8, Failures: 0, Errors: 0, Skipped: 0, Time elapsed: 19.361 sec - in com.github.plokhotnyuk.actors.MinimalistActorSpec
Running com.github.plokhotnyuk.actors.ScalaActorSpec
Executor service type: akka-forkjoin-pool

Enqueueing:
20,000,000 ops
1,093,533,607 ns
18,289,332 ops/s
1.5 % of CPU usage
24 bytes per instance

Dequeueing:
300,000 ops
2,127,312,874 ns
141,022 ops/s
45.9 % of CPU usage

Initiation:
600,000 ops
2,333,680,015 ns
3,889 ns/op
18.4 % of CPU usage
224 bytes per instance

Single-producer sending:
300,000 ops
1,868,287,215 ns
160,574 ops/s
12.2 % of CPU usage

Multi-producer sending:
299,952 ops
1,815,601,415 ns
165,208 ops/s
11.2 % of CPU usage

Max throughput:
599,976 ops
222,527,218 ns
2,696,191 ops/s
97.4 % of CPU usage

Ping latency:
250,000 ops
1,629,879,290 ns
6,519 ns/op
15.7 % of CPU usage

Ping throughput 10K:
400,000 ops
241,342,023 ns
1,657,398 ops/s
76.8 % of CPU usage
Tests run: 8, Failures: 0, Errors: 0, Skipped: 0, Time elapsed: 16.972 sec - in com.github.plokhotnyuk.actors.ScalaActorSpec
Running com.github.plokhotnyuk.actors.ScalazActorSpec
Executor service type: akka-forkjoin-pool

Enqueueing:
40,000,000 ops
1,286,559,413 ns
31,090,674 ops/s
1.4 % of CPU usage
24 bytes per instance

Dequeueing:
40,000,000 ops
565,968,062 ns
70,675,366 ops/s
2.6 % of CPU usage

Initiation:
10,000,000 ops
490,696,045 ns
49 ns/op
2.9 % of CPU usage
104 bytes per instance

Single-producer sending:
15,000,000 ops
887,637,085 ns
16,898,798 ops/s
3.1 % of CPU usage

Multi-producer sending:
14,999,976 ops
1,433,412,212 ns
10,464,523 ops/s
58.6 % of CPU usage

Max throughput:
29,999,952 ops
91,937,777 ns
326,307,128 ops/s
95.3 % of CPU usage

Ping latency:
3,000,000 ops
3,229,587,593 ns
1,076 ns/op
51.7 % of CPU usage

Ping throughput 10K:
6,000,000 ops
92,856,937 ns
64,615,527 ops/s
83.9 % of CPU usage
Tests run: 8, Failures: 0, Errors: 0, Skipped: 0, Time elapsed: 20.326 sec - in com.github.plokhotnyuk.actors.ScalazActorSpec

Results :

Tests run: 74, Failures: 0, Errors: 0, Skipped: 0

[INFO] ------------------------------------------------------------------------
[INFO] BUILD SUCCESS
[INFO] ------------------------------------------------------------------------
[INFO] Total time: 03:40 min
[INFO] Finished at: 2015-04-17T10:25:42+00:00
[INFO] Final Memory: 19M/1538M
[INFO] ------------------------------------------------------------------------
[INFO] Scanning for projects...
[INFO]                                                                         
[INFO] ------------------------------------------------------------------------
[INFO] Building Actors 1.0-SNAPSHOT
[INFO] ------------------------------------------------------------------------
[INFO] 
[INFO] --- maven-resources-plugin:2.6:resources (default-resources) @ actors ---
[INFO] Using 'UTF-8' encoding to copy filtered resources.
[INFO] skip non existing resourceDirectory /home/aplokhotnyuk/actors/src/main/resources
[INFO] 
[INFO] --- maven-resources-plugin:2.6:testResources (default-testResources) @ actors ---
[INFO] Using 'UTF-8' encoding to copy filtered resources.
[INFO] skip non existing resourceDirectory /home/aplokhotnyuk/actors/src/test/resources
[INFO] 
[INFO] --- scala-maven-plugin:3.2.0:testCompile (testCompile) @ actors ---
[WARNING]  Expected all dependencies to require Scala version: 2.11.6
[WARNING]  com.github.plokhotnyuk.actors:actors:1.0-SNAPSHOT requires scala version: 2.11.6
[WARNING]  com.typesafe.akka:akka-actor_2.11:2.3.9 requires scala version: 2.11.5
[WARNING] Multiple versions of scala libraries detected!
[INFO] Nothing to compile - all classes are up to date
[INFO] 
[INFO] --- maven-surefire-plugin:2.18.1:test (default-test) @ actors ---
[INFO] Surefire report directory: /home/aplokhotnyuk/actors/target/surefire-reports

-------------------------------------------------------
 T E S T S
-------------------------------------------------------
Running com.github.plokhotnyuk.actors.AkkaActorSpec
Executor service type: scala-forkjoin-pool

Enqueueing:
10,000,000 ops
596,032,513 ns
16,777,608 ops/s
2.9 % of CPU usage
48 bytes per instance

Dequeueing:
10,000,000 ops
1,745,798,788 ns
5,728,036 ops/s
1.7 % of CPU usage

Initiation:
100,000 ops
1,302,565,256 ns
13,025 ns/op
55.0 % of CPU usage
456 bytes per instance

Single-producer sending:
6,000,000 ops
2,129,551,940 ns
2,817,494 ops/s
3.0 % of CPU usage

Multi-producer sending:
5,999,976 ops
3,919,548,269 ns
1,530,782 ops/s
71.7 % of CPU usage

Max throughput:
11,999,952 ops
283,810,016 ns
42,281,636 ops/s
94.8 % of CPU usage

Ping latency:
1,500,000 ops
4,088,169,423 ns
2,725 ns/op
7.8 % of CPU usage

Ping throughput 10K:
2,000,000 ops
438,189,608 ns
4,564,234 ops/s
90.7 % of CPU usage
Tests run: 8, Failures: 0, Errors: 0, Skipped: 0, Time elapsed: 25.265 sec - in com.github.plokhotnyuk.actors.AkkaActorSpec
Running com.github.plokhotnyuk.actors.AkkaBalanceableActorSpec
Executor service type: scala-forkjoin-pool

Enqueueing:
10,000,000 ops
550,564,159 ns
18,163,187 ops/s
1.7 % of CPU usage
48 bytes per instance

Dequeueing:
10,000,000 ops
1,425,231,953 ns
7,016,401 ops/s
1.8 % of CPU usage

Initiation:
100,000 ops
1,218,452,631 ns
12,184 ns/op
45.1 % of CPU usage
454 bytes per instance

Single-producer sending:
6,000,000 ops
1,774,698,591 ns
3,380,855 ops/s
2.8 % of CPU usage

Multi-producer sending:
5,999,976 ops
1,691,572,993 ns
3,546,980 ops/s
31.0 % of CPU usage

Max throughput:
11,999,952 ops
320,643,776 ns
37,424,559 ops/s
93.5 % of CPU usage

Ping latency:
1,500,000 ops
3,877,273,547 ns
2,584 ns/op
19.1 % of CPU usage

Ping throughput 10K:
2,000,000 ops
324,443,474 ns
6,164,401 ops/s
94.9 % of CPU usage
Tests run: 8, Failures: 0, Errors: 0, Skipped: 0, Time elapsed: 21.694 sec - in com.github.plokhotnyuk.actors.AkkaBalanceableActorSpec
Running com.github.plokhotnyuk.actors.AkkaBoundedActorSpec
Executor service type: scala-forkjoin-pool

Enqueueing:
10,000,000 ops
965,615,052 ns
10,356,093 ops/s
1.8 % of CPU usage
48 bytes per instance

Dequeueing:
10,000,000 ops
1,968,708,026 ns
5,079,473 ops/s
1.6 % of CPU usage

Initiation:
100,000 ops
1,237,339,940 ns
12,373 ns/op
42.1 % of CPU usage
640 bytes per instance

Single-producer sending:
6,000,000 ops
4,124,836,229 ns
1,454,603 ops/s
2.8 % of CPU usage

Multi-producer sending:
5,999,976 ops
9,737,435,179 ns
616,176 ops/s
5.5 % of CPU usage

Max throughput:
11,999,952 ops
262,506,505 ns
45,712,970 ops/s
88.7 % of CPU usage

Ping latency:
1,500,000 ops
4,467,409,463 ns
2,978 ns/op
28.3 % of CPU usage

Ping throughput 10K:
2,000,000 ops
340,175,786 ns
5,879,313 ops/s
92.0 % of CPU usage

Overflow throughput:
5,000,000 ops
781,967,247 ns
6,394,129 ops/s
2.7 % of CPU usage
Tests run: 9, Failures: 0, Errors: 0, Skipped: 0, Time elapsed: 36.264 sec - in com.github.plokhotnyuk.actors.AkkaBoundedActorSpec
Running com.github.plokhotnyuk.actors.AkkaNonBalanceableActorSpec
Executor service type: scala-forkjoin-pool

Enqueueing:
10,000,000 ops
601,409,433 ns
16,627,607 ops/s
1.7 % of CPU usage
48 bytes per instance

Dequeueing:
10,000,000 ops
1,459,946,668 ns
6,849,565 ops/s
1.8 % of CPU usage

Initiation:
100,000 ops
1,211,436,675 ns
12,114 ns/op
47.1 % of CPU usage
456 bytes per instance

Single-producer sending:
6,000,000 ops
2,200,870,728 ns
2,726,193 ops/s
2.9 % of CPU usage

Multi-producer sending:
5,999,976 ops
1,804,738,081 ns
3,324,568 ops/s
33.0 % of CPU usage

Max throughput:
11,999,952 ops
473,410,092 ns
25,347,900 ops/s
96.9 % of CPU usage

Ping latency:
1,500,000 ops
5,336,945,238 ns
3,557 ns/op
10.1 % of CPU usage

Ping throughput 10K:
2,000,000 ops
355,694,205 ns
5,622,807 ops/s
94.7 % of CPU usage
Tests run: 8, Failures: 0, Errors: 0, Skipped: 0, Time elapsed: 23.907 sec - in com.github.plokhotnyuk.actors.AkkaNonBalanceableActorSpec
Running com.github.plokhotnyuk.actors.AkkaNonBlockingBoundedActorSpec
Executor service type: scala-forkjoin-pool

Enqueueing:
10,000,000 ops
643,857,084 ns
15,531,397 ops/s
1.8 % of CPU usage
48 bytes per instance

Dequeueing:
10,000,000 ops
1,330,565,873 ns
7,515,599 ops/s
1.7 % of CPU usage

Initiation:
100,000 ops
1,251,450,240 ns
12,514 ns/op
32.8 % of CPU usage
456 bytes per instance

Single-producer sending:
6,000,000 ops
2,576,806,023 ns
2,328,463 ops/s
2.9 % of CPU usage

Multi-producer sending:
5,999,976 ops
4,878,959,507 ns
1,229,765 ops/s
67.2 % of CPU usage

Max throughput:
11,999,952 ops
254,734,691 ns
47,107,647 ops/s
96.0 % of CPU usage

Ping latency:
1,500,000 ops
4,155,175,531 ns
2,770 ns/op
42.6 % of CPU usage

Ping throughput 10K:
2,000,000 ops
325,717,330 ns
6,140,293 ops/s
91.8 % of CPU usage

Overflow throughput:
5,000,000 ops
668,958,375 ns
7,474,306 ops/s
4.2 % of CPU usage
Tests run: 9, Failures: 0, Errors: 0, Skipped: 0, Time elapsed: 26.516 sec - in com.github.plokhotnyuk.actors.AkkaNonBlockingBoundedActorSpec
Running com.github.plokhotnyuk.actors.LiftActorSpec
Executor service type: scala-forkjoin-pool

Enqueueing:
10,000,000 ops
679,981,254 ns
14,706,287 ops/s
1.5 % of CPU usage
24 bytes per instance

Dequeueing:
10,000,000 ops
873,373,005 ns
11,449,861 ops/s
1.7 % of CPU usage

Initiation:
10,000,000 ops
947,043,266 ns
94 ns/op
2.2 % of CPU usage
72 bytes per instance

Single-producer sending:
6,000,000 ops
2,124,967,577 ns
2,823,572 ops/s
3.1 % of CPU usage

Multi-producer sending:
5,999,976 ops
3,746,865,386 ns
1,601,332 ops/s
4.6 % of CPU usage

Max throughput:
11,999,952 ops
219,695,899 ns
54,620,737 ops/s
74.5 % of CPU usage

Ping latency:
1,500,000 ops
4,760,325,286 ns
3,173 ns/op
17.0 % of CPU usage

Ping throughput 10K:
2,000,000 ops
3,253,896,506 ns
614,647 ops/s
11.0 % of CPU usage
Tests run: 8, Failures: 0, Errors: 0, Skipped: 0, Time elapsed: 26.69 sec - in com.github.plokhotnyuk.actors.LiftActorSpec
Running com.github.plokhotnyuk.actors.MinimalistActorSpec
Executor service type: scala-forkjoin-pool

Enqueueing:
40,000,000 ops
1,250,943,557 ns
31,975,863 ops/s
1.4 % of CPU usage
24 bytes per instance

Dequeueing:
40,000,000 ops
526,614,757 ns
75,956,853 ops/s
2.7 % of CPU usage

Initiation:
2,000,000 ops
1,114,772,312 ns
557 ns/op
96.7 % of CPU usage
41 bytes per instance

Single-producer sending:
15,000,000 ops
539,463,494 ns
27,805,403 ops/s
41.4 % of CPU usage

Multi-producer sending:
14,999,976 ops
1,210,921,589 ns
12,387,239 ops/s
81.9 % of CPU usage

Max throughput:
29,999,952 ops
66,270,838 ns
452,687,077 ops/s
81.5 % of CPU usage

Ping latency:
3,000,000 ops
4,575,768,103 ns
1,525 ns/op
51.5 % of CPU usage

Ping throughput 10K:
6,000,000 ops
227,895,984 ns
26,327,800 ops/s
90.6 % of CPU usage
Tests run: 8, Failures: 0, Errors: 0, Skipped: 0, Time elapsed: 18.235 sec - in com.github.plokhotnyuk.actors.MinimalistActorSpec
Running com.github.plokhotnyuk.actors.ScalaActorSpec
Executor service type: scala-forkjoin-pool

Enqueueing:
20,000,000 ops
973,495,040 ns
20,544,531 ops/s
1.5 % of CPU usage
24 bytes per instance

Dequeueing:
300,000 ops
2,599,220,850 ns
115,419 ops/s
50.1 % of CPU usage

Initiation:
600,000 ops
2,417,185,387 ns
4,028 ns/op
23.5 % of CPU usage
224 bytes per instance

Single-producer sending:
300,000 ops
2,225,157,984 ns
134,821 ops/s
11.5 % of CPU usage

Multi-producer sending:
299,952 ops
2,289,283,427 ns
131,024 ops/s
10.8 % of CPU usage

Max throughput:
599,976 ops
304,566,569 ns
1,969,933 ops/s
95.0 % of CPU usage

Ping latency:
250,000 ops
1,743,425,698 ns
6,973 ns/op
13.8 % of CPU usage

Ping throughput 10K:
400,000 ops
259,184,763 ns
1,543,300 ops/s
89.2 % of CPU usage
Tests run: 8, Failures: 0, Errors: 0, Skipped: 0, Time elapsed: 18.79 sec - in com.github.plokhotnyuk.actors.ScalaActorSpec
Running com.github.plokhotnyuk.actors.ScalazActorSpec
Executor service type: scala-forkjoin-pool

Enqueueing:
40,000,000 ops
1,121,389,895 ns
35,670,020 ops/s
1.4 % of CPU usage
24 bytes per instance

Dequeueing:
40,000,000 ops
725,288,728 ns
55,150,450 ops/s
36.6 % of CPU usage

Initiation:
10,000,000 ops
449,341,165 ns
44 ns/op
3.1 % of CPU usage
104 bytes per instance

Single-producer sending:
15,000,000 ops
741,686,512 ns
20,224,177 ops/s
3.0 % of CPU usage

Multi-producer sending:
14,999,976 ops
1,453,968,958 ns
10,316,572 ops/s
60.0 % of CPU usage

Max throughput:
29,999,952 ops
98,853,771 ns
303,478,073 ops/s
93.6 % of CPU usage

Ping latency:
3,000,000 ops
3,178,558,828 ns
1,059 ns/op
55.4 % of CPU usage

Ping throughput 10K:
6,000,000 ops
104,845,610 ns
57,227,002 ops/s
88.8 % of CPU usage
Tests run: 8, Failures: 0, Errors: 0, Skipped: 0, Time elapsed: 19.751 sec - in com.github.plokhotnyuk.actors.ScalazActorSpec

Results :

Tests run: 74, Failures: 0, Errors: 0, Skipped: 0

[INFO] ------------------------------------------------------------------------
[INFO] BUILD SUCCESS
[INFO] ------------------------------------------------------------------------
[INFO] Total time: 03:52 min
[INFO] Finished at: 2015-04-17T10:29:37+00:00
[INFO] Final Memory: 19M/1538M
[INFO] ------------------------------------------------------------------------
[INFO] Scanning for projects...
[INFO]                                                                         
[INFO] ------------------------------------------------------------------------
[INFO] Building Actors 1.0-SNAPSHOT
[INFO] ------------------------------------------------------------------------
[INFO] 
[INFO] --- maven-resources-plugin:2.6:resources (default-resources) @ actors ---
[INFO] Using 'UTF-8' encoding to copy filtered resources.
[INFO] skip non existing resourceDirectory /home/aplokhotnyuk/actors/src/main/resources
[INFO] 
[INFO] --- maven-resources-plugin:2.6:testResources (default-testResources) @ actors ---
[INFO] Using 'UTF-8' encoding to copy filtered resources.
[INFO] skip non existing resourceDirectory /home/aplokhotnyuk/actors/src/test/resources
[INFO] 
[INFO] --- scala-maven-plugin:3.2.0:testCompile (testCompile) @ actors ---
[WARNING]  Expected all dependencies to require Scala version: 2.11.6
[WARNING]  com.github.plokhotnyuk.actors:actors:1.0-SNAPSHOT requires scala version: 2.11.6
[WARNING]  com.typesafe.akka:akka-actor_2.11:2.3.9 requires scala version: 2.11.5
[WARNING] Multiple versions of scala libraries detected!
[INFO] Nothing to compile - all classes are up to date
[INFO] 
[INFO] --- maven-surefire-plugin:2.18.1:test (default-test) @ actors ---
[INFO] Surefire report directory: /home/aplokhotnyuk/actors/target/surefire-reports

-------------------------------------------------------
 T E S T S
-------------------------------------------------------
Running com.github.plokhotnyuk.actors.AkkaActorSpec
Executor service type: java-forkjoin-pool

Enqueueing:
10,000,000 ops
570,049,779 ns
17,542,327 ops/s
1.8 % of CPU usage
48 bytes per instance

Dequeueing:
10,000,000 ops
1,854,981,099 ns
5,390,890 ops/s
2.3 % of CPU usage

Initiation:
100,000 ops
1,022,347,226 ns
10,223 ns/op
48.2 % of CPU usage
457 bytes per instance

Single-producer sending:
6,000,000 ops
1,441,437,129 ns
4,162,512 ops/s
3.0 % of CPU usage

Multi-producer sending:
5,999,976 ops
4,004,922,935 ns
1,498,150 ops/s
70.2 % of CPU usage

Max throughput:
11,999,952 ops
197,022,277 ns
60,906,574 ops/s
90.2 % of CPU usage

Ping latency:
1,500,000 ops
6,328,323,984 ns
4,218 ns/op
89.3 % of CPU usage

Ping throughput 10K:
2,000,000 ops
277,285,750 ns
7,212,775 ops/s
89.2 % of CPU usage
Tests run: 8, Failures: 0, Errors: 0, Skipped: 0, Time elapsed: 26.265 sec - in com.github.plokhotnyuk.actors.AkkaActorSpec
Running com.github.plokhotnyuk.actors.AkkaBalanceableActorSpec
Executor service type: java-forkjoin-pool

Enqueueing:
10,000,000 ops
567,985,246 ns
17,606,091 ops/s
1.7 % of CPU usage
48 bytes per instance

Dequeueing:
10,000,000 ops
1,511,937,157 ns
6,614,031 ops/s
2.4 % of CPU usage

Initiation:
100,000 ops
903,333,688 ns
9,033 ns/op
53.4 % of CPU usage
456 bytes per instance

Single-producer sending:
6,000,000 ops
2,587,875,470 ns
2,318,504 ops/s
2.9 % of CPU usage

Multi-producer sending:
5,999,976 ops
1,618,499,210 ns
3,707,123 ops/s
34.7 % of CPU usage

Max throughput:
11,999,952 ops
241,976,835 ns
49,591,325 ops/s
91.1 % of CPU usage

Ping latency:
1,500,000 ops
6,980,819,250 ns
4,653 ns/op
90.5 % of CPU usage

Ping throughput 10K:
2,000,000 ops
279,021,120 ns
7,167,916 ops/s
92.4 % of CPU usage
Tests run: 8, Failures: 0, Errors: 0, Skipped: 0, Time elapsed: 24.601 sec - in com.github.plokhotnyuk.actors.AkkaBalanceableActorSpec
Running com.github.plokhotnyuk.actors.AkkaBoundedActorSpec
Executor service type: java-forkjoin-pool

Enqueueing:
10,000,000 ops
1,031,830,221 ns
9,691,516 ops/s
1.8 % of CPU usage
48 bytes per instance

Dequeueing:
10,000,000 ops
1,779,995,410 ns
5,617,992 ops/s
2.2 % of CPU usage

Initiation:
100,000 ops
1,222,138,501 ns
12,221 ns/op
49.9 % of CPU usage
640 bytes per instance

Single-producer sending:
6,000,000 ops
3,070,219,192 ns
1,954,257 ops/s
3.0 % of CPU usage

Multi-producer sending:
5,999,976 ops
8,523,327,546 ns
703,947 ops/s
5.8 % of CPU usage

Max throughput:
11,999,952 ops
316,554,740 ns
37,907,983 ops/s
70.2 % of CPU usage

Ping latency:
1,500,000 ops
6,301,723,106 ns
4,201 ns/op
13.0 % of CPU usage

Ping throughput 10K:
2,000,000 ops
299,807,947 ns
6,670,937 ops/s
91.3 % of CPU usage

Overflow throughput:
5,000,000 ops
808,202,632 ns
6,186,567 ops/s
3.6 % of CPU usage
Tests run: 9, Failures: 0, Errors: 0, Skipped: 0, Time elapsed: 36.11 sec - in com.github.plokhotnyuk.actors.AkkaBoundedActorSpec
Running com.github.plokhotnyuk.actors.AkkaNonBalanceableActorSpec
Executor service type: java-forkjoin-pool

Enqueueing:
10,000,000 ops
566,441,373 ns
17,654,077 ops/s
1.7 % of CPU usage
48 bytes per instance

Dequeueing:
10,000,000 ops
1,492,644,170 ns
6,699,520 ops/s
2.7 % of CPU usage

Initiation:
100,000 ops
836,251,638 ns
8,362 ns/op
20.2 % of CPU usage
439 bytes per instance

Single-producer sending:
6,000,000 ops
2,181,165,334 ns
2,750,823 ops/s
3.0 % of CPU usage

Multi-producer sending:
5,999,976 ops
1,530,063,781 ns
3,921,389 ops/s
36.1 % of CPU usage

Max throughput:
11,999,952 ops
241,000,621 ns
49,792,203 ops/s
85.3 % of CPU usage

Ping latency:
1,500,000 ops
5,712,310,686 ns
3,808 ns/op
95.4 % of CPU usage

Ping throughput 10K:
2,000,000 ops
247,014,746 ns
8,096,682 ops/s
94.2 % of CPU usage
Tests run: 8, Failures: 0, Errors: 0, Skipped: 0, Time elapsed: 22.772 sec - in com.github.plokhotnyuk.actors.AkkaNonBalanceableActorSpec
Running com.github.plokhotnyuk.actors.AkkaNonBlockingBoundedActorSpec
Executor service type: java-forkjoin-pool

Enqueueing:
10,000,000 ops
621,209,781 ns
16,097,621 ops/s
1.8 % of CPU usage
48 bytes per instance

Dequeueing:
10,000,000 ops
1,595,887,304 ns
6,266,106 ops/s
2.4 % of CPU usage

Initiation:
100,000 ops
771,566,274 ns
7,715 ns/op
35.0 % of CPU usage
445 bytes per instance

Single-producer sending:
6,000,000 ops
2,497,070,233 ns
2,402,815 ops/s
2.9 % of CPU usage

Multi-producer sending:
5,999,976 ops
4,685,489,698 ns
1,280,544 ops/s
63.5 % of CPU usage

Max throughput:
11,999,952 ops
235,358,992 ns
50,985,738 ops/s
85.3 % of CPU usage

Ping latency:
1,500,000 ops
5,175,988,098 ns
3,450 ns/op
80.0 % of CPU usage

Ping throughput 10K:
2,000,000 ops
238,623,069 ns
8,381,419 ops/s
93.4 % of CPU usage

Overflow throughput:
5,000,000 ops
694,434,503 ns
7,200,103 ops/s
4.1 % of CPU usage
Tests run: 9, Failures: 0, Errors: 0, Skipped: 0, Time elapsed: 27.382 sec - in com.github.plokhotnyuk.actors.AkkaNonBlockingBoundedActorSpec
Running com.github.plokhotnyuk.actors.LiftActorSpec
Executor service type: java-forkjoin-pool

Enqueueing:
10,000,000 ops
640,580,124 ns
15,610,849 ops/s
1.5 % of CPU usage
24 bytes per instance

Dequeueing:
10,000,000 ops
810,299,778 ns
12,341,111 ops/s
1.7 % of CPU usage

Initiation:
10,000,000 ops
1,073,906,851 ns
107 ns/op
2.1 % of CPU usage
72 bytes per instance

Single-producer sending:
6,000,000 ops
1,646,679,113 ns
3,643,697 ops/s
3.2 % of CPU usage

Multi-producer sending:
5,999,976 ops
2,967,504,937 ns
2,021,892 ops/s
4.4 % of CPU usage

Max throughput:
11,999,952 ops
151,540,685 ns
79,186,338 ops/s
73.6 % of CPU usage

Ping latency:
1,500,000 ops
4,150,629,771 ns
2,767 ns/op
20.6 % of CPU usage

Ping throughput 10K:
2,000,000 ops
1,603,985,325 ns
1,246,894 ops/s
7.0 % of CPU usage
Tests run: 8, Failures: 0, Errors: 0, Skipped: 0, Time elapsed: 23.185 sec - in com.github.plokhotnyuk.actors.LiftActorSpec
Running com.github.plokhotnyuk.actors.MinimalistActorSpec
Executor service type: java-forkjoin-pool

Enqueueing:
40,000,000 ops
1,096,982,303 ns
36,463,669 ops/s
1.4 % of CPU usage
24 bytes per instance

Dequeueing:
40,000,000 ops
435,743,097 ns
91,797,208 ops/s
3.1 % of CPU usage

Initiation:
2,000,000 ops
2,223,023,831 ns
1,111 ns/op
98.1 % of CPU usage
43 bytes per instance

Single-producer sending:
15,000,000 ops
384,323,760 ns
39,029,593 ops/s
22.9 % of CPU usage

Multi-producer sending:
14,999,976 ops
899,630,547 ns
16,673,484 ops/s
80.4 % of CPU usage

Max throughput:
29,999,952 ops
220,495,385 ns
136,057,051 ops/s
96.6 % of CPU usage

Ping latency:
3,000,000 ops
4,176,259,694 ns
1,392 ns/op
96.7 % of CPU usage

Ping throughput 10K:
6,000,000 ops
85,308,465 ns
70,332,996 ops/s
89.4 % of CPU usage
Tests run: 8, Failures: 0, Errors: 0, Skipped: 0, Time elapsed: 22.798 sec - in com.github.plokhotnyuk.actors.MinimalistActorSpec
Running com.github.plokhotnyuk.actors.ScalaActorSpec
Executor service type: java-forkjoin-pool

Enqueueing:
20,000,000 ops
1,016,519,311 ns
19,674,982 ops/s
1.5 % of CPU usage
24 bytes per instance

Dequeueing:
300,000 ops
2,613,321,716 ns
114,796 ops/s
27.8 % of CPU usage

Initiation:
600,000 ops
1,610,236,041 ns
2,683 ns/op
96.3 % of CPU usage
224 bytes per instance

Single-producer sending:
300,000 ops
2,232,410,867 ns
134,383 ops/s
15.7 % of CPU usage

Multi-producer sending:
299,952 ops
2,360,810,024 ns
127,054 ops/s
14.2 % of CPU usage

Max throughput:
599,976 ops
270,216,259 ns
2,220,354 ops/s
97.1 % of CPU usage

Ping latency:
250,000 ops
1,619,752,463 ns
6,479 ns/op
26.8 % of CPU usage

Ping throughput 10K:
400,000 ops
255,762,688 ns
1,563,949 ops/s
84.3 % of CPU usage
Tests run: 8, Failures: 0, Errors: 0, Skipped: 0, Time elapsed: 17.879 sec - in com.github.plokhotnyuk.actors.ScalaActorSpec
Running com.github.plokhotnyuk.actors.ScalazActorSpec
Executor service type: java-forkjoin-pool

Enqueueing:
40,000,000 ops
1,412,000,995 ns
28,328,591 ops/s
1.4 % of CPU usage
24 bytes per instance

Dequeueing:
40,000,000 ops
414,890,481 ns
96,410,985 ops/s
3.2 % of CPU usage

Initiation:
10,000,000 ops
505,847,787 ns
50 ns/op
2.7 % of CPU usage
104 bytes per instance

Single-producer sending:
15,000,000 ops
766,339,199 ns
19,573,577 ops/s
3.9 % of CPU usage

Multi-producer sending:
14,999,976 ops
1,429,462,613 ns
10,493,437 ops/s
62.5 % of CPU usage

Max throughput:
29,999,952 ops
92,539,593 ns
324,185,043 ops/s
82.1 % of CPU usage

Ping latency:
3,000,000 ops
3,991,412,497 ns
1,330 ns/op
96.4 % of CPU usage

Ping throughput 10K:
6,000,000 ops
81,740,445 ns
73,403,074 ops/s
87.5 % of CPU usage
Tests run: 8, Failures: 0, Errors: 0, Skipped: 0, Time elapsed: 20.515 sec - in com.github.plokhotnyuk.actors.ScalazActorSpec

Results :

Tests run: 74, Failures: 0, Errors: 0, Skipped: 0

[INFO] ------------------------------------------------------------------------
[INFO] BUILD SUCCESS
[INFO] ------------------------------------------------------------------------
[INFO] Total time: 03:57 min
[INFO] Finished at: 2015-04-17T10:33:37+00:00
[INFO] Final Memory: 17M/1479M
[INFO] ------------------------------------------------------------------------
[INFO] Scanning for projects...
[INFO]                                                                         
[INFO] ------------------------------------------------------------------------
[INFO] Building Actors 1.0-SNAPSHOT
[INFO] ------------------------------------------------------------------------
[INFO] 
[INFO] --- maven-resources-plugin:2.6:resources (default-resources) @ actors ---
[INFO] Using 'UTF-8' encoding to copy filtered resources.
[INFO] skip non existing resourceDirectory /home/aplokhotnyuk/actors/src/main/resources
[INFO] 
[INFO] --- maven-resources-plugin:2.6:testResources (default-testResources) @ actors ---
[INFO] Using 'UTF-8' encoding to copy filtered resources.
[INFO] skip non existing resourceDirectory /home/aplokhotnyuk/actors/src/test/resources
[INFO] 
[INFO] --- scala-maven-plugin:3.2.0:testCompile (testCompile) @ actors ---
[WARNING]  Expected all dependencies to require Scala version: 2.11.6
[WARNING]  com.github.plokhotnyuk.actors:actors:1.0-SNAPSHOT requires scala version: 2.11.6
[WARNING]  com.typesafe.akka:akka-actor_2.11:2.3.9 requires scala version: 2.11.5
[WARNING] Multiple versions of scala libraries detected!
[INFO] Nothing to compile - all classes are up to date
[INFO] 
[INFO] --- maven-surefire-plugin:2.18.1:test (default-test) @ actors ---
[INFO] Surefire report directory: /home/aplokhotnyuk/actors/target/surefire-reports

-------------------------------------------------------
 T E S T S
-------------------------------------------------------
Running com.github.plokhotnyuk.actors.AkkaActorSpec
Executor service type: abq-thread-pool

Enqueueing:
10,000,000 ops
580,069,180 ns
17,239,323 ops/s
2.6 % of CPU usage
48 bytes per instance

Dequeueing:
10,000,000 ops
1,473,094,047 ns
6,788,432 ops/s
1.9 % of CPU usage

Initiation:
100,000 ops
1,805,884,346 ns
18,058 ns/op
5.8 % of CPU usage
424 bytes per instance

Single-producer sending:
6,000,000 ops
2,884,754,815 ns
2,079,899 ops/s
2.8 % of CPU usage

Multi-producer sending:
5,999,976 ops
4,073,337,091 ns
1,472,987 ops/s
67.3 % of CPU usage

Max throughput:
11,999,952 ops
129,053,011 ns
92,984,672 ops/s
66.0 % of CPU usage

Ping latency:
1,500,000 ops
23,118,594,477 ns
15,412 ns/op
1.8 % of CPU usage

Ping throughput 10K:
2,000,000 ops
4,645,108,126 ns
430,560 ops/s
3.6 % of CPU usage
Tests run: 8, Failures: 0, Errors: 0, Skipped: 0, Time elapsed: 50.779 sec - in com.github.plokhotnyuk.actors.AkkaActorSpec
Running com.github.plokhotnyuk.actors.AkkaBalanceableActorSpec
Executor service type: abq-thread-pool

Enqueueing:
10,000,000 ops
560,492,387 ns
17,841,455 ops/s
1.8 % of CPU usage
48 bytes per instance

Dequeueing:
10,000,000 ops
1,076,116,310 ns
9,292,675 ops/s
2.1 % of CPU usage

Initiation:
100,000 ops
2,017,487,340 ns
20,174 ns/op
4.8 % of CPU usage
424 bytes per instance

Single-producer sending:
6,000,000 ops
2,242,851,600 ns
2,675,165 ops/s
2.7 % of CPU usage

Multi-producer sending:
5,999,976 ops
1,666,979,448 ns
3,599,310 ops/s
33.3 % of CPU usage

Max throughput:
11,999,952 ops
108,176,166 ns
110,929,721 ops/s
67.7 % of CPU usage

Ping latency:
1,500,000 ops
24,135,301,972 ns
16,090 ns/op
1.8 % of CPU usage

Ping throughput 10K:
2,000,000 ops
4,532,524,950 ns
441,255 ops/s
3.6 % of CPU usage
Tests run: 8, Failures: 0, Errors: 0, Skipped: 0, Time elapsed: 48.68 sec - in com.github.plokhotnyuk.actors.AkkaBalanceableActorSpec
Running com.github.plokhotnyuk.actors.AkkaBoundedActorSpec
Executor service type: abq-thread-pool

Enqueueing:
10,000,000 ops
924,715,252 ns
10,814,139 ops/s
2.5 % of CPU usage
48 bytes per instance

Dequeueing:
10,000,000 ops
1,409,233,315 ns
7,096,057 ops/s
2.0 % of CPU usage

Initiation:
100,000 ops
1,912,213,490 ns
19,122 ns/op
5.5 % of CPU usage
608 bytes per instance

Single-producer sending:
6,000,000 ops
5,203,125,797 ns
1,153,152 ops/s
2.8 % of CPU usage

Multi-producer sending:
5,999,976 ops
5,284,684,865 ns
1,135,351 ops/s
4.0 % of CPU usage

Max throughput:
11,999,952 ops
232,127,064 ns
51,695,617 ops/s
81.2 % of CPU usage

Ping latency:
1,500,000 ops
23,615,754,672 ns
15,743 ns/op
1.8 % of CPU usage

Ping throughput 10K:
2,000,000 ops
4,892,183,405 ns
408,815 ops/s
3.8 % of CPU usage

Overflow throughput:
5,000,000 ops
692,202,937 ns
7,223,315 ops/s
1.7 % of CPU usage
Tests run: 9, Failures: 0, Errors: 0, Skipped: 0, Time elapsed: 57.825 sec - in com.github.plokhotnyuk.actors.AkkaBoundedActorSpec
Running com.github.plokhotnyuk.actors.AkkaNonBalanceableActorSpec
Executor service type: abq-thread-pool

Enqueueing:
10,000,000 ops
627,627,282 ns
15,933,023 ops/s
1.7 % of CPU usage
48 bytes per instance

Dequeueing:
10,000,000 ops
1,124,539,159 ns
8,892,531 ops/s
2.0 % of CPU usage

Initiation:
100,000 ops
2,176,290,974 ns
21,762 ns/op
5.5 % of CPU usage
424 bytes per instance

Single-producer sending:
6,000,000 ops
1,718,379,506 ns
3,491,661 ops/s
2.8 % of CPU usage

Multi-producer sending:
5,999,976 ops
1,805,652,562 ns
3,322,885 ops/s
33.2 % of CPU usage

Max throughput:
11,999,952 ops
213,050,301 ns
56,324,501 ops/s
52.9 % of CPU usage

Ping latency:
1,500,000 ops
23,782,059,721 ns
15,854 ns/op
1.8 % of CPU usage

Ping throughput 10K:
2,000,000 ops
4,292,426,030 ns
465,936 ops/s
3.7 % of CPU usage
Tests run: 8, Failures: 0, Errors: 0, Skipped: 0, Time elapsed: 48.522 sec - in com.github.plokhotnyuk.actors.AkkaNonBalanceableActorSpec
Running com.github.plokhotnyuk.actors.AkkaNonBlockingBoundedActorSpec
Executor service type: abq-thread-pool

Enqueueing:
10,000,000 ops
584,797,055 ns
17,099,949 ops/s
1.8 % of CPU usage
48 bytes per instance

Dequeueing:
10,000,000 ops
1,338,930,150 ns
7,468,649 ops/s
1.8 % of CPU usage

Initiation:
100,000 ops
2,272,918,339 ns
22,729 ns/op
5.1 % of CPU usage
424 bytes per instance

Single-producer sending:
6,000,000 ops
1,955,789,287 ns
3,067,815 ops/s
2.7 % of CPU usage

Multi-producer sending:
5,999,976 ops
7,090,368,686 ns
846,214 ops/s
67.3 % of CPU usage

Max throughput:
11,999,952 ops
145,222,001 ns
82,631,776 ops/s
63.7 % of CPU usage

Ping latency:
1,500,000 ops
23,431,280,227 ns
15,620 ns/op
1.7 % of CPU usage

Ping throughput 10K:
2,000,000 ops
4,182,509,312 ns
478,181 ops/s
3.6 % of CPU usage

Overflow throughput:
5,000,000 ops
689,574,603 ns
7,250,847 ops/s
1.9 % of CPU usage
Tests run: 9, Failures: 0, Errors: 0, Skipped: 0, Time elapsed: 54.442 sec - in com.github.plokhotnyuk.actors.AkkaNonBlockingBoundedActorSpec
Running com.github.plokhotnyuk.actors.LiftActorSpec
Executor service type: abq-thread-pool

Enqueueing:
10,000,000 ops
651,987,099 ns
15,337,726 ops/s
1.5 % of CPU usage
24 bytes per instance

Dequeueing:
10,000,000 ops
835,559,202 ns
11,968,032 ops/s
1.8 % of CPU usage

Initiation:
10,000,000 ops
948,615,782 ns
94 ns/op
2.2 % of CPU usage
72 bytes per instance

Single-producer sending:
6,000,000 ops
1,768,393,027 ns
3,392,910 ops/s
3.1 % of CPU usage

Multi-producer sending:
5,999,976 ops
3,584,859,730 ns
1,673,698 ops/s
4.5 % of CPU usage

Max throughput:
11,999,952 ops
213,076,988 ns
56,317,447 ops/s
79.0 % of CPU usage

Ping latency:
1,500,000 ops
23,756,223,783 ns
15,837 ns/op
1.9 % of CPU usage

Ping throughput 10K:
2,000,000 ops
5,954,898,638 ns
335,857 ops/s
4.1 % of CPU usage
Tests run: 8, Failures: 0, Errors: 0, Skipped: 0, Time elapsed: 48.06 sec - in com.github.plokhotnyuk.actors.LiftActorSpec
Running com.github.plokhotnyuk.actors.MinimalistActorSpec
Executor service type: abq-thread-pool

Enqueueing:
40,000,000 ops
1,200,501,414 ns
33,319,410 ops/s
1.4 % of CPU usage
24 bytes per instance

Dequeueing:
40,000,000 ops
753,541,723 ns
53,082,661 ops/s
2.6 % of CPU usage

Initiation:
2,000,000 ops
45,834,011,383 ns
22,917 ns/op
1.8 % of CPU usage
40 bytes per instance

Single-producer sending:
15,000,000 ops
462,537,106 ns
32,429,830 ops/s
3.7 % of CPU usage

Multi-producer sending:
14,999,976 ops
1,261,493,529 ns
11,890,648 ops/s
81.3 % of CPU usage

Max throughput:
29,999,952 ops
173,936,752 ns
172,476,211 ops/s
39.7 % of CPU usage

Ping latency:
3,000,000 ops
41,582,782,596 ns
13,860 ns/op
1.7 % of CPU usage

Ping throughput 10K:
6,000,000 ops
7,805,137,438 ns
768,724 ops/s
2.7 % of CPU usage
Tests run: 8, Failures: 0, Errors: 0, Skipped: 0, Time elapsed: 108.746 sec - in com.github.plokhotnyuk.actors.MinimalistActorSpec
Running com.github.plokhotnyuk.actors.ScalaActorSpec
Executor service type: abq-thread-pool

Enqueueing:
20,000,000 ops
969,898,313 ns
20,620,718 ops/s
1.5 % of CPU usage
24 bytes per instance

Dequeueing:
300,000 ops
10,009,191,641 ns
29,972 ops/s
2.3 % of CPU usage

Initiation:
600,000 ops
11,575,938,672 ns
19,293 ns/op
2.1 % of CPU usage
224 bytes per instance

Single-producer sending:
300,000 ops
10,382,507,943 ns
28,894 ops/s
2.0 % of CPU usage

Multi-producer sending:
299,952 ops
10,667,038,278 ns
28,119 ops/s
2.1 % of CPU usage

Max throughput:
599,976 ops
4,412,130,097 ns
135,983 ops/s
3.4 % of CPU usage

Ping latency:
250,000 ops
9,156,064,434 ns
36,624 ns/op
2.2 % of CPU usage

Ping throughput 10K:
400,000 ops
3,160,908,225 ns
126,545 ops/s
3.8 % of CPU usage
Tests run: 8, Failures: 0, Errors: 0, Skipped: 0, Time elapsed: 66.398 sec - in com.github.plokhotnyuk.actors.ScalaActorSpec
Running com.github.plokhotnyuk.actors.ScalazActorSpec
Executor service type: abq-thread-pool

Enqueueing:
40,000,000 ops
1,133,705,963 ns
35,282,517 ops/s
1.4 % of CPU usage
24 bytes per instance

Dequeueing:
40,000,000 ops
840,102,592 ns
47,613,232 ops/s
2.4 % of CPU usage

Initiation:
10,000,000 ops
479,484,159 ns
47 ns/op
3.1 % of CPU usage
104 bytes per instance

Single-producer sending:
15,000,000 ops
812,005,019 ns
18,472,792 ops/s
3.2 % of CPU usage

Multi-producer sending:
14,999,976 ops
1,673,273,812 ns
8,964,447 ops/s
54.7 % of CPU usage

Max throughput:
29,999,952 ops
132,226,859 ns
226,882,436 ops/s
24.3 % of CPU usage

Ping latency:
3,000,000 ops
43,265,763,337 ns
14,421 ns/op
1.7 % of CPU usage

Ping throughput 10K:
6,000,000 ops
8,000,051,116 ns
749,995 ops/s
2.7 % of CPU usage
Tests run: 8, Failures: 0, Errors: 0, Skipped: 0, Time elapsed: 68.738 sec - in com.github.plokhotnyuk.actors.ScalazActorSpec

Results :

Tests run: 74, Failures: 0, Errors: 0, Skipped: 0

[INFO] ------------------------------------------------------------------------
[INFO] BUILD SUCCESS
[INFO] ------------------------------------------------------------------------
[INFO] Total time: 09:28 min
[INFO] Finished at: 2015-04-17T10:43:07+00:00
[INFO] Final Memory: 19M/1538M
[INFO] ------------------------------------------------------------------------
[INFO] Scanning for projects...
[INFO]                                                                         
[INFO] ------------------------------------------------------------------------
[INFO] Building Actors 1.0-SNAPSHOT
[INFO] ------------------------------------------------------------------------
[INFO] 
[INFO] --- maven-resources-plugin:2.6:resources (default-resources) @ actors ---
[INFO] Using 'UTF-8' encoding to copy filtered resources.
[INFO] skip non existing resourceDirectory /home/aplokhotnyuk/actors/src/main/resources
[INFO] 
[INFO] --- maven-resources-plugin:2.6:testResources (default-testResources) @ actors ---
[INFO] Using 'UTF-8' encoding to copy filtered resources.
[INFO] skip non existing resourceDirectory /home/aplokhotnyuk/actors/src/test/resources
[INFO] 
[INFO] --- scala-maven-plugin:3.2.0:testCompile (testCompile) @ actors ---
[WARNING]  Expected all dependencies to require Scala version: 2.11.6
[WARNING]  com.github.plokhotnyuk.actors:actors:1.0-SNAPSHOT requires scala version: 2.11.6
[WARNING]  com.typesafe.akka:akka-actor_2.11:2.3.9 requires scala version: 2.11.5
[WARNING] Multiple versions of scala libraries detected!
[INFO] Nothing to compile - all classes are up to date
[INFO] 
[INFO] --- maven-surefire-plugin:2.18.1:test (default-test) @ actors ---
[INFO] Surefire report directory: /home/aplokhotnyuk/actors/target/surefire-reports

-------------------------------------------------------
 T E S T S
-------------------------------------------------------
Running com.github.plokhotnyuk.actors.AkkaActorSpec
Executor service type: lbq-thread-pool

Enqueueing:
10,000,000 ops
591,879,046 ns
16,895,343 ops/s
2.8 % of CPU usage
48 bytes per instance

Dequeueing:
10,000,000 ops
1,226,015,140 ns
8,156,506 ops/s
2.2 % of CPU usage

Initiation:
100,000 ops
2,040,996,339 ns
20,409 ns/op
5.4 % of CPU usage
424 bytes per instance

Single-producer sending:
6,000,000 ops
1,701,230,952 ns
3,526,858 ops/s
2.5 % of CPU usage

Multi-producer sending:
5,999,976 ops
4,193,301,321 ns
1,430,847 ops/s
68.0 % of CPU usage

Max throughput:
11,999,952 ops
150,379,548 ns
79,797,766 ops/s
66.4 % of CPU usage

Ping latency:
1,500,000 ops
22,735,284,437 ns
15,156 ns/op
1.8 % of CPU usage

Ping throughput 10K:
2,000,000 ops
4,570,672,633 ns
437,572 ops/s
5.2 % of CPU usage
Tests run: 8, Failures: 0, Errors: 0, Skipped: 0, Time elapsed: 48.418 sec - in com.github.plokhotnyuk.actors.AkkaActorSpec
Running com.github.plokhotnyuk.actors.AkkaBalanceableActorSpec
Executor service type: lbq-thread-pool

Enqueueing:
10,000,000 ops
567,822,991 ns
17,611,122 ops/s
1.8 % of CPU usage
48 bytes per instance

Dequeueing:
10,000,000 ops
1,350,525,164 ns
7,404,526 ops/s
2.0 % of CPU usage

Initiation:
100,000 ops
1,922,467,641 ns
19,224 ns/op
5.3 % of CPU usage
424 bytes per instance

Single-producer sending:
6,000,000 ops
2,279,353,261 ns
2,632,325 ops/s
2.8 % of CPU usage

Multi-producer sending:
5,999,976 ops
1,660,960,925 ns
3,612,352 ops/s
30.6 % of CPU usage

Max throughput:
11,999,952 ops
98,274,584 ns
122,106,362 ops/s
78.3 % of CPU usage

Ping latency:
1,500,000 ops
23,710,334,181 ns
15,806 ns/op
1.8 % of CPU usage

Ping throughput 10K:
2,000,000 ops
4,149,743,009 ns
481,957 ops/s
4.5 % of CPU usage
Tests run: 8, Failures: 0, Errors: 0, Skipped: 0, Time elapsed: 46.428 sec - in com.github.plokhotnyuk.actors.AkkaBalanceableActorSpec
Running com.github.plokhotnyuk.actors.AkkaBoundedActorSpec
Executor service type: lbq-thread-pool

Enqueueing:
10,000,000 ops
1,016,862,525 ns
9,834,171 ops/s
1.8 % of CPU usage
48 bytes per instance

Dequeueing:
10,000,000 ops
1,411,932,262 ns
7,082,492 ops/s
2.2 % of CPU usage

Initiation:
100,000 ops
2,006,670,300 ns
20,066 ns/op
5.6 % of CPU usage
608 bytes per instance

Single-producer sending:
6,000,000 ops
5,240,156,292 ns
1,145,004 ops/s
2.8 % of CPU usage

Multi-producer sending:
5,999,976 ops
5,555,303,373 ns
1,080,044 ops/s
4.1 % of CPU usage

Max throughput:
11,999,952 ops
199,273,991 ns
60,218,355 ops/s
72.8 % of CPU usage

Ping latency:
1,500,000 ops
23,929,503,009 ns
15,953 ns/op
1.8 % of CPU usage

Ping throughput 10K:
2,000,000 ops
4,723,553,318 ns
423,410 ops/s
4.7 % of CPU usage

Overflow throughput:
5,000,000 ops
775,376,528 ns
6,448,479 ops/s
1.8 % of CPU usage
Tests run: 9, Failures: 0, Errors: 0, Skipped: 0, Time elapsed: 57.444 sec - in com.github.plokhotnyuk.actors.AkkaBoundedActorSpec
Running com.github.plokhotnyuk.actors.AkkaNonBalanceableActorSpec
Executor service type: lbq-thread-pool

Enqueueing:
10,000,000 ops
586,491,551 ns
17,050,544 ops/s
1.7 % of CPU usage
48 bytes per instance

Dequeueing:
10,000,000 ops
1,232,265,056 ns
8,115,137 ops/s
2.4 % of CPU usage

Initiation:
100,000 ops
2,053,320,048 ns
20,533 ns/op
5.5 % of CPU usage
424 bytes per instance

Single-producer sending:
6,000,000 ops
2,190,907,763 ns
2,738,590 ops/s
2.8 % of CPU usage

Multi-producer sending:
5,999,976 ops
1,695,821,811 ns
3,538,093 ops/s
34.5 % of CPU usage

Max throughput:
11,999,952 ops
165,761,736 ns
72,392,774 ops/s
81.8 % of CPU usage

Ping latency:
1,500,000 ops
22,771,567,832 ns
15,181 ns/op
1.8 % of CPU usage

Ping throughput 10K:
2,000,000 ops
4,265,017,673 ns
468,931 ops/s
4.5 % of CPU usage
Tests run: 8, Failures: 0, Errors: 0, Skipped: 0, Time elapsed: 45.534 sec - in com.github.plokhotnyuk.actors.AkkaNonBalanceableActorSpec
Running com.github.plokhotnyuk.actors.AkkaNonBlockingBoundedActorSpec
Executor service type: lbq-thread-pool

Enqueueing:
10,000,000 ops
602,709,817 ns
16,591,732 ops/s
1.8 % of CPU usage
48 bytes per instance

Dequeueing:
10,000,000 ops
1,429,955,096 ns
6,993,226 ops/s
2.1 % of CPU usage

Initiation:
100,000 ops
1,948,208,005 ns
19,482 ns/op
6.4 % of CPU usage
424 bytes per instance

Single-producer sending:
6,000,000 ops
1,979,798,502 ns
3,030,611 ops/s
2.7 % of CPU usage

Multi-producer sending:
5,999,976 ops
5,145,924,151 ns
1,165,966 ops/s
65.0 % of CPU usage

Max throughput:
11,999,952 ops
98,268,952 ns
122,113,360 ops/s
82.3 % of CPU usage

Ping latency:
1,500,000 ops
22,867,153,564 ns
15,244 ns/op
1.8 % of CPU usage

Ping throughput 10K:
2,000,000 ops
4,409,091,341 ns
453,608 ops/s
5.0 % of CPU usage

Overflow throughput:
5,000,000 ops
572,569,127 ns
8,732,570 ops/s
1.9 % of CPU usage
Tests run: 9, Failures: 0, Errors: 0, Skipped: 0, Time elapsed: 50.64 sec - in com.github.plokhotnyuk.actors.AkkaNonBlockingBoundedActorSpec
Running com.github.plokhotnyuk.actors.LiftActorSpec
Executor service type: lbq-thread-pool

Enqueueing:
10,000,000 ops
746,015,216 ns
13,404,552 ops/s
1.5 % of CPU usage
24 bytes per instance

Dequeueing:
10,000,000 ops
922,821,510 ns
10,836,331 ops/s
1.6 % of CPU usage

Initiation:
10,000,000 ops
986,674,839 ns
98 ns/op
2.2 % of CPU usage
72 bytes per instance

Single-producer sending:
6,000,000 ops
1,888,045,355 ns
3,177,889 ops/s
3.2 % of CPU usage

Multi-producer sending:
5,999,976 ops
3,367,098,916 ns
1,781,942 ops/s
4.5 % of CPU usage

Max throughput:
11,999,952 ops
190,140,626 ns
63,110,931 ops/s
68.7 % of CPU usage

Ping latency:
1,500,000 ops
23,985,833,148 ns
15,990 ns/op
1.9 % of CPU usage

Ping throughput 10K:
2,000,000 ops
4,041,703,552 ns
494,840 ops/s
4.0 % of CPU usage
Tests run: 8, Failures: 0, Errors: 0, Skipped: 0, Time elapsed: 46.376 sec - in com.github.plokhotnyuk.actors.LiftActorSpec
Running com.github.plokhotnyuk.actors.MinimalistActorSpec
Executor service type: lbq-thread-pool

Enqueueing:
40,000,000 ops
1,181,521,442 ns
33,854,654 ops/s
1.4 % of CPU usage
24 bytes per instance

Dequeueing:
40,000,000 ops
539,796,311 ns
74,102,025 ops/s
3.1 % of CPU usage

Initiation:
2,000,000 ops
3,028,224,428 ns
1,514 ns/op
5.1 % of CPU usage
46 bytes per instance

Single-producer sending:
15,000,000 ops
447,181,809 ns
33,543,403 ops/s
3.7 % of CPU usage

Multi-producer sending:
14,999,976 ops
1,197,914,286 ns
12,521,743 ops/s
76.1 % of CPU usage

Max throughput:
29,999,952 ops
124,343,277 ns
241,267,181 ops/s
49.9 % of CPU usage

Ping latency:
3,000,000 ops
2,689,777,235 ns
896 ns/op
2.6 % of CPU usage

Ping throughput 10K:
6,000,000 ops
8,192,908,683 ns
732,340 ops/s
3.3 % of CPU usage
Tests run: 8, Failures: 0, Errors: 0, Skipped: 0, Time elapsed: 26.319 sec - in com.github.plokhotnyuk.actors.MinimalistActorSpec
Running com.github.plokhotnyuk.actors.ScalaActorSpec
Executor service type: lbq-thread-pool

Enqueueing:
20,000,000 ops
1,006,946,640 ns
19,862,025 ops/s
1.5 % of CPU usage
24 bytes per instance

Dequeueing:
300,000 ops
2,273,475,741 ns
131,956 ops/s
4.2 % of CPU usage

Initiation:
600,000 ops
468,419,202 ns
780 ns/op
9.7 % of CPU usage
405 bytes per instance

Single-producer sending:
300,000 ops
4,040,371,745 ns
74,250 ops/s
3.7 % of CPU usage

Multi-producer sending:
299,952 ops
3,017,193,317 ns
99,414 ops/s
3.1 % of CPU usage

Max throughput:
599,976 ops
3,466,434,016 ns
173,081 ops/s
4.8 % of CPU usage

Ping latency:
250,000 ops
7,811,126,259 ns
31,244 ns/op
2.3 % of CPU usage

Ping throughput 10K:
400,000 ops
2,275,525,742 ns
175,783 ops/s
5.2 % of CPU usage
Tests run: 8, Failures: 0, Errors: 0, Skipped: 0, Time elapsed: 30.474 sec - in com.github.plokhotnyuk.actors.ScalaActorSpec
Running com.github.plokhotnyuk.actors.ScalazActorSpec
Executor service type: lbq-thread-pool

Enqueueing:
40,000,000 ops
1,275,871,399 ns
31,351,122 ops/s
1.4 % of CPU usage
24 bytes per instance

Dequeueing:
40,000,000 ops
521,711,598 ns
76,670,712 ops/s
3.0 % of CPU usage

Initiation:
10,000,000 ops
430,289,586 ns
43 ns/op
3.1 % of CPU usage
104 bytes per instance

Single-producer sending:
15,000,000 ops
867,094,880 ns
17,299,144 ops/s
3.2 % of CPU usage

Multi-producer sending:
14,999,976 ops
1,528,427,141 ns
9,813,994 ops/s
48.4 % of CPU usage

Max throughput:
29,999,952 ops
135,671,664 ns
221,121,722 ops/s
31.6 % of CPU usage

Ping latency:
3,000,000 ops
2,959,274,657 ns
986 ns/op
2.7 % of CPU usage

Ping throughput 10K:
6,000,000 ops
7,962,670,586 ns
753,516 ops/s
3.1 % of CPU usage
Tests run: 8, Failures: 0, Errors: 0, Skipped: 0, Time elapsed: 27.69 sec - in com.github.plokhotnyuk.actors.ScalazActorSpec

Results :

Tests run: 74, Failures: 0, Errors: 0, Skipped: 0

[INFO] ------------------------------------------------------------------------
[INFO] BUILD SUCCESS
[INFO] ------------------------------------------------------------------------
[INFO] Total time: 06:36 min
[INFO] Finished at: 2015-04-17T10:49:45+00:00
[INFO] Final Memory: 17M/1486M
[INFO] ------------------------------------------------------------------------
